2021-01-15 17:38:02,731 INFO [Train model] start
2021-01-15 17:44:39,272 INFO [Train model] start
2021-01-15 19:21:12,105 DEBUG   Epoch 1 - avg_train_loss: 3.8088  avg_val_loss: 3.0782 F1: 0.167494  Accuracy: 0.336588 Recall@3: 0.521288 time: 5791s
2021-01-15 19:21:12,106 DEBUG   Epoch 1 - Save Best Accuracy: 0.336588 Model
2021-01-15 19:21:12,338 DEBUG   Epoch 1 - Save Best Loss: 3.0782 Model
2021-01-15 21:26:18,510 DEBUG   Epoch 2 - avg_train_loss: 2.5695  avg_val_loss: 2.5458 F1: 0.261262  Accuracy: 0.428296 Recall@3: 0.619686 time: 7506s
2021-01-15 21:26:18,524 DEBUG   Epoch 2 - Save Best Accuracy: 0.428296 Model
2021-01-15 21:26:18,843 DEBUG   Epoch 2 - Save Best Loss: 2.5458 Model
2021-01-15 23:00:17,210 DEBUG   Epoch 3 - avg_train_loss: 2.1739  avg_val_loss: 2.4825 F1: 0.300155  Accuracy: 0.434548 Recall@3: 0.632865 time: 5638s
2021-01-15 23:00:17,223 DEBUG   Epoch 3 - Save Best Accuracy: 0.434548 Model
2021-01-15 23:00:17,507 DEBUG   Epoch 3 - Save Best Loss: 2.4825 Model
2021-01-16 01:03:53,076 DEBUG   Epoch 4 - avg_train_loss: 1.9292  avg_val_loss: 2.1118 F1: 0.371448  Accuracy: 0.504122 Recall@3: 0.701662 time: 7415s
2021-01-16 01:03:53,076 DEBUG   Epoch 4 - Save Best Accuracy: 0.504122 Model
2021-01-16 01:03:53,324 DEBUG   Epoch 4 - Save Best Loss: 2.1118 Model
2021-01-16 02:37:37,663 DEBUG   Epoch 5 - avg_train_loss: 1.7506  avg_val_loss: 2.0575 F1: 0.394670  Accuracy: 0.519970 Recall@3: 0.707745 time: 5624s
2021-01-16 02:37:37,671 DEBUG   Epoch 5 - Save Best Accuracy: 0.519970 Model
2021-01-16 02:37:38,128 DEBUG   Epoch 5 - Save Best Loss: 2.0575 Model
2021-01-16 04:12:48,633 DEBUG   Epoch 6 - avg_train_loss: 1.6170  avg_val_loss: 1.9423 F1: 0.414648  Accuracy: 0.539265 Recall@3: 0.730790 time: 5710s
2021-01-16 04:12:48,644 DEBUG   Epoch 6 - Save Best Accuracy: 0.539265 Model
2021-01-16 04:12:48,946 DEBUG   Epoch 6 - Save Best Loss: 1.9423 Model
2021-01-16 05:44:55,202 DEBUG   Epoch 7 - avg_train_loss: 1.4990  avg_val_loss: 1.8893 F1: 0.436540  Accuracy: 0.553761 Recall@3: 0.741603 time: 5526s
2021-01-16 05:44:55,202 DEBUG   Epoch 7 - Save Best Accuracy: 0.553761 Model
2021-01-16 05:44:55,531 DEBUG   Epoch 7 - Save Best Loss: 1.8893 Model
2021-01-16 07:18:30,201 DEBUG   Epoch 8 - avg_train_loss: 1.4016  avg_val_loss: 1.8234 F1: 0.448108  Accuracy: 0.566872 Recall@3: 0.752686 time: 5614s
2021-01-16 07:18:30,202 DEBUG   Epoch 8 - Save Best Accuracy: 0.566872 Model
2021-01-16 07:18:30,527 DEBUG   Epoch 8 - Save Best Loss: 1.8234 Model
2021-01-16 08:50:41,261 DEBUG   Epoch 9 - avg_train_loss: 1.3148  avg_val_loss: 1.8842 F1: 0.446521  Accuracy: 0.562006 Recall@3: 0.749206 time: 5530s
2021-01-16 10:23:01,600 DEBUG   Epoch 10 - avg_train_loss: 1.2416  avg_val_loss: 1.7753 F1: 0.466794  Accuracy: 0.577617 Recall@3: 0.767960 time: 5540s
2021-01-16 10:23:01,601 DEBUG   Epoch 10 - Save Best Accuracy: 0.577617 Model
2021-01-16 10:23:01,855 DEBUG   Epoch 10 - Save Best Loss: 1.7753 Model
2021-01-16 11:57:55,946 DEBUG   Epoch 11 - avg_train_loss: 1.1736  avg_val_loss: 1.7482 F1: 0.484430  Accuracy: 0.589984 Recall@3: 0.771542 time: 5694s
2021-01-16 11:57:55,947 DEBUG   Epoch 11 - Save Best Accuracy: 0.589984 Model
2021-01-16 11:57:56,189 DEBUG   Epoch 11 - Save Best Loss: 1.7482 Model
2021-01-16 14:01:28,520 DEBUG   Epoch 12 - avg_train_loss: 1.1034  avg_val_loss: 1.7413 F1: 0.482171  Accuracy: 0.589241 Recall@3: 0.772116 time: 7412s
2021-01-16 14:01:28,520 DEBUG   Epoch 12 - Save Best Loss: 1.7413 Model
2021-01-16 15:34:49,863 DEBUG   Epoch 13 - avg_train_loss: 1.0470  avg_val_loss: 1.7486 F1: 0.486351  Accuracy: 0.590728 Recall@3: 0.775596 time: 5601s
2021-01-16 15:34:49,863 DEBUG   Epoch 13 - Save Best Accuracy: 0.590728 Model
2021-01-16 17:09:38,507 DEBUG   Epoch 14 - avg_train_loss: 0.9902  avg_val_loss: 1.7007 F1: 0.495150  Accuracy: 0.604177 Recall@3: 0.783639 time: 5688s
2021-01-16 17:09:38,508 DEBUG   Epoch 14 - Save Best Accuracy: 0.604177 Model
2021-01-16 17:09:38,785 DEBUG   Epoch 14 - Save Best Loss: 1.7007 Model
2021-01-16 18:44:46,970 DEBUG   Epoch 15 - avg_train_loss: 0.9406  avg_val_loss: 1.7041 F1: 0.501625  Accuracy: 0.607556 Recall@3: 0.782794 time: 5708s
2021-01-16 18:44:46,970 DEBUG   Epoch 15 - Save Best Accuracy: 0.607556 Model
2021-01-16 20:16:43,070 DEBUG   Epoch 16 - avg_train_loss: 0.8949  avg_val_loss: 1.7229 F1: 0.503794  Accuracy: 0.609887 Recall@3: 0.785903 time: 5516s
2021-01-16 20:16:43,071 DEBUG   Epoch 16 - Save Best Accuracy: 0.609887 Model
2021-01-16 22:22:44,157 DEBUG   Epoch 17 - avg_train_loss: 0.8042  avg_val_loss: 1.6987 F1: 0.514916  Accuracy: 0.613435 Recall@3: 0.791613 time: 7561s
2021-01-16 22:22:44,158 DEBUG   Epoch 17 - Save Best Accuracy: 0.613435 Model
2021-01-16 22:22:44,527 DEBUG   Epoch 17 - Save Best Loss: 1.6987 Model
2021-01-16 23:55:17,062 DEBUG   Epoch 18 - avg_train_loss: 0.7568  avg_val_loss: 1.6750 F1: 0.518741  Accuracy: 0.622423 Recall@3: 0.795499 time: 5552s
2021-01-16 23:55:17,062 DEBUG   Epoch 18 - Save Best Accuracy: 0.622423 Model
2021-01-16 23:55:17,293 DEBUG   Epoch 18 - Save Best Loss: 1.6750 Model
2021-01-17 01:27:53,665 DEBUG   Epoch 19 - avg_train_loss: 0.7204  avg_val_loss: 1.6789 F1: 0.520152  Accuracy: 0.622221 Recall@3: 0.796614 time: 5556s
2021-01-17 03:00:45,221 DEBUG   Epoch 20 - avg_train_loss: 0.6858  avg_val_loss: 1.7193 F1: 0.517472  Accuracy: 0.617591 Recall@3: 0.792120 time: 5572s
2021-01-17 04:33:11,958 DEBUG   Epoch 21 - avg_train_loss: 0.6161  avg_val_loss: 1.6821 F1: 0.529364  Accuracy: 0.629046 Recall@3: 0.801176 time: 5547s
2021-01-17 04:33:11,959 DEBUG   Epoch 21 - Save Best Accuracy: 0.629046 Model
2021-01-17 06:04:42,244 DEBUG   Epoch 22 - avg_train_loss: 0.5812  avg_val_loss: 1.7070 F1: 0.526380  Accuracy: 0.624045 Recall@3: 0.799757 time: 5490s
2021-01-17 08:03:28,250 DEBUG   Epoch 23 - avg_train_loss: 0.5188  avg_val_loss: 1.6673 F1: 0.537057  Accuracy: 0.634656 Recall@3: 0.806346 time: 7126s
2021-01-17 08:03:28,251 DEBUG   Epoch 23 - Save Best Accuracy: 0.634656 Model
2021-01-17 08:03:28,498 DEBUG   Epoch 23 - Save Best Loss: 1.6673 Model
2021-01-17 09:36:32,865 DEBUG   Epoch 24 - avg_train_loss: 0.4898  avg_val_loss: 1.6762 F1: 0.538992  Accuracy: 0.636278 Recall@3: 0.808542 time: 5584s
2021-01-17 09:36:32,866 DEBUG   Epoch 24 - Save Best Accuracy: 0.636278 Model
2021-01-17 11:30:33,555 DEBUG   Epoch 25 - avg_train_loss: 0.4678  avg_val_loss: 1.7000 F1: 0.538747  Accuracy: 0.635298 Recall@3: 0.806549 time: 6840s
2021-01-17 13:05:49,574 DEBUG   Epoch 26 - avg_train_loss: 0.4181  avg_val_loss: 1.7058 F1: 0.543986  Accuracy: 0.639690 Recall@3: 0.808069 time: 5716s
2021-01-17 13:05:49,574 DEBUG   Epoch 26 - Save Best Accuracy: 0.639690 Model
2021-01-17 14:39:29,182 DEBUG   Epoch 27 - avg_train_loss: 0.3923  avg_val_loss: 1.6970 F1: 0.546622  Accuracy: 0.642123 Recall@3: 0.811043 time: 5619s
2021-01-17 14:39:29,183 DEBUG   Epoch 27 - Save Best Accuracy: 0.642123 Model
2021-01-17 16:20:01,556 DEBUG   Epoch 28 - avg_train_loss: 0.3515  avg_val_loss: 1.6906 F1: 0.550387  Accuracy: 0.647158 Recall@3: 0.813442 time: 6032s
2021-01-17 16:20:01,557 DEBUG   Epoch 28 - Save Best Accuracy: 0.647158 Model
2021-01-17 18:08:25,042 DEBUG   Epoch 29 - avg_train_loss: 0.3292  avg_val_loss: 1.7244 F1: 0.548211  Accuracy: 0.645908 Recall@3: 0.813645 time: 6503s
2021-01-17 19:42:23,361 DEBUG   Epoch 30 - avg_train_loss: 0.2940  avg_val_loss: 1.7181 F1: 0.553811  Accuracy: 0.649828 Recall@3: 0.815706 time: 5638s
2021-01-17 19:42:23,361 DEBUG   Epoch 30 - Save Best Accuracy: 0.649828 Model
2021-01-17 21:34:40,162 DEBUG   Epoch 31 - avg_train_loss: 0.2784  avg_val_loss: 1.7302 F1: 0.556450  Accuracy: 0.650132 Recall@3: 0.814219 time: 6737s
2021-01-17 21:34:40,163 DEBUG   Epoch 31 - Save Best Accuracy: 0.650132 Model
2021-01-17 23:09:24,842 DEBUG   Epoch 32 - avg_train_loss: 0.2508  avg_val_loss: 1.7314 F1: 0.559157  Accuracy: 0.653443 Recall@3: 0.819795 time: 5684s
2021-01-17 23:09:24,843 DEBUG   Epoch 32 - Save Best Accuracy: 0.653443 Model
2021-01-18 01:07:26,900 DEBUG   Epoch 33 - avg_train_loss: 0.2364  avg_val_loss: 1.7382 F1: 0.558812  Accuracy: 0.654896 Recall@3: 0.817700 time: 7082s
2021-01-18 01:07:26,901 DEBUG   Epoch 33 - Save Best Accuracy: 0.654896 Model
2021-01-18 02:41:37,307 DEBUG   Epoch 34 - avg_train_loss: 0.2150  avg_val_loss: 1.7332 F1: 0.561017  Accuracy: 0.655065 Recall@3: 0.819220 time: 5650s
2021-01-18 02:41:37,308 DEBUG   Epoch 34 - Save Best Accuracy: 0.655065 Model
2021-01-18 04:14:50,480 DEBUG   Epoch 35 - avg_train_loss: 0.2014  avg_val_loss: 1.7613 F1: 0.562562  Accuracy: 0.655910 Recall@3: 0.818240 time: 5593s
2021-01-18 04:14:50,481 DEBUG   Epoch 35 - Save Best Accuracy: 0.655910 Model
2021-01-18 05:47:41,089 DEBUG   Epoch 36 - avg_train_loss: 0.1861  avg_val_loss: 1.7550 F1: 0.564918  Accuracy: 0.657836 Recall@3: 0.819896 time: 5570s
2021-01-18 05:47:41,090 DEBUG   Epoch 36 - Save Best Accuracy: 0.657836 Model
2021-01-18 07:22:00,670 DEBUG   Epoch 37 - avg_train_loss: 0.1774  avg_val_loss: 1.7725 F1: 0.562877  Accuracy: 0.655978 Recall@3: 0.819220 time: 5659s
2021-01-18 08:56:06,837 DEBUG   Epoch 38 - avg_train_loss: 0.1613  avg_val_loss: 1.7579 F1: 0.567171  Accuracy: 0.659323 Recall@3: 0.820842 time: 5646s
2021-01-18 08:56:06,837 DEBUG   Epoch 38 - Save Best Accuracy: 0.659323 Model
2021-01-18 10:29:07,514 DEBUG   Epoch 39 - avg_train_loss: 0.1539  avg_val_loss: 1.7864 F1: 0.564256  Accuracy: 0.657329 Recall@3: 0.820437 time: 5580s
2021-01-18 12:02:48,986 DEBUG   Epoch 40 - avg_train_loss: 0.1415  avg_val_loss: 1.7613 F1: 0.571479  Accuracy: 0.663749 Recall@3: 0.820673 time: 5621s
2021-01-18 12:02:48,988 DEBUG   Epoch 40 - Save Best Accuracy: 0.663749 Model
2021-01-18 13:38:10,385 DEBUG   Epoch 41 - avg_train_loss: 0.1360  avg_val_loss: 1.7792 F1: 0.570297  Accuracy: 0.663682 Recall@3: 0.820741 time: 5721s
2021-01-18 15:30:41,543 DEBUG   Epoch 42 - avg_train_loss: 0.1278  avg_val_loss: 1.7866 F1: 0.573572  Accuracy: 0.662938 Recall@3: 0.822768 time: 6751s
2021-01-18 17:07:09,421 DEBUG   Epoch 43 - avg_train_loss: 0.1226  avg_val_loss: 1.7726 F1: 0.572145  Accuracy: 0.665033 Recall@3: 0.823140 time: 5788s
2021-01-18 17:07:09,422 DEBUG   Epoch 43 - Save Best Accuracy: 0.665033 Model
2021-01-18 18:42:55,162 DEBUG   Epoch 44 - avg_train_loss: 0.1144  avg_val_loss: 1.7882 F1: 0.573412  Accuracy: 0.666216 Recall@3: 0.822532 time: 5745s
2021-01-18 18:42:55,163 DEBUG   Epoch 44 - Save Best Accuracy: 0.666216 Model
2021-01-18 20:16:08,128 DEBUG   Epoch 45 - avg_train_loss: 0.1107  avg_val_loss: 1.7928 F1: 0.571275  Accuracy: 0.665439 Recall@3: 0.824931 time: 5593s
2021-01-18 21:59:10,204 DEBUG   Epoch 46 - avg_train_loss: 0.1046  avg_val_loss: 1.8064 F1: 0.574889  Accuracy: 0.666892 Recall@3: 0.823647 time: 6182s
2021-01-18 21:59:10,204 DEBUG   Epoch 46 - Save Best Accuracy: 0.666892 Model
2021-01-18 23:31:21,132 DEBUG   Epoch 47 - avg_train_loss: 0.1023  avg_val_loss: 1.7885 F1: 0.570273  Accuracy: 0.665202 Recall@3: 0.823917 time: 5531s
2021-01-19 01:31:42,558 DEBUG   Epoch 48 - avg_train_loss: 0.0960  avg_val_loss: 1.7976 F1: 0.577316  Accuracy: 0.668581 Recall@3: 0.825742 time: 7221s
2021-01-19 01:31:42,559 DEBUG   Epoch 48 - Save Best Accuracy: 0.668581 Model
2021-01-19 03:03:20,843 DEBUG   Epoch 49 - avg_train_loss: 0.0935  avg_val_loss: 1.7977 F1: 0.574108  Accuracy: 0.666520 Recall@3: 0.825235 time: 5498s
2021-01-19 04:58:27,558 DEBUG   Epoch 50 - avg_train_loss: 0.0911  avg_val_loss: 1.8061 F1: 0.575329  Accuracy: 0.666520 Recall@3: 0.824018 time: 6907s
2021-01-19 06:30:56,306 DEBUG   Epoch 51 - avg_train_loss: 0.0889  avg_val_loss: 1.8029 F1: 0.570734  Accuracy: 0.666791 Recall@3: 0.824390 time: 5549s
2021-01-19 08:03:16,824 DEBUG   Epoch 52 - avg_train_loss: 0.0850  avg_val_loss: 1.7911 F1: 0.576561  Accuracy: 0.668548 Recall@3: 0.825471 time: 5541s
2021-01-19 09:35:55,985 DEBUG   Epoch 53 - avg_train_loss: 0.0835  avg_val_loss: 1.8182 F1: 0.575519  Accuracy: 0.668446 Recall@3: 0.824086 time: 5559s
2021-01-19 11:14:03,609 DEBUG   Epoch 54 - avg_train_loss: 0.0798  avg_val_loss: 1.8097 F1: 0.576036  Accuracy: 0.667939 Recall@3: 0.825438 time: 5888s
2021-01-19 12:50:29,756 DEBUG   Epoch 55 - avg_train_loss: 0.0775  avg_val_loss: 1.8150 F1: 0.572969  Accuracy: 0.666791 Recall@3: 0.825843 time: 5786s
2021-01-19 14:26:11,578 DEBUG   Epoch 56 - avg_train_loss: 0.0765  avg_val_loss: 1.8237 F1: 0.574773  Accuracy: 0.666689 Recall@3: 0.825100 time: 5742s
2021-01-19 15:59:39,411 DEBUG   Epoch 57 - avg_train_loss: 0.0743  avg_val_loss: 1.8201 F1: 0.576267  Accuracy: 0.670001 Recall@3: 0.825742 time: 5608s
2021-01-19 15:59:39,412 DEBUG   Epoch 57 - Save Best Accuracy: 0.670001 Model
2021-01-19 17:32:47,809 DEBUG   Epoch 58 - avg_train_loss: 0.0729  avg_val_loss: 1.8179 F1: 0.577437  Accuracy: 0.668210 Recall@3: 0.826722 time: 5588s
2021-01-19 19:05:03,904 DEBUG   Epoch 59 - avg_train_loss: 0.0719  avg_val_loss: 1.8286 F1: 0.575179  Accuracy: 0.667906 Recall@3: 0.825167 time: 5536s
2021-01-19 20:38:36,323 DEBUG   Epoch 60 - avg_train_loss: 0.0698  avg_val_loss: 1.8249 F1: 0.574077  Accuracy: 0.668581 Recall@3: 0.826519 time: 5612s
2021-01-19 22:19:12,154 DEBUG   Epoch 61 - avg_train_loss: 0.0696  avg_val_loss: 1.8239 F1: 0.577389  Accuracy: 0.669494 Recall@3: 0.826384 time: 6036s
2021-01-20 00:08:58,005 DEBUG   Epoch 62 - avg_train_loss: 0.0678  avg_val_loss: 1.8250 F1: 0.576639  Accuracy: 0.669663 Recall@3: 0.825133 time: 6586s
2021-01-20 01:59:53,303 DEBUG   Epoch 63 - avg_train_loss: 0.0663  avg_val_loss: 1.8284 F1: 0.577244  Accuracy: 0.669494 Recall@3: 0.827296 time: 6655s
2021-01-20 03:51:27,339 DEBUG   Epoch 64 - avg_train_loss: 0.0655  avg_val_loss: 1.8282 F1: 0.574229  Accuracy: 0.669899 Recall@3: 0.827195 time: 6694s
2021-01-20 05:35:31,275 DEBUG   Epoch 65 - avg_train_loss: 0.0656  avg_val_loss: 1.8282 F1: 0.578029  Accuracy: 0.669528 Recall@3: 0.825708 time: 6244s
2021-01-20 07:17:39,956 DEBUG   Epoch 66 - avg_train_loss: 0.0634  avg_val_loss: 1.8285 F1: 0.577305  Accuracy: 0.670339 Recall@3: 0.826113 time: 6129s
2021-01-20 07:17:39,960 DEBUG   Epoch 66 - Save Best Accuracy: 0.670339 Model
2021-01-20 09:15:56,034 DEBUG   Epoch 67 - avg_train_loss: 0.0624  avg_val_loss: 1.8320 F1: 0.577566  Accuracy: 0.670339 Recall@3: 0.826249 time: 7096s
2021-01-20 11:00:52,733 DEBUG   Epoch 68 - avg_train_loss: 0.0613  avg_val_loss: 1.8262 F1: 0.578379  Accuracy: 0.670271 Recall@3: 0.827397 time: 6297s
2021-01-20 12:48:46,654 DEBUG   Epoch 69 - avg_train_loss: 0.0617  avg_val_loss: 1.8377 F1: 0.576960  Accuracy: 0.669325 Recall@3: 0.826384 time: 6474s
2021-01-20 14:27:41,279 DEBUG   Epoch 70 - avg_train_loss: 0.0607  avg_val_loss: 1.8329 F1: 0.577293  Accuracy: 0.669595 Recall@3: 0.825708 time: 5935s
2021-01-20 16:02:39,136 DEBUG   Epoch 71 - avg_train_loss: 0.0596  avg_val_loss: 1.8442 F1: 0.579310  Accuracy: 0.670879 Recall@3: 0.826080 time: 5698s
2021-01-20 16:02:39,137 DEBUG   Epoch 71 - Save Best Accuracy: 0.670879 Model
2021-01-20 17:40:44,186 DEBUG   Epoch 72 - avg_train_loss: 0.0590  avg_val_loss: 1.8347 F1: 0.577855  Accuracy: 0.670170 Recall@3: 0.827533 time: 5885s
2021-01-20 19:06:16,240 DEBUG   Epoch 73 - avg_train_loss: 0.0588  avg_val_loss: 1.8342 F1: 0.575813  Accuracy: 0.669697 Recall@3: 0.826823 time: 5132s
2021-01-20 20:34:18,507 DEBUG   Epoch 74 - avg_train_loss: 0.0586  avg_val_loss: 1.8427 F1: 0.578307  Accuracy: 0.669291 Recall@3: 0.826688 time: 5282s
2021-01-20 22:00:29,272 DEBUG   Epoch 75 - avg_train_loss: 0.0576  avg_val_loss: 1.8391 F1: 0.577995  Accuracy: 0.670947 Recall@3: 0.825336 time: 5171s
2021-01-20 22:00:29,273 DEBUG   Epoch 75 - Save Best Accuracy: 0.670947 Model
2021-01-20 23:26:00,500 DEBUG   Epoch 76 - avg_train_loss: 0.0563  avg_val_loss: 1.8318 F1: 0.577526  Accuracy: 0.670068 Recall@3: 0.826451 time: 5131s
2021-01-21 01:19:21,453 DEBUG   Epoch 77 - avg_train_loss: 0.0561  avg_val_loss: 1.8357 F1: 0.578930  Accuracy: 0.670879 Recall@3: 0.827431 time: 6801s
2021-01-21 02:49:33,221 DEBUG   Epoch 78 - avg_train_loss: 0.0572  avg_val_loss: 1.8324 F1: 0.580617  Accuracy: 0.671251 Recall@3: 0.827499 time: 5412s
2021-01-21 02:49:33,221 DEBUG   Epoch 78 - Save Best Accuracy: 0.671251 Model
2021-01-21 04:14:34,233 DEBUG   Epoch 79 - avg_train_loss: 0.0561  avg_val_loss: 1.8382 F1: 0.577754  Accuracy: 0.669697 Recall@3: 0.825843 time: 5101s
2021-01-21 05:41:06,703 DEBUG   Epoch 80 - avg_train_loss: 0.0558  avg_val_loss: 1.8402 F1: 0.577807  Accuracy: 0.670609 Recall@3: 0.826958 time: 5192s
2021-01-21 07:27:43,023 DEBUG   Epoch 81 - avg_train_loss: 0.0557  avg_val_loss: 1.8381 F1: 0.578169  Accuracy: 0.671319 Recall@3: 0.826316 time: 6396s
2021-01-21 07:27:43,024 DEBUG   Epoch 81 - Save Best Accuracy: 0.671319 Model
2021-01-21 08:53:45,047 DEBUG   Epoch 82 - avg_train_loss: 0.0543  avg_val_loss: 1.8369 F1: 0.580102  Accuracy: 0.672129 Recall@3: 0.827093 time: 5162s
2021-01-21 08:53:45,048 DEBUG   Epoch 82 - Save Best Accuracy: 0.672129 Model
2021-01-21 10:21:22,960 DEBUG   Epoch 83 - avg_train_loss: 0.0547  avg_val_loss: 1.8415 F1: 0.579048  Accuracy: 0.671487 Recall@3: 0.828107 time: 5258s
2021-01-21 11:54:25,633 DEBUG   Epoch 84 - avg_train_loss: 0.0534  avg_val_loss: 1.8424 F1: 0.579117  Accuracy: 0.671116 Recall@3: 0.826586 time: 5583s
2021-01-21 13:20:15,992 DEBUG   Epoch 85 - avg_train_loss: 0.0547  avg_val_loss: 1.8388 F1: 0.578934  Accuracy: 0.671251 Recall@3: 0.827769 time: 5150s
2021-01-21 14:46:03,453 DEBUG   Epoch 86 - avg_train_loss: 0.0541  avg_val_loss: 1.8503 F1: 0.575880  Accuracy: 0.669392 Recall@3: 0.826722 time: 5147s
2021-01-21 16:29:47,796 DEBUG   Epoch 87 - avg_train_loss: 0.0534  avg_val_loss: 1.8380 F1: 0.579638  Accuracy: 0.670710 Recall@3: 0.826485 time: 6224s
2021-01-21 18:03:08,505 DEBUG   Epoch 88 - avg_train_loss: 0.0529  avg_val_loss: 1.8493 F1: 0.580683  Accuracy: 0.670643 Recall@3: 0.827364 time: 5601s
2021-01-21 19:29:08,744 DEBUG   Epoch 89 - avg_train_loss: 0.0533  avg_val_loss: 1.8383 F1: 0.579298  Accuracy: 0.670372 Recall@3: 0.827668 time: 5160s
2021-01-21 20:57:38,232 DEBUG   Epoch 90 - avg_train_loss: 0.0527  avg_val_loss: 1.8434 F1: 0.579859  Accuracy: 0.670508 Recall@3: 0.827904 time: 5309s
2021-01-21 22:39:18,481 DEBUG   Epoch 91 - avg_train_loss: 0.0525  avg_val_loss: 1.8492 F1: 0.579121  Accuracy: 0.670609 Recall@3: 0.827735 time: 6100s
2021-01-22 00:18:01,797 DEBUG   Epoch 92 - avg_train_loss: 0.0532  avg_val_loss: 1.8358 F1: 0.579451  Accuracy: 0.671623 Recall@3: 0.827972 time: 5923s
2021-01-22 01:48:46,615 DEBUG   Epoch 93 - avg_train_loss: 0.0522  avg_val_loss: 1.8350 F1: 0.577350  Accuracy: 0.670440 Recall@3: 0.827837 time: 5445s
2021-01-22 03:25:57,396 DEBUG   Epoch 94 - avg_train_loss: 0.0520  avg_val_loss: 1.8400 F1: 0.578709  Accuracy: 0.671893 Recall@3: 0.828141 time: 5831s
2021-01-22 04:59:07,194 DEBUG   Epoch 95 - avg_train_loss: 0.0520  avg_val_loss: 1.8429 F1: 0.578074  Accuracy: 0.670372 Recall@3: 0.827161 time: 5590s
2021-01-22 06:50:12,048 DEBUG   Epoch 96 - avg_train_loss: 0.0517  avg_val_loss: 1.8469 F1: 0.576193  Accuracy: 0.669325 Recall@3: 0.826958 time: 6665s
2021-01-22 08:18:24,385 DEBUG   Epoch 97 - avg_train_loss: 0.0521  avg_val_loss: 1.8426 F1: 0.578495  Accuracy: 0.670372 Recall@3: 0.827533 time: 5292s
2021-01-22 10:11:46,322 DEBUG   Epoch 98 - avg_train_loss: 0.0521  avg_val_loss: 1.8529 F1: 0.577678  Accuracy: 0.670271 Recall@3: 0.826688 time: 6802s
2021-01-22 12:05:15,928 DEBUG   Epoch 99 - avg_train_loss: 0.0519  avg_val_loss: 1.8424 F1: 0.579448  Accuracy: 0.671758 Recall@3: 0.828377 time: 6810s
2021-01-22 13:48:33,783 DEBUG   Epoch 100 - avg_train_loss: 0.0518  avg_val_loss: 1.8383 F1: 0.578711  Accuracy: 0.672096 Recall@3: 0.827803 time: 6198s
2021-01-22 13:48:33,784 INFO [Train model] done in 590635 s.
