2021-01-15 17:44:47,307 INFO [Train model] start
2021-01-15 19:21:26,335 DEBUG   Epoch 1 - avg_train_loss: 3.5248  avg_val_loss: 2.9331 F1: 0.190277  Accuracy: 0.359769 Recall@3: 0.551463 time: 5797s
2021-01-15 19:21:26,336 DEBUG   Epoch 1 - Save Best Accuracy: 0.359769 Model
2021-01-15 19:21:26,835 DEBUG   Epoch 1 - Save Best Loss: 2.9331 Model
2021-01-15 21:26:19,383 DEBUG   Epoch 2 - avg_train_loss: 2.2858  avg_val_loss: 2.1596 F1: 0.327259  Accuracy: 0.490741 Recall@3: 0.689295 time: 7492s
2021-01-15 21:26:19,384 DEBUG   Epoch 2 - Save Best Accuracy: 0.490741 Model
2021-01-15 21:26:19,954 DEBUG   Epoch 2 - Save Best Loss: 2.1596 Model
2021-01-15 23:00:18,945 DEBUG   Epoch 3 - avg_train_loss: 1.8880  avg_val_loss: 2.1495 F1: 0.361593  Accuracy: 0.501081 Recall@3: 0.692370 time: 5638s
2021-01-15 23:00:18,946 DEBUG   Epoch 3 - Save Best Accuracy: 0.501081 Model
2021-01-15 23:00:19,462 DEBUG   Epoch 3 - Save Best Loss: 2.1495 Model
2021-01-16 01:03:43,404 DEBUG   Epoch 4 - avg_train_loss: 1.6443  avg_val_loss: 1.8391 F1: 0.425151  Accuracy: 0.557579 Recall@3: 0.747381 time: 7403s
2021-01-16 01:03:43,415 DEBUG   Epoch 4 - Save Best Accuracy: 0.557579 Model
2021-01-16 01:03:43,981 DEBUG   Epoch 4 - Save Best Loss: 1.8391 Model
2021-01-16 02:37:36,788 DEBUG   Epoch 5 - avg_train_loss: 1.4697  avg_val_loss: 1.6858 F1: 0.463219  Accuracy: 0.594715 Recall@3: 0.774752 time: 5632s
2021-01-16 02:37:36,805 DEBUG   Epoch 5 - Save Best Accuracy: 0.594715 Model
2021-01-16 02:37:37,384 DEBUG   Epoch 5 - Save Best Loss: 1.6858 Model
2021-01-16 04:12:58,473 DEBUG   Epoch 6 - avg_train_loss: 1.3280  avg_val_loss: 1.6109 F1: 0.480598  Accuracy: 0.601676 Recall@3: 0.786139 time: 5721s
2021-01-16 04:12:58,473 DEBUG   Epoch 6 - Save Best Accuracy: 0.601676 Model
2021-01-16 04:12:59,013 DEBUG   Epoch 6 - Save Best Loss: 1.6109 Model
2021-01-16 05:45:36,073 DEBUG   Epoch 7 - avg_train_loss: 1.2129  avg_val_loss: 1.5652 F1: 0.502782  Accuracy: 0.614550 Recall@3: 0.798169 time: 5556s
2021-01-16 05:45:36,073 DEBUG   Epoch 7 - Save Best Accuracy: 0.614550 Model
2021-01-16 05:45:36,617 DEBUG   Epoch 7 - Save Best Loss: 1.5652 Model
2021-01-16 07:19:48,075 DEBUG   Epoch 8 - avg_train_loss: 1.1175  avg_val_loss: 1.5462 F1: 0.507464  Accuracy: 0.619754 Recall@3: 0.800872 time: 5651s
2021-01-16 07:19:48,090 DEBUG   Epoch 8 - Save Best Accuracy: 0.619754 Model
2021-01-16 07:19:48,697 DEBUG   Epoch 8 - Save Best Loss: 1.5462 Model
2021-01-16 08:52:18,838 DEBUG   Epoch 9 - avg_train_loss: 1.0311  avg_val_loss: 1.5140 F1: 0.520929  Accuracy: 0.632223 Recall@3: 0.807055 time: 5550s
2021-01-16 08:52:18,838 DEBUG   Epoch 9 - Save Best Accuracy: 0.632223 Model
2021-01-16 08:52:19,381 DEBUG   Epoch 9 - Save Best Loss: 1.5140 Model
2021-01-16 10:25:28,391 DEBUG   Epoch 10 - avg_train_loss: 0.9506  avg_val_loss: 1.4465 F1: 0.535884  Accuracy: 0.646449 Recall@3: 0.819727 time: 5588s
2021-01-16 10:25:28,391 DEBUG   Epoch 10 - Save Best Accuracy: 0.646449 Model
2021-01-16 10:25:29,211 DEBUG   Epoch 10 - Save Best Loss: 1.4465 Model
2021-01-16 12:00:43,772 DEBUG   Epoch 11 - avg_train_loss: 0.8800  avg_val_loss: 1.4598 F1: 0.540751  Accuracy: 0.649828 Recall@3: 0.821281 time: 5714s
2021-01-16 12:00:43,772 DEBUG   Epoch 11 - Save Best Accuracy: 0.649828 Model
2021-01-16 14:03:54,502 DEBUG   Epoch 12 - avg_train_loss: 0.8145  avg_val_loss: 1.4274 F1: 0.552637  Accuracy: 0.658748 Recall@3: 0.827127 time: 7390s
2021-01-16 14:03:54,502 DEBUG   Epoch 12 - Save Best Accuracy: 0.658748 Model
2021-01-16 14:03:55,099 DEBUG   Epoch 12 - Save Best Loss: 1.4274 Model
2021-01-16 15:37:54,581 DEBUG   Epoch 13 - avg_train_loss: 0.7573  avg_val_loss: 1.4328 F1: 0.556715  Accuracy: 0.655978 Recall@3: 0.825640 time: 5639s
2021-01-16 17:13:20,203 DEBUG   Epoch 14 - avg_train_loss: 0.7035  avg_val_loss: 1.4132 F1: 0.563411  Accuracy: 0.662296 Recall@3: 0.830844 time: 5726s
2021-01-16 17:13:20,204 DEBUG   Epoch 14 - Save Best Accuracy: 0.662296 Model
2021-01-16 17:13:20,779 DEBUG   Epoch 14 - Save Best Loss: 1.4132 Model
2021-01-16 18:48:34,484 DEBUG   Epoch 15 - avg_train_loss: 0.6519  avg_val_loss: 1.4602 F1: 0.557836  Accuracy: 0.658613 Recall@3: 0.827668 time: 5713s
2021-01-16 20:21:56,121 DEBUG   Epoch 16 - avg_train_loss: 0.6055  avg_val_loss: 1.4432 F1: 0.568872  Accuracy: 0.667906 Recall@3: 0.832162 time: 5602s
2021-01-16 20:21:56,121 DEBUG   Epoch 16 - Save Best Accuracy: 0.667906 Model
2021-01-16 22:26:27,035 DEBUG   Epoch 17 - avg_train_loss: 0.5149  avg_val_loss: 1.3875 F1: 0.580301  Accuracy: 0.676691 Recall@3: 0.843651 time: 7470s
2021-01-16 22:26:27,036 DEBUG   Epoch 17 - Save Best Accuracy: 0.676691 Model
2021-01-16 22:26:27,540 DEBUG   Epoch 17 - Save Best Loss: 1.3875 Model
2021-01-16 23:59:36,992 DEBUG   Epoch 18 - avg_train_loss: 0.4672  avg_val_loss: 1.4247 F1: 0.580143  Accuracy: 0.678178 Recall@3: 0.840170 time: 5589s
2021-01-16 23:59:36,993 DEBUG   Epoch 18 - Save Best Accuracy: 0.678178 Model
2021-01-17 01:32:54,979 DEBUG   Epoch 19 - avg_train_loss: 0.4349  avg_val_loss: 1.4565 F1: 0.569632  Accuracy: 0.670676 Recall@3: 0.838244 time: 5598s
2021-01-17 03:05:46,315 DEBUG   Epoch 20 - avg_train_loss: 0.3621  avg_val_loss: 1.4015 F1: 0.596533  Accuracy: 0.689565 Recall@3: 0.848584 time: 5571s
2021-01-17 03:05:46,316 DEBUG   Epoch 20 - Save Best Accuracy: 0.689565 Model
2021-01-17 04:38:47,362 DEBUG   Epoch 21 - avg_train_loss: 0.3278  avg_val_loss: 1.4590 F1: 0.589362  Accuracy: 0.683416 Recall@3: 0.840981 time: 5581s
2021-01-17 06:10:38,248 DEBUG   Epoch 22 - avg_train_loss: 0.2709  avg_val_loss: 1.3893 F1: 0.600839  Accuracy: 0.695783 Recall@3: 0.853146 time: 5511s
2021-01-17 06:10:38,249 DEBUG   Epoch 22 - Save Best Accuracy: 0.695783 Model
2021-01-17 08:09:23,108 DEBUG   Epoch 23 - avg_train_loss: 0.2436  avg_val_loss: 1.4284 F1: 0.604358  Accuracy: 0.696797 Recall@3: 0.852470 time: 7124s
2021-01-17 08:09:23,108 DEBUG   Epoch 23 - Save Best Accuracy: 0.696797 Model
2021-01-17 09:43:07,687 DEBUG   Epoch 24 - avg_train_loss: 0.2020  avg_val_loss: 1.4234 F1: 0.610082  Accuracy: 0.698824 Recall@3: 0.853078 time: 5624s
2021-01-17 09:43:07,687 DEBUG   Epoch 24 - Save Best Accuracy: 0.698824 Model
2021-01-17 11:38:03,116 DEBUG   Epoch 25 - avg_train_loss: 0.1801  avg_val_loss: 1.4228 F1: 0.609966  Accuracy: 0.702879 Recall@3: 0.855004 time: 6895s
2021-01-17 11:38:03,117 DEBUG   Epoch 25 - Save Best Accuracy: 0.702879 Model
2021-01-17 13:12:14,431 DEBUG   Epoch 26 - avg_train_loss: 0.1478  avg_val_loss: 1.4158 F1: 0.618805  Accuracy: 0.709874 Recall@3: 0.859228 time: 5651s
2021-01-17 13:12:14,431 DEBUG   Epoch 26 - Save Best Accuracy: 0.709874 Model
2021-01-17 14:47:09,984 DEBUG   Epoch 27 - avg_train_loss: 0.1325  avg_val_loss: 1.4391 F1: 0.617648  Accuracy: 0.709874 Recall@3: 0.858215 time: 5695s
2021-01-17 16:26:59,213 DEBUG   Epoch 28 - avg_train_loss: 0.1118  avg_val_loss: 1.4548 F1: 0.614913  Accuracy: 0.709096 Recall@3: 0.858654 time: 5989s
2021-01-17 18:15:34,417 DEBUG   Epoch 29 - avg_train_loss: 0.1006  avg_val_loss: 1.4595 F1: 0.619327  Accuracy: 0.710651 Recall@3: 0.860174 time: 6515s
2021-01-17 18:15:34,417 DEBUG   Epoch 29 - Save Best Accuracy: 0.710651 Model
2021-01-17 19:48:57,679 DEBUG   Epoch 30 - avg_train_loss: 0.0855  avg_val_loss: 1.4535 F1: 0.623873  Accuracy: 0.713422 Recall@3: 0.862303 time: 5603s
2021-01-17 19:48:57,679 DEBUG   Epoch 30 - Save Best Accuracy: 0.713422 Model
2021-01-17 21:41:38,874 DEBUG   Epoch 31 - avg_train_loss: 0.0772  avg_val_loss: 1.4557 F1: 0.628369  Accuracy: 0.719436 Recall@3: 0.862100 time: 6760s
2021-01-17 21:41:38,875 DEBUG   Epoch 31 - Save Best Accuracy: 0.719436 Model
2021-01-17 23:17:41,058 DEBUG   Epoch 32 - avg_train_loss: 0.0674  avg_val_loss: 1.4567 F1: 0.627731  Accuracy: 0.717983 Recall@3: 0.863891 time: 5761s
2021-01-18 01:15:48,016 DEBUG   Epoch 33 - avg_train_loss: 0.0613  avg_val_loss: 1.4658 F1: 0.628758  Accuracy: 0.718625 Recall@3: 0.864601 time: 7087s
2021-01-18 02:50:26,385 DEBUG   Epoch 34 - avg_train_loss: 0.0548  avg_val_loss: 1.4571 F1: 0.631951  Accuracy: 0.721126 Recall@3: 0.866324 time: 5678s
2021-01-18 02:50:26,385 DEBUG   Epoch 34 - Save Best Accuracy: 0.721126 Model
2021-01-18 04:24:34,374 DEBUG   Epoch 35 - avg_train_loss: 0.0516  avg_val_loss: 1.4654 F1: 0.629203  Accuracy: 0.719200 Recall@3: 0.864871 time: 5647s
2021-01-18 05:57:47,308 DEBUG   Epoch 36 - avg_train_loss: 0.0458  avg_val_loss: 1.4833 F1: 0.629668  Accuracy: 0.720045 Recall@3: 0.865378 time: 5593s
2021-01-18 07:34:07,299 DEBUG   Epoch 37 - avg_train_loss: 0.0430  avg_val_loss: 1.4651 F1: 0.633708  Accuracy: 0.722376 Recall@3: 0.866865 time: 5780s
2021-01-18 07:34:07,300 DEBUG   Epoch 37 - Save Best Accuracy: 0.722376 Model
2021-01-18 09:06:33,029 DEBUG   Epoch 38 - avg_train_loss: 0.0394  avg_val_loss: 1.4755 F1: 0.636138  Accuracy: 0.721700 Recall@3: 0.867372 time: 5545s
2021-01-18 10:39:58,471 DEBUG   Epoch 39 - avg_train_loss: 0.0376  avg_val_loss: 1.4747 F1: 0.634406  Accuracy: 0.722883 Recall@3: 0.866899 time: 5605s
2021-01-18 10:39:58,471 DEBUG   Epoch 39 - Save Best Accuracy: 0.722883 Model
2021-01-18 12:15:24,166 DEBUG   Epoch 40 - avg_train_loss: 0.0346  avg_val_loss: 1.4828 F1: 0.635234  Accuracy: 0.722782 Recall@3: 0.867304 time: 5725s
2021-01-18 13:50:06,081 DEBUG   Epoch 41 - avg_train_loss: 0.0334  avg_val_loss: 1.4859 F1: 0.633563  Accuracy: 0.723424 Recall@3: 0.867270 time: 5682s
2021-01-18 13:50:06,082 DEBUG   Epoch 41 - Save Best Accuracy: 0.723424 Model
2021-01-18 15:43:16,439 DEBUG   Epoch 42 - avg_train_loss: 0.0315  avg_val_loss: 1.4739 F1: 0.636585  Accuracy: 0.725552 Recall@3: 0.868217 time: 6790s
2021-01-18 15:43:16,440 DEBUG   Epoch 42 - Save Best Accuracy: 0.725552 Model
2021-01-18 17:20:32,349 DEBUG   Epoch 43 - avg_train_loss: 0.0297  avg_val_loss: 1.4838 F1: 0.637835  Accuracy: 0.724437 Recall@3: 0.868250 time: 5835s
2021-01-18 18:56:51,076 DEBUG   Epoch 44 - avg_train_loss: 0.0286  avg_val_loss: 1.4844 F1: 0.636668  Accuracy: 0.724606 Recall@3: 0.868859 time: 5779s
2021-01-18 20:29:57,634 DEBUG   Epoch 45 - avg_train_loss: 0.0273  avg_val_loss: 1.4933 F1: 0.634072  Accuracy: 0.724066 Recall@3: 0.868318 time: 5587s
2021-01-18 22:14:56,427 DEBUG   Epoch 46 - avg_train_loss: 0.0265  avg_val_loss: 1.4815 F1: 0.639853  Accuracy: 0.727343 Recall@3: 0.869737 time: 6299s
2021-01-18 22:14:56,428 DEBUG   Epoch 46 - Save Best Accuracy: 0.727343 Model
2021-01-18 23:48:09,683 DEBUG   Epoch 47 - avg_train_loss: 0.0252  avg_val_loss: 1.4875 F1: 0.640184  Accuracy: 0.726093 Recall@3: 0.869771 time: 5593s
2021-01-19 01:49:08,528 DEBUG   Epoch 48 - avg_train_loss: 0.0238  avg_val_loss: 1.4872 F1: 0.636784  Accuracy: 0.725958 Recall@3: 0.868926 time: 7259s
2021-01-19 03:21:57,200 DEBUG   Epoch 49 - avg_train_loss: 0.0239  avg_val_loss: 1.4885 F1: 0.639947  Accuracy: 0.727479 Recall@3: 0.868385 time: 5569s
2021-01-19 03:21:57,201 DEBUG   Epoch 49 - Save Best Accuracy: 0.727479 Model
2021-01-19 05:17:12,777 DEBUG   Epoch 50 - avg_train_loss: 0.0227  avg_val_loss: 1.5071 F1: 0.638224  Accuracy: 0.727411 Recall@3: 0.869399 time: 6915s
2021-01-19 06:50:07,093 DEBUG   Epoch 51 - avg_train_loss: 0.0222  avg_val_loss: 1.4916 F1: 0.637888  Accuracy: 0.727783 Recall@3: 0.869838 time: 5574s
2021-01-19 06:50:07,094 DEBUG   Epoch 51 - Save Best Accuracy: 0.727783 Model
2021-01-19 08:23:28,646 DEBUG   Epoch 52 - avg_train_loss: 0.0219  avg_val_loss: 1.4944 F1: 0.637247  Accuracy: 0.727343 Recall@3: 0.870176 time: 5601s
2021-01-19 09:58:11,429 DEBUG   Epoch 53 - avg_train_loss: 0.0211  avg_val_loss: 1.5058 F1: 0.638425  Accuracy: 0.727242 Recall@3: 0.869399 time: 5683s
2021-01-19 11:36:47,201 DEBUG   Epoch 54 - avg_train_loss: 0.0208  avg_val_loss: 1.5026 F1: 0.640577  Accuracy: 0.728425 Recall@3: 0.870176 time: 5916s
2021-01-19 11:36:47,202 DEBUG   Epoch 54 - Save Best Accuracy: 0.728425 Model
2021-01-19 13:12:20,208 DEBUG   Epoch 55 - avg_train_loss: 0.0201  avg_val_loss: 1.4934 F1: 0.640810  Accuracy: 0.728594 Recall@3: 0.869974 time: 5732s
2021-01-19 13:12:20,208 DEBUG   Epoch 55 - Save Best Accuracy: 0.728594 Model
2021-01-19 14:48:52,087 DEBUG   Epoch 56 - avg_train_loss: 0.0199  avg_val_loss: 1.4944 F1: 0.638890  Accuracy: 0.727749 Recall@3: 0.869501 time: 5791s
2021-01-19 16:22:07,004 DEBUG   Epoch 57 - avg_train_loss: 0.0195  avg_val_loss: 1.4924 F1: 0.643271  Accuracy: 0.729506 Recall@3: 0.871325 time: 5595s
2021-01-19 16:22:07,004 DEBUG   Epoch 57 - Save Best Accuracy: 0.729506 Model
2021-01-19 17:55:34,611 DEBUG   Epoch 58 - avg_train_loss: 0.0188  avg_val_loss: 1.4981 F1: 0.641060  Accuracy: 0.729472 Recall@3: 0.871393 time: 5606s
2021-01-19 19:28:07,468 DEBUG   Epoch 59 - avg_train_loss: 0.0184  avg_val_loss: 1.5037 F1: 0.639281  Accuracy: 0.727174 Recall@3: 0.870717 time: 5553s
2021-01-19 21:04:05,731 DEBUG   Epoch 60 - avg_train_loss: 0.0184  avg_val_loss: 1.5014 F1: 0.638954  Accuracy: 0.728256 Recall@3: 0.869670 time: 5758s
2021-01-19 22:45:40,187 DEBUG   Epoch 61 - avg_train_loss: 0.0178  avg_val_loss: 1.5061 F1: 0.639438  Accuracy: 0.728526 Recall@3: 0.868960 time: 6094s
2021-01-20 00:37:49,255 DEBUG   Epoch 62 - avg_train_loss: 0.0175  avg_val_loss: 1.5048 F1: 0.640713  Accuracy: 0.729878 Recall@3: 0.871021 time: 6729s
2021-01-20 00:37:49,255 DEBUG   Epoch 62 - Save Best Accuracy: 0.729878 Model
2021-01-20 02:29:28,985 DEBUG   Epoch 63 - avg_train_loss: 0.0174  avg_val_loss: 1.5054 F1: 0.639711  Accuracy: 0.727681 Recall@3: 0.870007 time: 6696s
2021-01-20 04:21:50,763 DEBUG   Epoch 64 - avg_train_loss: 0.0171  avg_val_loss: 1.5090 F1: 0.640709  Accuracy: 0.729033 Recall@3: 0.870548 time: 6742s
2021-01-20 06:04:35,703 DEBUG   Epoch 65 - avg_train_loss: 0.0168  avg_val_loss: 1.5064 F1: 0.639584  Accuracy: 0.727850 Recall@3: 0.869974 time: 6165s
2021-01-20 07:48:07,351 DEBUG   Epoch 66 - avg_train_loss: 0.0166  avg_val_loss: 1.5114 F1: 0.641068  Accuracy: 0.728188 Recall@3: 0.869670 time: 6212s
2021-01-20 09:46:02,705 DEBUG   Epoch 67 - avg_train_loss: 0.0165  avg_val_loss: 1.5086 F1: 0.641876  Accuracy: 0.729269 Recall@3: 0.871258 time: 7075s
2021-01-20 11:34:29,454 DEBUG   Epoch 68 - avg_train_loss: 0.0167  avg_val_loss: 1.5143 F1: 0.640796  Accuracy: 0.729337 Recall@3: 0.869636 time: 6507s
2021-01-20 13:16:12,294 DEBUG   Epoch 69 - avg_train_loss: 0.0162  avg_val_loss: 1.5164 F1: 0.638750  Accuracy: 0.728796 Recall@3: 0.870649 time: 6103s
2021-01-20 14:54:54,896 DEBUG   Epoch 70 - avg_train_loss: 0.0162  avg_val_loss: 1.5095 F1: 0.642819  Accuracy: 0.730520 Recall@3: 0.870345 time: 5923s
2021-01-20 14:54:54,897 DEBUG   Epoch 70 - Save Best Accuracy: 0.730520 Model
2021-01-20 16:31:32,947 DEBUG   Epoch 71 - avg_train_loss: 0.0158  avg_val_loss: 1.5105 F1: 0.641443  Accuracy: 0.729911 Recall@3: 0.871393 time: 5797s
2021-01-20 18:07:05,405 DEBUG   Epoch 72 - avg_train_loss: 0.0155  avg_val_loss: 1.5116 F1: 0.639615  Accuracy: 0.728560 Recall@3: 0.870886 time: 5732s
2021-01-20 19:32:41,699 DEBUG   Epoch 73 - avg_train_loss: 0.0156  avg_val_loss: 1.5217 F1: 0.641502  Accuracy: 0.729100 Recall@3: 0.870413 time: 5136s
2021-01-20 21:01:46,562 DEBUG   Epoch 74 - avg_train_loss: 0.0152  avg_val_loss: 1.5144 F1: 0.642918  Accuracy: 0.729810 Recall@3: 0.870987 time: 5345s
2021-01-20 22:27:29,131 DEBUG   Epoch 75 - avg_train_loss: 0.0154  avg_val_loss: 1.5097 F1: 0.643313  Accuracy: 0.731466 Recall@3: 0.870278 time: 5143s
2021-01-20 22:27:29,131 DEBUG   Epoch 75 - Save Best Accuracy: 0.731466 Model
2021-01-20 23:53:23,066 DEBUG   Epoch 76 - avg_train_loss: 0.0153  avg_val_loss: 1.5179 F1: 0.641002  Accuracy: 0.730114 Recall@3: 0.870312 time: 5153s
2021-01-21 01:49:43,033 DEBUG   Epoch 77 - avg_train_loss: 0.0152  avg_val_loss: 1.5220 F1: 0.640825  Accuracy: 0.729574 Recall@3: 0.871224 time: 6980s
2021-01-21 03:16:20,236 DEBUG   Epoch 78 - avg_train_loss: 0.0151  avg_val_loss: 1.5164 F1: 0.641772  Accuracy: 0.729371 Recall@3: 0.870886 time: 5197s
2021-01-21 04:42:21,121 DEBUG   Epoch 79 - avg_train_loss: 0.0149  avg_val_loss: 1.5211 F1: 0.641946  Accuracy: 0.729641 Recall@3: 0.871427 time: 5161s
2021-01-21 06:09:21,362 DEBUG   Epoch 80 - avg_train_loss: 0.0151  avg_val_loss: 1.5248 F1: 0.640691  Accuracy: 0.728121 Recall@3: 0.870751 time: 5220s
2021-01-21 07:57:13,851 DEBUG   Epoch 81 - avg_train_loss: 0.0150  avg_val_loss: 1.5081 F1: 0.643232  Accuracy: 0.729776 Recall@3: 0.871021 time: 6472s
2021-01-21 09:23:18,457 DEBUG   Epoch 82 - avg_train_loss: 0.0146  avg_val_loss: 1.5120 F1: 0.640562  Accuracy: 0.729607 Recall@3: 0.871359 time: 5165s
2021-01-21 10:58:50,735 DEBUG   Epoch 83 - avg_train_loss: 0.0145  avg_val_loss: 1.5140 F1: 0.644756  Accuracy: 0.730182 Recall@3: 0.871596 time: 5732s
2021-01-21 12:25:53,830 DEBUG   Epoch 84 - avg_train_loss: 0.0146  avg_val_loss: 1.5158 F1: 0.641693  Accuracy: 0.730520 Recall@3: 0.871325 time: 5223s
2021-01-21 13:52:07,398 DEBUG   Epoch 85 - avg_train_loss: 0.0145  avg_val_loss: 1.5213 F1: 0.643593  Accuracy: 0.730959 Recall@3: 0.871156 time: 5174s
2021-01-21 15:22:18,371 DEBUG   Epoch 86 - avg_train_loss: 0.0144  avg_val_loss: 1.5164 F1: 0.643045  Accuracy: 0.731263 Recall@3: 0.871359 time: 5411s
2021-01-21 17:05:22,809 DEBUG   Epoch 87 - avg_train_loss: 0.0145  avg_val_loss: 1.5176 F1: 0.643731  Accuracy: 0.730553 Recall@3: 0.870514 time: 6184s
2021-01-21 18:35:44,621 DEBUG   Epoch 88 - avg_train_loss: 0.0146  avg_val_loss: 1.5172 F1: 0.641281  Accuracy: 0.730148 Recall@3: 0.871156 time: 5422s
2021-01-21 20:02:52,517 DEBUG   Epoch 89 - avg_train_loss: 0.0145  avg_val_loss: 1.5114 F1: 0.642716  Accuracy: 0.730452 Recall@3: 0.871224 time: 5228s
2021-01-21 21:36:43,831 DEBUG   Epoch 90 - avg_train_loss: 0.0142  avg_val_loss: 1.5151 F1: 0.641472  Accuracy: 0.729371 Recall@3: 0.871021 time: 5631s
2021-01-21 23:16:16,283 DEBUG   Epoch 91 - avg_train_loss: 0.0144  avg_val_loss: 1.5142 F1: 0.642545  Accuracy: 0.730520 Recall@3: 0.871663 time: 5972s
2021-01-22 00:56:21,064 DEBUG   Epoch 92 - avg_train_loss: 0.0144  avg_val_loss: 1.5144 F1: 0.643011  Accuracy: 0.730587 Recall@3: 0.870548 time: 6005s
2021-01-22 02:24:57,961 DEBUG   Epoch 93 - avg_train_loss: 0.0145  avg_val_loss: 1.5186 F1: 0.641744  Accuracy: 0.729776 Recall@3: 0.871832 time: 5317s
2021-01-22 04:07:40,448 DEBUG   Epoch 94 - avg_train_loss: 0.0143  avg_val_loss: 1.5150 F1: 0.642418  Accuracy: 0.729574 Recall@3: 0.870751 time: 6162s
2021-01-22 05:41:39,476 DEBUG   Epoch 95 - avg_train_loss: 0.0140  avg_val_loss: 1.5185 F1: 0.641562  Accuracy: 0.730317 Recall@3: 0.871934 time: 5639s
2021-01-22 07:25:46,946 DEBUG   Epoch 96 - avg_train_loss: 0.0144  avg_val_loss: 1.5184 F1: 0.640223  Accuracy: 0.729168 Recall@3: 0.870616 time: 6247s
2021-01-22 09:01:04,216 DEBUG   Epoch 97 - avg_train_loss: 0.0139  avg_val_loss: 1.5215 F1: 0.640592  Accuracy: 0.728898 Recall@3: 0.871156 time: 5717s
2021-01-22 10:57:55,822 DEBUG   Epoch 98 - avg_train_loss: 0.0141  avg_val_loss: 1.5233 F1: 0.640844  Accuracy: 0.729337 Recall@3: 0.871460 time: 7012s
2021-01-22 12:52:28,171 DEBUG   Epoch 99 - avg_train_loss: 0.0141  avg_val_loss: 1.5193 F1: 0.641865  Accuracy: 0.729776 Recall@3: 0.871528 time: 6872s
2021-01-22 14:25:17,686 DEBUG   Epoch 100 - avg_train_loss: 0.0140  avg_val_loss: 1.5135 F1: 0.644046  Accuracy: 0.731094 Recall@3: 0.871393 time: 5570s
2021-01-22 14:25:17,686 INFO [Train model] done in 592830 s.
