2021-01-15 17:38:45,922 INFO [Train model] start
2021-01-15 17:47:32,383 INFO [Train model] start
2021-01-15 19:24:46,317 DEBUG   Epoch 1 - avg_train_loss: 3.6535  avg_val_loss: 2.9511 F1: 0.191189  Accuracy: 0.355815 Recall@3: 0.545212 time: 5832s
2021-01-15 19:24:46,317 DEBUG   Epoch 1 - Save Best Accuracy: 0.355815 Model
2021-01-15 19:24:46,708 DEBUG   Epoch 1 - Save Best Loss: 2.9511 Model
2021-01-15 21:29:39,045 DEBUG   Epoch 2 - avg_train_loss: 2.4260  avg_val_loss: 2.3885 F1: 0.287486  Accuracy: 0.446881 Recall@3: 0.647834 time: 7492s
2021-01-15 21:29:39,046 DEBUG   Epoch 2 - Save Best Accuracy: 0.446881 Model
2021-01-15 21:29:39,558 DEBUG   Epoch 2 - Save Best Loss: 2.3885 Model
2021-01-15 23:03:47,514 DEBUG   Epoch 3 - avg_train_loss: 2.0216  avg_val_loss: 2.1702 F1: 0.349636  Accuracy: 0.492972 Recall@3: 0.688383 time: 5647s
2021-01-15 23:03:47,515 DEBUG   Epoch 3 - Save Best Accuracy: 0.492972 Model
2021-01-15 23:03:47,992 DEBUG   Epoch 3 - Save Best Loss: 2.1702 Model
2021-01-16 01:08:17,242 DEBUG   Epoch 4 - avg_train_loss: 1.7711  avg_val_loss: 1.9495 F1: 0.403204  Accuracy: 0.535041 Recall@3: 0.730587 time: 7469s
2021-01-16 01:08:17,242 DEBUG   Epoch 4 - Save Best Accuracy: 0.535041 Model
2021-01-16 01:08:17,728 DEBUG   Epoch 4 - Save Best Loss: 1.9495 Model
2021-01-16 02:43:22,160 DEBUG   Epoch 5 - avg_train_loss: 1.5909  avg_val_loss: 1.8178 F1: 0.423651  Accuracy: 0.559404 Recall@3: 0.753295 time: 5704s
2021-01-16 02:43:22,161 DEBUG   Epoch 5 - Save Best Accuracy: 0.559404 Model
2021-01-16 02:43:22,662 DEBUG   Epoch 5 - Save Best Loss: 1.8178 Model
2021-01-16 04:17:34,930 DEBUG   Epoch 6 - avg_train_loss: 1.4501  avg_val_loss: 1.7695 F1: 0.452235  Accuracy: 0.570791 Recall@3: 0.762080 time: 5652s
2021-01-16 04:17:34,931 DEBUG   Epoch 6 - Save Best Accuracy: 0.570791 Model
2021-01-16 04:17:35,430 DEBUG   Epoch 6 - Save Best Loss: 1.7695 Model
2021-01-16 05:50:31,560 DEBUG   Epoch 7 - avg_train_loss: 1.3410  avg_val_loss: 1.7264 F1: 0.466074  Accuracy: 0.583193 Recall@3: 0.769176 time: 5576s
2021-01-16 05:50:31,561 DEBUG   Epoch 7 - Save Best Accuracy: 0.583193 Model
2021-01-16 05:50:32,070 DEBUG   Epoch 7 - Save Best Loss: 1.7264 Model
2021-01-16 07:23:57,534 DEBUG   Epoch 8 - avg_train_loss: 1.2423  avg_val_loss: 1.7171 F1: 0.472303  Accuracy: 0.586234 Recall@3: 0.772521 time: 5605s
2021-01-16 07:23:57,535 DEBUG   Epoch 8 - Save Best Accuracy: 0.586234 Model
2021-01-16 07:23:58,009 DEBUG   Epoch 8 - Save Best Loss: 1.7171 Model
2021-01-16 08:56:17,369 DEBUG   Epoch 9 - avg_train_loss: 1.1543  avg_val_loss: 1.6447 F1: 0.485378  Accuracy: 0.604447 Recall@3: 0.786274 time: 5539s
2021-01-16 08:56:17,369 DEBUG   Epoch 9 - Save Best Accuracy: 0.604447 Model
2021-01-16 08:56:17,797 DEBUG   Epoch 9 - Save Best Loss: 1.6447 Model
2021-01-16 10:29:43,203 DEBUG   Epoch 10 - avg_train_loss: 1.0747  avg_val_loss: 1.6719 F1: 0.487973  Accuracy: 0.599108 Recall@3: 0.783436 time: 5605s
2021-01-16 12:03:45,459 DEBUG   Epoch 11 - avg_train_loss: 1.0092  avg_val_loss: 1.6209 F1: 0.502999  Accuracy: 0.613030 Recall@3: 0.790735 time: 5642s
2021-01-16 12:03:45,459 DEBUG   Epoch 11 - Save Best Accuracy: 0.613030 Model
2021-01-16 12:03:45,937 DEBUG   Epoch 11 - Save Best Loss: 1.6209 Model
2021-01-16 14:06:37,338 DEBUG   Epoch 12 - avg_train_loss: 0.9444  avg_val_loss: 1.5633 F1: 0.518118  Accuracy: 0.626850 Recall@3: 0.801514 time: 7371s
2021-01-16 14:06:37,339 DEBUG   Epoch 12 - Save Best Accuracy: 0.626850 Model
2021-01-16 14:06:37,791 DEBUG   Epoch 12 - Save Best Loss: 1.5633 Model
2021-01-16 15:40:28,978 DEBUG   Epoch 13 - avg_train_loss: 0.8878  avg_val_loss: 1.5901 F1: 0.515881  Accuracy: 0.621579 Recall@3: 0.799858 time: 5631s
2021-01-16 17:16:16,937 DEBUG   Epoch 14 - avg_train_loss: 0.8315  avg_val_loss: 1.6352 F1: 0.517805  Accuracy: 0.619619 Recall@3: 0.797290 time: 5748s
2021-01-16 18:50:36,464 DEBUG   Epoch 15 - avg_train_loss: 0.7343  avg_val_loss: 1.5559 F1: 0.536626  Accuracy: 0.634825 Recall@3: 0.808204 time: 5660s
2021-01-16 18:50:36,464 DEBUG   Epoch 15 - Save Best Accuracy: 0.634825 Model
2021-01-16 18:50:36,908 DEBUG   Epoch 15 - Save Best Loss: 1.5559 Model
2021-01-16 20:23:35,414 DEBUG   Epoch 16 - avg_train_loss: 0.6839  avg_val_loss: 1.5527 F1: 0.542326  Accuracy: 0.644894 Recall@3: 0.814287 time: 5578s
2021-01-16 20:23:35,414 DEBUG   Epoch 16 - Save Best Accuracy: 0.644894 Model
2021-01-16 20:23:35,834 DEBUG   Epoch 16 - Save Best Loss: 1.5527 Model
2021-01-16 22:29:09,225 DEBUG   Epoch 17 - avg_train_loss: 0.6464  avg_val_loss: 1.5298 F1: 0.547117  Accuracy: 0.647699 Recall@3: 0.816551 time: 7533s
2021-01-16 22:29:09,226 DEBUG   Epoch 17 - Save Best Accuracy: 0.647699 Model
2021-01-16 22:29:09,689 DEBUG   Epoch 17 - Save Best Loss: 1.5298 Model
2021-01-17 00:01:22,311 DEBUG   Epoch 18 - avg_train_loss: 0.6107  avg_val_loss: 1.5899 F1: 0.539450  Accuracy: 0.642630 Recall@3: 0.811583 time: 5532s
2021-01-17 01:34:19,933 DEBUG   Epoch 19 - avg_train_loss: 0.5741  avg_val_loss: 1.5946 F1: 0.541123  Accuracy: 0.640265 Recall@3: 0.815909 time: 5578s
2021-01-17 03:06:32,271 DEBUG   Epoch 20 - avg_train_loss: 0.4985  avg_val_loss: 1.5748 F1: 0.551613  Accuracy: 0.652058 Recall@3: 0.821079 time: 5532s
2021-01-17 03:06:32,271 DEBUG   Epoch 20 - Save Best Accuracy: 0.652058 Model
2021-01-17 04:38:57,908 DEBUG   Epoch 21 - avg_train_loss: 0.4606  avg_val_loss: 1.5927 F1: 0.553738  Accuracy: 0.653342 Recall@3: 0.821484 time: 5545s
2021-01-17 04:38:57,909 DEBUG   Epoch 21 - Save Best Accuracy: 0.653342 Model
2021-01-17 06:10:40,889 DEBUG   Epoch 22 - avg_train_loss: 0.3986  avg_val_loss: 1.5688 F1: 0.560647  Accuracy: 0.660674 Recall@3: 0.828141 time: 5503s
2021-01-17 06:10:40,890 DEBUG   Epoch 22 - Save Best Accuracy: 0.660674 Model
2021-01-17 08:09:25,578 DEBUG   Epoch 23 - avg_train_loss: 0.3694  avg_val_loss: 1.5965 F1: 0.565058  Accuracy: 0.662195 Recall@3: 0.827296 time: 7124s
2021-01-17 08:09:25,579 DEBUG   Epoch 23 - Save Best Accuracy: 0.662195 Model
2021-01-17 09:43:06,764 DEBUG   Epoch 24 - avg_train_loss: 0.3244  avg_val_loss: 1.6140 F1: 0.568984  Accuracy: 0.662533 Recall@3: 0.827330 time: 5621s
2021-01-17 09:43:06,765 DEBUG   Epoch 24 - Save Best Accuracy: 0.662533 Model
2021-01-17 11:38:40,772 DEBUG   Epoch 25 - avg_train_loss: 0.2979  avg_val_loss: 1.6210 F1: 0.569980  Accuracy: 0.666453 Recall@3: 0.827702 time: 6934s
2021-01-17 11:38:40,772 DEBUG   Epoch 25 - Save Best Accuracy: 0.666453 Model
2021-01-17 13:12:14,863 DEBUG   Epoch 26 - avg_train_loss: 0.2560  avg_val_loss: 1.6082 F1: 0.571771  Accuracy: 0.669595 Recall@3: 0.832466 time: 5614s
2021-01-17 13:12:14,864 DEBUG   Epoch 26 - Save Best Accuracy: 0.669595 Model
2021-01-17 14:47:00,831 DEBUG   Epoch 27 - avg_train_loss: 0.2360  avg_val_loss: 1.6310 F1: 0.572343  Accuracy: 0.670372 Recall@3: 0.831892 time: 5685s
2021-01-17 14:47:00,831 DEBUG   Epoch 27 - Save Best Accuracy: 0.670372 Model
2021-01-17 16:26:18,132 DEBUG   Epoch 28 - avg_train_loss: 0.2048  avg_val_loss: 1.6368 F1: 0.578684  Accuracy: 0.673954 Recall@3: 0.835102 time: 5957s
2021-01-17 16:26:18,133 DEBUG   Epoch 28 - Save Best Accuracy: 0.673954 Model
2021-01-17 18:14:57,936 DEBUG   Epoch 29 - avg_train_loss: 0.1858  avg_val_loss: 1.6750 F1: 0.577608  Accuracy: 0.672704 Recall@3: 0.831858 time: 6519s
2021-01-17 19:47:59,736 DEBUG   Epoch 30 - avg_train_loss: 0.1629  avg_val_loss: 1.6688 F1: 0.582022  Accuracy: 0.675407 Recall@3: 0.833615 time: 5582s
2021-01-17 19:47:59,736 DEBUG   Epoch 30 - Save Best Accuracy: 0.675407 Model
2021-01-17 21:41:27,357 DEBUG   Epoch 31 - avg_train_loss: 0.1492  avg_val_loss: 1.6601 F1: 0.580261  Accuracy: 0.676522 Recall@3: 0.834358 time: 6806s
2021-01-17 21:41:27,357 DEBUG   Epoch 31 - Save Best Accuracy: 0.676522 Model
2021-01-17 23:16:57,146 DEBUG   Epoch 32 - avg_train_loss: 0.1310  avg_val_loss: 1.6651 F1: 0.583826  Accuracy: 0.677874 Recall@3: 0.836183 time: 5729s
2021-01-17 23:16:57,146 DEBUG   Epoch 32 - Save Best Accuracy: 0.677874 Model
2021-01-18 01:14:40,112 DEBUG   Epoch 33 - avg_train_loss: 0.1234  avg_val_loss: 1.6749 F1: 0.591390  Accuracy: 0.683787 Recall@3: 0.836893 time: 7062s
2021-01-18 01:14:40,113 DEBUG   Epoch 33 - Save Best Accuracy: 0.683787 Model
2021-01-18 02:49:06,607 DEBUG   Epoch 34 - avg_train_loss: 0.1082  avg_val_loss: 1.6593 F1: 0.591444  Accuracy: 0.684936 Recall@3: 0.840711 time: 5666s
2021-01-18 02:49:06,608 DEBUG   Epoch 34 - Save Best Accuracy: 0.684936 Model
2021-01-18 04:23:09,610 DEBUG   Epoch 35 - avg_train_loss: 0.1014  avg_val_loss: 1.6811 F1: 0.593029  Accuracy: 0.685038 Recall@3: 0.837399 time: 5643s
2021-01-18 04:23:09,610 DEBUG   Epoch 35 - Save Best Accuracy: 0.685038 Model
2021-01-18 05:55:46,049 DEBUG   Epoch 36 - avg_train_loss: 0.0913  avg_val_loss: 1.6845 F1: 0.595393  Accuracy: 0.687775 Recall@3: 0.841961 time: 5556s
2021-01-18 05:55:46,049 DEBUG   Epoch 36 - Save Best Accuracy: 0.687775 Model
2021-01-18 07:31:29,983 DEBUG   Epoch 37 - avg_train_loss: 0.0847  avg_val_loss: 1.6848 F1: 0.593737  Accuracy: 0.688619 Recall@3: 0.841995 time: 5744s
2021-01-18 07:31:29,984 DEBUG   Epoch 37 - Save Best Accuracy: 0.688619 Model
2021-01-18 09:03:53,865 DEBUG   Epoch 38 - avg_train_loss: 0.0795  avg_val_loss: 1.7005 F1: 0.594018  Accuracy: 0.686389 Recall@3: 0.842738 time: 5543s
2021-01-18 10:37:32,273 DEBUG   Epoch 39 - avg_train_loss: 0.0744  avg_val_loss: 1.7019 F1: 0.592415  Accuracy: 0.689160 Recall@3: 0.841218 time: 5618s
2021-01-18 10:37:32,273 DEBUG   Epoch 39 - Save Best Accuracy: 0.689160 Model
2021-01-18 12:12:33,450 DEBUG   Epoch 40 - avg_train_loss: 0.0674  avg_val_loss: 1.7072 F1: 0.595169  Accuracy: 0.690376 Recall@3: 0.843549 time: 5701s
2021-01-18 12:12:33,450 DEBUG   Epoch 40 - Save Best Accuracy: 0.690376 Model
2021-01-18 13:46:42,955 DEBUG   Epoch 41 - avg_train_loss: 0.0651  avg_val_loss: 1.7104 F1: 0.596923  Accuracy: 0.690681 Recall@3: 0.843076 time: 5649s
2021-01-18 13:46:42,955 DEBUG   Epoch 41 - Save Best Accuracy: 0.690681 Model
2021-01-18 15:39:41,554 DEBUG   Epoch 42 - avg_train_loss: 0.0613  avg_val_loss: 1.7045 F1: 0.597668  Accuracy: 0.690579 Recall@3: 0.843718 time: 6778s
2021-01-18 17:16:25,891 DEBUG   Epoch 43 - avg_train_loss: 0.0581  avg_val_loss: 1.7234 F1: 0.597120  Accuracy: 0.689836 Recall@3: 0.843313 time: 5804s
2021-01-18 18:52:49,832 DEBUG   Epoch 44 - avg_train_loss: 0.0551  avg_val_loss: 1.7319 F1: 0.598259  Accuracy: 0.691424 Recall@3: 0.841049 time: 5784s
2021-01-18 18:52:49,833 DEBUG   Epoch 44 - Save Best Accuracy: 0.691424 Model
2021-01-18 20:25:59,313 DEBUG   Epoch 45 - avg_train_loss: 0.0528  avg_val_loss: 1.7189 F1: 0.600697  Accuracy: 0.693384 Recall@3: 0.844056 time: 5589s
2021-01-18 20:25:59,313 DEBUG   Epoch 45 - Save Best Accuracy: 0.693384 Model
2021-01-18 22:10:15,822 DEBUG   Epoch 46 - avg_train_loss: 0.0498  avg_val_loss: 1.7268 F1: 0.597195  Accuracy: 0.691559 Recall@3: 0.844935 time: 6256s
2021-01-18 23:42:32,031 DEBUG   Epoch 47 - avg_train_loss: 0.0483  avg_val_loss: 1.7264 F1: 0.600431  Accuracy: 0.693113 Recall@3: 0.844293 time: 5536s
2021-01-19 01:44:17,587 DEBUG   Epoch 48 - avg_train_loss: 0.0451  avg_val_loss: 1.7187 F1: 0.599683  Accuracy: 0.693924 Recall@3: 0.845205 time: 7306s
2021-01-19 01:44:17,588 DEBUG   Epoch 48 - Save Best Accuracy: 0.693924 Model
2021-01-19 03:16:00,917 DEBUG   Epoch 49 - avg_train_loss: 0.0447  avg_val_loss: 1.7286 F1: 0.599361  Accuracy: 0.692066 Recall@3: 0.844496 time: 5503s
2021-01-19 05:11:03,876 DEBUG   Epoch 50 - avg_train_loss: 0.0428  avg_val_loss: 1.7270 F1: 0.600164  Accuracy: 0.694702 Recall@3: 0.845036 time: 6903s
2021-01-19 05:11:03,876 DEBUG   Epoch 50 - Save Best Accuracy: 0.694702 Model
2021-01-19 06:43:23,971 DEBUG   Epoch 51 - avg_train_loss: 0.0418  avg_val_loss: 1.7485 F1: 0.602576  Accuracy: 0.695242 Recall@3: 0.845340 time: 5540s
2021-01-19 06:43:23,971 DEBUG   Epoch 51 - Save Best Accuracy: 0.695242 Model
2021-01-19 08:16:29,925 DEBUG   Epoch 52 - avg_train_loss: 0.0396  avg_val_loss: 1.7434 F1: 0.601383  Accuracy: 0.694702 Recall@3: 0.845442 time: 5585s
2021-01-19 09:49:39,382 DEBUG   Epoch 53 - avg_train_loss: 0.0386  avg_val_loss: 1.7375 F1: 0.602426  Accuracy: 0.695952 Recall@3: 0.846759 time: 5589s
2021-01-19 09:49:39,382 DEBUG   Epoch 53 - Save Best Accuracy: 0.695952 Model
2021-01-19 11:29:04,463 DEBUG   Epoch 54 - avg_train_loss: 0.0370  avg_val_loss: 1.7436 F1: 0.602418  Accuracy: 0.695276 Recall@3: 0.843820 time: 5965s
2021-01-19 13:04:49,295 DEBUG   Epoch 55 - avg_train_loss: 0.0368  avg_val_loss: 1.7444 F1: 0.603186  Accuracy: 0.693992 Recall@3: 0.847402 time: 5745s
2021-01-19 14:41:14,926 DEBUG   Epoch 56 - avg_train_loss: 0.0358  avg_val_loss: 1.7422 F1: 0.601302  Accuracy: 0.694735 Recall@3: 0.846151 time: 5786s
2021-01-19 16:14:13,475 DEBUG   Epoch 57 - avg_train_loss: 0.0352  avg_val_loss: 1.7467 F1: 0.601892  Accuracy: 0.694566 Recall@3: 0.845611 time: 5579s
2021-01-19 17:47:37,453 DEBUG   Epoch 58 - avg_train_loss: 0.0336  avg_val_loss: 1.7429 F1: 0.599863  Accuracy: 0.694161 Recall@3: 0.845442 time: 5604s
2021-01-19 19:19:48,972 DEBUG   Epoch 59 - avg_train_loss: 0.0342  avg_val_loss: 1.7394 F1: 0.603110  Accuracy: 0.695310 Recall@3: 0.846928 time: 5532s
2021-01-19 20:54:47,144 DEBUG   Epoch 60 - avg_train_loss: 0.0334  avg_val_loss: 1.7411 F1: 0.603708  Accuracy: 0.696087 Recall@3: 0.846117 time: 5698s
2021-01-19 20:54:47,145 DEBUG   Epoch 60 - Save Best Accuracy: 0.696087 Model
2021-01-19 22:34:59,521 DEBUG   Epoch 61 - avg_train_loss: 0.0326  avg_val_loss: 1.7467 F1: 0.604358  Accuracy: 0.696932 Recall@3: 0.846827 time: 6012s
2021-01-19 22:34:59,521 DEBUG   Epoch 61 - Save Best Accuracy: 0.696932 Model
2021-01-20 00:26:35,204 DEBUG   Epoch 62 - avg_train_loss: 0.0323  avg_val_loss: 1.7517 F1: 0.602169  Accuracy: 0.696121 Recall@3: 0.848111 time: 6693s
2021-01-20 02:17:51,780 DEBUG   Epoch 63 - avg_train_loss: 0.0321  avg_val_loss: 1.7534 F1: 0.599725  Accuracy: 0.694837 Recall@3: 0.845881 time: 6677s
2021-01-20 04:09:46,501 DEBUG   Epoch 64 - avg_train_loss: 0.0312  avg_val_loss: 1.7448 F1: 0.604494  Accuracy: 0.698081 Recall@3: 0.846895 time: 6715s
2021-01-20 04:09:46,502 DEBUG   Epoch 64 - Save Best Accuracy: 0.698081 Model
2021-01-20 05:52:35,677 DEBUG   Epoch 65 - avg_train_loss: 0.0309  avg_val_loss: 1.7567 F1: 0.603640  Accuracy: 0.695884 Recall@3: 0.847165 time: 6169s
2021-01-20 07:36:19,621 DEBUG   Epoch 66 - avg_train_loss: 0.0300  avg_val_loss: 1.7544 F1: 0.603775  Accuracy: 0.696053 Recall@3: 0.846624 time: 6224s
2021-01-20 09:33:59,310 DEBUG   Epoch 67 - avg_train_loss: 0.0291  avg_val_loss: 1.7434 F1: 0.604064  Accuracy: 0.696661 Recall@3: 0.848922 time: 7060s
2021-01-20 11:19:56,952 DEBUG   Epoch 68 - avg_train_loss: 0.0294  avg_val_loss: 1.7559 F1: 0.603111  Accuracy: 0.695817 Recall@3: 0.846827 time: 6358s
2021-01-20 13:05:57,606 DEBUG   Epoch 69 - avg_train_loss: 0.0293  avg_val_loss: 1.7612 F1: 0.601645  Accuracy: 0.695715 Recall@3: 0.847570 time: 6361s
2021-01-20 14:44:49,725 DEBUG   Epoch 70 - avg_train_loss: 0.0286  avg_val_loss: 1.7563 F1: 0.602608  Accuracy: 0.695749 Recall@3: 0.846286 time: 5932s
2021-01-20 16:20:43,677 DEBUG   Epoch 71 - avg_train_loss: 0.0283  avg_val_loss: 1.7572 F1: 0.603313  Accuracy: 0.695344 Recall@3: 0.846320 time: 5754s
2021-01-20 17:57:45,454 DEBUG   Epoch 72 - avg_train_loss: 0.0279  avg_val_loss: 1.7600 F1: 0.602596  Accuracy: 0.696830 Recall@3: 0.846354 time: 5822s
2021-01-20 19:23:22,742 DEBUG   Epoch 73 - avg_train_loss: 0.0280  avg_val_loss: 1.7619 F1: 0.602412  Accuracy: 0.694972 Recall@3: 0.846658 time: 5137s
2021-01-20 20:52:04,598 DEBUG   Epoch 74 - avg_train_loss: 0.0276  avg_val_loss: 1.7532 F1: 0.601548  Accuracy: 0.695952 Recall@3: 0.846962 time: 5322s
2021-01-20 22:17:06,858 DEBUG   Epoch 75 - avg_train_loss: 0.0273  avg_val_loss: 1.7591 F1: 0.603807  Accuracy: 0.696797 Recall@3: 0.847266 time: 5102s
2021-01-20 23:42:49,512 DEBUG   Epoch 76 - avg_train_loss: 0.0268  avg_val_loss: 1.7562 F1: 0.603085  Accuracy: 0.695952 Recall@3: 0.847402 time: 5143s
2021-01-21 01:36:30,959 DEBUG   Epoch 77 - avg_train_loss: 0.0278  avg_val_loss: 1.7601 F1: 0.603746  Accuracy: 0.698013 Recall@3: 0.846591 time: 6821s
2021-01-21 03:06:25,188 DEBUG   Epoch 78 - avg_train_loss: 0.0273  avg_val_loss: 1.7550 F1: 0.603175  Accuracy: 0.697236 Recall@3: 0.847334 time: 5394s
2021-01-21 04:31:57,341 DEBUG   Epoch 79 - avg_train_loss: 0.0272  avg_val_loss: 1.7430 F1: 0.605024  Accuracy: 0.698351 Recall@3: 0.849023 time: 5132s
2021-01-21 04:31:57,342 DEBUG   Epoch 79 - Save Best Accuracy: 0.698351 Model
2021-01-21 05:59:00,207 DEBUG   Epoch 80 - avg_train_loss: 0.0267  avg_val_loss: 1.7607 F1: 0.605541  Accuracy: 0.698013 Recall@3: 0.847841 time: 5222s
2021-01-21 07:46:56,567 DEBUG   Epoch 81 - avg_train_loss: 0.0262  avg_val_loss: 1.7625 F1: 0.605801  Accuracy: 0.697946 Recall@3: 0.846624 time: 6476s
2021-01-21 09:12:35,940 DEBUG   Epoch 82 - avg_train_loss: 0.0259  avg_val_loss: 1.7607 F1: 0.603065  Accuracy: 0.697101 Recall@3: 0.847570 time: 5139s
2021-01-21 10:46:37,883 DEBUG   Epoch 83 - avg_train_loss: 0.0266  avg_val_loss: 1.7577 F1: 0.604793  Accuracy: 0.698351 Recall@3: 0.847199 time: 5642s
2021-01-21 12:12:52,219 DEBUG   Epoch 84 - avg_train_loss: 0.0264  avg_val_loss: 1.7538 F1: 0.603857  Accuracy: 0.696797 Recall@3: 0.848888 time: 5174s
2021-01-21 13:38:50,303 DEBUG   Epoch 85 - avg_train_loss: 0.0258  avg_val_loss: 1.7603 F1: 0.604648  Accuracy: 0.697743 Recall@3: 0.847131 time: 5158s
2021-01-21 15:04:54,370 DEBUG   Epoch 86 - avg_train_loss: 0.0256  avg_val_loss: 1.7605 F1: 0.602579  Accuracy: 0.696661 Recall@3: 0.847402 time: 5164s
2021-01-21 16:51:02,122 DEBUG   Epoch 87 - avg_train_loss: 0.0256  avg_val_loss: 1.7598 F1: 0.603994  Accuracy: 0.697574 Recall@3: 0.847266 time: 6368s
2021-01-21 18:21:37,405 DEBUG   Epoch 88 - avg_train_loss: 0.0254  avg_val_loss: 1.7690 F1: 0.604004  Accuracy: 0.696763 Recall@3: 0.847537 time: 5435s
2021-01-21 19:48:08,174 DEBUG   Epoch 89 - avg_train_loss: 0.0253  avg_val_loss: 1.7580 F1: 0.604948  Accuracy: 0.698216 Recall@3: 0.848888 time: 5191s
2021-01-21 21:20:19,907 DEBUG   Epoch 90 - avg_train_loss: 0.0254  avg_val_loss: 1.7727 F1: 0.602602  Accuracy: 0.696290 Recall@3: 0.846658 time: 5532s
2021-01-21 22:59:12,448 DEBUG   Epoch 91 - avg_train_loss: 0.0252  avg_val_loss: 1.7538 F1: 0.603410  Accuracy: 0.697709 Recall@3: 0.847773 time: 5933s
2021-01-22 00:40:22,529 DEBUG   Epoch 92 - avg_train_loss: 0.0251  avg_val_loss: 1.7602 F1: 0.605130  Accuracy: 0.699128 Recall@3: 0.846759 time: 6070s
2021-01-22 00:40:22,530 DEBUG   Epoch 92 - Save Best Accuracy: 0.699128 Model
2021-01-22 02:08:51,436 DEBUG   Epoch 93 - avg_train_loss: 0.0251  avg_val_loss: 1.7675 F1: 0.603068  Accuracy: 0.696830 Recall@3: 0.847503 time: 5308s
2021-01-22 03:46:56,571 DEBUG   Epoch 94 - avg_train_loss: 0.0250  avg_val_loss: 1.7656 F1: 0.604692  Accuracy: 0.697202 Recall@3: 0.847266 time: 5885s
2021-01-22 05:24:49,597 DEBUG   Epoch 95 - avg_train_loss: 0.0246  avg_val_loss: 1.7703 F1: 0.603323  Accuracy: 0.697304 Recall@3: 0.847064 time: 5873s
2021-01-22 07:10:22,558 DEBUG   Epoch 96 - avg_train_loss: 0.0249  avg_val_loss: 1.7586 F1: 0.605299  Accuracy: 0.698520 Recall@3: 0.847165 time: 6333s
2021-01-22 08:42:46,293 DEBUG   Epoch 97 - avg_train_loss: 0.0248  avg_val_loss: 1.7611 F1: 0.605184  Accuracy: 0.699162 Recall@3: 0.847233 time: 5544s
2021-01-22 08:42:46,293 DEBUG   Epoch 97 - Save Best Accuracy: 0.699162 Model
2021-01-22 10:34:33,451 DEBUG   Epoch 98 - avg_train_loss: 0.0245  avg_val_loss: 1.7660 F1: 0.604584  Accuracy: 0.697371 Recall@3: 0.846726 time: 6707s
2021-01-22 12:34:44,587 DEBUG   Epoch 99 - avg_train_loss: 0.0250  avg_val_loss: 1.7663 F1: 0.604200  Accuracy: 0.697337 Recall@3: 0.846489 time: 7211s
2021-01-22 14:09:55,996 DEBUG   Epoch 100 - avg_train_loss: 0.0249  avg_val_loss: 1.7585 F1: 0.603354  Accuracy: 0.697675 Recall@3: 0.848179 time: 5711s
2021-01-22 14:09:55,997 INFO [Train model] done in 591744 s.
