2021-02-01 13:56:01,412 INFO [Train model] start
2021-02-01 16:14:25,694 DEBUG   Epoch 1 - avg_train_loss: 0.1855  avg_val_loss: 1.8444 F1: 0.387235  Accuracy: 0.558829 Recall@3: 0.750929 time: 8301s
2021-02-01 16:14:25,694 DEBUG   Epoch 1 - Save Best Accuracy: 0.558829 Model
2021-02-01 16:14:26,611 DEBUG   Epoch 1 - Save Best Loss: 1.8444 Model
2021-02-01 18:30:00,717 DEBUG   Epoch 2 - avg_train_loss: 0.1058  avg_val_loss: 1.5007 F1: 0.498022  Accuracy: 0.632324 Recall@3: 0.810502 time: 8133s
2021-02-01 18:30:00,717 DEBUG   Epoch 2 - Save Best Accuracy: 0.632324 Model
2021-02-01 18:30:01,800 DEBUG   Epoch 2 - Save Best Loss: 1.5007 Model
2021-02-01 20:45:29,392 DEBUG   Epoch 3 - avg_train_loss: 0.0829  avg_val_loss: 1.3542 F1: 0.547012  Accuracy: 0.664560 Recall@3: 0.833412 time: 8126s
2021-02-01 20:45:29,393 DEBUG   Epoch 3 - Save Best Accuracy: 0.664560 Model
2021-02-01 20:45:30,381 DEBUG   Epoch 3 - Save Best Loss: 1.3542 Model
2021-02-01 23:00:57,452 DEBUG   Epoch 4 - avg_train_loss: 0.0686  avg_val_loss: 1.2830 F1: 0.580488  Accuracy: 0.688383 Recall@3: 0.853146 time: 8126s
2021-02-01 23:00:57,453 DEBUG   Epoch 4 - Save Best Accuracy: 0.688383 Model
2021-02-01 23:00:58,478 DEBUG   Epoch 4 - Save Best Loss: 1.2830 Model
2021-02-02 01:16:33,401 DEBUG   Epoch 5 - avg_train_loss: 0.0591  avg_val_loss: 1.2323 F1: 0.594643  Accuracy: 0.699230 Recall@3: 0.857640 time: 8134s
2021-02-02 01:16:33,402 DEBUG   Epoch 5 - Save Best Accuracy: 0.699230 Model
2021-02-02 01:16:34,447 DEBUG   Epoch 5 - Save Best Loss: 1.2323 Model
2021-02-02 03:32:05,577 DEBUG   Epoch 6 - avg_train_loss: 0.0513  avg_val_loss: 1.2000 F1: 0.614241  Accuracy: 0.709232 Recall@3: 0.865513 time: 8130s
2021-02-02 03:32:05,577 DEBUG   Epoch 6 - Save Best Accuracy: 0.709232 Model
2021-02-02 03:32:08,388 DEBUG   Epoch 6 - Save Best Loss: 1.2000 Model
2021-02-02 05:47:42,406 DEBUG   Epoch 7 - avg_train_loss: 0.0444  avg_val_loss: 1.2223 F1: 0.612270  Accuracy: 0.710448 Recall@3: 0.864669 time: 8133s
2021-02-02 05:47:42,406 DEBUG   Epoch 7 - Save Best Accuracy: 0.710448 Model
2021-02-02 08:02:37,176 DEBUG   Epoch 8 - avg_train_loss: 0.0388  avg_val_loss: 1.2015 F1: 0.622183  Accuracy: 0.714571 Recall@3: 0.868183 time: 8094s
2021-02-02 08:02:37,177 DEBUG   Epoch 8 - Save Best Accuracy: 0.714571 Model
2021-02-02 10:17:41,234 DEBUG   Epoch 9 - avg_train_loss: 0.0319  avg_val_loss: 1.1870 F1: 0.638720  Accuracy: 0.727816 Recall@3: 0.875853 time: 8103s
2021-02-02 10:17:41,234 DEBUG   Epoch 9 - Save Best Accuracy: 0.727816 Model
2021-02-02 10:17:42,188 DEBUG   Epoch 9 - Save Best Loss: 1.1870 Model
2021-02-02 12:32:56,048 DEBUG   Epoch 10 - avg_train_loss: 0.0275  avg_val_loss: 1.2237 F1: 0.643025  Accuracy: 0.730655 Recall@3: 0.876090 time: 8113s
2021-02-02 12:32:56,049 DEBUG   Epoch 10 - Save Best Accuracy: 0.730655 Model
2021-02-02 14:48:02,447 DEBUG   Epoch 11 - avg_train_loss: 0.0238  avg_val_loss: 1.2291 F1: 0.636102  Accuracy: 0.726634 Recall@3: 0.873522 time: 8105s
2021-02-02 17:03:12,110 DEBUG   Epoch 12 - avg_train_loss: 0.0192  avg_val_loss: 1.2308 F1: 0.648176  Accuracy: 0.734270 Recall@3: 0.878083 time: 8110s
2021-02-02 17:03:12,110 DEBUG   Epoch 12 - Save Best Accuracy: 0.734270 Model
2021-02-02 19:18:29,508 DEBUG   Epoch 13 - avg_train_loss: 0.0169  avg_val_loss: 1.2752 F1: 0.651807  Accuracy: 0.735453 Recall@3: 0.877475 time: 8116s
2021-02-02 19:18:29,509 DEBUG   Epoch 13 - Save Best Accuracy: 0.735453 Model
2021-02-02 21:33:46,478 DEBUG   Epoch 14 - avg_train_loss: 0.0134  avg_val_loss: 1.3026 F1: 0.659136  Accuracy: 0.738798 Recall@3: 0.880719 time: 8116s
2021-02-02 21:33:46,478 DEBUG   Epoch 14 - Save Best Accuracy: 0.738798 Model
2021-02-02 23:49:15,333 DEBUG   Epoch 15 - avg_train_loss: 0.0116  avg_val_loss: 1.3043 F1: 0.658634  Accuracy: 0.742414 Recall@3: 0.879638 time: 8128s
2021-02-02 23:49:15,333 DEBUG   Epoch 15 - Save Best Accuracy: 0.742414 Model
2021-02-03 02:04:38,818 DEBUG   Epoch 16 - avg_train_loss: 0.0093  avg_val_loss: 1.3032 F1: 0.660333  Accuracy: 0.744374 Recall@3: 0.883524 time: 8123s
2021-02-03 02:04:38,818 DEBUG   Epoch 16 - Save Best Accuracy: 0.744374 Model
2021-02-03 04:20:02,112 DEBUG   Epoch 17 - avg_train_loss: 0.0080  avg_val_loss: 1.3177 F1: 0.663838  Accuracy: 0.744610 Recall@3: 0.881023 time: 8122s
2021-02-03 04:20:02,113 DEBUG   Epoch 17 - Save Best Accuracy: 0.744610 Model
2021-02-03 06:35:46,102 DEBUG   Epoch 18 - avg_train_loss: 0.0066  avg_val_loss: 1.3312 F1: 0.668639  Accuracy: 0.747854 Recall@3: 0.882476 time: 8143s
2021-02-03 06:35:46,102 DEBUG   Epoch 18 - Save Best Accuracy: 0.747854 Model
2021-02-03 08:51:32,090 DEBUG   Epoch 19 - avg_train_loss: 0.0060  avg_val_loss: 1.3569 F1: 0.668318  Accuracy: 0.747719 Recall@3: 0.884267 time: 8145s
2021-02-03 11:07:20,009 DEBUG   Epoch 20 - avg_train_loss: 0.0052  avg_val_loss: 1.3328 F1: 0.670235  Accuracy: 0.751132 Recall@3: 0.886261 time: 8148s
2021-02-03 11:07:20,009 DEBUG   Epoch 20 - Save Best Accuracy: 0.751132 Model
2021-02-03 13:23:22,842 DEBUG   Epoch 21 - avg_train_loss: 0.0047  avg_val_loss: 1.3575 F1: 0.667798  Accuracy: 0.750862 Recall@3: 0.885484 time: 8162s
2021-02-03 15:43:10,216 DEBUG   Epoch 22 - avg_train_loss: 0.0040  avg_val_loss: 1.3658 F1: 0.673531  Accuracy: 0.753261 Recall@3: 0.885517 time: 8387s
2021-02-03 15:43:10,217 DEBUG   Epoch 22 - Save Best Accuracy: 0.753261 Model
2021-02-03 18:03:06,122 DEBUG   Epoch 23 - avg_train_loss: 0.0035  avg_val_loss: 1.3858 F1: 0.672394  Accuracy: 0.754579 Recall@3: 0.886193 time: 8395s
2021-02-03 18:03:06,123 DEBUG   Epoch 23 - Save Best Accuracy: 0.754579 Model
2021-02-03 20:22:53,922 DEBUG   Epoch 24 - avg_train_loss: 0.0032  avg_val_loss: 1.3959 F1: 0.672619  Accuracy: 0.753970 Recall@3: 0.888863 time: 8387s
2021-02-03 22:41:46,871 DEBUG   Epoch 25 - avg_train_loss: 0.0030  avg_val_loss: 1.4135 F1: 0.672669  Accuracy: 0.753734 Recall@3: 0.886903 time: 8333s
2021-02-04 00:58:17,064 DEBUG   Epoch 26 - avg_train_loss: 0.0027  avg_val_loss: 1.3641 F1: 0.679001  Accuracy: 0.757552 Recall@3: 0.888153 time: 8190s
2021-02-04 00:58:17,064 DEBUG   Epoch 26 - Save Best Accuracy: 0.757552 Model
2021-02-04 03:14:43,745 DEBUG   Epoch 27 - avg_train_loss: 0.0025  avg_val_loss: 1.4116 F1: 0.675529  Accuracy: 0.756538 Recall@3: 0.887308 time: 8186s
2021-02-04 05:31:02,569 DEBUG   Epoch 28 - avg_train_loss: 0.0023  avg_val_loss: 1.3835 F1: 0.680731  Accuracy: 0.758870 Recall@3: 0.887883 time: 8179s
2021-02-04 05:31:02,610 DEBUG   Epoch 28 - Save Best Accuracy: 0.758870 Model
2021-02-04 07:46:19,589 DEBUG   Epoch 29 - avg_train_loss: 0.0021  avg_val_loss: 1.4041 F1: 0.682554  Accuracy: 0.759174 Recall@3: 0.887579 time: 8116s
2021-02-04 07:46:19,589 DEBUG   Epoch 29 - Save Best Accuracy: 0.759174 Model
2021-02-04 10:01:30,887 DEBUG   Epoch 30 - avg_train_loss: 0.0019  avg_val_loss: 1.4105 F1: 0.680940  Accuracy: 0.758397 Recall@3: 0.889234 time: 8110s
2021-02-04 12:16:54,154 DEBUG   Epoch 31 - avg_train_loss: 0.0019  avg_val_loss: 1.4227 F1: 0.679826  Accuracy: 0.758194 Recall@3: 0.887443 time: 8123s
2021-02-04 14:32:34,603 DEBUG   Epoch 32 - avg_train_loss: 0.0018  avg_val_loss: 1.4403 F1: 0.679935  Accuracy: 0.759242 Recall@3: 0.888018 time: 8140s
2021-02-04 14:32:34,621 DEBUG   Epoch 32 - Save Best Accuracy: 0.759242 Model
2021-02-04 16:48:59,541 DEBUG   Epoch 33 - avg_train_loss: 0.0016  avg_val_loss: 1.4364 F1: 0.679831  Accuracy: 0.760729 Recall@3: 0.888795 time: 8184s
2021-02-04 16:48:59,555 DEBUG   Epoch 33 - Save Best Accuracy: 0.760729 Model
2021-02-04 19:04:34,652 DEBUG   Epoch 34 - avg_train_loss: 0.0015  avg_val_loss: 1.4537 F1: 0.679267  Accuracy: 0.759546 Recall@3: 0.889065 time: 8134s
2021-02-04 21:20:27,533 DEBUG   Epoch 35 - avg_train_loss: 0.0015  avg_val_loss: 1.4221 F1: 0.682177  Accuracy: 0.762046 Recall@3: 0.889775 time: 8153s
2021-02-04 21:20:27,542 DEBUG   Epoch 35 - Save Best Accuracy: 0.762046 Model
2021-02-04 23:36:13,506 DEBUG   Epoch 36 - avg_train_loss: 0.0015  avg_val_loss: 1.4445 F1: 0.683004  Accuracy: 0.760560 Recall@3: 0.888525 time: 8145s
2021-02-05 01:52:02,507 DEBUG   Epoch 37 - avg_train_loss: 0.0015  avg_val_loss: 1.4323 F1: 0.681106  Accuracy: 0.759411 Recall@3: 0.888221 time: 8149s
2021-02-05 04:07:29,075 DEBUG   Epoch 38 - avg_train_loss: 0.0013  avg_val_loss: 1.4156 F1: 0.682926  Accuracy: 0.762182 Recall@3: 0.889234 time: 8127s
2021-02-05 04:07:29,076 DEBUG   Epoch 38 - Save Best Accuracy: 0.762182 Model
2021-02-05 06:23:30,765 DEBUG   Epoch 39 - avg_train_loss: 0.0013  avg_val_loss: 1.4392 F1: 0.686444  Accuracy: 0.762655 Recall@3: 0.888085 time: 8160s
2021-02-05 06:23:30,765 DEBUG   Epoch 39 - Save Best Accuracy: 0.762655 Model
2021-02-05 08:39:52,947 DEBUG   Epoch 40 - avg_train_loss: 0.0012  avg_val_loss: 1.4365 F1: 0.684555  Accuracy: 0.763094 Recall@3: 0.890349 time: 8181s
2021-02-05 08:39:52,948 DEBUG   Epoch 40 - Save Best Accuracy: 0.763094 Model
2021-02-05 10:57:26,992 DEBUG   Epoch 41 - avg_train_loss: 0.0012  avg_val_loss: 1.4368 F1: 0.683791  Accuracy: 0.763161 Recall@3: 0.889978 time: 8253s
2021-02-05 10:57:26,992 DEBUG   Epoch 41 - Save Best Accuracy: 0.763161 Model
2021-02-05 13:13:36,271 DEBUG   Epoch 42 - avg_train_loss: 0.0012  avg_val_loss: 1.4406 F1: 0.684640  Accuracy: 0.763432 Recall@3: 0.890890 time: 8168s
2021-02-05 13:13:36,272 DEBUG   Epoch 42 - Save Best Accuracy: 0.763432 Model
2021-02-05 15:29:41,123 DEBUG   Epoch 43 - avg_train_loss: 0.0011  avg_val_loss: 1.4342 F1: 0.688194  Accuracy: 0.765223 Recall@3: 0.890485 time: 8164s
2021-02-05 15:29:41,124 DEBUG   Epoch 43 - Save Best Accuracy: 0.765223 Model
2021-02-05 17:45:18,139 DEBUG   Epoch 44 - avg_train_loss: 0.0011  avg_val_loss: 1.4259 F1: 0.686255  Accuracy: 0.763094 Recall@3: 0.891093 time: 8136s
2021-02-05 20:00:43,841 DEBUG   Epoch 45 - avg_train_loss: 0.0011  avg_val_loss: 1.4361 F1: 0.686300  Accuracy: 0.764108 Recall@3: 0.890282 time: 8126s
2021-02-05 22:15:55,495 DEBUG   Epoch 46 - avg_train_loss: 0.0010  avg_val_loss: 1.4249 F1: 0.686125  Accuracy: 0.763297 Recall@3: 0.890485 time: 8112s
2021-02-06 00:31:09,342 DEBUG   Epoch 47 - avg_train_loss: 0.0010  avg_val_loss: 1.4405 F1: 0.686418  Accuracy: 0.763128 Recall@3: 0.890316 time: 8114s
2021-02-06 02:46:17,490 DEBUG   Epoch 48 - avg_train_loss: 0.0010  avg_val_loss: 1.4635 F1: 0.686631  Accuracy: 0.764952 Recall@3: 0.889065 time: 8108s
2021-02-06 05:01:28,761 DEBUG   Epoch 49 - avg_train_loss: 0.0009  avg_val_loss: 1.4585 F1: 0.683820  Accuracy: 0.762891 Recall@3: 0.890147 time: 8111s
2021-02-06 07:16:04,417 DEBUG   Epoch 50 - avg_train_loss: 0.0010  avg_val_loss: 1.4438 F1: 0.686937  Accuracy: 0.764344 Recall@3: 0.889910 time: 8076s
2021-02-06 09:29:03,315 DEBUG   Epoch 51 - avg_train_loss: 0.0009  avg_val_loss: 1.4584 F1: 0.684688  Accuracy: 0.763533 Recall@3: 0.889302 time: 7979s
2021-02-06 11:41:47,322 DEBUG   Epoch 52 - avg_train_loss: 0.0009  avg_val_loss: 1.4604 F1: 0.686076  Accuracy: 0.763060 Recall@3: 0.891059 time: 7961s
2021-02-06 13:54:29,371 DEBUG   Epoch 53 - avg_train_loss: 0.0009  avg_val_loss: 1.4426 F1: 0.689582  Accuracy: 0.766405 Recall@3: 0.890214 time: 7962s
2021-02-06 13:54:29,372 DEBUG   Epoch 53 - Save Best Accuracy: 0.766405 Model
2021-02-06 16:07:08,653 DEBUG   Epoch 54 - avg_train_loss: 0.0009  avg_val_loss: 1.4569 F1: 0.688065  Accuracy: 0.764750 Recall@3: 0.890349 time: 7955s
2021-02-06 18:20:14,330 DEBUG   Epoch 55 - avg_train_loss: 0.0009  avg_val_loss: 1.4572 F1: 0.682419  Accuracy: 0.762553 Recall@3: 0.889843 time: 7986s
2021-02-06 20:32:58,193 DEBUG   Epoch 56 - avg_train_loss: 0.0009  avg_val_loss: 1.4552 F1: 0.688106  Accuracy: 0.764919 Recall@3: 0.890552 time: 7964s
2021-02-06 22:45:43,264 DEBUG   Epoch 57 - avg_train_loss: 0.0009  avg_val_loss: 1.4622 F1: 0.686153  Accuracy: 0.764682 Recall@3: 0.890383 time: 7965s
2021-02-07 00:58:29,276 DEBUG   Epoch 58 - avg_train_loss: 0.0008  avg_val_loss: 1.4744 F1: 0.685382  Accuracy: 0.762046 Recall@3: 0.889133 time: 7966s
2021-02-07 03:11:13,626 DEBUG   Epoch 59 - avg_train_loss: 0.0008  avg_val_loss: 1.4546 F1: 0.685873  Accuracy: 0.764919 Recall@3: 0.891093 time: 7964s
2021-02-07 05:23:56,010 DEBUG   Epoch 60 - avg_train_loss: 0.0008  avg_val_loss: 1.4701 F1: 0.688794  Accuracy: 0.766743 Recall@3: 0.891296 time: 7962s
2021-02-07 05:23:56,054 DEBUG   Epoch 60 - Save Best Accuracy: 0.766743 Model
2021-02-07 07:36:52,583 DEBUG   Epoch 61 - avg_train_loss: 0.0008  avg_val_loss: 1.4722 F1: 0.686246  Accuracy: 0.765459 Recall@3: 0.889538 time: 7973s
2021-02-07 09:49:54,435 DEBUG   Epoch 62 - avg_train_loss: 0.0008  avg_val_loss: 1.4627 F1: 0.686952  Accuracy: 0.764817 Recall@3: 0.889741 time: 7982s
2021-02-07 12:03:04,911 DEBUG   Epoch 63 - avg_train_loss: 0.0008  avg_val_loss: 1.4446 F1: 0.687586  Accuracy: 0.764986 Recall@3: 0.890113 time: 7990s
2021-02-07 14:16:14,638 DEBUG   Epoch 64 - avg_train_loss: 0.0007  avg_val_loss: 1.4672 F1: 0.685801  Accuracy: 0.763803 Recall@3: 0.889809 time: 7990s
2021-02-07 16:29:30,338 DEBUG   Epoch 65 - avg_train_loss: 0.0007  avg_val_loss: 1.4586 F1: 0.686800  Accuracy: 0.765290 Recall@3: 0.889606 time: 7996s
2021-02-07 18:42:39,656 DEBUG   Epoch 66 - avg_train_loss: 0.0008  avg_val_loss: 1.4747 F1: 0.687019  Accuracy: 0.764648 Recall@3: 0.889741 time: 7989s
2021-02-07 20:57:28,354 DEBUG   Epoch 67 - avg_train_loss: 0.0008  avg_val_loss: 1.4738 F1: 0.686161  Accuracy: 0.763837 Recall@3: 0.891059 time: 8089s
2021-02-07 23:10:37,615 DEBUG   Epoch 68 - avg_train_loss: 0.0007  avg_val_loss: 1.4663 F1: 0.685505  Accuracy: 0.764648 Recall@3: 0.889775 time: 7989s
2021-02-08 01:23:57,788 DEBUG   Epoch 69 - avg_train_loss: 0.0007  avg_val_loss: 1.4828 F1: 0.688883  Accuracy: 0.765696 Recall@3: 0.889741 time: 8000s
2021-02-08 03:37:11,468 DEBUG   Epoch 70 - avg_train_loss: 0.0008  avg_val_loss: 1.5046 F1: 0.686054  Accuracy: 0.764006 Recall@3: 0.889065 time: 7994s
2021-02-08 05:50:34,415 DEBUG   Epoch 71 - avg_train_loss: 0.0008  avg_val_loss: 1.4472 F1: 0.688467  Accuracy: 0.765763 Recall@3: 0.890282 time: 8003s
2021-02-08 08:03:46,812 DEBUG   Epoch 72 - avg_train_loss: 0.0007  avg_val_loss: 1.4880 F1: 0.691342  Accuracy: 0.767284 Recall@3: 0.890856 time: 7992s
2021-02-08 08:03:46,812 DEBUG   Epoch 72 - Save Best Accuracy: 0.767284 Model
2021-02-08 10:17:09,530 DEBUG   Epoch 73 - avg_train_loss: 0.0008  avg_val_loss: 1.4972 F1: 0.685218  Accuracy: 0.763635 Recall@3: 0.889707 time: 8002s
2021-02-08 12:31:17,549 DEBUG   Epoch 74 - avg_train_loss: 0.0007  avg_val_loss: 1.4708 F1: 0.688305  Accuracy: 0.765662 Recall@3: 0.890789 time: 8048s
2021-02-08 14:47:08,174 DEBUG   Epoch 75 - avg_train_loss: 0.0007  avg_val_loss: 1.4888 F1: 0.688601  Accuracy: 0.765392 Recall@3: 0.890755 time: 8151s
2021-02-08 17:03:01,927 DEBUG   Epoch 76 - avg_train_loss: 0.0007  avg_val_loss: 1.4699 F1: 0.687744  Accuracy: 0.765223 Recall@3: 0.890451 time: 8154s
2021-02-08 19:17:53,012 DEBUG   Epoch 77 - avg_train_loss: 0.0007  avg_val_loss: 1.4804 F1: 0.686469  Accuracy: 0.764412 Recall@3: 0.891329 time: 8091s
2021-02-08 21:33:27,821 DEBUG   Epoch 78 - avg_train_loss: 0.0007  avg_val_loss: 1.4916 F1: 0.686524  Accuracy: 0.764412 Recall@3: 0.890687 time: 8135s
2021-02-08 23:49:07,298 DEBUG   Epoch 79 - avg_train_loss: 0.0007  avg_val_loss: 1.4548 F1: 0.690335  Accuracy: 0.766541 Recall@3: 0.891025 time: 8139s
2021-02-09 02:02:38,597 DEBUG   Epoch 80 - avg_train_loss: 0.0007  avg_val_loss: 1.4313 F1: 0.689250  Accuracy: 0.766439 Recall@3: 0.890890 time: 8011s
2021-02-09 04:16:02,635 DEBUG   Epoch 81 - avg_train_loss: 0.0007  avg_val_loss: 1.4765 F1: 0.687530  Accuracy: 0.765527 Recall@3: 0.891397 time: 8004s
2021-02-09 06:29:26,384 DEBUG   Epoch 82 - avg_train_loss: 0.0007  avg_val_loss: 1.4816 F1: 0.687033  Accuracy: 0.765189 Recall@3: 0.890958 time: 8004s
2021-02-09 08:42:22,563 DEBUG   Epoch 83 - avg_train_loss: 0.0007  avg_val_loss: 1.4929 F1: 0.687198  Accuracy: 0.765561 Recall@3: 0.890180 time: 7976s
2021-02-09 10:55:24,839 DEBUG   Epoch 84 - avg_train_loss: 0.0007  avg_val_loss: 1.4867 F1: 0.687474  Accuracy: 0.764175 Recall@3: 0.889876 time: 7982s
2021-02-09 13:08:46,429 DEBUG   Epoch 85 - avg_train_loss: 0.0007  avg_val_loss: 1.4708 F1: 0.688960  Accuracy: 0.766507 Recall@3: 0.890282 time: 8002s
2021-02-09 15:21:54,915 DEBUG   Epoch 86 - avg_train_loss: 0.0008  avg_val_loss: 1.4628 F1: 0.688315  Accuracy: 0.765223 Recall@3: 0.890991 time: 7988s
2021-02-09 17:35:38,956 DEBUG   Epoch 87 - avg_train_loss: 0.0007  avg_val_loss: 1.4768 F1: 0.686495  Accuracy: 0.765527 Recall@3: 0.890654 time: 8024s
2021-02-09 19:49:10,486 DEBUG   Epoch 88 - avg_train_loss: 0.0007  avg_val_loss: 1.4616 F1: 0.687512  Accuracy: 0.764716 Recall@3: 0.890349 time: 8012s
2021-02-09 22:02:32,831 DEBUG   Epoch 89 - avg_train_loss: 0.0007  avg_val_loss: 1.4691 F1: 0.689577  Accuracy: 0.766304 Recall@3: 0.890045 time: 8002s
2021-02-10 00:15:35,845 DEBUG   Epoch 90 - avg_train_loss: 0.0007  avg_val_loss: 1.4670 F1: 0.689381  Accuracy: 0.766169 Recall@3: 0.890552 time: 7983s
2021-02-10 02:28:56,120 DEBUG   Epoch 91 - avg_train_loss: 0.0007  avg_val_loss: 1.4896 F1: 0.686875  Accuracy: 0.764209 Recall@3: 0.889302 time: 8000s
2021-02-10 04:42:14,591 DEBUG   Epoch 92 - avg_train_loss: 0.0007  avg_val_loss: 1.4656 F1: 0.688871  Accuracy: 0.766642 Recall@3: 0.890485 time: 7998s
2021-02-10 06:55:32,291 DEBUG   Epoch 93 - avg_train_loss: 0.0006  avg_val_loss: 1.4783 F1: 0.688238  Accuracy: 0.765898 Recall@3: 0.890180 time: 7998s
2021-02-10 09:08:44,767 DEBUG   Epoch 94 - avg_train_loss: 0.0007  avg_val_loss: 1.4771 F1: 0.689232  Accuracy: 0.765730 Recall@3: 0.890316 time: 7992s
2021-02-10 11:22:13,351 DEBUG   Epoch 95 - avg_train_loss: 0.0007  avg_val_loss: 1.4784 F1: 0.689128  Accuracy: 0.766034 Recall@3: 0.889944 time: 8009s
2021-02-10 13:35:16,880 DEBUG   Epoch 96 - avg_train_loss: 0.0007  avg_val_loss: 1.4719 F1: 0.687018  Accuracy: 0.765054 Recall@3: 0.890214 time: 7984s
2021-02-10 15:48:59,528 DEBUG   Epoch 97 - avg_train_loss: 0.0007  avg_val_loss: 1.4899 F1: 0.689714  Accuracy: 0.766811 Recall@3: 0.890383 time: 8023s
2021-02-10 18:01:58,421 DEBUG   Epoch 98 - avg_train_loss: 0.0007  avg_val_loss: 1.4650 F1: 0.687277  Accuracy: 0.764986 Recall@3: 0.889707 time: 7979s
2021-02-10 20:14:51,180 DEBUG   Epoch 99 - avg_train_loss: 0.0007  avg_val_loss: 1.4826 F1: 0.687427  Accuracy: 0.765696 Recall@3: 0.889606 time: 7973s
2021-02-10 22:27:59,974 DEBUG   Epoch 100 - avg_train_loss: 0.0007  avg_val_loss: 1.4759 F1: 0.688609  Accuracy: 0.765966 Recall@3: 0.891194 time: 7989s
2021-02-10 22:27:59,975 INFO [Train model] done in 808319 s.
