2021-01-21 22:54:59,794 INFO [Train model] start
2021-01-21 22:55:59,972 INFO [Train model] start
2021-01-22 01:02:53,859 DEBUG   Epoch 1 - avg_train_loss: 1.0052  avg_val_loss: 2.9716 F1: 0.161859  Accuracy: 0.359972 Recall@3: 0.549402 time: 7611s
2021-01-22 01:02:53,861 DEBUG   Epoch 1 - Save Best Accuracy: 0.359972 Model
2021-01-22 01:02:53,947 DEBUG   Epoch 1 - Save Best Loss: 2.9716 Model
2021-01-22 03:06:21,974 DEBUG   Epoch 2 - avg_train_loss: 0.6704  avg_val_loss: 2.4108 F1: 0.260975  Accuracy: 0.450868 Recall@3: 0.642833 time: 7408s
2021-01-22 03:06:21,976 DEBUG   Epoch 2 - Save Best Accuracy: 0.450868 Model
2021-01-22 03:06:22,066 DEBUG   Epoch 2 - Save Best Loss: 2.4108 Model
2021-01-22 05:09:18,423 DEBUG   Epoch 3 - avg_train_loss: 0.5686  avg_val_loss: 2.1831 F1: 0.321857  Accuracy: 0.490708 Recall@3: 0.681861 time: 7376s
2021-01-22 05:09:18,427 DEBUG   Epoch 3 - Save Best Accuracy: 0.490708 Model
2021-01-22 05:09:18,654 DEBUG   Epoch 3 - Save Best Loss: 2.1831 Model
2021-01-22 07:15:28,359 DEBUG   Epoch 4 - avg_train_loss: 0.5092  avg_val_loss: 1.9862 F1: 0.365851  Accuracy: 0.525613 Recall@3: 0.719943 time: 7570s
2021-01-22 07:15:28,367 DEBUG   Epoch 4 - Save Best Accuracy: 0.525613 Model
2021-01-22 07:15:28,563 DEBUG   Epoch 4 - Save Best Loss: 1.9862 Model
2021-01-22 09:20:19,383 DEBUG   Epoch 5 - avg_train_loss: 0.4673  avg_val_loss: 1.8962 F1: 0.403733  Accuracy: 0.547070 Recall@3: 0.735926 time: 7491s
2021-01-22 09:20:19,385 DEBUG   Epoch 5 - Save Best Accuracy: 0.547070 Model
2021-01-22 09:20:19,542 DEBUG   Epoch 5 - Save Best Loss: 1.8962 Model
2021-01-22 11:25:31,728 DEBUG   Epoch 6 - avg_train_loss: 0.4374  avg_val_loss: 1.7626 F1: 0.428838  Accuracy: 0.574001 Recall@3: 0.756910 time: 7512s
2021-01-22 11:25:31,730 DEBUG   Epoch 6 - Save Best Accuracy: 0.574001 Model
2021-01-22 11:25:31,866 DEBUG   Epoch 6 - Save Best Loss: 1.7626 Model
2021-01-22 13:30:33,963 DEBUG   Epoch 7 - avg_train_loss: 0.4111  avg_val_loss: 1.7571 F1: 0.436711  Accuracy: 0.576164 Recall@3: 0.761776 time: 7502s
2021-01-22 13:30:33,964 DEBUG   Epoch 7 - Save Best Accuracy: 0.576164 Model
2021-01-22 13:30:34,021 DEBUG   Epoch 7 - Save Best Loss: 1.7571 Model
2021-01-22 15:03:55,290 DEBUG   Epoch 8 - avg_train_loss: 0.3892  avg_val_loss: 1.7047 F1: 0.458877  Accuracy: 0.587146 Recall@3: 0.771677 time: 5601s
2021-01-22 15:03:55,292 DEBUG   Epoch 8 - Save Best Accuracy: 0.587146 Model
2021-01-22 15:03:55,380 DEBUG   Epoch 8 - Save Best Loss: 1.7047 Model
2021-01-22 16:37:19,004 DEBUG   Epoch 9 - avg_train_loss: 0.3699  avg_val_loss: 1.6586 F1: 0.472532  Accuracy: 0.597351 Recall@3: 0.780428 time: 5604s
2021-01-22 16:37:19,005 DEBUG   Epoch 9 - Save Best Accuracy: 0.597351 Model
2021-01-22 16:37:19,083 DEBUG   Epoch 9 - Save Best Loss: 1.6586 Model
2021-01-22 18:10:47,307 DEBUG   Epoch 10 - avg_train_loss: 0.3544  avg_val_loss: 1.6077 F1: 0.487587  Accuracy: 0.606812 Recall@3: 0.789248 time: 5608s
2021-01-22 18:10:47,308 DEBUG   Epoch 10 - Save Best Accuracy: 0.606812 Model
2021-01-22 18:10:47,359 DEBUG   Epoch 10 - Save Best Loss: 1.6077 Model
2021-01-22 19:44:27,465 DEBUG   Epoch 11 - avg_train_loss: 0.3398  avg_val_loss: 1.5753 F1: 0.497013  Accuracy: 0.615834 Recall@3: 0.793269 time: 5620s
2021-01-22 19:44:27,466 DEBUG   Epoch 11 - Save Best Accuracy: 0.615834 Model
2021-01-22 19:44:27,549 DEBUG   Epoch 11 - Save Best Loss: 1.5753 Model
2021-01-22 21:17:00,096 DEBUG   Epoch 12 - avg_train_loss: 0.3266  avg_val_loss: 1.5476 F1: 0.500916  Accuracy: 0.619450 Recall@3: 0.798473 time: 5553s
2021-01-22 21:17:00,104 DEBUG   Epoch 12 - Save Best Accuracy: 0.619450 Model
2021-01-22 21:17:00,208 DEBUG   Epoch 12 - Save Best Loss: 1.5476 Model
2021-01-22 22:49:51,555 DEBUG   Epoch 13 - avg_train_loss: 0.3139  avg_val_loss: 1.5481 F1: 0.511313  Accuracy: 0.622052 Recall@3: 0.798169 time: 5571s
2021-01-22 22:49:51,556 DEBUG   Epoch 13 - Save Best Accuracy: 0.622052 Model
2021-01-23 00:22:59,335 DEBUG   Epoch 14 - avg_train_loss: 0.3022  avg_val_loss: 1.5235 F1: 0.517516  Accuracy: 0.628404 Recall@3: 0.803305 time: 5588s
2021-01-23 00:22:59,344 DEBUG   Epoch 14 - Save Best Accuracy: 0.628404 Model
2021-01-23 00:22:59,420 DEBUG   Epoch 14 - Save Best Loss: 1.5235 Model
2021-01-23 01:55:47,729 DEBUG   Epoch 15 - avg_train_loss: 0.2937  avg_val_loss: 1.5206 F1: 0.520769  Accuracy: 0.628540 Recall@3: 0.804048 time: 5568s
2021-01-23 01:55:47,731 DEBUG   Epoch 15 - Save Best Accuracy: 0.628540 Model
2021-01-23 01:55:47,802 DEBUG   Epoch 15 - Save Best Loss: 1.5206 Model
2021-01-23 03:28:43,121 DEBUG   Epoch 16 - avg_train_loss: 0.2837  avg_val_loss: 1.5064 F1: 0.520414  Accuracy: 0.631141 Recall@3: 0.804623 time: 5575s
2021-01-23 03:28:43,123 DEBUG   Epoch 16 - Save Best Accuracy: 0.631141 Model
2021-01-23 03:28:43,187 DEBUG   Epoch 16 - Save Best Loss: 1.5064 Model
2021-01-23 05:01:12,808 DEBUG   Epoch 17 - avg_train_loss: 0.2753  avg_val_loss: 1.4922 F1: 0.523055  Accuracy: 0.633676 Recall@3: 0.808002 time: 5550s
2021-01-23 05:01:12,810 DEBUG   Epoch 17 - Save Best Accuracy: 0.633676 Model
2021-01-23 05:01:12,888 DEBUG   Epoch 17 - Save Best Loss: 1.4922 Model
2021-01-23 06:34:20,590 DEBUG   Epoch 18 - avg_train_loss: 0.2638  avg_val_loss: 1.4796 F1: 0.529302  Accuracy: 0.638643 Recall@3: 0.812327 time: 5588s
2021-01-23 06:34:20,591 DEBUG   Epoch 18 - Save Best Accuracy: 0.638643 Model
2021-01-23 06:34:20,654 DEBUG   Epoch 18 - Save Best Loss: 1.4796 Model
2021-01-23 08:08:13,488 DEBUG   Epoch 19 - avg_train_loss: 0.2577  avg_val_loss: 1.4748 F1: 0.536497  Accuracy: 0.641211 Recall@3: 0.815131 time: 5633s
2021-01-23 08:08:13,489 DEBUG   Epoch 19 - Save Best Accuracy: 0.641211 Model
2021-01-23 08:08:13,553 DEBUG   Epoch 19 - Save Best Loss: 1.4748 Model
2021-01-23 09:41:42,584 DEBUG   Epoch 20 - avg_train_loss: 0.2507  avg_val_loss: 1.4665 F1: 0.537646  Accuracy: 0.642292 Recall@3: 0.814050 time: 5609s
2021-01-23 09:41:42,586 DEBUG   Epoch 20 - Save Best Accuracy: 0.642292 Model
2021-01-23 09:41:42,644 DEBUG   Epoch 20 - Save Best Loss: 1.4665 Model
2021-01-23 11:14:38,038 DEBUG   Epoch 21 - avg_train_loss: 0.2410  avg_val_loss: 1.4648 F1: 0.539781  Accuracy: 0.647091 Recall@3: 0.815976 time: 5575s
2021-01-23 11:14:38,040 DEBUG   Epoch 21 - Save Best Accuracy: 0.647091 Model
2021-01-23 11:14:38,121 DEBUG   Epoch 21 - Save Best Loss: 1.4648 Model
2021-01-23 12:47:41,007 DEBUG   Epoch 22 - avg_train_loss: 0.2346  avg_val_loss: 1.4559 F1: 0.545046  Accuracy: 0.649591 Recall@3: 0.818815 time: 5583s
2021-01-23 12:47:41,008 DEBUG   Epoch 22 - Save Best Accuracy: 0.649591 Model
2021-01-23 12:47:41,070 DEBUG   Epoch 22 - Save Best Loss: 1.4559 Model
2021-01-23 14:20:45,167 DEBUG   Epoch 23 - avg_train_loss: 0.2294  avg_val_loss: 1.4805 F1: 0.542092  Accuracy: 0.647902 Recall@3: 0.814354 time: 5584s
2021-01-23 15:55:01,503 DEBUG   Epoch 24 - avg_train_loss: 0.2219  avg_val_loss: 1.4605 F1: 0.547342  Accuracy: 0.653004 Recall@3: 0.820268 time: 5656s
2021-01-23 15:55:01,505 DEBUG   Epoch 24 - Save Best Accuracy: 0.653004 Model
2021-01-23 17:28:35,159 DEBUG   Epoch 25 - avg_train_loss: 0.2061  avg_val_loss: 1.4055 F1: 0.556440  Accuracy: 0.662432 Recall@3: 0.828208 time: 5614s
2021-01-23 17:28:35,161 DEBUG   Epoch 25 - Save Best Accuracy: 0.662432 Model
2021-01-23 17:28:35,250 DEBUG   Epoch 25 - Save Best Loss: 1.4055 Model
2021-01-23 19:02:20,981 DEBUG   Epoch 26 - avg_train_loss: 0.1996  avg_val_loss: 1.4218 F1: 0.562201  Accuracy: 0.661114 Recall@3: 0.827330 time: 5626s
2021-01-23 20:36:05,018 DEBUG   Epoch 27 - avg_train_loss: 0.1962  avg_val_loss: 1.4302 F1: 0.558616  Accuracy: 0.659863 Recall@3: 0.825404 time: 5624s
2021-01-23 22:11:38,473 DEBUG   Epoch 28 - avg_train_loss: 0.1816  avg_val_loss: 1.4094 F1: 0.559617  Accuracy: 0.663952 Recall@3: 0.831655 time: 5733s
2021-01-23 22:11:38,474 DEBUG   Epoch 28 - Save Best Accuracy: 0.663952 Model
2021-01-23 23:46:38,081 DEBUG   Epoch 29 - avg_train_loss: 0.1763  avg_val_loss: 1.4109 F1: 0.568437  Accuracy: 0.666419 Recall@3: 0.829999 time: 5700s
2021-01-23 23:46:38,090 DEBUG   Epoch 29 - Save Best Accuracy: 0.666419 Model
2021-01-24 01:19:58,152 DEBUG   Epoch 30 - avg_train_loss: 0.1655  avg_val_loss: 1.3904 F1: 0.570789  Accuracy: 0.671319 Recall@3: 0.835000 time: 5600s
2021-01-24 01:19:58,153 DEBUG   Epoch 30 - Save Best Accuracy: 0.671319 Model
2021-01-24 01:19:58,235 DEBUG   Epoch 30 - Save Best Loss: 1.3904 Model
2021-01-24 02:53:12,511 DEBUG   Epoch 31 - avg_train_loss: 0.1593  avg_val_loss: 1.3981 F1: 0.572144  Accuracy: 0.671656 Recall@3: 0.834798 time: 5594s
2021-01-24 02:53:12,512 DEBUG   Epoch 31 - Save Best Accuracy: 0.671656 Model
2021-01-24 04:27:02,425 DEBUG   Epoch 32 - avg_train_loss: 0.1558  avg_val_loss: 1.4095 F1: 0.572510  Accuracy: 0.672028 Recall@3: 0.833378 time: 5630s
2021-01-24 04:27:02,426 DEBUG   Epoch 32 - Save Best Accuracy: 0.672028 Model
2021-01-24 05:59:54,833 DEBUG   Epoch 33 - avg_train_loss: 0.1460  avg_val_loss: 1.3932 F1: 0.578192  Accuracy: 0.674427 Recall@3: 0.837298 time: 5572s
2021-01-24 05:59:54,835 DEBUG   Epoch 33 - Save Best Accuracy: 0.674427 Model
2021-01-24 07:32:42,444 DEBUG   Epoch 34 - avg_train_loss: 0.1406  avg_val_loss: 1.3920 F1: 0.575124  Accuracy: 0.675711 Recall@3: 0.836555 time: 5568s
2021-01-24 07:32:42,445 DEBUG   Epoch 34 - Save Best Accuracy: 0.675711 Model
2021-01-24 09:05:57,374 DEBUG   Epoch 35 - avg_train_loss: 0.1323  avg_val_loss: 1.3880 F1: 0.580176  Accuracy: 0.679124 Recall@3: 0.839528 time: 5595s
2021-01-24 09:05:57,390 DEBUG   Epoch 35 - Save Best Accuracy: 0.679124 Model
2021-01-24 09:05:57,495 DEBUG   Epoch 35 - Save Best Loss: 1.3880 Model
2021-01-24 10:38:59,755 DEBUG   Epoch 36 - avg_train_loss: 0.1289  avg_val_loss: 1.3996 F1: 0.574276  Accuracy: 0.675846 Recall@3: 0.837332 time: 5582s
2021-01-24 12:11:38,362 DEBUG   Epoch 37 - avg_train_loss: 0.1260  avg_val_loss: 1.4056 F1: 0.582443  Accuracy: 0.677536 Recall@3: 0.837940 time: 5559s
2021-01-24 13:44:31,162 DEBUG   Epoch 38 - avg_train_loss: 0.1171  avg_val_loss: 1.4077 F1: 0.581964  Accuracy: 0.679394 Recall@3: 0.837704 time: 5573s
2021-01-24 13:44:31,163 DEBUG   Epoch 38 - Save Best Accuracy: 0.679394 Model
2021-01-24 15:17:40,733 DEBUG   Epoch 39 - avg_train_loss: 0.1154  avg_val_loss: 1.3924 F1: 0.587263  Accuracy: 0.683787 Recall@3: 0.839494 time: 5589s
2021-01-24 15:17:40,741 DEBUG   Epoch 39 - Save Best Accuracy: 0.683787 Model
2021-01-24 16:50:19,684 DEBUG   Epoch 40 - avg_train_loss: 0.1076  avg_val_loss: 1.4021 F1: 0.587134  Accuracy: 0.682334 Recall@3: 0.842468 time: 5559s
2021-01-24 18:23:25,627 DEBUG   Epoch 41 - avg_train_loss: 0.1059  avg_val_loss: 1.4118 F1: 0.585144  Accuracy: 0.682740 Recall@3: 0.839697 time: 5586s
2021-01-24 19:57:01,960 DEBUG   Epoch 42 - avg_train_loss: 0.0983  avg_val_loss: 1.4000 F1: 0.586952  Accuracy: 0.683889 Recall@3: 0.841758 time: 5616s
2021-01-24 19:57:01,962 DEBUG   Epoch 42 - Save Best Accuracy: 0.683889 Model
2021-01-24 21:30:25,988 DEBUG   Epoch 43 - avg_train_loss: 0.0966  avg_val_loss: 1.4159 F1: 0.589804  Accuracy: 0.685646 Recall@3: 0.841083 time: 5604s
2021-01-24 21:30:25,989 DEBUG   Epoch 43 - Save Best Accuracy: 0.685646 Model
2021-01-24 22:40:37,250 DEBUG   Epoch 44 - avg_train_loss: 0.0909  avg_val_loss: 1.4010 F1: 0.592380  Accuracy: 0.686795 Recall@3: 0.844056 time: 4211s
2021-01-24 22:40:37,251 DEBUG   Epoch 44 - Save Best Accuracy: 0.686795 Model
2021-01-24 23:37:59,141 DEBUG   Epoch 45 - avg_train_loss: 0.0886  avg_val_loss: 1.4114 F1: 0.594296  Accuracy: 0.687876 Recall@3: 0.843009 time: 3442s
2021-01-24 23:37:59,142 DEBUG   Epoch 45 - Save Best Accuracy: 0.687876 Model
2021-01-25 00:34:30,207 DEBUG   Epoch 46 - avg_train_loss: 0.0836  avg_val_loss: 1.4102 F1: 0.590506  Accuracy: 0.685274 Recall@3: 0.843144 time: 3391s
2021-01-25 01:31:30,057 DEBUG   Epoch 47 - avg_train_loss: 0.0820  avg_val_loss: 1.4250 F1: 0.588709  Accuracy: 0.684767 Recall@3: 0.842840 time: 3420s
2021-01-25 02:28:27,602 DEBUG   Epoch 48 - avg_train_loss: 0.0796  avg_val_loss: 1.4161 F1: 0.587297  Accuracy: 0.687234 Recall@3: 0.843752 time: 3418s
2021-01-25 03:25:38,816 DEBUG   Epoch 49 - avg_train_loss: 0.0759  avg_val_loss: 1.4310 F1: 0.590271  Accuracy: 0.684869 Recall@3: 0.841421 time: 3431s
2021-01-25 04:22:37,575 DEBUG   Epoch 50 - avg_train_loss: 0.0736  avg_val_loss: 1.4190 F1: 0.590581  Accuracy: 0.688349 Recall@3: 0.844664 time: 3419s
2021-01-25 04:22:37,576 DEBUG   Epoch 50 - Save Best Accuracy: 0.688349 Model
2021-01-25 05:19:38,047 DEBUG   Epoch 51 - avg_train_loss: 0.0719  avg_val_loss: 1.4303 F1: 0.592826  Accuracy: 0.688349 Recall@3: 0.844800 time: 3420s
2021-01-25 06:16:48,227 DEBUG   Epoch 52 - avg_train_loss: 0.0680  avg_val_loss: 1.4305 F1: 0.590590  Accuracy: 0.690343 Recall@3: 0.843989 time: 3430s
2021-01-25 06:16:48,229 DEBUG   Epoch 52 - Save Best Accuracy: 0.690343 Model
2021-01-25 07:13:07,787 DEBUG   Epoch 53 - avg_train_loss: 0.0671  avg_val_loss: 1.4354 F1: 0.591618  Accuracy: 0.687707 Recall@3: 0.844124 time: 3380s
2021-01-25 08:09:58,250 DEBUG   Epoch 54 - avg_train_loss: 0.0646  avg_val_loss: 1.4261 F1: 0.593471  Accuracy: 0.689768 Recall@3: 0.845138 time: 3410s
2021-01-25 09:05:52,308 DEBUG   Epoch 55 - avg_train_loss: 0.0631  avg_val_loss: 1.4345 F1: 0.595833  Accuracy: 0.689633 Recall@3: 0.843583 time: 3354s
2021-01-25 10:12:32,645 DEBUG   Epoch 56 - avg_train_loss: 0.0608  avg_val_loss: 1.4396 F1: 0.594796  Accuracy: 0.690579 Recall@3: 0.843887 time: 4000s
2021-01-25 10:12:32,646 DEBUG   Epoch 56 - Save Best Accuracy: 0.690579 Model
2021-01-25 11:30:45,978 DEBUG   Epoch 57 - avg_train_loss: 0.0595  avg_val_loss: 1.4493 F1: 0.597075  Accuracy: 0.690343 Recall@3: 0.843009 time: 4693s
2021-01-25 12:43:34,755 DEBUG   Epoch 58 - avg_train_loss: 0.0581  avg_val_loss: 1.4357 F1: 0.597387  Accuracy: 0.691424 Recall@3: 0.845239 time: 4369s
2021-01-25 12:43:34,757 DEBUG   Epoch 58 - Save Best Accuracy: 0.691424 Model
2021-01-25 13:55:18,535 DEBUG   Epoch 59 - avg_train_loss: 0.0575  avg_val_loss: 1.4424 F1: 0.597660  Accuracy: 0.691694 Recall@3: 0.845171 time: 4304s
2021-01-25 13:55:18,536 DEBUG   Epoch 59 - Save Best Accuracy: 0.691694 Model
2021-01-25 15:07:04,621 DEBUG   Epoch 60 - avg_train_loss: 0.0547  avg_val_loss: 1.4443 F1: 0.594723  Accuracy: 0.689971 Recall@3: 0.844563 time: 4306s
2021-01-25 16:22:44,936 DEBUG   Epoch 61 - avg_train_loss: 0.0547  avg_val_loss: 1.4427 F1: 0.598518  Accuracy: 0.691390 Recall@3: 0.845475 time: 4540s
2021-01-25 17:41:25,551 DEBUG   Epoch 62 - avg_train_loss: 0.0526  avg_val_loss: 1.4502 F1: 0.598517  Accuracy: 0.693046 Recall@3: 0.844631 time: 4721s
2021-01-25 17:41:25,780 DEBUG   Epoch 62 - Save Best Accuracy: 0.693046 Model
2021-01-25 18:54:25,136 DEBUG   Epoch 63 - avg_train_loss: 0.0530  avg_val_loss: 1.4557 F1: 0.596395  Accuracy: 0.692134 Recall@3: 0.846050 time: 4379s
2021-01-25 20:08:46,256 DEBUG   Epoch 64 - avg_train_loss: 0.0506  avg_val_loss: 1.4602 F1: 0.597968  Accuracy: 0.692032 Recall@3: 0.845780 time: 4461s
2021-01-25 21:21:30,736 DEBUG   Epoch 65 - avg_train_loss: 0.0502  avg_val_loss: 1.4571 F1: 0.599778  Accuracy: 0.692404 Recall@3: 0.844867 time: 4364s
2021-01-25 22:35:54,239 DEBUG   Epoch 66 - avg_train_loss: 0.0488  avg_val_loss: 1.4575 F1: 0.595025  Accuracy: 0.690681 Recall@3: 0.843380 time: 4464s
2021-01-25 23:48:40,762 DEBUG   Epoch 67 - avg_train_loss: 0.0482  avg_val_loss: 1.4580 F1: 0.597515  Accuracy: 0.693215 Recall@3: 0.846286 time: 4367s
2021-01-25 23:48:40,763 DEBUG   Epoch 67 - Save Best Accuracy: 0.693215 Model
2021-01-26 01:02:55,390 DEBUG   Epoch 68 - avg_train_loss: 0.0472  avg_val_loss: 1.4612 F1: 0.599105  Accuracy: 0.694465 Recall@3: 0.845408 time: 4455s
2021-01-26 01:02:55,391 DEBUG   Epoch 68 - Save Best Accuracy: 0.694465 Model
2021-01-26 02:16:51,937 DEBUG   Epoch 69 - avg_train_loss: 0.0473  avg_val_loss: 1.4592 F1: 0.598814  Accuracy: 0.692978 Recall@3: 0.844833 time: 4436s
2021-01-26 03:28:49,924 DEBUG   Epoch 70 - avg_train_loss: 0.0464  avg_val_loss: 1.4607 F1: 0.597503  Accuracy: 0.692776 Recall@3: 0.846557 time: 4318s
2021-01-26 04:41:47,545 DEBUG   Epoch 71 - avg_train_loss: 0.0455  avg_val_loss: 1.4645 F1: 0.597610  Accuracy: 0.691965 Recall@3: 0.844563 time: 4378s
2021-01-26 05:53:54,594 DEBUG   Epoch 72 - avg_train_loss: 0.0449  avg_val_loss: 1.4623 F1: 0.597445  Accuracy: 0.692336 Recall@3: 0.845374 time: 4327s
2021-01-26 07:08:13,170 DEBUG   Epoch 73 - avg_train_loss: 0.0444  avg_val_loss: 1.4705 F1: 0.597227  Accuracy: 0.692539 Recall@3: 0.845442 time: 4459s
2021-01-26 08:22:20,346 DEBUG   Epoch 74 - avg_train_loss: 0.0436  avg_val_loss: 1.4690 F1: 0.598934  Accuracy: 0.692235 Recall@3: 0.845475 time: 4447s
2021-01-26 09:36:05,297 DEBUG   Epoch 75 - avg_train_loss: 0.0435  avg_val_loss: 1.4673 F1: 0.598769  Accuracy: 0.692032 Recall@3: 0.843820 time: 4425s
2021-01-26 10:48:57,056 DEBUG   Epoch 76 - avg_train_loss: 0.0428  avg_val_loss: 1.4734 F1: 0.596603  Accuracy: 0.691660 Recall@3: 0.845813 time: 4372s
2021-01-26 12:01:43,515 DEBUG   Epoch 77 - avg_train_loss: 0.0426  avg_val_loss: 1.4646 F1: 0.600389  Accuracy: 0.694195 Recall@3: 0.845138 time: 4366s
2021-01-26 13:15:57,905 DEBUG   Epoch 78 - avg_train_loss: 0.0419  avg_val_loss: 1.4692 F1: 0.600463  Accuracy: 0.692911 Recall@3: 0.846455 time: 4454s
2021-01-26 14:29:00,222 DEBUG   Epoch 79 - avg_train_loss: 0.0412  avg_val_loss: 1.4666 F1: 0.602140  Accuracy: 0.694769 Recall@3: 0.845306 time: 4382s
2021-01-26 14:29:00,223 DEBUG   Epoch 79 - Save Best Accuracy: 0.694769 Model
2021-01-26 15:41:55,036 DEBUG   Epoch 80 - avg_train_loss: 0.0412  avg_val_loss: 1.4631 F1: 0.599401  Accuracy: 0.693553 Recall@3: 0.846455 time: 4375s
2021-01-26 16:55:23,857 DEBUG   Epoch 81 - avg_train_loss: 0.0407  avg_val_loss: 1.4707 F1: 0.601763  Accuracy: 0.693857 Recall@3: 0.844563 time: 4409s
2021-01-26 18:09:27,418 DEBUG   Epoch 82 - avg_train_loss: 0.0399  avg_val_loss: 1.4730 F1: 0.598625  Accuracy: 0.693249 Recall@3: 0.845002 time: 4444s
2021-01-26 19:24:26,416 DEBUG   Epoch 83 - avg_train_loss: 0.0399  avg_val_loss: 1.4714 F1: 0.601501  Accuracy: 0.693755 Recall@3: 0.844732 time: 4499s
2021-01-26 20:38:55,762 DEBUG   Epoch 84 - avg_train_loss: 0.0401  avg_val_loss: 1.4751 F1: 0.599824  Accuracy: 0.693181 Recall@3: 0.844563 time: 4469s
2021-01-26 21:53:09,522 DEBUG   Epoch 85 - avg_train_loss: 0.0391  avg_val_loss: 1.4791 F1: 0.599798  Accuracy: 0.693823 Recall@3: 0.845712 time: 4454s
2021-01-26 23:07:33,473 DEBUG   Epoch 86 - avg_train_loss: 0.0391  avg_val_loss: 1.4791 F1: 0.597406  Accuracy: 0.692269 Recall@3: 0.845780 time: 4464s
2021-01-27 00:22:49,502 DEBUG   Epoch 87 - avg_train_loss: 0.0386  avg_val_loss: 1.4752 F1: 0.597426  Accuracy: 0.691728 Recall@3: 0.845374 time: 4516s
2021-01-27 01:36:49,747 DEBUG   Epoch 88 - avg_train_loss: 0.0387  avg_val_loss: 1.4780 F1: 0.599778  Accuracy: 0.693823 Recall@3: 0.845949 time: 4440s
2021-01-27 02:52:53,789 DEBUG   Epoch 89 - avg_train_loss: 0.0387  avg_val_loss: 1.4776 F1: 0.598429  Accuracy: 0.693857 Recall@3: 0.845644 time: 4564s
2021-01-27 04:06:52,226 DEBUG   Epoch 90 - avg_train_loss: 0.0387  avg_val_loss: 1.4755 F1: 0.598523  Accuracy: 0.694296 Recall@3: 0.845746 time: 4438s
2021-01-27 05:21:50,062 DEBUG   Epoch 91 - avg_train_loss: 0.0382  avg_val_loss: 1.4805 F1: 0.598973  Accuracy: 0.692269 Recall@3: 0.845577 time: 4498s
2021-01-27 06:37:44,700 DEBUG   Epoch 92 - avg_train_loss: 0.0376  avg_val_loss: 1.4805 F1: 0.599694  Accuracy: 0.693924 Recall@3: 0.845746 time: 4555s
2021-01-27 07:51:58,840 DEBUG   Epoch 93 - avg_train_loss: 0.0377  avg_val_loss: 1.4807 F1: 0.601919  Accuracy: 0.693249 Recall@3: 0.844529 time: 4454s
2021-01-27 09:06:08,734 DEBUG   Epoch 94 - avg_train_loss: 0.0374  avg_val_loss: 1.4738 F1: 0.599075  Accuracy: 0.692911 Recall@3: 0.846962 time: 4450s
2021-01-27 10:20:00,921 DEBUG   Epoch 95 - avg_train_loss: 0.0380  avg_val_loss: 1.4786 F1: 0.599214  Accuracy: 0.693316 Recall@3: 0.845104 time: 4432s
2021-01-27 11:35:45,449 DEBUG   Epoch 96 - avg_train_loss: 0.0372  avg_val_loss: 1.4724 F1: 0.600466  Accuracy: 0.694026 Recall@3: 0.846422 time: 4545s
2021-01-27 12:54:46,076 DEBUG   Epoch 97 - avg_train_loss: 0.0367  avg_val_loss: 1.4811 F1: 0.598955  Accuracy: 0.694465 Recall@3: 0.846219 time: 4741s
2021-01-27 14:41:28,810 DEBUG   Epoch 98 - avg_train_loss: 0.0371  avg_val_loss: 1.4843 F1: 0.598635  Accuracy: 0.693282 Recall@3: 0.845070 time: 6403s
2021-01-27 16:28:46,163 DEBUG   Epoch 99 - avg_train_loss: 0.0371  avg_val_loss: 1.4844 F1: 0.598642  Accuracy: 0.692776 Recall@3: 0.845205 time: 6437s
2021-01-27 18:16:56,170 DEBUG   Epoch 100 - avg_train_loss: 0.0370  avg_val_loss: 1.4769 F1: 0.601525  Accuracy: 0.695107 Recall@3: 0.845374 time: 6490s
2021-01-27 18:16:56,174 DEBUG   Epoch 100 - Save Best Accuracy: 0.695107 Model
2021-01-27 18:16:56,272 INFO [Train model] done in 501656 s.
