2021-01-22 16:07:52,369 INFO [Train model] start
2021-01-22 18:15:07,286 DEBUG   Epoch 1 - avg_train_loss: 0.2489  avg_val_loss: 2.3557 F1: 0.236189  Accuracy: 0.471379 Recall@3: 0.659019 time: 7631s
2021-01-22 18:15:07,294 DEBUG   Epoch 1 - Save Best Accuracy: 0.471379 Model
2021-01-22 18:15:07,611 DEBUG   Epoch 1 - Save Best Loss: 2.3557 Model
2021-01-22 19:50:38,754 DEBUG   Epoch 2 - avg_train_loss: 0.1456  avg_val_loss: 1.8281 F1: 0.375470  Accuracy: 0.563898 Recall@3: 0.748936 time: 5731s
2021-01-22 19:50:38,755 DEBUG   Epoch 2 - Save Best Accuracy: 0.563898 Model
2021-01-22 19:50:39,041 DEBUG   Epoch 2 - Save Best Loss: 1.8281 Model
2021-01-22 21:26:34,242 DEBUG   Epoch 3 - avg_train_loss: 0.1176  avg_val_loss: 1.6572 F1: 0.438828  Accuracy: 0.597114 Recall@3: 0.779786 time: 5755s
2021-01-22 21:26:34,257 DEBUG   Epoch 3 - Save Best Accuracy: 0.597114 Model
2021-01-22 21:26:34,864 DEBUG   Epoch 3 - Save Best Loss: 1.6572 Model
2021-01-22 23:02:26,196 DEBUG   Epoch 4 - avg_train_loss: 0.1012  avg_val_loss: 1.4888 F1: 0.491991  Accuracy: 0.636514 Recall@3: 0.807123 time: 5751s
2021-01-22 23:02:26,197 DEBUG   Epoch 4 - Save Best Accuracy: 0.636514 Model
2021-01-22 23:02:26,443 DEBUG   Epoch 4 - Save Best Loss: 1.4888 Model
2021-01-23 00:39:04,494 DEBUG   Epoch 5 - avg_train_loss: 0.0903  avg_val_loss: 1.4272 F1: 0.513445  Accuracy: 0.645502 Recall@3: 0.820606 time: 5798s
2021-01-23 00:39:04,494 DEBUG   Epoch 5 - Save Best Accuracy: 0.645502 Model
2021-01-23 00:39:04,868 DEBUG   Epoch 5 - Save Best Loss: 1.4272 Model
2021-01-23 02:14:39,836 DEBUG   Epoch 6 - avg_train_loss: 0.0826  avg_val_loss: 1.3423 F1: 0.546625  Accuracy: 0.668142 Recall@3: 0.832838 time: 5735s
2021-01-23 02:14:39,836 DEBUG   Epoch 6 - Save Best Accuracy: 0.668142 Model
2021-01-23 02:14:40,346 DEBUG   Epoch 6 - Save Best Loss: 1.3423 Model
2021-01-23 03:50:15,047 DEBUG   Epoch 7 - avg_train_loss: 0.0767  avg_val_loss: 1.3251 F1: 0.558934  Accuracy: 0.671116 Recall@3: 0.835541 time: 5734s
2021-01-23 03:50:15,048 DEBUG   Epoch 7 - Save Best Accuracy: 0.671116 Model
2021-01-23 03:50:15,526 DEBUG   Epoch 7 - Save Best Loss: 1.3251 Model
2021-01-23 05:26:17,934 DEBUG   Epoch 8 - avg_train_loss: 0.0710  avg_val_loss: 1.3068 F1: 0.565906  Accuracy: 0.676860 Recall@3: 0.839799 time: 5762s
2021-01-23 05:26:17,935 DEBUG   Epoch 8 - Save Best Accuracy: 0.676860 Model
2021-01-23 05:26:18,735 DEBUG   Epoch 8 - Save Best Loss: 1.3068 Model
2021-01-23 07:02:22,733 DEBUG   Epoch 9 - avg_train_loss: 0.0665  avg_val_loss: 1.2759 F1: 0.574242  Accuracy: 0.684902 Recall@3: 0.847537 time: 5764s
2021-01-23 07:02:22,733 DEBUG   Epoch 9 - Save Best Accuracy: 0.684902 Model
2021-01-23 07:02:22,949 DEBUG   Epoch 9 - Save Best Loss: 1.2759 Model
2021-01-23 08:37:52,432 DEBUG   Epoch 10 - avg_train_loss: 0.0631  avg_val_loss: 1.2924 F1: 0.576552  Accuracy: 0.681489 Recall@3: 0.843752 time: 5729s
2021-01-23 10:13:31,883 DEBUG   Epoch 11 - avg_train_loss: 0.0582  avg_val_loss: 1.2671 F1: 0.586419  Accuracy: 0.689329 Recall@3: 0.851287 time: 5739s
2021-01-23 10:13:31,884 DEBUG   Epoch 11 - Save Best Accuracy: 0.689329 Model
2021-01-23 10:13:32,214 DEBUG   Epoch 11 - Save Best Loss: 1.2671 Model
2021-01-23 11:48:59,335 DEBUG   Epoch 12 - avg_train_loss: 0.0557  avg_val_loss: 1.2469 F1: 0.597295  Accuracy: 0.695344 Recall@3: 0.853315 time: 5726s
2021-01-23 11:48:59,335 DEBUG   Epoch 12 - Save Best Accuracy: 0.695344 Model
2021-01-23 11:48:59,552 DEBUG   Epoch 12 - Save Best Loss: 1.2469 Model
2021-01-23 13:24:53,704 DEBUG   Epoch 13 - avg_train_loss: 0.0522  avg_val_loss: 1.2544 F1: 0.598478  Accuracy: 0.696763 Recall@3: 0.855444 time: 5754s
2021-01-23 13:24:53,712 DEBUG   Epoch 13 - Save Best Accuracy: 0.696763 Model
2021-01-23 14:59:41,129 DEBUG   Epoch 14 - avg_train_loss: 0.0499  avg_val_loss: 1.2425 F1: 0.599397  Accuracy: 0.697067 Recall@3: 0.856694 time: 5687s
2021-01-23 14:59:41,129 DEBUG   Epoch 14 - Save Best Accuracy: 0.697067 Model
2021-01-23 14:59:41,356 DEBUG   Epoch 14 - Save Best Loss: 1.2425 Model
2021-01-23 16:38:15,128 DEBUG   Epoch 15 - avg_train_loss: 0.0476  avg_val_loss: 1.2556 F1: 0.606259  Accuracy: 0.703014 Recall@3: 0.858248 time: 5914s
2021-01-23 16:38:15,129 DEBUG   Epoch 15 - Save Best Accuracy: 0.703014 Model
2021-01-23 18:14:43,079 DEBUG   Epoch 16 - avg_train_loss: 0.0456  avg_val_loss: 1.2499 F1: 0.612836  Accuracy: 0.705481 Recall@3: 0.859499 time: 5787s
2021-01-23 18:14:43,079 DEBUG   Epoch 16 - Save Best Accuracy: 0.705481 Model
2021-01-23 19:50:40,496 DEBUG   Epoch 17 - avg_train_loss: 0.0412  avg_val_loss: 1.2330 F1: 0.615103  Accuracy: 0.711293 Recall@3: 0.862844 time: 5757s
2021-01-23 19:50:40,497 DEBUG   Epoch 17 - Save Best Accuracy: 0.711293 Model
2021-01-23 19:50:40,684 DEBUG   Epoch 17 - Save Best Loss: 1.2330 Model
2021-01-23 21:25:34,698 DEBUG   Epoch 18 - avg_train_loss: 0.0392  avg_val_loss: 1.2533 F1: 0.619300  Accuracy: 0.712949 Recall@3: 0.862202 time: 5694s
2021-01-23 21:25:34,699 DEBUG   Epoch 18 - Save Best Accuracy: 0.712949 Model
2021-01-23 22:59:54,368 DEBUG   Epoch 19 - avg_train_loss: 0.0372  avg_val_loss: 1.2469 F1: 0.617982  Accuracy: 0.710887 Recall@3: 0.863621 time: 5659s
2021-01-24 00:34:41,153 DEBUG   Epoch 20 - avg_train_loss: 0.0336  avg_val_loss: 1.2367 F1: 0.623837  Accuracy: 0.717578 Recall@3: 0.866899 time: 5687s
2021-01-24 00:34:41,154 DEBUG   Epoch 20 - Save Best Accuracy: 0.717578 Model
2021-01-24 02:08:25,585 DEBUG   Epoch 21 - avg_train_loss: 0.0324  avg_val_loss: 1.2637 F1: 0.620390  Accuracy: 0.712307 Recall@3: 0.863317 time: 5624s
2021-01-24 03:42:51,334 DEBUG   Epoch 22 - avg_train_loss: 0.0294  avg_val_loss: 1.2590 F1: 0.626791  Accuracy: 0.719098 Recall@3: 0.868723 time: 5666s
2021-01-24 03:42:51,335 DEBUG   Epoch 22 - Save Best Accuracy: 0.719098 Model
2021-01-24 05:16:29,617 DEBUG   Epoch 23 - avg_train_loss: 0.0279  avg_val_loss: 1.2672 F1: 0.632221  Accuracy: 0.721768 Recall@3: 0.868183 time: 5618s
2021-01-24 05:16:29,617 DEBUG   Epoch 23 - Save Best Accuracy: 0.721768 Model
2021-01-24 06:51:25,106 DEBUG   Epoch 24 - avg_train_loss: 0.0256  avg_val_loss: 1.2666 F1: 0.634952  Accuracy: 0.724099 Recall@3: 0.870312 time: 5695s
2021-01-24 06:51:25,119 DEBUG   Epoch 24 - Save Best Accuracy: 0.724099 Model
2021-01-24 08:25:39,951 DEBUG   Epoch 25 - avg_train_loss: 0.0247  avg_val_loss: 1.2673 F1: 0.634340  Accuracy: 0.722951 Recall@3: 0.871021 time: 5654s
2021-01-24 10:00:17,153 DEBUG   Epoch 26 - avg_train_loss: 0.0223  avg_val_loss: 1.2828 F1: 0.638625  Accuracy: 0.725552 Recall@3: 0.868656 time: 5677s
2021-01-24 10:00:17,154 DEBUG   Epoch 26 - Save Best Accuracy: 0.725552 Model
2021-01-24 11:34:07,595 DEBUG   Epoch 27 - avg_train_loss: 0.0216  avg_val_loss: 1.2949 F1: 0.633652  Accuracy: 0.723525 Recall@3: 0.869365 time: 5630s
2021-01-24 13:08:56,858 DEBUG   Epoch 28 - avg_train_loss: 0.0200  avg_val_loss: 1.2912 F1: 0.640249  Accuracy: 0.727546 Recall@3: 0.870649 time: 5689s
2021-01-24 13:08:56,858 DEBUG   Epoch 28 - Save Best Accuracy: 0.727546 Model
2021-01-24 14:49:29,715 DEBUG   Epoch 29 - avg_train_loss: 0.0187  avg_val_loss: 1.2989 F1: 0.638725  Accuracy: 0.727614 Recall@3: 0.870717 time: 6033s
2021-01-24 14:49:29,715 DEBUG   Epoch 29 - Save Best Accuracy: 0.727614 Model
2021-01-24 16:27:35,663 DEBUG   Epoch 30 - avg_train_loss: 0.0177  avg_val_loss: 1.3071 F1: 0.641184  Accuracy: 0.728492 Recall@3: 0.872339 time: 5885s
2021-01-24 16:27:35,665 DEBUG   Epoch 30 - Save Best Accuracy: 0.728492 Model
2021-01-24 18:01:07,983 DEBUG   Epoch 31 - avg_train_loss: 0.0168  avg_val_loss: 1.3197 F1: 0.636920  Accuracy: 0.727681 Recall@3: 0.871291 time: 5612s
2021-01-24 19:34:53,732 DEBUG   Epoch 32 - avg_train_loss: 0.0158  avg_val_loss: 1.3247 F1: 0.643318  Accuracy: 0.730858 Recall@3: 0.872880 time: 5626s
2021-01-24 19:34:53,733 DEBUG   Epoch 32 - Save Best Accuracy: 0.730858 Model
2021-01-24 21:08:44,957 DEBUG   Epoch 33 - avg_train_loss: 0.0151  avg_val_loss: 1.3365 F1: 0.639853  Accuracy: 0.728323 Recall@3: 0.873488 time: 5630s
2021-01-24 22:41:52,756 DEBUG   Epoch 34 - avg_train_loss: 0.0143  avg_val_loss: 1.3309 F1: 0.645342  Accuracy: 0.732480 Recall@3: 0.873150 time: 5588s
2021-01-24 22:41:52,756 DEBUG   Epoch 34 - Save Best Accuracy: 0.732480 Model
2021-01-25 00:15:35,693 DEBUG   Epoch 35 - avg_train_loss: 0.0137  avg_val_loss: 1.3475 F1: 0.642711  Accuracy: 0.729878 Recall@3: 0.872136 time: 5623s
2021-01-25 01:48:22,267 DEBUG   Epoch 36 - avg_train_loss: 0.0133  avg_val_loss: 1.3478 F1: 0.646058  Accuracy: 0.732649 Recall@3: 0.872744 time: 5567s
2021-01-25 01:48:22,267 DEBUG   Epoch 36 - Save Best Accuracy: 0.732649 Model
2021-01-25 03:21:51,341 DEBUG   Epoch 37 - avg_train_loss: 0.0126  avg_val_loss: 1.3547 F1: 0.647218  Accuracy: 0.733257 Recall@3: 0.872102 time: 5608s
2021-01-25 03:21:51,341 DEBUG   Epoch 37 - Save Best Accuracy: 0.733257 Model
2021-01-25 04:55:05,151 DEBUG   Epoch 38 - avg_train_loss: 0.0121  avg_val_loss: 1.3661 F1: 0.647131  Accuracy: 0.731263 Recall@3: 0.873555 time: 5594s
2021-01-25 06:28:27,134 DEBUG   Epoch 39 - avg_train_loss: 0.0118  avg_val_loss: 1.3684 F1: 0.647331  Accuracy: 0.733020 Recall@3: 0.872136 time: 5602s
2021-01-25 08:00:59,505 DEBUG   Epoch 40 - avg_train_loss: 0.0112  avg_val_loss: 1.3737 F1: 0.646080  Accuracy: 0.733291 Recall@3: 0.873623 time: 5552s
2021-01-25 08:00:59,506 DEBUG   Epoch 40 - Save Best Accuracy: 0.733291 Model
2021-01-25 09:34:31,274 DEBUG   Epoch 41 - avg_train_loss: 0.0107  avg_val_loss: 1.3720 F1: 0.649725  Accuracy: 0.735284 Recall@3: 0.874637 time: 5610s
2021-01-25 09:34:31,274 DEBUG   Epoch 41 - Save Best Accuracy: 0.735284 Model
2021-01-25 11:07:50,306 DEBUG   Epoch 42 - avg_train_loss: 0.0103  avg_val_loss: 1.3776 F1: 0.647376  Accuracy: 0.735081 Recall@3: 0.875245 time: 5599s
2021-01-25 12:43:46,535 DEBUG   Epoch 43 - avg_train_loss: 0.0102  avg_val_loss: 1.3768 F1: 0.648744  Accuracy: 0.736230 Recall@3: 0.873826 time: 5756s
2021-01-25 12:43:46,535 DEBUG   Epoch 43 - Save Best Accuracy: 0.736230 Model
2021-01-25 14:23:35,403 DEBUG   Epoch 44 - avg_train_loss: 0.0098  avg_val_loss: 1.3782 F1: 0.649387  Accuracy: 0.735386 Recall@3: 0.874333 time: 5988s
2021-01-25 16:00:18,269 DEBUG   Epoch 45 - avg_train_loss: 0.0098  avg_val_loss: 1.3779 F1: 0.652760  Accuracy: 0.737987 Recall@3: 0.874569 time: 5803s
2021-01-25 16:00:18,269 DEBUG   Epoch 45 - Save Best Accuracy: 0.737987 Model
2021-01-25 17:32:16,443 DEBUG   Epoch 46 - avg_train_loss: 0.0091  avg_val_loss: 1.3877 F1: 0.651753  Accuracy: 0.735622 Recall@3: 0.874772 time: 5517s
2021-01-25 19:21:53,223 DEBUG   Epoch 47 - avg_train_loss: 0.0091  avg_val_loss: 1.3964 F1: 0.648547  Accuracy: 0.735284 Recall@3: 0.874535 time: 6577s
2021-01-25 21:14:55,670 DEBUG   Epoch 48 - avg_train_loss: 0.0089  avg_val_loss: 1.3905 F1: 0.649207  Accuracy: 0.736061 Recall@3: 0.873724 time: 6782s
2021-01-25 23:13:19,062 DEBUG   Epoch 49 - avg_train_loss: 0.0088  avg_val_loss: 1.3975 F1: 0.649983  Accuracy: 0.735994 Recall@3: 0.874062 time: 7103s
2021-01-26 00:59:49,346 DEBUG   Epoch 50 - avg_train_loss: 0.0084  avg_val_loss: 1.4000 F1: 0.650355  Accuracy: 0.737413 Recall@3: 0.873015 time: 6390s
2021-01-26 02:35:59,226 DEBUG   Epoch 51 - avg_train_loss: 0.0084  avg_val_loss: 1.4008 F1: 0.651578  Accuracy: 0.737312 Recall@3: 0.873049 time: 5770s
2021-01-26 04:12:49,591 DEBUG   Epoch 52 - avg_train_loss: 0.0082  avg_val_loss: 1.3928 F1: 0.654513  Accuracy: 0.738258 Recall@3: 0.875042 time: 5810s
2021-01-26 04:12:49,592 DEBUG   Epoch 52 - Save Best Accuracy: 0.738258 Model
2021-01-26 05:48:14,266 DEBUG   Epoch 53 - avg_train_loss: 0.0079  avg_val_loss: 1.4041 F1: 0.653696  Accuracy: 0.737751 Recall@3: 0.873251 time: 5724s
2021-01-26 07:35:19,978 DEBUG   Epoch 54 - avg_train_loss: 0.0077  avg_val_loss: 1.3990 F1: 0.651841  Accuracy: 0.737987 Recall@3: 0.874366 time: 6426s
2021-01-26 09:28:09,005 DEBUG   Epoch 55 - avg_train_loss: 0.0078  avg_val_loss: 1.4058 F1: 0.653044  Accuracy: 0.737785 Recall@3: 0.874839 time: 6769s
2021-01-26 11:13:07,004 DEBUG   Epoch 56 - avg_train_loss: 0.0077  avg_val_loss: 1.4065 F1: 0.653582  Accuracy: 0.738460 Recall@3: 0.874603 time: 6298s
2021-01-26 11:13:07,005 DEBUG   Epoch 56 - Save Best Accuracy: 0.738460 Model
2021-01-26 13:06:52,671 DEBUG   Epoch 57 - avg_train_loss: 0.0073  avg_val_loss: 1.4074 F1: 0.653183  Accuracy: 0.738562 Recall@3: 0.874400 time: 6825s
2021-01-26 13:06:52,671 DEBUG   Epoch 57 - Save Best Accuracy: 0.738562 Model
2021-01-26 14:58:12,829 DEBUG   Epoch 58 - avg_train_loss: 0.0074  avg_val_loss: 1.4081 F1: 0.650322  Accuracy: 0.737109 Recall@3: 0.876259 time: 6680s
2021-01-26 16:43:58,929 DEBUG   Epoch 59 - avg_train_loss: 0.0073  avg_val_loss: 1.4080 F1: 0.651923  Accuracy: 0.738156 Recall@3: 0.875448 time: 6346s
2021-01-26 18:28:43,162 DEBUG   Epoch 60 - avg_train_loss: 0.0071  avg_val_loss: 1.4139 F1: 0.654140  Accuracy: 0.739238 Recall@3: 0.876056 time: 6284s
2021-01-26 18:28:43,163 DEBUG   Epoch 60 - Save Best Accuracy: 0.739238 Model
2021-01-26 20:01:51,128 DEBUG   Epoch 61 - avg_train_loss: 0.0071  avg_val_loss: 1.4197 F1: 0.652351  Accuracy: 0.737582 Recall@3: 0.874907 time: 5588s
2021-01-26 21:38:13,617 DEBUG   Epoch 62 - avg_train_loss: 0.0069  avg_val_loss: 1.4184 F1: 0.651843  Accuracy: 0.737785 Recall@3: 0.874907 time: 5782s
2021-01-26 23:57:17,125 DEBUG   Epoch 63 - avg_train_loss: 0.0069  avg_val_loss: 1.4160 F1: 0.655535  Accuracy: 0.739069 Recall@3: 0.875042 time: 8344s
2021-01-27 01:37:43,781 DEBUG   Epoch 64 - avg_train_loss: 0.0068  avg_val_loss: 1.4158 F1: 0.654390  Accuracy: 0.739474 Recall@3: 0.876124 time: 6027s
2021-01-27 01:37:43,791 DEBUG   Epoch 64 - Save Best Accuracy: 0.739474 Model
2021-01-27 03:11:17,089 DEBUG   Epoch 65 - avg_train_loss: 0.0069  avg_val_loss: 1.4224 F1: 0.650956  Accuracy: 0.736703 Recall@3: 0.874772 time: 5613s
2021-01-27 04:39:32,405 DEBUG   Epoch 66 - avg_train_loss: 0.0068  avg_val_loss: 1.4176 F1: 0.653402  Accuracy: 0.738562 Recall@3: 0.875482 time: 5295s
2021-01-27 06:06:42,637 DEBUG   Epoch 67 - avg_train_loss: 0.0067  avg_val_loss: 1.4189 F1: 0.653837  Accuracy: 0.738731 Recall@3: 0.875515 time: 5230s
2021-01-27 07:34:12,815 DEBUG   Epoch 68 - avg_train_loss: 0.0065  avg_val_loss: 1.4173 F1: 0.651783  Accuracy: 0.739035 Recall@3: 0.875414 time: 5250s
2021-01-27 09:01:12,065 DEBUG   Epoch 69 - avg_train_loss: 0.0064  avg_val_loss: 1.4183 F1: 0.653366  Accuracy: 0.739407 Recall@3: 0.876698 time: 5219s
2021-01-27 11:11:22,471 DEBUG   Epoch 70 - avg_train_loss: 0.0063  avg_val_loss: 1.4243 F1: 0.655515  Accuracy: 0.740792 Recall@3: 0.875313 time: 7810s
2021-01-27 11:11:22,472 DEBUG   Epoch 70 - Save Best Accuracy: 0.740792 Model
2021-01-27 13:14:04,542 DEBUG   Epoch 71 - avg_train_loss: 0.0065  avg_val_loss: 1.4232 F1: 0.652643  Accuracy: 0.739238 Recall@3: 0.875380 time: 7362s
2021-01-27 14:58:14,261 DEBUG   Epoch 72 - avg_train_loss: 0.0064  avg_val_loss: 1.4207 F1: 0.653127  Accuracy: 0.739407 Recall@3: 0.876225 time: 6250s
2021-01-27 16:50:21,399 DEBUG   Epoch 73 - avg_train_loss: 0.0063  avg_val_loss: 1.4190 F1: 0.654517  Accuracy: 0.739880 Recall@3: 0.876225 time: 6727s
2021-01-27 18:29:52,184 DEBUG   Epoch 74 - avg_train_loss: 0.0063  avg_val_loss: 1.4207 F1: 0.654602  Accuracy: 0.740015 Recall@3: 0.876360 time: 5971s
2021-01-27 19:57:22,966 DEBUG   Epoch 75 - avg_train_loss: 0.0062  avg_val_loss: 1.4181 F1: 0.654963  Accuracy: 0.740589 Recall@3: 0.876360 time: 5251s
2021-01-27 21:27:17,598 DEBUG   Epoch 76 - avg_train_loss: 0.0064  avg_val_loss: 1.4242 F1: 0.655037  Accuracy: 0.740589 Recall@3: 0.875853 time: 5395s
2021-01-27 23:03:01,567 DEBUG   Epoch 77 - avg_train_loss: 0.0060  avg_val_loss: 1.4273 F1: 0.655799  Accuracy: 0.740116 Recall@3: 0.875414 time: 5744s
2021-01-28 00:35:40,320 DEBUG   Epoch 78 - avg_train_loss: 0.0062  avg_val_loss: 1.4208 F1: 0.656187  Accuracy: 0.739812 Recall@3: 0.876225 time: 5559s
2021-01-28 02:12:00,368 DEBUG   Epoch 79 - avg_train_loss: 0.0060  avg_val_loss: 1.4212 F1: 0.655655  Accuracy: 0.739947 Recall@3: 0.875650 time: 5780s
2021-01-28 03:39:49,630 DEBUG   Epoch 80 - avg_train_loss: 0.0062  avg_val_loss: 1.4251 F1: 0.653397  Accuracy: 0.739069 Recall@3: 0.875921 time: 5269s
2021-01-28 05:07:02,918 DEBUG   Epoch 81 - avg_train_loss: 0.0061  avg_val_loss: 1.4282 F1: 0.656964  Accuracy: 0.740150 Recall@3: 0.875549 time: 5233s
2021-01-28 06:34:53,498 DEBUG   Epoch 82 - avg_train_loss: 0.0060  avg_val_loss: 1.4238 F1: 0.656063  Accuracy: 0.739407 Recall@3: 0.876090 time: 5271s
2021-01-28 08:02:26,609 DEBUG   Epoch 83 - avg_train_loss: 0.0060  avg_val_loss: 1.4237 F1: 0.655109  Accuracy: 0.739745 Recall@3: 0.876563 time: 5253s
2021-01-28 09:29:40,611 DEBUG   Epoch 84 - avg_train_loss: 0.0060  avg_val_loss: 1.4286 F1: 0.656188  Accuracy: 0.740792 Recall@3: 0.876292 time: 5234s
2021-01-28 10:58:39,830 DEBUG   Epoch 85 - avg_train_loss: 0.0060  avg_val_loss: 1.4261 F1: 0.655166  Accuracy: 0.739913 Recall@3: 0.877070 time: 5339s
2021-01-28 12:27:18,824 DEBUG   Epoch 86 - avg_train_loss: 0.0061  avg_val_loss: 1.4245 F1: 0.655838  Accuracy: 0.740657 Recall@3: 0.876495 time: 5319s
2021-01-28 13:56:18,404 DEBUG   Epoch 87 - avg_train_loss: 0.0059  avg_val_loss: 1.4256 F1: 0.656043  Accuracy: 0.740556 Recall@3: 0.876360 time: 5340s
2021-01-28 15:24:53,068 DEBUG   Epoch 88 - avg_train_loss: 0.0057  avg_val_loss: 1.4285 F1: 0.652644  Accuracy: 0.739407 Recall@3: 0.875819 time: 5315s
2021-01-28 16:53:47,842 DEBUG   Epoch 89 - avg_train_loss: 0.0060  avg_val_loss: 1.4276 F1: 0.653504  Accuracy: 0.738967 Recall@3: 0.876259 time: 5335s
2021-01-28 18:56:30,061 DEBUG   Epoch 90 - avg_train_loss: 0.0058  avg_val_loss: 1.4302 F1: 0.656396  Accuracy: 0.740454 Recall@3: 0.876597 time: 7362s
2021-01-28 21:03:13,182 DEBUG   Epoch 91 - avg_train_loss: 0.0058  avg_val_loss: 1.4354 F1: 0.655693  Accuracy: 0.740150 Recall@3: 0.876292 time: 7603s
2021-01-28 23:02:04,611 DEBUG   Epoch 92 - avg_train_loss: 0.0060  avg_val_loss: 1.4264 F1: 0.657238  Accuracy: 0.740860 Recall@3: 0.877171 time: 7131s
2021-01-28 23:02:04,611 DEBUG   Epoch 92 - Save Best Accuracy: 0.740860 Model
2021-01-29 00:32:58,675 DEBUG   Epoch 93 - avg_train_loss: 0.0060  avg_val_loss: 1.4350 F1: 0.655894  Accuracy: 0.740758 Recall@3: 0.876292 time: 5454s
2021-01-29 02:04:02,260 DEBUG   Epoch 94 - avg_train_loss: 0.0061  avg_val_loss: 1.4257 F1: 0.656221  Accuracy: 0.740488 Recall@3: 0.876698 time: 5464s
2021-01-29 03:35:07,062 DEBUG   Epoch 95 - avg_train_loss: 0.0059  avg_val_loss: 1.4294 F1: 0.656163  Accuracy: 0.739947 Recall@3: 0.876326 time: 5465s
2021-01-29 05:05:58,838 DEBUG   Epoch 96 - avg_train_loss: 0.0057  avg_val_loss: 1.4290 F1: 0.657037  Accuracy: 0.740758 Recall@3: 0.876157 time: 5452s
2021-01-29 06:36:43,783 DEBUG   Epoch 97 - avg_train_loss: 0.0058  avg_val_loss: 1.4315 F1: 0.657082  Accuracy: 0.740860 Recall@3: 0.876563 time: 5445s
2021-01-29 08:04:38,125 DEBUG   Epoch 98 - avg_train_loss: 0.0058  avg_val_loss: 1.4331 F1: 0.656310  Accuracy: 0.740826 Recall@3: 0.876022 time: 5274s
2021-01-29 09:32:27,923 DEBUG   Epoch 99 - avg_train_loss: 0.0059  avg_val_loss: 1.4274 F1: 0.657913  Accuracy: 0.740758 Recall@3: 0.875650 time: 5270s
2021-01-29 11:00:36,875 DEBUG   Epoch 100 - avg_train_loss: 0.0059  avg_val_loss: 1.4262 F1: 0.658279  Accuracy: 0.741062 Recall@3: 0.876225 time: 5289s
2021-01-29 11:00:36,876 DEBUG   Epoch 100 - Save Best Accuracy: 0.741062 Model
2021-01-29 11:00:37,338 INFO [Train model] done in 586365 s.
