2021-01-23 15:05:07,162 INFO [Train model] start
2021-01-23 16:40:06,102 DEBUG   Epoch 1 - avg_train_loss: 0.9587  avg_val_loss: 2.4231 F1: 0.219152  Accuracy: 0.447625 Recall@3: 0.641988 time: 5697s
2021-01-23 16:40:06,102 DEBUG   Epoch 1 - Save Best Accuracy: 0.447625 Model
2021-01-23 16:40:07,235 DEBUG   Epoch 1 - Save Best Loss: 2.4231 Model
2021-01-23 18:14:52,924 DEBUG   Epoch 2 - avg_train_loss: 0.5829  avg_val_loss: 1.9201 F1: 0.337633  Accuracy: 0.536190 Recall@3: 0.732986 time: 5685s
2021-01-23 18:14:52,925 DEBUG   Epoch 2 - Save Best Accuracy: 0.536190 Model
2021-01-23 18:14:54,590 DEBUG   Epoch 2 - Save Best Loss: 1.9201 Model
2021-01-23 19:49:55,422 DEBUG   Epoch 3 - avg_train_loss: 0.4725  avg_val_loss: 1.7186 F1: 0.397684  Accuracy: 0.579442 Recall@3: 0.768568 time: 5699s
2021-01-23 19:49:55,422 DEBUG   Epoch 3 - Save Best Accuracy: 0.579442 Model
2021-01-23 19:49:56,529 DEBUG   Epoch 3 - Save Best Loss: 1.7186 Model
2021-01-23 21:25:02,141 DEBUG   Epoch 4 - avg_train_loss: 0.4061  avg_val_loss: 1.5730 F1: 0.452804  Accuracy: 0.610428 Recall@3: 0.793708 time: 5704s
2021-01-23 21:25:02,141 DEBUG   Epoch 4 - Save Best Accuracy: 0.610428 Model
2021-01-23 21:25:03,629 DEBUG   Epoch 4 - Save Best Loss: 1.5730 Model
2021-01-23 23:00:05,297 DEBUG   Epoch 5 - avg_train_loss: 0.3575  avg_val_loss: 1.4672 F1: 0.488595  Accuracy: 0.634385 Recall@3: 0.812293 time: 5700s
2021-01-23 23:00:05,297 DEBUG   Epoch 5 - Save Best Accuracy: 0.634385 Model
2021-01-23 23:00:06,341 DEBUG   Epoch 5 - Save Best Loss: 1.4672 Model
2021-01-24 00:35:14,386 DEBUG   Epoch 6 - avg_train_loss: 0.3228  avg_val_loss: 1.4294 F1: 0.506138  Accuracy: 0.642157 Recall@3: 0.818713 time: 5707s
2021-01-24 00:35:14,387 DEBUG   Epoch 6 - Save Best Accuracy: 0.642157 Model
2021-01-24 00:35:15,455 DEBUG   Epoch 6 - Save Best Loss: 1.4294 Model
2021-01-24 02:10:22,337 DEBUG   Epoch 7 - avg_train_loss: 0.2935  avg_val_loss: 1.3746 F1: 0.524666  Accuracy: 0.654862 Recall@3: 0.830067 time: 5705s
2021-01-24 02:10:22,338 DEBUG   Epoch 7 - Save Best Accuracy: 0.654862 Model
2021-01-24 02:10:23,347 DEBUG   Epoch 7 - Save Best Loss: 1.3746 Model
2021-01-24 03:45:28,164 DEBUG   Epoch 8 - avg_train_loss: 0.2688  avg_val_loss: 1.3625 F1: 0.534688  Accuracy: 0.663243 Recall@3: 0.833581 time: 5703s
2021-01-24 03:45:28,165 DEBUG   Epoch 8 - Save Best Accuracy: 0.663243 Model
2021-01-24 03:45:29,178 DEBUG   Epoch 8 - Save Best Loss: 1.3625 Model
2021-01-24 05:20:41,598 DEBUG   Epoch 9 - avg_train_loss: 0.2461  avg_val_loss: 1.3422 F1: 0.543191  Accuracy: 0.669426 Recall@3: 0.836555 time: 5711s
2021-01-24 05:20:41,599 DEBUG   Epoch 9 - Save Best Accuracy: 0.669426 Model
2021-01-24 05:20:42,917 DEBUG   Epoch 9 - Save Best Loss: 1.3422 Model
2021-01-24 06:55:49,418 DEBUG   Epoch 10 - avg_train_loss: 0.2264  avg_val_loss: 1.3451 F1: 0.556256  Accuracy: 0.671487 Recall@3: 0.839461 time: 5705s
2021-01-24 06:55:49,427 DEBUG   Epoch 10 - Save Best Accuracy: 0.671487 Model
2021-01-24 08:30:59,557 DEBUG   Epoch 11 - avg_train_loss: 0.2087  avg_val_loss: 1.3542 F1: 0.557639  Accuracy: 0.673008 Recall@3: 0.838447 time: 5707s
2021-01-24 08:30:59,558 DEBUG   Epoch 11 - Save Best Accuracy: 0.673008 Model
2021-01-24 10:06:10,282 DEBUG   Epoch 12 - avg_train_loss: 0.1818  avg_val_loss: 1.3218 F1: 0.574729  Accuracy: 0.685105 Recall@3: 0.846726 time: 5710s
2021-01-24 10:06:10,282 DEBUG   Epoch 12 - Save Best Accuracy: 0.685105 Model
2021-01-24 10:06:11,391 DEBUG   Epoch 12 - Save Best Loss: 1.3218 Model
2021-01-24 11:41:42,116 DEBUG   Epoch 13 - avg_train_loss: 0.1664  avg_val_loss: 1.3407 F1: 0.574464  Accuracy: 0.683078 Recall@3: 0.846557 time: 5729s
2021-01-24 13:16:52,058 DEBUG   Epoch 14 - avg_train_loss: 0.1550  avg_val_loss: 1.3542 F1: 0.576812  Accuracy: 0.685274 Recall@3: 0.845577 time: 5710s
2021-01-24 13:16:52,058 DEBUG   Epoch 14 - Save Best Accuracy: 0.685274 Model
2021-01-24 14:52:15,521 DEBUG   Epoch 15 - avg_train_loss: 0.1335  avg_val_loss: 1.3372 F1: 0.583929  Accuracy: 0.694702 Recall@3: 0.851997 time: 5722s
2021-01-24 14:52:15,522 DEBUG   Epoch 15 - Save Best Accuracy: 0.694702 Model
2021-01-24 16:27:31,466 DEBUG   Epoch 16 - avg_train_loss: 0.1219  avg_val_loss: 1.3391 F1: 0.588227  Accuracy: 0.694296 Recall@3: 0.852470 time: 5714s
2021-01-24 18:02:48,903 DEBUG   Epoch 17 - avg_train_loss: 0.1039  avg_val_loss: 1.3777 F1: 0.589039  Accuracy: 0.694364 Recall@3: 0.851727 time: 5717s
2021-01-24 19:38:17,483 DEBUG   Epoch 18 - avg_train_loss: 0.0946  avg_val_loss: 1.3967 F1: 0.592970  Accuracy: 0.696053 Recall@3: 0.850476 time: 5729s
2021-01-24 19:38:17,483 DEBUG   Epoch 18 - Save Best Accuracy: 0.696053 Model
2021-01-24 21:13:47,768 DEBUG   Epoch 19 - avg_train_loss: 0.0807  avg_val_loss: 1.4103 F1: 0.599977  Accuracy: 0.699601 Recall@3: 0.854903 time: 5729s
2021-01-24 21:13:47,769 DEBUG   Epoch 19 - Save Best Accuracy: 0.699601 Model
2021-01-24 22:49:22,146 DEBUG   Epoch 20 - avg_train_loss: 0.0725  avg_val_loss: 1.4227 F1: 0.597860  Accuracy: 0.700142 Recall@3: 0.853551 time: 5733s
2021-01-24 22:49:22,147 DEBUG   Epoch 20 - Save Best Accuracy: 0.700142 Model
2021-01-25 00:24:49,337 DEBUG   Epoch 21 - avg_train_loss: 0.0616  avg_val_loss: 1.4527 F1: 0.599792  Accuracy: 0.701662 Recall@3: 0.854768 time: 5726s
2021-01-25 00:24:49,338 DEBUG   Epoch 21 - Save Best Accuracy: 0.701662 Model
2021-01-25 02:00:21,880 DEBUG   Epoch 22 - avg_train_loss: 0.0563  avg_val_loss: 1.4923 F1: 0.599269  Accuracy: 0.700818 Recall@3: 0.851963 time: 5731s
2021-01-25 03:35:53,200 DEBUG   Epoch 23 - avg_train_loss: 0.0466  avg_val_loss: 1.4946 F1: 0.608597  Accuracy: 0.706596 Recall@3: 0.854599 time: 5731s
2021-01-25 03:35:53,201 DEBUG   Epoch 23 - Save Best Accuracy: 0.706596 Model
2021-01-25 05:11:23,339 DEBUG   Epoch 24 - avg_train_loss: 0.0433  avg_val_loss: 1.5249 F1: 0.603640  Accuracy: 0.704974 Recall@3: 0.851693 time: 5728s
2021-01-25 06:46:48,468 DEBUG   Epoch 25 - avg_train_loss: 0.0371  avg_val_loss: 1.5282 F1: 0.606989  Accuracy: 0.706427 Recall@3: 0.855275 time: 5725s
2021-01-25 08:22:21,694 DEBUG   Epoch 26 - avg_train_loss: 0.0341  avg_val_loss: 1.5119 F1: 0.610074  Accuracy: 0.705650 Recall@3: 0.854768 time: 5733s
2021-01-25 09:57:53,891 DEBUG   Epoch 27 - avg_train_loss: 0.0286  avg_val_loss: 1.5545 F1: 0.614087  Accuracy: 0.710380 Recall@3: 0.858688 time: 5732s
2021-01-25 09:57:53,891 DEBUG   Epoch 27 - Save Best Accuracy: 0.710380 Model
2021-01-25 11:33:21,292 DEBUG   Epoch 28 - avg_train_loss: 0.0264  avg_val_loss: 1.5521 F1: 0.611769  Accuracy: 0.709840 Recall@3: 0.858046 time: 5726s
2021-01-25 13:08:46,658 DEBUG   Epoch 29 - avg_train_loss: 0.0234  avg_val_loss: 1.5953 F1: 0.615334  Accuracy: 0.711800 Recall@3: 0.856694 time: 5725s
2021-01-25 13:08:46,659 DEBUG   Epoch 29 - Save Best Accuracy: 0.711800 Model
2021-01-25 14:44:12,160 DEBUG   Epoch 30 - avg_train_loss: 0.0213  avg_val_loss: 1.6172 F1: 0.613116  Accuracy: 0.707576 Recall@3: 0.853281 time: 5724s
2021-01-25 16:19:34,570 DEBUG   Epoch 31 - avg_train_loss: 0.0189  avg_val_loss: 1.6092 F1: 0.618847  Accuracy: 0.714402 Recall@3: 0.858113 time: 5722s
2021-01-25 16:19:34,571 DEBUG   Epoch 31 - Save Best Accuracy: 0.714402 Model
2021-01-25 17:55:03,931 DEBUG   Epoch 32 - avg_train_loss: 0.0175  avg_val_loss: 1.6283 F1: 0.615992  Accuracy: 0.714300 Recall@3: 0.856694 time: 5726s
2021-01-25 19:30:27,503 DEBUG   Epoch 33 - avg_train_loss: 0.0157  avg_val_loss: 1.6211 F1: 0.618405  Accuracy: 0.713422 Recall@3: 0.855951 time: 5724s
2021-01-25 21:05:43,302 DEBUG   Epoch 34 - avg_train_loss: 0.0145  avg_val_loss: 1.6348 F1: 0.620177  Accuracy: 0.715145 Recall@3: 0.856221 time: 5716s
2021-01-25 21:05:43,303 DEBUG   Epoch 34 - Save Best Accuracy: 0.715145 Model
2021-01-25 22:41:07,929 DEBUG   Epoch 35 - avg_train_loss: 0.0129  avg_val_loss: 1.6550 F1: 0.621623  Accuracy: 0.717139 Recall@3: 0.860647 time: 5724s
2021-01-25 22:41:07,930 DEBUG   Epoch 35 - Save Best Accuracy: 0.717139 Model
2021-01-26 00:17:04,933 DEBUG   Epoch 36 - avg_train_loss: 0.0118  avg_val_loss: 1.6654 F1: 0.622436  Accuracy: 0.716429 Recall@3: 0.859938 time: 5756s
2021-01-26 01:52:29,815 DEBUG   Epoch 37 - avg_train_loss: 0.0107  avg_val_loss: 1.6546 F1: 0.617388  Accuracy: 0.715213 Recall@3: 0.859465 time: 5725s
2021-01-26 03:27:54,130 DEBUG   Epoch 38 - avg_train_loss: 0.0104  avg_val_loss: 1.6633 F1: 0.620099  Accuracy: 0.716091 Recall@3: 0.860039 time: 5724s
2021-01-26 05:03:18,645 DEBUG   Epoch 39 - avg_train_loss: 0.0098  avg_val_loss: 1.6693 F1: 0.621142  Accuracy: 0.716395 Recall@3: 0.859363 time: 5725s
2021-01-26 06:38:42,398 DEBUG   Epoch 40 - avg_train_loss: 0.0088  avg_val_loss: 1.6785 F1: 0.621517  Accuracy: 0.717882 Recall@3: 0.857640 time: 5724s
2021-01-26 06:38:42,398 DEBUG   Epoch 40 - Save Best Accuracy: 0.717882 Model
2021-01-26 08:14:12,024 DEBUG   Epoch 41 - avg_train_loss: 0.0082  avg_val_loss: 1.7120 F1: 0.620572  Accuracy: 0.718119 Recall@3: 0.860343 time: 5729s
2021-01-26 08:14:12,025 DEBUG   Epoch 41 - Save Best Accuracy: 0.718119 Model
2021-01-26 09:49:34,405 DEBUG   Epoch 42 - avg_train_loss: 0.0081  avg_val_loss: 1.7027 F1: 0.626501  Accuracy: 0.720889 Recall@3: 0.860141 time: 5721s
2021-01-26 09:49:34,405 DEBUG   Epoch 42 - Save Best Accuracy: 0.720889 Model
2021-01-26 11:25:01,407 DEBUG   Epoch 43 - avg_train_loss: 0.0075  avg_val_loss: 1.6967 F1: 0.626044  Accuracy: 0.721126 Recall@3: 0.861323 time: 5726s
2021-01-26 11:25:01,408 DEBUG   Epoch 43 - Save Best Accuracy: 0.721126 Model
2021-01-26 13:00:34,523 DEBUG   Epoch 44 - avg_train_loss: 0.0071  avg_val_loss: 1.7121 F1: 0.626196  Accuracy: 0.720315 Recall@3: 0.860681 time: 5731s
2021-01-26 14:35:53,927 DEBUG   Epoch 45 - avg_train_loss: 0.0065  avg_val_loss: 1.7050 F1: 0.627141  Accuracy: 0.721396 Recall@3: 0.859904 time: 5719s
2021-01-26 14:35:53,928 DEBUG   Epoch 45 - Save Best Accuracy: 0.721396 Model
2021-01-26 16:11:17,271 DEBUG   Epoch 46 - avg_train_loss: 0.0066  avg_val_loss: 1.7149 F1: 0.622022  Accuracy: 0.718693 Recall@3: 0.859803 time: 5722s
2021-01-26 17:46:40,274 DEBUG   Epoch 47 - avg_train_loss: 0.0063  avg_val_loss: 1.7357 F1: 0.623206  Accuracy: 0.719639 Recall@3: 0.860039 time: 5723s
2021-01-26 19:22:28,173 DEBUG   Epoch 48 - avg_train_loss: 0.0061  avg_val_loss: 1.7079 F1: 0.628704  Accuracy: 0.721092 Recall@3: 0.861729 time: 5748s
2021-01-26 20:58:17,823 DEBUG   Epoch 49 - avg_train_loss: 0.0061  avg_val_loss: 1.7370 F1: 0.626146  Accuracy: 0.722646 Recall@3: 0.861594 time: 5750s
2021-01-26 20:58:17,823 DEBUG   Epoch 49 - Save Best Accuracy: 0.722646 Model
2021-01-26 22:42:18,962 DEBUG   Epoch 50 - avg_train_loss: 0.0055  avg_val_loss: 1.7191 F1: 0.625839  Accuracy: 0.722883 Recall@3: 0.860174 time: 6240s
2021-01-26 22:42:18,963 DEBUG   Epoch 50 - Save Best Accuracy: 0.722883 Model
2021-01-27 00:18:41,109 DEBUG   Epoch 51 - avg_train_loss: 0.0053  avg_val_loss: 1.7154 F1: 0.628458  Accuracy: 0.722140 Recall@3: 0.861019 time: 5781s
2021-01-27 01:53:55,193 DEBUG   Epoch 52 - avg_train_loss: 0.0052  avg_val_loss: 1.7069 F1: 0.626221  Accuracy: 0.722376 Recall@3: 0.861053 time: 5714s
2021-01-27 03:29:05,043 DEBUG   Epoch 53 - avg_train_loss: 0.0052  avg_val_loss: 1.7304 F1: 0.625628  Accuracy: 0.721498 Recall@3: 0.860884 time: 5710s
2021-01-27 05:04:14,308 DEBUG   Epoch 54 - avg_train_loss: 0.0052  avg_val_loss: 1.7310 F1: 0.626932  Accuracy: 0.723255 Recall@3: 0.861796 time: 5709s
2021-01-27 05:04:14,309 DEBUG   Epoch 54 - Save Best Accuracy: 0.723255 Model
2021-01-27 06:39:28,796 DEBUG   Epoch 55 - avg_train_loss: 0.0050  avg_val_loss: 1.7518 F1: 0.630483  Accuracy: 0.723153 Recall@3: 0.861931 time: 5713s
2021-01-27 08:14:44,701 DEBUG   Epoch 56 - avg_train_loss: 0.0046  avg_val_loss: 1.7263 F1: 0.629538  Accuracy: 0.724066 Recall@3: 0.862472 time: 5716s
2021-01-27 08:14:44,701 DEBUG   Epoch 56 - Save Best Accuracy: 0.724066 Model
2021-01-27 09:54:43,684 DEBUG   Epoch 57 - avg_train_loss: 0.0047  avg_val_loss: 1.7554 F1: 0.623578  Accuracy: 0.720416 Recall@3: 0.861323 time: 5998s
2021-01-27 11:34:09,347 DEBUG   Epoch 58 - avg_train_loss: 0.0044  avg_val_loss: 1.7533 F1: 0.628535  Accuracy: 0.722410 Recall@3: 0.862371 time: 5966s
2021-01-27 13:11:03,223 DEBUG   Epoch 59 - avg_train_loss: 0.0045  avg_val_loss: 1.7455 F1: 0.627575  Accuracy: 0.722140 Recall@3: 0.862236 time: 5814s
2021-01-27 14:47:47,961 DEBUG   Epoch 60 - avg_train_loss: 0.0044  avg_val_loss: 1.7450 F1: 0.629449  Accuracy: 0.723998 Recall@3: 0.863080 time: 5805s
2021-01-27 16:27:27,361 DEBUG   Epoch 61 - avg_train_loss: 0.0043  avg_val_loss: 1.7478 F1: 0.632582  Accuracy: 0.724167 Recall@3: 0.861864 time: 5979s
2021-01-27 16:27:27,362 DEBUG   Epoch 61 - Save Best Accuracy: 0.724167 Model
2021-01-27 18:05:08,483 DEBUG   Epoch 62 - avg_train_loss: 0.0041  avg_val_loss: 1.7476 F1: 0.630489  Accuracy: 0.723694 Recall@3: 0.862607 time: 5859s
2021-01-27 19:40:23,168 DEBUG   Epoch 63 - avg_train_loss: 0.0040  avg_val_loss: 1.7611 F1: 0.628969  Accuracy: 0.723289 Recall@3: 0.862878 time: 5715s
2021-01-27 21:15:45,166 DEBUG   Epoch 64 - avg_train_loss: 0.0041  avg_val_loss: 1.7634 F1: 0.626465  Accuracy: 0.721667 Recall@3: 0.861763 time: 5722s
2021-01-27 22:51:38,202 DEBUG   Epoch 65 - avg_train_loss: 0.0041  avg_val_loss: 1.7876 F1: 0.627933  Accuracy: 0.722579 Recall@3: 0.863553 time: 5753s
2021-01-28 00:27:40,543 DEBUG   Epoch 66 - avg_train_loss: 0.0039  avg_val_loss: 1.7352 F1: 0.629230  Accuracy: 0.724573 Recall@3: 0.863114 time: 5762s
2021-01-28 00:27:40,544 DEBUG   Epoch 66 - Save Best Accuracy: 0.724573 Model
2021-01-28 02:03:33,042 DEBUG   Epoch 67 - avg_train_loss: 0.0039  avg_val_loss: 1.7487 F1: 0.628578  Accuracy: 0.723356 Recall@3: 0.862878 time: 5751s
2021-01-28 03:38:52,503 DEBUG   Epoch 68 - avg_train_loss: 0.0038  avg_val_loss: 1.7614 F1: 0.629689  Accuracy: 0.723863 Recall@3: 0.861931 time: 5719s
2021-01-28 05:14:17,145 DEBUG   Epoch 69 - avg_train_loss: 0.0038  avg_val_loss: 1.7518 F1: 0.629371  Accuracy: 0.724133 Recall@3: 0.862607 time: 5725s
2021-01-28 06:49:44,047 DEBUG   Epoch 70 - avg_train_loss: 0.0038  avg_val_loss: 1.7703 F1: 0.630089  Accuracy: 0.724066 Recall@3: 0.863553 time: 5727s
2021-01-28 08:25:07,468 DEBUG   Epoch 71 - avg_train_loss: 0.0038  avg_val_loss: 1.7902 F1: 0.628301  Accuracy: 0.723356 Recall@3: 0.863621 time: 5723s
2021-01-28 10:00:28,259 DEBUG   Epoch 72 - avg_train_loss: 0.0037  avg_val_loss: 1.7992 F1: 0.629857  Accuracy: 0.724235 Recall@3: 0.863384 time: 5721s
2021-01-28 11:35:45,650 DEBUG   Epoch 73 - avg_train_loss: 0.0038  avg_val_loss: 1.7398 F1: 0.626108  Accuracy: 0.722309 Recall@3: 0.862033 time: 5717s
2021-01-28 13:11:56,704 DEBUG   Epoch 74 - avg_train_loss: 0.0036  avg_val_loss: 1.7624 F1: 0.629996  Accuracy: 0.724133 Recall@3: 0.862202 time: 5771s
2021-01-28 14:47:48,656 DEBUG   Epoch 75 - avg_train_loss: 0.0035  avg_val_loss: 1.7685 F1: 0.629018  Accuracy: 0.724404 Recall@3: 0.862033 time: 5752s
2021-01-28 16:24:07,726 DEBUG   Epoch 76 - avg_train_loss: 0.0036  avg_val_loss: 1.7813 F1: 0.631118  Accuracy: 0.724843 Recall@3: 0.862573 time: 5779s
2021-01-28 16:24:07,727 DEBUG   Epoch 76 - Save Best Accuracy: 0.724843 Model
2021-01-28 18:01:39,836 DEBUG   Epoch 77 - avg_train_loss: 0.0037  avg_val_loss: 1.7812 F1: 0.630263  Accuracy: 0.724674 Recall@3: 0.862573 time: 5849s
2021-01-28 19:38:58,651 DEBUG   Epoch 78 - avg_train_loss: 0.0033  avg_val_loss: 1.7787 F1: 0.631536  Accuracy: 0.725586 Recall@3: 0.862675 time: 5839s
2021-01-28 19:38:58,651 DEBUG   Epoch 78 - Save Best Accuracy: 0.725586 Model
2021-01-28 21:15:42,740 DEBUG   Epoch 79 - avg_train_loss: 0.0034  avg_val_loss: 1.7588 F1: 0.628814  Accuracy: 0.724404 Recall@3: 0.862506 time: 5803s
2021-01-28 22:51:56,399 DEBUG   Epoch 80 - avg_train_loss: 0.0034  avg_val_loss: 1.7663 F1: 0.628158  Accuracy: 0.723593 Recall@3: 0.861087 time: 5774s
2021-01-29 00:27:14,582 DEBUG   Epoch 81 - avg_train_loss: 0.0034  avg_val_loss: 1.7671 F1: 0.628698  Accuracy: 0.725350 Recall@3: 0.863114 time: 5718s
2021-01-29 02:02:34,963 DEBUG   Epoch 82 - avg_train_loss: 0.0033  avg_val_loss: 1.7776 F1: 0.628131  Accuracy: 0.724775 Recall@3: 0.863080 time: 5720s
2021-01-29 03:37:52,997 DEBUG   Epoch 83 - avg_train_loss: 0.0034  avg_val_loss: 1.7507 F1: 0.629509  Accuracy: 0.725012 Recall@3: 0.862472 time: 5718s
2021-01-29 05:13:09,227 DEBUG   Epoch 84 - avg_train_loss: 0.0034  avg_val_loss: 1.7926 F1: 0.627945  Accuracy: 0.723187 Recall@3: 0.861289 time: 5716s
2021-01-29 06:48:16,854 DEBUG   Epoch 85 - avg_train_loss: 0.0034  avg_val_loss: 1.7492 F1: 0.630092  Accuracy: 0.724437 Recall@3: 0.862641 time: 5708s
2021-01-29 08:23:28,024 DEBUG   Epoch 86 - avg_train_loss: 0.0034  avg_val_loss: 1.7735 F1: 0.628528  Accuracy: 0.724268 Recall@3: 0.862878 time: 5711s
2021-01-29 09:58:58,221 DEBUG   Epoch 87 - avg_train_loss: 0.0033  avg_val_loss: 1.7929 F1: 0.628241  Accuracy: 0.723390 Recall@3: 0.862236 time: 5730s
2021-01-29 11:34:31,266 DEBUG   Epoch 88 - avg_train_loss: 0.0033  avg_val_loss: 1.7673 F1: 0.630407  Accuracy: 0.725823 Recall@3: 0.863959 time: 5733s
2021-01-29 11:34:31,267 DEBUG   Epoch 88 - Save Best Accuracy: 0.725823 Model
2021-01-29 13:10:02,408 DEBUG   Epoch 89 - avg_train_loss: 0.0032  avg_val_loss: 1.7749 F1: 0.628889  Accuracy: 0.724167 Recall@3: 0.861661 time: 5730s
2021-01-29 14:46:29,509 DEBUG   Epoch 90 - avg_train_loss: 0.0033  avg_val_loss: 1.7646 F1: 0.630399  Accuracy: 0.725721 Recall@3: 0.862337 time: 5787s
2021-01-29 16:24:26,094 DEBUG   Epoch 91 - avg_train_loss: 0.0032  avg_val_loss: 1.7658 F1: 0.629516  Accuracy: 0.724032 Recall@3: 0.863317 time: 5877s
2021-01-29 18:02:13,028 DEBUG   Epoch 92 - avg_train_loss: 0.0033  avg_val_loss: 1.8056 F1: 0.629911  Accuracy: 0.724133 Recall@3: 0.861796 time: 5867s
2021-01-29 19:38:53,730 DEBUG   Epoch 93 - avg_train_loss: 0.0032  avg_val_loss: 1.7632 F1: 0.630802  Accuracy: 0.724809 Recall@3: 0.862878 time: 5801s
2021-01-29 21:15:09,097 DEBUG   Epoch 94 - avg_train_loss: 0.0031  avg_val_loss: 1.7906 F1: 0.628825  Accuracy: 0.723795 Recall@3: 0.861425 time: 5775s
2021-01-29 22:51:27,682 DEBUG   Epoch 95 - avg_train_loss: 0.0032  avg_val_loss: 1.7695 F1: 0.630590  Accuracy: 0.725688 Recall@3: 0.862810 time: 5779s
2021-01-30 00:27:42,457 DEBUG   Epoch 96 - avg_train_loss: 0.0031  avg_val_loss: 1.7856 F1: 0.628235  Accuracy: 0.723525 Recall@3: 0.860816 time: 5775s
2021-01-30 02:03:55,995 DEBUG   Epoch 97 - avg_train_loss: 0.0032  avg_val_loss: 1.7891 F1: 0.627112  Accuracy: 0.723728 Recall@3: 0.863114 time: 5774s
2021-01-30 03:40:08,453 DEBUG   Epoch 98 - avg_train_loss: 0.0032  avg_val_loss: 1.8047 F1: 0.628535  Accuracy: 0.723457 Recall@3: 0.862472 time: 5772s
2021-01-30 05:16:23,535 DEBUG   Epoch 99 - avg_train_loss: 0.0033  avg_val_loss: 1.7712 F1: 0.629654  Accuracy: 0.723728 Recall@3: 0.860715 time: 5775s
2021-01-30 06:52:40,372 DEBUG   Epoch 100 - avg_train_loss: 0.0031  avg_val_loss: 1.7728 F1: 0.628543  Accuracy: 0.724336 Recall@3: 0.863182 time: 5777s
2021-01-30 06:52:40,372 INFO [Train model] done in 575253 s.
