2021-01-23 15:03:25,464 INFO [Train model] start
2021-01-23 16:27:40,069 DEBUG   Epoch 1 - avg_train_loss: 0.9032  avg_val_loss: 2.5587 F1: 0.218932  Accuracy: 0.420693 Recall@3: 0.613942 time: 5051s
2021-01-23 16:27:40,070 DEBUG   Epoch 1 - Save Best Accuracy: 0.420693 Model
2021-01-23 16:27:40,932 DEBUG   Epoch 1 - Save Best Loss: 2.5587 Model
2021-01-23 17:50:03,464 DEBUG   Epoch 2 - avg_train_loss: 0.5465  avg_val_loss: 1.9746 F1: 0.355223  Accuracy: 0.528823 Recall@3: 0.722444 time: 4940s
2021-01-23 17:50:03,465 DEBUG   Epoch 2 - Save Best Accuracy: 0.528823 Model
2021-01-23 17:50:04,619 DEBUG   Epoch 2 - Save Best Loss: 1.9746 Model
2021-01-23 19:12:08,907 DEBUG   Epoch 3 - avg_train_loss: 0.4376  avg_val_loss: 1.7315 F1: 0.421733  Accuracy: 0.578462 Recall@3: 0.769818 time: 4922s
2021-01-23 19:12:08,908 DEBUG   Epoch 3 - Save Best Accuracy: 0.578462 Model
2021-01-23 19:12:10,121 DEBUG   Epoch 3 - Save Best Loss: 1.7315 Model
2021-01-23 20:34:03,996 DEBUG   Epoch 4 - avg_train_loss: 0.3730  avg_val_loss: 1.6361 F1: 0.460808  Accuracy: 0.599108 Recall@3: 0.788302 time: 4913s
2021-01-23 20:34:03,997 DEBUG   Epoch 4 - Save Best Accuracy: 0.599108 Model
2021-01-23 20:34:04,810 DEBUG   Epoch 4 - Save Best Loss: 1.6361 Model
2021-01-23 21:56:08,362 DEBUG   Epoch 5 - avg_train_loss: 0.3303  avg_val_loss: 1.5397 F1: 0.487918  Accuracy: 0.621984 Recall@3: 0.806447 time: 4923s
2021-01-23 21:56:08,362 DEBUG   Epoch 5 - Save Best Accuracy: 0.621984 Model
2021-01-23 21:56:09,200 DEBUG   Epoch 5 - Save Best Loss: 1.5397 Model
2021-01-23 23:18:06,071 DEBUG   Epoch 6 - avg_train_loss: 0.2924  avg_val_loss: 1.4836 F1: 0.515937  Accuracy: 0.636886 Recall@3: 0.816517 time: 4915s
2021-01-23 23:18:06,071 DEBUG   Epoch 6 - Save Best Accuracy: 0.636886 Model
2021-01-23 23:18:07,391 DEBUG   Epoch 6 - Save Best Loss: 1.4836 Model
2021-01-24 00:39:57,270 DEBUG   Epoch 7 - avg_train_loss: 0.2626  avg_val_loss: 1.4316 F1: 0.538341  Accuracy: 0.655572 Recall@3: 0.828445 time: 4909s
2021-01-24 00:39:57,271 DEBUG   Epoch 7 - Save Best Accuracy: 0.655572 Model
2021-01-24 00:39:58,052 DEBUG   Epoch 7 - Save Best Loss: 1.4316 Model
2021-01-24 02:01:55,221 DEBUG   Epoch 8 - avg_train_loss: 0.2363  avg_val_loss: 1.4358 F1: 0.539877  Accuracy: 0.655336 Recall@3: 0.829932 time: 4916s
2021-01-24 03:23:52,417 DEBUG   Epoch 9 - avg_train_loss: 0.2149  avg_val_loss: 1.3999 F1: 0.554065  Accuracy: 0.663716 Recall@3: 0.834358 time: 4917s
2021-01-24 03:23:52,417 DEBUG   Epoch 9 - Save Best Accuracy: 0.663716 Model
2021-01-24 03:23:53,535 DEBUG   Epoch 9 - Save Best Loss: 1.3999 Model
2021-01-24 04:45:56,951 DEBUG   Epoch 10 - avg_train_loss: 0.1952  avg_val_loss: 1.3892 F1: 0.566665  Accuracy: 0.670643 Recall@3: 0.837906 time: 4923s
2021-01-24 04:45:56,951 DEBUG   Epoch 10 - Save Best Accuracy: 0.670643 Model
2021-01-24 04:45:57,916 DEBUG   Epoch 10 - Save Best Loss: 1.3892 Model
2021-01-24 06:08:28,187 DEBUG   Epoch 11 - avg_train_loss: 0.1761  avg_val_loss: 1.4060 F1: 0.566726  Accuracy: 0.670575 Recall@3: 0.838481 time: 4949s
2021-01-24 07:31:02,417 DEBUG   Epoch 12 - avg_train_loss: 0.1588  avg_val_loss: 1.4164 F1: 0.578609  Accuracy: 0.676793 Recall@3: 0.841522 time: 4954s
2021-01-24 07:31:02,418 DEBUG   Epoch 12 - Save Best Accuracy: 0.676793 Model
2021-01-24 08:53:34,339 DEBUG   Epoch 13 - avg_train_loss: 0.1307  avg_val_loss: 1.3789 F1: 0.589225  Accuracy: 0.687741 Recall@3: 0.848753 time: 4951s
2021-01-24 08:53:34,340 DEBUG   Epoch 13 - Save Best Accuracy: 0.687741 Model
2021-01-24 08:53:35,991 DEBUG   Epoch 13 - Save Best Loss: 1.3789 Model
2021-01-24 10:16:06,228 DEBUG   Epoch 14 - avg_train_loss: 0.1170  avg_val_loss: 1.3948 F1: 0.592466  Accuracy: 0.689025 Recall@3: 0.849125 time: 4949s
2021-01-24 10:16:06,228 DEBUG   Epoch 14 - Save Best Accuracy: 0.689025 Model
2021-01-24 11:39:03,809 DEBUG   Epoch 15 - avg_train_loss: 0.1053  avg_val_loss: 1.4130 F1: 0.592735  Accuracy: 0.690613 Recall@3: 0.848111 time: 4977s
2021-01-24 11:39:03,810 DEBUG   Epoch 15 - Save Best Accuracy: 0.690613 Model
2021-01-24 13:01:41,550 DEBUG   Epoch 16 - avg_train_loss: 0.0845  avg_val_loss: 1.4298 F1: 0.597729  Accuracy: 0.696290 Recall@3: 0.852031 time: 4956s
2021-01-24 13:01:41,551 DEBUG   Epoch 16 - Save Best Accuracy: 0.696290 Model
2021-01-24 14:24:20,347 DEBUG   Epoch 17 - avg_train_loss: 0.0739  avg_val_loss: 1.4399 F1: 0.603359  Accuracy: 0.698824 Recall@3: 0.853653 time: 4958s
2021-01-24 14:24:20,347 DEBUG   Epoch 17 - Save Best Accuracy: 0.698824 Model
2021-01-24 15:46:55,232 DEBUG   Epoch 18 - avg_train_loss: 0.0580  avg_val_loss: 1.4499 F1: 0.609665  Accuracy: 0.704366 Recall@3: 0.857471 time: 4954s
2021-01-24 15:46:55,233 DEBUG   Epoch 18 - Save Best Accuracy: 0.704366 Model
2021-01-24 17:09:54,013 DEBUG   Epoch 19 - avg_train_loss: 0.0500  avg_val_loss: 1.4850 F1: 0.607517  Accuracy: 0.703960 Recall@3: 0.856457 time: 4977s
2021-01-24 18:32:23,867 DEBUG   Epoch 20 - avg_train_loss: 0.0391  avg_val_loss: 1.4633 F1: 0.620352  Accuracy: 0.710887 Recall@3: 0.859735 time: 4950s
2021-01-24 18:32:23,867 DEBUG   Epoch 20 - Save Best Accuracy: 0.710887 Model
2021-01-24 19:54:55,816 DEBUG   Epoch 21 - avg_train_loss: 0.0340  avg_val_loss: 1.4662 F1: 0.620194  Accuracy: 0.711631 Recall@3: 0.862033 time: 4951s
2021-01-24 19:54:55,817 DEBUG   Epoch 21 - Save Best Accuracy: 0.711631 Model
2021-01-24 21:17:41,704 DEBUG   Epoch 22 - avg_train_loss: 0.0274  avg_val_loss: 1.4832 F1: 0.628803  Accuracy: 0.716868 Recall@3: 0.862337 time: 4965s
2021-01-24 21:17:41,705 DEBUG   Epoch 22 - Save Best Accuracy: 0.716868 Model
2021-01-24 22:40:21,764 DEBUG   Epoch 23 - avg_train_loss: 0.0236  avg_val_loss: 1.4794 F1: 0.624153  Accuracy: 0.715111 Recall@3: 0.863418 time: 4959s
2021-01-25 00:02:57,468 DEBUG   Epoch 24 - avg_train_loss: 0.0197  avg_val_loss: 1.4702 F1: 0.633097  Accuracy: 0.722241 Recall@3: 0.865784 time: 4956s
2021-01-25 00:02:57,468 DEBUG   Epoch 24 - Save Best Accuracy: 0.722241 Model
2021-01-25 01:25:39,954 DEBUG   Epoch 25 - avg_train_loss: 0.0175  avg_val_loss: 1.4954 F1: 0.627965  Accuracy: 0.720214 Recall@3: 0.864060 time: 4962s
2021-01-25 02:48:19,643 DEBUG   Epoch 26 - avg_train_loss: 0.0145  avg_val_loss: 1.4893 F1: 0.632305  Accuracy: 0.723153 Recall@3: 0.867912 time: 4960s
2021-01-25 02:48:19,643 DEBUG   Epoch 26 - Save Best Accuracy: 0.723153 Model
2021-01-25 04:10:57,845 DEBUG   Epoch 27 - avg_train_loss: 0.0132  avg_val_loss: 1.4992 F1: 0.637411  Accuracy: 0.724809 Recall@3: 0.867811 time: 4957s
2021-01-25 04:10:57,846 DEBUG   Epoch 27 - Save Best Accuracy: 0.724809 Model
2021-01-25 05:33:12,105 DEBUG   Epoch 28 - avg_train_loss: 0.0118  avg_val_loss: 1.4943 F1: 0.638263  Accuracy: 0.726093 Recall@3: 0.869298 time: 4933s
2021-01-25 05:33:12,106 DEBUG   Epoch 28 - Save Best Accuracy: 0.726093 Model
2021-01-25 06:54:50,396 DEBUG   Epoch 29 - avg_train_loss: 0.0105  avg_val_loss: 1.5021 F1: 0.640181  Accuracy: 0.728458 Recall@3: 0.869365 time: 4897s
2021-01-25 06:54:50,396 DEBUG   Epoch 29 - Save Best Accuracy: 0.728458 Model
2021-01-25 08:16:30,126 DEBUG   Epoch 30 - avg_train_loss: 0.0095  avg_val_loss: 1.4886 F1: 0.644434  Accuracy: 0.728627 Recall@3: 0.868859 time: 4898s
2021-01-25 08:16:30,127 DEBUG   Epoch 30 - Save Best Accuracy: 0.728627 Model
2021-01-25 09:38:19,420 DEBUG   Epoch 31 - avg_train_loss: 0.0089  avg_val_loss: 1.4952 F1: 0.640152  Accuracy: 0.727749 Recall@3: 0.869129 time: 4908s
2021-01-25 11:00:01,575 DEBUG   Epoch 32 - avg_train_loss: 0.0083  avg_val_loss: 1.5194 F1: 0.640671  Accuracy: 0.728763 Recall@3: 0.870007 time: 4902s
2021-01-25 11:00:01,575 DEBUG   Epoch 32 - Save Best Accuracy: 0.728763 Model
2021-01-25 12:21:44,939 DEBUG   Epoch 33 - avg_train_loss: 0.0078  avg_val_loss: 1.5092 F1: 0.646663  Accuracy: 0.734270 Recall@3: 0.871359 time: 4902s
2021-01-25 12:21:44,940 DEBUG   Epoch 33 - Save Best Accuracy: 0.734270 Model
2021-01-25 13:43:16,633 DEBUG   Epoch 34 - avg_train_loss: 0.0070  avg_val_loss: 1.4905 F1: 0.646475  Accuracy: 0.731601 Recall@3: 0.870886 time: 4891s
2021-01-25 15:04:37,362 DEBUG   Epoch 35 - avg_train_loss: 0.0068  avg_val_loss: 1.5180 F1: 0.646158  Accuracy: 0.732919 Recall@3: 0.871156 time: 4881s
2021-01-25 16:26:07,325 DEBUG   Epoch 36 - avg_train_loss: 0.0059  avg_val_loss: 1.5104 F1: 0.644636  Accuracy: 0.733020 Recall@3: 0.872440 time: 4890s
2021-01-25 17:49:15,042 DEBUG   Epoch 37 - avg_train_loss: 0.0059  avg_val_loss: 1.5186 F1: 0.642859  Accuracy: 0.733797 Recall@3: 0.871562 time: 4988s
2021-01-25 19:10:32,295 DEBUG   Epoch 38 - avg_train_loss: 0.0055  avg_val_loss: 1.5050 F1: 0.646892  Accuracy: 0.734270 Recall@3: 0.873758 time: 4877s
2021-01-25 20:32:06,942 DEBUG   Epoch 39 - avg_train_loss: 0.0055  avg_val_loss: 1.5215 F1: 0.646562  Accuracy: 0.733696 Recall@3: 0.871021 time: 4895s
2021-01-25 21:53:37,762 DEBUG   Epoch 40 - avg_train_loss: 0.0050  avg_val_loss: 1.5093 F1: 0.648178  Accuracy: 0.735622 Recall@3: 0.872542 time: 4891s
2021-01-25 21:53:37,763 DEBUG   Epoch 40 - Save Best Accuracy: 0.735622 Model
2021-01-25 23:16:59,987 DEBUG   Epoch 41 - avg_train_loss: 0.0049  avg_val_loss: 1.5133 F1: 0.646864  Accuracy: 0.734845 Recall@3: 0.870886 time: 5000s
2021-01-26 00:38:27,168 DEBUG   Epoch 42 - avg_train_loss: 0.0047  avg_val_loss: 1.4964 F1: 0.649875  Accuracy: 0.737210 Recall@3: 0.873961 time: 4887s
2021-01-26 00:38:27,169 DEBUG   Epoch 42 - Save Best Accuracy: 0.737210 Model
2021-01-26 01:59:46,287 DEBUG   Epoch 43 - avg_train_loss: 0.0044  avg_val_loss: 1.5207 F1: 0.647285  Accuracy: 0.734946 Recall@3: 0.873826 time: 4877s
2021-01-26 03:21:12,700 DEBUG   Epoch 44 - avg_train_loss: 0.0044  avg_val_loss: 1.5235 F1: 0.648912  Accuracy: 0.736940 Recall@3: 0.874029 time: 4886s
2021-01-26 04:42:32,639 DEBUG   Epoch 45 - avg_train_loss: 0.0043  avg_val_loss: 1.5284 F1: 0.646612  Accuracy: 0.734912 Recall@3: 0.872677 time: 4880s
2021-01-26 06:04:53,628 DEBUG   Epoch 46 - avg_train_loss: 0.0040  avg_val_loss: 1.5161 F1: 0.646302  Accuracy: 0.736129 Recall@3: 0.872474 time: 4941s
2021-01-26 07:27:29,633 DEBUG   Epoch 47 - avg_train_loss: 0.0039  avg_val_loss: 1.5124 F1: 0.650939  Accuracy: 0.736534 Recall@3: 0.874434 time: 4956s
2021-01-26 08:50:05,463 DEBUG   Epoch 48 - avg_train_loss: 0.0039  avg_val_loss: 1.5222 F1: 0.649569  Accuracy: 0.737379 Recall@3: 0.874941 time: 4956s
2021-01-26 08:50:05,463 DEBUG   Epoch 48 - Save Best Accuracy: 0.737379 Model
2021-01-26 10:12:38,268 DEBUG   Epoch 49 - avg_train_loss: 0.0041  avg_val_loss: 1.5210 F1: 0.648953  Accuracy: 0.736264 Recall@3: 0.875042 time: 4952s
2021-01-26 11:35:11,474 DEBUG   Epoch 50 - avg_train_loss: 0.0038  avg_val_loss: 1.5097 F1: 0.651248  Accuracy: 0.738494 Recall@3: 0.874265 time: 4953s
2021-01-26 11:35:11,475 DEBUG   Epoch 50 - Save Best Accuracy: 0.738494 Model
2021-01-26 12:57:43,819 DEBUG   Epoch 51 - avg_train_loss: 0.0036  avg_val_loss: 1.5034 F1: 0.646882  Accuracy: 0.735926 Recall@3: 0.875076 time: 4951s
2021-01-26 14:20:07,039 DEBUG   Epoch 52 - avg_train_loss: 0.0035  avg_val_loss: 1.5241 F1: 0.647511  Accuracy: 0.736737 Recall@3: 0.874873 time: 4943s
2021-01-26 15:42:29,550 DEBUG   Epoch 53 - avg_train_loss: 0.0034  avg_val_loss: 1.5271 F1: 0.654197  Accuracy: 0.738934 Recall@3: 0.874502 time: 4943s
2021-01-26 15:42:29,550 DEBUG   Epoch 53 - Save Best Accuracy: 0.738934 Model
2021-01-26 17:05:00,036 DEBUG   Epoch 54 - avg_train_loss: 0.0034  avg_val_loss: 1.5191 F1: 0.651161  Accuracy: 0.737379 Recall@3: 0.874975 time: 4947s
2021-01-26 18:27:36,576 DEBUG   Epoch 55 - avg_train_loss: 0.0035  avg_val_loss: 1.5217 F1: 0.652025  Accuracy: 0.737920 Recall@3: 0.874468 time: 4957s
2021-01-26 19:50:18,835 DEBUG   Epoch 56 - avg_train_loss: 0.0034  avg_val_loss: 1.5078 F1: 0.652698  Accuracy: 0.738629 Recall@3: 0.874704 time: 4962s
2021-01-26 21:13:13,991 DEBUG   Epoch 57 - avg_train_loss: 0.0033  avg_val_loss: 1.5251 F1: 0.652542  Accuracy: 0.738325 Recall@3: 0.874164 time: 4975s
2021-01-26 22:42:47,726 DEBUG   Epoch 58 - avg_train_loss: 0.0032  avg_val_loss: 1.5181 F1: 0.649035  Accuracy: 0.736365 Recall@3: 0.874873 time: 5374s
2021-01-27 00:09:19,207 DEBUG   Epoch 59 - avg_train_loss: 0.0032  avg_val_loss: 1.5358 F1: 0.647903  Accuracy: 0.736839 Recall@3: 0.874738 time: 5191s
2021-01-27 01:31:39,167 DEBUG   Epoch 60 - avg_train_loss: 0.0030  avg_val_loss: 1.5176 F1: 0.651358  Accuracy: 0.739711 Recall@3: 0.875752 time: 4940s
2021-01-27 01:31:39,168 DEBUG   Epoch 60 - Save Best Accuracy: 0.739711 Model
2021-01-27 02:53:58,521 DEBUG   Epoch 61 - avg_train_loss: 0.0033  avg_val_loss: 1.5105 F1: 0.649909  Accuracy: 0.738528 Recall@3: 0.876259 time: 4938s
2021-01-27 04:16:23,086 DEBUG   Epoch 62 - avg_train_loss: 0.0031  avg_val_loss: 1.5162 F1: 0.650841  Accuracy: 0.737920 Recall@3: 0.875279 time: 4945s
2021-01-27 05:38:27,390 DEBUG   Epoch 63 - avg_train_loss: 0.0031  avg_val_loss: 1.5174 F1: 0.649847  Accuracy: 0.737278 Recall@3: 0.874738 time: 4924s
2021-01-27 07:00:09,373 DEBUG   Epoch 64 - avg_train_loss: 0.0031  avg_val_loss: 1.5304 F1: 0.651822  Accuracy: 0.739440 Recall@3: 0.874907 time: 4902s
2021-01-27 08:21:53,881 DEBUG   Epoch 65 - avg_train_loss: 0.0030  avg_val_loss: 1.5134 F1: 0.651412  Accuracy: 0.739001 Recall@3: 0.877171 time: 4905s
2021-01-27 09:45:09,148 DEBUG   Epoch 66 - avg_train_loss: 0.0028  avg_val_loss: 1.5132 F1: 0.651692  Accuracy: 0.740353 Recall@3: 0.875684 time: 4995s
2021-01-27 09:45:09,148 DEBUG   Epoch 66 - Save Best Accuracy: 0.740353 Model
2021-01-27 11:10:10,407 DEBUG   Epoch 67 - avg_train_loss: 0.0030  avg_val_loss: 1.5127 F1: 0.652692  Accuracy: 0.740826 Recall@3: 0.875684 time: 5098s
2021-01-27 11:10:10,409 DEBUG   Epoch 67 - Save Best Accuracy: 0.740826 Model
2021-01-27 12:34:36,720 DEBUG   Epoch 68 - avg_train_loss: 0.0029  avg_val_loss: 1.5107 F1: 0.652225  Accuracy: 0.738967 Recall@3: 0.875684 time: 5065s
2021-01-27 13:57:53,898 DEBUG   Epoch 69 - avg_train_loss: 0.0027  avg_val_loss: 1.5144 F1: 0.651858  Accuracy: 0.738697 Recall@3: 0.875718 time: 4997s
2021-01-27 15:21:49,243 DEBUG   Epoch 70 - avg_train_loss: 0.0028  avg_val_loss: 1.5324 F1: 0.651938  Accuracy: 0.739440 Recall@3: 0.875819 time: 5035s
2021-01-27 16:47:23,372 DEBUG   Epoch 71 - avg_train_loss: 0.0028  avg_val_loss: 1.5189 F1: 0.651976  Accuracy: 0.740319 Recall@3: 0.876090 time: 5134s
2021-01-27 18:10:43,273 DEBUG   Epoch 72 - avg_train_loss: 0.0028  avg_val_loss: 1.5259 F1: 0.650848  Accuracy: 0.739407 Recall@3: 0.876191 time: 5000s
2021-01-27 19:32:28,479 DEBUG   Epoch 73 - avg_train_loss: 0.0028  avg_val_loss: 1.5240 F1: 0.650381  Accuracy: 0.738866 Recall@3: 0.874941 time: 4905s
2021-01-27 20:54:26,113 DEBUG   Epoch 74 - avg_train_loss: 0.0028  avg_val_loss: 1.5174 F1: 0.651874  Accuracy: 0.738596 Recall@3: 0.875718 time: 4918s
2021-01-27 22:16:31,153 DEBUG   Epoch 75 - avg_train_loss: 0.0028  avg_val_loss: 1.5143 F1: 0.653065  Accuracy: 0.739812 Recall@3: 0.875346 time: 4925s
2021-01-27 23:38:33,569 DEBUG   Epoch 76 - avg_train_loss: 0.0028  avg_val_loss: 1.5430 F1: 0.652893  Accuracy: 0.739170 Recall@3: 0.876022 time: 4922s
2021-01-28 01:01:01,923 DEBUG   Epoch 77 - avg_train_loss: 0.0028  avg_val_loss: 1.5301 F1: 0.649901  Accuracy: 0.737920 Recall@3: 0.874603 time: 4948s
2021-01-28 02:23:05,298 DEBUG   Epoch 78 - avg_train_loss: 0.0027  avg_val_loss: 1.5206 F1: 0.649950  Accuracy: 0.738663 Recall@3: 0.875177 time: 4923s
2021-01-28 03:44:55,765 DEBUG   Epoch 79 - avg_train_loss: 0.0027  avg_val_loss: 1.5290 F1: 0.653929  Accuracy: 0.739947 Recall@3: 0.875786 time: 4910s
2021-01-28 05:07:00,467 DEBUG   Epoch 80 - avg_train_loss: 0.0028  avg_val_loss: 1.5177 F1: 0.656657  Accuracy: 0.740860 Recall@3: 0.876630 time: 4925s
2021-01-28 05:07:00,468 DEBUG   Epoch 80 - Save Best Accuracy: 0.740860 Model
2021-01-28 06:30:01,897 DEBUG   Epoch 81 - avg_train_loss: 0.0026  avg_val_loss: 1.5166 F1: 0.650539  Accuracy: 0.738798 Recall@3: 0.875515 time: 4980s
2021-01-28 07:52:40,968 DEBUG   Epoch 82 - avg_train_loss: 0.0027  avg_val_loss: 1.5310 F1: 0.651530  Accuracy: 0.739407 Recall@3: 0.874197 time: 4959s
2021-01-28 09:15:17,823 DEBUG   Epoch 83 - avg_train_loss: 0.0026  avg_val_loss: 1.5227 F1: 0.652329  Accuracy: 0.739373 Recall@3: 0.876056 time: 4957s
2021-01-28 10:37:54,875 DEBUG   Epoch 84 - avg_train_loss: 0.0027  avg_val_loss: 1.5249 F1: 0.653705  Accuracy: 0.741096 Recall@3: 0.875245 time: 4957s
2021-01-28 10:37:54,876 DEBUG   Epoch 84 - Save Best Accuracy: 0.741096 Model
2021-01-28 12:00:53,689 DEBUG   Epoch 85 - avg_train_loss: 0.0026  avg_val_loss: 1.5302 F1: 0.654385  Accuracy: 0.740893 Recall@3: 0.875313 time: 4978s
2021-01-28 13:23:59,807 DEBUG   Epoch 86 - avg_train_loss: 0.0026  avg_val_loss: 1.5374 F1: 0.654589  Accuracy: 0.739981 Recall@3: 0.875921 time: 4986s
2021-01-28 14:47:36,079 DEBUG   Epoch 87 - avg_train_loss: 0.0026  avg_val_loss: 1.5198 F1: 0.655121  Accuracy: 0.741400 Recall@3: 0.875144 time: 5016s
2021-01-28 14:47:36,080 DEBUG   Epoch 87 - Save Best Accuracy: 0.741400 Model
2021-01-28 16:10:54,527 DEBUG   Epoch 88 - avg_train_loss: 0.0026  avg_val_loss: 1.5248 F1: 0.652455  Accuracy: 0.740082 Recall@3: 0.875313 time: 4997s
2021-01-28 17:35:16,147 DEBUG   Epoch 89 - avg_train_loss: 0.0026  avg_val_loss: 1.5241 F1: 0.654907  Accuracy: 0.740995 Recall@3: 0.875313 time: 5062s
2021-01-28 18:59:57,491 DEBUG   Epoch 90 - avg_train_loss: 0.0026  avg_val_loss: 1.5310 F1: 0.651559  Accuracy: 0.738832 Recall@3: 0.876360 time: 5081s
2021-01-28 20:24:03,771 DEBUG   Epoch 91 - avg_train_loss: 0.0025  avg_val_loss: 1.5550 F1: 0.652516  Accuracy: 0.738731 Recall@3: 0.875617 time: 5046s
2021-01-28 21:48:21,223 DEBUG   Epoch 92 - avg_train_loss: 0.0025  avg_val_loss: 1.5353 F1: 0.651416  Accuracy: 0.738967 Recall@3: 0.875414 time: 5057s
2021-01-28 23:11:30,191 DEBUG   Epoch 93 - avg_train_loss: 0.0026  avg_val_loss: 1.5272 F1: 0.652400  Accuracy: 0.740488 Recall@3: 0.874907 time: 4989s
2021-01-29 00:34:07,429 DEBUG   Epoch 94 - avg_train_loss: 0.0026  avg_val_loss: 1.5248 F1: 0.653685  Accuracy: 0.739745 Recall@3: 0.874873 time: 4957s
2021-01-29 01:56:44,897 DEBUG   Epoch 95 - avg_train_loss: 0.0025  avg_val_loss: 1.5098 F1: 0.653963  Accuracy: 0.740893 Recall@3: 0.875110 time: 4957s
2021-01-29 03:19:23,767 DEBUG   Epoch 96 - avg_train_loss: 0.0026  avg_val_loss: 1.5148 F1: 0.654866  Accuracy: 0.741907 Recall@3: 0.876259 time: 4959s
2021-01-29 03:19:23,768 DEBUG   Epoch 96 - Save Best Accuracy: 0.741907 Model
2021-01-29 04:41:59,913 DEBUG   Epoch 97 - avg_train_loss: 0.0027  avg_val_loss: 1.5272 F1: 0.651050  Accuracy: 0.739170 Recall@3: 0.875718 time: 4955s
2021-01-29 06:04:04,170 DEBUG   Epoch 98 - avg_train_loss: 0.0025  avg_val_loss: 1.5335 F1: 0.651843  Accuracy: 0.738765 Recall@3: 0.875718 time: 4924s
2021-01-29 07:26:01,363 DEBUG   Epoch 99 - avg_train_loss: 0.0026  avg_val_loss: 1.5264 F1: 0.654828  Accuracy: 0.740961 Recall@3: 0.876799 time: 4917s
2021-01-29 08:47:50,219 DEBUG   Epoch 100 - avg_train_loss: 0.0025  avg_val_loss: 1.5267 F1: 0.653127  Accuracy: 0.740218 Recall@3: 0.875346 time: 4909s
2021-01-29 08:47:50,219 INFO [Train model] done in 495865 s.
