2021-05-15 12:48:18,588 INFO [Train model] start
2021-05-15 13:25:46,447 DEBUG   Epoch 1 - avg_train_loss: 0.9499  avg_val_loss: 2.3799 F1: 0.252232  Accuracy: 0.466074 Recall@3: 0.653511 time: 2245s
2021-05-15 13:25:46,448 DEBUG   Epoch 1 - Save Best Accuracy: 0.466074 Model
2021-05-15 13:25:46,522 DEBUG   Epoch 1 - Save Best Loss: 2.3799 Model
2021-05-15 14:02:58,761 DEBUG   Epoch 2 - avg_train_loss: 0.5551  avg_val_loss: 1.8409 F1: 0.387594  Accuracy: 0.564337 Recall@3: 0.750929 time: 2232s
2021-05-15 14:02:58,763 DEBUG   Epoch 2 - Save Best Accuracy: 0.564337 Model
2021-05-15 14:02:58,846 DEBUG   Epoch 2 - Save Best Loss: 1.8409 Model
2021-05-15 14:40:00,014 DEBUG   Epoch 3 - avg_train_loss: 0.4512  avg_val_loss: 1.6648 F1: 0.445199  Accuracy: 0.595526 Recall@3: 0.780226 time: 2221s
2021-05-15 14:40:00,015 DEBUG   Epoch 3 - Save Best Accuracy: 0.595526 Model
2021-05-15 14:40:00,091 DEBUG   Epoch 3 - Save Best Loss: 1.6648 Model
2021-05-15 15:17:30,588 DEBUG   Epoch 4 - avg_train_loss: 0.3914  avg_val_loss: 1.5364 F1: 0.496388  Accuracy: 0.627357 Recall@3: 0.801852 time: 2250s
2021-05-15 15:17:30,589 DEBUG   Epoch 4 - Save Best Accuracy: 0.627357 Model
2021-05-15 15:17:30,664 DEBUG   Epoch 4 - Save Best Loss: 1.5364 Model
2021-05-15 15:54:59,453 DEBUG   Epoch 5 - avg_train_loss: 0.3539  avg_val_loss: 1.4633 F1: 0.504853  Accuracy: 0.637494 Recall@3: 0.813712 time: 2249s
2021-05-15 15:54:59,455 DEBUG   Epoch 5 - Save Best Accuracy: 0.637494 Model
2021-05-15 15:54:59,526 DEBUG   Epoch 5 - Save Best Loss: 1.4633 Model
2021-05-15 16:32:07,630 DEBUG   Epoch 6 - avg_train_loss: 0.3203  avg_val_loss: 1.3934 F1: 0.544331  Accuracy: 0.660100 Recall@3: 0.826249 time: 2228s
2021-05-15 16:32:07,632 DEBUG   Epoch 6 - Save Best Accuracy: 0.660100 Model
2021-05-15 16:32:07,711 DEBUG   Epoch 6 - Save Best Loss: 1.3934 Model
2021-05-15 17:09:45,100 DEBUG   Epoch 7 - avg_train_loss: 0.2964  avg_val_loss: 1.3833 F1: 0.546209  Accuracy: 0.661519 Recall@3: 0.826451 time: 2257s
2021-05-15 17:09:45,124 DEBUG   Epoch 7 - Save Best Accuracy: 0.661519 Model
2021-05-15 17:09:45,203 DEBUG   Epoch 7 - Save Best Loss: 1.3833 Model
2021-05-15 17:47:14,870 DEBUG   Epoch 8 - avg_train_loss: 0.2762  avg_val_loss: 1.3736 F1: 0.549179  Accuracy: 0.661452 Recall@3: 0.832162 time: 2250s
2021-05-15 17:47:14,871 DEBUG   Epoch 8 - Save Best Loss: 1.3736 Model
2021-05-15 18:24:25,067 DEBUG   Epoch 9 - avg_train_loss: 0.2563  avg_val_loss: 1.2970 F1: 0.572591  Accuracy: 0.679699 Recall@3: 0.843685 time: 2230s
2021-05-15 18:24:25,070 DEBUG   Epoch 9 - Save Best Accuracy: 0.679699 Model
2021-05-15 18:24:25,172 DEBUG   Epoch 9 - Save Best Loss: 1.2970 Model
2021-05-15 19:01:49,670 DEBUG   Epoch 10 - avg_train_loss: 0.2422  avg_val_loss: 1.3093 F1: 0.576365  Accuracy: 0.677299 Recall@3: 0.841353 time: 2244s
2021-05-15 19:39:37,790 DEBUG   Epoch 11 - avg_train_loss: 0.2267  avg_val_loss: 1.2782 F1: 0.587108  Accuracy: 0.686085 Recall@3: 0.846895 time: 2268s
2021-05-15 19:39:37,792 DEBUG   Epoch 11 - Save Best Accuracy: 0.686085 Model
2021-05-15 19:39:37,875 DEBUG   Epoch 11 - Save Best Loss: 1.2782 Model
2021-05-15 20:16:57,113 DEBUG   Epoch 12 - avg_train_loss: 0.2142  avg_val_loss: 1.2807 F1: 0.590409  Accuracy: 0.686693 Recall@3: 0.849564 time: 2239s
2021-05-15 20:16:57,114 DEBUG   Epoch 12 - Save Best Accuracy: 0.686693 Model
2021-05-15 20:54:38,025 DEBUG   Epoch 13 - avg_train_loss: 0.2025  avg_val_loss: 1.2845 F1: 0.592420  Accuracy: 0.691424 Recall@3: 0.848787 time: 2261s
2021-05-15 20:54:38,026 DEBUG   Epoch 13 - Save Best Accuracy: 0.691424 Model
2021-05-15 21:31:44,277 DEBUG   Epoch 14 - avg_train_loss: 0.1836  avg_val_loss: 1.2686 F1: 0.598715  Accuracy: 0.696729 Recall@3: 0.853551 time: 2226s
2021-05-15 21:31:44,279 DEBUG   Epoch 14 - Save Best Accuracy: 0.696729 Model
2021-05-15 21:31:44,349 DEBUG   Epoch 14 - Save Best Loss: 1.2686 Model
2021-05-15 22:09:11,383 DEBUG   Epoch 15 - avg_train_loss: 0.1744  avg_val_loss: 1.2566 F1: 0.606560  Accuracy: 0.701696 Recall@3: 0.856322 time: 2247s
2021-05-15 22:09:11,385 DEBUG   Epoch 15 - Save Best Accuracy: 0.701696 Model
2021-05-15 22:09:11,463 DEBUG   Epoch 15 - Save Best Loss: 1.2566 Model
2021-05-15 22:46:41,295 DEBUG   Epoch 16 - avg_train_loss: 0.1656  avg_val_loss: 1.2673 F1: 0.604940  Accuracy: 0.702136 Recall@3: 0.855140 time: 2250s
2021-05-15 22:46:41,296 DEBUG   Epoch 16 - Save Best Accuracy: 0.702136 Model
2021-05-15 23:23:53,765 DEBUG   Epoch 17 - avg_train_loss: 0.1580  avg_val_loss: 1.2695 F1: 0.606287  Accuracy: 0.702913 Recall@3: 0.856593 time: 2232s
2021-05-15 23:23:53,766 DEBUG   Epoch 17 - Save Best Accuracy: 0.702913 Model
2021-05-16 00:01:23,952 DEBUG   Epoch 18 - avg_train_loss: 0.1443  avg_val_loss: 1.3148 F1: 0.605979  Accuracy: 0.699635 Recall@3: 0.854160 time: 2250s
2021-05-16 00:38:55,972 DEBUG   Epoch 19 - avg_train_loss: 0.1359  avg_val_loss: 1.2617 F1: 0.613577  Accuracy: 0.708522 Recall@3: 0.862100 time: 2252s
2021-05-16 00:38:55,973 DEBUG   Epoch 19 - Save Best Accuracy: 0.708522 Model
2021-05-16 01:16:07,851 DEBUG   Epoch 20 - avg_train_loss: 0.1255  avg_val_loss: 1.2799 F1: 0.617829  Accuracy: 0.709941 Recall@3: 0.861492 time: 2232s
2021-05-16 01:16:07,852 DEBUG   Epoch 20 - Save Best Accuracy: 0.709941 Model
2021-05-16 01:53:35,069 DEBUG   Epoch 21 - avg_train_loss: 0.1195  avg_val_loss: 1.2687 F1: 0.616175  Accuracy: 0.708894 Recall@3: 0.862506 time: 2247s
2021-05-16 02:31:00,795 DEBUG   Epoch 22 - avg_train_loss: 0.1095  avg_val_loss: 1.2717 F1: 0.622669  Accuracy: 0.713726 Recall@3: 0.863249 time: 2246s
2021-05-16 02:31:00,796 DEBUG   Epoch 22 - Save Best Accuracy: 0.713726 Model
2021-05-16 03:08:08,757 DEBUG   Epoch 23 - avg_train_loss: 0.1035  avg_val_loss: 1.3034 F1: 0.620442  Accuracy: 0.713016 Recall@3: 0.861695 time: 2228s
2021-05-16 03:45:34,103 DEBUG   Epoch 24 - avg_train_loss: 0.0961  avg_val_loss: 1.2691 F1: 0.632335  Accuracy: 0.719301 Recall@3: 0.867406 time: 2245s
2021-05-16 03:45:34,104 DEBUG   Epoch 24 - Save Best Accuracy: 0.719301 Model
2021-05-16 04:22:55,222 DEBUG   Epoch 25 - avg_train_loss: 0.0923  avg_val_loss: 1.2835 F1: 0.621986  Accuracy: 0.716429 Recall@3: 0.866122 time: 2241s
2021-05-16 05:00:23,874 DEBUG   Epoch 26 - avg_train_loss: 0.0860  avg_val_loss: 1.2811 F1: 0.634959  Accuracy: 0.722173 Recall@3: 0.867101 time: 2249s
2021-05-16 05:00:23,875 DEBUG   Epoch 26 - Save Best Accuracy: 0.722173 Model
2021-05-16 05:37:52,569 DEBUG   Epoch 27 - avg_train_loss: 0.0826  avg_val_loss: 1.2927 F1: 0.631645  Accuracy: 0.719673 Recall@3: 0.866932 time: 2249s
2021-05-16 06:15:03,061 DEBUG   Epoch 28 - avg_train_loss: 0.0773  avg_val_loss: 1.2996 F1: 0.632539  Accuracy: 0.720687 Recall@3: 0.866662 time: 2230s
2021-05-16 06:52:45,941 DEBUG   Epoch 29 - avg_train_loss: 0.0734  avg_val_loss: 1.3069 F1: 0.632840  Accuracy: 0.721126 Recall@3: 0.869196 time: 2263s
2021-05-16 07:30:16,144 DEBUG   Epoch 30 - avg_train_loss: 0.0690  avg_val_loss: 1.3085 F1: 0.634562  Accuracy: 0.724708 Recall@3: 0.869399 time: 2250s
2021-05-16 07:30:16,146 DEBUG   Epoch 30 - Save Best Accuracy: 0.724708 Model
2021-05-16 08:07:29,582 DEBUG   Epoch 31 - avg_train_loss: 0.0660  avg_val_loss: 1.3147 F1: 0.634326  Accuracy: 0.722951 Recall@3: 0.869433 time: 2233s
2021-05-16 08:44:59,024 DEBUG   Epoch 32 - avg_train_loss: 0.0620  avg_val_loss: 1.3335 F1: 0.629350  Accuracy: 0.720045 Recall@3: 0.868656 time: 2249s
2021-05-16 09:22:28,690 DEBUG   Epoch 33 - avg_train_loss: 0.0602  avg_val_loss: 1.3152 F1: 0.639571  Accuracy: 0.727208 Recall@3: 0.871663 time: 2250s
2021-05-16 09:22:28,691 DEBUG   Epoch 33 - Save Best Accuracy: 0.727208 Model
2021-05-16 09:59:42,830 DEBUG   Epoch 34 - avg_train_loss: 0.0564  avg_val_loss: 1.3147 F1: 0.642365  Accuracy: 0.728796 Recall@3: 0.872238 time: 2234s
2021-05-16 09:59:42,831 DEBUG   Epoch 34 - Save Best Accuracy: 0.728796 Model
2021-05-16 10:37:12,140 DEBUG   Epoch 35 - avg_train_loss: 0.0555  avg_val_loss: 1.3236 F1: 0.642022  Accuracy: 0.728391 Recall@3: 0.870751 time: 2249s
2021-05-16 11:14:55,605 DEBUG   Epoch 36 - avg_train_loss: 0.0530  avg_val_loss: 1.3288 F1: 0.642261  Accuracy: 0.727850 Recall@3: 0.871460 time: 2263s
2021-05-16 11:52:17,381 DEBUG   Epoch 37 - avg_train_loss: 0.0509  avg_val_loss: 1.3385 F1: 0.643152  Accuracy: 0.728695 Recall@3: 0.871494 time: 2242s
2021-05-16 12:29:51,569 DEBUG   Epoch 38 - avg_train_loss: 0.0491  avg_val_loss: 1.3419 F1: 0.644989  Accuracy: 0.729438 Recall@3: 0.872170 time: 2254s
2021-05-16 12:29:51,571 DEBUG   Epoch 38 - Save Best Accuracy: 0.729438 Model
2021-05-16 13:07:09,435 DEBUG   Epoch 39 - avg_train_loss: 0.0480  avg_val_loss: 1.3405 F1: 0.645954  Accuracy: 0.730351 Recall@3: 0.871934 time: 2238s
2021-05-16 13:07:09,436 DEBUG   Epoch 39 - Save Best Accuracy: 0.730351 Model
2021-05-16 13:44:40,725 DEBUG   Epoch 40 - avg_train_loss: 0.0454  avg_val_loss: 1.3444 F1: 0.645105  Accuracy: 0.730824 Recall@3: 0.873488 time: 2251s
2021-05-16 13:44:40,727 DEBUG   Epoch 40 - Save Best Accuracy: 0.730824 Model
2021-05-16 14:22:12,587 DEBUG   Epoch 41 - avg_train_loss: 0.0453  avg_val_loss: 1.3444 F1: 0.648542  Accuracy: 0.730959 Recall@3: 0.873082 time: 2252s
2021-05-16 14:22:12,588 DEBUG   Epoch 41 - Save Best Accuracy: 0.730959 Model
2021-05-16 14:59:27,571 DEBUG   Epoch 42 - avg_train_loss: 0.0434  avg_val_loss: 1.3476 F1: 0.644466  Accuracy: 0.730925 Recall@3: 0.871460 time: 2235s
2021-05-16 15:36:59,260 DEBUG   Epoch 43 - avg_train_loss: 0.0429  avg_val_loss: 1.3548 F1: 0.642589  Accuracy: 0.729709 Recall@3: 0.871528 time: 2252s
2021-05-16 16:14:30,435 DEBUG   Epoch 44 - avg_train_loss: 0.0412  avg_val_loss: 1.3622 F1: 0.642887  Accuracy: 0.729641 Recall@3: 0.872609 time: 2251s
2021-05-16 16:51:47,838 DEBUG   Epoch 45 - avg_train_loss: 0.0403  avg_val_loss: 1.3619 F1: 0.645318  Accuracy: 0.730249 Recall@3: 0.872711 time: 2237s
2021-05-16 17:29:21,855 DEBUG   Epoch 46 - avg_train_loss: 0.0392  avg_val_loss: 1.3678 F1: 0.647984  Accuracy: 0.731939 Recall@3: 0.872812 time: 2254s
2021-05-16 17:29:21,856 DEBUG   Epoch 46 - Save Best Accuracy: 0.731939 Model
2021-05-16 18:06:54,776 DEBUG   Epoch 47 - avg_train_loss: 0.0386  avg_val_loss: 1.3617 F1: 0.647620  Accuracy: 0.731669 Recall@3: 0.874231 time: 2253s
2021-05-16 18:44:06,909 DEBUG   Epoch 48 - avg_train_loss: 0.0376  avg_val_loss: 1.3637 F1: 0.646464  Accuracy: 0.730587 Recall@3: 0.874062 time: 2232s
2021-05-16 19:21:36,820 DEBUG   Epoch 49 - avg_train_loss: 0.0364  avg_val_loss: 1.3684 F1: 0.644734  Accuracy: 0.730351 Recall@3: 0.874062 time: 2250s
2021-05-16 19:59:34,571 DEBUG   Epoch 50 - avg_train_loss: 0.0361  avg_val_loss: 1.3694 F1: 0.645614  Accuracy: 0.731601 Recall@3: 0.873589 time: 2278s
2021-05-16 20:37:04,584 DEBUG   Epoch 51 - avg_train_loss: 0.0364  avg_val_loss: 1.3655 F1: 0.647501  Accuracy: 0.732682 Recall@3: 0.873691 time: 2250s
2021-05-16 20:37:04,585 DEBUG   Epoch 51 - Save Best Accuracy: 0.732682 Model
2021-05-16 21:14:35,593 DEBUG   Epoch 52 - avg_train_loss: 0.0351  avg_val_loss: 1.3664 F1: 0.651796  Accuracy: 0.735386 Recall@3: 0.874569 time: 2251s
2021-05-16 21:14:35,594 DEBUG   Epoch 52 - Save Best Accuracy: 0.735386 Model
2021-05-16 21:51:47,961 DEBUG   Epoch 53 - avg_train_loss: 0.0342  avg_val_loss: 1.3712 F1: 0.649014  Accuracy: 0.732750 Recall@3: 0.874299 time: 2232s
2021-05-16 22:29:19,516 DEBUG   Epoch 54 - avg_train_loss: 0.0336  avg_val_loss: 1.3660 F1: 0.648663  Accuracy: 0.733257 Recall@3: 0.873589 time: 2252s
2021-05-16 23:06:53,299 DEBUG   Epoch 55 - avg_train_loss: 0.0332  avg_val_loss: 1.3677 F1: 0.649521  Accuracy: 0.734372 Recall@3: 0.874265 time: 2254s
2021-05-16 23:44:06,374 DEBUG   Epoch 56 - avg_train_loss: 0.0324  avg_val_loss: 1.3671 F1: 0.650913  Accuracy: 0.734000 Recall@3: 0.875380 time: 2233s
2021-05-17 00:21:34,611 DEBUG   Epoch 57 - avg_train_loss: 0.0321  avg_val_loss: 1.3777 F1: 0.651206  Accuracy: 0.733426 Recall@3: 0.874772 time: 2248s
2021-05-17 00:59:07,573 DEBUG   Epoch 58 - avg_train_loss: 0.0320  avg_val_loss: 1.3739 F1: 0.653961  Accuracy: 0.735994 Recall@3: 0.875177 time: 2253s
2021-05-17 00:59:07,575 DEBUG   Epoch 58 - Save Best Accuracy: 0.735994 Model
2021-05-17 01:36:17,785 DEBUG   Epoch 59 - avg_train_loss: 0.0316  avg_val_loss: 1.3787 F1: 0.652860  Accuracy: 0.735487 Recall@3: 0.874975 time: 2230s
2021-05-17 02:13:49,415 DEBUG   Epoch 60 - avg_train_loss: 0.0317  avg_val_loss: 1.3707 F1: 0.651397  Accuracy: 0.735149 Recall@3: 0.875144 time: 2252s
2021-05-17 02:51:19,440 DEBUG   Epoch 61 - avg_train_loss: 0.0312  avg_val_loss: 1.3715 F1: 0.651840  Accuracy: 0.735791 Recall@3: 0.874130 time: 2250s
2021-05-17 03:28:31,273 DEBUG   Epoch 62 - avg_train_loss: 0.0308  avg_val_loss: 1.3808 F1: 0.652560  Accuracy: 0.736129 Recall@3: 0.873961 time: 2232s
2021-05-17 03:28:31,275 DEBUG   Epoch 62 - Save Best Accuracy: 0.736129 Model
2021-05-17 04:06:01,396 DEBUG   Epoch 63 - avg_train_loss: 0.0310  avg_val_loss: 1.3786 F1: 0.649501  Accuracy: 0.734372 Recall@3: 0.873792 time: 2250s
2021-05-17 04:43:29,249 DEBUG   Epoch 64 - avg_train_loss: 0.0304  avg_val_loss: 1.3819 F1: 0.649747  Accuracy: 0.735690 Recall@3: 0.874333 time: 2248s
2021-05-17 05:20:59,205 DEBUG   Epoch 65 - avg_train_loss: 0.0302  avg_val_loss: 1.3807 F1: 0.649643  Accuracy: 0.734575 Recall@3: 0.874197 time: 2250s
2021-05-17 05:58:25,245 DEBUG   Epoch 66 - avg_train_loss: 0.0292  avg_val_loss: 1.3789 F1: 0.650635  Accuracy: 0.735656 Recall@3: 0.875718 time: 2246s
2021-05-17 06:35:30,519 DEBUG   Epoch 67 - avg_train_loss: 0.0296  avg_val_loss: 1.3815 F1: 0.650036  Accuracy: 0.735994 Recall@3: 0.875076 time: 2225s
2021-05-17 07:12:55,683 DEBUG   Epoch 68 - avg_train_loss: 0.0292  avg_val_loss: 1.3775 F1: 0.649826  Accuracy: 0.735757 Recall@3: 0.875549 time: 2245s
2021-05-17 07:50:22,213 DEBUG   Epoch 69 - avg_train_loss: 0.0286  avg_val_loss: 1.3826 F1: 0.651681  Accuracy: 0.735352 Recall@3: 0.874806 time: 2247s
2021-05-17 08:27:32,465 DEBUG   Epoch 70 - avg_train_loss: 0.0286  avg_val_loss: 1.3882 F1: 0.648840  Accuracy: 0.734372 Recall@3: 0.874231 time: 2230s
2021-05-17 09:05:06,185 DEBUG   Epoch 71 - avg_train_loss: 0.0287  avg_val_loss: 1.3861 F1: 0.651125  Accuracy: 0.736061 Recall@3: 0.875245 time: 2254s
2021-05-17 09:42:35,191 DEBUG   Epoch 72 - avg_train_loss: 0.0286  avg_val_loss: 1.3837 F1: 0.650077  Accuracy: 0.735453 Recall@3: 0.875684 time: 2249s
2021-05-17 10:19:46,123 DEBUG   Epoch 73 - avg_train_loss: 0.0283  avg_val_loss: 1.3854 F1: 0.651940  Accuracy: 0.735318 Recall@3: 0.875887 time: 2231s
2021-05-17 10:57:15,142 DEBUG   Epoch 74 - avg_train_loss: 0.0284  avg_val_loss: 1.3840 F1: 0.652716  Accuracy: 0.735419 Recall@3: 0.875819 time: 2249s
2021-05-17 11:34:58,832 DEBUG   Epoch 75 - avg_train_loss: 0.0282  avg_val_loss: 1.3828 F1: 0.653154  Accuracy: 0.736061 Recall@3: 0.876022 time: 2264s
2021-05-17 12:12:16,437 DEBUG   Epoch 76 - avg_train_loss: 0.0278  avg_val_loss: 1.3833 F1: 0.652226  Accuracy: 0.735960 Recall@3: 0.876157 time: 2238s
2021-05-17 12:49:46,859 DEBUG   Epoch 77 - avg_train_loss: 0.0279  avg_val_loss: 1.3842 F1: 0.653527  Accuracy: 0.736264 Recall@3: 0.875482 time: 2250s
2021-05-17 12:49:46,860 DEBUG   Epoch 77 - Save Best Accuracy: 0.736264 Model
2021-05-17 13:26:58,944 DEBUG   Epoch 78 - avg_train_loss: 0.0276  avg_val_loss: 1.3837 F1: 0.651727  Accuracy: 0.735656 Recall@3: 0.875414 time: 2232s
2021-05-17 14:04:26,082 DEBUG   Epoch 79 - avg_train_loss: 0.0273  avg_val_loss: 1.3881 F1: 0.653054  Accuracy: 0.736737 Recall@3: 0.874704 time: 2247s
2021-05-17 14:04:26,083 DEBUG   Epoch 79 - Save Best Accuracy: 0.736737 Model
2021-05-17 14:41:51,845 DEBUG   Epoch 80 - avg_train_loss: 0.0273  avg_val_loss: 1.3851 F1: 0.652432  Accuracy: 0.736028 Recall@3: 0.875110 time: 2246s
2021-05-17 15:19:02,160 DEBUG   Epoch 81 - avg_train_loss: 0.0273  avg_val_loss: 1.3876 F1: 0.651749  Accuracy: 0.735825 Recall@3: 0.875245 time: 2230s
2021-05-17 15:56:35,336 DEBUG   Epoch 82 - avg_train_loss: 0.0274  avg_val_loss: 1.3863 F1: 0.652792  Accuracy: 0.736095 Recall@3: 0.875313 time: 2253s
2021-05-17 16:34:05,109 DEBUG   Epoch 83 - avg_train_loss: 0.0272  avg_val_loss: 1.3877 F1: 0.652181  Accuracy: 0.735622 Recall@3: 0.875448 time: 2250s
2021-05-17 17:11:18,235 DEBUG   Epoch 84 - avg_train_loss: 0.0271  avg_val_loss: 1.3891 F1: 0.650751  Accuracy: 0.734608 Recall@3: 0.875144 time: 2233s
2021-05-17 17:48:42,914 DEBUG   Epoch 85 - avg_train_loss: 0.0271  avg_val_loss: 1.3917 F1: 0.653266  Accuracy: 0.736467 Recall@3: 0.875718 time: 2245s
2021-05-17 18:26:05,479 DEBUG   Epoch 86 - avg_train_loss: 0.0269  avg_val_loss: 1.3891 F1: 0.651467  Accuracy: 0.735791 Recall@3: 0.875380 time: 2243s
2021-05-17 19:02:40,004 DEBUG   Epoch 87 - avg_train_loss: 0.0267  avg_val_loss: 1.3840 F1: 0.652167  Accuracy: 0.735892 Recall@3: 0.876124 time: 2195s
2021-05-17 19:39:32,165 DEBUG   Epoch 88 - avg_train_loss: 0.0266  avg_val_loss: 1.3918 F1: 0.653179  Accuracy: 0.736636 Recall@3: 0.875853 time: 2212s
2021-05-17 20:16:33,782 DEBUG   Epoch 89 - avg_train_loss: 0.0272  avg_val_loss: 1.3892 F1: 0.652331  Accuracy: 0.736670 Recall@3: 0.876225 time: 2222s
2021-05-17 20:53:11,220 DEBUG   Epoch 90 - avg_train_loss: 0.0266  avg_val_loss: 1.3899 F1: 0.651864  Accuracy: 0.735859 Recall@3: 0.875988 time: 2197s
2021-05-17 21:29:54,391 DEBUG   Epoch 91 - avg_train_loss: 0.0266  avg_val_loss: 1.3912 F1: 0.652697  Accuracy: 0.735825 Recall@3: 0.876090 time: 2203s
2021-05-17 22:06:21,643 DEBUG   Epoch 92 - avg_train_loss: 0.0265  avg_val_loss: 1.3895 F1: 0.653389  Accuracy: 0.736636 Recall@3: 0.876292 time: 2187s
2021-05-17 22:43:05,702 DEBUG   Epoch 93 - avg_train_loss: 0.0266  avg_val_loss: 1.3911 F1: 0.652915  Accuracy: 0.736163 Recall@3: 0.876056 time: 2204s
2021-05-17 23:19:49,304 DEBUG   Epoch 94 - avg_train_loss: 0.0262  avg_val_loss: 1.3898 F1: 0.652839  Accuracy: 0.735859 Recall@3: 0.875583 time: 2204s
2021-05-17 23:56:13,700 DEBUG   Epoch 95 - avg_train_loss: 0.0262  avg_val_loss: 1.3908 F1: 0.652971  Accuracy: 0.735960 Recall@3: 0.875887 time: 2184s
2021-05-18 00:32:55,472 DEBUG   Epoch 96 - avg_train_loss: 0.0263  avg_val_loss: 1.3887 F1: 0.651822  Accuracy: 0.735757 Recall@3: 0.876191 time: 2202s
2021-05-18 01:09:58,289 DEBUG   Epoch 97 - avg_train_loss: 0.0261  avg_val_loss: 1.3852 F1: 0.654034  Accuracy: 0.737312 Recall@3: 0.876124 time: 2223s
2021-05-18 01:09:58,292 DEBUG   Epoch 97 - Save Best Accuracy: 0.737312 Model
2021-05-18 01:46:54,527 DEBUG   Epoch 98 - avg_train_loss: 0.0263  avg_val_loss: 1.3913 F1: 0.652311  Accuracy: 0.736399 Recall@3: 0.875988 time: 2216s
2021-05-18 02:24:09,376 DEBUG   Epoch 99 - avg_train_loss: 0.0260  avg_val_loss: 1.3860 F1: 0.653870  Accuracy: 0.737075 Recall@3: 0.876495 time: 2235s
2021-05-18 03:01:23,301 DEBUG   Epoch 100 - avg_train_loss: 0.0258  avg_val_loss: 1.3906 F1: 0.652675  Accuracy: 0.736534 Recall@3: 0.875549 time: 2234s
2021-05-18 03:01:23,303 INFO [Train model] done in 223985 s.
