2021-05-24 15:19:45,580 INFO [Train model] start
2021-05-24 16:19:22,713 DEBUG   Epoch 1 - avg_train_loss: 0.9508  avg_val_loss: 2.1544 F1: 0.268802  Accuracy: 0.505238 Recall@3: 0.693587 time: 3576s
2021-05-24 16:19:22,715 DEBUG   Epoch 1 - Save Best Accuracy: 0.505238 Model
2021-05-24 16:19:22,887 DEBUG   Epoch 1 - Save Best Loss: 2.1544 Model
2021-05-24 17:18:51,658 DEBUG   Epoch 2 - avg_train_loss: 0.5026  avg_val_loss: 1.6351 F1: 0.422297  Accuracy: 0.602960 Recall@3: 0.780395 time: 3569s
2021-05-24 17:18:51,659 DEBUG   Epoch 2 - Save Best Accuracy: 0.602960 Model
2021-05-24 17:18:51,925 DEBUG   Epoch 2 - Save Best Loss: 1.6351 Model
2021-05-24 18:18:22,513 DEBUG   Epoch 3 - avg_train_loss: 0.3905  avg_val_loss: 1.4049 F1: 0.502756  Accuracy: 0.648679 Recall@3: 0.821721 time: 3570s
2021-05-24 18:18:22,514 DEBUG   Epoch 3 - Save Best Accuracy: 0.648679 Model
2021-05-24 18:18:22,780 DEBUG   Epoch 3 - Save Best Loss: 1.4049 Model
2021-05-24 19:17:54,857 DEBUG   Epoch 4 - avg_train_loss: 0.3285  avg_val_loss: 1.3070 F1: 0.540395  Accuracy: 0.670778 Recall@3: 0.837535 time: 3572s
2021-05-24 19:17:54,859 DEBUG   Epoch 4 - Save Best Accuracy: 0.670778 Model
2021-05-24 19:17:55,125 DEBUG   Epoch 4 - Save Best Loss: 1.3070 Model
2021-05-24 20:17:30,192 DEBUG   Epoch 5 - avg_train_loss: 0.2848  avg_val_loss: 1.2401 F1: 0.569108  Accuracy: 0.686558 Recall@3: 0.851592 time: 3575s
2021-05-24 20:17:30,194 DEBUG   Epoch 5 - Save Best Accuracy: 0.686558 Model
2021-05-24 20:17:30,474 DEBUG   Epoch 5 - Save Best Loss: 1.2401 Model
2021-05-24 21:17:05,020 DEBUG   Epoch 6 - avg_train_loss: 0.2526  avg_val_loss: 1.2141 F1: 0.581521  Accuracy: 0.696357 Recall@3: 0.855951 time: 3574s
2021-05-24 21:17:05,021 DEBUG   Epoch 6 - Save Best Accuracy: 0.696357 Model
2021-05-24 21:17:05,287 DEBUG   Epoch 6 - Save Best Loss: 1.2141 Model
2021-05-24 22:16:42,124 DEBUG   Epoch 7 - avg_train_loss: 0.2246  avg_val_loss: 1.1920 F1: 0.596512  Accuracy: 0.702237 Recall@3: 0.861661 time: 3577s
2021-05-24 22:16:42,125 DEBUG   Epoch 7 - Save Best Accuracy: 0.702237 Model
2021-05-24 22:16:42,390 DEBUG   Epoch 7 - Save Best Loss: 1.1920 Model
2021-05-24 23:16:33,890 DEBUG   Epoch 8 - avg_train_loss: 0.2021  avg_val_loss: 1.1872 F1: 0.596059  Accuracy: 0.704231 Recall@3: 0.861763 time: 3591s
2021-05-24 23:16:33,892 DEBUG   Epoch 8 - Save Best Accuracy: 0.704231 Model
2021-05-24 23:16:34,164 DEBUG   Epoch 8 - Save Best Loss: 1.1872 Model
2021-05-25 00:16:11,584 DEBUG   Epoch 9 - avg_train_loss: 0.1829  avg_val_loss: 1.1595 F1: 0.610200  Accuracy: 0.714334 Recall@3: 0.866932 time: 3577s
2021-05-25 00:16:11,586 DEBUG   Epoch 9 - Save Best Accuracy: 0.714334 Model
2021-05-25 00:16:11,860 DEBUG   Epoch 9 - Save Best Loss: 1.1595 Model
2021-05-25 01:15:47,579 DEBUG   Epoch 10 - avg_train_loss: 0.1643  avg_val_loss: 1.1722 F1: 0.618877  Accuracy: 0.714942 Recall@3: 0.869061 time: 3575s
2021-05-25 01:15:47,580 DEBUG   Epoch 10 - Save Best Accuracy: 0.714942 Model
2021-05-25 02:15:24,463 DEBUG   Epoch 11 - avg_train_loss: 0.1483  avg_val_loss: 1.1812 F1: 0.619471  Accuracy: 0.717814 Recall@3: 0.867000 time: 3577s
2021-05-25 02:15:24,464 DEBUG   Epoch 11 - Save Best Accuracy: 0.717814 Model
2021-05-25 03:15:05,452 DEBUG   Epoch 12 - avg_train_loss: 0.1298  avg_val_loss: 1.1496 F1: 0.628954  Accuracy: 0.726904 Recall@3: 0.875549 time: 3581s
2021-05-25 03:15:05,453 DEBUG   Epoch 12 - Save Best Accuracy: 0.726904 Model
2021-05-25 03:15:05,720 DEBUG   Epoch 12 - Save Best Loss: 1.1496 Model
2021-05-25 04:14:48,152 DEBUG   Epoch 13 - avg_train_loss: 0.1164  avg_val_loss: 1.1585 F1: 0.636445  Accuracy: 0.728256 Recall@3: 0.875279 time: 3582s
2021-05-25 04:14:48,153 DEBUG   Epoch 13 - Save Best Accuracy: 0.728256 Model
2021-05-25 05:14:23,157 DEBUG   Epoch 14 - avg_train_loss: 0.1069  avg_val_loss: 1.1698 F1: 0.637677  Accuracy: 0.730790 Recall@3: 0.875144 time: 3575s
2021-05-25 05:14:23,158 DEBUG   Epoch 14 - Save Best Accuracy: 0.730790 Model
2021-05-25 06:13:59,175 DEBUG   Epoch 15 - avg_train_loss: 0.0919  avg_val_loss: 1.1691 F1: 0.644629  Accuracy: 0.735149 Recall@3: 0.876563 time: 3576s
2021-05-25 06:13:59,177 DEBUG   Epoch 15 - Save Best Accuracy: 0.735149 Model
2021-05-25 07:13:33,794 DEBUG   Epoch 16 - avg_train_loss: 0.0834  avg_val_loss: 1.1975 F1: 0.638667  Accuracy: 0.731702 Recall@3: 0.875921 time: 3574s
2021-05-25 08:13:13,994 DEBUG   Epoch 17 - avg_train_loss: 0.0700  avg_val_loss: 1.2031 F1: 0.644513  Accuracy: 0.733426 Recall@3: 0.879198 time: 3580s
2021-05-25 09:12:50,992 DEBUG   Epoch 18 - avg_train_loss: 0.0636  avg_val_loss: 1.2191 F1: 0.647225  Accuracy: 0.737312 Recall@3: 0.877678 time: 3577s
2021-05-25 09:12:50,993 DEBUG   Epoch 18 - Save Best Accuracy: 0.737312 Model
2021-05-25 10:12:26,917 DEBUG   Epoch 19 - avg_train_loss: 0.0561  avg_val_loss: 1.2195 F1: 0.651738  Accuracy: 0.740319 Recall@3: 0.880449 time: 3576s
2021-05-25 10:12:26,919 DEBUG   Epoch 19 - Save Best Accuracy: 0.740319 Model
2021-05-25 11:12:00,436 DEBUG   Epoch 20 - avg_train_loss: 0.0514  avg_val_loss: 1.2391 F1: 0.649667  Accuracy: 0.737920 Recall@3: 0.878320 time: 3573s
2021-05-25 12:11:36,033 DEBUG   Epoch 21 - avg_train_loss: 0.0449  avg_val_loss: 1.2315 F1: 0.656395  Accuracy: 0.744475 Recall@3: 0.882003 time: 3576s
2021-05-25 12:11:36,034 DEBUG   Epoch 21 - Save Best Accuracy: 0.744475 Model
2021-05-25 13:11:11,393 DEBUG   Epoch 22 - avg_train_loss: 0.0420  avg_val_loss: 1.2515 F1: 0.656478  Accuracy: 0.742482 Recall@3: 0.882409 time: 3575s
2021-05-25 14:10:47,029 DEBUG   Epoch 23 - avg_train_loss: 0.0368  avg_val_loss: 1.2535 F1: 0.661431  Accuracy: 0.746638 Recall@3: 0.884098 time: 3576s
2021-05-25 14:10:47,030 DEBUG   Epoch 23 - Save Best Accuracy: 0.746638 Model
2021-05-25 15:10:21,797 DEBUG   Epoch 24 - avg_train_loss: 0.0342  avg_val_loss: 1.2683 F1: 0.656842  Accuracy: 0.744340 Recall@3: 0.881902 time: 3575s
2021-05-25 16:10:01,310 DEBUG   Epoch 25 - avg_train_loss: 0.0304  avg_val_loss: 1.2699 F1: 0.660999  Accuracy: 0.745861 Recall@3: 0.881733 time: 3580s
2021-05-25 17:09:33,061 DEBUG   Epoch 26 - avg_train_loss: 0.0283  avg_val_loss: 1.2686 F1: 0.662990  Accuracy: 0.748564 Recall@3: 0.885416 time: 3572s
2021-05-25 17:09:33,062 DEBUG   Epoch 26 - Save Best Accuracy: 0.748564 Model
2021-05-25 18:09:06,210 DEBUG   Epoch 27 - avg_train_loss: 0.0262  avg_val_loss: 1.2835 F1: 0.660747  Accuracy: 0.748733 Recall@3: 0.883287 time: 3573s
2021-05-25 18:09:06,211 DEBUG   Epoch 27 - Save Best Accuracy: 0.748733 Model
2021-05-25 19:08:39,739 DEBUG   Epoch 28 - avg_train_loss: 0.0244  avg_val_loss: 1.2847 F1: 0.664210  Accuracy: 0.749848 Recall@3: 0.884301 time: 3573s
2021-05-25 19:08:39,740 DEBUG   Epoch 28 - Save Best Accuracy: 0.749848 Model
2021-05-25 20:08:10,592 DEBUG   Epoch 29 - avg_train_loss: 0.0227  avg_val_loss: 1.2873 F1: 0.663742  Accuracy: 0.750591 Recall@3: 0.884233 time: 3571s
2021-05-25 20:08:10,593 DEBUG   Epoch 29 - Save Best Accuracy: 0.750591 Model
2021-05-25 21:07:51,110 DEBUG   Epoch 30 - avg_train_loss: 0.0217  avg_val_loss: 1.2968 F1: 0.669893  Accuracy: 0.752450 Recall@3: 0.883963 time: 3580s
2021-05-25 21:07:51,111 DEBUG   Epoch 30 - Save Best Accuracy: 0.752450 Model
2021-05-25 22:07:24,095 DEBUG   Epoch 31 - avg_train_loss: 0.0202  avg_val_loss: 1.3001 F1: 0.668635  Accuracy: 0.752822 Recall@3: 0.883929 time: 3573s
2021-05-25 22:07:24,097 DEBUG   Epoch 31 - Save Best Accuracy: 0.752822 Model
2021-05-25 23:06:56,602 DEBUG   Epoch 32 - avg_train_loss: 0.0190  avg_val_loss: 1.2921 F1: 0.670106  Accuracy: 0.753768 Recall@3: 0.885010 time: 3572s
2021-05-25 23:06:56,604 DEBUG   Epoch 32 - Save Best Accuracy: 0.753768 Model
2021-05-26 00:06:29,007 DEBUG   Epoch 33 - avg_train_loss: 0.0177  avg_val_loss: 1.3057 F1: 0.666290  Accuracy: 0.751808 Recall@3: 0.883929 time: 3572s
2021-05-26 01:06:01,573 DEBUG   Epoch 34 - avg_train_loss: 0.0170  avg_val_loss: 1.3135 F1: 0.669549  Accuracy: 0.753261 Recall@3: 0.883828 time: 3573s
2021-05-26 02:05:33,287 DEBUG   Epoch 35 - avg_train_loss: 0.0166  avg_val_loss: 1.3146 F1: 0.671550  Accuracy: 0.754376 Recall@3: 0.884639 time: 3572s
2021-05-26 02:05:33,289 DEBUG   Epoch 35 - Save Best Accuracy: 0.754376 Model
2021-05-26 03:05:06,670 DEBUG   Epoch 36 - avg_train_loss: 0.0157  avg_val_loss: 1.3246 F1: 0.668748  Accuracy: 0.754646 Recall@3: 0.885619 time: 3573s
2021-05-26 03:05:06,671 DEBUG   Epoch 36 - Save Best Accuracy: 0.754646 Model
2021-05-26 04:04:42,674 DEBUG   Epoch 37 - avg_train_loss: 0.0147  avg_val_loss: 1.3236 F1: 0.669630  Accuracy: 0.754376 Recall@3: 0.885484 time: 3576s
2021-05-26 05:04:18,101 DEBUG   Epoch 38 - avg_train_loss: 0.0147  avg_val_loss: 1.3225 F1: 0.673225  Accuracy: 0.755559 Recall@3: 0.885112 time: 3575s
2021-05-26 05:04:18,102 DEBUG   Epoch 38 - Save Best Accuracy: 0.755559 Model
2021-05-26 06:03:53,174 DEBUG   Epoch 39 - avg_train_loss: 0.0138  avg_val_loss: 1.3286 F1: 0.672840  Accuracy: 0.756944 Recall@3: 0.886193 time: 3575s
2021-05-26 06:03:53,176 DEBUG   Epoch 39 - Save Best Accuracy: 0.756944 Model
2021-05-26 07:03:31,719 DEBUG   Epoch 40 - avg_train_loss: 0.0134  avg_val_loss: 1.3344 F1: 0.671379  Accuracy: 0.756167 Recall@3: 0.885923 time: 3578s
2021-05-26 08:03:10,349 DEBUG   Epoch 41 - avg_train_loss: 0.0130  avg_val_loss: 1.3313 F1: 0.672105  Accuracy: 0.756910 Recall@3: 0.886666 time: 3579s
2021-05-26 09:02:43,883 DEBUG   Epoch 42 - avg_train_loss: 0.0129  avg_val_loss: 1.3363 F1: 0.671618  Accuracy: 0.755491 Recall@3: 0.885788 time: 3574s
2021-05-26 10:02:17,821 DEBUG   Epoch 43 - avg_train_loss: 0.0121  avg_val_loss: 1.3374 F1: 0.670176  Accuracy: 0.756640 Recall@3: 0.886666 time: 3574s
2021-05-26 11:01:52,560 DEBUG   Epoch 44 - avg_train_loss: 0.0118  avg_val_loss: 1.3398 F1: 0.673405  Accuracy: 0.756640 Recall@3: 0.886666 time: 3575s
2021-05-26 12:01:25,443 DEBUG   Epoch 45 - avg_train_loss: 0.0117  avg_val_loss: 1.3419 F1: 0.672316  Accuracy: 0.757181 Recall@3: 0.886024 time: 3573s
2021-05-26 12:01:25,445 DEBUG   Epoch 45 - Save Best Accuracy: 0.757181 Model
2021-05-26 13:00:59,562 DEBUG   Epoch 46 - avg_train_loss: 0.0112  avg_val_loss: 1.3435 F1: 0.671728  Accuracy: 0.757586 Recall@3: 0.886362 time: 3574s
2021-05-26 13:00:59,563 DEBUG   Epoch 46 - Save Best Accuracy: 0.757586 Model
2021-05-26 14:00:40,566 DEBUG   Epoch 47 - avg_train_loss: 0.0109  avg_val_loss: 1.3421 F1: 0.672699  Accuracy: 0.757349 Recall@3: 0.886328 time: 3581s
2021-05-26 15:00:13,797 DEBUG   Epoch 48 - avg_train_loss: 0.0107  avg_val_loss: 1.3453 F1: 0.673065  Accuracy: 0.757755 Recall@3: 0.887038 time: 3573s
2021-05-26 15:00:13,798 DEBUG   Epoch 48 - Save Best Accuracy: 0.757755 Model
2021-05-26 15:59:48,650 DEBUG   Epoch 49 - avg_train_loss: 0.0107  avg_val_loss: 1.3360 F1: 0.671616  Accuracy: 0.757654 Recall@3: 0.887410 time: 3575s
2021-05-26 16:59:24,897 DEBUG   Epoch 50 - avg_train_loss: 0.0102  avg_val_loss: 1.3418 F1: 0.674679  Accuracy: 0.758363 Recall@3: 0.888288 time: 3576s
2021-05-26 16:59:24,898 DEBUG   Epoch 50 - Save Best Accuracy: 0.758363 Model
2021-05-26 17:58:59,521 DEBUG   Epoch 51 - avg_train_loss: 0.0100  avg_val_loss: 1.3462 F1: 0.672056  Accuracy: 0.757451 Recall@3: 0.888322 time: 3574s
2021-05-26 18:58:32,748 DEBUG   Epoch 52 - avg_train_loss: 0.0099  avg_val_loss: 1.3434 F1: 0.674306  Accuracy: 0.758532 Recall@3: 0.887984 time: 3573s
2021-05-26 18:58:32,749 DEBUG   Epoch 52 - Save Best Accuracy: 0.758532 Model
2021-05-26 19:58:11,395 DEBUG   Epoch 53 - avg_train_loss: 0.0098  avg_val_loss: 1.3454 F1: 0.674631  Accuracy: 0.758667 Recall@3: 0.887173 time: 3578s
2021-05-26 19:58:11,396 DEBUG   Epoch 53 - Save Best Accuracy: 0.758667 Model
2021-05-26 20:57:51,271 DEBUG   Epoch 54 - avg_train_loss: 0.0098  avg_val_loss: 1.3483 F1: 0.675901  Accuracy: 0.759647 Recall@3: 0.887274 time: 3580s
2021-05-26 20:57:51,272 DEBUG   Epoch 54 - Save Best Accuracy: 0.759647 Model
2021-05-26 21:57:32,167 DEBUG   Epoch 55 - avg_train_loss: 0.0096  avg_val_loss: 1.3551 F1: 0.676776  Accuracy: 0.759715 Recall@3: 0.887646 time: 3581s
2021-05-26 21:57:32,168 DEBUG   Epoch 55 - Save Best Accuracy: 0.759715 Model
2021-05-26 22:57:18,974 DEBUG   Epoch 56 - avg_train_loss: 0.0095  avg_val_loss: 1.3540 F1: 0.677285  Accuracy: 0.760120 Recall@3: 0.887714 time: 3587s
2021-05-26 22:57:18,977 DEBUG   Epoch 56 - Save Best Accuracy: 0.760120 Model
2021-05-26 23:57:00,675 DEBUG   Epoch 57 - avg_train_loss: 0.0091  avg_val_loss: 1.3507 F1: 0.676924  Accuracy: 0.758971 Recall@3: 0.887748 time: 3581s
2021-05-27 00:56:41,449 DEBUG   Epoch 58 - avg_train_loss: 0.0091  avg_val_loss: 1.3583 F1: 0.677483  Accuracy: 0.760120 Recall@3: 0.887443 time: 3581s
2021-05-27 01:56:20,796 DEBUG   Epoch 59 - avg_train_loss: 0.0089  avg_val_loss: 1.3561 F1: 0.677178  Accuracy: 0.759918 Recall@3: 0.886768 time: 3579s
2021-05-27 02:56:02,168 DEBUG   Epoch 60 - avg_train_loss: 0.0089  avg_val_loss: 1.3541 F1: 0.675648  Accuracy: 0.759208 Recall@3: 0.886869 time: 3581s
2021-05-27 03:55:43,747 DEBUG   Epoch 61 - avg_train_loss: 0.0086  avg_val_loss: 1.3534 F1: 0.676488  Accuracy: 0.759681 Recall@3: 0.887545 time: 3582s
2021-05-27 04:55:25,830 DEBUG   Epoch 62 - avg_train_loss: 0.0088  avg_val_loss: 1.3543 F1: 0.677381  Accuracy: 0.760897 Recall@3: 0.888558 time: 3582s
2021-05-27 04:55:25,831 DEBUG   Epoch 62 - Save Best Accuracy: 0.760897 Model
2021-05-27 05:54:58,430 DEBUG   Epoch 63 - avg_train_loss: 0.0086  avg_val_loss: 1.3540 F1: 0.676460  Accuracy: 0.759715 Recall@3: 0.887680 time: 3572s
2021-05-27 06:54:30,357 DEBUG   Epoch 64 - avg_train_loss: 0.0084  avg_val_loss: 1.3570 F1: 0.674725  Accuracy: 0.758566 Recall@3: 0.887950 time: 3572s
2021-05-27 07:54:02,059 DEBUG   Epoch 65 - avg_train_loss: 0.0083  avg_val_loss: 1.3571 F1: 0.676256  Accuracy: 0.759276 Recall@3: 0.887274 time: 3572s
2021-05-27 08:53:33,260 DEBUG   Epoch 66 - avg_train_loss: 0.0083  avg_val_loss: 1.3600 F1: 0.676870  Accuracy: 0.760188 Recall@3: 0.887984 time: 3571s
2021-05-27 09:53:08,315 DEBUG   Epoch 67 - avg_train_loss: 0.0084  avg_val_loss: 1.3603 F1: 0.676192  Accuracy: 0.759681 Recall@3: 0.887579 time: 3575s
2021-05-27 10:52:39,381 DEBUG   Epoch 68 - avg_train_loss: 0.0082  avg_val_loss: 1.3569 F1: 0.676116  Accuracy: 0.760019 Recall@3: 0.887849 time: 3571s
2021-05-27 11:52:12,256 DEBUG   Epoch 69 - avg_train_loss: 0.0084  avg_val_loss: 1.3596 F1: 0.675491  Accuracy: 0.759850 Recall@3: 0.887545 time: 3573s
2021-05-27 12:51:44,979 DEBUG   Epoch 70 - avg_train_loss: 0.0081  avg_val_loss: 1.3646 F1: 0.675706  Accuracy: 0.759613 Recall@3: 0.887241 time: 3573s
2021-05-27 13:51:18,041 DEBUG   Epoch 71 - avg_train_loss: 0.0081  avg_val_loss: 1.3612 F1: 0.675315  Accuracy: 0.759613 Recall@3: 0.887883 time: 3573s
2021-05-27 14:50:51,618 DEBUG   Epoch 72 - avg_train_loss: 0.0079  avg_val_loss: 1.3600 F1: 0.676971  Accuracy: 0.759749 Recall@3: 0.887410 time: 3574s
2021-05-27 15:50:25,601 DEBUG   Epoch 73 - avg_train_loss: 0.0083  avg_val_loss: 1.3638 F1: 0.676078  Accuracy: 0.759512 Recall@3: 0.887646 time: 3574s
2021-05-27 16:50:03,009 DEBUG   Epoch 74 - avg_train_loss: 0.0081  avg_val_loss: 1.3572 F1: 0.676888  Accuracy: 0.760357 Recall@3: 0.888153 time: 3577s
2021-05-27 17:49:38,288 DEBUG   Epoch 75 - avg_train_loss: 0.0079  avg_val_loss: 1.3590 F1: 0.677696  Accuracy: 0.760762 Recall@3: 0.887883 time: 3575s
2021-05-27 18:49:15,589 DEBUG   Epoch 76 - avg_train_loss: 0.0078  avg_val_loss: 1.3608 F1: 0.677291  Accuracy: 0.760593 Recall@3: 0.887748 time: 3577s
2021-05-27 19:48:57,139 DEBUG   Epoch 77 - avg_train_loss: 0.0080  avg_val_loss: 1.3582 F1: 0.677463  Accuracy: 0.760999 Recall@3: 0.888356 time: 3582s
2021-05-27 19:48:57,141 DEBUG   Epoch 77 - Save Best Accuracy: 0.760999 Model
2021-05-27 20:48:38,081 DEBUG   Epoch 78 - avg_train_loss: 0.0078  avg_val_loss: 1.3612 F1: 0.677987  Accuracy: 0.760999 Recall@3: 0.887984 time: 3581s
2021-05-27 21:48:18,793 DEBUG   Epoch 79 - avg_train_loss: 0.0077  avg_val_loss: 1.3622 F1: 0.675958  Accuracy: 0.760019 Recall@3: 0.887376 time: 3581s
2021-05-27 22:47:51,685 DEBUG   Epoch 80 - avg_train_loss: 0.0078  avg_val_loss: 1.3574 F1: 0.677736  Accuracy: 0.760526 Recall@3: 0.887680 time: 3573s
2021-05-27 23:47:28,312 DEBUG   Epoch 81 - avg_train_loss: 0.0076  avg_val_loss: 1.3619 F1: 0.677550  Accuracy: 0.760255 Recall@3: 0.887680 time: 3577s
2021-05-28 00:47:09,278 DEBUG   Epoch 82 - avg_train_loss: 0.0079  avg_val_loss: 1.3623 F1: 0.676989  Accuracy: 0.760897 Recall@3: 0.888727 time: 3581s
2021-05-28 01:46:47,608 DEBUG   Epoch 83 - avg_train_loss: 0.0073  avg_val_loss: 1.3599 F1: 0.677046  Accuracy: 0.761033 Recall@3: 0.888187 time: 3578s
2021-05-28 01:46:47,610 DEBUG   Epoch 83 - Save Best Accuracy: 0.761033 Model
2021-05-28 02:46:20,459 DEBUG   Epoch 84 - avg_train_loss: 0.0076  avg_val_loss: 1.3606 F1: 0.677433  Accuracy: 0.760323 Recall@3: 0.888356 time: 3573s
2021-05-28 03:45:55,021 DEBUG   Epoch 85 - avg_train_loss: 0.0078  avg_val_loss: 1.3602 F1: 0.676411  Accuracy: 0.760830 Recall@3: 0.888153 time: 3575s
2021-05-28 04:45:27,421 DEBUG   Epoch 86 - avg_train_loss: 0.0077  avg_val_loss: 1.3630 F1: 0.676170  Accuracy: 0.760323 Recall@3: 0.888288 time: 3572s
2021-05-28 05:45:06,942 DEBUG   Epoch 87 - avg_train_loss: 0.0076  avg_val_loss: 1.3613 F1: 0.676293  Accuracy: 0.761404 Recall@3: 0.888085 time: 3580s
2021-05-28 05:45:06,944 DEBUG   Epoch 87 - Save Best Accuracy: 0.761404 Model
2021-05-28 06:44:52,622 DEBUG   Epoch 88 - avg_train_loss: 0.0075  avg_val_loss: 1.3663 F1: 0.676609  Accuracy: 0.760627 Recall@3: 0.888254 time: 3585s
2021-05-28 07:44:32,725 DEBUG   Epoch 89 - avg_train_loss: 0.0075  avg_val_loss: 1.3631 F1: 0.677281  Accuracy: 0.760999 Recall@3: 0.888356 time: 3580s
2021-05-28 08:44:16,186 DEBUG   Epoch 90 - avg_train_loss: 0.0075  avg_val_loss: 1.3658 F1: 0.678557  Accuracy: 0.761404 Recall@3: 0.888288 time: 3583s
2021-05-28 09:43:58,815 DEBUG   Epoch 91 - avg_train_loss: 0.0076  avg_val_loss: 1.3632 F1: 0.678199  Accuracy: 0.761100 Recall@3: 0.888727 time: 3583s
2021-05-28 10:43:41,894 DEBUG   Epoch 92 - avg_train_loss: 0.0075  avg_val_loss: 1.3641 F1: 0.677271  Accuracy: 0.760526 Recall@3: 0.888254 time: 3583s
2021-05-28 11:43:21,712 DEBUG   Epoch 93 - avg_train_loss: 0.0072  avg_val_loss: 1.3648 F1: 0.678042  Accuracy: 0.761100 Recall@3: 0.888254 time: 3580s
2021-05-28 12:43:02,191 DEBUG   Epoch 94 - avg_train_loss: 0.0075  avg_val_loss: 1.3649 F1: 0.677436  Accuracy: 0.760897 Recall@3: 0.888592 time: 3580s
2021-05-28 13:42:44,365 DEBUG   Epoch 95 - avg_train_loss: 0.0074  avg_val_loss: 1.3667 F1: 0.678548  Accuracy: 0.761235 Recall@3: 0.888558 time: 3582s
2021-05-28 14:42:25,636 DEBUG   Epoch 96 - avg_train_loss: 0.0073  avg_val_loss: 1.3624 F1: 0.678532  Accuracy: 0.760762 Recall@3: 0.888795 time: 3581s
2021-05-28 15:42:06,999 DEBUG   Epoch 97 - avg_train_loss: 0.0073  avg_val_loss: 1.3643 F1: 0.676994  Accuracy: 0.760796 Recall@3: 0.888423 time: 3581s
2021-05-28 16:41:48,636 DEBUG   Epoch 98 - avg_train_loss: 0.0074  avg_val_loss: 1.3647 F1: 0.678063  Accuracy: 0.761303 Recall@3: 0.887815 time: 3582s
2021-05-28 17:41:32,100 DEBUG   Epoch 99 - avg_train_loss: 0.0073  avg_val_loss: 1.3668 F1: 0.679171  Accuracy: 0.761168 Recall@3: 0.888423 time: 3583s
2021-05-28 18:41:12,906 DEBUG   Epoch 100 - avg_train_loss: 0.0073  avg_val_loss: 1.3607 F1: 0.678247  Accuracy: 0.760999 Recall@3: 0.888457 time: 3581s
2021-05-28 18:41:12,907 INFO [Train model] done in 357687 s.
