2021-05-15 12:50:06,173 INFO [Train model] start
2021-05-15 13:22:25,746 DEBUG   Epoch 1 - avg_train_loss: 3.4634  avg_val_loss: 2.1137 F1: 0.298163  Accuracy: 0.505339 Recall@3: 0.700176 time: 1938s
2021-05-15 13:22:25,747 DEBUG   Epoch 1 - Save Best Accuracy: 0.505339 Model
2021-05-15 13:22:25,850 DEBUG   Epoch 1 - Save Best Loss: 2.1137 Model
2021-05-15 13:54:29,726 DEBUG   Epoch 2 - avg_train_loss: 1.9146  avg_val_loss: 1.6598 F1: 0.435999  Accuracy: 0.596776 Recall@3: 0.779888 time: 1924s
2021-05-15 13:54:29,727 DEBUG   Epoch 2 - Save Best Accuracy: 0.596776 Model
2021-05-15 13:54:29,863 DEBUG   Epoch 2 - Save Best Loss: 1.6598 Model
2021-05-15 14:26:53,337 DEBUG   Epoch 3 - avg_train_loss: 1.5277  avg_val_loss: 1.4796 F1: 0.498592  Accuracy: 0.634419 Recall@3: 0.810739 time: 1943s
2021-05-15 14:26:53,339 DEBUG   Epoch 3 - Save Best Accuracy: 0.634419 Model
2021-05-15 14:26:53,489 DEBUG   Epoch 3 - Save Best Loss: 1.4796 Model
2021-05-15 14:59:08,682 DEBUG   Epoch 4 - avg_train_loss: 1.3082  avg_val_loss: 1.3870 F1: 0.531210  Accuracy: 0.656484 Recall@3: 0.828884 time: 1935s
2021-05-15 14:59:08,683 DEBUG   Epoch 4 - Save Best Accuracy: 0.656484 Model
2021-05-15 14:59:08,840 DEBUG   Epoch 4 - Save Best Loss: 1.3870 Model
2021-05-15 15:31:24,259 DEBUG   Epoch 5 - avg_train_loss: 1.1539  avg_val_loss: 1.3395 F1: 0.554978  Accuracy: 0.667568 Recall@3: 0.836825 time: 1935s
2021-05-15 15:31:24,260 DEBUG   Epoch 5 - Save Best Accuracy: 0.667568 Model
2021-05-15 15:31:24,401 DEBUG   Epoch 5 - Save Best Loss: 1.3395 Model
2021-05-15 16:03:38,744 DEBUG   Epoch 6 - avg_train_loss: 1.0342  avg_val_loss: 1.2618 F1: 0.578620  Accuracy: 0.684700 Recall@3: 0.849834 time: 1934s
2021-05-15 16:03:38,745 DEBUG   Epoch 6 - Save Best Accuracy: 0.684700 Model
2021-05-15 16:03:38,873 DEBUG   Epoch 6 - Save Best Loss: 1.2618 Model
2021-05-15 16:35:59,447 DEBUG   Epoch 7 - avg_train_loss: 0.9353  avg_val_loss: 1.2245 F1: 0.591058  Accuracy: 0.695073 Recall@3: 0.854498 time: 1940s
2021-05-15 16:35:59,448 DEBUG   Epoch 7 - Save Best Accuracy: 0.695073 Model
2021-05-15 16:35:59,612 DEBUG   Epoch 7 - Save Best Loss: 1.2245 Model
2021-05-15 17:08:29,652 DEBUG   Epoch 8 - avg_train_loss: 0.8549  avg_val_loss: 1.3027 F1: 0.576317  Accuracy: 0.679462 Recall@3: 0.843685 time: 1950s
2021-05-15 17:40:45,740 DEBUG   Epoch 9 - avg_train_loss: 0.7813  avg_val_loss: 1.2105 F1: 0.597265  Accuracy: 0.699432 Recall@3: 0.857843 time: 1936s
2021-05-15 17:40:45,741 DEBUG   Epoch 9 - Save Best Accuracy: 0.699432 Model
2021-05-15 17:40:45,882 DEBUG   Epoch 9 - Save Best Loss: 1.2105 Model
2021-05-15 18:13:08,315 DEBUG   Epoch 10 - avg_train_loss: 0.7159  avg_val_loss: 1.2317 F1: 0.600551  Accuracy: 0.700615 Recall@3: 0.856255 time: 1942s
2021-05-15 18:13:08,319 DEBUG   Epoch 10 - Save Best Accuracy: 0.700615 Model
2021-05-15 18:45:26,198 DEBUG   Epoch 11 - avg_train_loss: 0.6598  avg_val_loss: 1.2238 F1: 0.603710  Accuracy: 0.700750 Recall@3: 0.856863 time: 1938s
2021-05-15 18:45:26,199 DEBUG   Epoch 11 - Save Best Accuracy: 0.700750 Model
2021-05-15 19:17:45,122 DEBUG   Epoch 12 - avg_train_loss: 0.5786  avg_val_loss: 1.1908 F1: 0.622595  Accuracy: 0.712002 Recall@3: 0.865074 time: 1939s
2021-05-15 19:17:45,124 DEBUG   Epoch 12 - Save Best Accuracy: 0.712002 Model
2021-05-15 19:17:45,257 DEBUG   Epoch 12 - Save Best Loss: 1.1908 Model
2021-05-15 19:50:05,424 DEBUG   Epoch 13 - avg_train_loss: 0.5303  avg_val_loss: 1.1954 F1: 0.626254  Accuracy: 0.718558 Recall@3: 0.868284 time: 1940s
2021-05-15 19:50:05,425 DEBUG   Epoch 13 - Save Best Accuracy: 0.718558 Model
2021-05-15 20:22:22,853 DEBUG   Epoch 14 - avg_train_loss: 0.4934  avg_val_loss: 1.2071 F1: 0.623237  Accuracy: 0.716699 Recall@3: 0.865311 time: 1937s
2021-05-15 20:54:59,385 DEBUG   Epoch 15 - avg_train_loss: 0.4322  avg_val_loss: 1.2068 F1: 0.634855  Accuracy: 0.725823 Recall@3: 0.869636 time: 1957s
2021-05-15 20:54:59,386 DEBUG   Epoch 15 - Save Best Accuracy: 0.725823 Model
2021-05-15 21:27:25,157 DEBUG   Epoch 16 - avg_train_loss: 0.3948  avg_val_loss: 1.2191 F1: 0.631981  Accuracy: 0.722748 Recall@3: 0.868250 time: 1946s
2021-05-15 21:59:40,530 DEBUG   Epoch 17 - avg_train_loss: 0.3483  avg_val_loss: 1.2088 F1: 0.639789  Accuracy: 0.728053 Recall@3: 0.872069 time: 1935s
2021-05-15 21:59:40,531 DEBUG   Epoch 17 - Save Best Accuracy: 0.728053 Model
2021-05-15 22:32:00,798 DEBUG   Epoch 18 - avg_train_loss: 0.3241  avg_val_loss: 1.2067 F1: 0.640654  Accuracy: 0.731331 Recall@3: 0.873995 time: 1940s
2021-05-15 22:32:00,799 DEBUG   Epoch 18 - Save Best Accuracy: 0.731331 Model
2021-05-15 23:04:23,959 DEBUG   Epoch 19 - avg_train_loss: 0.2858  avg_val_loss: 1.1940 F1: 0.647597  Accuracy: 0.733764 Recall@3: 0.875617 time: 1943s
2021-05-15 23:04:23,960 DEBUG   Epoch 19 - Save Best Accuracy: 0.733764 Model
2021-05-15 23:36:46,655 DEBUG   Epoch 20 - avg_train_loss: 0.2638  avg_val_loss: 1.2213 F1: 0.643039  Accuracy: 0.732784 Recall@3: 0.876022 time: 1943s
2021-05-16 00:09:07,879 DEBUG   Epoch 21 - avg_train_loss: 0.2336  avg_val_loss: 1.2134 F1: 0.650627  Accuracy: 0.738156 Recall@3: 0.877644 time: 1941s
2021-05-16 00:09:07,880 DEBUG   Epoch 21 - Save Best Accuracy: 0.738156 Model
2021-05-16 00:41:28,753 DEBUG   Epoch 22 - avg_train_loss: 0.2164  avg_val_loss: 1.2397 F1: 0.650477  Accuracy: 0.736197 Recall@3: 0.878590 time: 1941s
2021-05-16 01:13:53,901 DEBUG   Epoch 23 - avg_train_loss: 0.1965  avg_val_loss: 1.2333 F1: 0.655563  Accuracy: 0.738765 Recall@3: 0.877340 time: 1945s
2021-05-16 01:13:53,902 DEBUG   Epoch 23 - Save Best Accuracy: 0.738765 Model
2021-05-16 01:46:16,644 DEBUG   Epoch 24 - avg_train_loss: 0.1821  avg_val_loss: 1.2407 F1: 0.651223  Accuracy: 0.737413 Recall@3: 0.877306 time: 1943s
2021-05-16 02:18:33,616 DEBUG   Epoch 25 - avg_train_loss: 0.1640  avg_val_loss: 1.2439 F1: 0.655224  Accuracy: 0.740387 Recall@3: 0.879334 time: 1937s
2021-05-16 02:18:33,617 DEBUG   Epoch 25 - Save Best Accuracy: 0.740387 Model
2021-05-16 02:50:57,033 DEBUG   Epoch 26 - avg_train_loss: 0.1550  avg_val_loss: 1.2509 F1: 0.659343  Accuracy: 0.742853 Recall@3: 0.879908 time: 1943s
2021-05-16 02:50:57,034 DEBUG   Epoch 26 - Save Best Accuracy: 0.742853 Model
2021-05-16 03:23:13,035 DEBUG   Epoch 27 - avg_train_loss: 0.1428  avg_val_loss: 1.2452 F1: 0.661340  Accuracy: 0.746435 Recall@3: 0.882949 time: 1936s
2021-05-16 03:23:13,036 DEBUG   Epoch 27 - Save Best Accuracy: 0.746435 Model
2021-05-16 03:55:33,945 DEBUG   Epoch 28 - avg_train_loss: 0.1328  avg_val_loss: 1.2681 F1: 0.658120  Accuracy: 0.744340 Recall@3: 0.882476 time: 1941s
2021-05-16 04:27:54,897 DEBUG   Epoch 29 - avg_train_loss: 0.1214  avg_val_loss: 1.2686 F1: 0.661014  Accuracy: 0.745996 Recall@3: 0.883017 time: 1941s
2021-05-16 05:00:27,062 DEBUG   Epoch 30 - avg_train_loss: 0.1135  avg_val_loss: 1.2719 F1: 0.665178  Accuracy: 0.747618 Recall@3: 0.881767 time: 1952s
2021-05-16 05:00:27,063 DEBUG   Epoch 30 - Save Best Accuracy: 0.747618 Model
2021-05-16 05:32:45,149 DEBUG   Epoch 31 - avg_train_loss: 0.1081  avg_val_loss: 1.2766 F1: 0.660641  Accuracy: 0.746030 Recall@3: 0.882814 time: 1938s
2021-05-16 06:05:27,763 DEBUG   Epoch 32 - avg_train_loss: 0.1019  avg_val_loss: 1.2883 F1: 0.659992  Accuracy: 0.745996 Recall@3: 0.882375 time: 1963s
2021-05-16 06:37:46,737 DEBUG   Epoch 33 - avg_train_loss: 0.0961  avg_val_loss: 1.2797 F1: 0.663363  Accuracy: 0.749375 Recall@3: 0.884368 time: 1939s
2021-05-16 06:37:46,738 DEBUG   Epoch 33 - Save Best Accuracy: 0.749375 Model
2021-05-16 07:10:10,454 DEBUG   Epoch 34 - avg_train_loss: 0.0906  avg_val_loss: 1.2899 F1: 0.662646  Accuracy: 0.748834 Recall@3: 0.884233 time: 1944s
2021-05-16 07:42:30,028 DEBUG   Epoch 35 - avg_train_loss: 0.0857  avg_val_loss: 1.2884 F1: 0.664296  Accuracy: 0.749409 Recall@3: 0.883929 time: 1940s
2021-05-16 07:42:30,030 DEBUG   Epoch 35 - Save Best Accuracy: 0.749409 Model
2021-05-16 08:14:54,068 DEBUG   Epoch 36 - avg_train_loss: 0.0821  avg_val_loss: 1.2905 F1: 0.665974  Accuracy: 0.750862 Recall@3: 0.884875 time: 1944s
2021-05-16 08:14:54,069 DEBUG   Epoch 36 - Save Best Accuracy: 0.750862 Model
2021-05-16 08:47:17,498 DEBUG   Epoch 37 - avg_train_loss: 0.0781  avg_val_loss: 1.2965 F1: 0.666766  Accuracy: 0.750659 Recall@3: 0.885450 time: 1943s
2021-05-16 09:19:35,470 DEBUG   Epoch 38 - avg_train_loss: 0.0757  avg_val_loss: 1.2940 F1: 0.667527  Accuracy: 0.751943 Recall@3: 0.883862 time: 1938s
2021-05-16 09:19:35,472 DEBUG   Epoch 38 - Save Best Accuracy: 0.751943 Model
2021-05-16 09:51:58,460 DEBUG   Epoch 39 - avg_train_loss: 0.0708  avg_val_loss: 1.2987 F1: 0.664167  Accuracy: 0.751537 Recall@3: 0.885010 time: 1943s
2021-05-16 10:24:20,516 DEBUG   Epoch 40 - avg_train_loss: 0.0717  avg_val_loss: 1.3002 F1: 0.669309  Accuracy: 0.752923 Recall@3: 0.884436 time: 1942s
2021-05-16 10:24:20,517 DEBUG   Epoch 40 - Save Best Accuracy: 0.752923 Model
2021-05-16 10:56:40,851 DEBUG   Epoch 41 - avg_train_loss: 0.0679  avg_val_loss: 1.3053 F1: 0.669955  Accuracy: 0.752653 Recall@3: 0.884808 time: 1940s
2021-05-16 11:29:02,981 DEBUG   Epoch 42 - avg_train_loss: 0.0656  avg_val_loss: 1.3063 F1: 0.668734  Accuracy: 0.752855 Recall@3: 0.885652 time: 1942s
2021-05-16 12:01:24,242 DEBUG   Epoch 43 - avg_train_loss: 0.0638  avg_val_loss: 1.3096 F1: 0.671913  Accuracy: 0.754443 Recall@3: 0.886126 time: 1941s
2021-05-16 12:01:24,247 DEBUG   Epoch 43 - Save Best Accuracy: 0.754443 Model
2021-05-16 12:33:46,141 DEBUG   Epoch 44 - avg_train_loss: 0.0622  avg_val_loss: 1.3121 F1: 0.670658  Accuracy: 0.753666 Recall@3: 0.883963 time: 1942s
2021-05-16 13:06:22,264 DEBUG   Epoch 45 - avg_train_loss: 0.0610  avg_val_loss: 1.3097 F1: 0.670154  Accuracy: 0.753159 Recall@3: 0.886362 time: 1956s
2021-05-16 13:38:42,035 DEBUG   Epoch 46 - avg_train_loss: 0.0589  avg_val_loss: 1.3111 F1: 0.668746  Accuracy: 0.753565 Recall@3: 0.885281 time: 1940s
2021-05-16 14:11:02,545 DEBUG   Epoch 47 - avg_train_loss: 0.0567  avg_val_loss: 1.3179 F1: 0.668336  Accuracy: 0.752348 Recall@3: 0.886362 time: 1941s
2021-05-16 14:43:36,322 DEBUG   Epoch 48 - avg_train_loss: 0.0567  avg_val_loss: 1.3164 F1: 0.667916  Accuracy: 0.752585 Recall@3: 0.884706 time: 1954s
2021-05-16 15:16:01,378 DEBUG   Epoch 49 - avg_train_loss: 0.0553  avg_val_loss: 1.3221 F1: 0.667080  Accuracy: 0.752585 Recall@3: 0.885754 time: 1945s
2021-05-16 15:48:21,187 DEBUG   Epoch 50 - avg_train_loss: 0.0547  avg_val_loss: 1.3234 F1: 0.671366  Accuracy: 0.754004 Recall@3: 0.886058 time: 1940s
2021-05-16 16:20:39,545 DEBUG   Epoch 51 - avg_train_loss: 0.0521  avg_val_loss: 1.3247 F1: 0.670641  Accuracy: 0.754443 Recall@3: 0.886193 time: 1938s
2021-05-16 16:53:10,180 DEBUG   Epoch 52 - avg_train_loss: 0.0517  avg_val_loss: 1.3237 F1: 0.672181  Accuracy: 0.754883 Recall@3: 0.885247 time: 1951s
2021-05-16 16:53:10,181 DEBUG   Epoch 52 - Save Best Accuracy: 0.754883 Model
2021-05-16 17:25:30,784 DEBUG   Epoch 53 - avg_train_loss: 0.0503  avg_val_loss: 1.3260 F1: 0.670630  Accuracy: 0.754612 Recall@3: 0.885788 time: 1940s
2021-05-16 17:57:50,949 DEBUG   Epoch 54 - avg_train_loss: 0.0494  avg_val_loss: 1.3313 F1: 0.672060  Accuracy: 0.754579 Recall@3: 0.885821 time: 1940s
2021-05-16 18:30:13,731 DEBUG   Epoch 55 - avg_train_loss: 0.0484  avg_val_loss: 1.3297 F1: 0.671243  Accuracy: 0.754680 Recall@3: 0.886193 time: 1943s
2021-05-16 19:02:34,740 DEBUG   Epoch 56 - avg_train_loss: 0.0484  avg_val_loss: 1.3254 F1: 0.672976  Accuracy: 0.755829 Recall@3: 0.886531 time: 1941s
2021-05-16 19:02:34,741 DEBUG   Epoch 56 - Save Best Accuracy: 0.755829 Model
2021-05-16 19:34:52,400 DEBUG   Epoch 57 - avg_train_loss: 0.0478  avg_val_loss: 1.3320 F1: 0.673726  Accuracy: 0.755660 Recall@3: 0.885855 time: 1938s
2021-05-16 20:07:15,887 DEBUG   Epoch 58 - avg_train_loss: 0.0476  avg_val_loss: 1.3287 F1: 0.671968  Accuracy: 0.755660 Recall@3: 0.886261 time: 1943s
2021-05-16 20:39:36,242 DEBUG   Epoch 59 - avg_train_loss: 0.0474  avg_val_loss: 1.3338 F1: 0.671115  Accuracy: 0.755525 Recall@3: 0.886024 time: 1940s
2021-05-16 21:11:54,673 DEBUG   Epoch 60 - avg_train_loss: 0.0463  avg_val_loss: 1.3308 F1: 0.673191  Accuracy: 0.755964 Recall@3: 0.886193 time: 1938s
2021-05-16 21:11:54,674 DEBUG   Epoch 60 - Save Best Accuracy: 0.755964 Model
2021-05-16 21:44:46,150 DEBUG   Epoch 61 - avg_train_loss: 0.0454  avg_val_loss: 1.3283 F1: 0.672269  Accuracy: 0.755592 Recall@3: 0.886159 time: 1971s
2021-05-16 22:17:05,719 DEBUG   Epoch 62 - avg_train_loss: 0.0448  avg_val_loss: 1.3295 F1: 0.671919  Accuracy: 0.755018 Recall@3: 0.886396 time: 1940s
2021-05-16 22:49:29,284 DEBUG   Epoch 63 - avg_train_loss: 0.0444  avg_val_loss: 1.3340 F1: 0.672795  Accuracy: 0.755964 Recall@3: 0.886092 time: 1944s
2021-05-16 23:21:51,442 DEBUG   Epoch 64 - avg_train_loss: 0.0443  avg_val_loss: 1.3313 F1: 0.672551  Accuracy: 0.756133 Recall@3: 0.886700 time: 1942s
2021-05-16 23:21:51,443 DEBUG   Epoch 64 - Save Best Accuracy: 0.756133 Model
2021-05-16 23:54:15,690 DEBUG   Epoch 65 - avg_train_loss: 0.0431  avg_val_loss: 1.3325 F1: 0.671721  Accuracy: 0.756606 Recall@3: 0.886632 time: 1944s
2021-05-16 23:54:15,691 DEBUG   Epoch 65 - Save Best Accuracy: 0.756606 Model
2021-05-17 00:26:34,924 DEBUG   Epoch 66 - avg_train_loss: 0.0434  avg_val_loss: 1.3335 F1: 0.671913  Accuracy: 0.756336 Recall@3: 0.886937 time: 1939s
2021-05-17 00:59:09,445 DEBUG   Epoch 67 - avg_train_loss: 0.0427  avg_val_loss: 1.3349 F1: 0.671965  Accuracy: 0.755525 Recall@3: 0.887443 time: 1955s
2021-05-17 01:31:32,613 DEBUG   Epoch 68 - avg_train_loss: 0.0434  avg_val_loss: 1.3363 F1: 0.672501  Accuracy: 0.755052 Recall@3: 0.887410 time: 1943s
2021-05-17 02:03:52,087 DEBUG   Epoch 69 - avg_train_loss: 0.0422  avg_val_loss: 1.3376 F1: 0.673217  Accuracy: 0.755795 Recall@3: 0.887072 time: 1939s
2021-05-17 02:36:11,539 DEBUG   Epoch 70 - avg_train_loss: 0.0421  avg_val_loss: 1.3358 F1: 0.671595  Accuracy: 0.755322 Recall@3: 0.887038 time: 1939s
2021-05-17 03:08:35,956 DEBUG   Epoch 71 - avg_train_loss: 0.0419  avg_val_loss: 1.3376 F1: 0.672647  Accuracy: 0.755390 Recall@3: 0.887579 time: 1944s
2021-05-17 03:40:56,660 DEBUG   Epoch 72 - avg_train_loss: 0.0418  avg_val_loss: 1.3374 F1: 0.672172  Accuracy: 0.755728 Recall@3: 0.887139 time: 1941s
2021-05-17 04:13:18,099 DEBUG   Epoch 73 - avg_train_loss: 0.0424  avg_val_loss: 1.3384 F1: 0.671383  Accuracy: 0.755728 Recall@3: 0.886632 time: 1941s
2021-05-17 04:45:45,594 DEBUG   Epoch 74 - avg_train_loss: 0.0416  avg_val_loss: 1.3362 F1: 0.674042  Accuracy: 0.756775 Recall@3: 0.887038 time: 1947s
2021-05-17 04:45:45,596 DEBUG   Epoch 74 - Save Best Accuracy: 0.756775 Model
2021-05-17 05:18:03,686 DEBUG   Epoch 75 - avg_train_loss: 0.0402  avg_val_loss: 1.3405 F1: 0.673881  Accuracy: 0.756133 Recall@3: 0.886768 time: 1938s
2021-05-17 05:50:21,863 DEBUG   Epoch 76 - avg_train_loss: 0.0415  avg_val_loss: 1.3362 F1: 0.673397  Accuracy: 0.756065 Recall@3: 0.887274 time: 1938s
2021-05-17 06:22:47,064 DEBUG   Epoch 77 - avg_train_loss: 0.0402  avg_val_loss: 1.3392 F1: 0.673029  Accuracy: 0.755863 Recall@3: 0.886632 time: 1945s
2021-05-17 06:55:08,870 DEBUG   Epoch 78 - avg_train_loss: 0.0404  avg_val_loss: 1.3401 F1: 0.673946  Accuracy: 0.755964 Recall@3: 0.886666 time: 1942s
2021-05-17 07:27:24,395 DEBUG   Epoch 79 - avg_train_loss: 0.0404  avg_val_loss: 1.3424 F1: 0.672537  Accuracy: 0.755795 Recall@3: 0.887207 time: 1936s
2021-05-17 07:59:44,180 DEBUG   Epoch 80 - avg_train_loss: 0.0403  avg_val_loss: 1.3426 F1: 0.672619  Accuracy: 0.756032 Recall@3: 0.887105 time: 1940s
2021-05-17 08:32:05,714 DEBUG   Epoch 81 - avg_train_loss: 0.0398  avg_val_loss: 1.3402 F1: 0.672442  Accuracy: 0.755964 Recall@3: 0.887241 time: 1942s
2021-05-17 09:04:38,498 DEBUG   Epoch 82 - avg_train_loss: 0.0396  avg_val_loss: 1.3439 F1: 0.673677  Accuracy: 0.756167 Recall@3: 0.886666 time: 1953s
2021-05-17 09:36:56,673 DEBUG   Epoch 83 - avg_train_loss: 0.0399  avg_val_loss: 1.3423 F1: 0.673051  Accuracy: 0.755829 Recall@3: 0.886801 time: 1938s
2021-05-17 10:09:20,869 DEBUG   Epoch 84 - avg_train_loss: 0.0392  avg_val_loss: 1.3429 F1: 0.674022  Accuracy: 0.756674 Recall@3: 0.886092 time: 1944s
2021-05-17 10:41:40,358 DEBUG   Epoch 85 - avg_train_loss: 0.0393  avg_val_loss: 1.3394 F1: 0.673254  Accuracy: 0.756437 Recall@3: 0.887443 time: 1939s
2021-05-17 11:14:00,818 DEBUG   Epoch 86 - avg_train_loss: 0.0389  avg_val_loss: 1.3435 F1: 0.672668  Accuracy: 0.756843 Recall@3: 0.886666 time: 1940s
2021-05-17 11:14:00,820 DEBUG   Epoch 86 - Save Best Accuracy: 0.756843 Model
2021-05-17 11:46:21,866 DEBUG   Epoch 87 - avg_train_loss: 0.0393  avg_val_loss: 1.3397 F1: 0.673296  Accuracy: 0.756978 Recall@3: 0.887173 time: 1941s
2021-05-17 11:46:21,867 DEBUG   Epoch 87 - Save Best Accuracy: 0.756978 Model
2021-05-17 12:18:41,791 DEBUG   Epoch 88 - avg_train_loss: 0.0393  avg_val_loss: 1.3426 F1: 0.672027  Accuracy: 0.756707 Recall@3: 0.886396 time: 1940s
2021-05-17 12:51:05,908 DEBUG   Epoch 89 - avg_train_loss: 0.0390  avg_val_loss: 1.3413 F1: 0.673300  Accuracy: 0.756302 Recall@3: 0.887274 time: 1944s
2021-05-17 13:23:38,181 DEBUG   Epoch 90 - avg_train_loss: 0.0390  avg_val_loss: 1.3457 F1: 0.672755  Accuracy: 0.756538 Recall@3: 0.886734 time: 1952s
2021-05-17 13:55:59,242 DEBUG   Epoch 91 - avg_train_loss: 0.0397  avg_val_loss: 1.3412 F1: 0.672961  Accuracy: 0.756843 Recall@3: 0.886700 time: 1941s
2021-05-17 14:28:18,100 DEBUG   Epoch 92 - avg_train_loss: 0.0388  avg_val_loss: 1.3429 F1: 0.673143  Accuracy: 0.757214 Recall@3: 0.886632 time: 1939s
2021-05-17 14:28:18,100 DEBUG   Epoch 92 - Save Best Accuracy: 0.757214 Model
2021-05-17 15:00:37,971 DEBUG   Epoch 93 - avg_train_loss: 0.0387  avg_val_loss: 1.3435 F1: 0.672184  Accuracy: 0.756505 Recall@3: 0.886396 time: 1940s
2021-05-17 15:33:00,887 DEBUG   Epoch 94 - avg_train_loss: 0.0394  avg_val_loss: 1.3432 F1: 0.673218  Accuracy: 0.756876 Recall@3: 0.886632 time: 1943s
2021-05-17 16:05:24,126 DEBUG   Epoch 95 - avg_train_loss: 0.0387  avg_val_loss: 1.3431 F1: 0.673586  Accuracy: 0.757079 Recall@3: 0.887072 time: 1943s
2021-05-17 16:37:44,518 DEBUG   Epoch 96 - avg_train_loss: 0.0382  avg_val_loss: 1.3426 F1: 0.672763  Accuracy: 0.756978 Recall@3: 0.886632 time: 1940s
2021-05-17 17:10:22,652 DEBUG   Epoch 97 - avg_train_loss: 0.0389  avg_val_loss: 1.3414 F1: 0.673885  Accuracy: 0.757181 Recall@3: 0.886869 time: 1958s
2021-05-17 17:42:40,392 DEBUG   Epoch 98 - avg_train_loss: 0.0382  avg_val_loss: 1.3403 F1: 0.674700  Accuracy: 0.757417 Recall@3: 0.886666 time: 1938s
2021-05-17 17:42:40,393 DEBUG   Epoch 98 - Save Best Accuracy: 0.757417 Model
2021-05-17 18:14:57,727 DEBUG   Epoch 99 - avg_train_loss: 0.0378  avg_val_loss: 1.3448 F1: 0.673534  Accuracy: 0.756910 Recall@3: 0.887038 time: 1937s
2021-05-17 18:47:18,848 DEBUG   Epoch 100 - avg_train_loss: 0.0385  avg_val_loss: 1.3428 F1: 0.672725  Accuracy: 0.756944 Recall@3: 0.887173 time: 1941s
2021-05-17 18:47:18,849 INFO [Train model] done in 194233 s.
