2021-06-06 11:41:32,368 INFO [Train model] start
2021-06-06 12:42:18,793 DEBUG   Epoch 1 - avg_train_loss: 0.2469  avg_val_loss: 2.3715 F1: 0.243138  Accuracy: 0.469555 Recall@3: 0.655403 time: 3645s
2021-06-06 12:42:18,798 DEBUG   Epoch 1 - Save Best Accuracy: 0.469555 Model
2021-06-06 12:42:18,915 DEBUG   Epoch 1 - Save Best Loss: 2.3715 Model
2021-06-06 13:43:26,715 DEBUG   Epoch 2 - avg_train_loss: 0.1462  avg_val_loss: 1.8646 F1: 0.363370  Accuracy: 0.556464 Recall@3: 0.741907 time: 3668s
2021-06-06 13:43:26,717 DEBUG   Epoch 2 - Save Best Accuracy: 0.556464 Model
2021-06-06 13:43:26,866 DEBUG   Epoch 2 - Save Best Loss: 1.8646 Model
2021-06-06 14:44:34,503 DEBUG   Epoch 3 - avg_train_loss: 0.1170  avg_val_loss: 1.5902 F1: 0.454579  Accuracy: 0.613503 Recall@3: 0.791816 time: 3667s
2021-06-06 14:44:34,505 DEBUG   Epoch 3 - Save Best Accuracy: 0.613503 Model
2021-06-06 14:44:34,631 DEBUG   Epoch 3 - Save Best Loss: 1.5902 Model
2021-06-06 15:45:56,850 DEBUG   Epoch 4 - avg_train_loss: 0.1017  avg_val_loss: 1.4799 F1: 0.498240  Accuracy: 0.635027 Recall@3: 0.811820 time: 3682s
2021-06-06 15:45:56,852 DEBUG   Epoch 4 - Save Best Accuracy: 0.635027 Model
2021-06-06 15:45:56,997 DEBUG   Epoch 4 - Save Best Loss: 1.4799 Model
2021-06-06 16:47:11,500 DEBUG   Epoch 5 - avg_train_loss: 0.0914  avg_val_loss: 1.4418 F1: 0.519366  Accuracy: 0.645604 Recall@3: 0.815740 time: 3674s
2021-06-06 16:47:11,502 DEBUG   Epoch 5 - Save Best Accuracy: 0.645604 Model
2021-06-06 16:47:11,643 DEBUG   Epoch 5 - Save Best Loss: 1.4418 Model
2021-06-06 17:48:40,972 DEBUG   Epoch 6 - avg_train_loss: 0.0840  avg_val_loss: 1.3682 F1: 0.544036  Accuracy: 0.663513 Recall@3: 0.829425 time: 3689s
2021-06-06 17:48:40,973 DEBUG   Epoch 6 - Save Best Accuracy: 0.663513 Model
2021-06-06 17:48:41,098 DEBUG   Epoch 6 - Save Best Loss: 1.3682 Model
2021-06-06 18:50:04,454 DEBUG   Epoch 7 - avg_train_loss: 0.0772  avg_val_loss: 1.3256 F1: 0.557220  Accuracy: 0.674461 Recall@3: 0.836757 time: 3683s
2021-06-06 18:50:04,457 DEBUG   Epoch 7 - Save Best Accuracy: 0.674461 Model
2021-06-06 18:50:04,576 DEBUG   Epoch 7 - Save Best Loss: 1.3256 Model
2021-06-06 19:51:24,837 DEBUG   Epoch 8 - avg_train_loss: 0.0715  avg_val_loss: 1.3133 F1: 0.567280  Accuracy: 0.676218 Recall@3: 0.840373 time: 3680s
2021-06-06 19:51:24,847 DEBUG   Epoch 8 - Save Best Accuracy: 0.676218 Model
2021-06-06 19:51:24,973 DEBUG   Epoch 8 - Save Best Loss: 1.3133 Model
2021-06-06 20:52:57,117 DEBUG   Epoch 9 - avg_train_loss: 0.0675  avg_val_loss: 1.2736 F1: 0.581920  Accuracy: 0.686930 Recall@3: 0.847199 time: 3692s
2021-06-06 20:52:57,119 DEBUG   Epoch 9 - Save Best Accuracy: 0.686930 Model
2021-06-06 20:52:57,288 DEBUG   Epoch 9 - Save Best Loss: 1.2736 Model
2021-06-06 21:54:14,367 DEBUG   Epoch 10 - avg_train_loss: 0.0634  avg_val_loss: 1.2747 F1: 0.580647  Accuracy: 0.686964 Recall@3: 0.846928 time: 3677s
2021-06-06 21:54:14,368 DEBUG   Epoch 10 - Save Best Accuracy: 0.686964 Model
2021-06-06 22:55:22,599 DEBUG   Epoch 11 - avg_train_loss: 0.0598  avg_val_loss: 1.2504 F1: 0.591280  Accuracy: 0.694093 Recall@3: 0.852977 time: 3668s
2021-06-06 22:55:22,600 DEBUG   Epoch 11 - Save Best Accuracy: 0.694093 Model
2021-06-06 22:55:22,718 DEBUG   Epoch 11 - Save Best Loss: 1.2504 Model
2021-06-06 23:53:28,596 DEBUG   Epoch 12 - avg_train_loss: 0.0564  avg_val_loss: 1.2215 F1: 0.600956  Accuracy: 0.701325 Recall@3: 0.857099 time: 3486s
2021-06-06 23:53:28,598 DEBUG   Epoch 12 - Save Best Accuracy: 0.701325 Model
2021-06-06 23:53:28,717 DEBUG   Epoch 12 - Save Best Loss: 1.2215 Model
2021-06-07 00:47:55,137 DEBUG   Epoch 13 - avg_train_loss: 0.0535  avg_val_loss: 1.2446 F1: 0.601093  Accuracy: 0.699703 Recall@3: 0.855511 time: 3266s
2021-06-07 01:42:26,390 DEBUG   Epoch 14 - avg_train_loss: 0.0509  avg_val_loss: 1.2363 F1: 0.608893  Accuracy: 0.703082 Recall@3: 0.857066 time: 3271s
2021-06-07 01:42:26,391 DEBUG   Epoch 14 - Save Best Accuracy: 0.703082 Model
2021-06-07 02:37:02,497 DEBUG   Epoch 15 - avg_train_loss: 0.0462  avg_val_loss: 1.2226 F1: 0.614494  Accuracy: 0.710043 Recall@3: 0.863216 time: 3276s
2021-06-07 02:37:02,499 DEBUG   Epoch 15 - Save Best Accuracy: 0.710043 Model
2021-06-07 03:31:35,443 DEBUG   Epoch 16 - avg_train_loss: 0.0441  avg_val_loss: 1.2176 F1: 0.614567  Accuracy: 0.708015 Recall@3: 0.860073 time: 3272s
2021-06-07 03:31:35,445 DEBUG   Epoch 16 - Save Best Loss: 1.2176 Model
2021-06-07 04:26:05,259 DEBUG   Epoch 17 - avg_train_loss: 0.0418  avg_val_loss: 1.2459 F1: 0.614429  Accuracy: 0.708488 Recall@3: 0.859532 time: 3270s
2021-06-07 05:20:26,582 DEBUG   Epoch 18 - avg_train_loss: 0.0404  avg_val_loss: 1.2601 F1: 0.614153  Accuracy: 0.707170 Recall@3: 0.861594 time: 3261s
2021-06-07 06:14:43,296 DEBUG   Epoch 19 - avg_train_loss: 0.0363  avg_val_loss: 1.2354 F1: 0.623604  Accuracy: 0.716970 Recall@3: 0.866020 time: 3257s
2021-06-07 06:14:43,297 DEBUG   Epoch 19 - Save Best Accuracy: 0.716970 Model
2021-06-07 07:08:53,314 DEBUG   Epoch 20 - avg_train_loss: 0.0346  avg_val_loss: 1.2417 F1: 0.623471  Accuracy: 0.714908 Recall@3: 0.867270 time: 3250s
2021-06-07 08:03:12,367 DEBUG   Epoch 21 - avg_train_loss: 0.0323  avg_val_loss: 1.2374 F1: 0.632314  Accuracy: 0.719909 Recall@3: 0.868014 time: 3259s
2021-06-07 08:03:12,370 DEBUG   Epoch 21 - Save Best Accuracy: 0.719909 Model
2021-06-07 08:57:26,200 DEBUG   Epoch 22 - avg_train_loss: 0.0300  avg_val_loss: 1.2399 F1: 0.628543  Accuracy: 0.720112 Recall@3: 0.868926 time: 3254s
2021-06-07 08:57:26,202 DEBUG   Epoch 22 - Save Best Accuracy: 0.720112 Model
2021-06-07 09:51:36,719 DEBUG   Epoch 23 - avg_train_loss: 0.0279  avg_val_loss: 1.2411 F1: 0.634948  Accuracy: 0.724336 Recall@3: 0.869061 time: 3250s
2021-06-07 09:51:36,720 DEBUG   Epoch 23 - Save Best Accuracy: 0.724336 Model
2021-06-07 10:45:43,585 DEBUG   Epoch 24 - avg_train_loss: 0.0265  avg_val_loss: 1.2545 F1: 0.634105  Accuracy: 0.722072 Recall@3: 0.869163 time: 3247s
2021-06-07 11:39:45,581 DEBUG   Epoch 25 - avg_train_loss: 0.0244  avg_val_loss: 1.2614 F1: 0.633427  Accuracy: 0.724471 Recall@3: 0.870582 time: 3242s
2021-06-07 11:39:45,583 DEBUG   Epoch 25 - Save Best Accuracy: 0.724471 Model
2021-06-07 12:41:36,454 DEBUG   Epoch 26 - avg_train_loss: 0.0239  avg_val_loss: 1.2654 F1: 0.637519  Accuracy: 0.726499 Recall@3: 0.870345 time: 3711s
2021-06-07 12:41:36,457 DEBUG   Epoch 26 - Save Best Accuracy: 0.726499 Model
2021-06-07 13:44:41,560 DEBUG   Epoch 27 - avg_train_loss: 0.0223  avg_val_loss: 1.2755 F1: 0.635126  Accuracy: 0.726600 Recall@3: 0.870785 time: 3785s
2021-06-07 13:44:41,562 DEBUG   Epoch 27 - Save Best Accuracy: 0.726600 Model
2021-06-07 14:47:26,992 DEBUG   Epoch 28 - avg_train_loss: 0.0210  avg_val_loss: 1.2827 F1: 0.636945  Accuracy: 0.728932 Recall@3: 0.869636 time: 3765s
2021-06-07 14:47:26,994 DEBUG   Epoch 28 - Save Best Accuracy: 0.728932 Model
2021-06-07 15:49:47,471 DEBUG   Epoch 29 - avg_train_loss: 0.0199  avg_val_loss: 1.2795 F1: 0.638737  Accuracy: 0.728425 Recall@3: 0.873691 time: 3740s
2021-06-07 16:51:57,278 DEBUG   Epoch 30 - avg_train_loss: 0.0188  avg_val_loss: 1.3036 F1: 0.639771  Accuracy: 0.727647 Recall@3: 0.871900 time: 3730s
2021-06-07 17:55:00,124 DEBUG   Epoch 31 - avg_train_loss: 0.0176  avg_val_loss: 1.2970 F1: 0.640613  Accuracy: 0.730047 Recall@3: 0.873353 time: 3783s
2021-06-07 17:55:00,125 DEBUG   Epoch 31 - Save Best Accuracy: 0.730047 Model
2021-06-07 18:57:33,973 DEBUG   Epoch 32 - avg_train_loss: 0.0170  avg_val_loss: 1.3157 F1: 0.637708  Accuracy: 0.728087 Recall@3: 0.870751 time: 3754s
2021-06-07 20:00:36,470 DEBUG   Epoch 33 - avg_train_loss: 0.0160  avg_val_loss: 1.3255 F1: 0.640385  Accuracy: 0.729438 Recall@3: 0.873049 time: 3782s
2021-06-07 21:03:37,359 DEBUG   Epoch 34 - avg_train_loss: 0.0154  avg_val_loss: 1.3228 F1: 0.642295  Accuracy: 0.730587 Recall@3: 0.870987 time: 3781s
2021-06-07 21:03:37,361 DEBUG   Epoch 34 - Save Best Accuracy: 0.730587 Model
2021-06-07 22:06:09,740 DEBUG   Epoch 35 - avg_train_loss: 0.0147  avg_val_loss: 1.3212 F1: 0.645296  Accuracy: 0.731871 Recall@3: 0.872508 time: 3752s
2021-06-07 22:06:09,741 DEBUG   Epoch 35 - Save Best Accuracy: 0.731871 Model
2021-06-07 23:08:43,738 DEBUG   Epoch 36 - avg_train_loss: 0.0141  avg_val_loss: 1.3309 F1: 0.644524  Accuracy: 0.730283 Recall@3: 0.873184 time: 3754s
2021-06-08 00:11:44,732 DEBUG   Epoch 37 - avg_train_loss: 0.0135  avg_val_loss: 1.3312 F1: 0.645092  Accuracy: 0.732953 Recall@3: 0.874029 time: 3781s
2021-06-08 00:11:44,735 DEBUG   Epoch 37 - Save Best Accuracy: 0.732953 Model
2021-06-08 01:14:42,442 DEBUG   Epoch 38 - avg_train_loss: 0.0132  avg_val_loss: 1.3428 F1: 0.643764  Accuracy: 0.732311 Recall@3: 0.873319 time: 3778s
2021-06-08 02:17:24,230 DEBUG   Epoch 39 - avg_train_loss: 0.0126  avg_val_loss: 1.3423 F1: 0.646139  Accuracy: 0.732986 Recall@3: 0.872508 time: 3762s
2021-06-08 02:17:24,231 DEBUG   Epoch 39 - Save Best Accuracy: 0.732986 Model
2021-06-08 03:20:06,776 DEBUG   Epoch 40 - avg_train_loss: 0.0120  avg_val_loss: 1.3373 F1: 0.646189  Accuracy: 0.735115 Recall@3: 0.873860 time: 3762s
2021-06-08 03:20:06,777 DEBUG   Epoch 40 - Save Best Accuracy: 0.735115 Model
2021-06-08 04:23:20,045 DEBUG   Epoch 41 - avg_train_loss: 0.0118  avg_val_loss: 1.3427 F1: 0.647327  Accuracy: 0.736028 Recall@3: 0.874130 time: 3793s
2021-06-08 04:23:20,049 DEBUG   Epoch 41 - Save Best Accuracy: 0.736028 Model
2021-06-08 05:26:30,411 DEBUG   Epoch 42 - avg_train_loss: 0.0114  avg_val_loss: 1.3523 F1: 0.646734  Accuracy: 0.734372 Recall@3: 0.874164 time: 3790s
2021-06-08 06:29:19,471 DEBUG   Epoch 43 - avg_train_loss: 0.0111  avg_val_loss: 1.3516 F1: 0.649831  Accuracy: 0.737143 Recall@3: 0.875921 time: 3769s
2021-06-08 06:29:19,475 DEBUG   Epoch 43 - Save Best Accuracy: 0.737143 Model
2021-06-08 07:31:41,004 DEBUG   Epoch 44 - avg_train_loss: 0.0107  avg_val_loss: 1.3544 F1: 0.650933  Accuracy: 0.736872 Recall@3: 0.874839 time: 3741s
2021-06-08 08:34:14,589 DEBUG   Epoch 45 - avg_train_loss: 0.0104  avg_val_loss: 1.3553 F1: 0.649433  Accuracy: 0.736095 Recall@3: 0.874299 time: 3754s
2021-06-08 09:37:03,266 DEBUG   Epoch 46 - avg_train_loss: 0.0099  avg_val_loss: 1.3519 F1: 0.647876  Accuracy: 0.735115 Recall@3: 0.875414 time: 3769s
2021-06-08 10:40:03,282 DEBUG   Epoch 47 - avg_train_loss: 0.0101  avg_val_loss: 1.3647 F1: 0.648559  Accuracy: 0.736298 Recall@3: 0.875819 time: 3780s
2021-06-08 11:43:01,646 DEBUG   Epoch 48 - avg_train_loss: 0.0098  avg_val_loss: 1.3686 F1: 0.647813  Accuracy: 0.736129 Recall@3: 0.875177 time: 3778s
2021-06-08 12:46:01,596 DEBUG   Epoch 49 - avg_train_loss: 0.0093  avg_val_loss: 1.3649 F1: 0.648698  Accuracy: 0.736771 Recall@3: 0.876664 time: 3780s
2021-06-08 13:48:52,101 DEBUG   Epoch 50 - avg_train_loss: 0.0092  avg_val_loss: 1.3690 F1: 0.650827  Accuracy: 0.737008 Recall@3: 0.875617 time: 3771s
2021-06-08 14:51:50,070 DEBUG   Epoch 51 - avg_train_loss: 0.0091  avg_val_loss: 1.3708 F1: 0.650687  Accuracy: 0.737650 Recall@3: 0.876563 time: 3778s
2021-06-08 14:51:50,074 DEBUG   Epoch 51 - Save Best Accuracy: 0.737650 Model
2021-06-08 15:54:29,413 DEBUG   Epoch 52 - avg_train_loss: 0.0088  avg_val_loss: 1.3767 F1: 0.650291  Accuracy: 0.738393 Recall@3: 0.874941 time: 3759s
2021-06-08 15:54:29,417 DEBUG   Epoch 52 - Save Best Accuracy: 0.738393 Model
2021-06-08 16:57:33,841 DEBUG   Epoch 53 - avg_train_loss: 0.0088  avg_val_loss: 1.3759 F1: 0.652578  Accuracy: 0.739103 Recall@3: 0.876428 time: 3784s
2021-06-08 16:57:33,842 DEBUG   Epoch 53 - Save Best Accuracy: 0.739103 Model
2021-06-08 18:00:30,798 DEBUG   Epoch 54 - avg_train_loss: 0.0088  avg_val_loss: 1.3778 F1: 0.650349  Accuracy: 0.736940 Recall@3: 0.875076 time: 3777s
2021-06-08 19:03:20,085 DEBUG   Epoch 55 - avg_train_loss: 0.0085  avg_val_loss: 1.3686 F1: 0.652706  Accuracy: 0.738528 Recall@3: 0.874806 time: 3769s
2021-06-08 20:06:21,917 DEBUG   Epoch 56 - avg_train_loss: 0.0084  avg_val_loss: 1.3823 F1: 0.651273  Accuracy: 0.739001 Recall@3: 0.876157 time: 3782s
2021-06-08 21:09:04,295 DEBUG   Epoch 57 - avg_train_loss: 0.0083  avg_val_loss: 1.3817 F1: 0.648055  Accuracy: 0.736839 Recall@3: 0.875853 time: 3762s
2021-06-08 22:12:22,084 DEBUG   Epoch 58 - avg_train_loss: 0.0083  avg_val_loss: 1.3824 F1: 0.650973  Accuracy: 0.738663 Recall@3: 0.876090 time: 3798s
2021-06-08 23:15:25,797 DEBUG   Epoch 59 - avg_train_loss: 0.0082  avg_val_loss: 1.3821 F1: 0.651417  Accuracy: 0.738089 Recall@3: 0.875346 time: 3784s
2021-06-09 00:18:45,657 DEBUG   Epoch 60 - avg_train_loss: 0.0079  avg_val_loss: 1.3857 F1: 0.651689  Accuracy: 0.739981 Recall@3: 0.875819 time: 3800s
2021-06-09 00:18:45,658 DEBUG   Epoch 60 - Save Best Accuracy: 0.739981 Model
2021-06-09 01:21:28,595 DEBUG   Epoch 61 - avg_train_loss: 0.0079  avg_val_loss: 1.3916 F1: 0.650950  Accuracy: 0.738325 Recall@3: 0.875346 time: 3763s
2021-06-09 02:24:12,460 DEBUG   Epoch 62 - avg_train_loss: 0.0077  avg_val_loss: 1.3838 F1: 0.652904  Accuracy: 0.740082 Recall@3: 0.876056 time: 3764s
2021-06-09 02:24:12,462 DEBUG   Epoch 62 - Save Best Accuracy: 0.740082 Model
2021-06-09 03:26:40,895 DEBUG   Epoch 63 - avg_train_loss: 0.0077  avg_val_loss: 1.3969 F1: 0.652884  Accuracy: 0.739238 Recall@3: 0.875515 time: 3748s
2021-06-09 04:29:33,585 DEBUG   Epoch 64 - avg_train_loss: 0.0076  avg_val_loss: 1.3908 F1: 0.652619  Accuracy: 0.740420 Recall@3: 0.877374 time: 3773s
2021-06-09 04:29:33,587 DEBUG   Epoch 64 - Save Best Accuracy: 0.740420 Model
2021-06-09 05:32:38,433 DEBUG   Epoch 65 - avg_train_loss: 0.0073  avg_val_loss: 1.3894 F1: 0.651175  Accuracy: 0.739407 Recall@3: 0.877272 time: 3785s
2021-06-09 06:35:33,554 DEBUG   Epoch 66 - avg_train_loss: 0.0076  avg_val_loss: 1.3916 F1: 0.650702  Accuracy: 0.739238 Recall@3: 0.875921 time: 3775s
2021-06-09 07:37:58,176 DEBUG   Epoch 67 - avg_train_loss: 0.0075  avg_val_loss: 1.3903 F1: 0.650439  Accuracy: 0.739643 Recall@3: 0.876968 time: 3745s
2021-06-09 08:40:22,441 DEBUG   Epoch 68 - avg_train_loss: 0.0074  avg_val_loss: 1.3917 F1: 0.652555  Accuracy: 0.739677 Recall@3: 0.877002 time: 3744s
2021-06-09 09:42:57,377 DEBUG   Epoch 69 - avg_train_loss: 0.0074  avg_val_loss: 1.3881 F1: 0.653363  Accuracy: 0.740285 Recall@3: 0.877036 time: 3755s
2021-06-09 10:45:36,529 DEBUG   Epoch 70 - avg_train_loss: 0.0072  avg_val_loss: 1.3887 F1: 0.651132  Accuracy: 0.739474 Recall@3: 0.877137 time: 3759s
2021-06-09 11:47:43,710 DEBUG   Epoch 71 - avg_train_loss: 0.0072  avg_val_loss: 1.3957 F1: 0.651326  Accuracy: 0.739576 Recall@3: 0.875988 time: 3727s
2021-06-09 12:50:11,873 DEBUG   Epoch 72 - avg_train_loss: 0.0071  avg_val_loss: 1.3968 F1: 0.652818  Accuracy: 0.740420 Recall@3: 0.876597 time: 3748s
2021-06-09 13:52:36,650 DEBUG   Epoch 73 - avg_train_loss: 0.0072  avg_val_loss: 1.4060 F1: 0.653489  Accuracy: 0.739981 Recall@3: 0.875786 time: 3745s
2021-06-09 14:55:11,288 DEBUG   Epoch 74 - avg_train_loss: 0.0070  avg_val_loss: 1.3956 F1: 0.654876  Accuracy: 0.742144 Recall@3: 0.876259 time: 3755s
2021-06-09 14:55:11,290 DEBUG   Epoch 74 - Save Best Accuracy: 0.742144 Model
2021-06-09 15:57:46,263 DEBUG   Epoch 75 - avg_train_loss: 0.0071  avg_val_loss: 1.3987 F1: 0.652642  Accuracy: 0.740150 Recall@3: 0.876124 time: 3755s
2021-06-09 17:00:29,885 DEBUG   Epoch 76 - avg_train_loss: 0.0069  avg_val_loss: 1.3908 F1: 0.652246  Accuracy: 0.740961 Recall@3: 0.876326 time: 3764s
2021-06-09 18:03:36,356 DEBUG   Epoch 77 - avg_train_loss: 0.0070  avg_val_loss: 1.3971 F1: 0.652101  Accuracy: 0.739947 Recall@3: 0.876191 time: 3786s
2021-06-09 19:06:26,455 DEBUG   Epoch 78 - avg_train_loss: 0.0069  avg_val_loss: 1.3931 F1: 0.653435  Accuracy: 0.740589 Recall@3: 0.876766 time: 3770s
2021-06-09 20:09:36,641 DEBUG   Epoch 79 - avg_train_loss: 0.0070  avg_val_loss: 1.4001 F1: 0.654267  Accuracy: 0.740589 Recall@3: 0.875313 time: 3790s
2021-06-09 21:12:40,994 DEBUG   Epoch 80 - avg_train_loss: 0.0067  avg_val_loss: 1.3978 F1: 0.653751  Accuracy: 0.740454 Recall@3: 0.876867 time: 3784s
2021-06-09 22:15:30,911 DEBUG   Epoch 81 - avg_train_loss: 0.0067  avg_val_loss: 1.3986 F1: 0.653293  Accuracy: 0.740082 Recall@3: 0.876630 time: 3770s
2021-06-09 23:18:21,458 DEBUG   Epoch 82 - avg_train_loss: 0.0069  avg_val_loss: 1.3956 F1: 0.654895  Accuracy: 0.741029 Recall@3: 0.877002 time: 3771s
2021-06-10 00:21:27,886 DEBUG   Epoch 83 - avg_train_loss: 0.0068  avg_val_loss: 1.3980 F1: 0.653133  Accuracy: 0.740184 Recall@3: 0.876833 time: 3786s
2021-06-10 01:24:28,163 DEBUG   Epoch 84 - avg_train_loss: 0.0068  avg_val_loss: 1.4012 F1: 0.652266  Accuracy: 0.740623 Recall@3: 0.876766 time: 3780s
2021-06-10 02:27:34,437 DEBUG   Epoch 85 - avg_train_loss: 0.0066  avg_val_loss: 1.3988 F1: 0.651506  Accuracy: 0.739947 Recall@3: 0.877036 time: 3786s
2021-06-10 03:30:21,895 DEBUG   Epoch 86 - avg_train_loss: 0.0067  avg_val_loss: 1.3960 F1: 0.652519  Accuracy: 0.740285 Recall@3: 0.876732 time: 3767s
2021-06-10 04:33:43,780 DEBUG   Epoch 87 - avg_train_loss: 0.0068  avg_val_loss: 1.4009 F1: 0.653250  Accuracy: 0.740724 Recall@3: 0.877340 time: 3802s
2021-06-10 05:36:41,210 DEBUG   Epoch 88 - avg_train_loss: 0.0067  avg_val_loss: 1.3956 F1: 0.654001  Accuracy: 0.741333 Recall@3: 0.876968 time: 3777s
2021-06-10 06:39:37,088 DEBUG   Epoch 89 - avg_train_loss: 0.0067  avg_val_loss: 1.4047 F1: 0.653118  Accuracy: 0.740454 Recall@3: 0.876833 time: 3776s
2021-06-10 07:42:50,515 DEBUG   Epoch 90 - avg_train_loss: 0.0066  avg_val_loss: 1.4008 F1: 0.653471  Accuracy: 0.740522 Recall@3: 0.877306 time: 3793s
2021-06-10 08:45:57,082 DEBUG   Epoch 91 - avg_train_loss: 0.0065  avg_val_loss: 1.4012 F1: 0.653196  Accuracy: 0.740319 Recall@3: 0.876630 time: 3787s
2021-06-10 09:41:34,248 DEBUG   Epoch 92 - avg_train_loss: 0.0066  avg_val_loss: 1.4024 F1: 0.654101  Accuracy: 0.741265 Recall@3: 0.876495 time: 3337s
2021-06-10 10:35:20,843 DEBUG   Epoch 93 - avg_train_loss: 0.0065  avg_val_loss: 1.3996 F1: 0.654623  Accuracy: 0.740724 Recall@3: 0.876326 time: 3227s
2021-06-10 11:29:01,021 DEBUG   Epoch 94 - avg_train_loss: 0.0064  avg_val_loss: 1.4025 F1: 0.653355  Accuracy: 0.740724 Recall@3: 0.876124 time: 3220s
2021-06-10 12:22:26,219 DEBUG   Epoch 95 - avg_train_loss: 0.0066  avg_val_loss: 1.4053 F1: 0.651928  Accuracy: 0.740927 Recall@3: 0.876225 time: 3205s
2021-06-10 13:15:51,769 DEBUG   Epoch 96 - avg_train_loss: 0.0065  avg_val_loss: 1.4019 F1: 0.652745  Accuracy: 0.740724 Recall@3: 0.877171 time: 3206s
2021-06-10 14:09:13,501 DEBUG   Epoch 97 - avg_train_loss: 0.0067  avg_val_loss: 1.4050 F1: 0.652580  Accuracy: 0.740556 Recall@3: 0.876563 time: 3202s
2021-06-10 15:02:38,868 DEBUG   Epoch 98 - avg_train_loss: 0.0067  avg_val_loss: 1.4011 F1: 0.652772  Accuracy: 0.740893 Recall@3: 0.876732 time: 3205s
2021-06-10 15:56:08,132 DEBUG   Epoch 99 - avg_train_loss: 0.0066  avg_val_loss: 1.4005 F1: 0.653477  Accuracy: 0.740082 Recall@3: 0.877205 time: 3209s
2021-06-10 16:49:42,642 DEBUG   Epoch 100 - avg_train_loss: 0.0065  avg_val_loss: 1.4009 F1: 0.654470  Accuracy: 0.740792 Recall@3: 0.876766 time: 3215s
2021-06-10 16:49:42,644 INFO [Train model] done in 364090 s.
