2021-05-23 23:13:46,845 INFO [Train model] start
2021-05-24 00:02:15,420 DEBUG   Epoch 1 - avg_train_loss: 0.8983  avg_val_loss: 2.3492 F1: 0.234489  Accuracy: 0.453301 Recall@3: 0.653646 time: 2907s
2021-05-24 00:02:15,422 DEBUG   Epoch 1 - Save Best Accuracy: 0.453301 Model
2021-05-24 00:02:15,716 DEBUG   Epoch 1 - Save Best Loss: 2.3492 Model
2021-05-24 00:52:18,771 DEBUG   Epoch 2 - avg_train_loss: 0.5406  avg_val_loss: 1.9194 F1: 0.358532  Accuracy: 0.537035 Recall@3: 0.732277 time: 3003s
2021-05-24 00:52:18,774 DEBUG   Epoch 2 - Save Best Accuracy: 0.537035 Model
2021-05-24 00:52:19,163 DEBUG   Epoch 2 - Save Best Loss: 1.9194 Model
2021-05-24 01:42:45,060 DEBUG   Epoch 3 - avg_train_loss: 0.4356  avg_val_loss: 1.6868 F1: 0.433138  Accuracy: 0.585592 Recall@3: 0.774887 time: 3026s
2021-05-24 01:42:45,061 DEBUG   Epoch 3 - Save Best Accuracy: 0.585592 Model
2021-05-24 01:42:45,575 DEBUG   Epoch 3 - Save Best Loss: 1.6868 Model
2021-05-24 02:33:23,787 DEBUG   Epoch 4 - avg_train_loss: 0.3725  avg_val_loss: 1.6103 F1: 0.468162  Accuracy: 0.607758 Recall@3: 0.792052 time: 3038s
2021-05-24 02:33:23,789 DEBUG   Epoch 4 - Save Best Accuracy: 0.607758 Model
2021-05-24 02:33:24,161 DEBUG   Epoch 4 - Save Best Loss: 1.6103 Model
2021-05-24 03:23:50,517 DEBUG   Epoch 5 - avg_train_loss: 0.3253  avg_val_loss: 1.5307 F1: 0.496244  Accuracy: 0.625634 Recall@3: 0.807664 time: 3026s
2021-05-24 03:23:50,519 DEBUG   Epoch 5 - Save Best Accuracy: 0.625634 Model
2021-05-24 03:23:50,909 DEBUG   Epoch 5 - Save Best Loss: 1.5307 Model
2021-05-24 04:13:51,950 DEBUG   Epoch 6 - avg_train_loss: 0.2889  avg_val_loss: 1.4582 F1: 0.519121  Accuracy: 0.643002 Recall@3: 0.821248 time: 3000s
2021-05-24 04:13:51,951 DEBUG   Epoch 6 - Save Best Accuracy: 0.643002 Model
2021-05-24 04:13:52,330 DEBUG   Epoch 6 - Save Best Loss: 1.4582 Model
2021-05-24 05:02:44,266 DEBUG   Epoch 7 - avg_train_loss: 0.2614  avg_val_loss: 1.4766 F1: 0.532931  Accuracy: 0.647023 Recall@3: 0.820166 time: 2932s
2021-05-24 05:02:44,271 DEBUG   Epoch 7 - Save Best Accuracy: 0.647023 Model
2021-05-24 05:50:48,064 DEBUG   Epoch 8 - avg_train_loss: 0.2376  avg_val_loss: 1.4461 F1: 0.540743  Accuracy: 0.654254 Recall@3: 0.828952 time: 2883s
2021-05-24 05:50:48,066 DEBUG   Epoch 8 - Save Best Accuracy: 0.654254 Model
2021-05-24 05:50:48,453 DEBUG   Epoch 8 - Save Best Loss: 1.4461 Model
2021-05-24 06:39:29,998 DEBUG   Epoch 9 - avg_train_loss: 0.2134  avg_val_loss: 1.4395 F1: 0.556428  Accuracy: 0.661553 Recall@3: 0.832703 time: 2921s
2021-05-24 06:39:30,000 DEBUG   Epoch 9 - Save Best Accuracy: 0.661553 Model
2021-05-24 06:39:30,507 DEBUG   Epoch 9 - Save Best Loss: 1.4395 Model
2021-05-24 07:28:39,121 DEBUG   Epoch 10 - avg_train_loss: 0.1927  avg_val_loss: 1.4154 F1: 0.564465  Accuracy: 0.672028 Recall@3: 0.838988 time: 2948s
2021-05-24 07:28:39,122 DEBUG   Epoch 10 - Save Best Accuracy: 0.672028 Model
2021-05-24 07:28:39,594 DEBUG   Epoch 10 - Save Best Loss: 1.4154 Model
2021-05-24 08:18:10,076 DEBUG   Epoch 11 - avg_train_loss: 0.1749  avg_val_loss: 1.5067 F1: 0.562426  Accuracy: 0.663276 Recall@3: 0.832601 time: 2970s
2021-05-24 09:07:04,094 DEBUG   Epoch 12 - avg_train_loss: 0.1583  avg_val_loss: 1.5281 F1: 0.568594  Accuracy: 0.668953 Recall@3: 0.835203 time: 2934s
2021-05-24 09:55:47,374 DEBUG   Epoch 13 - avg_train_loss: 0.1291  avg_val_loss: 1.4598 F1: 0.580266  Accuracy: 0.683179 Recall@3: 0.844969 time: 2923s
2021-05-24 09:55:47,375 DEBUG   Epoch 13 - Save Best Accuracy: 0.683179 Model
2021-05-24 10:44:04,905 DEBUG   Epoch 14 - avg_train_loss: 0.1156  avg_val_loss: 1.4780 F1: 0.586190  Accuracy: 0.682300 Recall@3: 0.844563 time: 2897s
2021-05-24 11:31:53,280 DEBUG   Epoch 15 - avg_train_loss: 0.0936  avg_val_loss: 1.4163 F1: 0.593359  Accuracy: 0.695513 Recall@3: 0.852876 time: 2868s
2021-05-24 11:31:53,282 DEBUG   Epoch 15 - Save Best Accuracy: 0.695513 Model
2021-05-24 12:16:29,066 DEBUG   Epoch 16 - avg_train_loss: 0.0826  avg_val_loss: 1.4561 F1: 0.596532  Accuracy: 0.694195 Recall@3: 0.852065 time: 2675s
2021-05-24 13:01:05,113 DEBUG   Epoch 17 - avg_train_loss: 0.0666  avg_val_loss: 1.5157 F1: 0.602880  Accuracy: 0.699365 Recall@3: 0.852166 time: 2676s
2021-05-24 13:01:05,116 DEBUG   Epoch 17 - Save Best Accuracy: 0.699365 Model
2021-05-24 13:45:58,809 DEBUG   Epoch 18 - avg_train_loss: 0.0563  avg_val_loss: 1.4711 F1: 0.606793  Accuracy: 0.702102 Recall@3: 0.855613 time: 2693s
2021-05-24 13:45:58,810 DEBUG   Epoch 18 - Save Best Accuracy: 0.702102 Model
2021-05-24 14:30:51,936 DEBUG   Epoch 19 - avg_train_loss: 0.0450  avg_val_loss: 1.5021 F1: 0.614076  Accuracy: 0.706427 Recall@3: 0.857201 time: 2693s
2021-05-24 14:30:51,937 DEBUG   Epoch 19 - Save Best Accuracy: 0.706427 Model
2021-05-24 15:26:15,009 DEBUG   Epoch 20 - avg_train_loss: 0.0371  avg_val_loss: 1.7248 F1: 0.607425  Accuracy: 0.701020 Recall@3: 0.849632 time: 3322s
2021-05-24 16:25:14,558 DEBUG   Epoch 21 - avg_train_loss: 0.0305  avg_val_loss: 1.5021 F1: 0.618331  Accuracy: 0.713455 Recall@3: 0.861458 time: 3540s
2021-05-24 16:25:14,561 DEBUG   Epoch 21 - Save Best Accuracy: 0.713455 Model
2021-05-24 17:24:18,870 DEBUG   Epoch 22 - avg_train_loss: 0.0274  avg_val_loss: 1.6238 F1: 0.610662  Accuracy: 0.706123 Recall@3: 0.854126 time: 3544s
2021-05-24 18:23:36,689 DEBUG   Epoch 23 - avg_train_loss: 0.0220  avg_val_loss: 1.5247 F1: 0.623895  Accuracy: 0.716328 Recall@3: 0.863891 time: 3558s
2021-05-24 18:23:36,690 DEBUG   Epoch 23 - Save Best Accuracy: 0.716328 Model
2021-05-24 19:22:56,593 DEBUG   Epoch 24 - avg_train_loss: 0.0192  avg_val_loss: 1.5559 F1: 0.628519  Accuracy: 0.720551 Recall@3: 0.862810 time: 3559s
2021-05-24 19:22:56,594 DEBUG   Epoch 24 - Save Best Accuracy: 0.720551 Model
2021-05-24 20:22:28,169 DEBUG   Epoch 25 - avg_train_loss: 0.0159  avg_val_loss: 1.5399 F1: 0.626409  Accuracy: 0.718693 Recall@3: 0.865006 time: 3571s
2021-05-24 21:21:48,190 DEBUG   Epoch 26 - avg_train_loss: 0.0150  avg_val_loss: 1.6870 F1: 0.622606  Accuracy: 0.712813 Recall@3: 0.857809 time: 3560s
2021-05-24 22:20:53,542 DEBUG   Epoch 27 - avg_train_loss: 0.0131  avg_val_loss: 1.5610 F1: 0.629867  Accuracy: 0.720383 Recall@3: 0.863553 time: 3545s
2021-05-24 23:20:25,329 DEBUG   Epoch 28 - avg_train_loss: 0.0116  avg_val_loss: 1.5534 F1: 0.626832  Accuracy: 0.720383 Recall@3: 0.866426 time: 3572s
2021-05-25 00:10:12,889 DEBUG   Epoch 29 - avg_train_loss: 0.0102  avg_val_loss: 1.5504 F1: 0.630539  Accuracy: 0.722883 Recall@3: 0.867980 time: 2988s
2021-05-25 00:10:12,890 DEBUG   Epoch 29 - Save Best Accuracy: 0.722883 Model
2021-05-25 00:55:51,037 DEBUG   Epoch 30 - avg_train_loss: 0.0094  avg_val_loss: 1.5413 F1: 0.631568  Accuracy: 0.722309 Recall@3: 0.868521 time: 2738s
2021-05-25 01:41:12,058 DEBUG   Epoch 31 - avg_train_loss: 0.0086  avg_val_loss: 1.6060 F1: 0.630101  Accuracy: 0.720923 Recall@3: 0.864905 time: 2721s
2021-05-25 02:27:02,595 DEBUG   Epoch 32 - avg_train_loss: 0.0078  avg_val_loss: 1.6095 F1: 0.633311  Accuracy: 0.723153 Recall@3: 0.866324 time: 2751s
2021-05-25 02:27:02,596 DEBUG   Epoch 32 - Save Best Accuracy: 0.723153 Model
2021-05-25 03:13:06,815 DEBUG   Epoch 33 - avg_train_loss: 0.0075  avg_val_loss: 1.5649 F1: 0.630906  Accuracy: 0.726059 Recall@3: 0.869264 time: 2764s
2021-05-25 03:13:06,816 DEBUG   Epoch 33 - Save Best Accuracy: 0.726059 Model
2021-05-25 03:59:03,687 DEBUG   Epoch 34 - avg_train_loss: 0.0070  avg_val_loss: 1.5882 F1: 0.630724  Accuracy: 0.724843 Recall@3: 0.865953 time: 2757s
2021-05-25 04:43:39,711 DEBUG   Epoch 35 - avg_train_loss: 0.0063  avg_val_loss: 1.7338 F1: 0.633083  Accuracy: 0.722883 Recall@3: 0.861053 time: 2676s
2021-05-25 05:27:56,316 DEBUG   Epoch 36 - avg_train_loss: 0.0064  avg_val_loss: 1.7026 F1: 0.634359  Accuracy: 0.724437 Recall@3: 0.863384 time: 2657s
2021-05-25 06:11:55,247 DEBUG   Epoch 37 - avg_train_loss: 0.0058  avg_val_loss: 1.5659 F1: 0.636596  Accuracy: 0.728763 Recall@3: 0.868588 time: 2639s
2021-05-25 06:11:55,248 DEBUG   Epoch 37 - Save Best Accuracy: 0.728763 Model
2021-05-25 06:56:23,774 DEBUG   Epoch 38 - avg_train_loss: 0.0056  avg_val_loss: 1.5317 F1: 0.642449  Accuracy: 0.733189 Recall@3: 0.870954 time: 2668s
2021-05-25 06:56:23,775 DEBUG   Epoch 38 - Save Best Accuracy: 0.733189 Model
2021-05-25 07:40:53,244 DEBUG   Epoch 39 - avg_train_loss: 0.0055  avg_val_loss: 1.5661 F1: 0.639097  Accuracy: 0.730993 Recall@3: 0.870379 time: 2669s
2021-05-25 08:25:32,492 DEBUG   Epoch 40 - avg_train_loss: 0.0051  avg_val_loss: 1.5828 F1: 0.637899  Accuracy: 0.728932 Recall@3: 0.869906 time: 2679s
2021-05-25 09:09:00,316 DEBUG   Epoch 41 - avg_train_loss: 0.0050  avg_val_loss: 1.5875 F1: 0.636607  Accuracy: 0.729371 Recall@3: 0.869872 time: 2608s
2021-05-25 09:52:28,052 DEBUG   Epoch 42 - avg_train_loss: 0.0047  avg_val_loss: 1.6008 F1: 0.637924  Accuracy: 0.729202 Recall@3: 0.869703 time: 2608s
2021-05-25 10:35:40,827 DEBUG   Epoch 43 - avg_train_loss: 0.0046  avg_val_loss: 1.5346 F1: 0.639785  Accuracy: 0.731263 Recall@3: 0.873860 time: 2593s
2021-05-25 11:18:45,151 DEBUG   Epoch 44 - avg_train_loss: 0.0045  avg_val_loss: 1.5487 F1: 0.639958  Accuracy: 0.732885 Recall@3: 0.872035 time: 2584s
2021-05-25 12:01:59,710 DEBUG   Epoch 45 - avg_train_loss: 0.0044  avg_val_loss: 1.6256 F1: 0.635139  Accuracy: 0.726972 Recall@3: 0.867912 time: 2595s
2021-05-25 12:45:33,296 DEBUG   Epoch 46 - avg_train_loss: 0.0043  avg_val_loss: 1.5371 F1: 0.641677  Accuracy: 0.732006 Recall@3: 0.872981 time: 2614s
2021-05-25 13:29:08,553 DEBUG   Epoch 47 - avg_train_loss: 0.0039  avg_val_loss: 1.5535 F1: 0.643709  Accuracy: 0.734439 Recall@3: 0.875515 time: 2615s
2021-05-25 13:29:08,554 DEBUG   Epoch 47 - Save Best Accuracy: 0.734439 Model
2021-05-25 14:12:50,049 DEBUG   Epoch 48 - avg_train_loss: 0.0039  avg_val_loss: 1.5651 F1: 0.637565  Accuracy: 0.731567 Recall@3: 0.872812 time: 2621s
2021-05-25 14:56:43,546 DEBUG   Epoch 49 - avg_train_loss: 0.0039  avg_val_loss: 1.6346 F1: 0.635873  Accuracy: 0.727411 Recall@3: 0.867034 time: 2633s
2021-05-25 15:40:38,674 DEBUG   Epoch 50 - avg_train_loss: 0.0039  avg_val_loss: 1.5685 F1: 0.643737  Accuracy: 0.733392 Recall@3: 0.872474 time: 2635s
2021-05-25 16:24:48,364 DEBUG   Epoch 51 - avg_train_loss: 0.0037  avg_val_loss: 1.6028 F1: 0.638296  Accuracy: 0.729168 Recall@3: 0.869703 time: 2650s
2021-05-25 17:09:18,409 DEBUG   Epoch 52 - avg_train_loss: 0.0038  avg_val_loss: 1.6529 F1: 0.636804  Accuracy: 0.727749 Recall@3: 0.868250 time: 2670s
2021-05-25 17:54:23,026 DEBUG   Epoch 53 - avg_train_loss: 0.0037  avg_val_loss: 1.5507 F1: 0.643618  Accuracy: 0.734439 Recall@3: 0.874062 time: 2705s
2021-05-25 18:39:25,247 DEBUG   Epoch 54 - avg_train_loss: 0.0036  avg_val_loss: 1.5587 F1: 0.642457  Accuracy: 0.735217 Recall@3: 0.873995 time: 2702s
2021-05-25 18:39:25,248 DEBUG   Epoch 54 - Save Best Accuracy: 0.735217 Model
2021-05-25 19:25:35,678 DEBUG   Epoch 55 - avg_train_loss: 0.0034  avg_val_loss: 1.5875 F1: 0.641409  Accuracy: 0.732953 Recall@3: 0.873116 time: 2770s
2021-05-25 20:10:55,617 DEBUG   Epoch 56 - avg_train_loss: 0.0034  avg_val_loss: 1.5946 F1: 0.640301  Accuracy: 0.732919 Recall@3: 0.871224 time: 2720s
2021-05-25 20:56:19,550 DEBUG   Epoch 57 - avg_train_loss: 0.0034  avg_val_loss: 1.5649 F1: 0.642673  Accuracy: 0.734473 Recall@3: 0.873691 time: 2724s
2021-05-25 21:42:07,673 DEBUG   Epoch 58 - avg_train_loss: 0.0038  avg_val_loss: 1.5642 F1: 0.644270  Accuracy: 0.734135 Recall@3: 0.872846 time: 2748s
2021-05-25 22:28:04,023 DEBUG   Epoch 59 - avg_train_loss: 0.0034  avg_val_loss: 1.6145 F1: 0.638239  Accuracy: 0.730824 Recall@3: 0.872305 time: 2756s
2021-05-25 23:13:43,036 DEBUG   Epoch 60 - avg_train_loss: 0.0034  avg_val_loss: 1.6367 F1: 0.639955  Accuracy: 0.733459 Recall@3: 0.872880 time: 2739s
2021-05-26 00:00:14,458 DEBUG   Epoch 61 - avg_train_loss: 0.0033  avg_val_loss: 1.6427 F1: 0.637403  Accuracy: 0.730351 Recall@3: 0.870886 time: 2791s
2021-05-26 00:45:54,586 DEBUG   Epoch 62 - avg_train_loss: 0.0032  avg_val_loss: 1.5611 F1: 0.641049  Accuracy: 0.733899 Recall@3: 0.873251 time: 2740s
2021-05-26 01:31:46,283 DEBUG   Epoch 63 - avg_train_loss: 0.0031  avg_val_loss: 1.5729 F1: 0.638774  Accuracy: 0.732986 Recall@3: 0.872711 time: 2752s
2021-05-26 02:18:07,882 DEBUG   Epoch 64 - avg_train_loss: 0.0033  avg_val_loss: 1.5477 F1: 0.643176  Accuracy: 0.734946 Recall@3: 0.873893 time: 2782s
2021-05-26 03:04:23,659 DEBUG   Epoch 65 - avg_train_loss: 0.0030  avg_val_loss: 1.6037 F1: 0.636957  Accuracy: 0.729911 Recall@3: 0.871934 time: 2776s
2021-05-26 03:50:43,012 DEBUG   Epoch 66 - avg_train_loss: 0.0032  avg_val_loss: 1.5824 F1: 0.638853  Accuracy: 0.732108 Recall@3: 0.872744 time: 2779s
2021-05-26 04:37:00,107 DEBUG   Epoch 67 - avg_train_loss: 0.0030  avg_val_loss: 1.6160 F1: 0.638619  Accuracy: 0.732142 Recall@3: 0.871731 time: 2777s
2021-05-26 05:21:50,722 DEBUG   Epoch 68 - avg_train_loss: 0.0029  avg_val_loss: 1.5861 F1: 0.641341  Accuracy: 0.734439 Recall@3: 0.873691 time: 2691s
2021-05-26 06:06:49,588 DEBUG   Epoch 69 - avg_train_loss: 0.0030  avg_val_loss: 1.5695 F1: 0.639391  Accuracy: 0.734676 Recall@3: 0.874265 time: 2699s
2021-05-26 06:51:53,321 DEBUG   Epoch 70 - avg_train_loss: 0.0030  avg_val_loss: 1.5922 F1: 0.642022  Accuracy: 0.734304 Recall@3: 0.873184 time: 2704s
2021-05-26 07:36:16,271 DEBUG   Epoch 71 - avg_train_loss: 0.0028  avg_val_loss: 1.6417 F1: 0.638511  Accuracy: 0.730722 Recall@3: 0.869399 time: 2663s
2021-05-26 08:20:52,122 DEBUG   Epoch 72 - avg_train_loss: 0.0028  avg_val_loss: 1.5822 F1: 0.641513  Accuracy: 0.735217 Recall@3: 0.873420 time: 2676s
2021-05-26 09:04:33,687 DEBUG   Epoch 73 - avg_train_loss: 0.0030  avg_val_loss: 1.5405 F1: 0.645061  Accuracy: 0.736129 Recall@3: 0.875718 time: 2622s
2021-05-26 09:04:33,689 DEBUG   Epoch 73 - Save Best Accuracy: 0.736129 Model
2021-05-26 09:48:21,646 DEBUG   Epoch 74 - avg_train_loss: 0.0028  avg_val_loss: 1.5669 F1: 0.640513  Accuracy: 0.734102 Recall@3: 0.873657 time: 2628s
2021-05-26 10:31:50,798 DEBUG   Epoch 75 - avg_train_loss: 0.0028  avg_val_loss: 1.6202 F1: 0.637415  Accuracy: 0.730283 Recall@3: 0.870751 time: 2609s
2021-05-26 11:15:09,197 DEBUG   Epoch 76 - avg_train_loss: 0.0028  avg_val_loss: 1.5734 F1: 0.643791  Accuracy: 0.735217 Recall@3: 0.874873 time: 2598s
2021-05-26 11:58:22,410 DEBUG   Epoch 77 - avg_train_loss: 0.0027  avg_val_loss: 1.5818 F1: 0.637839  Accuracy: 0.732986 Recall@3: 0.873488 time: 2593s
2021-05-26 12:41:53,200 DEBUG   Epoch 78 - avg_train_loss: 0.0029  avg_val_loss: 1.6873 F1: 0.636920  Accuracy: 0.728729 Recall@3: 0.868318 time: 2611s
2021-05-26 13:26:02,366 DEBUG   Epoch 79 - avg_train_loss: 0.0028  avg_val_loss: 1.5602 F1: 0.641904  Accuracy: 0.733933 Recall@3: 0.874941 time: 2649s
2021-05-26 14:09:49,953 DEBUG   Epoch 80 - avg_train_loss: 0.0028  avg_val_loss: 1.5714 F1: 0.641848  Accuracy: 0.735115 Recall@3: 0.874941 time: 2628s
2021-05-26 14:53:31,511 DEBUG   Epoch 81 - avg_train_loss: 0.0027  avg_val_loss: 1.5992 F1: 0.638850  Accuracy: 0.732513 Recall@3: 0.872204 time: 2622s
2021-05-26 15:37:04,685 DEBUG   Epoch 82 - avg_train_loss: 0.0027  avg_val_loss: 1.5721 F1: 0.641348  Accuracy: 0.733966 Recall@3: 0.873826 time: 2613s
2021-05-26 16:21:07,889 DEBUG   Epoch 83 - avg_train_loss: 0.0028  avg_val_loss: 1.5858 F1: 0.638893  Accuracy: 0.732750 Recall@3: 0.873285 time: 2643s
2021-05-26 17:05:25,863 DEBUG   Epoch 84 - avg_train_loss: 0.0028  avg_val_loss: 1.5791 F1: 0.638363  Accuracy: 0.732209 Recall@3: 0.874400 time: 2658s
2021-05-26 17:50:39,007 DEBUG   Epoch 85 - avg_train_loss: 0.0028  avg_val_loss: 1.5547 F1: 0.640196  Accuracy: 0.735115 Recall@3: 0.875076 time: 2713s
2021-05-26 18:36:15,136 DEBUG   Epoch 86 - avg_train_loss: 0.0026  avg_val_loss: 1.5424 F1: 0.640253  Accuracy: 0.734575 Recall@3: 0.874231 time: 2736s
2021-05-26 19:21:45,242 DEBUG   Epoch 87 - avg_train_loss: 0.0027  avg_val_loss: 1.7539 F1: 0.631570  Accuracy: 0.726026 Recall@3: 0.864128 time: 2730s
2021-05-26 20:07:36,930 DEBUG   Epoch 88 - avg_train_loss: 0.0027  avg_val_loss: 1.5540 F1: 0.641844  Accuracy: 0.734879 Recall@3: 0.875245 time: 2752s
2021-05-26 20:53:07,773 DEBUG   Epoch 89 - avg_train_loss: 0.0027  avg_val_loss: 1.7299 F1: 0.635200  Accuracy: 0.728053 Recall@3: 0.868149 time: 2731s
2021-05-26 21:38:54,067 DEBUG   Epoch 90 - avg_train_loss: 0.0027  avg_val_loss: 1.6165 F1: 0.639341  Accuracy: 0.733257 Recall@3: 0.872238 time: 2746s
2021-05-26 22:25:04,779 DEBUG   Epoch 91 - avg_train_loss: 0.0027  avg_val_loss: 1.5698 F1: 0.644458  Accuracy: 0.736230 Recall@3: 0.874873 time: 2771s
2021-05-26 22:25:04,780 DEBUG   Epoch 91 - Save Best Accuracy: 0.736230 Model
2021-05-26 23:11:14,280 DEBUG   Epoch 92 - avg_train_loss: 0.0028  avg_val_loss: 1.5818 F1: 0.639936  Accuracy: 0.733696 Recall@3: 0.873522 time: 2769s
2021-05-26 23:57:16,313 DEBUG   Epoch 93 - avg_train_loss: 0.0028  avg_val_loss: 1.5657 F1: 0.640293  Accuracy: 0.733764 Recall@3: 0.873353 time: 2762s
2021-05-27 00:43:31,211 DEBUG   Epoch 94 - avg_train_loss: 0.0027  avg_val_loss: 1.6848 F1: 0.637866  Accuracy: 0.729844 Recall@3: 0.868859 time: 2775s
2021-05-27 01:29:52,035 DEBUG   Epoch 95 - avg_train_loss: 0.0026  avg_val_loss: 1.6116 F1: 0.637739  Accuracy: 0.731432 Recall@3: 0.871562 time: 2781s
2021-05-27 02:16:09,296 DEBUG   Epoch 96 - avg_train_loss: 0.0028  avg_val_loss: 1.5857 F1: 0.639110  Accuracy: 0.732547 Recall@3: 0.873285 time: 2777s
2021-05-27 03:02:23,129 DEBUG   Epoch 97 - avg_train_loss: 0.0026  avg_val_loss: 1.6975 F1: 0.635829  Accuracy: 0.729269 Recall@3: 0.868622 time: 2774s
2021-05-27 03:48:54,721 DEBUG   Epoch 98 - avg_train_loss: 0.0027  avg_val_loss: 1.5904 F1: 0.641761  Accuracy: 0.734845 Recall@3: 0.874130 time: 2792s
2021-05-27 04:34:46,462 DEBUG   Epoch 99 - avg_train_loss: 0.0026  avg_val_loss: 1.7519 F1: 0.632095  Accuracy: 0.726262 Recall@3: 0.865513 time: 2752s
2021-05-27 05:19:58,990 DEBUG   Epoch 100 - avg_train_loss: 0.0026  avg_val_loss: 1.6931 F1: 0.637403  Accuracy: 0.729979 Recall@3: 0.868656 time: 2713s
2021-05-27 05:19:58,991 INFO [Train model] done in 281172 s.
