2021-05-17 23:03:27,590 INFO [Train model] start
2021-05-18 01:12:27,842 DEBUG   Epoch 1 - avg_train_loss: 3.5696  avg_val_loss: 2.5961 F1: 0.219337  Accuracy: 0.416605 Recall@3: 0.611847 time: 7738s
2021-05-18 01:12:27,847 DEBUG   Epoch 1 - Save Best Accuracy: 0.416605 Model
2021-05-18 01:12:28,043 DEBUG   Epoch 1 - Save Best Loss: 2.5961 Model
2021-05-18 03:24:25,505 DEBUG   Epoch 2 - avg_train_loss: 2.1523  avg_val_loss: 2.0149 F1: 0.351989  Accuracy: 0.517943 Recall@3: 0.715280 time: 7917s
2021-05-18 03:24:25,506 DEBUG   Epoch 2 - Save Best Accuracy: 0.517943 Model
2021-05-18 03:24:25,876 DEBUG   Epoch 2 - Save Best Loss: 2.0149 Model
2021-05-18 05:30:33,635 DEBUG   Epoch 3 - avg_train_loss: 1.7150  avg_val_loss: 1.8371 F1: 0.405016  Accuracy: 0.554842 Recall@3: 0.750321 time: 7566s
2021-05-18 05:30:33,637 DEBUG   Epoch 3 - Save Best Accuracy: 0.554842 Model
2021-05-18 05:30:33,912 DEBUG   Epoch 3 - Save Best Loss: 1.8371 Model
2021-05-18 07:30:45,507 DEBUG   Epoch 4 - avg_train_loss: 1.4537  avg_val_loss: 1.6891 F1: 0.445577  Accuracy: 0.586673 Recall@3: 0.776509 time: 7211s
2021-05-18 07:30:45,509 DEBUG   Epoch 4 - Save Best Accuracy: 0.586673 Model
2021-05-18 07:30:45,761 DEBUG   Epoch 4 - Save Best Loss: 1.6891 Model
2021-05-18 09:30:44,310 DEBUG   Epoch 5 - avg_train_loss: 1.2652  avg_val_loss: 1.5517 F1: 0.493746  Accuracy: 0.617963 Recall@3: 0.799351 time: 7198s
2021-05-18 09:30:44,311 DEBUG   Epoch 5 - Save Best Accuracy: 0.617963 Model
2021-05-18 09:30:44,571 DEBUG   Epoch 5 - Save Best Loss: 1.5517 Model
2021-05-18 11:29:57,282 DEBUG   Epoch 6 - avg_train_loss: 1.1109  avg_val_loss: 1.5128 F1: 0.512340  Accuracy: 0.631885 Recall@3: 0.807731 time: 7152s
2021-05-18 11:29:57,290 DEBUG   Epoch 6 - Save Best Accuracy: 0.631885 Model
2021-05-18 11:29:57,708 DEBUG   Epoch 6 - Save Best Loss: 1.5128 Model
2021-05-18 13:34:39,196 DEBUG   Epoch 7 - avg_train_loss: 0.9865  avg_val_loss: 1.4787 F1: 0.522005  Accuracy: 0.638880 Recall@3: 0.817801 time: 7481s
2021-05-18 13:34:39,198 DEBUG   Epoch 7 - Save Best Accuracy: 0.638880 Model
2021-05-18 13:34:39,430 DEBUG   Epoch 7 - Save Best Loss: 1.4787 Model
2021-05-18 15:43:06,197 DEBUG   Epoch 8 - avg_train_loss: 0.8769  avg_val_loss: 1.4931 F1: 0.529495  Accuracy: 0.639724 Recall@3: 0.816382 time: 7707s
2021-05-18 15:43:06,198 DEBUG   Epoch 8 - Save Best Accuracy: 0.639724 Model
2021-05-18 17:43:15,799 DEBUG   Epoch 9 - avg_train_loss: 0.7773  avg_val_loss: 1.4645 F1: 0.544586  Accuracy: 0.651788 Recall@3: 0.823207 time: 7209s
2021-05-18 17:43:15,804 DEBUG   Epoch 9 - Save Best Accuracy: 0.651788 Model
2021-05-18 17:43:16,048 DEBUG   Epoch 9 - Save Best Loss: 1.4645 Model
2021-05-18 19:42:48,768 DEBUG   Epoch 10 - avg_train_loss: 0.6890  avg_val_loss: 1.4948 F1: 0.547407  Accuracy: 0.652328 Recall@3: 0.821552 time: 7172s
2021-05-18 19:42:48,770 DEBUG   Epoch 10 - Save Best Accuracy: 0.652328 Model
2021-05-18 21:42:12,071 DEBUG   Epoch 11 - avg_train_loss: 0.6075  avg_val_loss: 1.4831 F1: 0.553528  Accuracy: 0.656653 Recall@3: 0.827465 time: 7163s
2021-05-18 21:42:12,072 DEBUG   Epoch 11 - Save Best Accuracy: 0.656653 Model
2021-05-18 23:41:30,070 DEBUG   Epoch 12 - avg_train_loss: 0.4889  avg_val_loss: 1.4716 F1: 0.567619  Accuracy: 0.668413 Recall@3: 0.835744 time: 7158s
2021-05-18 23:41:30,071 DEBUG   Epoch 12 - Save Best Accuracy: 0.668413 Model
2021-05-19 01:51:09,707 DEBUG   Epoch 13 - avg_train_loss: 0.4180  avg_val_loss: 1.4782 F1: 0.570661  Accuracy: 0.671656 Recall@3: 0.837366 time: 7779s
2021-05-19 01:51:09,709 DEBUG   Epoch 13 - Save Best Accuracy: 0.671656 Model
2021-05-19 04:00:04,546 DEBUG   Epoch 14 - avg_train_loss: 0.3255  avg_val_loss: 1.4864 F1: 0.578731  Accuracy: 0.676286 Recall@3: 0.839055 time: 7735s
2021-05-19 04:00:04,548 DEBUG   Epoch 14 - Save Best Accuracy: 0.676286 Model
2021-05-19 06:04:17,925 DEBUG   Epoch 15 - avg_train_loss: 0.2743  avg_val_loss: 1.4898 F1: 0.588079  Accuracy: 0.681219 Recall@3: 0.840035 time: 7453s
2021-05-19 06:04:17,927 DEBUG   Epoch 15 - Save Best Accuracy: 0.681219 Model
2021-05-19 08:02:29,132 DEBUG   Epoch 16 - avg_train_loss: 0.2079  avg_val_loss: 1.4705 F1: 0.592697  Accuracy: 0.690951 Recall@3: 0.849463 time: 7091s
2021-05-19 08:02:29,134 DEBUG   Epoch 16 - Save Best Accuracy: 0.690951 Model
2021-05-19 09:59:58,303 DEBUG   Epoch 17 - avg_train_loss: 0.1729  avg_val_loss: 1.4938 F1: 0.597254  Accuracy: 0.692505 Recall@3: 0.848652 time: 7049s
2021-05-19 09:59:58,304 DEBUG   Epoch 17 - Save Best Accuracy: 0.692505 Model
2021-05-19 11:57:43,064 DEBUG   Epoch 18 - avg_train_loss: 0.1359  avg_val_loss: 1.4775 F1: 0.603963  Accuracy: 0.699399 Recall@3: 0.851389 time: 7065s
2021-05-19 11:57:43,065 DEBUG   Epoch 18 - Save Best Accuracy: 0.699399 Model
2021-05-19 14:01:18,643 DEBUG   Epoch 19 - avg_train_loss: 0.1141  avg_val_loss: 1.5224 F1: 0.601924  Accuracy: 0.697810 Recall@3: 0.851625 time: 7415s
2021-05-19 16:08:04,359 DEBUG   Epoch 20 - avg_train_loss: 0.0909  avg_val_loss: 1.4935 F1: 0.608398  Accuracy: 0.702000 Recall@3: 0.854261 time: 7606s
2021-05-19 16:08:04,361 DEBUG   Epoch 20 - Save Best Accuracy: 0.702000 Model
2021-05-19 18:08:21,119 DEBUG   Epoch 21 - avg_train_loss: 0.0773  avg_val_loss: 1.5029 F1: 0.610566  Accuracy: 0.703453 Recall@3: 0.855917 time: 7217s
2021-05-19 18:08:21,120 DEBUG   Epoch 21 - Save Best Accuracy: 0.703453 Model
2021-05-19 20:05:54,099 DEBUG   Epoch 22 - avg_train_loss: 0.0638  avg_val_loss: 1.5048 F1: 0.611052  Accuracy: 0.706258 Recall@3: 0.858417 time: 7053s
2021-05-19 20:05:54,101 DEBUG   Epoch 22 - Save Best Accuracy: 0.706258 Model
2021-05-19 22:02:56,484 DEBUG   Epoch 23 - avg_train_loss: 0.0558  avg_val_loss: 1.5125 F1: 0.616679  Accuracy: 0.709029 Recall@3: 0.857674 time: 7022s
2021-05-19 22:02:56,485 DEBUG   Epoch 23 - Save Best Accuracy: 0.709029 Model
2021-05-20 00:00:13,293 DEBUG   Epoch 24 - avg_train_loss: 0.0483  avg_val_loss: 1.5014 F1: 0.621857  Accuracy: 0.712476 Recall@3: 0.859363 time: 7037s
2021-05-20 00:00:13,295 DEBUG   Epoch 24 - Save Best Accuracy: 0.712476 Model
2021-05-20 02:07:48,433 DEBUG   Epoch 25 - avg_train_loss: 0.0440  avg_val_loss: 1.5126 F1: 0.616629  Accuracy: 0.711462 Recall@3: 0.858958 time: 7655s
2021-05-20 04:15:23,470 DEBUG   Epoch 26 - avg_train_loss: 0.0385  avg_val_loss: 1.5224 F1: 0.615997  Accuracy: 0.710009 Recall@3: 0.859059 time: 7655s
2021-05-20 06:17:55,468 DEBUG   Epoch 27 - avg_train_loss: 0.0355  avg_val_loss: 1.5229 F1: 0.619694  Accuracy: 0.711800 Recall@3: 0.860276 time: 7352s
2021-05-20 08:14:31,049 DEBUG   Epoch 28 - avg_train_loss: 0.0320  avg_val_loss: 1.5135 F1: 0.618052  Accuracy: 0.711901 Recall@3: 0.860445 time: 6996s
2021-05-20 10:10:51,160 DEBUG   Epoch 29 - avg_train_loss: 0.0303  avg_val_loss: 1.5230 F1: 0.620924  Accuracy: 0.713624 Recall@3: 0.860749 time: 6980s
2021-05-20 10:10:51,162 DEBUG   Epoch 29 - Save Best Accuracy: 0.713624 Model
2021-05-20 12:06:49,851 DEBUG   Epoch 30 - avg_train_loss: 0.0275  avg_val_loss: 1.5211 F1: 0.624528  Accuracy: 0.715956 Recall@3: 0.862202 time: 6958s
2021-05-20 12:06:49,852 DEBUG   Epoch 30 - Save Best Accuracy: 0.715956 Model
2021-05-20 14:07:54,315 DEBUG   Epoch 31 - avg_train_loss: 0.0259  avg_val_loss: 1.5306 F1: 0.624690  Accuracy: 0.714773 Recall@3: 0.861492 time: 7264s
2021-05-20 16:12:34,709 DEBUG   Epoch 32 - avg_train_loss: 0.0242  avg_val_loss: 1.5230 F1: 0.626857  Accuracy: 0.716902 Recall@3: 0.863182 time: 7480s
2021-05-20 16:12:34,710 DEBUG   Epoch 32 - Save Best Accuracy: 0.716902 Model
2021-05-20 18:13:21,098 DEBUG   Epoch 33 - avg_train_loss: 0.0227  avg_val_loss: 1.5172 F1: 0.623524  Accuracy: 0.716733 Recall@3: 0.863689 time: 7246s
2021-05-20 20:09:22,601 DEBUG   Epoch 34 - avg_train_loss: 0.0213  avg_val_loss: 1.5216 F1: 0.622502  Accuracy: 0.715888 Recall@3: 0.864195 time: 6961s
2021-05-20 22:04:53,710 DEBUG   Epoch 35 - avg_train_loss: 0.0211  avg_val_loss: 1.5391 F1: 0.623747  Accuracy: 0.715855 Recall@3: 0.863013 time: 6931s
2021-05-21 00:00:34,952 DEBUG   Epoch 36 - avg_train_loss: 0.0198  avg_val_loss: 1.5366 F1: 0.624534  Accuracy: 0.716733 Recall@3: 0.864060 time: 6941s
2021-05-21 02:05:11,100 DEBUG   Epoch 37 - avg_train_loss: 0.0189  avg_val_loss: 1.5265 F1: 0.627006  Accuracy: 0.718423 Recall@3: 0.864770 time: 7476s
2021-05-21 02:05:11,101 DEBUG   Epoch 37 - Save Best Accuracy: 0.718423 Model
2021-05-21 04:12:21,472 DEBUG   Epoch 38 - avg_train_loss: 0.0183  avg_val_loss: 1.5267 F1: 0.626534  Accuracy: 0.716733 Recall@3: 0.864229 time: 7630s
2021-05-21 06:16:32,776 DEBUG   Epoch 39 - avg_train_loss: 0.0177  avg_val_loss: 1.5235 F1: 0.628226  Accuracy: 0.718524 Recall@3: 0.864195 time: 7451s
2021-05-21 06:16:32,778 DEBUG   Epoch 39 - Save Best Accuracy: 0.718524 Model
2021-05-21 08:15:23,727 DEBUG   Epoch 40 - avg_train_loss: 0.0171  avg_val_loss: 1.5333 F1: 0.627684  Accuracy: 0.718659 Recall@3: 0.865344 time: 7131s
2021-05-21 08:15:23,729 DEBUG   Epoch 40 - Save Best Accuracy: 0.718659 Model
2021-05-21 10:10:43,994 DEBUG   Epoch 41 - avg_train_loss: 0.0171  avg_val_loss: 1.5392 F1: 0.627922  Accuracy: 0.718389 Recall@3: 0.864466 time: 6920s
2021-05-21 12:05:45,054 DEBUG   Epoch 42 - avg_train_loss: 0.0160  avg_val_loss: 1.5380 F1: 0.627357  Accuracy: 0.717950 Recall@3: 0.864500 time: 6901s
2021-05-21 14:02:57,653 DEBUG   Epoch 43 - avg_train_loss: 0.0156  avg_val_loss: 1.5378 F1: 0.626152  Accuracy: 0.718051 Recall@3: 0.865311 time: 7033s
2021-05-21 16:06:25,484 DEBUG   Epoch 44 - avg_train_loss: 0.0150  avg_val_loss: 1.5333 F1: 0.628254  Accuracy: 0.718896 Recall@3: 0.865682 time: 7408s
2021-05-21 16:06:25,486 DEBUG   Epoch 44 - Save Best Accuracy: 0.718896 Model
2021-05-21 18:08:50,349 DEBUG   Epoch 45 - avg_train_loss: 0.0152  avg_val_loss: 1.5444 F1: 0.624629  Accuracy: 0.716902 Recall@3: 0.863689 time: 7345s
2021-05-21 20:04:01,199 DEBUG   Epoch 46 - avg_train_loss: 0.0144  avg_val_loss: 1.5413 F1: 0.625365  Accuracy: 0.719470 Recall@3: 0.864601 time: 6911s
2021-05-21 20:04:01,201 DEBUG   Epoch 46 - Save Best Accuracy: 0.719470 Model
2021-05-21 21:58:30,689 DEBUG   Epoch 47 - avg_train_loss: 0.0141  avg_val_loss: 1.5417 F1: 0.627297  Accuracy: 0.719774 Recall@3: 0.865040 time: 6869s
2021-05-21 21:58:30,690 DEBUG   Epoch 47 - Save Best Accuracy: 0.719774 Model
2021-05-21 23:52:55,888 DEBUG   Epoch 48 - avg_train_loss: 0.0139  avg_val_loss: 1.5484 F1: 0.628475  Accuracy: 0.719943 Recall@3: 0.865175 time: 6865s
2021-05-21 23:52:55,896 DEBUG   Epoch 48 - Save Best Accuracy: 0.719943 Model
2021-05-22 01:53:51,625 DEBUG   Epoch 49 - avg_train_loss: 0.0136  avg_val_loss: 1.5314 F1: 0.626834  Accuracy: 0.719200 Recall@3: 0.864635 time: 7255s
2021-05-22 03:59:32,492 DEBUG   Epoch 50 - avg_train_loss: 0.0135  avg_val_loss: 1.5468 F1: 0.628325  Accuracy: 0.719774 Recall@3: 0.864331 time: 7541s
2021-05-22 05:35:04,076 DEBUG   Epoch 51 - avg_train_loss: 0.0130  avg_val_loss: 1.5378 F1: 0.627997  Accuracy: 0.721227 Recall@3: 0.865209 time: 5732s
2021-05-22 05:35:04,077 DEBUG   Epoch 51 - Save Best Accuracy: 0.721227 Model
2021-05-22 07:08:56,371 DEBUG   Epoch 52 - avg_train_loss: 0.0131  avg_val_loss: 1.5372 F1: 0.629428  Accuracy: 0.719842 Recall@3: 0.864871 time: 5632s
2021-05-22 08:39:27,162 DEBUG   Epoch 53 - avg_train_loss: 0.0128  avg_val_loss: 1.5390 F1: 0.632288  Accuracy: 0.722309 Recall@3: 0.864804 time: 5431s
2021-05-22 08:39:27,163 DEBUG   Epoch 53 - Save Best Accuracy: 0.722309 Model
2021-05-22 10:08:37,318 DEBUG   Epoch 54 - avg_train_loss: 0.0123  avg_val_loss: 1.5440 F1: 0.630178  Accuracy: 0.721193 Recall@3: 0.864297 time: 5350s
2021-05-22 11:37:27,878 DEBUG   Epoch 55 - avg_train_loss: 0.0120  avg_val_loss: 1.5475 F1: 0.629407  Accuracy: 0.720045 Recall@3: 0.863587 time: 5331s
2021-05-22 13:04:54,863 DEBUG   Epoch 56 - avg_train_loss: 0.0123  avg_val_loss: 1.5512 F1: 0.627712  Accuracy: 0.719639 Recall@3: 0.864702 time: 5247s
2021-05-22 14:34:19,655 DEBUG   Epoch 57 - avg_train_loss: 0.0123  avg_val_loss: 1.5474 F1: 0.626653  Accuracy: 0.719369 Recall@3: 0.865040 time: 5365s
2021-05-22 16:07:02,352 DEBUG   Epoch 58 - avg_train_loss: 0.0120  avg_val_loss: 1.5418 F1: 0.628255  Accuracy: 0.719707 Recall@3: 0.864364 time: 5563s
2021-05-22 17:39:09,105 DEBUG   Epoch 59 - avg_train_loss: 0.0122  avg_val_loss: 1.5443 F1: 0.628864  Accuracy: 0.720180 Recall@3: 0.864601 time: 5527s
2021-05-22 19:10:14,327 DEBUG   Epoch 60 - avg_train_loss: 0.0116  avg_val_loss: 1.5448 F1: 0.630312  Accuracy: 0.721058 Recall@3: 0.865344 time: 5465s
2021-05-22 20:37:32,497 DEBUG   Epoch 61 - avg_train_loss: 0.0116  avg_val_loss: 1.5466 F1: 0.629023  Accuracy: 0.720720 Recall@3: 0.864297 time: 5238s
2021-05-22 22:04:40,365 DEBUG   Epoch 62 - avg_train_loss: 0.0116  avg_val_loss: 1.5512 F1: 0.630327  Accuracy: 0.720822 Recall@3: 0.865074 time: 5228s
2021-05-22 23:17:06,454 DEBUG   Epoch 63 - avg_train_loss: 0.0113  avg_val_loss: 1.5473 F1: 0.628798  Accuracy: 0.721261 Recall@3: 0.865817 time: 4346s
2021-05-23 00:12:24,787 DEBUG   Epoch 64 - avg_train_loss: 0.0114  avg_val_loss: 1.5458 F1: 0.628614  Accuracy: 0.720754 Recall@3: 0.865513 time: 3318s
2021-05-23 01:06:43,279 DEBUG   Epoch 65 - avg_train_loss: 0.0111  avg_val_loss: 1.5367 F1: 0.629274  Accuracy: 0.721633 Recall@3: 0.865953 time: 3258s
2021-05-23 02:01:05,640 DEBUG   Epoch 66 - avg_train_loss: 0.0111  avg_val_loss: 1.5494 F1: 0.630225  Accuracy: 0.721768 Recall@3: 0.864635 time: 3262s
2021-05-23 02:55:45,965 DEBUG   Epoch 67 - avg_train_loss: 0.0112  avg_val_loss: 1.5437 F1: 0.629373  Accuracy: 0.720720 Recall@3: 0.864635 time: 3280s
2021-05-23 03:51:07,343 DEBUG   Epoch 68 - avg_train_loss: 0.0110  avg_val_loss: 1.5436 F1: 0.629077  Accuracy: 0.720720 Recall@3: 0.865446 time: 3321s
2021-05-23 04:46:08,209 DEBUG   Epoch 69 - avg_train_loss: 0.0109  avg_val_loss: 1.5451 F1: 0.628764  Accuracy: 0.721396 Recall@3: 0.865615 time: 3301s
2021-05-23 05:40:37,562 DEBUG   Epoch 70 - avg_train_loss: 0.0108  avg_val_loss: 1.5444 F1: 0.629235  Accuracy: 0.721565 Recall@3: 0.865784 time: 3269s
2021-05-23 06:34:56,003 DEBUG   Epoch 71 - avg_train_loss: 0.0106  avg_val_loss: 1.5573 F1: 0.629903  Accuracy: 0.721261 Recall@3: 0.865986 time: 3258s
2021-05-23 07:28:57,366 DEBUG   Epoch 72 - avg_train_loss: 0.0108  avg_val_loss: 1.5479 F1: 0.629330  Accuracy: 0.721126 Recall@3: 0.865175 time: 3241s
2021-05-23 08:22:45,414 DEBUG   Epoch 73 - avg_train_loss: 0.0107  avg_val_loss: 1.5497 F1: 0.631569  Accuracy: 0.720822 Recall@3: 0.864804 time: 3228s
2021-05-23 09:17:57,401 DEBUG   Epoch 74 - avg_train_loss: 0.0105  avg_val_loss: 1.5524 F1: 0.631233  Accuracy: 0.721836 Recall@3: 0.865378 time: 3312s
2021-05-23 10:13:19,246 DEBUG   Epoch 75 - avg_train_loss: 0.0106  avg_val_loss: 1.5451 F1: 0.630534  Accuracy: 0.722173 Recall@3: 0.866561 time: 3322s
2021-05-23 11:08:38,206 DEBUG   Epoch 76 - avg_train_loss: 0.0105  avg_val_loss: 1.5524 F1: 0.629951  Accuracy: 0.722815 Recall@3: 0.866088 time: 3319s
2021-05-23 11:08:38,207 DEBUG   Epoch 76 - Save Best Accuracy: 0.722815 Model
2021-05-23 12:03:58,679 DEBUG   Epoch 77 - avg_train_loss: 0.0104  avg_val_loss: 1.5486 F1: 0.628363  Accuracy: 0.720788 Recall@3: 0.865142 time: 3320s
2021-05-23 12:59:10,259 DEBUG   Epoch 78 - avg_train_loss: 0.0102  avg_val_loss: 1.5523 F1: 0.628497  Accuracy: 0.720349 Recall@3: 0.865716 time: 3312s
2021-05-23 13:54:14,474 DEBUG   Epoch 79 - avg_train_loss: 0.0103  avg_val_loss: 1.5468 F1: 0.629457  Accuracy: 0.720078 Recall@3: 0.865479 time: 3304s
2021-05-23 14:48:11,339 DEBUG   Epoch 80 - avg_train_loss: 0.0102  avg_val_loss: 1.5506 F1: 0.627220  Accuracy: 0.720383 Recall@3: 0.865378 time: 3237s
2021-05-23 15:42:17,260 DEBUG   Epoch 81 - avg_train_loss: 0.0102  avg_val_loss: 1.5474 F1: 0.631506  Accuracy: 0.721430 Recall@3: 0.866020 time: 3246s
2021-05-23 16:36:36,119 DEBUG   Epoch 82 - avg_train_loss: 0.0102  avg_val_loss: 1.5563 F1: 0.628223  Accuracy: 0.720450 Recall@3: 0.865615 time: 3259s
2021-05-23 17:30:49,301 DEBUG   Epoch 83 - avg_train_loss: 0.0100  avg_val_loss: 1.5551 F1: 0.629434  Accuracy: 0.720991 Recall@3: 0.865682 time: 3253s
2021-05-23 18:44:24,033 DEBUG   Epoch 84 - avg_train_loss: 0.0101  avg_val_loss: 1.5510 F1: 0.628643  Accuracy: 0.721498 Recall@3: 0.866122 time: 4415s
2021-05-23 19:57:47,534 DEBUG   Epoch 85 - avg_train_loss: 0.0101  avg_val_loss: 1.5584 F1: 0.630136  Accuracy: 0.721734 Recall@3: 0.865547 time: 4404s
2021-05-23 20:55:55,445 DEBUG   Epoch 86 - avg_train_loss: 0.0101  avg_val_loss: 1.5485 F1: 0.629082  Accuracy: 0.720822 Recall@3: 0.865784 time: 3488s
2021-05-23 21:54:26,494 DEBUG   Epoch 87 - avg_train_loss: 0.0102  avg_val_loss: 1.5540 F1: 0.631785  Accuracy: 0.722342 Recall@3: 0.865209 time: 3511s
2021-05-23 22:52:46,425 DEBUG   Epoch 88 - avg_train_loss: 0.0099  avg_val_loss: 1.5591 F1: 0.629641  Accuracy: 0.720450 Recall@3: 0.865344 time: 3500s
2021-05-23 23:50:24,019 DEBUG   Epoch 89 - avg_train_loss: 0.0100  avg_val_loss: 1.5487 F1: 0.631375  Accuracy: 0.722511 Recall@3: 0.866392 time: 3458s
2021-05-24 00:54:04,918 DEBUG   Epoch 90 - avg_train_loss: 0.0102  avg_val_loss: 1.5619 F1: 0.628334  Accuracy: 0.720822 Recall@3: 0.865412 time: 3821s
2021-05-24 01:56:57,884 DEBUG   Epoch 91 - avg_train_loss: 0.0100  avg_val_loss: 1.5609 F1: 0.630232  Accuracy: 0.721498 Recall@3: 0.865682 time: 3773s
2021-05-24 02:59:42,241 DEBUG   Epoch 92 - avg_train_loss: 0.0099  avg_val_loss: 1.5594 F1: 0.629948  Accuracy: 0.721396 Recall@3: 0.865581 time: 3764s
2021-05-24 04:03:42,742 DEBUG   Epoch 93 - avg_train_loss: 0.0101  avg_val_loss: 1.5563 F1: 0.630725  Accuracy: 0.720754 Recall@3: 0.865175 time: 3840s
2021-05-24 05:08:32,965 DEBUG   Epoch 94 - avg_train_loss: 0.0098  avg_val_loss: 1.5536 F1: 0.630138  Accuracy: 0.721295 Recall@3: 0.866189 time: 3890s
2021-05-24 06:12:02,488 DEBUG   Epoch 95 - avg_train_loss: 0.0099  avg_val_loss: 1.5519 F1: 0.630199  Accuracy: 0.721971 Recall@3: 0.866426 time: 3810s
2021-05-24 07:15:03,776 DEBUG   Epoch 96 - avg_train_loss: 0.0098  avg_val_loss: 1.5465 F1: 0.628631  Accuracy: 0.721633 Recall@3: 0.867000 time: 3781s
2021-05-24 08:17:45,263 DEBUG   Epoch 97 - avg_train_loss: 0.0099  avg_val_loss: 1.5585 F1: 0.631203  Accuracy: 0.722106 Recall@3: 0.864669 time: 3761s
2021-05-24 09:21:32,713 DEBUG   Epoch 98 - avg_train_loss: 0.0098  avg_val_loss: 1.5509 F1: 0.630845  Accuracy: 0.722376 Recall@3: 0.865479 time: 3827s
2021-05-24 10:25:39,230 DEBUG   Epoch 99 - avg_train_loss: 0.0097  avg_val_loss: 1.5505 F1: 0.630301  Accuracy: 0.722072 Recall@3: 0.866122 time: 3847s
2021-05-24 11:29:42,409 DEBUG   Epoch 100 - avg_train_loss: 0.0100  avg_val_loss: 1.5567 F1: 0.630355  Accuracy: 0.721025 Recall@3: 0.865817 time: 3843s
2021-05-24 11:29:42,412 INFO [Train model] done in 563175 s.
