2021-05-15 11:15:18,489 INFO [Train model] start
2021-05-15 12:47:12,157 DEBUG   Epoch 1 - avg_train_loss: 3.8094  avg_val_loss: 2.9186 F1: 0.187226  Accuracy: 0.366155 Recall@3: 0.551733 time: 5512s
2021-05-15 12:47:12,158 DEBUG   Epoch 1 - Save Best Accuracy: 0.366155 Model
2021-05-15 12:47:12,200 DEBUG   Epoch 1 - Save Best Loss: 2.9186 Model
2021-05-15 14:26:36,860 DEBUG   Epoch 2 - avg_train_loss: 2.6156  avg_val_loss: 2.4139 F1: 0.281232  Accuracy: 0.447861 Recall@3: 0.643475 time: 5965s
2021-05-15 14:26:36,861 DEBUG   Epoch 2 - Save Best Accuracy: 0.447861 Model
2021-05-15 14:26:36,933 DEBUG   Epoch 2 - Save Best Loss: 2.4139 Model
2021-05-15 16:06:07,029 DEBUG   Epoch 3 - avg_train_loss: 2.2357  avg_val_loss: 2.1717 F1: 0.340971  Accuracy: 0.490572 Recall@3: 0.685984 time: 5970s
2021-05-15 16:06:07,031 DEBUG   Epoch 3 - Save Best Accuracy: 0.490572 Model
2021-05-15 16:06:07,093 DEBUG   Epoch 3 - Save Best Loss: 2.1717 Model
2021-05-15 17:45:18,446 DEBUG   Epoch 4 - avg_train_loss: 2.0033  avg_val_loss: 2.0238 F1: 0.380842  Accuracy: 0.521288 Recall@3: 0.715415 time: 5951s
2021-05-15 17:45:18,449 DEBUG   Epoch 4 - Save Best Accuracy: 0.521288 Model
2021-05-15 17:45:18,505 DEBUG   Epoch 4 - Save Best Loss: 2.0238 Model
2021-05-15 19:24:32,391 DEBUG   Epoch 5 - avg_train_loss: 1.8399  avg_val_loss: 1.8988 F1: 0.411540  Accuracy: 0.546057 Recall@3: 0.735149 time: 5954s
2021-05-15 19:24:32,392 DEBUG   Epoch 5 - Save Best Accuracy: 0.546057 Model
2021-05-15 19:24:32,448 DEBUG   Epoch 5 - Save Best Loss: 1.8988 Model
2021-05-15 21:03:32,166 DEBUG   Epoch 6 - avg_train_loss: 1.7104  avg_val_loss: 1.8596 F1: 0.430925  Accuracy: 0.553524 Recall@3: 0.742414 time: 5940s
2021-05-15 21:03:32,167 DEBUG   Epoch 6 - Save Best Accuracy: 0.553524 Model
2021-05-15 21:03:32,219 DEBUG   Epoch 6 - Save Best Loss: 1.8596 Model
2021-05-15 22:41:52,700 DEBUG   Epoch 7 - avg_train_loss: 1.6076  avg_val_loss: 1.7569 F1: 0.453869  Accuracy: 0.576975 Recall@3: 0.761742 time: 5900s
2021-05-15 22:41:52,701 DEBUG   Epoch 7 - Save Best Accuracy: 0.576975 Model
2021-05-15 22:41:52,779 DEBUG   Epoch 7 - Save Best Loss: 1.7569 Model
2021-05-16 00:23:50,902 DEBUG   Epoch 8 - avg_train_loss: 1.5209  avg_val_loss: 1.6860 F1: 0.470906  Accuracy: 0.590255 Recall@3: 0.770900 time: 6118s
2021-05-16 00:23:50,903 DEBUG   Epoch 8 - Save Best Accuracy: 0.590255 Model
2021-05-16 00:23:50,946 DEBUG   Epoch 8 - Save Best Loss: 1.6860 Model
2021-05-16 02:03:38,828 DEBUG   Epoch 9 - avg_train_loss: 1.4461  avg_val_loss: 1.6584 F1: 0.485479  Accuracy: 0.603737 Recall@3: 0.781206 time: 5988s
2021-05-16 02:03:38,829 DEBUG   Epoch 9 - Save Best Accuracy: 0.603737 Model
2021-05-16 02:03:38,910 DEBUG   Epoch 9 - Save Best Loss: 1.6584 Model
2021-05-16 03:40:59,255 DEBUG   Epoch 10 - avg_train_loss: 1.3770  avg_val_loss: 1.6086 F1: 0.491446  Accuracy: 0.607015 Recall@3: 0.788200 time: 5840s
2021-05-16 03:40:59,256 DEBUG   Epoch 10 - Save Best Accuracy: 0.607015 Model
2021-05-16 03:40:59,312 DEBUG   Epoch 10 - Save Best Loss: 1.6086 Model
2021-05-16 05:18:27,106 DEBUG   Epoch 11 - avg_train_loss: 1.3177  avg_val_loss: 1.5938 F1: 0.492337  Accuracy: 0.611273 Recall@3: 0.791208 time: 5848s
2021-05-16 05:18:27,108 DEBUG   Epoch 11 - Save Best Accuracy: 0.611273 Model
2021-05-16 05:18:27,180 DEBUG   Epoch 11 - Save Best Loss: 1.5938 Model
2021-05-16 06:55:33,324 DEBUG   Epoch 12 - avg_train_loss: 1.2643  avg_val_loss: 1.5877 F1: 0.505816  Accuracy: 0.615969 Recall@3: 0.794046 time: 5826s
2021-05-16 06:55:33,326 DEBUG   Epoch 12 - Save Best Accuracy: 0.615969 Model
2021-05-16 06:55:33,393 DEBUG   Epoch 12 - Save Best Loss: 1.5877 Model
2021-05-16 08:32:15,974 DEBUG   Epoch 13 - avg_train_loss: 1.2148  avg_val_loss: 1.5208 F1: 0.520515  Accuracy: 0.630702 Recall@3: 0.804825 time: 5803s
2021-05-16 08:32:15,975 DEBUG   Epoch 13 - Save Best Accuracy: 0.630702 Model
2021-05-16 08:32:16,042 DEBUG   Epoch 13 - Save Best Loss: 1.5208 Model
2021-05-16 10:09:07,199 DEBUG   Epoch 14 - avg_train_loss: 1.1648  avg_val_loss: 1.5194 F1: 0.521848  Accuracy: 0.634892 Recall@3: 0.803981 time: 5811s
2021-05-16 10:09:07,200 DEBUG   Epoch 14 - Save Best Accuracy: 0.634892 Model
2021-05-16 10:09:07,257 DEBUG   Epoch 14 - Save Best Loss: 1.5194 Model
2021-05-16 11:45:40,281 DEBUG   Epoch 15 - avg_train_loss: 1.1261  avg_val_loss: 1.5016 F1: 0.526197  Accuracy: 0.636886 Recall@3: 0.808238 time: 5793s
2021-05-16 11:45:40,282 DEBUG   Epoch 15 - Save Best Accuracy: 0.636886 Model
2021-05-16 11:45:40,379 DEBUG   Epoch 15 - Save Best Loss: 1.5016 Model
2021-05-16 13:23:53,011 DEBUG   Epoch 16 - avg_train_loss: 1.0864  avg_val_loss: 1.4911 F1: 0.529708  Accuracy: 0.636176 Recall@3: 0.810401 time: 5893s
2021-05-16 13:23:53,012 DEBUG   Epoch 16 - Save Best Loss: 1.4911 Model
2021-05-16 15:07:08,471 DEBUG   Epoch 17 - avg_train_loss: 1.0488  avg_val_loss: 1.4864 F1: 0.536928  Accuracy: 0.640028 Recall@3: 0.812056 time: 6195s
2021-05-16 15:07:08,472 DEBUG   Epoch 17 - Save Best Accuracy: 0.640028 Model
2021-05-16 15:07:08,522 DEBUG   Epoch 17 - Save Best Loss: 1.4864 Model
2021-05-16 16:43:46,972 DEBUG   Epoch 18 - avg_train_loss: 1.0109  avg_val_loss: 1.4562 F1: 0.541713  Accuracy: 0.646922 Recall@3: 0.816010 time: 5798s
2021-05-16 16:43:46,973 DEBUG   Epoch 18 - Save Best Accuracy: 0.646922 Model
2021-05-16 16:43:47,026 DEBUG   Epoch 18 - Save Best Loss: 1.4562 Model
2021-05-16 18:17:25,864 DEBUG   Epoch 19 - avg_train_loss: 0.9774  avg_val_loss: 1.4883 F1: 0.539127  Accuracy: 0.641684 Recall@3: 0.814050 time: 5619s
2021-05-16 19:50:09,488 DEBUG   Epoch 20 - avg_train_loss: 0.9495  avg_val_loss: 1.4577 F1: 0.543410  Accuracy: 0.646989 Recall@3: 0.817294 time: 5564s
2021-05-16 19:50:09,488 DEBUG   Epoch 20 - Save Best Accuracy: 0.646989 Model
2021-05-16 21:23:08,425 DEBUG   Epoch 21 - avg_train_loss: 0.8794  avg_val_loss: 1.4330 F1: 0.558657  Accuracy: 0.657329 Recall@3: 0.822836 time: 5579s
2021-05-16 21:23:08,426 DEBUG   Epoch 21 - Save Best Accuracy: 0.657329 Model
2021-05-16 21:23:08,516 DEBUG   Epoch 21 - Save Best Loss: 1.4330 Model
2021-05-16 22:55:49,489 DEBUG   Epoch 22 - avg_train_loss: 0.8481  avg_val_loss: 1.4252 F1: 0.555405  Accuracy: 0.656687 Recall@3: 0.826485 time: 5561s
2021-05-16 22:55:49,490 DEBUG   Epoch 22 - Save Best Loss: 1.4252 Model
2021-05-17 00:35:14,364 DEBUG   Epoch 23 - avg_train_loss: 0.8260  avg_val_loss: 1.4262 F1: 0.558650  Accuracy: 0.658208 Recall@3: 0.826147 time: 5965s
2021-05-17 00:35:14,365 DEBUG   Epoch 23 - Save Best Accuracy: 0.658208 Model
2021-05-17 02:14:40,821 DEBUG   Epoch 24 - avg_train_loss: 0.7996  avg_val_loss: 1.4344 F1: 0.564940  Accuracy: 0.662499 Recall@3: 0.828039 time: 5966s
2021-05-17 02:14:40,822 DEBUG   Epoch 24 - Save Best Accuracy: 0.662499 Model
2021-05-17 03:50:42,004 DEBUG   Epoch 25 - avg_train_loss: 0.7383  avg_val_loss: 1.3856 F1: 0.573279  Accuracy: 0.671352 Recall@3: 0.834020 time: 5761s
2021-05-17 03:50:42,005 DEBUG   Epoch 25 - Save Best Accuracy: 0.671352 Model
2021-05-17 03:50:42,053 DEBUG   Epoch 25 - Save Best Loss: 1.3856 Model
2021-05-17 05:22:45,462 DEBUG   Epoch 26 - avg_train_loss: 0.7182  avg_val_loss: 1.4310 F1: 0.562204  Accuracy: 0.663817 Recall@3: 0.827803 time: 5523s
2021-05-17 06:54:46,865 DEBUG   Epoch 27 - avg_train_loss: 0.6998  avg_val_loss: 1.4148 F1: 0.572575  Accuracy: 0.668750 Recall@3: 0.833040 time: 5521s
2021-05-17 08:26:53,117 DEBUG   Epoch 28 - avg_train_loss: 0.6479  avg_val_loss: 1.3990 F1: 0.578961  Accuracy: 0.673447 Recall@3: 0.836352 time: 5526s
2021-05-17 08:26:53,119 DEBUG   Epoch 28 - Save Best Accuracy: 0.673447 Model
2021-05-17 09:58:22,429 DEBUG   Epoch 29 - avg_train_loss: 0.6285  avg_val_loss: 1.4027 F1: 0.581989  Accuracy: 0.674934 Recall@3: 0.834426 time: 5489s
2021-05-17 09:58:22,429 DEBUG   Epoch 29 - Save Best Accuracy: 0.674934 Model
2021-05-17 11:29:29,853 DEBUG   Epoch 30 - avg_train_loss: 0.5866  avg_val_loss: 1.3992 F1: 0.585065  Accuracy: 0.680307 Recall@3: 0.837839 time: 5467s
2021-05-17 11:29:29,854 DEBUG   Epoch 30 - Save Best Accuracy: 0.680307 Model
2021-05-17 13:03:26,777 DEBUG   Epoch 31 - avg_train_loss: 0.5700  avg_val_loss: 1.3975 F1: 0.587673  Accuracy: 0.679057 Recall@3: 0.838447 time: 5637s
2021-05-17 14:40:12,777 DEBUG   Epoch 32 - avg_train_loss: 0.5288  avg_val_loss: 1.3896 F1: 0.589703  Accuracy: 0.680138 Recall@3: 0.840204 time: 5806s
2021-05-17 16:14:48,663 DEBUG   Epoch 33 - avg_train_loss: 0.5121  avg_val_loss: 1.4039 F1: 0.585118  Accuracy: 0.679530 Recall@3: 0.839900 time: 5676s
2021-05-17 17:49:23,049 DEBUG   Epoch 34 - avg_train_loss: 0.4790  avg_val_loss: 1.3976 F1: 0.588482  Accuracy: 0.683889 Recall@3: 0.840643 time: 5674s
2021-05-17 17:49:23,050 DEBUG   Epoch 34 - Save Best Accuracy: 0.683889 Model
2021-05-17 19:22:44,080 DEBUG   Epoch 35 - avg_train_loss: 0.4635  avg_val_loss: 1.3924 F1: 0.596156  Accuracy: 0.687504 Recall@3: 0.843211 time: 5601s
2021-05-17 19:22:44,081 DEBUG   Epoch 35 - Save Best Accuracy: 0.687504 Model
2021-05-17 20:53:58,908 DEBUG   Epoch 36 - avg_train_loss: 0.4340  avg_val_loss: 1.3890 F1: 0.591764  Accuracy: 0.685984 Recall@3: 0.846084 time: 5475s
2021-05-17 22:24:55,838 DEBUG   Epoch 37 - avg_train_loss: 0.4229  avg_val_loss: 1.3997 F1: 0.593269  Accuracy: 0.686592 Recall@3: 0.844462 time: 5457s
2021-05-18 00:20:40,665 DEBUG   Epoch 38 - avg_train_loss: 0.3946  avg_val_loss: 1.3987 F1: 0.599341  Accuracy: 0.688450 Recall@3: 0.846624 time: 6945s
2021-05-18 00:20:40,665 DEBUG   Epoch 38 - Save Best Accuracy: 0.688450 Model
2021-05-18 02:35:36,797 DEBUG   Epoch 39 - avg_train_loss: 0.3835  avg_val_loss: 1.4076 F1: 0.593338  Accuracy: 0.686930 Recall@3: 0.845678 time: 8096s
2021-05-18 04:45:08,244 DEBUG   Epoch 40 - avg_train_loss: 0.3627  avg_val_loss: 1.4159 F1: 0.598392  Accuracy: 0.690241 Recall@3: 0.844664 time: 7771s
2021-05-18 04:45:08,246 DEBUG   Epoch 40 - Save Best Accuracy: 0.690241 Model
2021-05-18 06:46:33,978 DEBUG   Epoch 41 - avg_train_loss: 0.3531  avg_val_loss: 1.4098 F1: 0.600152  Accuracy: 0.689363 Recall@3: 0.843718 time: 7286s
2021-05-18 08:46:35,588 DEBUG   Epoch 42 - avg_train_loss: 0.3334  avg_val_loss: 1.4069 F1: 0.601619  Accuracy: 0.693316 Recall@3: 0.846354 time: 7202s
2021-05-18 08:46:35,589 DEBUG   Epoch 42 - Save Best Accuracy: 0.693316 Model
2021-05-18 10:47:35,756 DEBUG   Epoch 43 - avg_train_loss: 0.3227  avg_val_loss: 1.4183 F1: 0.598534  Accuracy: 0.691998 Recall@3: 0.845847 time: 7260s
2021-05-18 12:49:39,180 DEBUG   Epoch 44 - avg_train_loss: 0.3055  avg_val_loss: 1.4103 F1: 0.600829  Accuracy: 0.693181 Recall@3: 0.847233 time: 7323s
2021-05-18 14:58:53,496 DEBUG   Epoch 45 - avg_train_loss: 0.3005  avg_val_loss: 1.4218 F1: 0.600255  Accuracy: 0.691998 Recall@3: 0.845982 time: 7754s
2021-05-18 17:02:45,673 DEBUG   Epoch 46 - avg_train_loss: 0.2843  avg_val_loss: 1.4180 F1: 0.606968  Accuracy: 0.695749 Recall@3: 0.846050 time: 7432s
2021-05-18 17:02:45,678 DEBUG   Epoch 46 - Save Best Accuracy: 0.695749 Model
2021-05-18 19:02:47,584 DEBUG   Epoch 47 - avg_train_loss: 0.2768  avg_val_loss: 1.4324 F1: 0.602619  Accuracy: 0.693451 Recall@3: 0.846523 time: 7202s
2021-05-18 21:02:16,310 DEBUG   Epoch 48 - avg_train_loss: 0.2652  avg_val_loss: 1.4326 F1: 0.600029  Accuracy: 0.693418 Recall@3: 0.845611 time: 7169s
2021-05-18 23:01:21,896 DEBUG   Epoch 49 - avg_train_loss: 0.2593  avg_val_loss: 1.4426 F1: 0.599967  Accuracy: 0.693384 Recall@3: 0.847165 time: 7146s
2021-05-19 01:07:39,427 DEBUG   Epoch 50 - avg_train_loss: 0.2499  avg_val_loss: 1.4274 F1: 0.603964  Accuracy: 0.694600 Recall@3: 0.847976 time: 7578s
2021-05-19 03:18:56,866 DEBUG   Epoch 51 - avg_train_loss: 0.2433  avg_val_loss: 1.4445 F1: 0.602930  Accuracy: 0.694026 Recall@3: 0.847199 time: 7877s
2021-05-19 05:26:09,364 DEBUG   Epoch 52 - avg_train_loss: 0.2331  avg_val_loss: 1.4422 F1: 0.605965  Accuracy: 0.695986 Recall@3: 0.846861 time: 7632s
2021-05-19 05:26:09,365 DEBUG   Epoch 52 - Save Best Accuracy: 0.695986 Model
2021-05-19 07:24:54,928 DEBUG   Epoch 53 - avg_train_loss: 0.2285  avg_val_loss: 1.4394 F1: 0.604519  Accuracy: 0.695513 Recall@3: 0.847875 time: 7125s
2021-05-19 09:22:50,251 DEBUG   Epoch 54 - avg_train_loss: 0.2203  avg_val_loss: 1.4523 F1: 0.604396  Accuracy: 0.695884 Recall@3: 0.846016 time: 7075s
2021-05-19 11:21:08,794 DEBUG   Epoch 55 - avg_train_loss: 0.2146  avg_val_loss: 1.4530 F1: 0.604363  Accuracy: 0.697101 Recall@3: 0.848111 time: 7099s
2021-05-19 11:21:08,795 DEBUG   Epoch 55 - Save Best Accuracy: 0.697101 Model
2021-05-19 13:22:13,227 DEBUG   Epoch 56 - avg_train_loss: 0.2088  avg_val_loss: 1.4435 F1: 0.606363  Accuracy: 0.698081 Recall@3: 0.849801 time: 7264s
2021-05-19 13:22:13,229 DEBUG   Epoch 56 - Save Best Accuracy: 0.698081 Model
2021-05-19 15:29:01,195 DEBUG   Epoch 57 - avg_train_loss: 0.2047  avg_val_loss: 1.4599 F1: 0.603362  Accuracy: 0.696222 Recall@3: 0.847841 time: 7608s
2021-05-19 17:31:40,823 DEBUG   Epoch 58 - avg_train_loss: 0.1975  avg_val_loss: 1.4524 F1: 0.602839  Accuracy: 0.695344 Recall@3: 0.850037 time: 7360s
2021-05-19 19:29:12,210 DEBUG   Epoch 59 - avg_train_loss: 0.1963  avg_val_loss: 1.4576 F1: 0.603183  Accuracy: 0.695715 Recall@3: 0.849395 time: 7051s
2021-05-19 21:26:41,492 DEBUG   Epoch 60 - avg_train_loss: 0.1915  avg_val_loss: 1.4561 F1: 0.606302  Accuracy: 0.696526 Recall@3: 0.848990 time: 7049s
2021-05-19 23:24:19,113 DEBUG   Epoch 61 - avg_train_loss: 0.1873  avg_val_loss: 1.4640 F1: 0.603896  Accuracy: 0.696087 Recall@3: 0.849530 time: 7058s
2021-05-20 01:29:18,878 DEBUG   Epoch 62 - avg_train_loss: 0.1811  avg_val_loss: 1.4633 F1: 0.603788  Accuracy: 0.695986 Recall@3: 0.849868 time: 7500s
2021-05-20 03:37:27,360 DEBUG   Epoch 63 - avg_train_loss: 0.1788  avg_val_loss: 1.4630 F1: 0.607559  Accuracy: 0.696324 Recall@3: 0.848449 time: 7688s
2021-05-20 05:42:38,407 DEBUG   Epoch 64 - avg_train_loss: 0.1760  avg_val_loss: 1.4737 F1: 0.608405  Accuracy: 0.698520 Recall@3: 0.849801 time: 7511s
2021-05-20 05:42:38,408 DEBUG   Epoch 64 - Save Best Accuracy: 0.698520 Model
2021-05-20 07:40:24,110 DEBUG   Epoch 65 - avg_train_loss: 0.1732  avg_val_loss: 1.4734 F1: 0.608295  Accuracy: 0.697168 Recall@3: 0.849767 time: 7066s
2021-05-20 09:37:37,189 DEBUG   Epoch 66 - avg_train_loss: 0.1697  avg_val_loss: 1.4782 F1: 0.606618  Accuracy: 0.697202 Recall@3: 0.848821 time: 7033s
2021-05-20 11:34:29,737 DEBUG   Epoch 67 - avg_train_loss: 0.1680  avg_val_loss: 1.4759 F1: 0.606618  Accuracy: 0.697777 Recall@3: 0.849294 time: 7013s
2021-05-20 13:33:20,119 DEBUG   Epoch 68 - avg_train_loss: 0.1628  avg_val_loss: 1.4779 F1: 0.607439  Accuracy: 0.697472 Recall@3: 0.849868 time: 7130s
2021-05-20 15:39:14,757 DEBUG   Epoch 69 - avg_train_loss: 0.1616  avg_val_loss: 1.4879 F1: 0.604680  Accuracy: 0.697439 Recall@3: 0.849328 time: 7555s
2021-05-20 17:42:46,957 DEBUG   Epoch 70 - avg_train_loss: 0.1600  avg_val_loss: 1.4813 F1: 0.604369  Accuracy: 0.698013 Recall@3: 0.850375 time: 7412s
2021-05-20 19:38:49,570 DEBUG   Epoch 71 - avg_train_loss: 0.1567  avg_val_loss: 1.4806 F1: 0.606992  Accuracy: 0.696999 Recall@3: 0.850443 time: 6963s
2021-05-20 21:35:10,291 DEBUG   Epoch 72 - avg_train_loss: 0.1553  avg_val_loss: 1.4847 F1: 0.608312  Accuracy: 0.697810 Recall@3: 0.849091 time: 6981s
2021-05-20 23:31:15,732 DEBUG   Epoch 73 - avg_train_loss: 0.1538  avg_val_loss: 1.4882 F1: 0.607403  Accuracy: 0.697472 Recall@3: 0.849463 time: 6965s
2021-05-21 01:33:57,627 DEBUG   Epoch 74 - avg_train_loss: 0.1501  avg_val_loss: 1.4906 F1: 0.607066  Accuracy: 0.697472 Recall@3: 0.850037 time: 7362s
2021-05-21 03:41:27,932 DEBUG   Epoch 75 - avg_train_loss: 0.1501  avg_val_loss: 1.4883 F1: 0.607596  Accuracy: 0.697912 Recall@3: 0.849902 time: 7650s
2021-05-21 05:46:54,985 DEBUG   Epoch 76 - avg_train_loss: 0.1490  avg_val_loss: 1.4957 F1: 0.606372  Accuracy: 0.697878 Recall@3: 0.849733 time: 7527s
2021-05-21 07:47:44,244 DEBUG   Epoch 77 - avg_train_loss: 0.1468  avg_val_loss: 1.4946 F1: 0.607018  Accuracy: 0.698148 Recall@3: 0.848956 time: 7249s
2021-05-21 09:43:57,274 DEBUG   Epoch 78 - avg_train_loss: 0.1463  avg_val_loss: 1.4939 F1: 0.607023  Accuracy: 0.697506 Recall@3: 0.849159 time: 6973s
2021-05-21 11:39:27,226 DEBUG   Epoch 79 - avg_train_loss: 0.1439  avg_val_loss: 1.4914 F1: 0.608337  Accuracy: 0.698486 Recall@3: 0.848584 time: 6930s
2021-05-21 13:35:44,869 DEBUG   Epoch 80 - avg_train_loss: 0.1443  avg_val_loss: 1.5009 F1: 0.605868  Accuracy: 0.696932 Recall@3: 0.848990 time: 6978s
2021-05-21 15:39:26,977 DEBUG   Epoch 81 - avg_train_loss: 0.1412  avg_val_loss: 1.4903 F1: 0.606885  Accuracy: 0.697540 Recall@3: 0.851152 time: 7422s
2021-05-21 17:42:59,763 DEBUG   Epoch 82 - avg_train_loss: 0.1419  avg_val_loss: 1.4938 F1: 0.607781  Accuracy: 0.698419 Recall@3: 0.849632 time: 7413s
2021-05-21 19:39:00,483 DEBUG   Epoch 83 - avg_train_loss: 0.1394  avg_val_loss: 1.5016 F1: 0.609849  Accuracy: 0.698216 Recall@3: 0.849665 time: 6961s
2021-05-21 21:34:05,400 DEBUG   Epoch 84 - avg_train_loss: 0.1389  avg_val_loss: 1.4920 F1: 0.607335  Accuracy: 0.698114 Recall@3: 0.849665 time: 6905s
2021-05-21 23:29:24,412 DEBUG   Epoch 85 - avg_train_loss: 0.1384  avg_val_loss: 1.4973 F1: 0.607972  Accuracy: 0.698385 Recall@3: 0.850240 time: 6919s
2021-05-22 01:28:50,424 DEBUG   Epoch 86 - avg_train_loss: 0.1375  avg_val_loss: 1.4991 F1: 0.606310  Accuracy: 0.697472 Recall@3: 0.850139 time: 7166s
2021-05-22 03:33:39,983 DEBUG   Epoch 87 - avg_train_loss: 0.1373  avg_val_loss: 1.5049 F1: 0.606106  Accuracy: 0.698216 Recall@3: 0.850003 time: 7490s
2021-05-22 05:11:13,830 DEBUG   Epoch 88 - avg_train_loss: 0.1350  avg_val_loss: 1.4993 F1: 0.607824  Accuracy: 0.697405 Recall@3: 0.849834 time: 5854s
2021-05-22 06:44:04,989 DEBUG   Epoch 89 - avg_train_loss: 0.1343  avg_val_loss: 1.4930 F1: 0.609253  Accuracy: 0.699399 Recall@3: 0.850274 time: 5571s
2021-05-22 06:44:04,990 DEBUG   Epoch 89 - Save Best Accuracy: 0.699399 Model
2021-05-22 08:14:27,017 DEBUG   Epoch 90 - avg_train_loss: 0.1350  avg_val_loss: 1.4939 F1: 0.607381  Accuracy: 0.698047 Recall@3: 0.849530 time: 5422s
2021-05-22 09:41:38,117 DEBUG   Epoch 91 - avg_train_loss: 0.1327  avg_val_loss: 1.5001 F1: 0.606958  Accuracy: 0.696459 Recall@3: 0.849159 time: 5231s
2021-05-22 11:08:40,131 DEBUG   Epoch 92 - avg_train_loss: 0.1329  avg_val_loss: 1.4957 F1: 0.605660  Accuracy: 0.698148 Recall@3: 0.849936 time: 5222s
2021-05-22 12:35:12,318 DEBUG   Epoch 93 - avg_train_loss: 0.1321  avg_val_loss: 1.5052 F1: 0.607642  Accuracy: 0.697709 Recall@3: 0.848787 time: 5192s
2021-05-22 14:02:29,353 DEBUG   Epoch 94 - avg_train_loss: 0.1313  avg_val_loss: 1.4997 F1: 0.608962  Accuracy: 0.698925 Recall@3: 0.849395 time: 5237s
2021-05-22 15:33:31,316 DEBUG   Epoch 95 - avg_train_loss: 0.1305  avg_val_loss: 1.5017 F1: 0.604961  Accuracy: 0.698216 Recall@3: 0.849497 time: 5462s
2021-05-22 17:05:02,107 DEBUG   Epoch 96 - avg_train_loss: 0.1302  avg_val_loss: 1.4996 F1: 0.608345  Accuracy: 0.699703 Recall@3: 0.849902 time: 5491s
2021-05-22 17:05:02,108 DEBUG   Epoch 96 - Save Best Accuracy: 0.699703 Model
2021-05-22 18:36:00,685 DEBUG   Epoch 97 - avg_train_loss: 0.1287  avg_val_loss: 1.4999 F1: 0.607105  Accuracy: 0.697472 Recall@3: 0.849463 time: 5459s
2021-05-22 20:03:32,448 DEBUG   Epoch 98 - avg_train_loss: 0.1298  avg_val_loss: 1.5034 F1: 0.608122  Accuracy: 0.697540 Recall@3: 0.850037 time: 5252s
2021-05-22 21:29:53,921 DEBUG   Epoch 99 - avg_train_loss: 0.1299  avg_val_loss: 1.5059 F1: 0.607974  Accuracy: 0.698723 Recall@3: 0.850139 time: 5181s
2021-05-22 22:56:19,273 DEBUG   Epoch 100 - avg_train_loss: 0.1279  avg_val_loss: 1.5056 F1: 0.605528  Accuracy: 0.697709 Recall@3: 0.850105 time: 5185s
2021-05-22 22:56:19,275 INFO [Train model] done in 646861 s.
