2021-05-27 09:55:25,615 INFO [Train model] start
2021-05-27 11:04:11,246 DEBUG   Epoch 1 - avg_train_loss: 3.6565  avg_val_loss: 2.8627 F1: 0.196641  Accuracy: 0.366223 Recall@3: 0.560789 time: 4123s
2021-05-27 11:04:11,249 DEBUG   Epoch 1 - Save Best Accuracy: 0.366223 Model
2021-05-27 11:04:11,415 DEBUG   Epoch 1 - Save Best Loss: 2.8627 Model
2021-05-27 12:07:34,371 DEBUG   Epoch 2 - avg_train_loss: 2.4181  avg_val_loss: 2.3214 F1: 0.302675  Accuracy: 0.462019 Recall@3: 0.658748 time: 3803s
2021-05-27 12:07:34,373 DEBUG   Epoch 2 - Save Best Accuracy: 0.462019 Model
2021-05-27 12:07:34,633 DEBUG   Epoch 2 - Save Best Loss: 2.3214 Model
2021-05-27 13:12:46,582 DEBUG   Epoch 3 - avg_train_loss: 2.0150  avg_val_loss: 2.1112 F1: 0.362251  Accuracy: 0.500439 Recall@3: 0.696695 time: 3912s
2021-05-27 13:12:46,585 DEBUG   Epoch 3 - Save Best Accuracy: 0.500439 Model
2021-05-27 13:12:46,864 DEBUG   Epoch 3 - Save Best Loss: 2.1112 Model
2021-05-27 14:18:05,813 DEBUG   Epoch 4 - avg_train_loss: 1.7662  avg_val_loss: 1.9748 F1: 0.388886  Accuracy: 0.529026 Recall@3: 0.721700 time: 3919s
2021-05-27 14:18:05,815 DEBUG   Epoch 4 - Save Best Accuracy: 0.529026 Model
2021-05-27 14:18:06,119 DEBUG   Epoch 4 - Save Best Loss: 1.9748 Model
2021-05-27 15:23:47,219 DEBUG   Epoch 5 - avg_train_loss: 1.5885  avg_val_loss: 1.7763 F1: 0.440424  Accuracy: 0.569237 Recall@3: 0.756741 time: 3941s
2021-05-27 15:23:47,222 DEBUG   Epoch 5 - Save Best Accuracy: 0.569237 Model
2021-05-27 15:23:48,769 DEBUG   Epoch 5 - Save Best Loss: 1.7763 Model
2021-05-27 16:29:44,928 DEBUG   Epoch 6 - avg_train_loss: 1.4520  avg_val_loss: 1.8160 F1: 0.442890  Accuracy: 0.563493 Recall@3: 0.750693 time: 3955s
2021-05-27 17:35:30,588 DEBUG   Epoch 7 - avg_train_loss: 1.3365  avg_val_loss: 1.6850 F1: 0.475646  Accuracy: 0.593330 Recall@3: 0.777218 time: 3946s
2021-05-27 17:35:30,590 DEBUG   Epoch 7 - Save Best Accuracy: 0.593330 Model
2021-05-27 17:35:30,869 DEBUG   Epoch 7 - Save Best Loss: 1.6850 Model
2021-05-27 18:41:26,705 DEBUG   Epoch 8 - avg_train_loss: 1.2369  avg_val_loss: 1.6824 F1: 0.479283  Accuracy: 0.597114 Recall@3: 0.777151 time: 3956s
2021-05-27 18:41:26,714 DEBUG   Epoch 8 - Save Best Accuracy: 0.597114 Model
2021-05-27 18:41:27,020 DEBUG   Epoch 8 - Save Best Loss: 1.6824 Model
2021-05-27 19:47:32,332 DEBUG   Epoch 9 - avg_train_loss: 1.1517  avg_val_loss: 1.6415 F1: 0.486143  Accuracy: 0.604548 Recall@3: 0.785767 time: 3965s
2021-05-27 19:47:32,343 DEBUG   Epoch 9 - Save Best Accuracy: 0.604548 Model
2021-05-27 19:47:32,576 DEBUG   Epoch 9 - Save Best Loss: 1.6415 Model
2021-05-27 20:50:56,982 DEBUG   Epoch 10 - avg_train_loss: 1.0739  avg_val_loss: 1.5896 F1: 0.504481  Accuracy: 0.615598 Recall@3: 0.796141 time: 3804s
2021-05-27 20:50:56,985 DEBUG   Epoch 10 - Save Best Accuracy: 0.615598 Model
2021-05-27 20:50:57,205 DEBUG   Epoch 10 - Save Best Loss: 1.5896 Model
2021-05-27 21:51:36,548 DEBUG   Epoch 11 - avg_train_loss: 1.0080  avg_val_loss: 1.6083 F1: 0.511629  Accuracy: 0.617591 Recall@3: 0.798304 time: 3639s
2021-05-27 21:51:36,549 DEBUG   Epoch 11 - Save Best Accuracy: 0.617591 Model
2021-05-27 22:52:14,644 DEBUG   Epoch 12 - avg_train_loss: 0.9415  avg_val_loss: 1.6740 F1: 0.490922  Accuracy: 0.604447 Recall@3: 0.786409 time: 3638s
2021-05-27 23:52:51,791 DEBUG   Epoch 13 - avg_train_loss: 0.8352  avg_val_loss: 1.5469 F1: 0.530679  Accuracy: 0.633135 Recall@3: 0.809860 time: 3637s
2021-05-27 23:52:51,792 DEBUG   Epoch 13 - Save Best Accuracy: 0.633135 Model
2021-05-27 23:52:53,245 DEBUG   Epoch 13 - Save Best Loss: 1.5469 Model
2021-05-28 00:53:40,933 DEBUG   Epoch 14 - avg_train_loss: 0.7822  avg_val_loss: 1.5210 F1: 0.529735  Accuracy: 0.635940 Recall@3: 0.811550 time: 3646s
2021-05-28 00:53:40,934 DEBUG   Epoch 14 - Save Best Accuracy: 0.635940 Model
2021-05-28 00:53:41,189 DEBUG   Epoch 14 - Save Best Loss: 1.5210 Model
2021-05-28 01:54:14,921 DEBUG   Epoch 15 - avg_train_loss: 0.7357  avg_val_loss: 1.5243 F1: 0.539604  Accuracy: 0.641312 Recall@3: 0.812327 time: 3633s
2021-05-28 01:54:14,922 DEBUG   Epoch 15 - Save Best Accuracy: 0.641312 Model
2021-05-28 02:54:55,325 DEBUG   Epoch 16 - avg_train_loss: 0.6920  avg_val_loss: 1.6026 F1: 0.531878  Accuracy: 0.630499 Recall@3: 0.806346 time: 3640s
2021-05-28 03:55:38,040 DEBUG   Epoch 17 - avg_train_loss: 0.6107  avg_val_loss: 1.5197 F1: 0.549470  Accuracy: 0.650774 Recall@3: 0.820301 time: 3643s
2021-05-28 03:55:38,045 DEBUG   Epoch 17 - Save Best Accuracy: 0.650774 Model
2021-05-28 03:55:38,317 DEBUG   Epoch 17 - Save Best Loss: 1.5197 Model
2021-05-28 04:56:14,679 DEBUG   Epoch 18 - avg_train_loss: 0.5683  avg_val_loss: 1.5482 F1: 0.549527  Accuracy: 0.650672 Recall@3: 0.818206 time: 3636s
2021-05-28 05:56:58,910 DEBUG   Epoch 19 - avg_train_loss: 0.5392  avg_val_loss: 1.5701 F1: 0.548509  Accuracy: 0.650402 Recall@3: 0.819186 time: 3644s
2021-05-28 06:57:34,352 DEBUG   Epoch 20 - avg_train_loss: 0.4663  avg_val_loss: 1.5399 F1: 0.556425  Accuracy: 0.657160 Recall@3: 0.827060 time: 3635s
2021-05-28 06:57:34,353 DEBUG   Epoch 20 - Save Best Accuracy: 0.657160 Model
2021-05-28 07:58:27,438 DEBUG   Epoch 21 - avg_train_loss: 0.4361  avg_val_loss: 1.5794 F1: 0.556005  Accuracy: 0.654694 Recall@3: 0.822498 time: 3653s
2021-05-28 08:59:02,981 DEBUG   Epoch 22 - avg_train_loss: 0.3769  avg_val_loss: 1.5700 F1: 0.562232  Accuracy: 0.661114 Recall@3: 0.827837 time: 3636s
2021-05-28 08:59:02,982 DEBUG   Epoch 22 - Save Best Accuracy: 0.661114 Model
2021-05-28 09:59:43,229 DEBUG   Epoch 23 - avg_train_loss: 0.3509  avg_val_loss: 1.5789 F1: 0.569985  Accuracy: 0.665135 Recall@3: 0.827330 time: 3640s
2021-05-28 09:59:43,234 DEBUG   Epoch 23 - Save Best Accuracy: 0.665135 Model
2021-05-28 11:01:27,486 DEBUG   Epoch 24 - avg_train_loss: 0.3030  avg_val_loss: 1.5860 F1: 0.566648  Accuracy: 0.666993 Recall@3: 0.829526 time: 3704s
2021-05-28 11:01:27,488 DEBUG   Epoch 24 - Save Best Accuracy: 0.666993 Model
2021-05-28 12:03:36,394 DEBUG   Epoch 25 - avg_train_loss: 0.2822  avg_val_loss: 1.5884 F1: 0.567707  Accuracy: 0.668548 Recall@3: 0.831317 time: 3729s
2021-05-28 12:03:36,395 DEBUG   Epoch 25 - Save Best Accuracy: 0.668548 Model
2021-05-28 13:02:57,907 DEBUG   Epoch 26 - avg_train_loss: 0.2420  avg_val_loss: 1.6002 F1: 0.570842  Accuracy: 0.668345 Recall@3: 0.834257 time: 3561s
2021-05-28 14:03:36,859 DEBUG   Epoch 27 - avg_train_loss: 0.2234  avg_val_loss: 1.6239 F1: 0.576525  Accuracy: 0.672974 Recall@3: 0.830844 time: 3639s
2021-05-28 14:03:36,860 DEBUG   Epoch 27 - Save Best Accuracy: 0.672974 Model
2021-05-28 15:04:15,242 DEBUG   Epoch 28 - avg_train_loss: 0.1955  avg_val_loss: 1.6227 F1: 0.576905  Accuracy: 0.672670 Recall@3: 0.831013 time: 3638s
2021-05-28 16:04:59,328 DEBUG   Epoch 29 - avg_train_loss: 0.1818  avg_val_loss: 1.6466 F1: 0.578435  Accuracy: 0.672569 Recall@3: 0.832432 time: 3644s
2021-05-28 17:05:34,540 DEBUG   Epoch 30 - avg_train_loss: 0.1569  avg_val_loss: 1.6395 F1: 0.584148  Accuracy: 0.677536 Recall@3: 0.837771 time: 3635s
2021-05-28 17:05:34,542 DEBUG   Epoch 30 - Save Best Accuracy: 0.677536 Model
2021-05-28 18:06:09,292 DEBUG   Epoch 31 - avg_train_loss: 0.1479  avg_val_loss: 1.6505 F1: 0.582795  Accuracy: 0.681084 Recall@3: 0.837568 time: 3634s
2021-05-28 18:06:09,293 DEBUG   Epoch 31 - Save Best Accuracy: 0.681084 Model
2021-05-28 19:06:53,522 DEBUG   Epoch 32 - avg_train_loss: 0.1302  avg_val_loss: 1.6562 F1: 0.586233  Accuracy: 0.680983 Recall@3: 0.837399 time: 3644s
2021-05-28 20:07:35,777 DEBUG   Epoch 33 - avg_train_loss: 0.1195  avg_val_loss: 1.6629 F1: 0.584099  Accuracy: 0.680847 Recall@3: 0.839190 time: 3642s
2021-05-28 21:08:20,290 DEBUG   Epoch 34 - avg_train_loss: 0.1068  avg_val_loss: 1.6647 F1: 0.587418  Accuracy: 0.683280 Recall@3: 0.838447 time: 3645s
2021-05-28 21:08:20,291 DEBUG   Epoch 34 - Save Best Accuracy: 0.683280 Model
2021-05-28 22:09:10,430 DEBUG   Epoch 35 - avg_train_loss: 0.1007  avg_val_loss: 1.6624 F1: 0.594477  Accuracy: 0.687031 Recall@3: 0.839089 time: 3650s
2021-05-28 22:09:10,431 DEBUG   Epoch 35 - Save Best Accuracy: 0.687031 Model
2021-05-28 23:09:49,899 DEBUG   Epoch 36 - avg_train_loss: 0.0917  avg_val_loss: 1.6697 F1: 0.585551  Accuracy: 0.684902 Recall@3: 0.841522 time: 3639s
2021-05-29 00:10:23,523 DEBUG   Epoch 37 - avg_train_loss: 0.0873  avg_val_loss: 1.6751 F1: 0.585638  Accuracy: 0.682300 Recall@3: 0.839157 time: 3634s
2021-05-29 01:11:02,905 DEBUG   Epoch 38 - avg_train_loss: 0.0787  avg_val_loss: 1.6818 F1: 0.591001  Accuracy: 0.687268 Recall@3: 0.842299 time: 3639s
2021-05-29 01:11:02,906 DEBUG   Epoch 38 - Save Best Accuracy: 0.687268 Model
2021-05-29 02:11:41,038 DEBUG   Epoch 39 - avg_train_loss: 0.0755  avg_val_loss: 1.7012 F1: 0.593847  Accuracy: 0.686288 Recall@3: 0.839697 time: 3638s
2021-05-29 03:12:20,832 DEBUG   Epoch 40 - avg_train_loss: 0.0701  avg_val_loss: 1.7011 F1: 0.592121  Accuracy: 0.687335 Recall@3: 0.841049 time: 3640s
2021-05-29 03:12:20,833 DEBUG   Epoch 40 - Save Best Accuracy: 0.687335 Model
2021-05-29 04:13:00,175 DEBUG   Epoch 41 - avg_train_loss: 0.0669  avg_val_loss: 1.6987 F1: 0.594571  Accuracy: 0.688079 Recall@3: 0.843076 time: 3639s
2021-05-29 04:13:00,177 DEBUG   Epoch 41 - Save Best Accuracy: 0.688079 Model
2021-05-29 05:13:44,542 DEBUG   Epoch 42 - avg_train_loss: 0.0620  avg_val_loss: 1.7094 F1: 0.591257  Accuracy: 0.687910 Recall@3: 0.842164 time: 3644s
2021-05-29 06:14:35,760 DEBUG   Epoch 43 - avg_train_loss: 0.0593  avg_val_loss: 1.6994 F1: 0.594675  Accuracy: 0.690275 Recall@3: 0.842198 time: 3651s
2021-05-29 06:14:35,761 DEBUG   Epoch 43 - Save Best Accuracy: 0.690275 Model
2021-05-29 07:15:16,306 DEBUG   Epoch 44 - avg_train_loss: 0.0557  avg_val_loss: 1.7084 F1: 0.594362  Accuracy: 0.690951 Recall@3: 0.843549 time: 3640s
2021-05-29 07:15:16,307 DEBUG   Epoch 44 - Save Best Accuracy: 0.690951 Model
2021-05-29 08:15:54,288 DEBUG   Epoch 45 - avg_train_loss: 0.0539  avg_val_loss: 1.7193 F1: 0.590714  Accuracy: 0.688619 Recall@3: 0.841623 time: 3638s
2021-05-29 09:16:39,353 DEBUG   Epoch 46 - avg_train_loss: 0.0510  avg_val_loss: 1.7036 F1: 0.595886  Accuracy: 0.693620 Recall@3: 0.843820 time: 3645s
2021-05-29 09:16:39,354 DEBUG   Epoch 46 - Save Best Accuracy: 0.693620 Model
2021-05-29 10:17:06,781 DEBUG   Epoch 47 - avg_train_loss: 0.0488  avg_val_loss: 1.7283 F1: 0.594770  Accuracy: 0.689836 Recall@3: 0.843448 time: 3627s
2021-05-29 11:13:55,806 DEBUG   Epoch 48 - avg_train_loss: 0.0475  avg_val_loss: 1.7172 F1: 0.595967  Accuracy: 0.691965 Recall@3: 0.843482 time: 3409s
2021-05-29 12:08:39,798 DEBUG   Epoch 49 - avg_train_loss: 0.0463  avg_val_loss: 1.7110 F1: 0.594700  Accuracy: 0.693688 Recall@3: 0.845374 time: 3284s
2021-05-29 12:08:39,800 DEBUG   Epoch 49 - Save Best Accuracy: 0.693688 Model
2021-05-29 13:01:27,886 DEBUG   Epoch 50 - avg_train_loss: 0.0441  avg_val_loss: 1.7246 F1: 0.595236  Accuracy: 0.691120 Recall@3: 0.844327 time: 3168s
2021-05-29 13:55:09,665 DEBUG   Epoch 51 - avg_train_loss: 0.0433  avg_val_loss: 1.7179 F1: 0.593405  Accuracy: 0.691492 Recall@3: 0.844969 time: 3222s
2021-05-29 14:48:55,998 DEBUG   Epoch 52 - avg_train_loss: 0.0422  avg_val_loss: 1.7259 F1: 0.595632  Accuracy: 0.693418 Recall@3: 0.844766 time: 3226s
2021-05-29 15:42:24,667 DEBUG   Epoch 53 - avg_train_loss: 0.0413  avg_val_loss: 1.7283 F1: 0.597522  Accuracy: 0.694871 Recall@3: 0.844664 time: 3209s
2021-05-29 15:42:24,668 DEBUG   Epoch 53 - Save Best Accuracy: 0.694871 Model
2021-05-29 16:36:07,505 DEBUG   Epoch 54 - avg_train_loss: 0.0396  avg_val_loss: 1.7308 F1: 0.595518  Accuracy: 0.693553 Recall@3: 0.846591 time: 3223s
2021-05-29 17:29:37,806 DEBUG   Epoch 55 - avg_train_loss: 0.0394  avg_val_loss: 1.7328 F1: 0.593090  Accuracy: 0.691897 Recall@3: 0.846151 time: 3210s
2021-05-29 18:23:06,066 DEBUG   Epoch 56 - avg_train_loss: 0.0378  avg_val_loss: 1.7308 F1: 0.595643  Accuracy: 0.693181 Recall@3: 0.845881 time: 3208s
2021-05-29 19:16:41,387 DEBUG   Epoch 57 - avg_train_loss: 0.0367  avg_val_loss: 1.7338 F1: 0.594312  Accuracy: 0.692201 Recall@3: 0.846185 time: 3215s
2021-05-29 20:10:15,109 DEBUG   Epoch 58 - avg_train_loss: 0.0358  avg_val_loss: 1.7273 F1: 0.595853  Accuracy: 0.693654 Recall@3: 0.847300 time: 3214s
2021-05-29 21:03:50,366 DEBUG   Epoch 59 - avg_train_loss: 0.0359  avg_val_loss: 1.7254 F1: 0.598661  Accuracy: 0.694499 Recall@3: 0.846489 time: 3215s
2021-05-29 21:57:25,132 DEBUG   Epoch 60 - avg_train_loss: 0.0353  avg_val_loss: 1.7402 F1: 0.594142  Accuracy: 0.693722 Recall@3: 0.846354 time: 3215s
2021-05-29 22:51:04,441 DEBUG   Epoch 61 - avg_train_loss: 0.0347  avg_val_loss: 1.7294 F1: 0.597987  Accuracy: 0.694938 Recall@3: 0.846658 time: 3219s
2021-05-29 22:51:04,442 DEBUG   Epoch 61 - Save Best Accuracy: 0.694938 Model
2021-05-29 23:44:29,416 DEBUG   Epoch 62 - avg_train_loss: 0.0333  avg_val_loss: 1.7327 F1: 0.596569  Accuracy: 0.694330 Recall@3: 0.847841 time: 3205s
2021-05-30 00:38:01,307 DEBUG   Epoch 63 - avg_train_loss: 0.0335  avg_val_loss: 1.7281 F1: 0.599437  Accuracy: 0.695006 Recall@3: 0.846962 time: 3212s
2021-05-30 00:38:01,308 DEBUG   Epoch 63 - Save Best Accuracy: 0.695006 Model
2021-05-30 01:31:34,944 DEBUG   Epoch 64 - avg_train_loss: 0.0324  avg_val_loss: 1.7316 F1: 0.598986  Accuracy: 0.694533 Recall@3: 0.846591 time: 3213s
2021-05-30 02:25:04,559 DEBUG   Epoch 65 - avg_train_loss: 0.0330  avg_val_loss: 1.7400 F1: 0.597431  Accuracy: 0.694837 Recall@3: 0.846489 time: 3210s
2021-05-30 03:18:41,183 DEBUG   Epoch 66 - avg_train_loss: 0.0321  avg_val_loss: 1.7464 F1: 0.598406  Accuracy: 0.695411 Recall@3: 0.845847 time: 3217s
2021-05-30 03:18:41,185 DEBUG   Epoch 66 - Save Best Accuracy: 0.695411 Model
2021-05-30 04:12:17,930 DEBUG   Epoch 67 - avg_train_loss: 0.0315  avg_val_loss: 1.7490 F1: 0.596350  Accuracy: 0.694026 Recall@3: 0.846455 time: 3217s
2021-05-30 05:05:53,812 DEBUG   Epoch 68 - avg_train_loss: 0.0312  avg_val_loss: 1.7463 F1: 0.596024  Accuracy: 0.694262 Recall@3: 0.846895 time: 3216s
2021-05-30 05:59:31,608 DEBUG   Epoch 69 - avg_train_loss: 0.0316  avg_val_loss: 1.7501 F1: 0.599807  Accuracy: 0.696222 Recall@3: 0.846557 time: 3218s
2021-05-30 05:59:31,610 DEBUG   Epoch 69 - Save Best Accuracy: 0.696222 Model
2021-05-30 06:53:01,853 DEBUG   Epoch 70 - avg_train_loss: 0.0310  avg_val_loss: 1.7410 F1: 0.598464  Accuracy: 0.696357 Recall@3: 0.847402 time: 3210s
2021-05-30 06:53:01,854 DEBUG   Epoch 70 - Save Best Accuracy: 0.696357 Model
2021-05-30 07:46:38,614 DEBUG   Epoch 71 - avg_train_loss: 0.0305  avg_val_loss: 1.7580 F1: 0.596563  Accuracy: 0.694769 Recall@3: 0.847097 time: 3216s
2021-05-30 08:40:10,583 DEBUG   Epoch 72 - avg_train_loss: 0.0295  avg_val_loss: 1.7512 F1: 0.598056  Accuracy: 0.695040 Recall@3: 0.846354 time: 3212s
2021-05-30 09:33:36,148 DEBUG   Epoch 73 - avg_train_loss: 0.0299  avg_val_loss: 1.7433 F1: 0.597173  Accuracy: 0.694668 Recall@3: 0.847165 time: 3206s
2021-05-30 10:26:48,672 DEBUG   Epoch 74 - avg_train_loss: 0.0294  avg_val_loss: 1.7475 F1: 0.598280  Accuracy: 0.695377 Recall@3: 0.847570 time: 3193s
2021-05-30 11:19:25,756 DEBUG   Epoch 75 - avg_train_loss: 0.0293  avg_val_loss: 1.7526 F1: 0.595439  Accuracy: 0.695648 Recall@3: 0.846422 time: 3157s
2021-05-30 12:13:56,098 DEBUG   Epoch 76 - avg_train_loss: 0.0287  avg_val_loss: 1.7449 F1: 0.600555  Accuracy: 0.697236 Recall@3: 0.846658 time: 3270s
2021-05-30 12:13:56,099 DEBUG   Epoch 76 - Save Best Accuracy: 0.697236 Model
2021-05-30 13:07:22,694 DEBUG   Epoch 77 - avg_train_loss: 0.0287  avg_val_loss: 1.7451 F1: 0.599480  Accuracy: 0.696290 Recall@3: 0.846962 time: 3206s
2021-05-30 13:59:39,157 DEBUG   Epoch 78 - avg_train_loss: 0.0284  avg_val_loss: 1.7422 F1: 0.597672  Accuracy: 0.695749 Recall@3: 0.846523 time: 3136s
2021-05-30 14:53:10,462 DEBUG   Epoch 79 - avg_train_loss: 0.0282  avg_val_loss: 1.7479 F1: 0.597296  Accuracy: 0.696560 Recall@3: 0.847030 time: 3211s
2021-05-30 15:46:48,585 DEBUG   Epoch 80 - avg_train_loss: 0.0280  avg_val_loss: 1.7440 F1: 0.600833  Accuracy: 0.696053 Recall@3: 0.846962 time: 3218s
2021-05-30 16:40:18,848 DEBUG   Epoch 81 - avg_train_loss: 0.0282  avg_val_loss: 1.7394 F1: 0.601035  Accuracy: 0.696188 Recall@3: 0.846523 time: 3210s
2021-05-30 17:33:36,494 DEBUG   Epoch 82 - avg_train_loss: 0.0274  avg_val_loss: 1.7588 F1: 0.599574  Accuracy: 0.696661 Recall@3: 0.846185 time: 3198s
2021-05-30 18:27:03,827 DEBUG   Epoch 83 - avg_train_loss: 0.0275  avg_val_loss: 1.7494 F1: 0.599387  Accuracy: 0.696459 Recall@3: 0.846286 time: 3207s
2021-05-30 19:20:33,030 DEBUG   Epoch 84 - avg_train_loss: 0.0279  avg_val_loss: 1.7500 F1: 0.600325  Accuracy: 0.697304 Recall@3: 0.846084 time: 3209s
2021-05-30 19:20:33,032 DEBUG   Epoch 84 - Save Best Accuracy: 0.697304 Model
2021-05-30 20:14:02,845 DEBUG   Epoch 85 - avg_train_loss: 0.0273  avg_val_loss: 1.7624 F1: 0.598921  Accuracy: 0.696087 Recall@3: 0.846117 time: 3210s
2021-05-30 21:07:32,403 DEBUG   Epoch 86 - avg_train_loss: 0.0269  avg_val_loss: 1.7491 F1: 0.600464  Accuracy: 0.697236 Recall@3: 0.845949 time: 3210s
2021-05-30 22:01:06,521 DEBUG   Epoch 87 - avg_train_loss: 0.0273  avg_val_loss: 1.7452 F1: 0.602048  Accuracy: 0.697810 Recall@3: 0.847570 time: 3214s
2021-05-30 22:01:06,522 DEBUG   Epoch 87 - Save Best Accuracy: 0.697810 Model
2021-05-30 22:54:29,357 DEBUG   Epoch 88 - avg_train_loss: 0.0275  avg_val_loss: 1.7441 F1: 0.600611  Accuracy: 0.696425 Recall@3: 0.846861 time: 3203s
2021-05-30 23:48:05,362 DEBUG   Epoch 89 - avg_train_loss: 0.0269  avg_val_loss: 1.7505 F1: 0.599875  Accuracy: 0.696560 Recall@3: 0.846928 time: 3216s
2021-05-31 00:41:31,772 DEBUG   Epoch 90 - avg_train_loss: 0.0272  avg_val_loss: 1.7475 F1: 0.599940  Accuracy: 0.697540 Recall@3: 0.846996 time: 3206s
2021-05-31 01:34:58,006 DEBUG   Epoch 91 - avg_train_loss: 0.0266  avg_val_loss: 1.7546 F1: 0.598481  Accuracy: 0.696459 Recall@3: 0.845982 time: 3206s
2021-05-31 02:28:24,979 DEBUG   Epoch 92 - avg_train_loss: 0.0267  avg_val_loss: 1.7580 F1: 0.599369  Accuracy: 0.695918 Recall@3: 0.846996 time: 3207s
2021-05-31 03:22:00,423 DEBUG   Epoch 93 - avg_train_loss: 0.0272  avg_val_loss: 1.7443 F1: 0.601084  Accuracy: 0.697810 Recall@3: 0.846962 time: 3215s
2021-05-31 04:15:34,389 DEBUG   Epoch 94 - avg_train_loss: 0.0262  avg_val_loss: 1.7571 F1: 0.597124  Accuracy: 0.695986 Recall@3: 0.847030 time: 3214s
2021-05-31 05:09:07,881 DEBUG   Epoch 95 - avg_train_loss: 0.0265  avg_val_loss: 1.7544 F1: 0.601660  Accuracy: 0.697168 Recall@3: 0.846219 time: 3213s
2021-05-31 06:02:43,958 DEBUG   Epoch 96 - avg_train_loss: 0.0267  avg_val_loss: 1.7460 F1: 0.601234  Accuracy: 0.697540 Recall@3: 0.846861 time: 3216s
2021-05-31 06:56:17,519 DEBUG   Epoch 97 - avg_train_loss: 0.0268  avg_val_loss: 1.7540 F1: 0.598328  Accuracy: 0.695884 Recall@3: 0.847739 time: 3214s
2021-05-31 07:49:47,457 DEBUG   Epoch 98 - avg_train_loss: 0.0262  avg_val_loss: 1.7602 F1: 0.598152  Accuracy: 0.696661 Recall@3: 0.847233 time: 3210s
2021-05-31 08:43:17,254 DEBUG   Epoch 99 - avg_train_loss: 0.0263  avg_val_loss: 1.7493 F1: 0.597829  Accuracy: 0.695682 Recall@3: 0.846084 time: 3210s
2021-05-31 09:36:44,071 DEBUG   Epoch 100 - avg_train_loss: 0.0262  avg_val_loss: 1.7524 F1: 0.600211  Accuracy: 0.698148 Recall@3: 0.847638 time: 3207s
2021-05-31 09:36:44,073 DEBUG   Epoch 100 - Save Best Accuracy: 0.698148 Model
2021-05-31 09:36:44,227 INFO [Train model] done in 344479 s.
