2021-05-14 23:05:25,826 INFO [Train model] start
2021-05-15 00:06:03,845 DEBUG   Epoch 1 - avg_train_loss: 3.8141  avg_val_loss: 2.8751 F1: 0.192707  Accuracy: 0.375650 Recall@3: 0.558593 time: 3636s
2021-05-15 00:06:03,846 DEBUG   Epoch 1 - Save Best Accuracy: 0.375650 Model
2021-05-15 00:06:03,926 DEBUG   Epoch 1 - Save Best Loss: 2.8751 Model
2021-05-15 01:03:31,159 DEBUG   Epoch 2 - avg_train_loss: 2.5683  avg_val_loss: 2.5625 F1: 0.263961  Accuracy: 0.422755 Recall@3: 0.617321 time: 3447s
2021-05-15 01:03:31,161 DEBUG   Epoch 2 - Save Best Accuracy: 0.422755 Model
2021-05-15 01:03:31,263 DEBUG   Epoch 2 - Save Best Loss: 2.5625 Model
2021-05-15 02:01:37,778 DEBUG   Epoch 3 - avg_train_loss: 2.1719  avg_val_loss: 2.2913 F1: 0.319698  Accuracy: 0.471954 Recall@3: 0.665709 time: 3486s
2021-05-15 02:01:37,780 DEBUG   Epoch 3 - Save Best Accuracy: 0.471954 Model
2021-05-15 02:01:37,877 DEBUG   Epoch 3 - Save Best Loss: 2.2913 Model
2021-05-15 02:59:41,226 DEBUG   Epoch 4 - avg_train_loss: 1.9243  avg_val_loss: 2.0893 F1: 0.367056  Accuracy: 0.509259 Recall@3: 0.701527 time: 3483s
2021-05-15 02:59:41,228 DEBUG   Epoch 4 - Save Best Accuracy: 0.509259 Model
2021-05-15 02:59:41,334 DEBUG   Epoch 4 - Save Best Loss: 2.0893 Model
2021-05-15 03:57:31,451 DEBUG   Epoch 5 - avg_train_loss: 1.7486  avg_val_loss: 2.0409 F1: 0.389287  Accuracy: 0.518889 Recall@3: 0.715077 time: 3470s
2021-05-15 03:57:31,453 DEBUG   Epoch 5 - Save Best Accuracy: 0.518889 Model
2021-05-15 03:57:31,598 DEBUG   Epoch 5 - Save Best Loss: 2.0409 Model
2021-05-15 04:55:36,299 DEBUG   Epoch 6 - avg_train_loss: 1.6095  avg_val_loss: 1.9538 F1: 0.414286  Accuracy: 0.540278 Recall@3: 0.730216 time: 3485s
2021-05-15 04:55:36,311 DEBUG   Epoch 6 - Save Best Accuracy: 0.540278 Model
2021-05-15 04:55:36,431 DEBUG   Epoch 6 - Save Best Loss: 1.9538 Model
2021-05-15 05:53:52,643 DEBUG   Epoch 7 - avg_train_loss: 1.4906  avg_val_loss: 1.9564 F1: 0.429254  Accuracy: 0.545381 Recall@3: 0.732142 time: 3496s
2021-05-15 05:53:52,644 DEBUG   Epoch 7 - Save Best Accuracy: 0.545381 Model
2021-05-15 06:52:04,676 DEBUG   Epoch 8 - avg_train_loss: 1.3946  avg_val_loss: 1.8267 F1: 0.453328  Accuracy: 0.567142 Recall@3: 0.754579 time: 3492s
2021-05-15 06:52:04,678 DEBUG   Epoch 8 - Save Best Accuracy: 0.567142 Model
2021-05-15 06:52:04,795 DEBUG   Epoch 8 - Save Best Loss: 1.8267 Model
2021-05-15 07:50:15,585 DEBUG   Epoch 9 - avg_train_loss: 1.3089  avg_val_loss: 1.7880 F1: 0.464817  Accuracy: 0.579408 Recall@3: 0.762959 time: 3491s
2021-05-15 07:50:15,594 DEBUG   Epoch 9 - Save Best Accuracy: 0.579408 Model
2021-05-15 07:50:15,711 DEBUG   Epoch 9 - Save Best Loss: 1.7880 Model
2021-05-15 08:48:21,482 DEBUG   Epoch 10 - avg_train_loss: 1.2322  avg_val_loss: 1.7673 F1: 0.473750  Accuracy: 0.584950 Recall@3: 0.767757 time: 3486s
2021-05-15 08:48:21,485 DEBUG   Epoch 10 - Save Best Accuracy: 0.584950 Model
2021-05-15 08:48:21,665 DEBUG   Epoch 10 - Save Best Loss: 1.7673 Model
2021-05-15 09:41:20,350 DEBUG   Epoch 11 - avg_train_loss: 1.1662  avg_val_loss: 1.7248 F1: 0.491819  Accuracy: 0.596709 Recall@3: 0.774110 time: 3179s
2021-05-15 09:41:20,351 DEBUG   Epoch 11 - Save Best Accuracy: 0.596709 Model
2021-05-15 09:41:20,445 DEBUG   Epoch 11 - Save Best Loss: 1.7248 Model
2021-05-15 10:33:48,286 DEBUG   Epoch 12 - avg_train_loss: 1.0987  avg_val_loss: 1.7722 F1: 0.479489  Accuracy: 0.587180 Recall@3: 0.767351 time: 3148s
2021-05-15 11:34:11,917 DEBUG   Epoch 13 - avg_train_loss: 1.0426  avg_val_loss: 1.7638 F1: 0.478487  Accuracy: 0.590863 Recall@3: 0.772420 time: 3624s
2021-05-15 13:08:30,675 DEBUG   Epoch 14 - avg_train_loss: 0.9390  avg_val_loss: 1.6734 F1: 0.510398  Accuracy: 0.611273 Recall@3: 0.789417 time: 5659s
2021-05-15 13:08:30,676 DEBUG   Epoch 14 - Save Best Accuracy: 0.611273 Model
2021-05-15 13:08:30,780 DEBUG   Epoch 14 - Save Best Loss: 1.6734 Model
2021-05-15 14:49:11,888 DEBUG   Epoch 15 - avg_train_loss: 0.8890  avg_val_loss: 1.6608 F1: 0.517613  Accuracy: 0.616206 Recall@3: 0.792390 time: 6041s
2021-05-15 14:49:11,891 DEBUG   Epoch 15 - Save Best Accuracy: 0.616206 Model
2021-05-15 14:49:12,045 DEBUG   Epoch 15 - Save Best Loss: 1.6608 Model
2021-05-15 16:29:32,439 DEBUG   Epoch 16 - avg_train_loss: 0.8442  avg_val_loss: 1.6529 F1: 0.514096  Accuracy: 0.616780 Recall@3: 0.794350 time: 6020s
2021-05-15 16:29:32,440 DEBUG   Epoch 16 - Save Best Accuracy: 0.616780 Model
2021-05-15 16:29:32,540 DEBUG   Epoch 16 - Save Best Loss: 1.6529 Model
2021-05-15 18:09:52,618 DEBUG   Epoch 17 - avg_train_loss: 0.8063  avg_val_loss: 1.6579 F1: 0.514285  Accuracy: 0.615767 Recall@3: 0.793539 time: 6020s
2021-05-15 19:49:46,546 DEBUG   Epoch 18 - avg_train_loss: 0.7638  avg_val_loss: 1.6515 F1: 0.522933  Accuracy: 0.621004 Recall@3: 0.798202 time: 5994s
2021-05-15 19:49:46,547 DEBUG   Epoch 18 - Save Best Accuracy: 0.621004 Model
2021-05-15 19:49:46,654 DEBUG   Epoch 18 - Save Best Loss: 1.6515 Model
2021-05-15 21:30:00,481 DEBUG   Epoch 19 - avg_train_loss: 0.7333  avg_val_loss: 1.7579 F1: 0.507969  Accuracy: 0.606643 Recall@3: 0.783740 time: 6014s
2021-05-15 23:09:33,176 DEBUG   Epoch 20 - avg_train_loss: 0.6983  avg_val_loss: 1.7160 F1: 0.520027  Accuracy: 0.616274 Recall@3: 0.792593 time: 5973s
2021-05-16 00:52:47,258 DEBUG   Epoch 21 - avg_train_loss: 0.6213  avg_val_loss: 1.6669 F1: 0.528979  Accuracy: 0.629655 Recall@3: 0.803001 time: 6194s
2021-05-16 00:52:47,259 DEBUG   Epoch 21 - Save Best Accuracy: 0.629655 Model
2021-05-16 02:31:41,602 DEBUG   Epoch 22 - avg_train_loss: 0.5852  avg_val_loss: 1.7048 F1: 0.531640  Accuracy: 0.629215 Recall@3: 0.802494 time: 5934s
2021-05-16 04:09:48,583 DEBUG   Epoch 23 - avg_train_loss: 0.5226  avg_val_loss: 1.6727 F1: 0.541977  Accuracy: 0.635838 Recall@3: 0.806447 time: 5887s
2021-05-16 04:09:48,584 DEBUG   Epoch 23 - Save Best Accuracy: 0.635838 Model
2021-05-16 05:47:31,251 DEBUG   Epoch 24 - avg_train_loss: 0.4911  avg_val_loss: 1.6856 F1: 0.539416  Accuracy: 0.638102 Recall@3: 0.809556 time: 5863s
2021-05-16 05:47:31,252 DEBUG   Epoch 24 - Save Best Accuracy: 0.638102 Model
2021-05-16 07:25:36,849 DEBUG   Epoch 25 - avg_train_loss: 0.4393  avg_val_loss: 1.6815 F1: 0.545511  Accuracy: 0.640062 Recall@3: 0.810266 time: 5885s
2021-05-16 07:25:36,852 DEBUG   Epoch 25 - Save Best Accuracy: 0.640062 Model
2021-05-16 09:03:13,256 DEBUG   Epoch 26 - avg_train_loss: 0.4148  avg_val_loss: 1.7168 F1: 0.539390  Accuracy: 0.635974 Recall@3: 0.807258 time: 5856s
2021-05-16 10:40:15,886 DEBUG   Epoch 27 - avg_train_loss: 0.3718  avg_val_loss: 1.6958 F1: 0.553167  Accuracy: 0.648037 Recall@3: 0.813138 time: 5823s
2021-05-16 10:40:15,887 DEBUG   Epoch 27 - Save Best Accuracy: 0.648037 Model
2021-05-16 12:17:42,607 DEBUG   Epoch 28 - avg_train_loss: 0.3464  avg_val_loss: 1.7149 F1: 0.556041  Accuracy: 0.647868 Recall@3: 0.812428 time: 5847s
2021-05-16 13:56:10,610 DEBUG   Epoch 29 - avg_train_loss: 0.3112  avg_val_loss: 1.7157 F1: 0.550772  Accuracy: 0.648713 Recall@3: 0.814962 time: 5908s
2021-05-16 13:56:10,611 DEBUG   Epoch 29 - Save Best Accuracy: 0.648713 Model
2021-05-16 15:39:39,927 DEBUG   Epoch 30 - avg_train_loss: 0.2917  avg_val_loss: 1.7218 F1: 0.555827  Accuracy: 0.649084 Recall@3: 0.814760 time: 6209s
2021-05-16 15:39:39,927 DEBUG   Epoch 30 - Save Best Accuracy: 0.649084 Model
2021-05-16 17:15:16,394 DEBUG   Epoch 31 - avg_train_loss: 0.2618  avg_val_loss: 1.7047 F1: 0.561793  Accuracy: 0.655640 Recall@3: 0.818679 time: 5736s
2021-05-16 17:15:16,395 DEBUG   Epoch 31 - Save Best Accuracy: 0.655640 Model
2021-05-16 18:49:09,578 DEBUG   Epoch 32 - avg_train_loss: 0.2487  avg_val_loss: 1.7451 F1: 0.559199  Accuracy: 0.651754 Recall@3: 0.814827 time: 5633s
2021-05-16 20:22:19,137 DEBUG   Epoch 33 - avg_train_loss: 0.2256  avg_val_loss: 1.7384 F1: 0.561568  Accuracy: 0.654829 Recall@3: 0.819964 time: 5590s
2021-05-16 21:55:14,926 DEBUG   Epoch 34 - avg_train_loss: 0.2099  avg_val_loss: 1.7409 F1: 0.561137  Accuracy: 0.653646 Recall@3: 0.818646 time: 5576s
2021-05-16 23:29:25,911 DEBUG   Epoch 35 - avg_train_loss: 0.1943  avg_val_loss: 1.7367 F1: 0.565571  Accuracy: 0.658039 Recall@3: 0.820538 time: 5651s
2021-05-16 23:29:25,912 DEBUG   Epoch 35 - Save Best Accuracy: 0.658039 Model
2021-05-17 01:11:34,972 DEBUG   Epoch 36 - avg_train_loss: 0.1839  avg_val_loss: 1.7532 F1: 0.562888  Accuracy: 0.655775 Recall@3: 0.820538 time: 6129s
2021-05-17 02:50:28,073 DEBUG   Epoch 37 - avg_train_loss: 0.1688  avg_val_loss: 1.7480 F1: 0.570478  Accuracy: 0.661148 Recall@3: 0.823951 time: 5933s
2021-05-17 02:50:28,074 DEBUG   Epoch 37 - Save Best Accuracy: 0.661148 Model
2021-05-17 04:24:58,687 DEBUG   Epoch 38 - avg_train_loss: 0.1608  avg_val_loss: 1.7687 F1: 0.563782  Accuracy: 0.657059 Recall@3: 0.822498 time: 5670s
2021-05-17 05:57:15,701 DEBUG   Epoch 39 - avg_train_loss: 0.1491  avg_val_loss: 1.7631 F1: 0.568873  Accuracy: 0.660776 Recall@3: 0.821721 time: 5537s
2021-05-17 07:29:17,881 DEBUG   Epoch 40 - avg_train_loss: 0.1434  avg_val_loss: 1.7618 F1: 0.574538  Accuracy: 0.662972 Recall@3: 0.821552 time: 5522s
2021-05-17 07:29:17,882 DEBUG   Epoch 40 - Save Best Accuracy: 0.662972 Model
2021-05-17 09:01:13,348 DEBUG   Epoch 41 - avg_train_loss: 0.1340  avg_val_loss: 1.7637 F1: 0.570052  Accuracy: 0.661384 Recall@3: 0.824018 time: 5515s
2021-05-17 10:33:02,605 DEBUG   Epoch 42 - avg_train_loss: 0.1268  avg_val_loss: 1.7861 F1: 0.567881  Accuracy: 0.661992 Recall@3: 0.822971 time: 5509s
2021-05-17 12:04:15,108 DEBUG   Epoch 43 - avg_train_loss: 0.1212  avg_val_loss: 1.7898 F1: 0.567542  Accuracy: 0.662161 Recall@3: 0.822396 time: 5473s
2021-05-17 13:40:57,566 DEBUG   Epoch 44 - avg_train_loss: 0.1168  avg_val_loss: 1.7882 F1: 0.568968  Accuracy: 0.662668 Recall@3: 0.823951 time: 5802s
2021-05-17 15:17:46,562 DEBUG   Epoch 45 - avg_train_loss: 0.1093  avg_val_loss: 1.7821 F1: 0.572309  Accuracy: 0.664256 Recall@3: 0.822802 time: 5809s
2021-05-17 15:17:46,563 DEBUG   Epoch 45 - Save Best Accuracy: 0.664256 Model
2021-05-17 16:53:01,776 DEBUG   Epoch 46 - avg_train_loss: 0.1060  avg_val_loss: 1.7957 F1: 0.568603  Accuracy: 0.662161 Recall@3: 0.823647 time: 5715s
2021-05-17 18:27:17,854 DEBUG   Epoch 47 - avg_train_loss: 0.1004  avg_val_loss: 1.7916 F1: 0.571931  Accuracy: 0.665540 Recall@3: 0.826282 time: 5656s
2021-05-17 18:27:17,855 DEBUG   Epoch 47 - Save Best Accuracy: 0.665540 Model
2021-05-17 20:00:01,913 DEBUG   Epoch 48 - avg_train_loss: 0.0978  avg_val_loss: 1.8027 F1: 0.572152  Accuracy: 0.665236 Recall@3: 0.823951 time: 5564s
2021-05-17 21:31:16,101 DEBUG   Epoch 49 - avg_train_loss: 0.0937  avg_val_loss: 1.7840 F1: 0.575971  Accuracy: 0.667500 Recall@3: 0.825471 time: 5474s
2021-05-17 21:31:16,102 DEBUG   Epoch 49 - Save Best Accuracy: 0.667500 Model
2021-05-17 23:02:11,771 DEBUG   Epoch 50 - avg_train_loss: 0.0912  avg_val_loss: 1.7895 F1: 0.573232  Accuracy: 0.665743 Recall@3: 0.825302 time: 5456s
2021-05-18 01:12:27,438 DEBUG   Epoch 51 - avg_train_loss: 0.0871  avg_val_loss: 1.7976 F1: 0.574506  Accuracy: 0.666250 Recall@3: 0.825843 time: 7816s
2021-05-18 03:24:25,068 DEBUG   Epoch 52 - avg_train_loss: 0.0861  avg_val_loss: 1.7839 F1: 0.578067  Accuracy: 0.669055 Recall@3: 0.826722 time: 7918s
2021-05-18 03:24:25,070 DEBUG   Epoch 52 - Save Best Accuracy: 0.669055 Model
2021-05-18 05:30:33,548 DEBUG   Epoch 53 - avg_train_loss: 0.0829  avg_val_loss: 1.8000 F1: 0.576514  Accuracy: 0.668649 Recall@3: 0.826924 time: 7568s
2021-05-18 07:30:45,063 DEBUG   Epoch 54 - avg_train_loss: 0.0817  avg_val_loss: 1.8108 F1: 0.576677  Accuracy: 0.668108 Recall@3: 0.825100 time: 7212s
2021-05-18 09:30:44,205 DEBUG   Epoch 55 - avg_train_loss: 0.0800  avg_val_loss: 1.7974 F1: 0.574646  Accuracy: 0.668244 Recall@3: 0.825640 time: 7199s
2021-05-18 11:29:56,756 DEBUG   Epoch 56 - avg_train_loss: 0.0782  avg_val_loss: 1.8062 F1: 0.575346  Accuracy: 0.668244 Recall@3: 0.825438 time: 7153s
2021-05-18 13:34:39,021 DEBUG   Epoch 57 - avg_train_loss: 0.0756  avg_val_loss: 1.8160 F1: 0.573026  Accuracy: 0.667399 Recall@3: 0.827600 time: 7482s
2021-05-18 15:43:05,982 DEBUG   Epoch 58 - avg_train_loss: 0.0746  avg_val_loss: 1.8143 F1: 0.574018  Accuracy: 0.667602 Recall@3: 0.825607 time: 7707s
2021-05-18 17:43:15,272 DEBUG   Epoch 59 - avg_train_loss: 0.0724  avg_val_loss: 1.8064 F1: 0.575420  Accuracy: 0.668886 Recall@3: 0.825471 time: 7209s
2021-05-18 19:42:48,599 DEBUG   Epoch 60 - avg_train_loss: 0.0706  avg_val_loss: 1.8083 F1: 0.574337  Accuracy: 0.669122 Recall@3: 0.826350 time: 7173s
2021-05-18 19:42:48,600 DEBUG   Epoch 60 - Save Best Accuracy: 0.669122 Model
2021-05-18 21:42:11,570 DEBUG   Epoch 61 - avg_train_loss: 0.0694  avg_val_loss: 1.8217 F1: 0.575065  Accuracy: 0.668379 Recall@3: 0.826113 time: 7163s
2021-05-18 23:41:29,872 DEBUG   Epoch 62 - avg_train_loss: 0.0684  avg_val_loss: 1.8148 F1: 0.577205  Accuracy: 0.670372 Recall@3: 0.826654 time: 7158s
2021-05-18 23:41:29,873 DEBUG   Epoch 62 - Save Best Accuracy: 0.670372 Model
2021-05-19 01:51:09,568 DEBUG   Epoch 63 - avg_train_loss: 0.0667  avg_val_loss: 1.7964 F1: 0.575920  Accuracy: 0.669595 Recall@3: 0.826350 time: 7780s
2021-05-19 04:00:04,056 DEBUG   Epoch 64 - avg_train_loss: 0.0673  avg_val_loss: 1.8190 F1: 0.575948  Accuracy: 0.669494 Recall@3: 0.827262 time: 7734s
2021-05-19 06:04:17,759 DEBUG   Epoch 65 - avg_train_loss: 0.0643  avg_val_loss: 1.8216 F1: 0.574424  Accuracy: 0.667568 Recall@3: 0.825742 time: 7454s
2021-05-19 08:02:28,766 DEBUG   Epoch 66 - avg_train_loss: 0.0648  avg_val_loss: 1.8148 F1: 0.574698  Accuracy: 0.668750 Recall@3: 0.826688 time: 7091s
2021-05-19 09:59:57,901 DEBUG   Epoch 67 - avg_train_loss: 0.0633  avg_val_loss: 1.8250 F1: 0.574499  Accuracy: 0.667568 Recall@3: 0.825809 time: 7049s
2021-05-19 11:57:42,934 DEBUG   Epoch 68 - avg_train_loss: 0.0631  avg_val_loss: 1.8188 F1: 0.575018  Accuracy: 0.669392 Recall@3: 0.827060 time: 7065s
2021-05-19 14:01:18,519 DEBUG   Epoch 69 - avg_train_loss: 0.0627  avg_val_loss: 1.8231 F1: 0.575226  Accuracy: 0.668987 Recall@3: 0.825742 time: 7416s
2021-05-19 16:08:03,921 DEBUG   Epoch 70 - avg_train_loss: 0.0606  avg_val_loss: 1.8217 F1: 0.575038  Accuracy: 0.668953 Recall@3: 0.826451 time: 7605s
2021-05-19 18:08:20,881 DEBUG   Epoch 71 - avg_train_loss: 0.0615  avg_val_loss: 1.8214 F1: 0.576976  Accuracy: 0.670170 Recall@3: 0.827026 time: 7217s
2021-05-19 20:05:53,535 DEBUG   Epoch 72 - avg_train_loss: 0.0600  avg_val_loss: 1.8232 F1: 0.575197  Accuracy: 0.669798 Recall@3: 0.826958 time: 7053s
2021-05-19 22:02:56,357 DEBUG   Epoch 73 - avg_train_loss: 0.0606  avg_val_loss: 1.8260 F1: 0.574492  Accuracy: 0.669561 Recall@3: 0.827026 time: 7023s
2021-05-20 00:00:13,014 DEBUG   Epoch 74 - avg_train_loss: 0.0591  avg_val_loss: 1.8195 F1: 0.573954  Accuracy: 0.668818 Recall@3: 0.826891 time: 7037s
2021-05-20 02:07:47,952 DEBUG   Epoch 75 - avg_train_loss: 0.0589  avg_val_loss: 1.8203 F1: 0.577679  Accuracy: 0.670778 Recall@3: 0.828715 time: 7655s
2021-05-20 02:07:47,953 DEBUG   Epoch 75 - Save Best Accuracy: 0.670778 Model
2021-05-20 04:15:23,339 DEBUG   Epoch 76 - avg_train_loss: 0.0573  avg_val_loss: 1.8298 F1: 0.575107  Accuracy: 0.668075 Recall@3: 0.827871 time: 7655s
2021-05-20 06:17:55,343 DEBUG   Epoch 77 - avg_train_loss: 0.0576  avg_val_loss: 1.8304 F1: 0.573289  Accuracy: 0.669257 Recall@3: 0.826316 time: 7352s
2021-05-20 08:14:30,630 DEBUG   Epoch 78 - avg_train_loss: 0.0571  avg_val_loss: 1.8233 F1: 0.574770  Accuracy: 0.669697 Recall@3: 0.827296 time: 6995s
2021-05-20 10:10:50,672 DEBUG   Epoch 79 - avg_train_loss: 0.0576  avg_val_loss: 1.8266 F1: 0.576147  Accuracy: 0.669494 Recall@3: 0.827769 time: 6980s
2021-05-20 12:06:49,592 DEBUG   Epoch 80 - avg_train_loss: 0.0577  avg_val_loss: 1.8364 F1: 0.574958  Accuracy: 0.669528 Recall@3: 0.826519 time: 6959s
2021-05-20 14:07:53,789 DEBUG   Epoch 81 - avg_train_loss: 0.0562  avg_val_loss: 1.8235 F1: 0.575896  Accuracy: 0.670744 Recall@3: 0.828175 time: 7264s
2021-05-20 16:12:34,343 DEBUG   Epoch 82 - avg_train_loss: 0.0567  avg_val_loss: 1.8334 F1: 0.575892  Accuracy: 0.670474 Recall@3: 0.826688 time: 7481s
2021-05-20 18:13:20,626 DEBUG   Epoch 83 - avg_train_loss: 0.0557  avg_val_loss: 1.8279 F1: 0.577215  Accuracy: 0.670237 Recall@3: 0.827262 time: 7246s
2021-05-20 20:09:22,304 DEBUG   Epoch 84 - avg_train_loss: 0.0558  avg_val_loss: 1.8346 F1: 0.575983  Accuracy: 0.669528 Recall@3: 0.827465 time: 6962s
2021-05-20 22:04:53,274 DEBUG   Epoch 85 - avg_train_loss: 0.0549  avg_val_loss: 1.8295 F1: 0.576227  Accuracy: 0.670102 Recall@3: 0.827600 time: 6931s
2021-05-21 00:00:34,690 DEBUG   Epoch 86 - avg_train_loss: 0.0557  avg_val_loss: 1.8297 F1: 0.575400  Accuracy: 0.670001 Recall@3: 0.826992 time: 6941s
2021-05-21 02:05:10,856 DEBUG   Epoch 87 - avg_train_loss: 0.0550  avg_val_loss: 1.8359 F1: 0.576880  Accuracy: 0.669764 Recall@3: 0.827296 time: 7476s
2021-05-21 04:12:20,935 DEBUG   Epoch 88 - avg_train_loss: 0.0545  avg_val_loss: 1.8305 F1: 0.576337  Accuracy: 0.670845 Recall@3: 0.827431 time: 7630s
2021-05-21 04:12:20,936 DEBUG   Epoch 88 - Save Best Accuracy: 0.670845 Model
2021-05-21 06:16:32,171 DEBUG   Epoch 89 - avg_train_loss: 0.0546  avg_val_loss: 1.8329 F1: 0.576322  Accuracy: 0.669359 Recall@3: 0.828039 time: 7451s
2021-05-21 08:15:23,590 DEBUG   Epoch 90 - avg_train_loss: 0.0542  avg_val_loss: 1.8367 F1: 0.574458  Accuracy: 0.669426 Recall@3: 0.826519 time: 7131s
2021-05-21 10:10:43,643 DEBUG   Epoch 91 - avg_train_loss: 0.0538  avg_val_loss: 1.8361 F1: 0.576575  Accuracy: 0.669561 Recall@3: 0.828580 time: 6920s
2021-05-21 12:05:44,802 DEBUG   Epoch 92 - avg_train_loss: 0.0536  avg_val_loss: 1.8234 F1: 0.577942  Accuracy: 0.671487 Recall@3: 0.826789 time: 6901s
2021-05-21 12:05:44,803 DEBUG   Epoch 92 - Save Best Accuracy: 0.671487 Model
2021-05-21 14:02:57,538 DEBUG   Epoch 93 - avg_train_loss: 0.0531  avg_val_loss: 1.8363 F1: 0.576459  Accuracy: 0.668953 Recall@3: 0.826485 time: 7033s
2021-05-21 16:06:25,195 DEBUG   Epoch 94 - avg_train_loss: 0.0534  avg_val_loss: 1.8377 F1: 0.576428  Accuracy: 0.668852 Recall@3: 0.826620 time: 7408s
2021-05-21 18:08:49,813 DEBUG   Epoch 95 - avg_train_loss: 0.0534  avg_val_loss: 1.8296 F1: 0.577263  Accuracy: 0.670271 Recall@3: 0.826282 time: 7345s
2021-05-21 20:04:01,093 DEBUG   Epoch 96 - avg_train_loss: 0.0531  avg_val_loss: 1.8364 F1: 0.575526  Accuracy: 0.668852 Recall@3: 0.827161 time: 6911s
2021-05-21 21:58:30,350 DEBUG   Epoch 97 - avg_train_loss: 0.0533  avg_val_loss: 1.8379 F1: 0.577061  Accuracy: 0.669798 Recall@3: 0.826722 time: 6869s
2021-05-21 23:52:55,771 DEBUG   Epoch 98 - avg_train_loss: 0.0531  avg_val_loss: 1.8279 F1: 0.576106  Accuracy: 0.670136 Recall@3: 0.826823 time: 6865s
2021-05-22 01:53:51,491 DEBUG   Epoch 99 - avg_train_loss: 0.0530  avg_val_loss: 1.8379 F1: 0.576889  Accuracy: 0.669359 Recall@3: 0.826046 time: 7256s
2021-05-22 03:59:32,172 DEBUG   Epoch 100 - avg_train_loss: 0.0533  avg_val_loss: 1.8328 F1: 0.580245  Accuracy: 0.671251 Recall@3: 0.826451 time: 7541s
2021-05-22 03:59:32,174 INFO [Train model] done in 622446 s.
