2021-05-23 23:15:30,965 INFO [Train model] start
2021-05-24 00:13:33,205 DEBUG   Epoch 1 - avg_train_loss: 0.9052  avg_val_loss: 2.6590 F1: 0.213060  Accuracy: 0.405015 Recall@3: 0.595763 time: 3480s
2021-05-24 00:13:33,206 DEBUG   Epoch 1 - Save Best Accuracy: 0.405015 Model
2021-05-24 00:13:33,399 DEBUG   Epoch 1 - Save Best Loss: 2.6590 Model
2021-05-24 01:11:25,872 DEBUG   Epoch 2 - avg_train_loss: 0.5947  avg_val_loss: 2.2156 F1: 0.314780  Accuracy: 0.482023 Recall@3: 0.679631 time: 3472s
2021-05-24 01:11:25,873 DEBUG   Epoch 2 - Save Best Accuracy: 0.482023 Model
2021-05-24 01:11:26,108 DEBUG   Epoch 2 - Save Best Loss: 2.2156 Model
2021-05-24 02:09:29,280 DEBUG   Epoch 3 - avg_train_loss: 0.4918  avg_val_loss: 1.9772 F1: 0.384254  Accuracy: 0.530648 Recall@3: 0.725384 time: 3483s
2021-05-24 02:09:29,282 DEBUG   Epoch 3 - Save Best Accuracy: 0.530648 Model
2021-05-24 02:09:29,576 DEBUG   Epoch 3 - Save Best Loss: 1.9772 Model
2021-05-24 03:07:21,561 DEBUG   Epoch 4 - avg_train_loss: 0.4288  avg_val_loss: 1.8265 F1: 0.423428  Accuracy: 0.561499 Recall@3: 0.751605 time: 3472s
2021-05-24 03:07:21,562 DEBUG   Epoch 4 - Save Best Accuracy: 0.561499 Model
2021-05-24 03:07:21,836 DEBUG   Epoch 4 - Save Best Loss: 1.8265 Model
2021-05-24 04:05:08,173 DEBUG   Epoch 5 - avg_train_loss: 0.3845  avg_val_loss: 1.6954 F1: 0.460210  Accuracy: 0.587484 Recall@3: 0.777151 time: 3466s
2021-05-24 04:05:08,175 DEBUG   Epoch 5 - Save Best Accuracy: 0.587484 Model
2021-05-24 04:05:08,439 DEBUG   Epoch 5 - Save Best Loss: 1.6954 Model
2021-05-24 05:02:37,142 DEBUG   Epoch 6 - avg_train_loss: 0.3509  avg_val_loss: 1.6351 F1: 0.483933  Accuracy: 0.602419 Recall@3: 0.786443 time: 3448s
2021-05-24 05:02:37,143 DEBUG   Epoch 6 - Save Best Accuracy: 0.602419 Model
2021-05-24 05:02:37,481 DEBUG   Epoch 6 - Save Best Loss: 1.6351 Model
2021-05-24 05:59:58,955 DEBUG   Epoch 7 - avg_train_loss: 0.3228  avg_val_loss: 1.5711 F1: 0.496806  Accuracy: 0.616037 Recall@3: 0.796445 time: 3441s
2021-05-24 05:59:58,956 DEBUG   Epoch 7 - Save Best Accuracy: 0.616037 Model
2021-05-24 05:59:59,260 DEBUG   Epoch 7 - Save Best Loss: 1.5711 Model
2021-05-24 06:57:17,138 DEBUG   Epoch 8 - avg_train_loss: 0.2974  avg_val_loss: 1.5144 F1: 0.516753  Accuracy: 0.629688 Recall@3: 0.813341 time: 3438s
2021-05-24 06:57:17,140 DEBUG   Epoch 8 - Save Best Accuracy: 0.629688 Model
2021-05-24 06:57:17,437 DEBUG   Epoch 8 - Save Best Loss: 1.5144 Model
2021-05-24 07:54:53,705 DEBUG   Epoch 9 - avg_train_loss: 0.2759  avg_val_loss: 1.4734 F1: 0.524990  Accuracy: 0.639961 Recall@3: 0.818004 time: 3456s
2021-05-24 07:54:53,707 DEBUG   Epoch 9 - Save Best Accuracy: 0.639961 Model
2021-05-24 07:54:54,009 DEBUG   Epoch 9 - Save Best Loss: 1.4734 Model
2021-05-24 08:52:21,276 DEBUG   Epoch 10 - avg_train_loss: 0.2546  avg_val_loss: 1.4777 F1: 0.533560  Accuracy: 0.644928 Recall@3: 0.820132 time: 3447s
2021-05-24 08:52:21,280 DEBUG   Epoch 10 - Save Best Accuracy: 0.644928 Model
2021-05-24 09:49:44,871 DEBUG   Epoch 11 - avg_train_loss: 0.2398  avg_val_loss: 1.4516 F1: 0.542316  Accuracy: 0.650402 Recall@3: 0.823038 time: 3443s
2021-05-24 09:49:44,872 DEBUG   Epoch 11 - Save Best Accuracy: 0.650402 Model
2021-05-24 09:49:45,137 DEBUG   Epoch 11 - Save Best Loss: 1.4516 Model
2021-05-24 10:46:49,626 DEBUG   Epoch 12 - avg_train_loss: 0.2226  avg_val_loss: 1.4412 F1: 0.548658  Accuracy: 0.651923 Recall@3: 0.820842 time: 3424s
2021-05-24 10:46:49,627 DEBUG   Epoch 12 - Save Best Accuracy: 0.651923 Model
2021-05-24 10:46:49,874 DEBUG   Epoch 12 - Save Best Loss: 1.4412 Model
2021-05-24 11:42:49,919 DEBUG   Epoch 13 - avg_train_loss: 0.2090  avg_val_loss: 1.3857 F1: 0.563918  Accuracy: 0.669122 Recall@3: 0.833412 time: 3360s
2021-05-24 11:42:49,920 DEBUG   Epoch 13 - Save Best Accuracy: 0.669122 Model
2021-05-24 11:42:50,112 DEBUG   Epoch 13 - Save Best Loss: 1.3857 Model
2021-05-24 12:37:44,743 DEBUG   Epoch 14 - avg_train_loss: 0.1950  avg_val_loss: 1.4171 F1: 0.562446  Accuracy: 0.665033 Recall@3: 0.833750 time: 3294s
2021-05-24 13:32:33,946 DEBUG   Epoch 15 - avg_train_loss: 0.1811  avg_val_loss: 1.3867 F1: 0.570661  Accuracy: 0.673414 Recall@3: 0.839190 time: 3289s
2021-05-24 13:32:33,947 DEBUG   Epoch 15 - Save Best Accuracy: 0.673414 Model
2021-05-24 14:27:25,384 DEBUG   Epoch 16 - avg_train_loss: 0.1589  avg_val_loss: 1.3484 F1: 0.585563  Accuracy: 0.681726 Recall@3: 0.846557 time: 3291s
2021-05-24 14:27:25,386 DEBUG   Epoch 16 - Save Best Accuracy: 0.681726 Model
2021-05-24 14:27:25,713 DEBUG   Epoch 16 - Save Best Loss: 1.3484 Model
2021-05-24 15:25:57,925 DEBUG   Epoch 17 - avg_train_loss: 0.1490  avg_val_loss: 1.3634 F1: 0.583832  Accuracy: 0.681895 Recall@3: 0.846253 time: 3512s
2021-05-24 15:25:57,931 DEBUG   Epoch 17 - Save Best Accuracy: 0.681895 Model
2021-05-24 16:25:09,441 DEBUG   Epoch 18 - avg_train_loss: 0.1378  avg_val_loss: 1.4003 F1: 0.588103  Accuracy: 0.683753 Recall@3: 0.844293 time: 3551s
2021-05-24 16:25:09,446 DEBUG   Epoch 18 - Save Best Accuracy: 0.683753 Model
2021-05-24 17:24:15,942 DEBUG   Epoch 19 - avg_train_loss: 0.1193  avg_val_loss: 1.3574 F1: 0.601473  Accuracy: 0.693654 Recall@3: 0.851287 time: 3546s
2021-05-24 17:24:15,946 DEBUG   Epoch 19 - Save Best Accuracy: 0.693654 Model
2021-05-24 18:23:35,234 DEBUG   Epoch 20 - avg_train_loss: 0.1100  avg_val_loss: 1.3570 F1: 0.604528  Accuracy: 0.696053 Recall@3: 0.851423 time: 3559s
2021-05-24 18:23:35,235 DEBUG   Epoch 20 - Save Best Accuracy: 0.696053 Model
2021-05-24 19:22:55,423 DEBUG   Epoch 21 - avg_train_loss: 0.0960  avg_val_loss: 1.3602 F1: 0.609028  Accuracy: 0.700818 Recall@3: 0.852538 time: 3560s
2021-05-24 19:22:55,425 DEBUG   Epoch 21 - Save Best Accuracy: 0.700818 Model
2021-05-24 20:22:16,196 DEBUG   Epoch 22 - avg_train_loss: 0.0880  avg_val_loss: 1.3970 F1: 0.607868  Accuracy: 0.700007 Recall@3: 0.852234 time: 3561s
2021-05-24 21:21:44,244 DEBUG   Epoch 23 - avg_train_loss: 0.0752  avg_val_loss: 1.3722 F1: 0.611929  Accuracy: 0.703960 Recall@3: 0.858079 time: 3568s
2021-05-24 21:21:44,246 DEBUG   Epoch 23 - Save Best Accuracy: 0.703960 Model
2021-05-24 22:21:01,196 DEBUG   Epoch 24 - avg_train_loss: 0.0692  avg_val_loss: 1.4013 F1: 0.615833  Accuracy: 0.704771 Recall@3: 0.853923 time: 3557s
2021-05-24 22:21:01,198 DEBUG   Epoch 24 - Save Best Accuracy: 0.704771 Model
2021-05-24 23:20:20,517 DEBUG   Epoch 25 - avg_train_loss: 0.0588  avg_val_loss: 1.4209 F1: 0.617115  Accuracy: 0.707441 Recall@3: 0.858113 time: 3559s
2021-05-24 23:20:20,519 DEBUG   Epoch 25 - Save Best Accuracy: 0.707441 Model
2021-05-25 00:16:10,630 DEBUG   Epoch 26 - avg_train_loss: 0.0549  avg_val_loss: 1.4211 F1: 0.617334  Accuracy: 0.707846 Recall@3: 0.856660 time: 3350s
2021-05-25 00:16:10,631 DEBUG   Epoch 26 - Save Best Accuracy: 0.707846 Model
2021-05-25 01:11:10,473 DEBUG   Epoch 27 - avg_train_loss: 0.0461  avg_val_loss: 1.4219 F1: 0.620559  Accuracy: 0.712036 Recall@3: 0.861729 time: 3300s
2021-05-25 01:11:10,474 DEBUG   Epoch 27 - Save Best Accuracy: 0.712036 Model
2021-05-25 02:06:04,191 DEBUG   Epoch 28 - avg_train_loss: 0.0422  avg_val_loss: 1.4427 F1: 0.624208  Accuracy: 0.714807 Recall@3: 0.860985 time: 3293s
2021-05-25 02:06:04,192 DEBUG   Epoch 28 - Save Best Accuracy: 0.714807 Model
2021-05-25 03:01:00,386 DEBUG   Epoch 29 - avg_train_loss: 0.0368  avg_val_loss: 1.4261 F1: 0.621839  Accuracy: 0.714064 Recall@3: 0.863013 time: 3296s
2021-05-25 03:55:55,579 DEBUG   Epoch 30 - avg_train_loss: 0.0338  avg_val_loss: 1.4391 F1: 0.624366  Accuracy: 0.714165 Recall@3: 0.862168 time: 3295s
2021-05-25 04:50:35,945 DEBUG   Epoch 31 - avg_train_loss: 0.0291  avg_val_loss: 1.4373 F1: 0.630699  Accuracy: 0.718930 Recall@3: 0.864939 time: 3280s
2021-05-25 04:50:35,946 DEBUG   Epoch 31 - Save Best Accuracy: 0.718930 Model
2021-05-25 05:45:24,429 DEBUG   Epoch 32 - avg_train_loss: 0.0269  avg_val_loss: 1.4510 F1: 0.631126  Accuracy: 0.717814 Recall@3: 0.862405 time: 3288s
2021-05-25 06:40:10,417 DEBUG   Epoch 33 - avg_train_loss: 0.0235  avg_val_loss: 1.4454 F1: 0.631586  Accuracy: 0.721227 Recall@3: 0.864060 time: 3286s
2021-05-25 06:40:10,418 DEBUG   Epoch 33 - Save Best Accuracy: 0.721227 Model
2021-05-25 07:35:01,584 DEBUG   Epoch 34 - avg_train_loss: 0.0220  avg_val_loss: 1.4601 F1: 0.629341  Accuracy: 0.720383 Recall@3: 0.863216 time: 3291s
2021-05-25 08:29:39,174 DEBUG   Epoch 35 - avg_train_loss: 0.0200  avg_val_loss: 1.4706 F1: 0.636537  Accuracy: 0.722883 Recall@3: 0.864871 time: 3278s
2021-05-25 08:29:39,176 DEBUG   Epoch 35 - Save Best Accuracy: 0.722883 Model
2021-05-25 09:24:24,534 DEBUG   Epoch 36 - avg_train_loss: 0.0185  avg_val_loss: 1.4701 F1: 0.635845  Accuracy: 0.723863 Recall@3: 0.867068 time: 3285s
2021-05-25 09:24:24,535 DEBUG   Epoch 36 - Save Best Accuracy: 0.723863 Model
2021-05-25 10:19:06,186 DEBUG   Epoch 37 - avg_train_loss: 0.0168  avg_val_loss: 1.4754 F1: 0.639988  Accuracy: 0.725924 Recall@3: 0.866392 time: 3281s
2021-05-25 10:19:06,188 DEBUG   Epoch 37 - Save Best Accuracy: 0.725924 Model
2021-05-25 11:13:46,305 DEBUG   Epoch 38 - avg_train_loss: 0.0160  avg_val_loss: 1.4695 F1: 0.639284  Accuracy: 0.726803 Recall@3: 0.867743 time: 3280s
2021-05-25 11:13:46,306 DEBUG   Epoch 38 - Save Best Accuracy: 0.726803 Model
2021-05-25 12:08:13,337 DEBUG   Epoch 39 - avg_train_loss: 0.0146  avg_val_loss: 1.4738 F1: 0.640043  Accuracy: 0.727479 Recall@3: 0.868487 time: 3267s
2021-05-25 12:08:13,338 DEBUG   Epoch 39 - Save Best Accuracy: 0.727479 Model
2021-05-25 13:03:01,721 DEBUG   Epoch 40 - avg_train_loss: 0.0139  avg_val_loss: 1.4847 F1: 0.639619  Accuracy: 0.724978 Recall@3: 0.866595 time: 3288s
2021-05-25 13:57:42,790 DEBUG   Epoch 41 - avg_train_loss: 0.0130  avg_val_loss: 1.4891 F1: 0.642044  Accuracy: 0.728391 Recall@3: 0.866966 time: 3281s
2021-05-25 13:57:42,792 DEBUG   Epoch 41 - Save Best Accuracy: 0.728391 Model
2021-05-25 14:52:30,044 DEBUG   Epoch 42 - avg_train_loss: 0.0123  avg_val_loss: 1.4837 F1: 0.643441  Accuracy: 0.728627 Recall@3: 0.868352 time: 3287s
2021-05-25 14:52:30,045 DEBUG   Epoch 42 - Save Best Accuracy: 0.728627 Model
2021-05-25 15:47:05,013 DEBUG   Epoch 43 - avg_train_loss: 0.0113  avg_val_loss: 1.4842 F1: 0.646435  Accuracy: 0.731770 Recall@3: 0.869433 time: 3275s
2021-05-25 15:47:05,014 DEBUG   Epoch 43 - Save Best Accuracy: 0.731770 Model
2021-05-25 16:41:51,936 DEBUG   Epoch 44 - avg_train_loss: 0.0111  avg_val_loss: 1.4978 F1: 0.641069  Accuracy: 0.728357 Recall@3: 0.866561 time: 3287s
2021-05-25 17:36:42,658 DEBUG   Epoch 45 - avg_train_loss: 0.0107  avg_val_loss: 1.5003 F1: 0.640082  Accuracy: 0.728222 Recall@3: 0.869602 time: 3291s
2021-05-25 18:31:31,562 DEBUG   Epoch 46 - avg_train_loss: 0.0102  avg_val_loss: 1.4895 F1: 0.643663  Accuracy: 0.728526 Recall@3: 0.870582 time: 3289s
2021-05-25 19:26:16,930 DEBUG   Epoch 47 - avg_train_loss: 0.0098  avg_val_loss: 1.4998 F1: 0.643664  Accuracy: 0.729303 Recall@3: 0.867912 time: 3285s
2021-05-25 20:21:10,759 DEBUG   Epoch 48 - avg_train_loss: 0.0093  avg_val_loss: 1.5035 F1: 0.645297  Accuracy: 0.730722 Recall@3: 0.869332 time: 3294s
2021-05-25 21:16:07,605 DEBUG   Epoch 49 - avg_train_loss: 0.0091  avg_val_loss: 1.4910 F1: 0.645768  Accuracy: 0.731770 Recall@3: 0.870717 time: 3297s
2021-05-25 22:11:04,002 DEBUG   Epoch 50 - avg_train_loss: 0.0090  avg_val_loss: 1.5252 F1: 0.639928  Accuracy: 0.728290 Recall@3: 0.868352 time: 3296s
2021-05-25 23:05:59,986 DEBUG   Epoch 51 - avg_train_loss: 0.0086  avg_val_loss: 1.4942 F1: 0.644804  Accuracy: 0.731364 Recall@3: 0.870717 time: 3296s
2021-05-26 00:00:55,881 DEBUG   Epoch 52 - avg_train_loss: 0.0083  avg_val_loss: 1.4935 F1: 0.647143  Accuracy: 0.731804 Recall@3: 0.869906 time: 3296s
2021-05-26 00:00:55,882 DEBUG   Epoch 52 - Save Best Accuracy: 0.731804 Model
2021-05-26 00:55:50,974 DEBUG   Epoch 53 - avg_train_loss: 0.0081  avg_val_loss: 1.5068 F1: 0.643867  Accuracy: 0.730790 Recall@3: 0.868318 time: 3295s
2021-05-26 01:50:50,978 DEBUG   Epoch 54 - avg_train_loss: 0.0079  avg_val_loss: 1.5213 F1: 0.645981  Accuracy: 0.731060 Recall@3: 0.869974 time: 3300s
2021-05-26 02:45:49,921 DEBUG   Epoch 55 - avg_train_loss: 0.0078  avg_val_loss: 1.5110 F1: 0.646333  Accuracy: 0.732412 Recall@3: 0.869602 time: 3299s
2021-05-26 02:45:49,922 DEBUG   Epoch 55 - Save Best Accuracy: 0.732412 Model
2021-05-26 03:40:50,084 DEBUG   Epoch 56 - avg_train_loss: 0.0075  avg_val_loss: 1.5144 F1: 0.648348  Accuracy: 0.732919 Recall@3: 0.869872 time: 3300s
2021-05-26 03:40:50,086 DEBUG   Epoch 56 - Save Best Accuracy: 0.732919 Model
2021-05-26 04:36:03,996 DEBUG   Epoch 57 - avg_train_loss: 0.0073  avg_val_loss: 1.4957 F1: 0.646724  Accuracy: 0.732480 Recall@3: 0.869196 time: 3314s
2021-05-26 05:30:55,268 DEBUG   Epoch 58 - avg_train_loss: 0.0070  avg_val_loss: 1.5074 F1: 0.645854  Accuracy: 0.729979 Recall@3: 0.869095 time: 3291s
2021-05-26 06:25:52,435 DEBUG   Epoch 59 - avg_train_loss: 0.0071  avg_val_loss: 1.5077 F1: 0.647192  Accuracy: 0.732412 Recall@3: 0.869974 time: 3297s
2021-05-26 07:20:37,698 DEBUG   Epoch 60 - avg_train_loss: 0.0071  avg_val_loss: 1.5237 F1: 0.647603  Accuracy: 0.732378 Recall@3: 0.869501 time: 3285s
2021-05-26 08:15:24,890 DEBUG   Epoch 61 - avg_train_loss: 0.0067  avg_val_loss: 1.5149 F1: 0.648029  Accuracy: 0.732378 Recall@3: 0.869568 time: 3287s
2021-05-26 09:10:01,620 DEBUG   Epoch 62 - avg_train_loss: 0.0067  avg_val_loss: 1.5215 F1: 0.648353  Accuracy: 0.734034 Recall@3: 0.870176 time: 3277s
2021-05-26 09:10:01,621 DEBUG   Epoch 62 - Save Best Accuracy: 0.734034 Model
2021-05-26 10:04:45,772 DEBUG   Epoch 63 - avg_train_loss: 0.0066  avg_val_loss: 1.5160 F1: 0.646335  Accuracy: 0.733257 Recall@3: 0.869940 time: 3284s
2021-05-26 10:59:30,226 DEBUG   Epoch 64 - avg_train_loss: 0.0064  avg_val_loss: 1.5034 F1: 0.651662  Accuracy: 0.735521 Recall@3: 0.868926 time: 3284s
2021-05-26 10:59:30,227 DEBUG   Epoch 64 - Save Best Accuracy: 0.735521 Model
2021-05-26 11:54:12,845 DEBUG   Epoch 65 - avg_train_loss: 0.0065  avg_val_loss: 1.5182 F1: 0.645485  Accuracy: 0.731567 Recall@3: 0.869467 time: 3282s
2021-05-26 12:48:47,628 DEBUG   Epoch 66 - avg_train_loss: 0.0062  avg_val_loss: 1.5157 F1: 0.645701  Accuracy: 0.733054 Recall@3: 0.870345 time: 3275s
2021-05-26 13:43:30,098 DEBUG   Epoch 67 - avg_train_loss: 0.0062  avg_val_loss: 1.5072 F1: 0.647599  Accuracy: 0.734203 Recall@3: 0.871393 time: 3282s
2021-05-26 14:38:13,436 DEBUG   Epoch 68 - avg_train_loss: 0.0062  avg_val_loss: 1.5254 F1: 0.647121  Accuracy: 0.732851 Recall@3: 0.870548 time: 3283s
2021-05-26 15:32:58,544 DEBUG   Epoch 69 - avg_train_loss: 0.0060  avg_val_loss: 1.5211 F1: 0.648493  Accuracy: 0.733088 Recall@3: 0.870143 time: 3285s
2021-05-26 16:27:38,002 DEBUG   Epoch 70 - avg_train_loss: 0.0060  avg_val_loss: 1.5176 F1: 0.647169  Accuracy: 0.733189 Recall@3: 0.871291 time: 3279s
2021-05-26 17:22:25,168 DEBUG   Epoch 71 - avg_train_loss: 0.0060  avg_val_loss: 1.5089 F1: 0.646587  Accuracy: 0.733527 Recall@3: 0.870514 time: 3287s
2021-05-26 18:17:13,760 DEBUG   Epoch 72 - avg_train_loss: 0.0059  avg_val_loss: 1.5190 F1: 0.645084  Accuracy: 0.731500 Recall@3: 0.869771 time: 3289s
2021-05-26 19:12:00,722 DEBUG   Epoch 73 - avg_train_loss: 0.0061  avg_val_loss: 1.5292 F1: 0.648794  Accuracy: 0.734744 Recall@3: 0.869061 time: 3287s
2021-05-26 20:07:18,815 DEBUG   Epoch 74 - avg_train_loss: 0.0058  avg_val_loss: 1.5287 F1: 0.648077  Accuracy: 0.733696 Recall@3: 0.870582 time: 3318s
2021-05-26 21:02:17,077 DEBUG   Epoch 75 - avg_train_loss: 0.0057  avg_val_loss: 1.5208 F1: 0.646008  Accuracy: 0.733054 Recall@3: 0.870413 time: 3298s
2021-05-26 21:57:08,140 DEBUG   Epoch 76 - avg_train_loss: 0.0056  avg_val_loss: 1.5224 F1: 0.649325  Accuracy: 0.734000 Recall@3: 0.870987 time: 3291s
2021-05-26 22:52:04,256 DEBUG   Epoch 77 - avg_train_loss: 0.0057  avg_val_loss: 1.5280 F1: 0.648130  Accuracy: 0.733966 Recall@3: 0.870649 time: 3296s
2021-05-26 23:46:58,798 DEBUG   Epoch 78 - avg_train_loss: 0.0058  avg_val_loss: 1.5198 F1: 0.646174  Accuracy: 0.733155 Recall@3: 0.869805 time: 3295s
2021-05-27 00:42:10,216 DEBUG   Epoch 79 - avg_train_loss: 0.0057  avg_val_loss: 1.5281 F1: 0.647204  Accuracy: 0.733426 Recall@3: 0.870649 time: 3311s
2021-05-27 01:36:56,430 DEBUG   Epoch 80 - avg_train_loss: 0.0056  avg_val_loss: 1.5334 F1: 0.647003  Accuracy: 0.732953 Recall@3: 0.869332 time: 3286s
2021-05-27 02:31:52,101 DEBUG   Epoch 81 - avg_train_loss: 0.0055  avg_val_loss: 1.5187 F1: 0.648616  Accuracy: 0.735014 Recall@3: 0.870920 time: 3296s
2021-05-27 03:26:45,887 DEBUG   Epoch 82 - avg_train_loss: 0.0057  avg_val_loss: 1.5122 F1: 0.649064  Accuracy: 0.734000 Recall@3: 0.870751 time: 3294s
2021-05-27 04:21:40,690 DEBUG   Epoch 83 - avg_train_loss: 0.0054  avg_val_loss: 1.5249 F1: 0.650282  Accuracy: 0.735250 Recall@3: 0.870717 time: 3295s
2021-05-27 05:16:31,754 DEBUG   Epoch 84 - avg_train_loss: 0.0056  avg_val_loss: 1.5233 F1: 0.650552  Accuracy: 0.735250 Recall@3: 0.871393 time: 3291s
2021-05-27 06:10:02,131 DEBUG   Epoch 85 - avg_train_loss: 0.0053  avg_val_loss: 1.5306 F1: 0.648599  Accuracy: 0.733155 Recall@3: 0.869703 time: 3210s
2021-05-27 07:03:26,307 DEBUG   Epoch 86 - avg_train_loss: 0.0055  avg_val_loss: 1.5303 F1: 0.647517  Accuracy: 0.733966 Recall@3: 0.869568 time: 3204s
2021-05-27 07:56:52,092 DEBUG   Epoch 87 - avg_train_loss: 0.0054  avg_val_loss: 1.5189 F1: 0.649227  Accuracy: 0.734676 Recall@3: 0.870616 time: 3206s
2021-05-27 08:50:13,813 DEBUG   Epoch 88 - avg_train_loss: 0.0055  avg_val_loss: 1.5100 F1: 0.648431  Accuracy: 0.734507 Recall@3: 0.870683 time: 3202s
2021-05-27 09:43:36,268 DEBUG   Epoch 89 - avg_train_loss: 0.0053  avg_val_loss: 1.5422 F1: 0.647192  Accuracy: 0.733392 Recall@3: 0.870514 time: 3202s
2021-05-27 10:40:43,225 DEBUG   Epoch 90 - avg_train_loss: 0.0054  avg_val_loss: 1.5158 F1: 0.649418  Accuracy: 0.735318 Recall@3: 0.871596 time: 3427s
2021-05-27 11:37:55,320 DEBUG   Epoch 91 - avg_train_loss: 0.0052  avg_val_loss: 1.5327 F1: 0.647558  Accuracy: 0.733966 Recall@3: 0.871765 time: 3432s
2021-05-27 12:35:33,739 DEBUG   Epoch 92 - avg_train_loss: 0.0053  avg_val_loss: 1.5203 F1: 0.649290  Accuracy: 0.734946 Recall@3: 0.871055 time: 3458s
2021-05-27 13:32:54,793 DEBUG   Epoch 93 - avg_train_loss: 0.0053  avg_val_loss: 1.5175 F1: 0.648152  Accuracy: 0.734541 Recall@3: 0.871156 time: 3441s
2021-05-27 14:30:30,328 DEBUG   Epoch 94 - avg_train_loss: 0.0053  avg_val_loss: 1.5272 F1: 0.648304  Accuracy: 0.733797 Recall@3: 0.871055 time: 3456s
2021-05-27 15:28:13,311 DEBUG   Epoch 95 - avg_train_loss: 0.0051  avg_val_loss: 1.5246 F1: 0.647901  Accuracy: 0.734135 Recall@3: 0.870041 time: 3463s
2021-05-27 16:25:39,657 DEBUG   Epoch 96 - avg_train_loss: 0.0051  avg_val_loss: 1.5201 F1: 0.650353  Accuracy: 0.734406 Recall@3: 0.871089 time: 3446s
2021-05-27 17:23:36,911 DEBUG   Epoch 97 - avg_train_loss: 0.0051  avg_val_loss: 1.5375 F1: 0.648673  Accuracy: 0.733088 Recall@3: 0.870278 time: 3477s
2021-05-27 18:21:39,744 DEBUG   Epoch 98 - avg_train_loss: 0.0053  avg_val_loss: 1.5288 F1: 0.650606  Accuracy: 0.736703 Recall@3: 0.870683 time: 3483s
2021-05-27 18:21:39,746 DEBUG   Epoch 98 - Save Best Accuracy: 0.736703 Model
2021-05-27 19:19:48,560 DEBUG   Epoch 99 - avg_train_loss: 0.0053  avg_val_loss: 1.5080 F1: 0.649877  Accuracy: 0.735386 Recall@3: 0.871291 time: 3488s
2021-05-27 20:17:58,535 DEBUG   Epoch 100 - avg_train_loss: 0.0051  avg_val_loss: 1.5265 F1: 0.649338  Accuracy: 0.734879 Recall@3: 0.871291 time: 3490s
2021-05-27 20:17:58,540 INFO [Train model] done in 334948 s.
