2021-05-15 12:46:08,869 INFO [Train model] start
2021-05-15 14:29:24,006 DEBUG   Epoch 1 - avg_train_loss: 0.7112  avg_val_loss: 1.7935 F1: 0.389543  Accuracy: 0.563020 Recall@3: 0.755592 time: 6194s
2021-05-15 14:29:24,007 DEBUG   Epoch 1 - Save Best Accuracy: 0.563020 Model
2021-05-15 14:29:24,327 DEBUG   Epoch 1 - Save Best Loss: 1.7935 Model
2021-05-15 16:12:46,807 DEBUG   Epoch 2 - avg_train_loss: 0.3988  avg_val_loss: 1.4575 F1: 0.507475  Accuracy: 0.638339 Recall@3: 0.816382 time: 6202s
2021-05-15 16:12:46,808 DEBUG   Epoch 2 - Save Best Accuracy: 0.638339 Model
2021-05-15 16:12:47,332 DEBUG   Epoch 2 - Save Best Loss: 1.4575 Model
2021-05-15 17:55:52,188 DEBUG   Epoch 3 - avg_train_loss: 0.3095  avg_val_loss: 1.3435 F1: 0.548511  Accuracy: 0.666317 Recall@3: 0.833649 time: 6184s
2021-05-15 17:55:52,190 DEBUG   Epoch 3 - Save Best Accuracy: 0.666317 Model
2021-05-15 17:55:52,729 DEBUG   Epoch 3 - Save Best Loss: 1.3435 Model
2021-05-15 19:40:25,611 DEBUG   Epoch 4 - avg_train_loss: 0.2558  avg_val_loss: 1.2394 F1: 0.588552  Accuracy: 0.690816 Recall@3: 0.854058 time: 6272s
2021-05-15 19:40:25,613 DEBUG   Epoch 4 - Save Best Accuracy: 0.690816 Model
2021-05-15 19:40:26,139 DEBUG   Epoch 4 - Save Best Loss: 1.2394 Model
2021-05-15 21:25:29,881 DEBUG   Epoch 5 - avg_train_loss: 0.2153  avg_val_loss: 1.2103 F1: 0.599895  Accuracy: 0.698993 Recall@3: 0.860411 time: 6303s
2021-05-15 21:25:29,882 DEBUG   Epoch 5 - Save Best Accuracy: 0.698993 Model
2021-05-15 21:25:30,406 DEBUG   Epoch 5 - Save Best Loss: 1.2103 Model
2021-05-15 23:08:48,343 DEBUG   Epoch 6 - avg_train_loss: 0.1827  avg_val_loss: 1.1815 F1: 0.610987  Accuracy: 0.709907 Recall@3: 0.864263 time: 6197s
2021-05-15 23:08:48,344 DEBUG   Epoch 6 - Save Best Accuracy: 0.709907 Model
2021-05-15 23:08:48,850 DEBUG   Epoch 6 - Save Best Loss: 1.1815 Model
2021-05-16 00:52:17,103 DEBUG   Epoch 7 - avg_train_loss: 0.1563  avg_val_loss: 1.1971 F1: 0.614879  Accuracy: 0.710313 Recall@3: 0.869230 time: 6208s
2021-05-16 00:52:17,104 DEBUG   Epoch 7 - Save Best Accuracy: 0.710313 Model
2021-05-16 02:35:37,927 DEBUG   Epoch 8 - avg_train_loss: 0.1338  avg_val_loss: 1.1877 F1: 0.627103  Accuracy: 0.719504 Recall@3: 0.870481 time: 6200s
2021-05-16 02:35:37,927 DEBUG   Epoch 8 - Save Best Accuracy: 0.719504 Model
2021-05-16 04:20:50,793 DEBUG   Epoch 9 - avg_train_loss: 0.1054  avg_val_loss: 1.1681 F1: 0.644189  Accuracy: 0.732277 Recall@3: 0.876799 time: 6312s
2021-05-16 04:20:50,795 DEBUG   Epoch 9 - Save Best Accuracy: 0.732277 Model
2021-05-16 04:20:51,294 DEBUG   Epoch 9 - Save Best Loss: 1.1681 Model
2021-05-16 06:04:50,434 DEBUG   Epoch 10 - avg_train_loss: 0.0879  avg_val_loss: 1.1970 F1: 0.642666  Accuracy: 0.732581 Recall@3: 0.878320 time: 6239s
2021-05-16 06:04:50,435 DEBUG   Epoch 10 - Save Best Accuracy: 0.732581 Model
2021-05-16 07:48:24,123 DEBUG   Epoch 11 - avg_train_loss: 0.0747  avg_val_loss: 1.2183 F1: 0.648681  Accuracy: 0.732175 Recall@3: 0.877272 time: 6213s
2021-05-16 09:32:07,369 DEBUG   Epoch 12 - avg_train_loss: 0.0592  avg_val_loss: 1.2190 F1: 0.650935  Accuracy: 0.736906 Recall@3: 0.881226 time: 6223s
2021-05-16 09:32:07,370 DEBUG   Epoch 12 - Save Best Accuracy: 0.736906 Model
2021-05-16 11:16:35,576 DEBUG   Epoch 13 - avg_train_loss: 0.0486  avg_val_loss: 1.2386 F1: 0.654742  Accuracy: 0.739609 Recall@3: 0.881496 time: 6268s
2021-05-16 11:16:35,577 DEBUG   Epoch 13 - Save Best Accuracy: 0.739609 Model
2021-05-16 13:02:23,981 DEBUG   Epoch 14 - avg_train_loss: 0.0383  avg_val_loss: 1.2402 F1: 0.660685  Accuracy: 0.746300 Recall@3: 0.884504 time: 6348s
2021-05-16 13:02:23,982 DEBUG   Epoch 14 - Save Best Accuracy: 0.746300 Model
2021-05-16 14:46:15,372 DEBUG   Epoch 15 - avg_train_loss: 0.0321  avg_val_loss: 1.2717 F1: 0.661403  Accuracy: 0.745016 Recall@3: 0.885990 time: 6231s
2021-05-16 16:30:11,506 DEBUG   Epoch 16 - avg_train_loss: 0.0259  avg_val_loss: 1.2707 F1: 0.667729  Accuracy: 0.750591 Recall@3: 0.886159 time: 6236s
2021-05-16 16:30:11,507 DEBUG   Epoch 16 - Save Best Accuracy: 0.750591 Model
2021-05-16 18:14:06,556 DEBUG   Epoch 17 - avg_train_loss: 0.0219  avg_val_loss: 1.2832 F1: 0.668730  Accuracy: 0.749916 Recall@3: 0.886193 time: 6235s
2021-05-16 19:59:32,167 DEBUG   Epoch 18 - avg_train_loss: 0.0179  avg_val_loss: 1.2892 F1: 0.672922  Accuracy: 0.755018 Recall@3: 0.886531 time: 6326s
2021-05-16 19:59:32,168 DEBUG   Epoch 18 - Save Best Accuracy: 0.755018 Model
2021-05-16 21:45:19,429 DEBUG   Epoch 19 - avg_train_loss: 0.0160  avg_val_loss: 1.3103 F1: 0.676827  Accuracy: 0.755863 Recall@3: 0.887714 time: 6347s
2021-05-16 21:45:19,430 DEBUG   Epoch 19 - Save Best Accuracy: 0.755863 Model
2021-05-16 23:28:55,937 DEBUG   Epoch 20 - avg_train_loss: 0.0134  avg_val_loss: 1.3090 F1: 0.674382  Accuracy: 0.754376 Recall@3: 0.888964 time: 6216s
2021-05-17 01:12:33,702 DEBUG   Epoch 21 - avg_train_loss: 0.0119  avg_val_loss: 1.3300 F1: 0.676585  Accuracy: 0.756167 Recall@3: 0.889876 time: 6218s
2021-05-17 01:12:33,704 DEBUG   Epoch 21 - Save Best Accuracy: 0.756167 Model
2021-05-17 02:56:12,007 DEBUG   Epoch 22 - avg_train_loss: 0.0105  avg_val_loss: 1.3277 F1: 0.677124  Accuracy: 0.756910 Recall@3: 0.891836 time: 6218s
2021-05-17 02:56:12,008 DEBUG   Epoch 22 - Save Best Accuracy: 0.756910 Model
2021-05-17 04:41:37,641 DEBUG   Epoch 23 - avg_train_loss: 0.0091  avg_val_loss: 1.3263 F1: 0.684890  Accuracy: 0.761100 Recall@3: 0.891464 time: 6325s
2021-05-17 04:41:37,642 DEBUG   Epoch 23 - Save Best Accuracy: 0.761100 Model
2021-05-17 06:25:43,424 DEBUG   Epoch 24 - avg_train_loss: 0.0082  avg_val_loss: 1.3360 F1: 0.682661  Accuracy: 0.760458 Recall@3: 0.891160 time: 6245s
2021-05-17 08:09:08,002 DEBUG   Epoch 25 - avg_train_loss: 0.0077  avg_val_loss: 1.3384 F1: 0.685538  Accuracy: 0.764547 Recall@3: 0.891194 time: 6205s
2021-05-17 08:09:08,003 DEBUG   Epoch 25 - Save Best Accuracy: 0.764547 Model
2021-05-17 09:52:27,137 DEBUG   Epoch 26 - avg_train_loss: 0.0068  avg_val_loss: 1.3593 F1: 0.682972  Accuracy: 0.763128 Recall@3: 0.892073 time: 6199s
2021-05-17 11:36:35,567 DEBUG   Epoch 27 - avg_train_loss: 0.0065  avg_val_loss: 1.3539 F1: 0.682547  Accuracy: 0.762486 Recall@3: 0.890958 time: 6248s
2021-05-17 13:21:45,451 DEBUG   Epoch 28 - avg_train_loss: 0.0059  avg_val_loss: 1.3607 F1: 0.685148  Accuracy: 0.765121 Recall@3: 0.892039 time: 6310s
2021-05-17 13:21:45,453 DEBUG   Epoch 28 - Save Best Accuracy: 0.765121 Model
2021-05-17 15:05:11,985 DEBUG   Epoch 29 - avg_train_loss: 0.0058  avg_val_loss: 1.3621 F1: 0.683890  Accuracy: 0.764141 Recall@3: 0.894033 time: 6206s
2021-05-17 16:48:43,661 DEBUG   Epoch 30 - avg_train_loss: 0.0054  avg_val_loss: 1.3820 F1: 0.685684  Accuracy: 0.764243 Recall@3: 0.892478 time: 6212s
2021-05-17 18:32:08,584 DEBUG   Epoch 31 - avg_train_loss: 0.0049  avg_val_loss: 1.3809 F1: 0.686851  Accuracy: 0.765831 Recall@3: 0.893830 time: 6205s
2021-05-17 18:32:08,585 DEBUG   Epoch 31 - Save Best Accuracy: 0.765831 Model
2021-05-17 20:17:21,996 DEBUG   Epoch 32 - avg_train_loss: 0.0048  avg_val_loss: 1.3494 F1: 0.685860  Accuracy: 0.765865 Recall@3: 0.894100 time: 6313s
2021-05-17 20:17:21,997 DEBUG   Epoch 32 - Save Best Accuracy: 0.765865 Model
2021-05-17 22:03:53,850 DEBUG   Epoch 33 - avg_train_loss: 0.0045  avg_val_loss: 1.3732 F1: 0.685064  Accuracy: 0.765155 Recall@3: 0.892613 time: 6391s
2021-05-17 23:48:58,742 DEBUG   Epoch 34 - avg_train_loss: 0.0041  avg_val_loss: 1.3847 F1: 0.684485  Accuracy: 0.765392 Recall@3: 0.892985 time: 6305s
2021-05-18 01:33:51,067 DEBUG   Epoch 35 - avg_train_loss: 0.0040  avg_val_loss: 1.3789 F1: 0.687732  Accuracy: 0.765865 Recall@3: 0.893120 time: 6292s
2021-05-18 03:10:04,604 DEBUG   Epoch 36 - avg_train_loss: 0.0040  avg_val_loss: 1.3918 F1: 0.686083  Accuracy: 0.766405 Recall@3: 0.893086 time: 5774s
2021-05-18 03:10:04,606 DEBUG   Epoch 36 - Save Best Accuracy: 0.766405 Model
2021-05-18 04:03:52,423 DEBUG   Epoch 37 - avg_train_loss: 0.0039  avg_val_loss: 1.4071 F1: 0.686954  Accuracy: 0.765932 Recall@3: 0.893222 time: 3227s
2021-05-18 04:57:42,181 DEBUG   Epoch 38 - avg_train_loss: 0.0036  avg_val_loss: 1.3811 F1: 0.687019  Accuracy: 0.766236 Recall@3: 0.894269 time: 3230s
2021-05-18 05:51:35,282 DEBUG   Epoch 39 - avg_train_loss: 0.0036  avg_val_loss: 1.3812 F1: 0.686401  Accuracy: 0.766777 Recall@3: 0.894337 time: 3233s
2021-05-18 05:51:35,283 DEBUG   Epoch 39 - Save Best Accuracy: 0.766777 Model
2021-05-18 06:45:26,616 DEBUG   Epoch 40 - avg_train_loss: 0.0034  avg_val_loss: 1.3977 F1: 0.684716  Accuracy: 0.765392 Recall@3: 0.893864 time: 3231s
2021-05-18 07:39:22,184 DEBUG   Epoch 41 - avg_train_loss: 0.0032  avg_val_loss: 1.3932 F1: 0.684788  Accuracy: 0.765898 Recall@3: 0.893830 time: 3236s
2021-05-18 08:33:24,295 DEBUG   Epoch 42 - avg_train_loss: 0.0031  avg_val_loss: 1.4029 F1: 0.686243  Accuracy: 0.765898 Recall@3: 0.894708 time: 3242s
2021-05-18 09:27:26,990 DEBUG   Epoch 43 - avg_train_loss: 0.0030  avg_val_loss: 1.3963 F1: 0.689880  Accuracy: 0.767960 Recall@3: 0.895519 time: 3243s
2021-05-18 09:27:26,991 DEBUG   Epoch 43 - Save Best Accuracy: 0.767960 Model
2021-05-18 10:21:29,852 DEBUG   Epoch 44 - avg_train_loss: 0.0030  avg_val_loss: 1.3975 F1: 0.687740  Accuracy: 0.767047 Recall@3: 0.894438 time: 3242s
2021-05-18 11:15:30,890 DEBUG   Epoch 45 - avg_train_loss: 0.0030  avg_val_loss: 1.4048 F1: 0.687427  Accuracy: 0.766338 Recall@3: 0.893154 time: 3241s
2021-05-18 12:09:42,090 DEBUG   Epoch 46 - avg_train_loss: 0.0029  avg_val_loss: 1.3989 F1: 0.690355  Accuracy: 0.767994 Recall@3: 0.894641 time: 3251s
2021-05-18 12:09:42,092 DEBUG   Epoch 46 - Save Best Accuracy: 0.767994 Model
2021-05-18 13:03:47,436 DEBUG   Epoch 47 - avg_train_loss: 0.0029  avg_val_loss: 1.4039 F1: 0.686967  Accuracy: 0.767453 Recall@3: 0.894168 time: 3245s
2021-05-18 13:57:51,117 DEBUG   Epoch 48 - avg_train_loss: 0.0027  avg_val_loss: 1.3938 F1: 0.688776  Accuracy: 0.767554 Recall@3: 0.894708 time: 3244s
2021-05-18 14:51:53,888 DEBUG   Epoch 49 - avg_train_loss: 0.0027  avg_val_loss: 1.4066 F1: 0.689622  Accuracy: 0.768264 Recall@3: 0.893560 time: 3243s
2021-05-18 14:51:53,889 DEBUG   Epoch 49 - Save Best Accuracy: 0.768264 Model
2021-05-18 15:45:57,345 DEBUG   Epoch 50 - avg_train_loss: 0.0026  avg_val_loss: 1.4121 F1: 0.689557  Accuracy: 0.769109 Recall@3: 0.894269 time: 3243s
2021-05-18 15:45:57,346 DEBUG   Epoch 50 - Save Best Accuracy: 0.769109 Model
2021-05-18 16:40:01,443 DEBUG   Epoch 51 - avg_train_loss: 0.0025  avg_val_loss: 1.4050 F1: 0.688444  Accuracy: 0.768129 Recall@3: 0.893830 time: 3244s
2021-05-18 17:34:05,540 DEBUG   Epoch 52 - avg_train_loss: 0.0025  avg_val_loss: 1.4009 F1: 0.691013  Accuracy: 0.769007 Recall@3: 0.895688 time: 3244s
2021-05-18 18:28:08,185 DEBUG   Epoch 53 - avg_train_loss: 0.0027  avg_val_loss: 1.4318 F1: 0.687208  Accuracy: 0.767115 Recall@3: 0.893526 time: 3243s
2021-05-18 19:22:08,858 DEBUG   Epoch 54 - avg_train_loss: 0.0024  avg_val_loss: 1.4030 F1: 0.689716  Accuracy: 0.768500 Recall@3: 0.895756 time: 3241s
2021-05-18 20:16:11,556 DEBUG   Epoch 55 - avg_train_loss: 0.0025  avg_val_loss: 1.4027 F1: 0.687598  Accuracy: 0.768264 Recall@3: 0.894742 time: 3243s
2021-05-18 21:10:14,596 DEBUG   Epoch 56 - avg_train_loss: 0.0026  avg_val_loss: 1.3931 F1: 0.689923  Accuracy: 0.769041 Recall@3: 0.894844 time: 3243s
2021-05-18 22:04:25,769 DEBUG   Epoch 57 - avg_train_loss: 0.0025  avg_val_loss: 1.4020 F1: 0.688087  Accuracy: 0.768500 Recall@3: 0.894708 time: 3251s
2021-05-18 22:58:27,408 DEBUG   Epoch 58 - avg_train_loss: 0.0025  avg_val_loss: 1.4079 F1: 0.690647  Accuracy: 0.769615 Recall@3: 0.895283 time: 3242s
2021-05-18 22:58:27,410 DEBUG   Epoch 58 - Save Best Accuracy: 0.769615 Model
2021-05-18 23:52:32,588 DEBUG   Epoch 59 - avg_train_loss: 0.0024  avg_val_loss: 1.4040 F1: 0.689215  Accuracy: 0.769345 Recall@3: 0.894404 time: 3245s
2021-05-19 00:46:28,985 DEBUG   Epoch 60 - avg_train_loss: 0.0023  avg_val_loss: 1.4221 F1: 0.692590  Accuracy: 0.769379 Recall@3: 0.893965 time: 3236s
2021-05-19 01:40:27,205 DEBUG   Epoch 61 - avg_train_loss: 0.0022  avg_val_loss: 1.4041 F1: 0.690880  Accuracy: 0.769953 Recall@3: 0.894776 time: 3238s
2021-05-19 01:40:27,206 DEBUG   Epoch 61 - Save Best Accuracy: 0.769953 Model
2021-05-19 02:34:23,842 DEBUG   Epoch 62 - avg_train_loss: 0.0023  avg_val_loss: 1.3963 F1: 0.689573  Accuracy: 0.769953 Recall@3: 0.895384 time: 3236s
2021-05-19 03:28:19,437 DEBUG   Epoch 63 - avg_train_loss: 0.0022  avg_val_loss: 1.4143 F1: 0.688970  Accuracy: 0.768602 Recall@3: 0.894269 time: 3236s
2021-05-19 04:22:13,462 DEBUG   Epoch 64 - avg_train_loss: 0.0022  avg_val_loss: 1.4156 F1: 0.691146  Accuracy: 0.769109 Recall@3: 0.895283 time: 3234s
2021-05-19 05:16:09,888 DEBUG   Epoch 65 - avg_train_loss: 0.0021  avg_val_loss: 1.4349 F1: 0.693555  Accuracy: 0.770257 Recall@3: 0.894810 time: 3236s
2021-05-19 05:16:09,889 DEBUG   Epoch 65 - Save Best Accuracy: 0.770257 Model
2021-05-19 06:10:02,548 DEBUG   Epoch 66 - avg_train_loss: 0.0023  avg_val_loss: 1.4159 F1: 0.690666  Accuracy: 0.769311 Recall@3: 0.894438 time: 3232s
2021-05-19 07:03:53,263 DEBUG   Epoch 67 - avg_train_loss: 0.0021  avg_val_loss: 1.4189 F1: 0.690369  Accuracy: 0.769142 Recall@3: 0.893897 time: 3231s
2021-05-19 07:57:54,095 DEBUG   Epoch 68 - avg_train_loss: 0.0022  avg_val_loss: 1.4179 F1: 0.689075  Accuracy: 0.768365 Recall@3: 0.894979 time: 3241s
2021-05-19 08:51:44,361 DEBUG   Epoch 69 - avg_train_loss: 0.0021  avg_val_loss: 1.4294 F1: 0.691544  Accuracy: 0.770731 Recall@3: 0.894675 time: 3230s
2021-05-19 08:51:44,362 DEBUG   Epoch 69 - Save Best Accuracy: 0.770731 Model
2021-05-19 09:45:32,085 DEBUG   Epoch 70 - avg_train_loss: 0.0021  avg_val_loss: 1.4263 F1: 0.691897  Accuracy: 0.770156 Recall@3: 0.895283 time: 3227s
2021-05-19 10:39:19,343 DEBUG   Epoch 71 - avg_train_loss: 0.0022  avg_val_loss: 1.4135 F1: 0.690743  Accuracy: 0.768534 Recall@3: 0.894979 time: 3227s
2021-05-19 11:33:08,786 DEBUG   Epoch 72 - avg_train_loss: 0.0021  avg_val_loss: 1.4299 F1: 0.690420  Accuracy: 0.769007 Recall@3: 0.894607 time: 3229s
2021-05-19 12:26:57,697 DEBUG   Epoch 73 - avg_train_loss: 0.0022  avg_val_loss: 1.4111 F1: 0.691657  Accuracy: 0.769987 Recall@3: 0.894641 time: 3229s
2021-05-19 13:20:46,523 DEBUG   Epoch 74 - avg_train_loss: 0.0021  avg_val_loss: 1.4250 F1: 0.692664  Accuracy: 0.769920 Recall@3: 0.895350 time: 3229s
2021-05-19 14:14:35,357 DEBUG   Epoch 75 - avg_train_loss: 0.0021  avg_val_loss: 1.4196 F1: 0.689696  Accuracy: 0.769379 Recall@3: 0.895114 time: 3229s
2021-05-19 15:08:22,806 DEBUG   Epoch 76 - avg_train_loss: 0.0021  avg_val_loss: 1.4154 F1: 0.691263  Accuracy: 0.770055 Recall@3: 0.894641 time: 3227s
2021-05-19 16:02:10,670 DEBUG   Epoch 77 - avg_train_loss: 0.0021  avg_val_loss: 1.4389 F1: 0.689238  Accuracy: 0.768838 Recall@3: 0.894303 time: 3228s
2021-05-19 16:55:56,493 DEBUG   Epoch 78 - avg_train_loss: 0.0021  avg_val_loss: 1.4385 F1: 0.691050  Accuracy: 0.769784 Recall@3: 0.894708 time: 3226s
2021-05-19 17:49:52,035 DEBUG   Epoch 79 - avg_train_loss: 0.0021  avg_val_loss: 1.4202 F1: 0.691622  Accuracy: 0.770156 Recall@3: 0.894675 time: 3236s
2021-05-19 18:43:39,695 DEBUG   Epoch 80 - avg_train_loss: 0.0020  avg_val_loss: 1.4217 F1: 0.692561  Accuracy: 0.770595 Recall@3: 0.895823 time: 3228s
2021-05-19 19:37:28,248 DEBUG   Epoch 81 - avg_train_loss: 0.0020  avg_val_loss: 1.4164 F1: 0.690585  Accuracy: 0.770798 Recall@3: 0.895587 time: 3229s
2021-05-19 19:37:28,250 DEBUG   Epoch 81 - Save Best Accuracy: 0.770798 Model
2021-05-19 20:31:18,294 DEBUG   Epoch 82 - avg_train_loss: 0.0021  avg_val_loss: 1.4168 F1: 0.689877  Accuracy: 0.769278 Recall@3: 0.895452 time: 3230s
2021-05-19 21:25:07,014 DEBUG   Epoch 83 - avg_train_loss: 0.0021  avg_val_loss: 1.4290 F1: 0.693683  Accuracy: 0.770156 Recall@3: 0.895486 time: 3229s
2021-05-19 22:18:58,965 DEBUG   Epoch 84 - avg_train_loss: 0.0021  avg_val_loss: 1.4109 F1: 0.691571  Accuracy: 0.769717 Recall@3: 0.894810 time: 3232s
2021-05-19 23:12:48,045 DEBUG   Epoch 85 - avg_train_loss: 0.0020  avg_val_loss: 1.4184 F1: 0.690135  Accuracy: 0.769953 Recall@3: 0.895959 time: 3229s
2021-05-20 00:06:36,312 DEBUG   Epoch 86 - avg_train_loss: 0.0021  avg_val_loss: 1.4171 F1: 0.693657  Accuracy: 0.771068 Recall@3: 0.895283 time: 3228s
2021-05-20 00:06:36,313 DEBUG   Epoch 86 - Save Best Accuracy: 0.771068 Model
2021-05-20 01:00:24,010 DEBUG   Epoch 87 - avg_train_loss: 0.0020  avg_val_loss: 1.4368 F1: 0.687806  Accuracy: 0.767960 Recall@3: 0.895013 time: 3227s
2021-05-20 01:54:12,819 DEBUG   Epoch 88 - avg_train_loss: 0.0020  avg_val_loss: 1.4315 F1: 0.692837  Accuracy: 0.770562 Recall@3: 0.895080 time: 3229s
2021-05-20 02:48:00,164 DEBUG   Epoch 89 - avg_train_loss: 0.0021  avg_val_loss: 1.4135 F1: 0.691851  Accuracy: 0.769311 Recall@3: 0.894573 time: 3227s
2021-05-20 03:41:51,767 DEBUG   Epoch 90 - avg_train_loss: 0.0021  avg_val_loss: 1.4271 F1: 0.691130  Accuracy: 0.769480 Recall@3: 0.894539 time: 3232s
2021-05-20 04:35:40,215 DEBUG   Epoch 91 - avg_train_loss: 0.0020  avg_val_loss: 1.4201 F1: 0.693730  Accuracy: 0.770528 Recall@3: 0.895823 time: 3228s
2021-05-20 05:29:30,400 DEBUG   Epoch 92 - avg_train_loss: 0.0021  avg_val_loss: 1.4244 F1: 0.689995  Accuracy: 0.769075 Recall@3: 0.895249 time: 3230s
2021-05-20 06:23:20,260 DEBUG   Epoch 93 - avg_train_loss: 0.0019  avg_val_loss: 1.4283 F1: 0.689787  Accuracy: 0.769109 Recall@3: 0.895148 time: 3230s
2021-05-20 07:17:11,815 DEBUG   Epoch 94 - avg_train_loss: 0.0020  avg_val_loss: 1.4202 F1: 0.692915  Accuracy: 0.770122 Recall@3: 0.895823 time: 3232s
2021-05-20 08:11:02,819 DEBUG   Epoch 95 - avg_train_loss: 0.0019  avg_val_loss: 1.4274 F1: 0.689837  Accuracy: 0.770257 Recall@3: 0.895452 time: 3231s
2021-05-20 09:04:56,409 DEBUG   Epoch 96 - avg_train_loss: 0.0020  avg_val_loss: 1.4262 F1: 0.692924  Accuracy: 0.770359 Recall@3: 0.894539 time: 3234s
2021-05-20 09:58:50,194 DEBUG   Epoch 97 - avg_train_loss: 0.0020  avg_val_loss: 1.4329 F1: 0.692900  Accuracy: 0.770900 Recall@3: 0.895722 time: 3234s
2021-05-20 10:52:45,281 DEBUG   Epoch 98 - avg_train_loss: 0.0021  avg_val_loss: 1.4206 F1: 0.688303  Accuracy: 0.768636 Recall@3: 0.894844 time: 3235s
2021-05-20 11:46:38,630 DEBUG   Epoch 99 - avg_train_loss: 0.0020  avg_val_loss: 1.4322 F1: 0.692866  Accuracy: 0.770190 Recall@3: 0.895790 time: 3233s
2021-05-20 12:40:32,297 DEBUG   Epoch 100 - avg_train_loss: 0.0020  avg_val_loss: 1.4220 F1: 0.693392  Accuracy: 0.771271 Recall@3: 0.894844 time: 3234s
2021-05-20 12:40:32,298 DEBUG   Epoch 100 - Save Best Accuracy: 0.771271 Model
2021-05-20 12:40:32,730 INFO [Train model] done in 431664 s.
