2021-01-16 16:46:14,134 INFO [Train model] start
2021-01-16 17:00:29,015 DEBUG   Epoch 1 - avg_train_loss: 0.8762  avg_val_loss: 2.3558 F1: 0.194467  Accuracy: 0.416484 Recall@3: 0.624725 time: 852s
2021-01-16 17:00:29,016 DEBUG   Epoch 1 - Save Best Accuracy: 0.416484 Model
2021-01-16 17:00:29,064 DEBUG   Epoch 1 - Save Best Loss: 2.3558 Model
2021-01-16 17:14:39,744 DEBUG   Epoch 2 - avg_train_loss: 0.5416  avg_val_loss: 1.9756 F1: 0.291080  Accuracy: 0.490659 Recall@3: 0.697802 time: 851s
2021-01-16 17:14:39,747 DEBUG   Epoch 2 - Save Best Accuracy: 0.490659 Model
2021-01-16 17:14:39,809 DEBUG   Epoch 2 - Save Best Loss: 1.9756 Model
2021-01-16 17:28:41,490 DEBUG   Epoch 3 - avg_train_loss: 0.4424  avg_val_loss: 1.6985 F1: 0.378458  Accuracy: 0.553846 Recall@3: 0.751648 time: 842s
2021-01-16 17:28:41,492 DEBUG   Epoch 3 - Save Best Accuracy: 0.553846 Model
2021-01-16 17:28:41,591 DEBUG   Epoch 3 - Save Best Loss: 1.6985 Model
2021-01-16 17:42:47,195 DEBUG   Epoch 4 - avg_train_loss: 0.3803  avg_val_loss: 1.6138 F1: 0.401543  Accuracy: 0.566209 Recall@3: 0.773352 time: 846s
2021-01-16 17:42:47,196 DEBUG   Epoch 4 - Save Best Accuracy: 0.566209 Model
2021-01-16 17:42:47,268 DEBUG   Epoch 4 - Save Best Loss: 1.6138 Model
2021-01-16 17:56:50,756 DEBUG   Epoch 5 - avg_train_loss: 0.3426  avg_val_loss: 1.5753 F1: 0.419712  Accuracy: 0.572527 Recall@3: 0.773901 time: 843s
2021-01-16 17:56:50,757 DEBUG   Epoch 5 - Save Best Accuracy: 0.572527 Model
2021-01-16 17:56:50,950 DEBUG   Epoch 5 - Save Best Loss: 1.5753 Model
2021-01-16 18:11:03,038 DEBUG   Epoch 6 - avg_train_loss: 0.3050  avg_val_loss: 1.5524 F1: 0.430559  Accuracy: 0.575275 Recall@3: 0.782692 time: 852s
2021-01-16 18:11:03,040 DEBUG   Epoch 6 - Save Best Accuracy: 0.575275 Model
2021-01-16 18:11:03,164 DEBUG   Epoch 6 - Save Best Loss: 1.5524 Model
2021-01-16 18:25:21,568 DEBUG   Epoch 7 - avg_train_loss: 0.2774  avg_val_loss: 1.5969 F1: 0.425588  Accuracy: 0.569780 Recall@3: 0.782692 time: 858s
2021-01-16 18:39:16,828 DEBUG   Epoch 8 - avg_train_loss: 0.2520  avg_val_loss: 1.5279 F1: 0.453306  Accuracy: 0.593407 Recall@3: 0.799725 time: 835s
2021-01-16 18:39:16,829 DEBUG   Epoch 8 - Save Best Accuracy: 0.593407 Model
2021-01-16 18:39:16,900 DEBUG   Epoch 8 - Save Best Loss: 1.5279 Model
2021-01-16 18:51:09,563 DEBUG   Epoch 9 - avg_train_loss: 0.2282  avg_val_loss: 1.5445 F1: 0.458419  Accuracy: 0.598626 Recall@3: 0.797253 time: 713s
2021-01-16 18:51:09,568 DEBUG   Epoch 9 - Save Best Accuracy: 0.598626 Model
2021-01-16 19:01:46,023 DEBUG   Epoch 10 - avg_train_loss: 0.2070  avg_val_loss: 1.5390 F1: 0.468304  Accuracy: 0.603022 Recall@3: 0.796154 time: 636s
2021-01-16 19:01:46,024 DEBUG   Epoch 10 - Save Best Accuracy: 0.603022 Model
2021-01-16 19:12:12,469 DEBUG   Epoch 11 - avg_train_loss: 0.1843  avg_val_loss: 1.5153 F1: 0.476751  Accuracy: 0.608791 Recall@3: 0.810714 time: 626s
2021-01-16 19:12:12,471 DEBUG   Epoch 11 - Save Best Accuracy: 0.608791 Model
2021-01-16 19:12:12,538 DEBUG   Epoch 11 - Save Best Loss: 1.5153 Model
2021-01-16 19:22:47,118 DEBUG   Epoch 12 - avg_train_loss: 0.1678  avg_val_loss: 1.5776 F1: 0.474177  Accuracy: 0.610714 Recall@3: 0.801648 time: 635s
2021-01-16 19:22:47,119 DEBUG   Epoch 12 - Save Best Accuracy: 0.610714 Model
2021-01-16 19:33:12,695 DEBUG   Epoch 13 - avg_train_loss: 0.1535  avg_val_loss: 1.5594 F1: 0.467257  Accuracy: 0.609066 Recall@3: 0.803846 time: 626s
2021-01-16 19:43:58,258 DEBUG   Epoch 14 - avg_train_loss: 0.1338  avg_val_loss: 1.5547 F1: 0.488861  Accuracy: 0.609615 Recall@3: 0.811813 time: 646s
2021-01-16 19:55:33,448 DEBUG   Epoch 15 - avg_train_loss: 0.1243  avg_val_loss: 1.5573 F1: 0.510367  Accuracy: 0.628022 Recall@3: 0.817033 time: 695s
2021-01-16 19:55:33,449 DEBUG   Epoch 15 - Save Best Accuracy: 0.628022 Model
2021-01-16 20:06:57,605 DEBUG   Epoch 16 - avg_train_loss: 0.1075  avg_val_loss: 1.5787 F1: 0.496583  Accuracy: 0.622253 Recall@3: 0.820604 time: 684s
2021-01-16 20:18:30,320 DEBUG   Epoch 17 - avg_train_loss: 0.0990  avg_val_loss: 1.6011 F1: 0.497561  Accuracy: 0.625824 Recall@3: 0.819780 time: 693s
2021-01-16 20:29:56,538 DEBUG   Epoch 18 - avg_train_loss: 0.0880  avg_val_loss: 1.6091 F1: 0.502355  Accuracy: 0.625275 Recall@3: 0.818681 time: 686s
2021-01-16 20:41:19,870 DEBUG   Epoch 19 - avg_train_loss: 0.0793  avg_val_loss: 1.6016 F1: 0.503817  Accuracy: 0.626374 Recall@3: 0.818681 time: 683s
2021-01-16 20:53:02,010 DEBUG   Epoch 20 - avg_train_loss: 0.0741  avg_val_loss: 1.6253 F1: 0.498492  Accuracy: 0.629670 Recall@3: 0.823626 time: 702s
2021-01-16 20:53:02,013 DEBUG   Epoch 20 - Save Best Accuracy: 0.629670 Model
2021-01-16 21:04:41,499 DEBUG   Epoch 21 - avg_train_loss: 0.0668  avg_val_loss: 1.6377 F1: 0.498639  Accuracy: 0.624451 Recall@3: 0.821703 time: 699s
2021-01-16 21:16:19,104 DEBUG   Epoch 22 - avg_train_loss: 0.0600  avg_val_loss: 1.6274 F1: 0.509642  Accuracy: 0.638462 Recall@3: 0.821703 time: 698s
2021-01-16 21:16:19,105 DEBUG   Epoch 22 - Save Best Accuracy: 0.638462 Model
2021-01-16 21:27:41,252 DEBUG   Epoch 23 - avg_train_loss: 0.0576  avg_val_loss: 1.6951 F1: 0.503481  Accuracy: 0.627473 Recall@3: 0.814560 time: 682s
2021-01-16 21:39:29,561 DEBUG   Epoch 24 - avg_train_loss: 0.0520  avg_val_loss: 1.6910 F1: 0.495039  Accuracy: 0.630220 Recall@3: 0.815934 time: 708s
2021-01-16 21:51:16,884 DEBUG   Epoch 25 - avg_train_loss: 0.0499  avg_val_loss: 1.7056 F1: 0.513651  Accuracy: 0.634066 Recall@3: 0.822253 time: 707s
2021-01-16 22:03:01,444 DEBUG   Epoch 26 - avg_train_loss: 0.0469  avg_val_loss: 1.6925 F1: 0.512776  Accuracy: 0.635989 Recall@3: 0.825549 time: 705s
2021-01-16 22:14:58,939 DEBUG   Epoch 27 - avg_train_loss: 0.0445  avg_val_loss: 1.7469 F1: 0.504165  Accuracy: 0.631319 Recall@3: 0.829396 time: 717s
2021-01-16 22:26:41,925 DEBUG   Epoch 28 - avg_train_loss: 0.0401  avg_val_loss: 1.7123 F1: 0.516001  Accuracy: 0.640385 Recall@3: 0.829121 time: 703s
2021-01-16 22:26:41,927 DEBUG   Epoch 28 - Save Best Accuracy: 0.640385 Model
2021-01-16 22:38:37,579 DEBUG   Epoch 29 - avg_train_loss: 0.0397  avg_val_loss: 1.7412 F1: 0.499658  Accuracy: 0.628297 Recall@3: 0.824451 time: 716s
2021-01-16 22:50:08,721 DEBUG   Epoch 30 - avg_train_loss: 0.0387  avg_val_loss: 1.7363 F1: 0.510663  Accuracy: 0.640659 Recall@3: 0.830220 time: 691s
2021-01-16 22:50:08,724 DEBUG   Epoch 30 - Save Best Accuracy: 0.640659 Model
2021-01-16 23:02:10,393 DEBUG   Epoch 31 - avg_train_loss: 0.0347  avg_val_loss: 1.7395 F1: 0.508511  Accuracy: 0.639560 Recall@3: 0.828846 time: 722s
2021-01-16 23:13:54,870 DEBUG   Epoch 32 - avg_train_loss: 0.0341  avg_val_loss: 1.7414 F1: 0.506712  Accuracy: 0.635165 Recall@3: 0.825549 time: 704s
2021-01-16 23:25:36,431 DEBUG   Epoch 33 - avg_train_loss: 0.0327  avg_val_loss: 1.7326 F1: 0.517613  Accuracy: 0.643956 Recall@3: 0.828022 time: 702s
2021-01-16 23:25:36,433 DEBUG   Epoch 33 - Save Best Accuracy: 0.643956 Model
2021-01-16 23:37:28,427 DEBUG   Epoch 34 - avg_train_loss: 0.0319  avg_val_loss: 1.7474 F1: 0.505272  Accuracy: 0.635989 Recall@3: 0.833791 time: 712s
2021-01-16 23:49:25,211 DEBUG   Epoch 35 - avg_train_loss: 0.0296  avg_val_loss: 1.7563 F1: 0.513407  Accuracy: 0.641758 Recall@3: 0.829396 time: 717s
2021-01-17 00:01:16,801 DEBUG   Epoch 36 - avg_train_loss: 0.0290  avg_val_loss: 1.7494 F1: 0.522443  Accuracy: 0.647527 Recall@3: 0.830495 time: 712s
2021-01-17 00:01:16,802 DEBUG   Epoch 36 - Save Best Accuracy: 0.647527 Model
2021-01-17 00:13:04,823 DEBUG   Epoch 37 - avg_train_loss: 0.0279  avg_val_loss: 1.7798 F1: 0.516767  Accuracy: 0.643407 Recall@3: 0.825824 time: 708s
2021-01-17 00:24:42,232 DEBUG   Epoch 38 - avg_train_loss: 0.0272  avg_val_loss: 1.7709 F1: 0.516726  Accuracy: 0.642033 Recall@3: 0.829670 time: 697s
2021-01-17 00:36:51,375 DEBUG   Epoch 39 - avg_train_loss: 0.0264  avg_val_loss: 1.7626 F1: 0.519557  Accuracy: 0.646978 Recall@3: 0.828297 time: 729s
2021-01-17 00:48:21,860 DEBUG   Epoch 40 - avg_train_loss: 0.0247  avg_val_loss: 1.7713 F1: 0.513235  Accuracy: 0.640385 Recall@3: 0.828297 time: 690s
2021-01-17 01:00:15,385 DEBUG   Epoch 41 - avg_train_loss: 0.0251  avg_val_loss: 1.7810 F1: 0.518052  Accuracy: 0.640934 Recall@3: 0.832692 time: 714s
2021-01-17 01:12:02,424 DEBUG   Epoch 42 - avg_train_loss: 0.0243  avg_val_loss: 1.7872 F1: 0.514357  Accuracy: 0.641758 Recall@3: 0.829945 time: 707s
2021-01-17 01:23:45,918 DEBUG   Epoch 43 - avg_train_loss: 0.0233  avg_val_loss: 1.7870 F1: 0.519243  Accuracy: 0.643132 Recall@3: 0.829670 time: 703s
2021-01-17 01:35:46,883 DEBUG   Epoch 44 - avg_train_loss: 0.0241  avg_val_loss: 1.7760 F1: 0.524207  Accuracy: 0.644231 Recall@3: 0.833242 time: 721s
2021-01-17 01:47:33,254 DEBUG   Epoch 45 - avg_train_loss: 0.0224  avg_val_loss: 1.7864 F1: 0.515900  Accuracy: 0.643681 Recall@3: 0.830220 time: 706s
2021-01-17 01:59:24,458 DEBUG   Epoch 46 - avg_train_loss: 0.0209  avg_val_loss: 1.7851 F1: 0.521720  Accuracy: 0.645604 Recall@3: 0.829121 time: 711s
2021-01-17 02:11:08,619 DEBUG   Epoch 47 - avg_train_loss: 0.0211  avg_val_loss: 1.7895 F1: 0.520048  Accuracy: 0.649176 Recall@3: 0.829121 time: 704s
2021-01-17 02:11:08,637 DEBUG   Epoch 47 - Save Best Accuracy: 0.649176 Model
2021-01-17 02:23:01,506 DEBUG   Epoch 48 - avg_train_loss: 0.0217  avg_val_loss: 1.7838 F1: 0.523872  Accuracy: 0.649451 Recall@3: 0.830769 time: 713s
2021-01-17 02:23:01,507 DEBUG   Epoch 48 - Save Best Accuracy: 0.649451 Model
2021-01-17 02:34:41,905 DEBUG   Epoch 49 - avg_train_loss: 0.0199  avg_val_loss: 1.7878 F1: 0.518022  Accuracy: 0.648352 Recall@3: 0.830769 time: 700s
2021-01-17 02:46:22,944 DEBUG   Epoch 50 - avg_train_loss: 0.0206  avg_val_loss: 1.7827 F1: 0.525341  Accuracy: 0.651648 Recall@3: 0.831044 time: 701s
2021-01-17 02:46:22,946 DEBUG   Epoch 50 - Save Best Accuracy: 0.651648 Model
2021-01-17 02:58:25,661 DEBUG   Epoch 51 - avg_train_loss: 0.0198  avg_val_loss: 1.8118 F1: 0.517393  Accuracy: 0.645604 Recall@3: 0.829121 time: 723s
2021-01-17 03:10:26,047 DEBUG   Epoch 52 - avg_train_loss: 0.0195  avg_val_loss: 1.7979 F1: 0.520318  Accuracy: 0.647253 Recall@3: 0.834341 time: 720s
2021-01-17 03:22:10,302 DEBUG   Epoch 53 - avg_train_loss: 0.0195  avg_val_loss: 1.7948 F1: 0.522169  Accuracy: 0.650824 Recall@3: 0.827473 time: 704s
2021-01-17 03:33:54,405 DEBUG   Epoch 54 - avg_train_loss: 0.0199  avg_val_loss: 1.8022 F1: 0.527782  Accuracy: 0.648901 Recall@3: 0.828297 time: 704s
2021-01-17 03:45:41,647 DEBUG   Epoch 55 - avg_train_loss: 0.0198  avg_val_loss: 1.8038 F1: 0.521330  Accuracy: 0.647802 Recall@3: 0.829121 time: 707s
2021-01-17 03:57:42,393 DEBUG   Epoch 56 - avg_train_loss: 0.0187  avg_val_loss: 1.8072 F1: 0.518809  Accuracy: 0.646978 Recall@3: 0.829945 time: 721s
2021-01-17 04:09:39,535 DEBUG   Epoch 57 - avg_train_loss: 0.0191  avg_val_loss: 1.8101 F1: 0.523348  Accuracy: 0.650275 Recall@3: 0.828297 time: 717s
2021-01-17 04:21:41,049 DEBUG   Epoch 58 - avg_train_loss: 0.0183  avg_val_loss: 1.8035 F1: 0.523759  Accuracy: 0.651648 Recall@3: 0.829945 time: 722s
2021-01-17 04:33:42,835 DEBUG   Epoch 59 - avg_train_loss: 0.0184  avg_val_loss: 1.8084 F1: 0.526151  Accuracy: 0.652747 Recall@3: 0.831319 time: 722s
2021-01-17 04:33:42,835 DEBUG   Epoch 59 - Save Best Accuracy: 0.652747 Model
2021-01-17 04:45:57,857 DEBUG   Epoch 60 - avg_train_loss: 0.0189  avg_val_loss: 1.8084 F1: 0.520742  Accuracy: 0.650000 Recall@3: 0.833791 time: 735s
2021-01-17 04:57:56,075 DEBUG   Epoch 61 - avg_train_loss: 0.0188  avg_val_loss: 1.8111 F1: 0.525748  Accuracy: 0.650549 Recall@3: 0.830769 time: 718s
2021-01-17 05:09:45,561 DEBUG   Epoch 62 - avg_train_loss: 0.0178  avg_val_loss: 1.8084 F1: 0.523738  Accuracy: 0.650000 Recall@3: 0.830495 time: 709s
2021-01-17 05:21:44,820 DEBUG   Epoch 63 - avg_train_loss: 0.0173  avg_val_loss: 1.8098 F1: 0.520204  Accuracy: 0.648626 Recall@3: 0.831868 time: 719s
2021-01-17 05:33:30,597 DEBUG   Epoch 64 - avg_train_loss: 0.0173  avg_val_loss: 1.8056 F1: 0.519951  Accuracy: 0.651374 Recall@3: 0.832692 time: 706s
2021-01-17 05:45:40,265 DEBUG   Epoch 65 - avg_train_loss: 0.0175  avg_val_loss: 1.8155 F1: 0.524768  Accuracy: 0.653846 Recall@3: 0.831319 time: 730s
2021-01-17 05:45:40,267 DEBUG   Epoch 65 - Save Best Accuracy: 0.653846 Model
2021-01-17 05:57:30,630 DEBUG   Epoch 66 - avg_train_loss: 0.0173  avg_val_loss: 1.8126 F1: 0.524329  Accuracy: 0.650824 Recall@3: 0.834890 time: 710s
2021-01-17 06:09:22,702 DEBUG   Epoch 67 - avg_train_loss: 0.0182  avg_val_loss: 1.8130 F1: 0.523763  Accuracy: 0.650549 Recall@3: 0.831868 time: 712s
2021-01-17 06:21:13,836 DEBUG   Epoch 68 - avg_train_loss: 0.0176  avg_val_loss: 1.8182 F1: 0.522964  Accuracy: 0.649176 Recall@3: 0.831868 time: 711s
2021-01-17 06:33:35,242 DEBUG   Epoch 69 - avg_train_loss: 0.0167  avg_val_loss: 1.8196 F1: 0.521053  Accuracy: 0.650000 Recall@3: 0.834341 time: 741s
2021-01-17 06:45:22,180 DEBUG   Epoch 70 - avg_train_loss: 0.0174  avg_val_loss: 1.8174 F1: 0.526260  Accuracy: 0.653571 Recall@3: 0.834341 time: 707s
2021-01-17 06:57:17,494 DEBUG   Epoch 71 - avg_train_loss: 0.0163  avg_val_loss: 1.8189 F1: 0.525378  Accuracy: 0.652198 Recall@3: 0.832692 time: 715s
2021-01-17 07:09:03,020 DEBUG   Epoch 72 - avg_train_loss: 0.0170  avg_val_loss: 1.8201 F1: 0.523517  Accuracy: 0.650824 Recall@3: 0.833791 time: 706s
2021-01-17 07:21:10,803 DEBUG   Epoch 73 - avg_train_loss: 0.0171  avg_val_loss: 1.8218 F1: 0.527059  Accuracy: 0.653571 Recall@3: 0.831593 time: 728s
2021-01-17 07:32:58,152 DEBUG   Epoch 74 - avg_train_loss: 0.0169  avg_val_loss: 1.8184 F1: 0.527268  Accuracy: 0.653297 Recall@3: 0.832692 time: 707s
2021-01-17 07:44:44,160 DEBUG   Epoch 75 - avg_train_loss: 0.0162  avg_val_loss: 1.8228 F1: 0.524115  Accuracy: 0.653022 Recall@3: 0.832692 time: 706s
2021-01-17 07:56:40,673 DEBUG   Epoch 76 - avg_train_loss: 0.0165  avg_val_loss: 1.8222 F1: 0.529424  Accuracy: 0.654396 Recall@3: 0.832967 time: 717s
2021-01-17 07:56:40,675 DEBUG   Epoch 76 - Save Best Accuracy: 0.654396 Model
2021-01-17 08:08:43,660 DEBUG   Epoch 77 - avg_train_loss: 0.0170  avg_val_loss: 1.8184 F1: 0.529075  Accuracy: 0.656044 Recall@3: 0.831868 time: 723s
2021-01-17 08:08:43,667 DEBUG   Epoch 77 - Save Best Accuracy: 0.656044 Model
2021-01-17 08:20:20,714 DEBUG   Epoch 78 - avg_train_loss: 0.0170  avg_val_loss: 1.8204 F1: 0.525807  Accuracy: 0.655220 Recall@3: 0.831593 time: 697s
2021-01-17 08:32:05,373 DEBUG   Epoch 79 - avg_train_loss: 0.0172  avg_val_loss: 1.8229 F1: 0.524571  Accuracy: 0.654396 Recall@3: 0.830769 time: 705s
2021-01-17 08:43:49,353 DEBUG   Epoch 80 - avg_train_loss: 0.0160  avg_val_loss: 1.8203 F1: 0.527115  Accuracy: 0.654396 Recall@3: 0.832692 time: 704s
2021-01-17 08:55:42,659 DEBUG   Epoch 81 - avg_train_loss: 0.0168  avg_val_loss: 1.8187 F1: 0.527858  Accuracy: 0.654396 Recall@3: 0.831868 time: 713s
2021-01-17 09:07:51,625 DEBUG   Epoch 82 - avg_train_loss: 0.0169  avg_val_loss: 1.8160 F1: 0.529621  Accuracy: 0.654396 Recall@3: 0.833516 time: 729s
2021-01-17 09:19:57,009 DEBUG   Epoch 83 - avg_train_loss: 0.0160  avg_val_loss: 1.8163 F1: 0.531037  Accuracy: 0.656593 Recall@3: 0.833516 time: 725s
2021-01-17 09:19:57,011 DEBUG   Epoch 83 - Save Best Accuracy: 0.656593 Model
2021-01-17 09:31:31,326 DEBUG   Epoch 84 - avg_train_loss: 0.0163  avg_val_loss: 1.8218 F1: 0.530903  Accuracy: 0.655495 Recall@3: 0.832143 time: 694s
2021-01-17 09:43:17,780 DEBUG   Epoch 85 - avg_train_loss: 0.0164  avg_val_loss: 1.8188 F1: 0.531231  Accuracy: 0.656319 Recall@3: 0.833516 time: 706s
2021-01-17 09:55:15,970 DEBUG   Epoch 86 - avg_train_loss: 0.0160  avg_val_loss: 1.8199 F1: 0.528615  Accuracy: 0.655220 Recall@3: 0.833242 time: 718s
2021-01-17 10:07:04,414 DEBUG   Epoch 87 - avg_train_loss: 0.0162  avg_val_loss: 1.8192 F1: 0.528974  Accuracy: 0.654121 Recall@3: 0.835165 time: 708s
2021-01-17 10:18:51,670 DEBUG   Epoch 88 - avg_train_loss: 0.0176  avg_val_loss: 1.8172 F1: 0.526510  Accuracy: 0.653297 Recall@3: 0.832143 time: 707s
2021-01-17 10:30:41,589 DEBUG   Epoch 89 - avg_train_loss: 0.0158  avg_val_loss: 1.8240 F1: 0.525837  Accuracy: 0.653022 Recall@3: 0.831319 time: 710s
2021-01-17 10:42:45,614 DEBUG   Epoch 90 - avg_train_loss: 0.0169  avg_val_loss: 1.8188 F1: 0.528539  Accuracy: 0.653571 Recall@3: 0.832143 time: 724s
2021-01-17 10:54:43,743 DEBUG   Epoch 91 - avg_train_loss: 0.0158  avg_val_loss: 1.8199 F1: 0.528960  Accuracy: 0.654396 Recall@3: 0.834341 time: 718s
2021-01-17 11:06:32,271 DEBUG   Epoch 92 - avg_train_loss: 0.0163  avg_val_loss: 1.8192 F1: 0.527096  Accuracy: 0.653022 Recall@3: 0.834890 time: 709s
2021-01-17 11:18:29,467 DEBUG   Epoch 93 - avg_train_loss: 0.0161  avg_val_loss: 1.8239 F1: 0.521295  Accuracy: 0.650275 Recall@3: 0.831868 time: 717s
2021-01-17 11:30:35,432 DEBUG   Epoch 94 - avg_train_loss: 0.0159  avg_val_loss: 1.8227 F1: 0.524715  Accuracy: 0.652473 Recall@3: 0.832418 time: 726s
2021-01-17 11:42:15,656 DEBUG   Epoch 95 - avg_train_loss: 0.0161  avg_val_loss: 1.8233 F1: 0.527783  Accuracy: 0.653297 Recall@3: 0.834066 time: 700s
2021-01-17 11:54:15,636 DEBUG   Epoch 96 - avg_train_loss: 0.0164  avg_val_loss: 1.8228 F1: 0.523268  Accuracy: 0.650000 Recall@3: 0.834615 time: 720s
2021-01-17 12:05:55,741 DEBUG   Epoch 97 - avg_train_loss: 0.0162  avg_val_loss: 1.8183 F1: 0.524949  Accuracy: 0.652473 Recall@3: 0.833791 time: 700s
2021-01-17 12:17:59,147 DEBUG   Epoch 98 - avg_train_loss: 0.0162  avg_val_loss: 1.8208 F1: 0.525971  Accuracy: 0.652198 Recall@3: 0.831319 time: 723s
2021-01-17 12:30:05,966 DEBUG   Epoch 99 - avg_train_loss: 0.0164  avg_val_loss: 1.8200 F1: 0.526020  Accuracy: 0.653846 Recall@3: 0.833516 time: 727s
2021-01-17 12:41:57,455 DEBUG   Epoch 100 - avg_train_loss: 0.0169  avg_val_loss: 1.8243 F1: 0.529581  Accuracy: 0.653297 Recall@3: 0.832143 time: 711s
2021-01-17 12:41:57,464 INFO [Train model] done in 71743 s.
