2021-02-15 13:32:56,402 INFO [Train model] start
2021-02-15 13:42:08,288 DEBUG   Epoch 1 - avg_train_loss: 0.2111  avg_val_loss: 2.1297 F1: 0.217373  Accuracy: 0.465934 Recall@3: 0.676374 time: 551s
2021-02-15 13:42:08,290 DEBUG   Epoch 1 - Save Best Accuracy: 0.465934 Model
2021-02-15 13:42:08,399 DEBUG   Epoch 1 - Save Best Loss: 2.1297 Model
2021-02-15 13:51:43,542 DEBUG   Epoch 2 - avg_train_loss: 0.1253  avg_val_loss: 1.6023 F1: 0.357854  Accuracy: 0.573901 Recall@3: 0.770604 time: 575s
2021-02-15 13:51:43,543 DEBUG   Epoch 2 - Save Best Accuracy: 0.573901 Model
2021-02-15 13:51:43,701 DEBUG   Epoch 2 - Save Best Loss: 1.6023 Model
2021-02-15 14:01:22,325 DEBUG   Epoch 3 - avg_train_loss: 0.1015  avg_val_loss: 1.4279 F1: 0.420509  Accuracy: 0.603022 Recall@3: 0.811538 time: 579s
2021-02-15 14:01:22,326 DEBUG   Epoch 3 - Save Best Accuracy: 0.603022 Model
2021-02-15 14:01:22,422 DEBUG   Epoch 3 - Save Best Loss: 1.4279 Model
2021-02-15 14:11:11,971 DEBUG   Epoch 4 - avg_train_loss: 0.0835  avg_val_loss: 1.2834 F1: 0.482335  Accuracy: 0.642857 Recall@3: 0.837088 time: 589s
2021-02-15 14:11:11,971 DEBUG   Epoch 4 - Save Best Accuracy: 0.642857 Model
2021-02-15 14:11:12,064 DEBUG   Epoch 4 - Save Best Loss: 1.2834 Model
2021-02-15 14:20:56,901 DEBUG   Epoch 5 - avg_train_loss: 0.0720  avg_val_loss: 1.2988 F1: 0.508832  Accuracy: 0.648077 Recall@3: 0.830495 time: 585s
2021-02-15 14:20:56,902 DEBUG   Epoch 5 - Save Best Accuracy: 0.648077 Model
2021-02-15 14:30:42,728 DEBUG   Epoch 6 - avg_train_loss: 0.0645  avg_val_loss: 1.2438 F1: 0.530579  Accuracy: 0.664011 Recall@3: 0.850275 time: 586s
2021-02-15 14:30:42,729 DEBUG   Epoch 6 - Save Best Accuracy: 0.664011 Model
2021-02-15 14:30:42,837 DEBUG   Epoch 6 - Save Best Loss: 1.2438 Model
2021-02-15 14:40:22,646 DEBUG   Epoch 7 - avg_train_loss: 0.0569  avg_val_loss: 1.2334 F1: 0.531117  Accuracy: 0.667857 Recall@3: 0.848626 time: 580s
2021-02-15 14:40:22,647 DEBUG   Epoch 7 - Save Best Accuracy: 0.667857 Model
2021-02-15 14:40:22,743 DEBUG   Epoch 7 - Save Best Loss: 1.2334 Model
2021-02-15 14:50:03,716 DEBUG   Epoch 8 - avg_train_loss: 0.0495  avg_val_loss: 1.2337 F1: 0.551714  Accuracy: 0.673626 Recall@3: 0.851923 time: 581s
2021-02-15 14:50:03,717 DEBUG   Epoch 8 - Save Best Accuracy: 0.673626 Model
2021-02-15 14:59:43,472 DEBUG   Epoch 9 - avg_train_loss: 0.0451  avg_val_loss: 1.2454 F1: 0.570018  Accuracy: 0.680495 Recall@3: 0.850824 time: 580s
2021-02-15 14:59:43,473 DEBUG   Epoch 9 - Save Best Accuracy: 0.680495 Model
2021-02-15 15:09:21,997 DEBUG   Epoch 10 - avg_train_loss: 0.0398  avg_val_loss: 1.2502 F1: 0.563632  Accuracy: 0.684615 Recall@3: 0.853571 time: 578s
2021-02-15 15:09:21,998 DEBUG   Epoch 10 - Save Best Accuracy: 0.684615 Model
2021-02-15 15:19:01,524 DEBUG   Epoch 11 - avg_train_loss: 0.0343  avg_val_loss: 1.2356 F1: 0.579128  Accuracy: 0.688187 Recall@3: 0.857967 time: 579s
2021-02-15 15:19:01,525 DEBUG   Epoch 11 - Save Best Accuracy: 0.688187 Model
2021-02-15 15:28:42,657 DEBUG   Epoch 12 - avg_train_loss: 0.0301  avg_val_loss: 1.2319 F1: 0.583879  Accuracy: 0.695879 Recall@3: 0.862912 time: 581s
2021-02-15 15:28:42,658 DEBUG   Epoch 12 - Save Best Accuracy: 0.695879 Model
2021-02-15 15:28:42,782 DEBUG   Epoch 12 - Save Best Loss: 1.2319 Model
2021-02-15 15:38:26,013 DEBUG   Epoch 13 - avg_train_loss: 0.0270  avg_val_loss: 1.2654 F1: 0.584612  Accuracy: 0.690385 Recall@3: 0.863187 time: 583s
2021-02-15 15:48:04,367 DEBUG   Epoch 14 - avg_train_loss: 0.0235  avg_val_loss: 1.2971 F1: 0.581350  Accuracy: 0.687637 Recall@3: 0.856044 time: 578s
2021-02-15 15:57:33,256 DEBUG   Epoch 15 - avg_train_loss: 0.0206  avg_val_loss: 1.2811 F1: 0.598673  Accuracy: 0.704121 Recall@3: 0.857967 time: 569s
2021-02-15 15:57:33,257 DEBUG   Epoch 15 - Save Best Accuracy: 0.704121 Model
2021-02-15 16:07:08,073 DEBUG   Epoch 16 - avg_train_loss: 0.0189  avg_val_loss: 1.3211 F1: 0.581825  Accuracy: 0.696429 Recall@3: 0.864835 time: 575s
2021-02-15 16:16:47,652 DEBUG   Epoch 17 - avg_train_loss: 0.0160  avg_val_loss: 1.3213 F1: 0.590924  Accuracy: 0.700824 Recall@3: 0.865385 time: 580s
2021-02-15 16:26:19,631 DEBUG   Epoch 18 - avg_train_loss: 0.0148  avg_val_loss: 1.3576 F1: 0.587423  Accuracy: 0.699176 Recall@3: 0.862637 time: 572s
2021-02-15 16:35:50,059 DEBUG   Epoch 19 - avg_train_loss: 0.0128  avg_val_loss: 1.3221 F1: 0.606475  Accuracy: 0.708516 Recall@3: 0.868681 time: 570s
2021-02-15 16:35:50,060 DEBUG   Epoch 19 - Save Best Accuracy: 0.708516 Model
2021-02-15 16:45:23,178 DEBUG   Epoch 20 - avg_train_loss: 0.0130  avg_val_loss: 1.3467 F1: 0.597864  Accuracy: 0.706868 Recall@3: 0.863187 time: 573s
2021-02-15 16:54:58,563 DEBUG   Epoch 21 - avg_train_loss: 0.0107  avg_val_loss: 1.3558 F1: 0.605457  Accuracy: 0.704396 Recall@3: 0.865385 time: 575s
2021-02-15 17:04:30,699 DEBUG   Epoch 22 - avg_train_loss: 0.0098  avg_val_loss: 1.3665 F1: 0.605286  Accuracy: 0.706044 Recall@3: 0.866209 time: 572s
2021-02-15 17:14:14,093 DEBUG   Epoch 23 - avg_train_loss: 0.0088  avg_val_loss: 1.3652 F1: 0.609232  Accuracy: 0.709890 Recall@3: 0.863736 time: 583s
2021-02-15 17:14:14,094 DEBUG   Epoch 23 - Save Best Accuracy: 0.709890 Model
2021-02-15 17:24:08,332 DEBUG   Epoch 24 - avg_train_loss: 0.0085  avg_val_loss: 1.3645 F1: 0.607292  Accuracy: 0.709341 Recall@3: 0.868407 time: 594s
2021-02-15 17:34:05,889 DEBUG   Epoch 25 - avg_train_loss: 0.0074  avg_val_loss: 1.3985 F1: 0.600945  Accuracy: 0.708242 Recall@3: 0.868132 time: 598s
2021-02-15 17:44:04,139 DEBUG   Epoch 26 - avg_train_loss: 0.0071  avg_val_loss: 1.3970 F1: 0.604780  Accuracy: 0.706044 Recall@3: 0.867033 time: 598s
2021-02-15 17:53:59,638 DEBUG   Epoch 27 - avg_train_loss: 0.0066  avg_val_loss: 1.4245 F1: 0.615879  Accuracy: 0.712912 Recall@3: 0.867308 time: 595s
2021-02-15 17:53:59,639 DEBUG   Epoch 27 - Save Best Accuracy: 0.712912 Model
2021-02-15 18:04:08,789 DEBUG   Epoch 28 - avg_train_loss: 0.0064  avg_val_loss: 1.4164 F1: 0.614058  Accuracy: 0.705495 Recall@3: 0.869780 time: 609s
2021-02-15 18:14:10,053 DEBUG   Epoch 29 - avg_train_loss: 0.0058  avg_val_loss: 1.3957 F1: 0.617017  Accuracy: 0.717582 Recall@3: 0.869780 time: 601s
2021-02-15 18:14:10,054 DEBUG   Epoch 29 - Save Best Accuracy: 0.717582 Model
2021-02-15 18:24:05,499 DEBUG   Epoch 30 - avg_train_loss: 0.0055  avg_val_loss: 1.4077 F1: 0.616111  Accuracy: 0.713462 Recall@3: 0.869780 time: 595s
2021-02-15 18:34:12,314 DEBUG   Epoch 31 - avg_train_loss: 0.0052  avg_val_loss: 1.4166 F1: 0.617912  Accuracy: 0.714835 Recall@3: 0.870879 time: 607s
2021-02-15 18:44:07,795 DEBUG   Epoch 32 - avg_train_loss: 0.0051  avg_val_loss: 1.4223 F1: 0.618721  Accuracy: 0.716484 Recall@3: 0.868132 time: 595s
2021-02-15 18:54:13,613 DEBUG   Epoch 33 - avg_train_loss: 0.0046  avg_val_loss: 1.4431 F1: 0.617170  Accuracy: 0.713187 Recall@3: 0.870055 time: 606s
2021-02-15 19:04:30,633 DEBUG   Epoch 34 - avg_train_loss: 0.0044  avg_val_loss: 1.4294 F1: 0.623653  Accuracy: 0.715385 Recall@3: 0.870879 time: 617s
2021-02-15 19:14:53,567 DEBUG   Epoch 35 - avg_train_loss: 0.0047  avg_val_loss: 1.4363 F1: 0.617865  Accuracy: 0.714286 Recall@3: 0.868407 time: 623s
2021-02-15 19:25:12,514 DEBUG   Epoch 36 - avg_train_loss: 0.0042  avg_val_loss: 1.4466 F1: 0.617541  Accuracy: 0.714286 Recall@3: 0.866484 time: 619s
2021-02-15 19:35:24,314 DEBUG   Epoch 37 - avg_train_loss: 0.0042  avg_val_loss: 1.4352 F1: 0.617360  Accuracy: 0.715934 Recall@3: 0.868956 time: 612s
2021-02-15 19:45:44,829 DEBUG   Epoch 38 - avg_train_loss: 0.0040  avg_val_loss: 1.4337 F1: 0.617278  Accuracy: 0.715934 Recall@3: 0.868681 time: 621s
2021-02-15 19:56:07,598 DEBUG   Epoch 39 - avg_train_loss: 0.0042  avg_val_loss: 1.4463 F1: 0.615965  Accuracy: 0.713736 Recall@3: 0.869505 time: 623s
2021-02-15 20:06:18,927 DEBUG   Epoch 40 - avg_train_loss: 0.0041  avg_val_loss: 1.4459 F1: 0.611745  Accuracy: 0.715385 Recall@3: 0.870879 time: 611s
2021-02-15 20:16:35,913 DEBUG   Epoch 41 - avg_train_loss: 0.0038  avg_val_loss: 1.4517 F1: 0.614628  Accuracy: 0.713736 Recall@3: 0.870879 time: 617s
2021-02-15 20:26:50,897 DEBUG   Epoch 42 - avg_train_loss: 0.0034  avg_val_loss: 1.4550 F1: 0.617029  Accuracy: 0.717308 Recall@3: 0.871154 time: 615s
2021-02-15 20:37:16,425 DEBUG   Epoch 43 - avg_train_loss: 0.0034  avg_val_loss: 1.4654 F1: 0.613214  Accuracy: 0.710989 Recall@3: 0.865110 time: 626s
2021-02-15 20:47:41,745 DEBUG   Epoch 44 - avg_train_loss: 0.0034  avg_val_loss: 1.4654 F1: 0.615416  Accuracy: 0.716484 Recall@3: 0.867033 time: 625s
2021-02-15 20:58:11,378 DEBUG   Epoch 45 - avg_train_loss: 0.0034  avg_val_loss: 1.4570 F1: 0.620764  Accuracy: 0.719505 Recall@3: 0.870604 time: 630s
2021-02-15 20:58:11,379 DEBUG   Epoch 45 - Save Best Accuracy: 0.719505 Model
2021-02-15 21:08:37,674 DEBUG   Epoch 46 - avg_train_loss: 0.0035  avg_val_loss: 1.4651 F1: 0.623627  Accuracy: 0.720879 Recall@3: 0.871703 time: 626s
2021-02-15 21:08:37,675 DEBUG   Epoch 46 - Save Best Accuracy: 0.720879 Model
2021-02-15 21:19:02,214 DEBUG   Epoch 47 - avg_train_loss: 0.0031  avg_val_loss: 1.4647 F1: 0.621471  Accuracy: 0.718956 Recall@3: 0.868407 time: 624s
2021-02-15 21:29:30,488 DEBUG   Epoch 48 - avg_train_loss: 0.0032  avg_val_loss: 1.4620 F1: 0.620145  Accuracy: 0.719505 Recall@3: 0.873352 time: 628s
2021-02-15 21:39:57,772 DEBUG   Epoch 49 - avg_train_loss: 0.0032  avg_val_loss: 1.4662 F1: 0.614826  Accuracy: 0.715110 Recall@3: 0.870879 time: 627s
2021-02-15 21:50:25,075 DEBUG   Epoch 50 - avg_train_loss: 0.0031  avg_val_loss: 1.4618 F1: 0.618211  Accuracy: 0.717582 Recall@3: 0.869231 time: 627s
2021-02-15 22:00:44,973 DEBUG   Epoch 51 - avg_train_loss: 0.0030  avg_val_loss: 1.4661 F1: 0.618830  Accuracy: 0.718956 Recall@3: 0.869231 time: 620s
2021-02-15 22:11:12,181 DEBUG   Epoch 52 - avg_train_loss: 0.0035  avg_val_loss: 1.4724 F1: 0.621473  Accuracy: 0.716484 Recall@3: 0.867308 time: 627s
2021-02-15 22:21:45,587 DEBUG   Epoch 53 - avg_train_loss: 0.0031  avg_val_loss: 1.4748 F1: 0.618762  Accuracy: 0.717033 Recall@3: 0.871978 time: 633s
2021-02-15 22:32:00,974 DEBUG   Epoch 54 - avg_train_loss: 0.0029  avg_val_loss: 1.4654 F1: 0.617850  Accuracy: 0.716209 Recall@3: 0.872253 time: 615s
2021-02-15 22:42:27,275 DEBUG   Epoch 55 - avg_train_loss: 0.0025  avg_val_loss: 1.4627 F1: 0.619664  Accuracy: 0.717857 Recall@3: 0.870055 time: 626s
2021-02-15 22:53:00,868 DEBUG   Epoch 56 - avg_train_loss: 0.0029  avg_val_loss: 1.4634 F1: 0.616862  Accuracy: 0.716758 Recall@3: 0.870330 time: 634s
2021-02-15 23:03:32,042 DEBUG   Epoch 57 - avg_train_loss: 0.0027  avg_val_loss: 1.4654 F1: 0.616114  Accuracy: 0.715110 Recall@3: 0.871429 time: 631s
2021-02-15 23:13:46,567 DEBUG   Epoch 58 - avg_train_loss: 0.0027  avg_val_loss: 1.4712 F1: 0.622142  Accuracy: 0.718132 Recall@3: 0.872527 time: 615s
2021-02-15 23:24:16,752 DEBUG   Epoch 59 - avg_train_loss: 0.0030  avg_val_loss: 1.4740 F1: 0.617630  Accuracy: 0.716758 Recall@3: 0.872527 time: 630s
2021-02-15 23:34:37,747 DEBUG   Epoch 60 - avg_train_loss: 0.0028  avg_val_loss: 1.4708 F1: 0.623630  Accuracy: 0.720330 Recall@3: 0.873626 time: 621s
2021-02-15 23:45:13,062 DEBUG   Epoch 61 - avg_train_loss: 0.0030  avg_val_loss: 1.4752 F1: 0.620189  Accuracy: 0.718132 Recall@3: 0.871154 time: 635s
2021-02-15 23:55:24,704 DEBUG   Epoch 62 - avg_train_loss: 0.0027  avg_val_loss: 1.4765 F1: 0.621989  Accuracy: 0.717308 Recall@3: 0.874176 time: 612s
2021-02-16 00:05:55,435 DEBUG   Epoch 63 - avg_train_loss: 0.0024  avg_val_loss: 1.4762 F1: 0.619053  Accuracy: 0.714835 Recall@3: 0.873352 time: 631s
2021-02-16 00:16:05,222 DEBUG   Epoch 64 - avg_train_loss: 0.0027  avg_val_loss: 1.4726 F1: 0.621168  Accuracy: 0.718407 Recall@3: 0.872253 time: 610s
2021-02-16 00:26:43,826 DEBUG   Epoch 65 - avg_train_loss: 0.0026  avg_val_loss: 1.4736 F1: 0.620125  Accuracy: 0.716758 Recall@3: 0.872802 time: 639s
2021-02-16 00:37:12,604 DEBUG   Epoch 66 - avg_train_loss: 0.0026  avg_val_loss: 1.4828 F1: 0.621088  Accuracy: 0.717308 Recall@3: 0.871154 time: 629s
2021-02-16 00:47:43,329 DEBUG   Epoch 67 - avg_train_loss: 0.0024  avg_val_loss: 1.4771 F1: 0.619894  Accuracy: 0.718132 Recall@3: 0.871978 time: 631s
2021-02-16 00:58:11,637 DEBUG   Epoch 68 - avg_train_loss: 0.0027  avg_val_loss: 1.4853 F1: 0.624998  Accuracy: 0.719780 Recall@3: 0.869780 time: 628s
2021-02-16 01:08:49,489 DEBUG   Epoch 69 - avg_train_loss: 0.0024  avg_val_loss: 1.4841 F1: 0.625104  Accuracy: 0.719505 Recall@3: 0.871429 time: 638s
2021-02-16 01:19:08,710 DEBUG   Epoch 70 - avg_train_loss: 0.0027  avg_val_loss: 1.4778 F1: 0.622868  Accuracy: 0.719505 Recall@3: 0.869505 time: 619s
2021-02-16 01:29:43,804 DEBUG   Epoch 71 - avg_train_loss: 0.0025  avg_val_loss: 1.4759 F1: 0.626105  Accuracy: 0.720604 Recall@3: 0.870055 time: 635s
2021-02-16 01:40:14,100 DEBUG   Epoch 72 - avg_train_loss: 0.0027  avg_val_loss: 1.4711 F1: 0.622791  Accuracy: 0.720604 Recall@3: 0.871703 time: 630s
2021-02-16 01:50:51,304 DEBUG   Epoch 73 - avg_train_loss: 0.0026  avg_val_loss: 1.4758 F1: 0.616585  Accuracy: 0.714560 Recall@3: 0.870604 time: 637s
2021-02-16 02:01:12,489 DEBUG   Epoch 74 - avg_train_loss: 0.0027  avg_val_loss: 1.4756 F1: 0.621361  Accuracy: 0.719780 Recall@3: 0.870330 time: 621s
2021-02-16 02:11:48,756 DEBUG   Epoch 75 - avg_train_loss: 0.0022  avg_val_loss: 1.4824 F1: 0.620153  Accuracy: 0.718681 Recall@3: 0.872527 time: 636s
2021-02-16 02:22:26,345 DEBUG   Epoch 76 - avg_train_loss: 0.0024  avg_val_loss: 1.4825 F1: 0.622643  Accuracy: 0.716758 Recall@3: 0.871703 time: 638s
2021-02-16 02:32:59,755 DEBUG   Epoch 77 - avg_train_loss: 0.0027  avg_val_loss: 1.4692 F1: 0.621138  Accuracy: 0.717308 Recall@3: 0.870879 time: 633s
2021-02-16 02:43:28,989 DEBUG   Epoch 78 - avg_train_loss: 0.0024  avg_val_loss: 1.4769 F1: 0.625193  Accuracy: 0.720330 Recall@3: 0.869780 time: 629s
2021-02-16 02:54:14,011 DEBUG   Epoch 79 - avg_train_loss: 0.0025  avg_val_loss: 1.4802 F1: 0.623659  Accuracy: 0.719231 Recall@3: 0.870330 time: 645s
2021-02-16 03:04:43,336 DEBUG   Epoch 80 - avg_train_loss: 0.0024  avg_val_loss: 1.4800 F1: 0.622757  Accuracy: 0.718956 Recall@3: 0.868956 time: 629s
2021-02-16 03:15:19,006 DEBUG   Epoch 81 - avg_train_loss: 0.0024  avg_val_loss: 1.4761 F1: 0.621270  Accuracy: 0.718956 Recall@3: 0.870330 time: 636s
2021-02-16 03:25:40,260 DEBUG   Epoch 82 - avg_train_loss: 0.0024  avg_val_loss: 1.4795 F1: 0.620660  Accuracy: 0.718132 Recall@3: 0.871429 time: 621s
2021-02-16 03:36:18,365 DEBUG   Epoch 83 - avg_train_loss: 0.0025  avg_val_loss: 1.4846 F1: 0.623892  Accuracy: 0.720330 Recall@3: 0.869505 time: 638s
2021-02-16 03:46:52,215 DEBUG   Epoch 84 - avg_train_loss: 0.0027  avg_val_loss: 1.4832 F1: 0.621517  Accuracy: 0.719231 Recall@3: 0.870879 time: 634s
2021-02-16 03:57:31,728 DEBUG   Epoch 85 - avg_train_loss: 0.0025  avg_val_loss: 1.4882 F1: 0.620452  Accuracy: 0.717857 Recall@3: 0.870055 time: 640s
2021-02-16 04:08:04,651 DEBUG   Epoch 86 - avg_train_loss: 0.0028  avg_val_loss: 1.4802 F1: 0.618938  Accuracy: 0.717857 Recall@3: 0.871154 time: 633s
2021-02-16 04:18:45,961 DEBUG   Epoch 87 - avg_train_loss: 0.0026  avg_val_loss: 1.4862 F1: 0.617916  Accuracy: 0.716209 Recall@3: 0.868956 time: 641s
2021-02-16 04:29:11,341 DEBUG   Epoch 88 - avg_train_loss: 0.0023  avg_val_loss: 1.4788 F1: 0.620719  Accuracy: 0.718132 Recall@3: 0.869231 time: 625s
2021-02-16 04:39:38,178 DEBUG   Epoch 89 - avg_train_loss: 0.0022  avg_val_loss: 1.4748 F1: 0.623957  Accuracy: 0.720055 Recall@3: 0.870604 time: 627s
2021-02-16 04:50:22,183 DEBUG   Epoch 90 - avg_train_loss: 0.0027  avg_val_loss: 1.4820 F1: 0.621607  Accuracy: 0.718681 Recall@3: 0.869780 time: 644s
2021-02-16 05:00:55,490 DEBUG   Epoch 91 - avg_train_loss: 0.0025  avg_val_loss: 1.4810 F1: 0.620463  Accuracy: 0.717857 Recall@3: 0.870604 time: 633s
2021-02-16 05:11:17,377 DEBUG   Epoch 92 - avg_train_loss: 0.0021  avg_val_loss: 1.4836 F1: 0.618787  Accuracy: 0.717033 Recall@3: 0.870055 time: 622s
2021-02-16 05:21:28,796 DEBUG   Epoch 93 - avg_train_loss: 0.0025  avg_val_loss: 1.4887 F1: 0.621917  Accuracy: 0.718956 Recall@3: 0.869505 time: 611s
2021-02-16 05:31:19,301 DEBUG   Epoch 94 - avg_train_loss: 0.0023  avg_val_loss: 1.4893 F1: 0.619753  Accuracy: 0.717582 Recall@3: 0.871978 time: 591s
2021-02-16 05:41:20,026 DEBUG   Epoch 95 - avg_train_loss: 0.0027  avg_val_loss: 1.4808 F1: 0.623640  Accuracy: 0.718681 Recall@3: 0.873077 time: 601s
2021-02-16 05:51:16,357 DEBUG   Epoch 96 - avg_train_loss: 0.0024  avg_val_loss: 1.4846 F1: 0.623607  Accuracy: 0.718132 Recall@3: 0.871154 time: 596s
2021-02-16 06:01:10,137 DEBUG   Epoch 97 - avg_train_loss: 0.0024  avg_val_loss: 1.4811 F1: 0.621361  Accuracy: 0.717308 Recall@3: 0.870604 time: 594s
2021-02-16 06:10:52,281 DEBUG   Epoch 98 - avg_train_loss: 0.0026  avg_val_loss: 1.4813 F1: 0.618817  Accuracy: 0.716758 Recall@3: 0.870055 time: 582s
2021-02-16 06:20:40,199 DEBUG   Epoch 99 - avg_train_loss: 0.0026  avg_val_loss: 1.4854 F1: 0.622245  Accuracy: 0.718407 Recall@3: 0.870330 time: 588s
2021-02-16 06:30:26,241 DEBUG   Epoch 100 - avg_train_loss: 0.0023  avg_val_loss: 1.4869 F1: 0.618400  Accuracy: 0.715934 Recall@3: 0.870879 time: 586s
2021-02-16 06:30:26,242 INFO [Train model] done in 61050 s.
