2021-01-15 16:04:52,445 INFO [Train model] start
2021-01-15 16:19:48,475 DEBUG   Epoch 1 - avg_train_loss: 0.0322  avg_val_loss: 1.3976 F1: 0.437207  Accuracy: 0.612912 Recall@3: 0.818407 time: 895s
2021-01-15 16:19:48,477 DEBUG   Epoch 1 - Save Best Accuracy: 0.612912 Model
2021-01-15 16:19:49,471 DEBUG   Epoch 1 - Save Best Loss: 1.3976 Model
2021-01-15 16:35:28,811 DEBUG   Epoch 2 - avg_train_loss: 0.0168  avg_val_loss: 1.2132 F1: 0.525811  Accuracy: 0.664560 Recall@3: 0.846429 time: 938s
2021-01-15 16:35:28,812 DEBUG   Epoch 2 - Save Best Accuracy: 0.664560 Model
2021-01-15 16:35:30,454 DEBUG   Epoch 2 - Save Best Loss: 1.2132 Model
2021-01-15 16:51:20,202 DEBUG   Epoch 3 - avg_train_loss: 0.0112  avg_val_loss: 1.2040 F1: 0.548394  Accuracy: 0.665385 Recall@3: 0.856593 time: 948s
2021-01-15 16:51:20,205 DEBUG   Epoch 3 - Save Best Accuracy: 0.665385 Model
2021-01-15 16:51:21,492 DEBUG   Epoch 3 - Save Best Loss: 1.2040 Model
2021-01-15 17:07:15,230 DEBUG   Epoch 4 - avg_train_loss: 0.0075  avg_val_loss: 1.1428 F1: 0.575617  Accuracy: 0.692033 Recall@3: 0.868132 time: 953s
2021-01-15 17:07:15,232 DEBUG   Epoch 4 - Save Best Accuracy: 0.692033 Model
2021-01-15 17:07:16,664 DEBUG   Epoch 4 - Save Best Loss: 1.1428 Model
2021-01-15 17:23:24,357 DEBUG   Epoch 5 - avg_train_loss: 0.0051  avg_val_loss: 1.1394 F1: 0.591675  Accuracy: 0.701099 Recall@3: 0.873626 time: 964s
2021-01-15 17:23:24,359 DEBUG   Epoch 5 - Save Best Accuracy: 0.701099 Model
2021-01-15 17:23:25,867 DEBUG   Epoch 5 - Save Best Loss: 1.1394 Model
2021-01-15 17:39:37,360 DEBUG   Epoch 6 - avg_train_loss: 0.0029  avg_val_loss: 1.1536 F1: 0.599381  Accuracy: 0.703297 Recall@3: 0.876374 time: 970s
2021-01-15 17:39:37,361 DEBUG   Epoch 6 - Save Best Accuracy: 0.703297 Model
2021-01-15 17:55:53,877 DEBUG   Epoch 7 - avg_train_loss: 0.0018  avg_val_loss: 1.1901 F1: 0.606434  Accuracy: 0.707967 Recall@3: 0.871703 time: 975s
2021-01-15 17:55:53,880 DEBUG   Epoch 7 - Save Best Accuracy: 0.707967 Model
2021-01-15 18:12:03,274 DEBUG   Epoch 8 - avg_train_loss: 0.0010  avg_val_loss: 1.1535 F1: 0.631913  Accuracy: 0.726648 Recall@3: 0.885714 time: 968s
2021-01-15 18:12:03,279 DEBUG   Epoch 8 - Save Best Accuracy: 0.726648 Model
2021-01-15 18:28:15,804 DEBUG   Epoch 9 - avg_train_loss: 0.0006  avg_val_loss: 1.1453 F1: 0.629621  Accuracy: 0.726374 Recall@3: 0.881593 time: 971s
2021-01-15 18:44:32,666 DEBUG   Epoch 10 - avg_train_loss: 0.0005  avg_val_loss: 1.1554 F1: 0.638507  Accuracy: 0.735440 Recall@3: 0.887912 time: 977s
2021-01-15 18:44:32,667 DEBUG   Epoch 10 - Save Best Accuracy: 0.735440 Model
2021-01-15 19:00:46,220 DEBUG   Epoch 11 - avg_train_loss: 0.0003  avg_val_loss: 1.1682 F1: 0.637959  Accuracy: 0.734341 Recall@3: 0.883791 time: 972s
2021-01-15 19:16:55,650 DEBUG   Epoch 12 - avg_train_loss: 0.0003  avg_val_loss: 1.1716 F1: 0.638326  Accuracy: 0.735714 Recall@3: 0.886813 time: 969s
2021-01-15 19:16:55,652 DEBUG   Epoch 12 - Save Best Accuracy: 0.735714 Model
2021-01-15 19:33:03,551 DEBUG   Epoch 13 - avg_train_loss: 0.0003  avg_val_loss: 1.1774 F1: 0.634889  Accuracy: 0.731593 Recall@3: 0.885165 time: 967s
2021-01-15 19:49:12,763 DEBUG   Epoch 14 - avg_train_loss: 0.0002  avg_val_loss: 1.1708 F1: 0.651534  Accuracy: 0.740659 Recall@3: 0.888187 time: 969s
2021-01-15 19:49:12,766 DEBUG   Epoch 14 - Save Best Accuracy: 0.740659 Model
2021-01-15 20:05:21,623 DEBUG   Epoch 15 - avg_train_loss: 0.0002  avg_val_loss: 1.1867 F1: 0.640457  Accuracy: 0.736264 Recall@3: 0.884615 time: 967s
2021-01-15 20:21:25,858 DEBUG   Epoch 16 - avg_train_loss: 0.0002  avg_val_loss: 1.1936 F1: 0.647661  Accuracy: 0.741209 Recall@3: 0.887912 time: 964s
2021-01-15 20:21:25,860 DEBUG   Epoch 16 - Save Best Accuracy: 0.741209 Model
2021-01-15 20:37:30,606 DEBUG   Epoch 17 - avg_train_loss: 0.0001  avg_val_loss: 1.1887 F1: 0.647487  Accuracy: 0.741758 Recall@3: 0.890110 time: 964s
2021-01-15 20:37:30,607 DEBUG   Epoch 17 - Save Best Accuracy: 0.741758 Model
2021-01-15 20:53:40,299 DEBUG   Epoch 18 - avg_train_loss: 0.0001  avg_val_loss: 1.1883 F1: 0.646427  Accuracy: 0.740110 Recall@3: 0.887363 time: 968s
2021-01-15 21:09:41,256 DEBUG   Epoch 19 - avg_train_loss: 0.0001  avg_val_loss: 1.1888 F1: 0.647692  Accuracy: 0.742582 Recall@3: 0.886264 time: 961s
2021-01-15 21:09:41,258 DEBUG   Epoch 19 - Save Best Accuracy: 0.742582 Model
2021-01-15 21:25:43,718 DEBUG   Epoch 20 - avg_train_loss: 0.0001  avg_val_loss: 1.1976 F1: 0.647592  Accuracy: 0.740110 Recall@3: 0.887912 time: 961s
2021-01-15 21:41:39,935 DEBUG   Epoch 21 - avg_train_loss: 0.0001  avg_val_loss: 1.2104 F1: 0.638695  Accuracy: 0.738187 Recall@3: 0.886813 time: 956s
2021-01-15 21:57:46,435 DEBUG   Epoch 22 - avg_train_loss: 0.0001  avg_val_loss: 1.2057 F1: 0.648876  Accuracy: 0.741758 Recall@3: 0.887912 time: 966s
2021-01-15 22:13:51,424 DEBUG   Epoch 23 - avg_train_loss: 0.0001  avg_val_loss: 1.2029 F1: 0.646104  Accuracy: 0.740934 Recall@3: 0.889011 time: 965s
2021-01-15 22:30:00,174 DEBUG   Epoch 24 - avg_train_loss: 0.0001  avg_val_loss: 1.2089 F1: 0.648295  Accuracy: 0.742582 Recall@3: 0.889560 time: 969s
2021-01-15 22:46:01,512 DEBUG   Epoch 25 - avg_train_loss: 0.0001  avg_val_loss: 1.2080 F1: 0.646951  Accuracy: 0.742582 Recall@3: 0.888462 time: 961s
2021-01-15 23:02:07,647 DEBUG   Epoch 26 - avg_train_loss: 0.0001  avg_val_loss: 1.2192 F1: 0.648434  Accuracy: 0.742308 Recall@3: 0.888736 time: 966s
2021-01-15 23:18:12,941 DEBUG   Epoch 27 - avg_train_loss: 0.0001  avg_val_loss: 1.2124 F1: 0.647646  Accuracy: 0.743132 Recall@3: 0.889560 time: 965s
2021-01-15 23:18:12,943 DEBUG   Epoch 27 - Save Best Accuracy: 0.743132 Model
2021-01-15 23:34:17,696 DEBUG   Epoch 28 - avg_train_loss: 0.0001  avg_val_loss: 1.2201 F1: 0.655700  Accuracy: 0.747527 Recall@3: 0.886813 time: 963s
2021-01-15 23:34:17,701 DEBUG   Epoch 28 - Save Best Accuracy: 0.747527 Model
2021-01-15 23:50:18,934 DEBUG   Epoch 29 - avg_train_loss: 0.0001  avg_val_loss: 1.2205 F1: 0.650679  Accuracy: 0.742857 Recall@3: 0.889560 time: 960s
2021-01-16 00:06:32,712 DEBUG   Epoch 30 - avg_train_loss: 0.0001  avg_val_loss: 1.2162 F1: 0.651600  Accuracy: 0.744505 Recall@3: 0.891484 time: 974s
2021-01-16 00:22:40,637 DEBUG   Epoch 31 - avg_train_loss: 0.0001  avg_val_loss: 1.2137 F1: 0.650229  Accuracy: 0.744780 Recall@3: 0.889560 time: 968s
2021-01-16 00:38:44,604 DEBUG   Epoch 32 - avg_train_loss: 0.0001  avg_val_loss: 1.2196 F1: 0.650500  Accuracy: 0.743132 Recall@3: 0.889560 time: 964s
2021-01-16 00:54:43,484 DEBUG   Epoch 33 - avg_train_loss: 0.0001  avg_val_loss: 1.2167 F1: 0.655401  Accuracy: 0.746429 Recall@3: 0.889011 time: 959s
2021-01-16 01:10:45,501 DEBUG   Epoch 34 - avg_train_loss: 0.0001  avg_val_loss: 1.2146 F1: 0.653556  Accuracy: 0.745604 Recall@3: 0.887088 time: 962s
2021-01-16 01:26:45,139 DEBUG   Epoch 35 - avg_train_loss: 0.0001  avg_val_loss: 1.2152 F1: 0.652006  Accuracy: 0.745604 Recall@3: 0.890110 time: 960s
2021-01-16 01:42:54,289 DEBUG   Epoch 36 - avg_train_loss: 0.0001  avg_val_loss: 1.2182 F1: 0.653515  Accuracy: 0.746154 Recall@3: 0.888736 time: 969s
2021-01-16 01:58:54,603 DEBUG   Epoch 37 - avg_train_loss: 0.0001  avg_val_loss: 1.2224 F1: 0.653195  Accuracy: 0.747527 Recall@3: 0.888187 time: 960s
2021-01-16 02:15:02,356 DEBUG   Epoch 38 - avg_train_loss: 0.0001  avg_val_loss: 1.2236 F1: 0.655329  Accuracy: 0.748352 Recall@3: 0.887363 time: 968s
2021-01-16 02:15:02,358 DEBUG   Epoch 38 - Save Best Accuracy: 0.748352 Model
2021-01-16 02:31:07,880 DEBUG   Epoch 39 - avg_train_loss: 0.0001  avg_val_loss: 1.2271 F1: 0.649712  Accuracy: 0.746429 Recall@3: 0.887912 time: 964s
2021-01-16 02:47:14,685 DEBUG   Epoch 40 - avg_train_loss: 0.0001  avg_val_loss: 1.2259 F1: 0.649244  Accuracy: 0.743956 Recall@3: 0.887637 time: 967s
2021-01-16 03:03:11,372 DEBUG   Epoch 41 - avg_train_loss: 0.0001  avg_val_loss: 1.2246 F1: 0.648359  Accuracy: 0.743956 Recall@3: 0.888462 time: 957s
2021-01-16 03:19:16,859 DEBUG   Epoch 42 - avg_train_loss: 0.0001  avg_val_loss: 1.2314 F1: 0.645568  Accuracy: 0.743681 Recall@3: 0.889286 time: 965s
2021-01-16 03:35:21,567 DEBUG   Epoch 43 - avg_train_loss: 0.0001  avg_val_loss: 1.2259 F1: 0.651140  Accuracy: 0.747253 Recall@3: 0.890385 time: 965s
2021-01-16 03:51:33,722 DEBUG   Epoch 44 - avg_train_loss: 0.0001  avg_val_loss: 1.2256 F1: 0.650247  Accuracy: 0.745055 Recall@3: 0.891484 time: 972s
2021-01-16 04:07:40,098 DEBUG   Epoch 45 - avg_train_loss: 0.0001  avg_val_loss: 1.2273 F1: 0.647395  Accuracy: 0.744505 Recall@3: 0.887912 time: 966s
2021-01-16 04:23:54,908 DEBUG   Epoch 46 - avg_train_loss: 0.0001  avg_val_loss: 1.2263 F1: 0.645912  Accuracy: 0.743956 Recall@3: 0.888187 time: 975s
2021-01-16 04:40:01,600 DEBUG   Epoch 47 - avg_train_loss: 0.0001  avg_val_loss: 1.2277 F1: 0.646745  Accuracy: 0.744780 Recall@3: 0.889011 time: 967s
2021-01-16 04:56:14,159 DEBUG   Epoch 48 - avg_train_loss: 0.0001  avg_val_loss: 1.2285 F1: 0.646705  Accuracy: 0.741758 Recall@3: 0.888462 time: 973s
2021-01-16 05:12:20,546 DEBUG   Epoch 49 - avg_train_loss: 0.0001  avg_val_loss: 1.2302 F1: 0.652245  Accuracy: 0.747253 Recall@3: 0.889011 time: 966s
2021-01-16 05:28:37,316 DEBUG   Epoch 50 - avg_train_loss: 0.0001  avg_val_loss: 1.2306 F1: 0.649496  Accuracy: 0.744505 Recall@3: 0.887637 time: 977s
2021-01-16 05:44:53,325 DEBUG   Epoch 51 - avg_train_loss: 0.0001  avg_val_loss: 1.2322 F1: 0.649950  Accuracy: 0.746429 Recall@3: 0.887637 time: 976s
2021-01-16 06:01:15,614 DEBUG   Epoch 52 - avg_train_loss: 0.0001  avg_val_loss: 1.2317 F1: 0.649888  Accuracy: 0.745879 Recall@3: 0.887363 time: 982s
2021-01-16 06:17:40,212 DEBUG   Epoch 53 - avg_train_loss: 0.0000  avg_val_loss: 1.2306 F1: 0.648143  Accuracy: 0.745330 Recall@3: 0.887088 time: 985s
2021-01-16 06:34:02,892 DEBUG   Epoch 54 - avg_train_loss: 0.0001  avg_val_loss: 1.2317 F1: 0.645427  Accuracy: 0.743681 Recall@3: 0.885165 time: 983s
2021-01-16 06:50:35,761 DEBUG   Epoch 55 - avg_train_loss: 0.0001  avg_val_loss: 1.2317 F1: 0.646157  Accuracy: 0.744505 Recall@3: 0.886264 time: 993s
2021-01-16 07:07:05,881 DEBUG   Epoch 56 - avg_train_loss: 0.0000  avg_val_loss: 1.2329 F1: 0.648515  Accuracy: 0.745604 Recall@3: 0.887912 time: 990s
2021-01-16 07:23:34,113 DEBUG   Epoch 57 - avg_train_loss: 0.0000  avg_val_loss: 1.2313 F1: 0.649054  Accuracy: 0.745604 Recall@3: 0.887363 time: 988s
2021-01-16 07:40:04,467 DEBUG   Epoch 58 - avg_train_loss: 0.0000  avg_val_loss: 1.2312 F1: 0.651061  Accuracy: 0.747527 Recall@3: 0.886264 time: 990s
2021-01-16 07:56:29,790 DEBUG   Epoch 59 - avg_train_loss: 0.0001  avg_val_loss: 1.2316 F1: 0.647926  Accuracy: 0.746429 Recall@3: 0.887363 time: 985s
2021-01-16 08:12:56,713 DEBUG   Epoch 60 - avg_train_loss: 0.0001  avg_val_loss: 1.2313 F1: 0.647326  Accuracy: 0.746429 Recall@3: 0.889011 time: 987s
2021-01-16 08:29:22,151 DEBUG   Epoch 61 - avg_train_loss: 0.0001  avg_val_loss: 1.2332 F1: 0.647977  Accuracy: 0.745604 Recall@3: 0.887637 time: 985s
2021-01-16 08:45:44,203 DEBUG   Epoch 62 - avg_train_loss: 0.0001  avg_val_loss: 1.2315 F1: 0.649061  Accuracy: 0.745879 Recall@3: 0.886813 time: 982s
2021-01-16 09:02:11,573 DEBUG   Epoch 63 - avg_train_loss: 0.0001  avg_val_loss: 1.2320 F1: 0.649871  Accuracy: 0.746429 Recall@3: 0.888462 time: 987s
2021-01-16 09:18:41,357 DEBUG   Epoch 64 - avg_train_loss: 0.0000  avg_val_loss: 1.2316 F1: 0.649500  Accuracy: 0.746978 Recall@3: 0.887637 time: 990s
2021-01-16 09:35:04,349 DEBUG   Epoch 65 - avg_train_loss: 0.0001  avg_val_loss: 1.2341 F1: 0.647490  Accuracy: 0.745330 Recall@3: 0.887637 time: 983s
2021-01-16 09:51:33,356 DEBUG   Epoch 66 - avg_train_loss: 0.0000  avg_val_loss: 1.2328 F1: 0.647577  Accuracy: 0.746154 Recall@3: 0.888462 time: 989s
2021-01-16 10:07:56,847 DEBUG   Epoch 67 - avg_train_loss: 0.0000  avg_val_loss: 1.2334 F1: 0.648303  Accuracy: 0.745055 Recall@3: 0.889286 time: 983s
2021-01-16 10:24:16,844 DEBUG   Epoch 68 - avg_train_loss: 0.0000  avg_val_loss: 1.2327 F1: 0.649166  Accuracy: 0.746703 Recall@3: 0.888462 time: 980s
2021-01-16 10:40:16,235 DEBUG   Epoch 69 - avg_train_loss: 0.0000  avg_val_loss: 1.2329 F1: 0.645642  Accuracy: 0.743956 Recall@3: 0.888187 time: 959s
2021-01-16 10:55:38,932 DEBUG   Epoch 70 - avg_train_loss: 0.0001  avg_val_loss: 1.2326 F1: 0.647881  Accuracy: 0.746703 Recall@3: 0.887912 time: 923s
2021-01-16 11:10:54,561 DEBUG   Epoch 71 - avg_train_loss: 0.0000  avg_val_loss: 1.2328 F1: 0.649227  Accuracy: 0.747802 Recall@3: 0.888187 time: 916s
2021-01-16 11:26:02,851 DEBUG   Epoch 72 - avg_train_loss: 0.0000  avg_val_loss: 1.2321 F1: 0.647904  Accuracy: 0.746703 Recall@3: 0.887363 time: 908s
2021-01-16 11:41:11,214 DEBUG   Epoch 73 - avg_train_loss: 0.0000  avg_val_loss: 1.2322 F1: 0.648564  Accuracy: 0.746429 Recall@3: 0.887637 time: 908s
2021-01-16 11:56:26,841 DEBUG   Epoch 74 - avg_train_loss: 0.0000  avg_val_loss: 1.2324 F1: 0.651012  Accuracy: 0.747527 Recall@3: 0.888462 time: 916s
2021-01-16 12:11:48,744 DEBUG   Epoch 75 - avg_train_loss: 0.0001  avg_val_loss: 1.2321 F1: 0.648482  Accuracy: 0.746429 Recall@3: 0.887912 time: 922s
2021-01-16 12:27:31,744 DEBUG   Epoch 76 - avg_train_loss: 0.0000  avg_val_loss: 1.2331 F1: 0.650803  Accuracy: 0.745604 Recall@3: 0.888736 time: 943s
2021-01-16 12:43:22,215 DEBUG   Epoch 77 - avg_train_loss: 0.0000  avg_val_loss: 1.2333 F1: 0.649761  Accuracy: 0.746429 Recall@3: 0.888736 time: 950s
2021-01-16 12:59:26,564 DEBUG   Epoch 78 - avg_train_loss: 0.0000  avg_val_loss: 1.2336 F1: 0.650659  Accuracy: 0.746703 Recall@3: 0.889011 time: 964s
2021-01-16 13:15:25,313 DEBUG   Epoch 79 - avg_train_loss: 0.0000  avg_val_loss: 1.2332 F1: 0.651958  Accuracy: 0.746978 Recall@3: 0.888187 time: 959s
2021-01-16 13:31:32,749 DEBUG   Epoch 80 - avg_train_loss: 0.0000  avg_val_loss: 1.2334 F1: 0.651485  Accuracy: 0.747253 Recall@3: 0.888462 time: 967s
2021-01-16 13:47:34,830 DEBUG   Epoch 81 - avg_train_loss: 0.0001  avg_val_loss: 1.2341 F1: 0.649355  Accuracy: 0.746154 Recall@3: 0.888462 time: 962s
2021-01-16 14:03:34,899 DEBUG   Epoch 82 - avg_train_loss: 0.0001  avg_val_loss: 1.2343 F1: 0.651171  Accuracy: 0.746978 Recall@3: 0.888462 time: 960s
2021-01-16 14:19:37,957 DEBUG   Epoch 83 - avg_train_loss: 0.0000  avg_val_loss: 1.2343 F1: 0.650122  Accuracy: 0.746978 Recall@3: 0.888736 time: 963s
2021-01-16 14:35:16,958 DEBUG   Epoch 84 - avg_train_loss: 0.0000  avg_val_loss: 1.2343 F1: 0.650691  Accuracy: 0.747802 Recall@3: 0.888462 time: 939s
2021-01-16 14:50:42,313 DEBUG   Epoch 85 - avg_train_loss: 0.0000  avg_val_loss: 1.2350 F1: 0.649339  Accuracy: 0.747253 Recall@3: 0.888462 time: 925s
2021-01-16 15:05:59,107 DEBUG   Epoch 86 - avg_train_loss: 0.0001  avg_val_loss: 1.2353 F1: 0.648208  Accuracy: 0.746429 Recall@3: 0.888736 time: 917s
2021-01-16 15:21:15,567 DEBUG   Epoch 87 - avg_train_loss: 0.0000  avg_val_loss: 1.2355 F1: 0.651195  Accuracy: 0.746978 Recall@3: 0.888736 time: 916s
2021-01-16 15:36:37,116 DEBUG   Epoch 88 - avg_train_loss: 0.0000  avg_val_loss: 1.2358 F1: 0.650470  Accuracy: 0.746429 Recall@3: 0.889011 time: 922s
2021-01-16 15:51:40,485 DEBUG   Epoch 89 - avg_train_loss: 0.0001  avg_val_loss: 1.2354 F1: 0.650129  Accuracy: 0.746978 Recall@3: 0.889011 time: 903s
2021-01-16 16:06:09,655 DEBUG   Epoch 90 - avg_train_loss: 0.0001  avg_val_loss: 1.2350 F1: 0.650799  Accuracy: 0.747527 Recall@3: 0.889011 time: 869s
2021-01-16 16:20:35,558 DEBUG   Epoch 91 - avg_train_loss: 0.0000  avg_val_loss: 1.2350 F1: 0.650860  Accuracy: 0.747802 Recall@3: 0.889011 time: 866s
2021-01-16 16:35:22,320 DEBUG   Epoch 92 - avg_train_loss: 0.0000  avg_val_loss: 1.2348 F1: 0.650169  Accuracy: 0.748352 Recall@3: 0.888187 time: 887s
2021-01-16 16:50:51,415 DEBUG   Epoch 93 - avg_train_loss: 0.0000  avg_val_loss: 1.2348 F1: 0.648066  Accuracy: 0.747253 Recall@3: 0.888187 time: 929s
2021-01-16 17:07:00,913 DEBUG   Epoch 94 - avg_train_loss: 0.0001  avg_val_loss: 1.2348 F1: 0.650643  Accuracy: 0.748077 Recall@3: 0.888187 time: 969s
2021-01-16 17:23:07,451 DEBUG   Epoch 95 - avg_train_loss: 0.0000  avg_val_loss: 1.2348 F1: 0.650616  Accuracy: 0.747253 Recall@3: 0.887912 time: 967s
2021-01-16 17:39:08,374 DEBUG   Epoch 96 - avg_train_loss: 0.0000  avg_val_loss: 1.2349 F1: 0.648187  Accuracy: 0.746703 Recall@3: 0.887912 time: 961s
2021-01-16 17:55:09,047 DEBUG   Epoch 97 - avg_train_loss: 0.0001  avg_val_loss: 1.2349 F1: 0.650023  Accuracy: 0.746703 Recall@3: 0.888187 time: 961s
2021-01-16 18:11:15,584 DEBUG   Epoch 98 - avg_train_loss: 0.0001  avg_val_loss: 1.2351 F1: 0.648214  Accuracy: 0.746703 Recall@3: 0.888462 time: 967s
2021-01-16 18:27:20,000 DEBUG   Epoch 99 - avg_train_loss: 0.0000  avg_val_loss: 1.2350 F1: 0.647878  Accuracy: 0.746429 Recall@3: 0.888462 time: 964s
2021-01-16 18:43:23,922 DEBUG   Epoch 100 - avg_train_loss: 0.0000  avg_val_loss: 1.2352 F1: 0.646751  Accuracy: 0.745879 Recall@3: 0.888462 time: 964s
2021-01-16 18:43:23,924 INFO [Train model] done in 95911 s.
