2021-02-02 08:56:48,836 INFO [Train model] start
2021-02-02 09:13:12,859 DEBUG   Epoch 1 - avg_train_loss: 0.1695  avg_val_loss: 1.9124 F1: 0.324322  Accuracy: 0.509615 Recall@3: 0.725549 time: 982s
2021-02-02 09:13:12,861 DEBUG   Epoch 1 - Save Best Accuracy: 0.509615 Model
2021-02-02 09:13:13,429 DEBUG   Epoch 1 - Save Best Loss: 1.9124 Model
2021-02-02 09:29:32,568 DEBUG   Epoch 2 - avg_train_loss: 0.1040  avg_val_loss: 1.6496 F1: 0.417475  Accuracy: 0.560714 Recall@3: 0.765659 time: 979s
2021-02-02 09:29:32,571 DEBUG   Epoch 2 - Save Best Accuracy: 0.560714 Model
2021-02-02 09:29:33,359 DEBUG   Epoch 2 - Save Best Loss: 1.6496 Model
2021-02-02 09:45:59,937 DEBUG   Epoch 3 - avg_train_loss: 0.0808  avg_val_loss: 1.5273 F1: 0.460783  Accuracy: 0.590934 Recall@3: 0.787363 time: 986s
2021-02-02 09:45:59,939 DEBUG   Epoch 3 - Save Best Accuracy: 0.590934 Model
2021-02-02 09:46:00,684 DEBUG   Epoch 3 - Save Best Loss: 1.5273 Model
2021-02-02 10:02:54,723 DEBUG   Epoch 4 - avg_train_loss: 0.0681  avg_val_loss: 1.4382 F1: 0.482969  Accuracy: 0.616758 Recall@3: 0.810165 time: 1013s
2021-02-02 10:02:54,724 DEBUG   Epoch 4 - Save Best Accuracy: 0.616758 Model
2021-02-02 10:02:55,471 DEBUG   Epoch 4 - Save Best Loss: 1.4382 Model
2021-02-02 10:19:57,498 DEBUG   Epoch 5 - avg_train_loss: 0.0554  avg_val_loss: 1.4791 F1: 0.498755  Accuracy: 0.608516 Recall@3: 0.815659 time: 1021s
2021-02-02 10:36:25,861 DEBUG   Epoch 6 - avg_train_loss: 0.0459  avg_val_loss: 1.5790 F1: 0.483431  Accuracy: 0.606593 Recall@3: 0.806868 time: 988s
2021-02-02 10:52:51,240 DEBUG   Epoch 7 - avg_train_loss: 0.0359  avg_val_loss: 1.4710 F1: 0.527664  Accuracy: 0.638462 Recall@3: 0.828571 time: 985s
2021-02-02 10:52:51,241 DEBUG   Epoch 7 - Save Best Accuracy: 0.638462 Model
2021-02-02 11:08:57,404 DEBUG   Epoch 8 - avg_train_loss: 0.0283  avg_val_loss: 1.5381 F1: 0.543641  Accuracy: 0.646154 Recall@3: 0.822802 time: 966s
2021-02-02 11:08:57,406 DEBUG   Epoch 8 - Save Best Accuracy: 0.646154 Model
2021-02-02 11:25:25,727 DEBUG   Epoch 9 - avg_train_loss: 0.0215  avg_val_loss: 1.5431 F1: 0.549312  Accuracy: 0.649176 Recall@3: 0.827198 time: 988s
2021-02-02 11:25:25,728 DEBUG   Epoch 9 - Save Best Accuracy: 0.649176 Model
2021-02-02 11:41:52,965 DEBUG   Epoch 10 - avg_train_loss: 0.0163  avg_val_loss: 1.6302 F1: 0.542014  Accuracy: 0.646703 Recall@3: 0.822802 time: 987s
2021-02-02 11:58:05,249 DEBUG   Epoch 11 - avg_train_loss: 0.0127  avg_val_loss: 1.6300 F1: 0.550271  Accuracy: 0.653846 Recall@3: 0.835165 time: 972s
2021-02-02 11:58:05,250 DEBUG   Epoch 11 - Save Best Accuracy: 0.653846 Model
2021-02-02 12:14:38,944 DEBUG   Epoch 12 - avg_train_loss: 0.0103  avg_val_loss: 1.7186 F1: 0.545492  Accuracy: 0.650549 Recall@3: 0.825549 time: 993s
2021-02-02 12:31:52,990 DEBUG   Epoch 13 - avg_train_loss: 0.0076  avg_val_loss: 1.6802 F1: 0.558189  Accuracy: 0.656593 Recall@3: 0.831868 time: 1034s
2021-02-02 12:31:52,991 DEBUG   Epoch 13 - Save Best Accuracy: 0.656593 Model
2021-02-02 12:48:26,158 DEBUG   Epoch 14 - avg_train_loss: 0.0066  avg_val_loss: 1.6888 F1: 0.550279  Accuracy: 0.651099 Recall@3: 0.826923 time: 993s
2021-02-02 13:05:13,655 DEBUG   Epoch 15 - avg_train_loss: 0.0052  avg_val_loss: 1.7437 F1: 0.554286  Accuracy: 0.663187 Recall@3: 0.837912 time: 1007s
2021-02-02 13:05:13,657 DEBUG   Epoch 15 - Save Best Accuracy: 0.663187 Model
2021-02-02 14:28:43,747 INFO [Train model] start
2021-02-02 14:34:17,623 DEBUG   Epoch 1 - avg_train_loss: 0.6609  avg_val_loss: 1.8510 F1: 0.339619  Accuracy: 0.512912 Recall@3: 0.728022 time: 333s
2021-02-02 14:34:17,624 DEBUG   Epoch 1 - Save Best Accuracy: 0.512912 Model
2021-02-02 14:34:17,970 DEBUG   Epoch 1 - Save Best Loss: 1.8510 Model
2021-02-02 14:39:58,305 DEBUG   Epoch 2 - avg_train_loss: 0.3916  avg_val_loss: 1.6023 F1: 0.432566  Accuracy: 0.568407 Recall@3: 0.778022 time: 340s
2021-02-02 14:39:58,306 DEBUG   Epoch 2 - Save Best Accuracy: 0.568407 Model
2021-02-02 14:39:58,630 DEBUG   Epoch 2 - Save Best Loss: 1.6023 Model
2021-02-02 14:45:37,746 DEBUG   Epoch 3 - avg_train_loss: 0.3021  avg_val_loss: 1.4887 F1: 0.462818  Accuracy: 0.596978 Recall@3: 0.799725 time: 339s
2021-02-02 14:45:37,747 DEBUG   Epoch 3 - Save Best Accuracy: 0.596978 Model
2021-02-02 14:45:38,198 DEBUG   Epoch 3 - Save Best Loss: 1.4887 Model
2021-02-02 14:51:29,674 DEBUG   Epoch 4 - avg_train_loss: 0.2389  avg_val_loss: 1.4508 F1: 0.490669  Accuracy: 0.624725 Recall@3: 0.815659 time: 349s
2021-02-02 14:51:29,674 DEBUG   Epoch 4 - Save Best Accuracy: 0.624725 Model
2021-02-02 14:51:30,285 DEBUG   Epoch 4 - Save Best Loss: 1.4508 Model
2021-02-02 14:57:10,205 DEBUG   Epoch 5 - avg_train_loss: 0.1886  avg_val_loss: 1.5021 F1: 0.488909  Accuracy: 0.613736 Recall@3: 0.809615 time: 339s
2021-02-02 15:02:51,495 DEBUG   Epoch 6 - avg_train_loss: 0.1555  avg_val_loss: 1.5095 F1: 0.513072  Accuracy: 0.620604 Recall@3: 0.820055 time: 341s
2021-02-02 15:08:46,890 DEBUG   Epoch 7 - avg_train_loss: 0.1122  avg_val_loss: 1.5210 F1: 0.531893  Accuracy: 0.637912 Recall@3: 0.820055 time: 355s
2021-02-02 15:08:46,891 DEBUG   Epoch 7 - Save Best Accuracy: 0.637912 Model
2021-02-02 15:14:26,786 DEBUG   Epoch 8 - avg_train_loss: 0.0864  avg_val_loss: 1.5569 F1: 0.535433  Accuracy: 0.646703 Recall@3: 0.823901 time: 339s
2021-02-02 15:14:26,787 DEBUG   Epoch 8 - Save Best Accuracy: 0.646703 Model
2021-02-02 15:20:12,152 DEBUG   Epoch 9 - avg_train_loss: 0.0634  avg_val_loss: 1.5321 F1: 0.547268  Accuracy: 0.654121 Recall@3: 0.839286 time: 345s
2021-02-02 15:20:12,153 DEBUG   Epoch 9 - Save Best Accuracy: 0.654121 Model
2021-02-02 15:25:59,616 DEBUG   Epoch 10 - avg_train_loss: 0.0484  avg_val_loss: 1.6131 F1: 0.533622  Accuracy: 0.651648 Recall@3: 0.830769 time: 347s
2021-02-02 15:31:39,519 DEBUG   Epoch 11 - avg_train_loss: 0.0348  avg_val_loss: 1.6077 F1: 0.542626  Accuracy: 0.654945 Recall@3: 0.840934 time: 340s
2021-02-02 15:31:39,520 DEBUG   Epoch 11 - Save Best Accuracy: 0.654945 Model
2021-02-02 15:37:25,247 DEBUG   Epoch 12 - avg_train_loss: 0.0284  avg_val_loss: 1.6573 F1: 0.555060  Accuracy: 0.659066 Recall@3: 0.837363 time: 345s
2021-02-02 15:37:25,247 DEBUG   Epoch 12 - Save Best Accuracy: 0.659066 Model
2021-02-02 15:43:05,047 DEBUG   Epoch 13 - avg_train_loss: 0.0202  avg_val_loss: 1.6585 F1: 0.559795  Accuracy: 0.668681 Recall@3: 0.842308 time: 339s
2021-02-02 15:43:05,048 DEBUG   Epoch 13 - Save Best Accuracy: 0.668681 Model
2021-02-02 15:48:56,476 DEBUG   Epoch 14 - avg_train_loss: 0.0165  avg_val_loss: 1.6935 F1: 0.552669  Accuracy: 0.668132 Recall@3: 0.846154 time: 351s
2021-02-02 15:54:39,458 DEBUG   Epoch 15 - avg_train_loss: 0.0127  avg_val_loss: 1.7389 F1: 0.559946  Accuracy: 0.663187 Recall@3: 0.847527 time: 343s
2021-02-02 16:00:25,377 DEBUG   Epoch 16 - avg_train_loss: 0.0096  avg_val_loss: 1.7268 F1: 0.569590  Accuracy: 0.673626 Recall@3: 0.845330 time: 346s
2021-02-02 16:00:25,378 DEBUG   Epoch 16 - Save Best Accuracy: 0.673626 Model
2021-02-02 16:06:12,620 DEBUG   Epoch 17 - avg_train_loss: 0.0087  avg_val_loss: 1.7065 F1: 0.570591  Accuracy: 0.680220 Recall@3: 0.845055 time: 347s
2021-02-02 16:06:12,621 DEBUG   Epoch 17 - Save Best Accuracy: 0.680220 Model
2021-02-02 16:11:55,845 DEBUG   Epoch 18 - avg_train_loss: 0.0069  avg_val_loss: 1.7513 F1: 0.572732  Accuracy: 0.679121 Recall@3: 0.849451 time: 343s
2021-02-02 16:17:34,458 DEBUG   Epoch 19 - avg_train_loss: 0.0060  avg_val_loss: 1.7554 F1: 0.569474  Accuracy: 0.674176 Recall@3: 0.848901 time: 339s
2021-02-02 16:23:25,726 DEBUG   Epoch 20 - avg_train_loss: 0.0063  avg_val_loss: 1.7730 F1: 0.565247  Accuracy: 0.673077 Recall@3: 0.845879 time: 351s
2021-02-02 16:29:05,407 DEBUG   Epoch 21 - avg_train_loss: 0.0052  avg_val_loss: 1.8007 F1: 0.575143  Accuracy: 0.680769 Recall@3: 0.849725 time: 340s
2021-02-02 16:29:05,408 DEBUG   Epoch 21 - Save Best Accuracy: 0.680769 Model
2021-02-02 16:34:46,599 DEBUG   Epoch 22 - avg_train_loss: 0.0043  avg_val_loss: 1.8037 F1: 0.569049  Accuracy: 0.676374 Recall@3: 0.848077 time: 341s
2021-02-02 16:40:33,569 DEBUG   Epoch 23 - avg_train_loss: 0.0040  avg_val_loss: 1.7727 F1: 0.570523  Accuracy: 0.679945 Recall@3: 0.849451 time: 347s
2021-02-02 16:46:15,126 DEBUG   Epoch 24 - avg_train_loss: 0.0037  avg_val_loss: 1.7899 F1: 0.573653  Accuracy: 0.683242 Recall@3: 0.847802 time: 342s
2021-02-02 16:46:15,126 DEBUG   Epoch 24 - Save Best Accuracy: 0.683242 Model
2021-02-02 16:51:59,135 DEBUG   Epoch 25 - avg_train_loss: 0.0032  avg_val_loss: 1.8225 F1: 0.570365  Accuracy: 0.679945 Recall@3: 0.849725 time: 344s
2021-02-02 16:57:40,097 DEBUG   Epoch 26 - avg_train_loss: 0.0028  avg_val_loss: 1.8091 F1: 0.576836  Accuracy: 0.685440 Recall@3: 0.848077 time: 341s
2021-02-02 16:57:40,098 DEBUG   Epoch 26 - Save Best Accuracy: 0.685440 Model
2021-02-02 17:03:28,933 DEBUG   Epoch 27 - avg_train_loss: 0.0025  avg_val_loss: 1.7923 F1: 0.577953  Accuracy: 0.683791 Recall@3: 0.851099 time: 349s
2021-02-02 17:09:16,383 DEBUG   Epoch 28 - avg_train_loss: 0.0027  avg_val_loss: 1.7789 F1: 0.573072  Accuracy: 0.679670 Recall@3: 0.849176 time: 347s
2021-02-02 17:14:55,710 DEBUG   Epoch 29 - avg_train_loss: 0.0027  avg_val_loss: 1.8234 F1: 0.576262  Accuracy: 0.682967 Recall@3: 0.847527 time: 339s
2021-02-02 17:20:53,011 DEBUG   Epoch 30 - avg_train_loss: 0.0024  avg_val_loss: 1.7972 F1: 0.574435  Accuracy: 0.682967 Recall@3: 0.849451 time: 357s
2021-02-02 17:26:36,282 DEBUG   Epoch 31 - avg_train_loss: 0.0021  avg_val_loss: 1.7981 F1: 0.577245  Accuracy: 0.687088 Recall@3: 0.850824 time: 343s
2021-02-02 17:26:36,283 DEBUG   Epoch 31 - Save Best Accuracy: 0.687088 Model
2021-02-02 17:32:21,551 DEBUG   Epoch 32 - avg_train_loss: 0.0021  avg_val_loss: 1.8224 F1: 0.577675  Accuracy: 0.681593 Recall@3: 0.850549 time: 345s
2021-02-02 17:38:15,887 DEBUG   Epoch 33 - avg_train_loss: 0.0028  avg_val_loss: 1.8112 F1: 0.581032  Accuracy: 0.683516 Recall@3: 0.852747 time: 354s
2021-02-02 17:43:58,875 DEBUG   Epoch 34 - avg_train_loss: 0.0022  avg_val_loss: 1.8199 F1: 0.584113  Accuracy: 0.687088 Recall@3: 0.849725 time: 343s
2021-02-02 17:49:43,614 DEBUG   Epoch 35 - avg_train_loss: 0.0019  avg_val_loss: 1.8236 F1: 0.582789  Accuracy: 0.688736 Recall@3: 0.854945 time: 345s
2021-02-02 17:49:43,614 DEBUG   Epoch 35 - Save Best Accuracy: 0.688736 Model
2021-02-02 17:55:35,462 DEBUG   Epoch 36 - avg_train_loss: 0.0019  avg_val_loss: 1.8355 F1: 0.583199  Accuracy: 0.687912 Recall@3: 0.853022 time: 351s
2021-02-02 18:01:16,815 DEBUG   Epoch 37 - avg_train_loss: 0.0020  avg_val_loss: 1.8255 F1: 0.584914  Accuracy: 0.689560 Recall@3: 0.853022 time: 341s
2021-02-02 18:01:16,816 DEBUG   Epoch 37 - Save Best Accuracy: 0.689560 Model
2021-02-02 18:07:00,340 DEBUG   Epoch 38 - avg_train_loss: 0.0012  avg_val_loss: 1.8625 F1: 0.588921  Accuracy: 0.689286 Recall@3: 0.851648 time: 343s
2021-02-02 18:12:42,383 DEBUG   Epoch 39 - avg_train_loss: 0.0015  avg_val_loss: 1.8411 F1: 0.586303  Accuracy: 0.689560 Recall@3: 0.852473 time: 342s
2021-02-02 18:18:37,819 DEBUG   Epoch 40 - avg_train_loss: 0.0017  avg_val_loss: 1.8462 F1: 0.581993  Accuracy: 0.686538 Recall@3: 0.850000 time: 355s
2021-02-02 18:24:20,317 DEBUG   Epoch 41 - avg_train_loss: 0.0012  avg_val_loss: 1.8440 F1: 0.585688  Accuracy: 0.687088 Recall@3: 0.848352 time: 342s
2021-02-02 18:30:03,600 DEBUG   Epoch 42 - avg_train_loss: 0.0016  avg_val_loss: 1.8744 F1: 0.585408  Accuracy: 0.688187 Recall@3: 0.850549 time: 343s
2021-02-02 18:35:55,740 DEBUG   Epoch 43 - avg_train_loss: 0.0013  avg_val_loss: 1.8525 F1: 0.580477  Accuracy: 0.684615 Recall@3: 0.853297 time: 352s
2021-02-02 18:41:38,733 DEBUG   Epoch 44 - avg_train_loss: 0.0015  avg_val_loss: 1.8558 F1: 0.587441  Accuracy: 0.689835 Recall@3: 0.852747 time: 343s
2021-02-02 18:41:38,734 DEBUG   Epoch 44 - Save Best Accuracy: 0.689835 Model
2021-02-02 18:47:23,946 DEBUG   Epoch 45 - avg_train_loss: 0.0014  avg_val_loss: 1.8629 F1: 0.584014  Accuracy: 0.689835 Recall@3: 0.851923 time: 345s
2021-02-02 18:53:18,628 DEBUG   Epoch 46 - avg_train_loss: 0.0017  avg_val_loss: 1.8552 F1: 0.579015  Accuracy: 0.683791 Recall@3: 0.852198 time: 355s
2021-02-02 18:59:01,083 DEBUG   Epoch 47 - avg_train_loss: 0.0013  avg_val_loss: 1.8584 F1: 0.582571  Accuracy: 0.687912 Recall@3: 0.854945 time: 342s
2021-02-02 19:04:46,020 DEBUG   Epoch 48 - avg_train_loss: 0.0013  avg_val_loss: 1.8476 F1: 0.589507  Accuracy: 0.690110 Recall@3: 0.855495 time: 345s
2021-02-02 19:04:46,021 DEBUG   Epoch 48 - Save Best Accuracy: 0.690110 Model
2021-02-02 19:10:38,038 DEBUG   Epoch 49 - avg_train_loss: 0.0011  avg_val_loss: 1.8604 F1: 0.583081  Accuracy: 0.686538 Recall@3: 0.853297 time: 352s
2021-02-02 19:16:21,623 DEBUG   Epoch 50 - avg_train_loss: 0.0015  avg_val_loss: 1.8433 F1: 0.581259  Accuracy: 0.682418 Recall@3: 0.853297 time: 344s
2021-02-02 19:22:08,464 DEBUG   Epoch 51 - avg_train_loss: 0.0011  avg_val_loss: 1.8466 F1: 0.586927  Accuracy: 0.688187 Recall@3: 0.856319 time: 347s
2021-02-02 19:28:00,810 DEBUG   Epoch 52 - avg_train_loss: 0.0014  avg_val_loss: 1.8675 F1: 0.586819  Accuracy: 0.687912 Recall@3: 0.851374 time: 352s
2021-02-02 19:33:53,770 DEBUG   Epoch 53 - avg_train_loss: 0.0013  avg_val_loss: 1.8477 F1: 0.588805  Accuracy: 0.686538 Recall@3: 0.851099 time: 353s
2021-02-02 19:39:40,581 DEBUG   Epoch 54 - avg_train_loss: 0.0011  avg_val_loss: 1.8472 F1: 0.591851  Accuracy: 0.692033 Recall@3: 0.855220 time: 347s
2021-02-02 19:39:40,582 DEBUG   Epoch 54 - Save Best Accuracy: 0.692033 Model
2021-02-02 19:45:27,724 DEBUG   Epoch 55 - avg_train_loss: 0.0013  avg_val_loss: 1.8481 F1: 0.588957  Accuracy: 0.692582 Recall@3: 0.852473 time: 347s
2021-02-02 19:45:27,725 DEBUG   Epoch 55 - Save Best Accuracy: 0.692582 Model
2021-02-02 19:51:24,312 DEBUG   Epoch 56 - avg_train_loss: 0.0011  avg_val_loss: 1.8572 F1: 0.582672  Accuracy: 0.689011 Recall@3: 0.851923 time: 356s
2021-02-02 19:57:11,879 DEBUG   Epoch 57 - avg_train_loss: 0.0010  avg_val_loss: 1.8590 F1: 0.589894  Accuracy: 0.690934 Recall@3: 0.854396 time: 348s
2021-02-02 20:02:54,704 DEBUG   Epoch 58 - avg_train_loss: 0.0011  avg_val_loss: 1.8706 F1: 0.590895  Accuracy: 0.693681 Recall@3: 0.853297 time: 343s
2021-02-02 20:02:54,705 DEBUG   Epoch 58 - Save Best Accuracy: 0.693681 Model
2021-02-02 20:08:48,711 DEBUG   Epoch 59 - avg_train_loss: 0.0013  avg_val_loss: 1.8493 F1: 0.590187  Accuracy: 0.692582 Recall@3: 0.854121 time: 354s
2021-02-02 20:14:30,844 DEBUG   Epoch 60 - avg_train_loss: 0.0012  avg_val_loss: 1.8423 F1: 0.588045  Accuracy: 0.693681 Recall@3: 0.854670 time: 342s
2021-02-02 20:20:15,893 DEBUG   Epoch 61 - avg_train_loss: 0.0012  avg_val_loss: 1.8469 F1: 0.595628  Accuracy: 0.693132 Recall@3: 0.853571 time: 345s
2021-02-02 20:26:06,119 DEBUG   Epoch 62 - avg_train_loss: 0.0012  avg_val_loss: 1.8517 F1: 0.596818  Accuracy: 0.693407 Recall@3: 0.852473 time: 350s
2021-02-02 20:31:52,497 DEBUG   Epoch 63 - avg_train_loss: 0.0011  avg_val_loss: 1.8538 F1: 0.592258  Accuracy: 0.692582 Recall@3: 0.854121 time: 346s
2021-02-02 20:37:46,219 DEBUG   Epoch 64 - avg_train_loss: 0.0011  avg_val_loss: 1.8694 F1: 0.589509  Accuracy: 0.691209 Recall@3: 0.853022 time: 354s
2021-02-02 20:43:29,724 DEBUG   Epoch 65 - avg_train_loss: 0.0011  avg_val_loss: 1.8430 F1: 0.594813  Accuracy: 0.692857 Recall@3: 0.850549 time: 344s
2021-02-02 20:49:21,863 DEBUG   Epoch 66 - avg_train_loss: 0.0012  avg_val_loss: 1.8452 F1: 0.593284  Accuracy: 0.693956 Recall@3: 0.852473 time: 352s
2021-02-02 20:49:21,864 DEBUG   Epoch 66 - Save Best Accuracy: 0.693956 Model
2021-02-02 20:55:09,597 DEBUG   Epoch 67 - avg_train_loss: 0.0014  avg_val_loss: 1.8461 F1: 0.599802  Accuracy: 0.693681 Recall@3: 0.854670 time: 347s
2021-02-02 21:00:55,820 DEBUG   Epoch 68 - avg_train_loss: 0.0011  avg_val_loss: 1.8295 F1: 0.589808  Accuracy: 0.692857 Recall@3: 0.854121 time: 346s
2021-02-02 21:07:17,347 DEBUG   Epoch 69 - avg_train_loss: 0.0009  avg_val_loss: 1.8554 F1: 0.594181  Accuracy: 0.693956 Recall@3: 0.856319 time: 382s
2021-02-02 21:13:29,543 DEBUG   Epoch 70 - avg_train_loss: 0.0011  avg_val_loss: 1.8295 F1: 0.589731  Accuracy: 0.692308 Recall@3: 0.856593 time: 372s
2021-02-02 21:19:37,182 DEBUG   Epoch 71 - avg_train_loss: 0.0012  avg_val_loss: 1.8564 F1: 0.586747  Accuracy: 0.688462 Recall@3: 0.854945 time: 368s
2021-02-02 21:25:35,532 DEBUG   Epoch 72 - avg_train_loss: 0.0010  avg_val_loss: 1.8520 F1: 0.591250  Accuracy: 0.692308 Recall@3: 0.853297 time: 358s
2021-02-02 21:31:20,427 DEBUG   Epoch 73 - avg_train_loss: 0.0012  avg_val_loss: 1.8477 F1: 0.590152  Accuracy: 0.693407 Recall@3: 0.853571 time: 345s
2021-02-02 21:37:06,899 DEBUG   Epoch 74 - avg_train_loss: 0.0009  avg_val_loss: 1.8575 F1: 0.587955  Accuracy: 0.691484 Recall@3: 0.852198 time: 346s
2021-02-02 21:43:05,655 DEBUG   Epoch 75 - avg_train_loss: 0.0009  avg_val_loss: 1.8718 F1: 0.591447  Accuracy: 0.691209 Recall@3: 0.853846 time: 359s
2021-02-02 21:48:53,583 DEBUG   Epoch 76 - avg_train_loss: 0.0010  avg_val_loss: 1.8328 F1: 0.589275  Accuracy: 0.690934 Recall@3: 0.853571 time: 348s
2021-02-02 21:54:43,244 DEBUG   Epoch 77 - avg_train_loss: 0.0010  avg_val_loss: 1.8316 F1: 0.589593  Accuracy: 0.693132 Recall@3: 0.855769 time: 350s
2021-02-02 22:00:37,085 DEBUG   Epoch 78 - avg_train_loss: 0.0010  avg_val_loss: 1.8349 F1: 0.593178  Accuracy: 0.694780 Recall@3: 0.855769 time: 354s
2021-02-02 22:00:37,086 DEBUG   Epoch 78 - Save Best Accuracy: 0.694780 Model
2021-02-02 22:06:45,450 DEBUG   Epoch 79 - avg_train_loss: 0.0008  avg_val_loss: 1.8593 F1: 0.591420  Accuracy: 0.691758 Recall@3: 0.853571 time: 368s
2021-02-02 22:12:36,963 DEBUG   Epoch 80 - avg_train_loss: 0.0007  avg_val_loss: 1.8628 F1: 0.590959  Accuracy: 0.693407 Recall@3: 0.853571 time: 352s
2021-02-02 22:18:25,982 DEBUG   Epoch 81 - avg_train_loss: 0.0011  avg_val_loss: 1.8567 F1: 0.588577  Accuracy: 0.690385 Recall@3: 0.852747 time: 349s
2021-02-02 22:24:13,422 DEBUG   Epoch 82 - avg_train_loss: 0.0010  avg_val_loss: 1.8604 F1: 0.589207  Accuracy: 0.693407 Recall@3: 0.851648 time: 347s
2021-02-02 22:29:55,690 DEBUG   Epoch 83 - avg_train_loss: 0.0010  avg_val_loss: 1.8588 F1: 0.588987  Accuracy: 0.691758 Recall@3: 0.853846 time: 342s
2021-02-02 22:35:40,390 DEBUG   Epoch 84 - avg_train_loss: 0.0012  avg_val_loss: 1.8625 F1: 0.589712  Accuracy: 0.688736 Recall@3: 0.853571 time: 345s
2021-02-02 22:41:34,317 DEBUG   Epoch 85 - avg_train_loss: 0.0009  avg_val_loss: 1.8522 F1: 0.587544  Accuracy: 0.689286 Recall@3: 0.852473 time: 354s
2021-02-02 22:47:17,365 DEBUG   Epoch 86 - avg_train_loss: 0.0009  avg_val_loss: 1.8477 F1: 0.593923  Accuracy: 0.694780 Recall@3: 0.853297 time: 343s
2021-02-02 22:53:04,378 DEBUG   Epoch 87 - avg_train_loss: 0.0010  avg_val_loss: 1.8611 F1: 0.587975  Accuracy: 0.690385 Recall@3: 0.853846 time: 347s
2021-02-02 22:59:03,280 DEBUG   Epoch 88 - avg_train_loss: 0.0009  avg_val_loss: 1.8400 F1: 0.588870  Accuracy: 0.691758 Recall@3: 0.853297 time: 359s
2021-02-02 23:04:47,029 DEBUG   Epoch 89 - avg_train_loss: 0.0008  avg_val_loss: 1.8683 F1: 0.590354  Accuracy: 0.693132 Recall@3: 0.851923 time: 344s
2021-02-02 23:10:35,299 DEBUG   Epoch 90 - avg_train_loss: 0.0008  avg_val_loss: 1.8718 F1: 0.589148  Accuracy: 0.692033 Recall@3: 0.855220 time: 348s
2021-02-02 23:16:27,526 DEBUG   Epoch 91 - avg_train_loss: 0.0009  avg_val_loss: 1.8418 F1: 0.591726  Accuracy: 0.694231 Recall@3: 0.855769 time: 352s
2021-02-02 23:22:14,845 DEBUG   Epoch 92 - avg_train_loss: 0.0010  avg_val_loss: 1.8526 F1: 0.589993  Accuracy: 0.689286 Recall@3: 0.851923 time: 347s
2021-02-02 23:28:03,323 DEBUG   Epoch 93 - avg_train_loss: 0.0009  avg_val_loss: 1.8770 F1: 0.585330  Accuracy: 0.689560 Recall@3: 0.850275 time: 348s
2021-02-02 23:33:56,994 DEBUG   Epoch 94 - avg_train_loss: 0.0009  avg_val_loss: 1.8580 F1: 0.586727  Accuracy: 0.689835 Recall@3: 0.855220 time: 354s
2021-02-02 23:39:44,477 DEBUG   Epoch 95 - avg_train_loss: 0.0009  avg_val_loss: 1.8347 F1: 0.589049  Accuracy: 0.690934 Recall@3: 0.856319 time: 347s
2021-02-02 23:45:31,365 DEBUG   Epoch 96 - avg_train_loss: 0.0011  avg_val_loss: 1.8852 F1: 0.589262  Accuracy: 0.691484 Recall@3: 0.850549 time: 347s
2021-02-02 23:51:16,128 DEBUG   Epoch 97 - avg_train_loss: 0.0009  avg_val_loss: 1.8566 F1: 0.594719  Accuracy: 0.692308 Recall@3: 0.855495 time: 345s
2021-02-02 23:57:09,333 DEBUG   Epoch 98 - avg_train_loss: 0.0011  avg_val_loss: 1.8652 F1: 0.586188  Accuracy: 0.691484 Recall@3: 0.853846 time: 353s
2021-02-03 00:02:53,223 DEBUG   Epoch 99 - avg_train_loss: 0.0011  avg_val_loss: 1.8724 F1: 0.591836  Accuracy: 0.692308 Recall@3: 0.854121 time: 344s
2021-02-03 00:08:38,873 DEBUG   Epoch 100 - avg_train_loss: 0.0010  avg_val_loss: 1.8484 F1: 0.590618  Accuracy: 0.692582 Recall@3: 0.853846 time: 346s
2021-02-03 00:08:38,874 INFO [Train model] done in 34795 s.
