2021-01-11 21:51:05,811 INFO [Train model] start
2021-01-11 22:02:14,608 DEBUG   Epoch 1 - avg_train_loss: 0.5449  avg_val_loss: 1.5496 F1: 0.400103  Accuracy: 0.580220 Recall@3: 0.783791 time: 665s
2021-01-11 22:02:14,610 DEBUG   Epoch 1 - Save Best Accuracy: 0.580220 Model
2021-01-11 22:02:15,773 DEBUG   Epoch 1 - Save Best Loss: 1.5496 Model
2021-01-11 22:13:18,128 DEBUG   Epoch 2 - avg_train_loss: 0.3115  avg_val_loss: 1.3620 F1: 0.471752  Accuracy: 0.613462 Recall@3: 0.822253 time: 661s
2021-01-11 22:13:18,143 DEBUG   Epoch 2 - Save Best Accuracy: 0.613462 Model
2021-01-11 22:13:19,444 DEBUG   Epoch 2 - Save Best Loss: 1.3620 Model
2021-01-11 22:22:49,288 DEBUG   Epoch 3 - avg_train_loss: 0.2259  avg_val_loss: 1.3611 F1: 0.496698  Accuracy: 0.627473 Recall@3: 0.831319 time: 568s
2021-01-11 22:22:49,290 DEBUG   Epoch 3 - Save Best Accuracy: 0.627473 Model
2021-01-11 22:22:50,748 DEBUG   Epoch 3 - Save Best Loss: 1.3611 Model
2021-01-11 22:32:27,394 DEBUG   Epoch 4 - avg_train_loss: 0.1643  avg_val_loss: 1.3494 F1: 0.503248  Accuracy: 0.632418 Recall@3: 0.827747 time: 575s
2021-01-11 22:32:27,396 DEBUG   Epoch 4 - Save Best Accuracy: 0.632418 Model
2021-01-11 22:32:28,765 DEBUG   Epoch 4 - Save Best Loss: 1.3494 Model
2021-01-11 22:42:02,012 DEBUG   Epoch 5 - avg_train_loss: 0.1193  avg_val_loss: 1.3631 F1: 0.529368  Accuracy: 0.642308 Recall@3: 0.831868 time: 572s
2021-01-11 22:42:02,013 DEBUG   Epoch 5 - Save Best Accuracy: 0.642308 Model
2021-01-11 22:51:54,285 DEBUG   Epoch 6 - avg_train_loss: 0.0774  avg_val_loss: 1.3853 F1: 0.528106  Accuracy: 0.647253 Recall@3: 0.834341 time: 591s
2021-01-11 22:51:54,286 DEBUG   Epoch 6 - Save Best Accuracy: 0.647253 Model
2021-01-11 23:02:10,083 DEBUG   Epoch 7 - avg_train_loss: 0.0486  avg_val_loss: 1.3412 F1: 0.553469  Accuracy: 0.661264 Recall@3: 0.847253 time: 614s
2021-01-11 23:02:10,084 DEBUG   Epoch 7 - Save Best Accuracy: 0.661264 Model
2021-01-11 23:02:11,415 DEBUG   Epoch 7 - Save Best Loss: 1.3412 Model
2021-01-11 23:12:28,820 DEBUG   Epoch 8 - avg_train_loss: 0.0300  avg_val_loss: 1.3714 F1: 0.550835  Accuracy: 0.668681 Recall@3: 0.849725 time: 616s
2021-01-11 23:12:28,822 DEBUG   Epoch 8 - Save Best Accuracy: 0.668681 Model
2021-01-11 23:22:36,086 DEBUG   Epoch 9 - avg_train_loss: 0.0199  avg_val_loss: 1.4007 F1: 0.556105  Accuracy: 0.661813 Recall@3: 0.855769 time: 606s
2021-01-11 23:33:06,371 DEBUG   Epoch 10 - avg_train_loss: 0.0139  avg_val_loss: 1.3824 F1: 0.561512  Accuracy: 0.672253 Recall@3: 0.856868 time: 630s
2021-01-11 23:33:06,373 DEBUG   Epoch 10 - Save Best Accuracy: 0.672253 Model
2021-01-11 23:43:25,008 DEBUG   Epoch 11 - avg_train_loss: 0.0096  avg_val_loss: 1.4258 F1: 0.562530  Accuracy: 0.668681 Recall@3: 0.855220 time: 617s
2021-01-11 23:53:34,764 DEBUG   Epoch 12 - avg_train_loss: 0.0071  avg_val_loss: 1.3861 F1: 0.572231  Accuracy: 0.681593 Recall@3: 0.862912 time: 610s
2021-01-11 23:53:34,766 DEBUG   Epoch 12 - Save Best Accuracy: 0.681593 Model
2021-01-12 00:03:41,367 DEBUG   Epoch 13 - avg_train_loss: 0.0059  avg_val_loss: 1.3855 F1: 0.577715  Accuracy: 0.686538 Recall@3: 0.862088 time: 605s
2021-01-12 00:03:41,369 DEBUG   Epoch 13 - Save Best Accuracy: 0.686538 Model
2021-01-12 00:14:04,284 DEBUG   Epoch 14 - avg_train_loss: 0.0051  avg_val_loss: 1.4146 F1: 0.565919  Accuracy: 0.678022 Recall@3: 0.856593 time: 622s
2021-01-12 00:24:14,238 DEBUG   Epoch 15 - avg_train_loss: 0.0053  avg_val_loss: 1.4191 F1: 0.587386  Accuracy: 0.683791 Recall@3: 0.859066 time: 610s
2021-01-12 00:34:20,830 DEBUG   Epoch 16 - avg_train_loss: 0.0039  avg_val_loss: 1.4057 F1: 0.585012  Accuracy: 0.687912 Recall@3: 0.863736 time: 607s
2021-01-12 00:34:20,832 DEBUG   Epoch 16 - Save Best Accuracy: 0.687912 Model
2021-01-12 00:44:32,310 DEBUG   Epoch 17 - avg_train_loss: 0.0034  avg_val_loss: 1.4270 F1: 0.580866  Accuracy: 0.680495 Recall@3: 0.856319 time: 610s
2021-01-12 00:54:56,460 DEBUG   Epoch 18 - avg_train_loss: 0.0029  avg_val_loss: 1.4262 F1: 0.579276  Accuracy: 0.687363 Recall@3: 0.865110 time: 624s
2021-01-12 01:05:08,856 DEBUG   Epoch 19 - avg_train_loss: 0.0032  avg_val_loss: 1.4485 F1: 0.577788  Accuracy: 0.683242 Recall@3: 0.859615 time: 612s
2021-01-12 01:15:15,847 DEBUG   Epoch 20 - avg_train_loss: 0.0030  avg_val_loss: 1.4297 F1: 0.580341  Accuracy: 0.687363 Recall@3: 0.859341 time: 607s
2021-01-12 01:25:17,687 DEBUG   Epoch 21 - avg_train_loss: 0.0029  avg_val_loss: 1.4311 F1: 0.580189  Accuracy: 0.684890 Recall@3: 0.864560 time: 602s
2021-01-12 01:35:31,781 DEBUG   Epoch 22 - avg_train_loss: 0.0027  avg_val_loss: 1.4343 F1: 0.577096  Accuracy: 0.685989 Recall@3: 0.860440 time: 614s
2021-01-12 01:45:37,820 DEBUG   Epoch 23 - avg_train_loss: 0.0028  avg_val_loss: 1.4244 F1: 0.573288  Accuracy: 0.681044 Recall@3: 0.862637 time: 606s
2021-01-12 01:55:52,859 DEBUG   Epoch 24 - avg_train_loss: 0.0020  avg_val_loss: 1.4362 F1: 0.579446  Accuracy: 0.682418 Recall@3: 0.865934 time: 615s
2021-01-12 02:05:50,171 DEBUG   Epoch 25 - avg_train_loss: 0.0020  avg_val_loss: 1.4232 F1: 0.580412  Accuracy: 0.690385 Recall@3: 0.865934 time: 597s
2021-01-12 02:05:50,173 DEBUG   Epoch 25 - Save Best Accuracy: 0.690385 Model
2021-01-12 02:15:49,292 DEBUG   Epoch 26 - avg_train_loss: 0.0020  avg_val_loss: 1.4332 F1: 0.574569  Accuracy: 0.687637 Recall@3: 0.862912 time: 597s
2021-01-12 02:25:40,793 DEBUG   Epoch 27 - avg_train_loss: 0.0019  avg_val_loss: 1.4358 F1: 0.579051  Accuracy: 0.686264 Recall@3: 0.860165 time: 591s
2021-01-12 02:35:35,604 DEBUG   Epoch 28 - avg_train_loss: 0.0018  avg_val_loss: 1.4385 F1: 0.582686  Accuracy: 0.690110 Recall@3: 0.864286 time: 595s
2021-01-12 02:45:43,300 DEBUG   Epoch 29 - avg_train_loss: 0.0017  avg_val_loss: 1.4454 F1: 0.577544  Accuracy: 0.687088 Recall@3: 0.861813 time: 608s
2021-01-12 02:55:44,695 DEBUG   Epoch 30 - avg_train_loss: 0.0018  avg_val_loss: 1.4395 F1: 0.576471  Accuracy: 0.685440 Recall@3: 0.863736 time: 601s
2021-01-12 03:05:34,377 DEBUG   Epoch 31 - avg_train_loss: 0.0019  avg_val_loss: 1.4479 F1: 0.583463  Accuracy: 0.689011 Recall@3: 0.862637 time: 590s
2021-01-12 03:15:27,350 DEBUG   Epoch 32 - avg_train_loss: 0.0019  avg_val_loss: 1.4491 F1: 0.582765  Accuracy: 0.690659 Recall@3: 0.864011 time: 593s
2021-01-12 03:15:27,351 DEBUG   Epoch 32 - Save Best Accuracy: 0.690659 Model
2021-01-12 03:25:31,573 DEBUG   Epoch 33 - avg_train_loss: 0.0015  avg_val_loss: 1.4546 F1: 0.580273  Accuracy: 0.684890 Recall@3: 0.863462 time: 603s
2021-01-12 03:35:27,676 DEBUG   Epoch 34 - avg_train_loss: 0.0014  avg_val_loss: 1.4476 F1: 0.583248  Accuracy: 0.690659 Recall@3: 0.864286 time: 596s
2021-01-12 03:45:29,187 DEBUG   Epoch 35 - avg_train_loss: 0.0016  avg_val_loss: 1.4504 F1: 0.581495  Accuracy: 0.690659 Recall@3: 0.862637 time: 602s
2021-01-12 03:55:34,024 DEBUG   Epoch 36 - avg_train_loss: 0.0017  avg_val_loss: 1.4469 F1: 0.583924  Accuracy: 0.692308 Recall@3: 0.864560 time: 605s
2021-01-12 03:55:34,026 DEBUG   Epoch 36 - Save Best Accuracy: 0.692308 Model
2021-01-12 04:05:39,909 DEBUG   Epoch 37 - avg_train_loss: 0.0015  avg_val_loss: 1.4526 F1: 0.581403  Accuracy: 0.689835 Recall@3: 0.863736 time: 605s
2021-01-12 04:15:25,461 DEBUG   Epoch 38 - avg_train_loss: 0.0015  avg_val_loss: 1.4559 F1: 0.581936  Accuracy: 0.690110 Recall@3: 0.863187 time: 586s
2021-01-12 04:25:19,034 DEBUG   Epoch 39 - avg_train_loss: 0.0015  avg_val_loss: 1.4500 F1: 0.585786  Accuracy: 0.690385 Recall@3: 0.864286 time: 594s
2021-01-12 04:35:16,420 DEBUG   Epoch 40 - avg_train_loss: 0.0014  avg_val_loss: 1.4532 F1: 0.586524  Accuracy: 0.691758 Recall@3: 0.862088 time: 597s
2021-01-12 04:45:28,953 DEBUG   Epoch 41 - avg_train_loss: 0.0013  avg_val_loss: 1.4538 F1: 0.584316  Accuracy: 0.688736 Recall@3: 0.862088 time: 613s
2021-01-12 04:55:21,494 DEBUG   Epoch 42 - avg_train_loss: 0.0011  avg_val_loss: 1.4538 F1: 0.585714  Accuracy: 0.690934 Recall@3: 0.864011 time: 593s
2021-01-12 05:05:08,661 DEBUG   Epoch 43 - avg_train_loss: 0.0013  avg_val_loss: 1.4543 F1: 0.585233  Accuracy: 0.691758 Recall@3: 0.864011 time: 587s
2021-01-12 05:15:07,627 DEBUG   Epoch 44 - avg_train_loss: 0.0012  avg_val_loss: 1.4516 F1: 0.583151  Accuracy: 0.691484 Recall@3: 0.862637 time: 599s
2021-01-12 05:25:24,798 DEBUG   Epoch 45 - avg_train_loss: 0.0013  avg_val_loss: 1.4532 F1: 0.580282  Accuracy: 0.689011 Recall@3: 0.863736 time: 617s
2021-01-12 05:35:42,657 DEBUG   Epoch 46 - avg_train_loss: 0.0013  avg_val_loss: 1.4556 F1: 0.584929  Accuracy: 0.692308 Recall@3: 0.862912 time: 618s
2021-01-12 05:45:58,817 DEBUG   Epoch 47 - avg_train_loss: 0.0012  avg_val_loss: 1.4585 F1: 0.579382  Accuracy: 0.688736 Recall@3: 0.865385 time: 616s
2021-01-12 05:56:20,790 DEBUG   Epoch 48 - avg_train_loss: 0.0012  avg_val_loss: 1.4591 F1: 0.584217  Accuracy: 0.689835 Recall@3: 0.864835 time: 622s
2021-01-12 06:06:46,180 DEBUG   Epoch 49 - avg_train_loss: 0.0011  avg_val_loss: 1.4534 F1: 0.585950  Accuracy: 0.690934 Recall@3: 0.865110 time: 625s
2021-01-12 06:16:51,892 DEBUG   Epoch 50 - avg_train_loss: 0.0011  avg_val_loss: 1.4557 F1: 0.586323  Accuracy: 0.692033 Recall@3: 0.864011 time: 606s
2021-01-12 06:27:02,749 DEBUG   Epoch 51 - avg_train_loss: 0.0011  avg_val_loss: 1.4561 F1: 0.588625  Accuracy: 0.693681 Recall@3: 0.865385 time: 611s
2021-01-12 06:27:02,750 DEBUG   Epoch 51 - Save Best Accuracy: 0.693681 Model
2021-01-12 06:37:23,926 DEBUG   Epoch 52 - avg_train_loss: 0.0011  avg_val_loss: 1.4570 F1: 0.585726  Accuracy: 0.691758 Recall@3: 0.865659 time: 620s
2021-01-12 06:48:12,215 DEBUG   Epoch 53 - avg_train_loss: 0.0011  avg_val_loss: 1.4629 F1: 0.582965  Accuracy: 0.690385 Recall@3: 0.865659 time: 648s
2021-01-12 06:58:46,823 DEBUG   Epoch 54 - avg_train_loss: 0.0013  avg_val_loss: 1.4632 F1: 0.585366  Accuracy: 0.691758 Recall@3: 0.865110 time: 635s
2021-01-12 07:09:20,259 DEBUG   Epoch 55 - avg_train_loss: 0.0010  avg_val_loss: 1.4601 F1: 0.589296  Accuracy: 0.693407 Recall@3: 0.864835 time: 633s
2021-01-12 07:19:59,552 DEBUG   Epoch 56 - avg_train_loss: 0.0011  avg_val_loss: 1.4622 F1: 0.585439  Accuracy: 0.691484 Recall@3: 0.865385 time: 639s
2021-01-12 07:30:46,225 DEBUG   Epoch 57 - avg_train_loss: 0.0011  avg_val_loss: 1.4632 F1: 0.584670  Accuracy: 0.689560 Recall@3: 0.865385 time: 647s
2021-01-12 07:41:30,455 DEBUG   Epoch 58 - avg_train_loss: 0.0011  avg_val_loss: 1.4621 F1: 0.584158  Accuracy: 0.690385 Recall@3: 0.865659 time: 644s
2021-01-12 07:50:53,595 DEBUG   Epoch 59 - avg_train_loss: 0.0012  avg_val_loss: 1.4621 F1: 0.582595  Accuracy: 0.690385 Recall@3: 0.865110 time: 563s
2021-01-12 08:00:11,387 DEBUG   Epoch 60 - avg_train_loss: 0.0011  avg_val_loss: 1.4670 F1: 0.584109  Accuracy: 0.689560 Recall@3: 0.864835 time: 558s
2021-01-12 08:09:35,266 DEBUG   Epoch 61 - avg_train_loss: 0.0012  avg_val_loss: 1.4644 F1: 0.584678  Accuracy: 0.691484 Recall@3: 0.863462 time: 564s
2021-01-12 08:18:51,786 DEBUG   Epoch 62 - avg_train_loss: 0.0012  avg_val_loss: 1.4624 F1: 0.586359  Accuracy: 0.693132 Recall@3: 0.864560 time: 557s
2021-01-12 08:28:06,668 DEBUG   Epoch 63 - avg_train_loss: 0.0010  avg_val_loss: 1.4622 F1: 0.583942  Accuracy: 0.691484 Recall@3: 0.864011 time: 555s
2021-01-12 08:37:22,668 DEBUG   Epoch 64 - avg_train_loss: 0.0010  avg_val_loss: 1.4626 F1: 0.586479  Accuracy: 0.693407 Recall@3: 0.865385 time: 556s
2021-01-12 08:46:49,707 DEBUG   Epoch 65 - avg_train_loss: 0.0010  avg_val_loss: 1.4633 F1: 0.586149  Accuracy: 0.692582 Recall@3: 0.864286 time: 567s
2021-01-12 08:56:08,251 DEBUG   Epoch 66 - avg_train_loss: 0.0012  avg_val_loss: 1.4624 F1: 0.585566  Accuracy: 0.692033 Recall@3: 0.864835 time: 559s
2021-01-12 09:05:25,549 DEBUG   Epoch 67 - avg_train_loss: 0.0011  avg_val_loss: 1.4625 F1: 0.587258  Accuracy: 0.691209 Recall@3: 0.865385 time: 557s
2021-01-12 09:14:50,007 DEBUG   Epoch 68 - avg_train_loss: 0.0010  avg_val_loss: 1.4633 F1: 0.584568  Accuracy: 0.690934 Recall@3: 0.864286 time: 564s
2021-01-12 09:24:20,254 DEBUG   Epoch 69 - avg_train_loss: 0.0010  avg_val_loss: 1.4633 F1: 0.586342  Accuracy: 0.692857 Recall@3: 0.864560 time: 570s
2021-01-12 09:33:40,736 DEBUG   Epoch 70 - avg_train_loss: 0.0010  avg_val_loss: 1.4628 F1: 0.584327  Accuracy: 0.692033 Recall@3: 0.864560 time: 560s
2021-01-12 09:43:02,732 DEBUG   Epoch 71 - avg_train_loss: 0.0011  avg_val_loss: 1.4623 F1: 0.583499  Accuracy: 0.691209 Recall@3: 0.865110 time: 562s
2021-01-12 09:52:22,488 DEBUG   Epoch 72 - avg_train_loss: 0.0010  avg_val_loss: 1.4626 F1: 0.583707  Accuracy: 0.691758 Recall@3: 0.865385 time: 560s
2021-01-12 10:01:50,222 DEBUG   Epoch 73 - avg_train_loss: 0.0010  avg_val_loss: 1.4620 F1: 0.584737  Accuracy: 0.691758 Recall@3: 0.862912 time: 568s
2021-01-12 10:11:11,021 DEBUG   Epoch 74 - avg_train_loss: 0.0010  avg_val_loss: 1.4623 F1: 0.586010  Accuracy: 0.691484 Recall@3: 0.865385 time: 561s
2021-01-12 10:20:33,695 DEBUG   Epoch 75 - avg_train_loss: 0.0011  avg_val_loss: 1.4614 F1: 0.588521  Accuracy: 0.692308 Recall@3: 0.865934 time: 563s
2021-01-12 10:29:49,499 DEBUG   Epoch 76 - avg_train_loss: 0.0009  avg_val_loss: 1.4622 F1: 0.586095  Accuracy: 0.691758 Recall@3: 0.865110 time: 556s
2021-01-12 10:39:13,931 DEBUG   Epoch 77 - avg_train_loss: 0.0010  avg_val_loss: 1.4620 F1: 0.586848  Accuracy: 0.691484 Recall@3: 0.865110 time: 564s
2021-01-12 10:48:34,734 DEBUG   Epoch 78 - avg_train_loss: 0.0009  avg_val_loss: 1.4621 F1: 0.589324  Accuracy: 0.693681 Recall@3: 0.865385 time: 561s
2021-01-12 10:57:56,119 DEBUG   Epoch 79 - avg_train_loss: 0.0010  avg_val_loss: 1.4622 F1: 0.585995  Accuracy: 0.692308 Recall@3: 0.865385 time: 561s
2021-01-12 11:07:18,634 DEBUG   Epoch 80 - avg_train_loss: 0.0011  avg_val_loss: 1.4614 F1: 0.588995  Accuracy: 0.693407 Recall@3: 0.864286 time: 563s
2021-01-12 11:16:50,135 DEBUG   Epoch 81 - avg_train_loss: 0.0011  avg_val_loss: 1.4616 F1: 0.589186  Accuracy: 0.693681 Recall@3: 0.864011 time: 572s
2021-01-12 11:26:11,152 DEBUG   Epoch 82 - avg_train_loss: 0.0009  avg_val_loss: 1.4622 F1: 0.588434  Accuracy: 0.693681 Recall@3: 0.864286 time: 561s
2021-01-12 11:35:37,087 DEBUG   Epoch 83 - avg_train_loss: 0.0012  avg_val_loss: 1.4627 F1: 0.586383  Accuracy: 0.692308 Recall@3: 0.865385 time: 566s
2021-01-12 11:45:02,220 DEBUG   Epoch 84 - avg_train_loss: 0.0010  avg_val_loss: 1.4627 F1: 0.588865  Accuracy: 0.692857 Recall@3: 0.864286 time: 565s
2021-01-12 11:54:32,801 DEBUG   Epoch 85 - avg_train_loss: 0.0009  avg_val_loss: 1.4627 F1: 0.587213  Accuracy: 0.692308 Recall@3: 0.864560 time: 571s
2021-01-12 12:03:57,211 DEBUG   Epoch 86 - avg_train_loss: 0.0010  avg_val_loss: 1.4626 F1: 0.588280  Accuracy: 0.692857 Recall@3: 0.865385 time: 564s
2021-01-12 12:13:19,794 DEBUG   Epoch 87 - avg_train_loss: 0.0010  avg_val_loss: 1.4628 F1: 0.587900  Accuracy: 0.692308 Recall@3: 0.866209 time: 563s
2021-01-12 12:22:44,718 DEBUG   Epoch 88 - avg_train_loss: 0.0011  avg_val_loss: 1.4630 F1: 0.584403  Accuracy: 0.690659 Recall@3: 0.864560 time: 565s
2021-01-12 12:32:14,915 DEBUG   Epoch 89 - avg_train_loss: 0.0010  avg_val_loss: 1.4629 F1: 0.585808  Accuracy: 0.691758 Recall@3: 0.864835 time: 570s
2021-01-12 12:41:38,806 DEBUG   Epoch 90 - avg_train_loss: 0.0011  avg_val_loss: 1.4627 F1: 0.584987  Accuracy: 0.691209 Recall@3: 0.864835 time: 564s
2021-01-12 12:51:02,441 DEBUG   Epoch 91 - avg_train_loss: 0.0011  avg_val_loss: 1.4626 F1: 0.584894  Accuracy: 0.691484 Recall@3: 0.864560 time: 564s
2021-01-12 13:00:28,628 DEBUG   Epoch 92 - avg_train_loss: 0.0011  avg_val_loss: 1.4632 F1: 0.586659  Accuracy: 0.692857 Recall@3: 0.864286 time: 566s
2021-01-12 13:10:05,141 DEBUG   Epoch 93 - avg_train_loss: 0.0009  avg_val_loss: 1.4633 F1: 0.586426  Accuracy: 0.693132 Recall@3: 0.864560 time: 577s
2021-01-12 13:19:29,295 DEBUG   Epoch 94 - avg_train_loss: 0.0009  avg_val_loss: 1.4628 F1: 0.585976  Accuracy: 0.692582 Recall@3: 0.864560 time: 564s
2021-01-12 13:28:52,727 DEBUG   Epoch 95 - avg_train_loss: 0.0011  avg_val_loss: 1.4627 F1: 0.586627  Accuracy: 0.693132 Recall@3: 0.864560 time: 563s
2021-01-12 13:37:36,723 DEBUG   Epoch 96 - avg_train_loss: 0.0010  avg_val_loss: 1.4627 F1: 0.586467  Accuracy: 0.692857 Recall@3: 0.865110 time: 524s
2021-01-12 13:46:55,480 DEBUG   Epoch 97 - avg_train_loss: 0.0010  avg_val_loss: 1.4629 F1: 0.585410  Accuracy: 0.692582 Recall@3: 0.864011 time: 559s
2021-01-12 13:56:14,825 DEBUG   Epoch 98 - avg_train_loss: 0.0009  avg_val_loss: 1.4628 F1: 0.587235  Accuracy: 0.693132 Recall@3: 0.864011 time: 559s
2021-01-12 14:05:32,003 DEBUG   Epoch 99 - avg_train_loss: 0.0011  avg_val_loss: 1.4629 F1: 0.586477  Accuracy: 0.692582 Recall@3: 0.864835 time: 557s
2021-01-12 14:14:52,877 DEBUG   Epoch 100 - avg_train_loss: 0.0009  avg_val_loss: 1.4628 F1: 0.586414  Accuracy: 0.692582 Recall@3: 0.865385 time: 561s
2021-01-12 14:14:52,879 INFO [Train model] done in 59027 s.
