2021-01-16 19:37:02,603 INFO [Train model] start
2021-01-16 20:26:30,295 DEBUG   Epoch 1 - avg_train_loss: 0.0018  avg_val_loss: 1.2841 F1: 0.491400  Accuracy: 0.648077 Recall@3: 0.835165 time: 2964s
2021-01-16 20:26:30,297 DEBUG   Epoch 1 - Save Best Accuracy: 0.648077 Model
2021-01-16 20:26:33,855 DEBUG   Epoch 1 - Save Best Loss: 1.2841 Model
2021-01-16 21:16:10,551 DEBUG   Epoch 2 - avg_train_loss: 0.0009  avg_val_loss: 1.1136 F1: 0.585577  Accuracy: 0.704121 Recall@3: 0.860989 time: 2973s
2021-01-16 21:16:10,552 DEBUG   Epoch 2 - Save Best Accuracy: 0.704121 Model
2021-01-16 21:16:14,090 DEBUG   Epoch 2 - Save Best Loss: 1.1136 Model
2021-01-16 22:05:58,654 DEBUG   Epoch 3 - avg_train_loss: 0.0006  avg_val_loss: 1.0735 F1: 0.610191  Accuracy: 0.714011 Recall@3: 0.872802 time: 2981s
2021-01-16 22:05:58,655 DEBUG   Epoch 3 - Save Best Accuracy: 0.714011 Model
2021-01-16 22:06:02,747 DEBUG   Epoch 3 - Save Best Loss: 1.0735 Model
2021-01-16 22:55:56,794 DEBUG   Epoch 4 - avg_train_loss: 0.0003  avg_val_loss: 1.1572 F1: 0.592272  Accuracy: 0.695604 Recall@3: 0.870330 time: 2982s
2021-01-16 23:45:43,552 DEBUG   Epoch 5 - avg_train_loss: 0.0001  avg_val_loss: 1.0825 F1: 0.638817  Accuracy: 0.730769 Recall@3: 0.883242 time: 2987s
2021-01-16 23:45:43,553 DEBUG   Epoch 5 - Save Best Accuracy: 0.730769 Model
2021-01-17 00:35:47,197 DEBUG   Epoch 6 - avg_train_loss: 0.0001  avg_val_loss: 1.0735 F1: 0.637625  Accuracy: 0.740659 Recall@3: 0.888736 time: 3000s
2021-01-17 00:35:47,199 DEBUG   Epoch 6 - Save Best Accuracy: 0.740659 Model
2021-01-17 00:35:50,955 DEBUG   Epoch 6 - Save Best Loss: 1.0735 Model
2021-01-17 01:26:02,290 DEBUG   Epoch 7 - avg_train_loss: 0.0000  avg_val_loss: 1.0819 F1: 0.648385  Accuracy: 0.743407 Recall@3: 0.890110 time: 3006s
2021-01-17 01:26:02,292 DEBUG   Epoch 7 - Save Best Accuracy: 0.743407 Model
2021-01-17 02:16:15,318 DEBUG   Epoch 8 - avg_train_loss: 0.0000  avg_val_loss: 1.0694 F1: 0.660574  Accuracy: 0.747802 Recall@3: 0.893956 time: 3008s
2021-01-17 02:16:15,321 DEBUG   Epoch 8 - Save Best Accuracy: 0.747802 Model
2021-01-17 02:16:19,380 DEBUG   Epoch 8 - Save Best Loss: 1.0694 Model
2021-01-17 03:06:34,060 DEBUG   Epoch 9 - avg_train_loss: 0.0000  avg_val_loss: 1.0730 F1: 0.651361  Accuracy: 0.745330 Recall@3: 0.896154 time: 3010s
2021-01-17 03:56:43,494 DEBUG   Epoch 10 - avg_train_loss: 0.0000  avg_val_loss: 1.0902 F1: 0.657900  Accuracy: 0.751648 Recall@3: 0.892857 time: 3009s
2021-01-17 03:56:43,496 DEBUG   Epoch 10 - Save Best Accuracy: 0.751648 Model
2021-01-17 04:46:54,056 DEBUG   Epoch 11 - avg_train_loss: 0.0000  avg_val_loss: 1.0907 F1: 0.663511  Accuracy: 0.756868 Recall@3: 0.896429 time: 3005s
2021-01-17 04:46:54,058 DEBUG   Epoch 11 - Save Best Accuracy: 0.756868 Model
2021-01-17 05:36:59,418 DEBUG   Epoch 12 - avg_train_loss: 0.0000  avg_val_loss: 1.1166 F1: 0.663195  Accuracy: 0.754121 Recall@3: 0.890934 time: 3001s
2021-01-17 06:27:12,785 DEBUG   Epoch 13 - avg_train_loss: 0.0000  avg_val_loss: 1.0987 F1: 0.658639  Accuracy: 0.753297 Recall@3: 0.893132 time: 3013s
2021-01-17 07:17:17,259 DEBUG   Epoch 14 - avg_train_loss: 0.0000  avg_val_loss: 1.1088 F1: 0.660919  Accuracy: 0.752747 Recall@3: 0.890659 time: 3004s
2021-01-17 08:07:31,046 DEBUG   Epoch 15 - avg_train_loss: 0.0000  avg_val_loss: 1.1164 F1: 0.663328  Accuracy: 0.756044 Recall@3: 0.894231 time: 3014s
2021-01-17 08:57:53,409 DEBUG   Epoch 16 - avg_train_loss: 0.0000  avg_val_loss: 1.1038 F1: 0.659650  Accuracy: 0.755220 Recall@3: 0.897253 time: 3022s
2021-01-17 09:48:10,411 DEBUG   Epoch 17 - avg_train_loss: 0.0000  avg_val_loss: 1.1087 F1: 0.662057  Accuracy: 0.754945 Recall@3: 0.892857 time: 3017s
2021-01-17 10:38:34,696 DEBUG   Epoch 18 - avg_train_loss: 0.0000  avg_val_loss: 1.1179 F1: 0.663326  Accuracy: 0.756044 Recall@3: 0.891758 time: 3024s
2021-01-17 11:29:01,244 DEBUG   Epoch 19 - avg_train_loss: 0.0000  avg_val_loss: 1.1120 F1: 0.665093  Accuracy: 0.759341 Recall@3: 0.892033 time: 3027s
2021-01-17 11:29:01,245 DEBUG   Epoch 19 - Save Best Accuracy: 0.759341 Model
2021-01-17 12:19:23,670 DEBUG   Epoch 20 - avg_train_loss: 0.0000  avg_val_loss: 1.1383 F1: 0.649689  Accuracy: 0.748077 Recall@3: 0.891209 time: 3018s
2021-01-17 13:08:29,950 DEBUG   Epoch 21 - avg_train_loss: 0.0000  avg_val_loss: 1.1205 F1: 0.662360  Accuracy: 0.756593 Recall@3: 0.892308 time: 2946s
2021-01-17 13:56:32,200 DEBUG   Epoch 22 - avg_train_loss: 0.0000  avg_val_loss: 1.1232 F1: 0.659748  Accuracy: 0.756868 Recall@3: 0.896154 time: 2882s
2021-01-17 14:44:23,607 DEBUG   Epoch 23 - avg_train_loss: 0.0000  avg_val_loss: 1.1238 F1: 0.659084  Accuracy: 0.756593 Recall@3: 0.894505 time: 2871s
2021-01-17 15:32:21,227 DEBUG   Epoch 24 - avg_train_loss: 0.0000  avg_val_loss: 1.1210 F1: 0.661311  Accuracy: 0.757418 Recall@3: 0.893681 time: 2878s
2021-01-17 16:20:20,680 DEBUG   Epoch 25 - avg_train_loss: 0.0000  avg_val_loss: 1.1218 F1: 0.660330  Accuracy: 0.754121 Recall@3: 0.895604 time: 2879s
2021-01-17 17:08:09,740 DEBUG   Epoch 26 - avg_train_loss: 0.0000  avg_val_loss: 1.1245 F1: 0.663265  Accuracy: 0.759341 Recall@3: 0.893956 time: 2869s
2021-01-17 17:56:04,281 DEBUG   Epoch 27 - avg_train_loss: 0.0000  avg_val_loss: 1.1169 F1: 0.661918  Accuracy: 0.759066 Recall@3: 0.896429 time: 2875s
2021-01-17 18:44:10,476 DEBUG   Epoch 28 - avg_train_loss: 0.0000  avg_val_loss: 1.1147 F1: 0.663446  Accuracy: 0.758791 Recall@3: 0.895604 time: 2886s
2021-01-17 19:31:53,972 DEBUG   Epoch 29 - avg_train_loss: 0.0000  avg_val_loss: 1.1184 F1: 0.661247  Accuracy: 0.758791 Recall@3: 0.895055 time: 2863s
2021-01-17 20:19:42,512 DEBUG   Epoch 30 - avg_train_loss: 0.0000  avg_val_loss: 1.1298 F1: 0.662717  Accuracy: 0.759341 Recall@3: 0.896703 time: 2869s
2021-01-17 21:07:36,309 DEBUG   Epoch 31 - avg_train_loss: 0.0000  avg_val_loss: 1.1308 F1: 0.657261  Accuracy: 0.753571 Recall@3: 0.897253 time: 2874s
2021-01-17 21:55:05,630 DEBUG   Epoch 32 - avg_train_loss: 0.0000  avg_val_loss: 1.1227 F1: 0.657039  Accuracy: 0.753022 Recall@3: 0.893681 time: 2849s
2021-01-17 22:42:39,293 DEBUG   Epoch 33 - avg_train_loss: 0.0000  avg_val_loss: 1.1213 F1: 0.659224  Accuracy: 0.753571 Recall@3: 0.894780 time: 2854s
2021-01-17 23:30:11,586 DEBUG   Epoch 34 - avg_train_loss: 0.0000  avg_val_loss: 1.1299 F1: 0.657785  Accuracy: 0.754121 Recall@3: 0.895055 time: 2852s
2021-01-18 00:18:04,856 DEBUG   Epoch 35 - avg_train_loss: 0.0000  avg_val_loss: 1.1280 F1: 0.658582  Accuracy: 0.755495 Recall@3: 0.893407 time: 2873s
2021-01-18 01:05:42,937 DEBUG   Epoch 36 - avg_train_loss: 0.0000  avg_val_loss: 1.1299 F1: 0.659798  Accuracy: 0.755495 Recall@3: 0.894780 time: 2858s
2021-01-18 01:53:25,938 DEBUG   Epoch 37 - avg_train_loss: 0.0000  avg_val_loss: 1.1273 F1: 0.660923  Accuracy: 0.757692 Recall@3: 0.895330 time: 2863s
2021-01-18 02:41:16,571 DEBUG   Epoch 38 - avg_train_loss: 0.0000  avg_val_loss: 1.1308 F1: 0.662251  Accuracy: 0.757692 Recall@3: 0.894780 time: 2871s
2021-01-18 03:28:56,656 DEBUG   Epoch 39 - avg_train_loss: 0.0000  avg_val_loss: 1.1300 F1: 0.664064  Accuracy: 0.759066 Recall@3: 0.894780 time: 2860s
2021-01-18 04:16:45,423 DEBUG   Epoch 40 - avg_train_loss: 0.0000  avg_val_loss: 1.1335 F1: 0.657643  Accuracy: 0.756319 Recall@3: 0.895055 time: 2869s
2021-01-18 05:04:35,886 DEBUG   Epoch 41 - avg_train_loss: 0.0000  avg_val_loss: 1.1351 F1: 0.658340  Accuracy: 0.755769 Recall@3: 0.893956 time: 2870s
2021-01-18 05:51:34,332 DEBUG   Epoch 42 - avg_train_loss: 0.0000  avg_val_loss: 1.1305 F1: 0.663422  Accuracy: 0.757418 Recall@3: 0.894505 time: 2818s
2021-01-18 06:38:28,598 DEBUG   Epoch 43 - avg_train_loss: 0.0000  avg_val_loss: 1.1307 F1: 0.659557  Accuracy: 0.756044 Recall@3: 0.892857 time: 2814s
2021-01-18 07:25:23,210 DEBUG   Epoch 44 - avg_train_loss: 0.0000  avg_val_loss: 1.1288 F1: 0.659772  Accuracy: 0.757143 Recall@3: 0.894231 time: 2815s
2021-01-18 08:12:28,990 DEBUG   Epoch 45 - avg_train_loss: 0.0000  avg_val_loss: 1.1284 F1: 0.660587  Accuracy: 0.757692 Recall@3: 0.893956 time: 2826s
2021-01-18 08:59:20,411 DEBUG   Epoch 46 - avg_train_loss: 0.0000  avg_val_loss: 1.1301 F1: 0.662294  Accuracy: 0.758516 Recall@3: 0.893956 time: 2811s
2021-01-18 09:46:35,502 DEBUG   Epoch 47 - avg_train_loss: 0.0000  avg_val_loss: 1.1321 F1: 0.661848  Accuracy: 0.757418 Recall@3: 0.892582 time: 2835s
2021-01-18 10:35:29,123 DEBUG   Epoch 48 - avg_train_loss: 0.0000  avg_val_loss: 1.1346 F1: 0.663866  Accuracy: 0.759615 Recall@3: 0.893681 time: 2934s
2021-01-18 10:35:29,127 DEBUG   Epoch 48 - Save Best Accuracy: 0.759615 Model
2021-01-18 11:24:16,957 DEBUG   Epoch 49 - avg_train_loss: 0.0000  avg_val_loss: 1.1348 F1: 0.662492  Accuracy: 0.758242 Recall@3: 0.894231 time: 2922s
2021-01-18 12:13:12,107 DEBUG   Epoch 50 - avg_train_loss: 0.0000  avg_val_loss: 1.1349 F1: 0.660831  Accuracy: 0.756044 Recall@3: 0.894505 time: 2935s
2021-01-18 13:02:19,830 DEBUG   Epoch 51 - avg_train_loss: 0.0000  avg_val_loss: 1.1333 F1: 0.658090  Accuracy: 0.754945 Recall@3: 0.895330 time: 2948s
2021-01-18 13:51:46,296 DEBUG   Epoch 52 - avg_train_loss: 0.0000  avg_val_loss: 1.1347 F1: 0.660941  Accuracy: 0.756044 Recall@3: 0.894505 time: 2966s
2021-01-18 14:40:45,899 DEBUG   Epoch 53 - avg_train_loss: 0.0000  avg_val_loss: 1.1351 F1: 0.659870  Accuracy: 0.754945 Recall@3: 0.894505 time: 2940s
2021-01-18 15:28:54,438 DEBUG   Epoch 54 - avg_train_loss: 0.0000  avg_val_loss: 1.1357 F1: 0.658884  Accuracy: 0.754396 Recall@3: 0.895879 time: 2889s
2021-01-18 16:16:42,920 DEBUG   Epoch 55 - avg_train_loss: 0.0000  avg_val_loss: 1.1349 F1: 0.660759  Accuracy: 0.754670 Recall@3: 0.896154 time: 2868s
2021-01-18 17:05:29,868 DEBUG   Epoch 56 - avg_train_loss: 0.0000  avg_val_loss: 1.1383 F1: 0.658096  Accuracy: 0.754670 Recall@3: 0.895604 time: 2927s
2021-01-18 17:54:41,284 DEBUG   Epoch 57 - avg_train_loss: 0.0000  avg_val_loss: 1.1362 F1: 0.659219  Accuracy: 0.755220 Recall@3: 0.894780 time: 2951s
2021-01-18 18:44:26,533 DEBUG   Epoch 58 - avg_train_loss: 0.0000  avg_val_loss: 1.1367 F1: 0.657233  Accuracy: 0.753571 Recall@3: 0.895055 time: 2985s
2021-01-18 19:34:04,050 DEBUG   Epoch 59 - avg_train_loss: 0.0000  avg_val_loss: 1.1350 F1: 0.656723  Accuracy: 0.753571 Recall@3: 0.895055 time: 2978s
2021-01-18 20:24:04,284 DEBUG   Epoch 60 - avg_train_loss: 0.0000  avg_val_loss: 1.1353 F1: 0.659769  Accuracy: 0.756319 Recall@3: 0.895879 time: 3000s
2021-01-18 21:14:00,466 DEBUG   Epoch 61 - avg_train_loss: 0.0000  avg_val_loss: 1.1360 F1: 0.657911  Accuracy: 0.755220 Recall@3: 0.894780 time: 2996s
2021-01-18 22:03:57,253 DEBUG   Epoch 62 - avg_train_loss: 0.0000  avg_val_loss: 1.1357 F1: 0.656535  Accuracy: 0.754396 Recall@3: 0.896703 time: 2997s
2021-01-18 22:53:56,923 DEBUG   Epoch 63 - avg_train_loss: 0.0000  avg_val_loss: 1.1363 F1: 0.656819  Accuracy: 0.754121 Recall@3: 0.895879 time: 3000s
2021-01-18 23:43:57,897 DEBUG   Epoch 64 - avg_train_loss: 0.0000  avg_val_loss: 1.1369 F1: 0.660444  Accuracy: 0.756044 Recall@3: 0.895330 time: 3001s
2021-01-19 00:33:56,805 DEBUG   Epoch 65 - avg_train_loss: 0.0000  avg_val_loss: 1.1375 F1: 0.658324  Accuracy: 0.754945 Recall@3: 0.895330 time: 2999s
2021-01-19 01:24:01,647 DEBUG   Epoch 66 - avg_train_loss: 0.0000  avg_val_loss: 1.1373 F1: 0.658424  Accuracy: 0.755769 Recall@3: 0.895879 time: 3005s
2021-01-19 02:14:06,635 DEBUG   Epoch 67 - avg_train_loss: 0.0000  avg_val_loss: 1.1377 F1: 0.657657  Accuracy: 0.755495 Recall@3: 0.895330 time: 3005s
2021-01-19 03:04:13,529 DEBUG   Epoch 68 - avg_train_loss: 0.0000  avg_val_loss: 1.1374 F1: 0.657639  Accuracy: 0.754670 Recall@3: 0.895055 time: 3007s
2021-01-19 03:54:11,271 DEBUG   Epoch 69 - avg_train_loss: 0.0000  avg_val_loss: 1.1363 F1: 0.658071  Accuracy: 0.754670 Recall@3: 0.895330 time: 2998s
2021-01-19 04:44:16,729 DEBUG   Epoch 70 - avg_train_loss: 0.0000  avg_val_loss: 1.1373 F1: 0.658134  Accuracy: 0.754945 Recall@3: 0.893956 time: 3005s
2021-01-19 05:33:59,568 DEBUG   Epoch 71 - avg_train_loss: 0.0000  avg_val_loss: 1.1376 F1: 0.657208  Accuracy: 0.754396 Recall@3: 0.894505 time: 2983s
2021-01-19 06:23:18,646 DEBUG   Epoch 72 - avg_train_loss: 0.0000  avg_val_loss: 1.1377 F1: 0.660764  Accuracy: 0.756593 Recall@3: 0.894231 time: 2959s
2021-01-19 07:12:25,776 DEBUG   Epoch 73 - avg_train_loss: 0.0000  avg_val_loss: 1.1374 F1: 0.658476  Accuracy: 0.755769 Recall@3: 0.893407 time: 2947s
2021-01-19 08:00:36,799 DEBUG   Epoch 74 - avg_train_loss: 0.0000  avg_val_loss: 1.1369 F1: 0.659565  Accuracy: 0.756044 Recall@3: 0.893681 time: 2891s
2021-01-19 08:47:30,627 DEBUG   Epoch 75 - avg_train_loss: 0.0000  avg_val_loss: 1.1369 F1: 0.661059  Accuracy: 0.756044 Recall@3: 0.893956 time: 2814s
2021-01-19 09:34:14,467 DEBUG   Epoch 76 - avg_train_loss: 0.0000  avg_val_loss: 1.1362 F1: 0.659396  Accuracy: 0.756044 Recall@3: 0.894231 time: 2804s
2021-01-19 10:21:03,191 DEBUG   Epoch 77 - avg_train_loss: 0.0000  avg_val_loss: 1.1365 F1: 0.659125  Accuracy: 0.756319 Recall@3: 0.894780 time: 2809s
2021-01-19 11:07:51,307 DEBUG   Epoch 78 - avg_train_loss: 0.0000  avg_val_loss: 1.1363 F1: 0.658698  Accuracy: 0.755769 Recall@3: 0.894780 time: 2808s
2021-01-19 11:55:01,246 DEBUG   Epoch 79 - avg_train_loss: 0.0000  avg_val_loss: 1.1364 F1: 0.659939  Accuracy: 0.756593 Recall@3: 0.894505 time: 2830s
2021-01-19 12:41:51,983 DEBUG   Epoch 80 - avg_train_loss: 0.0000  avg_val_loss: 1.1365 F1: 0.659289  Accuracy: 0.755769 Recall@3: 0.894505 time: 2811s
2021-01-19 13:28:51,948 DEBUG   Epoch 81 - avg_train_loss: 0.0000  avg_val_loss: 1.1365 F1: 0.659105  Accuracy: 0.755769 Recall@3: 0.894780 time: 2820s
2021-01-19 14:15:55,615 DEBUG   Epoch 82 - avg_train_loss: 0.0000  avg_val_loss: 1.1364 F1: 0.658994  Accuracy: 0.755495 Recall@3: 0.894231 time: 2824s
2021-01-19 15:02:55,863 DEBUG   Epoch 83 - avg_train_loss: 0.0000  avg_val_loss: 1.1365 F1: 0.658644  Accuracy: 0.755495 Recall@3: 0.894231 time: 2820s
2021-01-19 15:50:01,076 DEBUG   Epoch 84 - avg_train_loss: 0.0000  avg_val_loss: 1.1366 F1: 0.658949  Accuracy: 0.755495 Recall@3: 0.894231 time: 2825s
2021-01-19 16:37:18,702 DEBUG   Epoch 85 - avg_train_loss: 0.0000  avg_val_loss: 1.1365 F1: 0.658205  Accuracy: 0.755220 Recall@3: 0.895055 time: 2838s
2021-01-19 17:25:13,218 DEBUG   Epoch 86 - avg_train_loss: 0.0000  avg_val_loss: 1.1366 F1: 0.660535  Accuracy: 0.756868 Recall@3: 0.894505 time: 2875s
2021-01-19 18:12:58,943 DEBUG   Epoch 87 - avg_train_loss: 0.0000  avg_val_loss: 1.1366 F1: 0.660210  Accuracy: 0.756319 Recall@3: 0.894505 time: 2866s
2021-01-19 19:00:31,609 DEBUG   Epoch 88 - avg_train_loss: 0.0000  avg_val_loss: 1.1364 F1: 0.659713  Accuracy: 0.755769 Recall@3: 0.894505 time: 2853s
2021-01-19 19:48:04,479 DEBUG   Epoch 89 - avg_train_loss: 0.0000  avg_val_loss: 1.1363 F1: 0.659487  Accuracy: 0.756044 Recall@3: 0.894505 time: 2853s
2021-01-19 20:35:48,750 DEBUG   Epoch 90 - avg_train_loss: 0.0000  avg_val_loss: 1.1366 F1: 0.659803  Accuracy: 0.755769 Recall@3: 0.894780 time: 2864s
2021-01-19 21:23:50,094 DEBUG   Epoch 91 - avg_train_loss: 0.0000  avg_val_loss: 1.1365 F1: 0.660134  Accuracy: 0.756319 Recall@3: 0.895055 time: 2881s
2021-01-19 22:11:58,299 DEBUG   Epoch 92 - avg_train_loss: 0.0000  avg_val_loss: 1.1364 F1: 0.660547  Accuracy: 0.756593 Recall@3: 0.894780 time: 2888s
2021-01-19 23:00:02,932 DEBUG   Epoch 93 - avg_train_loss: 0.0000  avg_val_loss: 1.1365 F1: 0.661569  Accuracy: 0.757143 Recall@3: 0.894231 time: 2885s
2021-01-19 23:48:00,185 DEBUG   Epoch 94 - avg_train_loss: 0.0000  avg_val_loss: 1.1364 F1: 0.661994  Accuracy: 0.757692 Recall@3: 0.894505 time: 2877s
2021-01-20 00:35:52,315 DEBUG   Epoch 95 - avg_train_loss: 0.0000  avg_val_loss: 1.1363 F1: 0.661256  Accuracy: 0.757143 Recall@3: 0.894780 time: 2872s
2021-01-20 01:23:49,104 DEBUG   Epoch 96 - avg_train_loss: 0.0000  avg_val_loss: 1.1365 F1: 0.660453  Accuracy: 0.756593 Recall@3: 0.894505 time: 2877s
2021-01-20 02:11:52,625 DEBUG   Epoch 97 - avg_train_loss: 0.0000  avg_val_loss: 1.1365 F1: 0.661306  Accuracy: 0.757143 Recall@3: 0.894505 time: 2884s
2021-01-20 02:59:46,951 DEBUG   Epoch 98 - avg_train_loss: 0.0000  avg_val_loss: 1.1367 F1: 0.660801  Accuracy: 0.756868 Recall@3: 0.894231 time: 2874s
2021-01-20 03:47:52,087 DEBUG   Epoch 99 - avg_train_loss: 0.0000  avg_val_loss: 1.1367 F1: 0.661056  Accuracy: 0.757143 Recall@3: 0.894231 time: 2885s
2021-01-20 04:35:45,490 DEBUG   Epoch 100 - avg_train_loss: 0.0000  avg_val_loss: 1.1366 F1: 0.661202  Accuracy: 0.757418 Recall@3: 0.894231 time: 2873s
2021-01-20 04:35:45,492 INFO [Train model] done in 291523 s.
