2021-02-16 10:40:09,943 INFO [Train model] start
2021-02-16 10:44:57,941 DEBUG   Epoch 1 - avg_train_loss: 0.8460  avg_val_loss: 2.2390 F1: 0.211736  Accuracy: 0.438736 Recall@3: 0.649451 time: 287s
2021-02-16 10:44:57,942 DEBUG   Epoch 1 - Save Best Accuracy: 0.438736 Model
2021-02-16 10:44:58,011 DEBUG   Epoch 1 - Save Best Loss: 2.2390 Model
2021-02-16 10:49:58,147 DEBUG   Epoch 2 - avg_train_loss: 0.5048  avg_val_loss: 1.7618 F1: 0.341376  Accuracy: 0.532692 Recall@3: 0.750000 time: 300s
2021-02-16 10:49:58,147 DEBUG   Epoch 2 - Save Best Accuracy: 0.532692 Model
2021-02-16 10:49:58,298 DEBUG   Epoch 2 - Save Best Loss: 1.7618 Model
2021-02-16 10:54:51,477 DEBUG   Epoch 3 - avg_train_loss: 0.4055  avg_val_loss: 1.6252 F1: 0.387229  Accuracy: 0.557692 Recall@3: 0.768681 time: 293s
2021-02-16 10:54:51,478 DEBUG   Epoch 3 - Save Best Accuracy: 0.557692 Model
2021-02-16 10:54:51,575 DEBUG   Epoch 3 - Save Best Loss: 1.6252 Model
2021-02-16 10:59:45,914 DEBUG   Epoch 4 - avg_train_loss: 0.3408  avg_val_loss: 1.5163 F1: 0.416365  Accuracy: 0.577473 Recall@3: 0.789286 time: 294s
2021-02-16 10:59:45,915 DEBUG   Epoch 4 - Save Best Accuracy: 0.577473 Model
2021-02-16 10:59:46,014 DEBUG   Epoch 4 - Save Best Loss: 1.5163 Model
2021-02-16 11:04:43,162 DEBUG   Epoch 5 - avg_train_loss: 0.2944  avg_val_loss: 1.5193 F1: 0.454532  Accuracy: 0.596703 Recall@3: 0.787363 time: 297s
2021-02-16 11:04:43,163 DEBUG   Epoch 5 - Save Best Accuracy: 0.596703 Model
2021-02-16 11:09:10,494 DEBUG   Epoch 6 - avg_train_loss: 0.2531  avg_val_loss: 1.4568 F1: 0.464779  Accuracy: 0.611813 Recall@3: 0.805495 time: 267s
2021-02-16 11:09:10,495 DEBUG   Epoch 6 - Save Best Accuracy: 0.611813 Model
2021-02-16 11:09:10,581 DEBUG   Epoch 6 - Save Best Loss: 1.4568 Model
2021-02-16 11:13:38,707 DEBUG   Epoch 7 - avg_train_loss: 0.2246  avg_val_loss: 1.4724 F1: 0.475219  Accuracy: 0.606593 Recall@3: 0.804670 time: 268s
2021-02-16 11:18:05,499 DEBUG   Epoch 8 - avg_train_loss: 0.2008  avg_val_loss: 1.5007 F1: 0.485411  Accuracy: 0.609341 Recall@3: 0.805495 time: 267s
2021-02-16 11:22:27,254 DEBUG   Epoch 9 - avg_train_loss: 0.1691  avg_val_loss: 1.4670 F1: 0.500123  Accuracy: 0.627473 Recall@3: 0.813187 time: 262s
2021-02-16 11:22:27,255 DEBUG   Epoch 9 - Save Best Accuracy: 0.627473 Model
2021-02-16 11:26:49,220 DEBUG   Epoch 10 - avg_train_loss: 0.1478  avg_val_loss: 1.5067 F1: 0.487508  Accuracy: 0.614011 Recall@3: 0.809890 time: 262s
2021-02-16 11:31:12,542 DEBUG   Epoch 11 - avg_train_loss: 0.1260  avg_val_loss: 1.4918 F1: 0.507644  Accuracy: 0.627198 Recall@3: 0.817033 time: 263s
2021-02-16 11:35:33,791 DEBUG   Epoch 12 - avg_train_loss: 0.1060  avg_val_loss: 1.5231 F1: 0.505939  Accuracy: 0.634066 Recall@3: 0.814286 time: 261s
2021-02-16 11:35:33,792 DEBUG   Epoch 12 - Save Best Accuracy: 0.634066 Model
2021-02-16 11:39:56,303 DEBUG   Epoch 13 - avg_train_loss: 0.0914  avg_val_loss: 1.5746 F1: 0.510515  Accuracy: 0.634615 Recall@3: 0.815934 time: 262s
2021-02-16 11:39:56,304 DEBUG   Epoch 13 - Save Best Accuracy: 0.634615 Model
2021-02-16 11:44:18,512 DEBUG   Epoch 14 - avg_train_loss: 0.0805  avg_val_loss: 1.5795 F1: 0.524491  Accuracy: 0.639835 Recall@3: 0.818407 time: 262s
2021-02-16 11:44:18,512 DEBUG   Epoch 14 - Save Best Accuracy: 0.639835 Model
2021-02-16 11:48:38,927 DEBUG   Epoch 15 - avg_train_loss: 0.0665  avg_val_loss: 1.5831 F1: 0.522832  Accuracy: 0.644780 Recall@3: 0.820604 time: 260s
2021-02-16 11:48:38,928 DEBUG   Epoch 15 - Save Best Accuracy: 0.644780 Model
2021-02-16 11:52:59,616 DEBUG   Epoch 16 - avg_train_loss: 0.0611  avg_val_loss: 1.6056 F1: 0.519485  Accuracy: 0.650000 Recall@3: 0.821429 time: 261s
2021-02-16 11:52:59,616 DEBUG   Epoch 16 - Save Best Accuracy: 0.650000 Model
2021-02-16 11:57:21,282 DEBUG   Epoch 17 - avg_train_loss: 0.0524  avg_val_loss: 1.5813 F1: 0.530057  Accuracy: 0.652747 Recall@3: 0.827473 time: 262s
2021-02-16 11:57:21,283 DEBUG   Epoch 17 - Save Best Accuracy: 0.652747 Model
2021-02-16 12:01:43,379 DEBUG   Epoch 18 - avg_train_loss: 0.0474  avg_val_loss: 1.6233 F1: 0.508563  Accuracy: 0.638736 Recall@3: 0.823626 time: 262s
2021-02-16 12:06:02,472 DEBUG   Epoch 19 - avg_train_loss: 0.0414  avg_val_loss: 1.6344 F1: 0.522525  Accuracy: 0.646703 Recall@3: 0.824451 time: 259s
2021-02-16 12:10:23,263 DEBUG   Epoch 20 - avg_train_loss: 0.0379  avg_val_loss: 1.6474 F1: 0.522171  Accuracy: 0.644505 Recall@3: 0.823352 time: 261s
2021-02-16 12:14:44,604 DEBUG   Epoch 21 - avg_train_loss: 0.0337  avg_val_loss: 1.6560 F1: 0.523616  Accuracy: 0.650000 Recall@3: 0.826648 time: 261s
2021-02-16 12:19:05,392 DEBUG   Epoch 22 - avg_train_loss: 0.0322  avg_val_loss: 1.6502 F1: 0.523344  Accuracy: 0.655769 Recall@3: 0.831044 time: 261s
2021-02-16 12:19:05,392 DEBUG   Epoch 22 - Save Best Accuracy: 0.655769 Model
2021-02-16 12:23:24,924 DEBUG   Epoch 23 - avg_train_loss: 0.0290  avg_val_loss: 1.6413 F1: 0.524634  Accuracy: 0.652473 Recall@3: 0.826648 time: 259s
2021-02-16 12:27:45,245 DEBUG   Epoch 24 - avg_train_loss: 0.0287  avg_val_loss: 1.6530 F1: 0.533961  Accuracy: 0.656593 Recall@3: 0.829396 time: 260s
2021-02-16 12:27:45,246 DEBUG   Epoch 24 - Save Best Accuracy: 0.656593 Model
2021-02-16 12:32:03,608 DEBUG   Epoch 25 - avg_train_loss: 0.0241  avg_val_loss: 1.6546 F1: 0.529928  Accuracy: 0.661813 Recall@3: 0.831868 time: 258s
2021-02-16 12:32:03,609 DEBUG   Epoch 25 - Save Best Accuracy: 0.661813 Model
2021-02-16 12:36:23,611 DEBUG   Epoch 26 - avg_train_loss: 0.0235  avg_val_loss: 1.6603 F1: 0.526024  Accuracy: 0.657143 Recall@3: 0.832418 time: 260s
2021-02-16 12:40:46,079 DEBUG   Epoch 27 - avg_train_loss: 0.0220  avg_val_loss: 1.6573 F1: 0.536609  Accuracy: 0.659890 Recall@3: 0.832143 time: 262s
2021-02-16 12:45:05,899 DEBUG   Epoch 28 - avg_train_loss: 0.0208  avg_val_loss: 1.6629 F1: 0.534499  Accuracy: 0.662363 Recall@3: 0.834066 time: 260s
2021-02-16 12:45:05,900 DEBUG   Epoch 28 - Save Best Accuracy: 0.662363 Model
2021-02-16 12:49:24,707 DEBUG   Epoch 29 - avg_train_loss: 0.0203  avg_val_loss: 1.6795 F1: 0.530613  Accuracy: 0.660989 Recall@3: 0.836538 time: 259s
2021-02-16 12:53:46,718 DEBUG   Epoch 30 - avg_train_loss: 0.0183  avg_val_loss: 1.6791 F1: 0.524827  Accuracy: 0.656868 Recall@3: 0.833791 time: 262s
2021-02-16 12:58:08,631 DEBUG   Epoch 31 - avg_train_loss: 0.0171  avg_val_loss: 1.6868 F1: 0.536888  Accuracy: 0.664011 Recall@3: 0.833516 time: 262s
2021-02-16 12:58:08,632 DEBUG   Epoch 31 - Save Best Accuracy: 0.664011 Model
2021-02-16 13:02:30,807 DEBUG   Epoch 32 - avg_train_loss: 0.0165  avg_val_loss: 1.6985 F1: 0.534917  Accuracy: 0.660440 Recall@3: 0.831593 time: 262s
2021-02-16 13:06:49,693 DEBUG   Epoch 33 - avg_train_loss: 0.0162  avg_val_loss: 1.7020 F1: 0.537567  Accuracy: 0.662912 Recall@3: 0.833791 time: 259s
2021-02-16 13:11:11,300 DEBUG   Epoch 34 - avg_train_loss: 0.0162  avg_val_loss: 1.7028 F1: 0.529131  Accuracy: 0.660165 Recall@3: 0.835165 time: 262s
2021-02-16 13:15:30,630 DEBUG   Epoch 35 - avg_train_loss: 0.0149  avg_val_loss: 1.7039 F1: 0.523512  Accuracy: 0.660989 Recall@3: 0.836264 time: 259s
2021-02-16 13:19:51,026 DEBUG   Epoch 36 - avg_train_loss: 0.0145  avg_val_loss: 1.7165 F1: 0.531643  Accuracy: 0.665385 Recall@3: 0.836538 time: 260s
2021-02-16 13:19:51,027 DEBUG   Epoch 36 - Save Best Accuracy: 0.665385 Model
2021-02-16 13:24:12,625 DEBUG   Epoch 37 - avg_train_loss: 0.0137  avg_val_loss: 1.7218 F1: 0.536816  Accuracy: 0.665385 Recall@3: 0.831593 time: 261s
2021-02-16 13:28:34,752 DEBUG   Epoch 38 - avg_train_loss: 0.0138  avg_val_loss: 1.7278 F1: 0.532261  Accuracy: 0.662363 Recall@3: 0.832418 time: 262s
2021-02-16 13:32:57,413 DEBUG   Epoch 39 - avg_train_loss: 0.0127  avg_val_loss: 1.7345 F1: 0.535968  Accuracy: 0.663462 Recall@3: 0.832692 time: 263s
2021-02-16 13:37:19,929 DEBUG   Epoch 40 - avg_train_loss: 0.0128  avg_val_loss: 1.7317 F1: 0.531709  Accuracy: 0.660714 Recall@3: 0.832967 time: 263s
2021-02-16 13:41:39,627 DEBUG   Epoch 41 - avg_train_loss: 0.0123  avg_val_loss: 1.7340 F1: 0.530826  Accuracy: 0.661813 Recall@3: 0.834066 time: 260s
2021-02-16 13:46:03,259 DEBUG   Epoch 42 - avg_train_loss: 0.0118  avg_val_loss: 1.7363 F1: 0.527515  Accuracy: 0.660440 Recall@3: 0.834066 time: 264s
2021-02-16 13:50:22,571 DEBUG   Epoch 43 - avg_train_loss: 0.0120  avg_val_loss: 1.7485 F1: 0.534625  Accuracy: 0.662912 Recall@3: 0.830495 time: 259s
2021-02-16 13:54:43,730 DEBUG   Epoch 44 - avg_train_loss: 0.0119  avg_val_loss: 1.7518 F1: 0.532657  Accuracy: 0.660714 Recall@3: 0.836538 time: 261s
2021-02-16 13:59:04,202 DEBUG   Epoch 45 - avg_train_loss: 0.0104  avg_val_loss: 1.7502 F1: 0.529396  Accuracy: 0.658791 Recall@3: 0.835165 time: 260s
2021-02-16 14:03:21,425 DEBUG   Epoch 46 - avg_train_loss: 0.0114  avg_val_loss: 1.7623 F1: 0.537046  Accuracy: 0.665659 Recall@3: 0.835440 time: 257s
2021-02-16 14:03:21,425 DEBUG   Epoch 46 - Save Best Accuracy: 0.665659 Model
2021-02-16 14:07:44,539 DEBUG   Epoch 47 - avg_train_loss: 0.0115  avg_val_loss: 1.7524 F1: 0.532511  Accuracy: 0.664286 Recall@3: 0.833791 time: 263s
2021-02-16 14:12:07,015 DEBUG   Epoch 48 - avg_train_loss: 0.0109  avg_val_loss: 1.7531 F1: 0.543078  Accuracy: 0.668681 Recall@3: 0.834066 time: 262s
2021-02-16 14:12:07,016 DEBUG   Epoch 48 - Save Best Accuracy: 0.668681 Model
2021-02-16 14:16:28,501 DEBUG   Epoch 49 - avg_train_loss: 0.0102  avg_val_loss: 1.7595 F1: 0.539373  Accuracy: 0.668407 Recall@3: 0.834890 time: 261s
2021-02-16 14:20:51,558 DEBUG   Epoch 50 - avg_train_loss: 0.0109  avg_val_loss: 1.7560 F1: 0.539691  Accuracy: 0.667308 Recall@3: 0.836813 time: 263s
2021-02-16 14:25:32,142 DEBUG   Epoch 51 - avg_train_loss: 0.0102  avg_val_loss: 1.7521 F1: 0.538330  Accuracy: 0.668132 Recall@3: 0.835989 time: 281s
2021-02-16 14:30:18,680 DEBUG   Epoch 52 - avg_train_loss: 0.0113  avg_val_loss: 1.7576 F1: 0.537198  Accuracy: 0.667308 Recall@3: 0.832418 time: 287s
2021-02-16 14:34:57,094 DEBUG   Epoch 53 - avg_train_loss: 0.0105  avg_val_loss: 1.7629 F1: 0.532520  Accuracy: 0.664560 Recall@3: 0.832967 time: 278s
2021-02-16 14:39:45,884 DEBUG   Epoch 54 - avg_train_loss: 0.0097  avg_val_loss: 1.7564 F1: 0.530886  Accuracy: 0.661813 Recall@3: 0.832967 time: 289s
2021-02-16 14:44:36,919 DEBUG   Epoch 55 - avg_train_loss: 0.0107  avg_val_loss: 1.7573 F1: 0.536001  Accuracy: 0.667033 Recall@3: 0.834615 time: 291s
2021-02-16 14:49:31,000 DEBUG   Epoch 56 - avg_train_loss: 0.0102  avg_val_loss: 1.7557 F1: 0.536819  Accuracy: 0.668956 Recall@3: 0.834890 time: 294s
2021-02-16 14:49:31,001 DEBUG   Epoch 56 - Save Best Accuracy: 0.668956 Model
2021-02-16 14:54:21,937 DEBUG   Epoch 57 - avg_train_loss: 0.0090  avg_val_loss: 1.7595 F1: 0.537825  Accuracy: 0.667033 Recall@3: 0.833516 time: 291s
2021-02-16 14:59:17,466 DEBUG   Epoch 58 - avg_train_loss: 0.0097  avg_val_loss: 1.7584 F1: 0.530107  Accuracy: 0.661813 Recall@3: 0.833242 time: 296s
2021-02-16 15:04:08,135 DEBUG   Epoch 59 - avg_train_loss: 0.0096  avg_val_loss: 1.7552 F1: 0.533995  Accuracy: 0.666484 Recall@3: 0.835165 time: 291s
2021-02-16 15:08:54,665 DEBUG   Epoch 60 - avg_train_loss: 0.0097  avg_val_loss: 1.7552 F1: 0.536445  Accuracy: 0.667033 Recall@3: 0.832967 time: 287s
2021-02-16 15:13:44,505 DEBUG   Epoch 61 - avg_train_loss: 0.0093  avg_val_loss: 1.7616 F1: 0.536107  Accuracy: 0.665385 Recall@3: 0.832692 time: 290s
2021-02-16 15:18:34,223 DEBUG   Epoch 62 - avg_train_loss: 0.0097  avg_val_loss: 1.7652 F1: 0.536804  Accuracy: 0.667308 Recall@3: 0.833516 time: 290s
2021-02-16 15:23:27,542 DEBUG   Epoch 63 - avg_train_loss: 0.0093  avg_val_loss: 1.7617 F1: 0.536218  Accuracy: 0.662912 Recall@3: 0.832967 time: 293s
2021-02-16 15:28:15,830 DEBUG   Epoch 64 - avg_train_loss: 0.0098  avg_val_loss: 1.7640 F1: 0.539132  Accuracy: 0.667308 Recall@3: 0.832418 time: 288s
2021-02-16 15:33:02,426 DEBUG   Epoch 65 - avg_train_loss: 0.0090  avg_val_loss: 1.7620 F1: 0.539329  Accuracy: 0.666484 Recall@3: 0.834066 time: 287s
2021-02-16 15:37:50,271 DEBUG   Epoch 66 - avg_train_loss: 0.0099  avg_val_loss: 1.7650 F1: 0.538259  Accuracy: 0.665659 Recall@3: 0.833791 time: 288s
2021-02-16 15:42:38,320 DEBUG   Epoch 67 - avg_train_loss: 0.0090  avg_val_loss: 1.7638 F1: 0.539101  Accuracy: 0.665385 Recall@3: 0.832418 time: 288s
2021-02-16 15:47:30,443 DEBUG   Epoch 68 - avg_train_loss: 0.0091  avg_val_loss: 1.7682 F1: 0.536066  Accuracy: 0.666484 Recall@3: 0.834615 time: 292s
2021-02-16 15:52:27,671 DEBUG   Epoch 69 - avg_train_loss: 0.0087  avg_val_loss: 1.7702 F1: 0.539336  Accuracy: 0.666484 Recall@3: 0.832418 time: 297s
2021-02-16 15:57:14,256 DEBUG   Epoch 70 - avg_train_loss: 0.0092  avg_val_loss: 1.7682 F1: 0.535157  Accuracy: 0.664560 Recall@3: 0.832418 time: 287s
2021-02-16 16:02:01,551 DEBUG   Epoch 71 - avg_train_loss: 0.0084  avg_val_loss: 1.7722 F1: 0.538695  Accuracy: 0.664011 Recall@3: 0.831868 time: 287s
2021-02-16 16:06:49,778 DEBUG   Epoch 72 - avg_train_loss: 0.0089  avg_val_loss: 1.7683 F1: 0.534149  Accuracy: 0.664011 Recall@3: 0.832143 time: 288s
2021-02-16 16:11:38,050 DEBUG   Epoch 73 - avg_train_loss: 0.0086  avg_val_loss: 1.7739 F1: 0.536286  Accuracy: 0.662912 Recall@3: 0.833242 time: 288s
2021-02-16 16:16:32,953 DEBUG   Epoch 74 - avg_train_loss: 0.0080  avg_val_loss: 1.7678 F1: 0.539535  Accuracy: 0.667033 Recall@3: 0.834341 time: 295s
2021-02-16 16:21:21,398 DEBUG   Epoch 75 - avg_train_loss: 0.0087  avg_val_loss: 1.7727 F1: 0.540198  Accuracy: 0.666758 Recall@3: 0.834341 time: 288s
2021-02-16 16:26:12,111 DEBUG   Epoch 76 - avg_train_loss: 0.0088  avg_val_loss: 1.7729 F1: 0.535378  Accuracy: 0.663187 Recall@3: 0.832692 time: 291s
2021-02-16 16:31:06,523 DEBUG   Epoch 77 - avg_train_loss: 0.0084  avg_val_loss: 1.7696 F1: 0.536388  Accuracy: 0.665659 Recall@3: 0.834890 time: 294s
2021-02-16 16:35:54,781 DEBUG   Epoch 78 - avg_train_loss: 0.0089  avg_val_loss: 1.7692 F1: 0.539367  Accuracy: 0.665659 Recall@3: 0.833242 time: 288s
2021-02-16 16:40:56,953 DEBUG   Epoch 79 - avg_train_loss: 0.0082  avg_val_loss: 1.7684 F1: 0.539116  Accuracy: 0.666484 Recall@3: 0.833791 time: 302s
2021-02-16 16:45:50,955 DEBUG   Epoch 80 - avg_train_loss: 0.0085  avg_val_loss: 1.7722 F1: 0.539141  Accuracy: 0.665934 Recall@3: 0.834890 time: 294s
2021-02-16 16:50:42,083 DEBUG   Epoch 81 - avg_train_loss: 0.0089  avg_val_loss: 1.7719 F1: 0.538216  Accuracy: 0.665385 Recall@3: 0.833791 time: 291s
2021-02-16 16:55:31,434 DEBUG   Epoch 82 - avg_train_loss: 0.0091  avg_val_loss: 1.7744 F1: 0.537482  Accuracy: 0.666209 Recall@3: 0.835440 time: 289s
2021-02-16 17:00:20,584 DEBUG   Epoch 83 - avg_train_loss: 0.0086  avg_val_loss: 1.7699 F1: 0.539743  Accuracy: 0.667582 Recall@3: 0.834341 time: 289s
2021-02-16 17:05:15,082 DEBUG   Epoch 84 - avg_train_loss: 0.0090  avg_val_loss: 1.7686 F1: 0.536966  Accuracy: 0.664835 Recall@3: 0.834615 time: 294s
2021-02-16 17:10:08,061 DEBUG   Epoch 85 - avg_train_loss: 0.0078  avg_val_loss: 1.7739 F1: 0.536481  Accuracy: 0.662912 Recall@3: 0.832692 time: 293s
2021-02-16 17:14:59,882 DEBUG   Epoch 86 - avg_train_loss: 0.0085  avg_val_loss: 1.7707 F1: 0.537926  Accuracy: 0.665934 Recall@3: 0.834615 time: 292s
2021-02-16 17:19:47,757 DEBUG   Epoch 87 - avg_train_loss: 0.0080  avg_val_loss: 1.7737 F1: 0.537167  Accuracy: 0.665110 Recall@3: 0.835440 time: 288s
2021-02-16 17:24:40,525 DEBUG   Epoch 88 - avg_train_loss: 0.0087  avg_val_loss: 1.7705 F1: 0.539462  Accuracy: 0.665385 Recall@3: 0.834341 time: 293s
2021-02-16 17:29:35,465 DEBUG   Epoch 89 - avg_train_loss: 0.0081  avg_val_loss: 1.7693 F1: 0.540096  Accuracy: 0.665934 Recall@3: 0.834066 time: 295s
2021-02-16 17:34:34,274 DEBUG   Epoch 90 - avg_train_loss: 0.0072  avg_val_loss: 1.7679 F1: 0.539171  Accuracy: 0.666209 Recall@3: 0.834615 time: 299s
2021-02-16 17:39:26,311 DEBUG   Epoch 91 - avg_train_loss: 0.0086  avg_val_loss: 1.7743 F1: 0.537742  Accuracy: 0.666209 Recall@3: 0.835440 time: 292s
2021-02-16 17:44:18,982 DEBUG   Epoch 92 - avg_train_loss: 0.0083  avg_val_loss: 1.7741 F1: 0.539637  Accuracy: 0.665385 Recall@3: 0.834615 time: 293s
2021-02-16 17:49:10,495 DEBUG   Epoch 93 - avg_train_loss: 0.0082  avg_val_loss: 1.7756 F1: 0.540040  Accuracy: 0.666758 Recall@3: 0.834341 time: 292s
2021-02-16 17:54:02,944 DEBUG   Epoch 94 - avg_train_loss: 0.0093  avg_val_loss: 1.7752 F1: 0.540922  Accuracy: 0.667308 Recall@3: 0.834615 time: 292s
2021-02-16 17:59:00,527 DEBUG   Epoch 95 - avg_train_loss: 0.0086  avg_val_loss: 1.7715 F1: 0.540472  Accuracy: 0.666484 Recall@3: 0.834615 time: 298s
2021-02-16 18:03:47,180 DEBUG   Epoch 96 - avg_train_loss: 0.0081  avg_val_loss: 1.7767 F1: 0.536607  Accuracy: 0.664286 Recall@3: 0.835440 time: 287s
2021-02-16 18:08:40,390 DEBUG   Epoch 97 - avg_train_loss: 0.0085  avg_val_loss: 1.7777 F1: 0.538334  Accuracy: 0.665659 Recall@3: 0.834341 time: 293s
2021-02-16 18:13:34,305 DEBUG   Epoch 98 - avg_train_loss: 0.0082  avg_val_loss: 1.7708 F1: 0.538515  Accuracy: 0.665659 Recall@3: 0.834615 time: 294s
2021-02-16 18:18:24,403 DEBUG   Epoch 99 - avg_train_loss: 0.0082  avg_val_loss: 1.7725 F1: 0.538215  Accuracy: 0.666209 Recall@3: 0.832967 time: 290s
2021-02-16 18:23:26,273 DEBUG   Epoch 100 - avg_train_loss: 0.0081  avg_val_loss: 1.7781 F1: 0.535958  Accuracy: 0.665110 Recall@3: 0.833242 time: 302s
2021-02-16 18:23:26,274 INFO [Train model] done in 27796 s.
