2021-01-15 16:11:26,789 INFO [Train model] start
2021-01-15 16:11:56,341 INFO [Train model] start
2021-01-15 16:12:21,612 INFO [Train model] start
2021-01-15 16:12:21,612 INFO [Train model] start
2021-01-15 16:12:39,405 INFO [Train model] start
2021-01-15 16:23:43,160 DEBUG   Epoch 1 - avg_train_loss: 0.2270  avg_val_loss: 2.3759 F1: 0.179732  Accuracy: 0.422527 Recall@3: 0.620879 time: 662s
2021-01-15 16:23:43,161 DEBUG   Epoch 1 - Save Best Accuracy: 0.422527 Model
2021-01-15 16:23:43,246 DEBUG   Epoch 1 - Save Best Loss: 2.3759 Model
2021-01-15 16:34:24,151 DEBUG   Epoch 2 - avg_train_loss: 0.1429  avg_val_loss: 1.7973 F1: 0.308552  Accuracy: 0.525824 Recall@3: 0.732692 time: 641s
2021-01-15 16:34:24,154 DEBUG   Epoch 2 - Save Best Accuracy: 0.525824 Model
2021-01-15 16:34:24,239 DEBUG   Epoch 2 - Save Best Loss: 1.7973 Model
2021-01-15 16:45:47,576 DEBUG   Epoch 3 - avg_train_loss: 0.1137  avg_val_loss: 1.5845 F1: 0.373799  Accuracy: 0.572802 Recall@3: 0.766209 time: 683s
2021-01-15 16:45:47,577 DEBUG   Epoch 3 - Save Best Accuracy: 0.572802 Model
2021-01-15 16:45:47,722 DEBUG   Epoch 3 - Save Best Loss: 1.5845 Model
2021-01-15 16:57:05,607 DEBUG   Epoch 4 - avg_train_loss: 0.0977  avg_val_loss: 1.4726 F1: 0.410413  Accuracy: 0.596703 Recall@3: 0.795604 time: 678s
2021-01-15 16:57:05,608 DEBUG   Epoch 4 - Save Best Accuracy: 0.596703 Model
2021-01-15 16:57:05,760 DEBUG   Epoch 4 - Save Best Loss: 1.4726 Model
2021-01-15 17:08:26,552 DEBUG   Epoch 5 - avg_train_loss: 0.0888  avg_val_loss: 1.4411 F1: 0.451470  Accuracy: 0.607143 Recall@3: 0.806593 time: 681s
2021-01-15 17:08:26,553 DEBUG   Epoch 5 - Save Best Accuracy: 0.607143 Model
2021-01-15 17:08:26,657 DEBUG   Epoch 5 - Save Best Loss: 1.4411 Model
2021-01-15 17:19:40,738 DEBUG   Epoch 6 - avg_train_loss: 0.0795  avg_val_loss: 1.3672 F1: 0.471577  Accuracy: 0.629121 Recall@3: 0.823077 time: 674s
2021-01-15 17:19:40,740 DEBUG   Epoch 6 - Save Best Accuracy: 0.629121 Model
2021-01-15 17:19:40,869 DEBUG   Epoch 6 - Save Best Loss: 1.3672 Model
2021-01-15 17:31:14,466 DEBUG   Epoch 7 - avg_train_loss: 0.0729  avg_val_loss: 1.3476 F1: 0.476789  Accuracy: 0.634066 Recall@3: 0.826374 time: 694s
2021-01-15 17:31:14,467 DEBUG   Epoch 7 - Save Best Accuracy: 0.634066 Model
2021-01-15 17:31:14,547 DEBUG   Epoch 7 - Save Best Loss: 1.3476 Model
2021-01-15 17:42:44,832 DEBUG   Epoch 8 - avg_train_loss: 0.0667  avg_val_loss: 1.2850 F1: 0.506422  Accuracy: 0.653022 Recall@3: 0.835989 time: 690s
2021-01-15 17:42:44,835 DEBUG   Epoch 8 - Save Best Accuracy: 0.653022 Model
2021-01-15 17:42:44,939 DEBUG   Epoch 8 - Save Best Loss: 1.2850 Model
2021-01-15 17:54:06,907 DEBUG   Epoch 9 - avg_train_loss: 0.0609  avg_val_loss: 1.3101 F1: 0.508151  Accuracy: 0.650000 Recall@3: 0.831044 time: 682s
2021-01-15 18:05:42,541 DEBUG   Epoch 10 - avg_train_loss: 0.0557  avg_val_loss: 1.3032 F1: 0.532793  Accuracy: 0.664286 Recall@3: 0.837088 time: 696s
2021-01-15 18:05:42,542 DEBUG   Epoch 10 - Save Best Accuracy: 0.664286 Model
2021-01-15 18:17:08,842 DEBUG   Epoch 11 - avg_train_loss: 0.0519  avg_val_loss: 1.3325 F1: 0.514866  Accuracy: 0.648077 Recall@3: 0.840110 time: 686s
2021-01-15 18:28:31,952 DEBUG   Epoch 12 - avg_train_loss: 0.0465  avg_val_loss: 1.2696 F1: 0.539945  Accuracy: 0.667308 Recall@3: 0.846154 time: 683s
2021-01-15 18:28:31,953 DEBUG   Epoch 12 - Save Best Accuracy: 0.667308 Model
2021-01-15 18:28:32,059 DEBUG   Epoch 12 - Save Best Loss: 1.2696 Model
2021-01-15 18:39:57,078 DEBUG   Epoch 13 - avg_train_loss: 0.0436  avg_val_loss: 1.2849 F1: 0.547474  Accuracy: 0.669231 Recall@3: 0.847802 time: 685s
2021-01-15 18:39:57,080 DEBUG   Epoch 13 - Save Best Accuracy: 0.669231 Model
2021-01-15 18:51:30,145 DEBUG   Epoch 14 - avg_train_loss: 0.0419  avg_val_loss: 1.2922 F1: 0.556868  Accuracy: 0.679670 Recall@3: 0.844505 time: 693s
2021-01-15 18:51:30,147 DEBUG   Epoch 14 - Save Best Accuracy: 0.679670 Model
2021-01-15 19:02:56,993 DEBUG   Epoch 15 - avg_train_loss: 0.0379  avg_val_loss: 1.2813 F1: 0.566227  Accuracy: 0.679670 Recall@3: 0.856593 time: 687s
2021-01-15 19:13:51,901 DEBUG   Epoch 16 - avg_train_loss: 0.0356  avg_val_loss: 1.3039 F1: 0.558940  Accuracy: 0.682967 Recall@3: 0.851648 time: 655s
2021-01-15 19:13:51,902 DEBUG   Epoch 16 - Save Best Accuracy: 0.682967 Model
2021-01-15 19:24:59,766 DEBUG   Epoch 17 - avg_train_loss: 0.0315  avg_val_loss: 1.3045 F1: 0.558269  Accuracy: 0.680495 Recall@3: 0.852198 time: 668s
2021-01-15 19:36:13,538 DEBUG   Epoch 18 - avg_train_loss: 0.0299  avg_val_loss: 1.3305 F1: 0.554157  Accuracy: 0.671978 Recall@3: 0.851923 time: 674s
2021-01-15 19:47:07,264 DEBUG   Epoch 19 - avg_train_loss: 0.0269  avg_val_loss: 1.3391 F1: 0.572208  Accuracy: 0.686264 Recall@3: 0.854945 time: 654s
2021-01-15 19:47:07,267 DEBUG   Epoch 19 - Save Best Accuracy: 0.686264 Model
2021-01-15 19:58:09,985 DEBUG   Epoch 20 - avg_train_loss: 0.0256  avg_val_loss: 1.3261 F1: 0.563615  Accuracy: 0.684890 Recall@3: 0.853022 time: 663s
2021-01-15 20:09:07,384 DEBUG   Epoch 21 - avg_train_loss: 0.0234  avg_val_loss: 1.3691 F1: 0.565523  Accuracy: 0.679121 Recall@3: 0.855769 time: 657s
2021-01-15 20:20:01,586 DEBUG   Epoch 22 - avg_train_loss: 0.0215  avg_val_loss: 1.3564 F1: 0.574498  Accuracy: 0.691209 Recall@3: 0.854670 time: 654s
2021-01-15 20:20:01,588 DEBUG   Epoch 22 - Save Best Accuracy: 0.691209 Model
2021-01-15 20:31:06,260 DEBUG   Epoch 23 - avg_train_loss: 0.0201  avg_val_loss: 1.3854 F1: 0.576646  Accuracy: 0.687637 Recall@3: 0.855495 time: 665s
2021-01-15 20:42:03,091 DEBUG   Epoch 24 - avg_train_loss: 0.0187  avg_val_loss: 1.3965 F1: 0.589912  Accuracy: 0.693407 Recall@3: 0.849451 time: 657s
2021-01-15 20:42:03,092 DEBUG   Epoch 24 - Save Best Accuracy: 0.693407 Model
2021-01-15 20:52:58,681 DEBUG   Epoch 25 - avg_train_loss: 0.0172  avg_val_loss: 1.3931 F1: 0.577363  Accuracy: 0.690934 Recall@3: 0.857143 time: 655s
2021-01-15 21:03:39,318 DEBUG   Epoch 26 - avg_train_loss: 0.0161  avg_val_loss: 1.3934 F1: 0.590269  Accuracy: 0.694780 Recall@3: 0.858791 time: 641s
2021-01-15 21:03:39,323 DEBUG   Epoch 26 - Save Best Accuracy: 0.694780 Model
2021-01-15 21:14:26,965 DEBUG   Epoch 27 - avg_train_loss: 0.0145  avg_val_loss: 1.4096 F1: 0.579973  Accuracy: 0.692308 Recall@3: 0.855495 time: 648s
2021-01-15 21:25:15,138 DEBUG   Epoch 28 - avg_train_loss: 0.0148  avg_val_loss: 1.4418 F1: 0.584301  Accuracy: 0.694231 Recall@3: 0.852747 time: 648s
2021-01-15 21:35:52,322 DEBUG   Epoch 29 - avg_train_loss: 0.0147  avg_val_loss: 1.4304 F1: 0.591369  Accuracy: 0.696978 Recall@3: 0.857692 time: 637s
2021-01-15 21:35:52,323 DEBUG   Epoch 29 - Save Best Accuracy: 0.696978 Model
2021-01-15 21:46:40,009 DEBUG   Epoch 30 - avg_train_loss: 0.0133  avg_val_loss: 1.4275 F1: 0.589248  Accuracy: 0.693956 Recall@3: 0.857143 time: 648s
2021-01-15 21:57:26,776 DEBUG   Epoch 31 - avg_train_loss: 0.0125  avg_val_loss: 1.4340 F1: 0.587520  Accuracy: 0.695879 Recall@3: 0.853297 time: 647s
2021-01-15 22:08:10,522 DEBUG   Epoch 32 - avg_train_loss: 0.0122  avg_val_loss: 1.4700 F1: 0.584204  Accuracy: 0.695879 Recall@3: 0.858791 time: 644s
2021-01-15 22:18:58,202 DEBUG   Epoch 33 - avg_train_loss: 0.0112  avg_val_loss: 1.4520 F1: 0.592818  Accuracy: 0.699451 Recall@3: 0.856593 time: 648s
2021-01-15 22:18:58,203 DEBUG   Epoch 33 - Save Best Accuracy: 0.699451 Model
2021-01-15 22:29:42,414 DEBUG   Epoch 34 - avg_train_loss: 0.0103  avg_val_loss: 1.4628 F1: 0.586277  Accuracy: 0.696703 Recall@3: 0.859341 time: 644s
2021-01-15 22:40:21,674 DEBUG   Epoch 35 - avg_train_loss: 0.0097  avg_val_loss: 1.4529 F1: 0.593882  Accuracy: 0.698077 Recall@3: 0.856044 time: 639s
2021-01-15 22:51:04,755 DEBUG   Epoch 36 - avg_train_loss: 0.0104  avg_val_loss: 1.4662 F1: 0.595755  Accuracy: 0.702198 Recall@3: 0.856868 time: 643s
2021-01-15 22:51:04,758 DEBUG   Epoch 36 - Save Best Accuracy: 0.702198 Model
2021-01-15 23:01:47,487 DEBUG   Epoch 37 - avg_train_loss: 0.0096  avg_val_loss: 1.4731 F1: 0.590656  Accuracy: 0.697527 Recall@3: 0.862912 time: 643s
2021-01-15 23:12:31,549 DEBUG   Epoch 38 - avg_train_loss: 0.0095  avg_val_loss: 1.4752 F1: 0.596582  Accuracy: 0.701374 Recall@3: 0.864835 time: 644s
2021-01-15 23:23:18,699 DEBUG   Epoch 39 - avg_train_loss: 0.0090  avg_val_loss: 1.4744 F1: 0.587375  Accuracy: 0.694780 Recall@3: 0.860440 time: 647s
2021-01-15 23:34:02,360 DEBUG   Epoch 40 - avg_train_loss: 0.0091  avg_val_loss: 1.4800 F1: 0.593844  Accuracy: 0.698352 Recall@3: 0.857967 time: 644s
2021-01-15 23:44:46,710 DEBUG   Epoch 41 - avg_train_loss: 0.0084  avg_val_loss: 1.4880 F1: 0.586634  Accuracy: 0.695330 Recall@3: 0.860440 time: 644s
2021-01-15 23:55:38,582 DEBUG   Epoch 42 - avg_train_loss: 0.0080  avg_val_loss: 1.4929 F1: 0.590991  Accuracy: 0.698626 Recall@3: 0.862637 time: 652s
2021-01-16 00:06:32,844 DEBUG   Epoch 43 - avg_train_loss: 0.0087  avg_val_loss: 1.4918 F1: 0.591287  Accuracy: 0.697802 Recall@3: 0.860989 time: 654s
2021-01-16 00:17:20,687 DEBUG   Epoch 44 - avg_train_loss: 0.0080  avg_val_loss: 1.4857 F1: 0.591310  Accuracy: 0.696154 Recall@3: 0.859890 time: 648s
2021-01-16 00:28:09,564 DEBUG   Epoch 45 - avg_train_loss: 0.0075  avg_val_loss: 1.4966 F1: 0.590574  Accuracy: 0.696978 Recall@3: 0.858791 time: 649s
2021-01-16 00:38:51,632 DEBUG   Epoch 46 - avg_train_loss: 0.0080  avg_val_loss: 1.5103 F1: 0.591297  Accuracy: 0.697527 Recall@3: 0.857418 time: 642s
2021-01-16 00:49:27,879 DEBUG   Epoch 47 - avg_train_loss: 0.0077  avg_val_loss: 1.4935 F1: 0.593069  Accuracy: 0.699725 Recall@3: 0.858516 time: 636s
2021-01-16 01:00:14,281 DEBUG   Epoch 48 - avg_train_loss: 0.0075  avg_val_loss: 1.5007 F1: 0.591409  Accuracy: 0.697802 Recall@3: 0.861264 time: 646s
2021-01-16 01:11:04,496 DEBUG   Epoch 49 - avg_train_loss: 0.0074  avg_val_loss: 1.5024 F1: 0.589121  Accuracy: 0.696154 Recall@3: 0.859615 time: 650s
2021-01-16 01:21:39,821 DEBUG   Epoch 50 - avg_train_loss: 0.0071  avg_val_loss: 1.5020 F1: 0.587378  Accuracy: 0.697527 Recall@3: 0.859890 time: 635s
2021-01-16 01:32:28,102 DEBUG   Epoch 51 - avg_train_loss: 0.0067  avg_val_loss: 1.5219 F1: 0.593800  Accuracy: 0.698077 Recall@3: 0.854121 time: 648s
2021-01-16 01:43:11,993 DEBUG   Epoch 52 - avg_train_loss: 0.0067  avg_val_loss: 1.5139 F1: 0.590195  Accuracy: 0.695330 Recall@3: 0.859341 time: 644s
2021-01-16 01:53:43,407 DEBUG   Epoch 53 - avg_train_loss: 0.0069  avg_val_loss: 1.5202 F1: 0.593263  Accuracy: 0.699176 Recall@3: 0.860714 time: 631s
2021-01-16 02:04:23,965 DEBUG   Epoch 54 - avg_train_loss: 0.0070  avg_val_loss: 1.5172 F1: 0.591560  Accuracy: 0.695330 Recall@3: 0.860165 time: 641s
2021-01-16 02:15:07,183 DEBUG   Epoch 55 - avg_train_loss: 0.0069  avg_val_loss: 1.5233 F1: 0.587896  Accuracy: 0.695604 Recall@3: 0.857967 time: 643s
2021-01-16 02:25:42,480 DEBUG   Epoch 56 - avg_train_loss: 0.0068  avg_val_loss: 1.5296 F1: 0.585075  Accuracy: 0.694505 Recall@3: 0.859890 time: 635s
2021-01-16 02:36:26,745 DEBUG   Epoch 57 - avg_train_loss: 0.0063  avg_val_loss: 1.5304 F1: 0.588070  Accuracy: 0.695330 Recall@3: 0.859615 time: 644s
2021-01-16 02:47:15,789 DEBUG   Epoch 58 - avg_train_loss: 0.0064  avg_val_loss: 1.5171 F1: 0.590865  Accuracy: 0.696978 Recall@3: 0.861813 time: 649s
2021-01-16 02:57:54,069 DEBUG   Epoch 59 - avg_train_loss: 0.0066  avg_val_loss: 1.5279 F1: 0.591713  Accuracy: 0.697253 Recall@3: 0.859066 time: 638s
2021-01-16 03:08:37,435 DEBUG   Epoch 60 - avg_train_loss: 0.0062  avg_val_loss: 1.5244 F1: 0.593999  Accuracy: 0.696154 Recall@3: 0.860989 time: 643s
2021-01-16 03:19:22,178 DEBUG   Epoch 61 - avg_train_loss: 0.0061  avg_val_loss: 1.5293 F1: 0.592390  Accuracy: 0.698077 Recall@3: 0.861813 time: 645s
2021-01-16 03:29:57,600 DEBUG   Epoch 62 - avg_train_loss: 0.0068  avg_val_loss: 1.5194 F1: 0.593256  Accuracy: 0.697253 Recall@3: 0.860989 time: 635s
2021-01-16 03:40:45,442 DEBUG   Epoch 63 - avg_train_loss: 0.0061  avg_val_loss: 1.5267 F1: 0.589490  Accuracy: 0.694231 Recall@3: 0.858516 time: 648s
2021-01-16 03:51:38,295 DEBUG   Epoch 64 - avg_train_loss: 0.0061  avg_val_loss: 1.5274 F1: 0.591559  Accuracy: 0.695879 Recall@3: 0.859341 time: 653s
2021-01-16 04:02:24,610 DEBUG   Epoch 65 - avg_train_loss: 0.0058  avg_val_loss: 1.5344 F1: 0.591582  Accuracy: 0.698077 Recall@3: 0.861813 time: 646s
2021-01-16 04:13:13,128 DEBUG   Epoch 66 - avg_train_loss: 0.0058  avg_val_loss: 1.5349 F1: 0.589030  Accuracy: 0.698077 Recall@3: 0.860165 time: 649s
2021-01-16 04:23:55,316 DEBUG   Epoch 67 - avg_train_loss: 0.0061  avg_val_loss: 1.5316 F1: 0.591500  Accuracy: 0.699451 Recall@3: 0.862363 time: 642s
2021-01-16 04:34:32,110 DEBUG   Epoch 68 - avg_train_loss: 0.0061  avg_val_loss: 1.5391 F1: 0.589008  Accuracy: 0.696703 Recall@3: 0.860989 time: 637s
2021-01-16 04:45:19,036 DEBUG   Epoch 69 - avg_train_loss: 0.0060  avg_val_loss: 1.5341 F1: 0.590621  Accuracy: 0.698077 Recall@3: 0.857692 time: 647s
2021-01-16 04:56:03,732 DEBUG   Epoch 70 - avg_train_loss: 0.0057  avg_val_loss: 1.5396 F1: 0.591054  Accuracy: 0.695604 Recall@3: 0.860989 time: 645s
2021-01-16 05:06:45,584 DEBUG   Epoch 71 - avg_train_loss: 0.0059  avg_val_loss: 1.5325 F1: 0.589189  Accuracy: 0.695330 Recall@3: 0.859615 time: 642s
2021-01-16 05:17:43,163 DEBUG   Epoch 72 - avg_train_loss: 0.0052  avg_val_loss: 1.5339 F1: 0.587601  Accuracy: 0.693681 Recall@3: 0.859341 time: 658s
2021-01-16 05:28:42,791 DEBUG   Epoch 73 - avg_train_loss: 0.0060  avg_val_loss: 1.5416 F1: 0.588420  Accuracy: 0.695604 Recall@3: 0.859615 time: 660s
2021-01-16 05:39:50,263 DEBUG   Epoch 74 - avg_train_loss: 0.0057  avg_val_loss: 1.5351 F1: 0.587494  Accuracy: 0.694780 Recall@3: 0.858242 time: 667s
2021-01-16 05:51:10,106 DEBUG   Epoch 75 - avg_train_loss: 0.0055  avg_val_loss: 1.5312 F1: 0.590270  Accuracy: 0.696703 Recall@3: 0.858791 time: 680s
2021-01-16 06:02:40,802 DEBUG   Epoch 76 - avg_train_loss: 0.0060  avg_val_loss: 1.5422 F1: 0.587159  Accuracy: 0.693956 Recall@3: 0.857692 time: 691s
2021-01-16 06:13:59,992 DEBUG   Epoch 77 - avg_train_loss: 0.0055  avg_val_loss: 1.5357 F1: 0.590508  Accuracy: 0.696154 Recall@3: 0.858516 time: 679s
2021-01-16 06:25:32,129 DEBUG   Epoch 78 - avg_train_loss: 0.0057  avg_val_loss: 1.5354 F1: 0.587381  Accuracy: 0.693956 Recall@3: 0.859341 time: 692s
2021-01-16 06:36:50,960 DEBUG   Epoch 79 - avg_train_loss: 0.0051  avg_val_loss: 1.5398 F1: 0.591007  Accuracy: 0.694780 Recall@3: 0.857692 time: 679s
2021-01-16 06:48:32,718 DEBUG   Epoch 80 - avg_train_loss: 0.0056  avg_val_loss: 1.5381 F1: 0.587647  Accuracy: 0.694780 Recall@3: 0.859890 time: 702s
2021-01-16 07:00:23,100 DEBUG   Epoch 81 - avg_train_loss: 0.0061  avg_val_loss: 1.5315 F1: 0.586178  Accuracy: 0.693681 Recall@3: 0.860989 time: 710s
2021-01-16 07:12:25,262 DEBUG   Epoch 82 - avg_train_loss: 0.0056  avg_val_loss: 1.5364 F1: 0.587893  Accuracy: 0.695055 Recall@3: 0.861813 time: 722s
2021-01-16 07:24:09,104 DEBUG   Epoch 83 - avg_train_loss: 0.0053  avg_val_loss: 1.5283 F1: 0.588438  Accuracy: 0.695604 Recall@3: 0.863187 time: 704s
2021-01-16 07:35:46,429 DEBUG   Epoch 84 - avg_train_loss: 0.0051  avg_val_loss: 1.5386 F1: 0.584229  Accuracy: 0.692857 Recall@3: 0.860989 time: 697s
2021-01-16 07:47:34,025 DEBUG   Epoch 85 - avg_train_loss: 0.0057  avg_val_loss: 1.5375 F1: 0.587941  Accuracy: 0.696154 Recall@3: 0.860440 time: 708s
2021-01-16 07:59:20,329 DEBUG   Epoch 86 - avg_train_loss: 0.0059  avg_val_loss: 1.5355 F1: 0.590541  Accuracy: 0.696978 Recall@3: 0.859615 time: 706s
2021-01-16 08:10:54,380 DEBUG   Epoch 87 - avg_train_loss: 0.0056  avg_val_loss: 1.5367 F1: 0.588344  Accuracy: 0.695879 Recall@3: 0.860989 time: 694s
2021-01-16 08:22:13,792 DEBUG   Epoch 88 - avg_train_loss: 0.0054  avg_val_loss: 1.5364 F1: 0.590163  Accuracy: 0.697802 Recall@3: 0.862088 time: 679s
2021-01-16 08:33:24,793 DEBUG   Epoch 89 - avg_train_loss: 0.0054  avg_val_loss: 1.5365 F1: 0.590457  Accuracy: 0.697527 Recall@3: 0.861813 time: 671s
2021-01-16 08:44:37,024 DEBUG   Epoch 90 - avg_train_loss: 0.0054  avg_val_loss: 1.5304 F1: 0.591045  Accuracy: 0.696703 Recall@3: 0.862088 time: 672s
2021-01-16 08:55:52,952 DEBUG   Epoch 91 - avg_train_loss: 0.0055  avg_val_loss: 1.5386 F1: 0.588916  Accuracy: 0.695055 Recall@3: 0.860165 time: 676s
2021-01-16 09:07:15,949 DEBUG   Epoch 92 - avg_train_loss: 0.0056  avg_val_loss: 1.5336 F1: 0.586662  Accuracy: 0.694505 Recall@3: 0.860989 time: 683s
2021-01-16 09:18:32,677 DEBUG   Epoch 93 - avg_train_loss: 0.0054  avg_val_loss: 1.5362 F1: 0.591783  Accuracy: 0.698626 Recall@3: 0.860165 time: 677s
2021-01-16 09:29:41,625 DEBUG   Epoch 94 - avg_train_loss: 0.0054  avg_val_loss: 1.5421 F1: 0.587997  Accuracy: 0.695879 Recall@3: 0.861538 time: 669s
2021-01-16 09:40:57,285 DEBUG   Epoch 95 - avg_train_loss: 0.0057  avg_val_loss: 1.5398 F1: 0.591960  Accuracy: 0.698077 Recall@3: 0.860714 time: 676s
2021-01-16 09:52:21,994 DEBUG   Epoch 96 - avg_train_loss: 0.0053  avg_val_loss: 1.5353 F1: 0.592131  Accuracy: 0.698352 Recall@3: 0.861813 time: 685s
2021-01-16 10:03:35,724 DEBUG   Epoch 97 - avg_train_loss: 0.0054  avg_val_loss: 1.5340 F1: 0.591036  Accuracy: 0.697527 Recall@3: 0.862912 time: 674s
2021-01-16 10:15:03,134 DEBUG   Epoch 98 - avg_train_loss: 0.0053  avg_val_loss: 1.5357 F1: 0.589481  Accuracy: 0.694780 Recall@3: 0.859341 time: 687s
2021-01-16 10:26:23,314 DEBUG   Epoch 99 - avg_train_loss: 0.0055  avg_val_loss: 1.5306 F1: 0.591512  Accuracy: 0.699451 Recall@3: 0.860714 time: 680s
2021-01-16 10:37:40,919 DEBUG   Epoch 100 - avg_train_loss: 0.0051  avg_val_loss: 1.5404 F1: 0.587336  Accuracy: 0.694505 Recall@3: 0.860714 time: 678s
2021-01-16 10:37:40,920 INFO [Train model] done in 66302 s.
