2021-06-17 08:48:20,527 INFO [Train model] start
2021-06-17 08:54:42,424 DEBUG   Epoch 1 - avg_train_loss: 0.8209  avg_val_loss: 2.0899 F1: 0.217295  Accuracy: 0.459066 Recall@3: 0.684066 time: 381s
2021-06-17 08:54:42,426 DEBUG   Epoch 1 - Save Best Accuracy: 0.459066 Model
2021-06-17 08:54:42,510 DEBUG   Epoch 1 - Save Best Loss: 2.0899 Model
2021-06-17 09:01:01,705 DEBUG   Epoch 2 - avg_train_loss: 0.4602  avg_val_loss: 1.5331 F1: 0.368892  Accuracy: 0.579670 Recall@3: 0.791209 time: 379s
2021-06-17 09:01:01,707 DEBUG   Epoch 2 - Save Best Accuracy: 0.579670 Model
2021-06-17 09:01:01,815 DEBUG   Epoch 2 - Save Best Loss: 1.5331 Model
2021-06-17 09:07:22,188 DEBUG   Epoch 3 - avg_train_loss: 0.3601  avg_val_loss: 1.4197 F1: 0.432140  Accuracy: 0.605769 Recall@3: 0.809615 time: 380s
2021-06-17 09:07:22,190 DEBUG   Epoch 3 - Save Best Accuracy: 0.605769 Model
2021-06-17 09:07:22,298 DEBUG   Epoch 3 - Save Best Loss: 1.4197 Model
2021-06-17 09:13:41,917 DEBUG   Epoch 4 - avg_train_loss: 0.2951  avg_val_loss: 1.2996 F1: 0.483071  Accuracy: 0.640385 Recall@3: 0.829121 time: 379s
2021-06-17 09:13:41,918 DEBUG   Epoch 4 - Save Best Accuracy: 0.640385 Model
2021-06-17 09:13:42,027 DEBUG   Epoch 4 - Save Best Loss: 1.2996 Model
2021-06-17 09:20:01,844 DEBUG   Epoch 5 - avg_train_loss: 0.2551  avg_val_loss: 1.3174 F1: 0.507721  Accuracy: 0.642308 Recall@3: 0.835165 time: 380s
2021-06-17 09:20:01,845 DEBUG   Epoch 5 - Save Best Accuracy: 0.642308 Model
2021-06-17 09:26:21,169 DEBUG   Epoch 6 - avg_train_loss: 0.2175  avg_val_loss: 1.2694 F1: 0.508839  Accuracy: 0.651374 Recall@3: 0.839835 time: 379s
2021-06-17 09:26:21,170 DEBUG   Epoch 6 - Save Best Accuracy: 0.651374 Model
2021-06-17 09:26:21,276 DEBUG   Epoch 6 - Save Best Loss: 1.2694 Model
2021-06-17 09:32:41,630 DEBUG   Epoch 7 - avg_train_loss: 0.1907  avg_val_loss: 1.2603 F1: 0.559347  Accuracy: 0.667582 Recall@3: 0.850549 time: 380s
2021-06-17 09:32:41,631 DEBUG   Epoch 7 - Save Best Accuracy: 0.667582 Model
2021-06-17 09:32:41,744 DEBUG   Epoch 7 - Save Best Loss: 1.2603 Model
2021-06-17 09:39:01,832 DEBUG   Epoch 8 - avg_train_loss: 0.1637  avg_val_loss: 1.2724 F1: 0.549104  Accuracy: 0.665385 Recall@3: 0.844780 time: 380s
2021-06-17 09:45:21,465 DEBUG   Epoch 9 - avg_train_loss: 0.1441  avg_val_loss: 1.2655 F1: 0.561773  Accuracy: 0.672253 Recall@3: 0.849176 time: 380s
2021-06-17 09:45:21,466 DEBUG   Epoch 9 - Save Best Accuracy: 0.672253 Model
2021-06-17 09:51:41,076 DEBUG   Epoch 10 - avg_train_loss: 0.1228  avg_val_loss: 1.3121 F1: 0.553290  Accuracy: 0.669780 Recall@3: 0.849176 time: 380s
2021-06-17 09:58:01,038 DEBUG   Epoch 11 - avg_train_loss: 0.1067  avg_val_loss: 1.2877 F1: 0.572292  Accuracy: 0.681319 Recall@3: 0.852473 time: 380s
2021-06-17 09:58:01,039 DEBUG   Epoch 11 - Save Best Accuracy: 0.681319 Model
2021-06-17 10:04:26,464 DEBUG   Epoch 12 - avg_train_loss: 0.0865  avg_val_loss: 1.2663 F1: 0.582794  Accuracy: 0.694231 Recall@3: 0.860440 time: 385s
2021-06-17 10:04:26,465 DEBUG   Epoch 12 - Save Best Accuracy: 0.694231 Model
2021-06-17 10:10:49,014 DEBUG   Epoch 13 - avg_train_loss: 0.0742  avg_val_loss: 1.2987 F1: 0.584005  Accuracy: 0.694505 Recall@3: 0.862637 time: 382s
2021-06-17 10:10:49,015 DEBUG   Epoch 13 - Save Best Accuracy: 0.694505 Model
2021-06-17 10:17:09,032 DEBUG   Epoch 14 - avg_train_loss: 0.0628  avg_val_loss: 1.3225 F1: 0.590034  Accuracy: 0.691484 Recall@3: 0.863187 time: 380s
2021-06-17 10:23:28,666 DEBUG   Epoch 15 - avg_train_loss: 0.0565  avg_val_loss: 1.3414 F1: 0.591993  Accuracy: 0.693132 Recall@3: 0.862637 time: 380s
2021-06-17 10:29:49,293 DEBUG   Epoch 16 - avg_train_loss: 0.0475  avg_val_loss: 1.3507 F1: 0.584664  Accuracy: 0.691484 Recall@3: 0.862637 time: 381s
2021-06-17 10:36:08,751 DEBUG   Epoch 17 - avg_train_loss: 0.0436  avg_val_loss: 1.3555 F1: 0.586267  Accuracy: 0.692308 Recall@3: 0.864560 time: 379s
2021-06-17 10:42:29,660 DEBUG   Epoch 18 - avg_train_loss: 0.0369  avg_val_loss: 1.3608 F1: 0.592954  Accuracy: 0.697802 Recall@3: 0.868956 time: 381s
2021-06-17 10:42:29,662 DEBUG   Epoch 18 - Save Best Accuracy: 0.697802 Model
2021-06-17 10:48:49,976 DEBUG   Epoch 19 - avg_train_loss: 0.0336  avg_val_loss: 1.3923 F1: 0.594606  Accuracy: 0.700000 Recall@3: 0.859615 time: 380s
2021-06-17 10:48:49,977 DEBUG   Epoch 19 - Save Best Accuracy: 0.700000 Model
2021-06-17 10:55:09,893 DEBUG   Epoch 20 - avg_train_loss: 0.0307  avg_val_loss: 1.3953 F1: 0.591833  Accuracy: 0.696429 Recall@3: 0.866484 time: 380s
2021-06-17 11:01:29,611 DEBUG   Epoch 21 - avg_train_loss: 0.0265  avg_val_loss: 1.3873 F1: 0.607987  Accuracy: 0.709341 Recall@3: 0.867308 time: 380s
2021-06-17 11:01:29,613 DEBUG   Epoch 21 - Save Best Accuracy: 0.709341 Model
2021-06-17 11:07:50,053 DEBUG   Epoch 22 - avg_train_loss: 0.0254  avg_val_loss: 1.3953 F1: 0.593508  Accuracy: 0.701374 Recall@3: 0.873352 time: 380s
2021-06-17 11:14:10,250 DEBUG   Epoch 23 - avg_train_loss: 0.0221  avg_val_loss: 1.3935 F1: 0.601640  Accuracy: 0.709890 Recall@3: 0.870055 time: 380s
2021-06-17 11:14:10,256 DEBUG   Epoch 23 - Save Best Accuracy: 0.709890 Model
2021-06-17 11:20:30,463 DEBUG   Epoch 24 - avg_train_loss: 0.0204  avg_val_loss: 1.4147 F1: 0.596546  Accuracy: 0.706319 Recall@3: 0.870055 time: 380s
2021-06-17 11:26:55,332 DEBUG   Epoch 25 - avg_train_loss: 0.0190  avg_val_loss: 1.4139 F1: 0.600601  Accuracy: 0.711264 Recall@3: 0.871703 time: 385s
2021-06-17 11:26:55,333 DEBUG   Epoch 25 - Save Best Accuracy: 0.711264 Model
2021-06-17 11:33:17,275 DEBUG   Epoch 26 - avg_train_loss: 0.0188  avg_val_loss: 1.4005 F1: 0.601138  Accuracy: 0.710714 Recall@3: 0.876099 time: 382s
2021-06-17 11:39:37,188 DEBUG   Epoch 27 - avg_train_loss: 0.0183  avg_val_loss: 1.4178 F1: 0.602099  Accuracy: 0.706593 Recall@3: 0.868681 time: 380s
2021-06-17 11:45:58,412 DEBUG   Epoch 28 - avg_train_loss: 0.0151  avg_val_loss: 1.4318 F1: 0.613891  Accuracy: 0.713462 Recall@3: 0.871154 time: 381s
2021-06-17 11:45:58,413 DEBUG   Epoch 28 - Save Best Accuracy: 0.713462 Model
2021-06-17 11:52:19,575 DEBUG   Epoch 29 - avg_train_loss: 0.0155  avg_val_loss: 1.4274 F1: 0.608108  Accuracy: 0.715659 Recall@3: 0.873077 time: 381s
2021-06-17 11:52:19,576 DEBUG   Epoch 29 - Save Best Accuracy: 0.715659 Model
2021-06-17 11:58:40,021 DEBUG   Epoch 30 - avg_train_loss: 0.0143  avg_val_loss: 1.4296 F1: 0.604874  Accuracy: 0.712637 Recall@3: 0.871978 time: 380s
2021-06-17 12:05:00,237 DEBUG   Epoch 31 - avg_train_loss: 0.0152  avg_val_loss: 1.4409 F1: 0.601589  Accuracy: 0.710989 Recall@3: 0.873352 time: 380s
2021-06-17 12:11:20,722 DEBUG   Epoch 32 - avg_train_loss: 0.0132  avg_val_loss: 1.4308 F1: 0.603777  Accuracy: 0.712363 Recall@3: 0.874725 time: 380s
2021-06-17 12:17:41,955 DEBUG   Epoch 33 - avg_train_loss: 0.0132  avg_val_loss: 1.4272 F1: 0.609490  Accuracy: 0.714286 Recall@3: 0.873626 time: 381s
2021-06-17 12:24:02,337 DEBUG   Epoch 34 - avg_train_loss: 0.0130  avg_val_loss: 1.4353 F1: 0.608914  Accuracy: 0.715110 Recall@3: 0.875549 time: 380s
2021-06-17 12:30:23,238 DEBUG   Epoch 35 - avg_train_loss: 0.0115  avg_val_loss: 1.4519 F1: 0.611911  Accuracy: 0.716758 Recall@3: 0.874725 time: 381s
2021-06-17 12:30:23,239 DEBUG   Epoch 35 - Save Best Accuracy: 0.716758 Model
2021-06-17 12:36:44,055 DEBUG   Epoch 36 - avg_train_loss: 0.0114  avg_val_loss: 1.4527 F1: 0.612921  Accuracy: 0.718132 Recall@3: 0.873626 time: 381s
2021-06-17 12:36:44,056 DEBUG   Epoch 36 - Save Best Accuracy: 0.718132 Model
2021-06-17 12:43:04,434 DEBUG   Epoch 37 - avg_train_loss: 0.0110  avg_val_loss: 1.4594 F1: 0.611683  Accuracy: 0.715110 Recall@3: 0.874451 time: 380s
2021-06-17 12:49:30,444 DEBUG   Epoch 38 - avg_train_loss: 0.0109  avg_val_loss: 1.4519 F1: 0.608712  Accuracy: 0.715110 Recall@3: 0.875824 time: 386s
2021-06-17 12:55:52,704 DEBUG   Epoch 39 - avg_train_loss: 0.0104  avg_val_loss: 1.4693 F1: 0.603405  Accuracy: 0.711813 Recall@3: 0.875000 time: 382s
2021-06-17 13:02:13,156 DEBUG   Epoch 40 - avg_train_loss: 0.0104  avg_val_loss: 1.4694 F1: 0.605897  Accuracy: 0.713736 Recall@3: 0.871154 time: 380s
2021-06-17 13:08:33,808 DEBUG   Epoch 41 - avg_train_loss: 0.0100  avg_val_loss: 1.4716 F1: 0.605540  Accuracy: 0.712637 Recall@3: 0.875824 time: 381s
2021-06-17 13:14:54,354 DEBUG   Epoch 42 - avg_train_loss: 0.0097  avg_val_loss: 1.4714 F1: 0.606030  Accuracy: 0.713736 Recall@3: 0.872253 time: 381s
2021-06-17 13:21:14,865 DEBUG   Epoch 43 - avg_train_loss: 0.0092  avg_val_loss: 1.4690 F1: 0.605090  Accuracy: 0.714011 Recall@3: 0.874451 time: 381s
2021-06-17 13:27:35,225 DEBUG   Epoch 44 - avg_train_loss: 0.0091  avg_val_loss: 1.4696 F1: 0.611941  Accuracy: 0.716758 Recall@3: 0.873901 time: 380s
2021-06-17 13:33:55,707 DEBUG   Epoch 45 - avg_train_loss: 0.0093  avg_val_loss: 1.4736 F1: 0.614174  Accuracy: 0.717582 Recall@3: 0.873352 time: 380s
2021-06-17 13:40:16,613 DEBUG   Epoch 46 - avg_train_loss: 0.0088  avg_val_loss: 1.4683 F1: 0.611903  Accuracy: 0.717308 Recall@3: 0.875275 time: 381s
2021-06-17 13:46:36,987 DEBUG   Epoch 47 - avg_train_loss: 0.0085  avg_val_loss: 1.4623 F1: 0.613127  Accuracy: 0.717582 Recall@3: 0.874725 time: 380s
2021-06-17 13:52:58,189 DEBUG   Epoch 48 - avg_train_loss: 0.0085  avg_val_loss: 1.4606 F1: 0.608249  Accuracy: 0.715659 Recall@3: 0.872802 time: 381s
2021-06-17 13:59:18,583 DEBUG   Epoch 49 - avg_train_loss: 0.0085  avg_val_loss: 1.4682 F1: 0.613840  Accuracy: 0.719505 Recall@3: 0.873352 time: 380s
2021-06-17 13:59:18,584 DEBUG   Epoch 49 - Save Best Accuracy: 0.719505 Model
2021-06-17 14:05:39,263 DEBUG   Epoch 50 - avg_train_loss: 0.0085  avg_val_loss: 1.4649 F1: 0.611080  Accuracy: 0.716484 Recall@3: 0.876099 time: 381s
2021-06-17 14:12:04,856 DEBUG   Epoch 51 - avg_train_loss: 0.0081  avg_val_loss: 1.4699 F1: 0.613281  Accuracy: 0.718956 Recall@3: 0.876099 time: 386s
2021-06-17 14:18:26,801 DEBUG   Epoch 52 - avg_train_loss: 0.0082  avg_val_loss: 1.4708 F1: 0.613506  Accuracy: 0.717857 Recall@3: 0.875549 time: 382s
2021-06-17 14:24:47,745 DEBUG   Epoch 53 - avg_train_loss: 0.0079  avg_val_loss: 1.4710 F1: 0.619983  Accuracy: 0.721429 Recall@3: 0.875000 time: 381s
2021-06-17 14:24:47,747 DEBUG   Epoch 53 - Save Best Accuracy: 0.721429 Model
2021-06-17 14:31:09,513 DEBUG   Epoch 54 - avg_train_loss: 0.0079  avg_val_loss: 1.4693 F1: 0.614645  Accuracy: 0.718681 Recall@3: 0.875000 time: 381s
2021-06-17 14:37:30,809 DEBUG   Epoch 55 - avg_train_loss: 0.0073  avg_val_loss: 1.4695 F1: 0.617551  Accuracy: 0.718956 Recall@3: 0.876374 time: 381s
2021-06-17 14:43:51,544 DEBUG   Epoch 56 - avg_train_loss: 0.0075  avg_val_loss: 1.4716 F1: 0.619637  Accuracy: 0.720879 Recall@3: 0.875275 time: 381s
2021-06-17 14:50:11,667 DEBUG   Epoch 57 - avg_train_loss: 0.0081  avg_val_loss: 1.4715 F1: 0.620274  Accuracy: 0.721429 Recall@3: 0.876374 time: 380s
2021-06-17 14:56:32,637 DEBUG   Epoch 58 - avg_train_loss: 0.0078  avg_val_loss: 1.4719 F1: 0.616359  Accuracy: 0.718132 Recall@3: 0.875275 time: 381s
2021-06-17 15:02:52,662 DEBUG   Epoch 59 - avg_train_loss: 0.0080  avg_val_loss: 1.4712 F1: 0.619565  Accuracy: 0.720604 Recall@3: 0.873901 time: 380s
2021-06-17 15:09:12,990 DEBUG   Epoch 60 - avg_train_loss: 0.0078  avg_val_loss: 1.4697 F1: 0.612343  Accuracy: 0.717033 Recall@3: 0.874451 time: 380s
2021-06-17 15:15:33,567 DEBUG   Epoch 61 - avg_train_loss: 0.0084  avg_val_loss: 1.4708 F1: 0.613084  Accuracy: 0.717582 Recall@3: 0.876374 time: 381s
2021-06-17 15:21:55,029 DEBUG   Epoch 62 - avg_train_loss: 0.0072  avg_val_loss: 1.4716 F1: 0.615822  Accuracy: 0.720055 Recall@3: 0.875000 time: 381s
2021-06-17 15:28:15,894 DEBUG   Epoch 63 - avg_train_loss: 0.0076  avg_val_loss: 1.4800 F1: 0.613280  Accuracy: 0.718407 Recall@3: 0.875549 time: 381s
2021-06-17 15:34:40,746 DEBUG   Epoch 64 - avg_train_loss: 0.0075  avg_val_loss: 1.4770 F1: 0.612152  Accuracy: 0.717033 Recall@3: 0.875549 time: 385s
2021-06-17 15:41:02,201 DEBUG   Epoch 65 - avg_train_loss: 0.0069  avg_val_loss: 1.4792 F1: 0.614025  Accuracy: 0.718407 Recall@3: 0.877198 time: 381s
2021-06-17 15:47:23,403 DEBUG   Epoch 66 - avg_train_loss: 0.0077  avg_val_loss: 1.4845 F1: 0.607781  Accuracy: 0.715934 Recall@3: 0.875000 time: 381s
2021-06-17 15:53:44,435 DEBUG   Epoch 67 - avg_train_loss: 0.0066  avg_val_loss: 1.4738 F1: 0.611340  Accuracy: 0.718132 Recall@3: 0.875275 time: 381s
2021-06-17 16:00:05,351 DEBUG   Epoch 68 - avg_train_loss: 0.0077  avg_val_loss: 1.4753 F1: 0.610325  Accuracy: 0.717308 Recall@3: 0.876374 time: 381s
2021-06-17 16:06:25,427 DEBUG   Epoch 69 - avg_train_loss: 0.0073  avg_val_loss: 1.4763 F1: 0.607070  Accuracy: 0.715110 Recall@3: 0.875000 time: 380s
2021-06-17 16:12:46,236 DEBUG   Epoch 70 - avg_train_loss: 0.0072  avg_val_loss: 1.4814 F1: 0.612898  Accuracy: 0.716758 Recall@3: 0.875000 time: 381s
2021-06-17 16:19:06,771 DEBUG   Epoch 71 - avg_train_loss: 0.0070  avg_val_loss: 1.4790 F1: 0.609968  Accuracy: 0.715659 Recall@3: 0.874451 time: 381s
2021-06-17 16:25:27,972 DEBUG   Epoch 72 - avg_train_loss: 0.0070  avg_val_loss: 1.4791 F1: 0.612498  Accuracy: 0.716758 Recall@3: 0.874176 time: 381s
2021-06-17 16:31:48,752 DEBUG   Epoch 73 - avg_train_loss: 0.0071  avg_val_loss: 1.4793 F1: 0.615424  Accuracy: 0.716758 Recall@3: 0.877198 time: 381s
2021-06-17 16:38:09,404 DEBUG   Epoch 74 - avg_train_loss: 0.0065  avg_val_loss: 1.4806 F1: 0.611055  Accuracy: 0.716758 Recall@3: 0.877198 time: 381s
2021-06-17 16:44:30,258 DEBUG   Epoch 75 - avg_train_loss: 0.0068  avg_val_loss: 1.4802 F1: 0.611815  Accuracy: 0.716484 Recall@3: 0.875824 time: 381s
2021-06-17 16:50:50,764 DEBUG   Epoch 76 - avg_train_loss: 0.0070  avg_val_loss: 1.4716 F1: 0.612639  Accuracy: 0.716484 Recall@3: 0.876374 time: 381s
2021-06-17 16:57:15,517 DEBUG   Epoch 77 - avg_train_loss: 0.0070  avg_val_loss: 1.4796 F1: 0.610705  Accuracy: 0.715934 Recall@3: 0.875275 time: 385s
2021-06-17 17:03:37,158 DEBUG   Epoch 78 - avg_train_loss: 0.0073  avg_val_loss: 1.4795 F1: 0.609475  Accuracy: 0.715934 Recall@3: 0.876923 time: 382s
2021-06-17 17:09:57,856 DEBUG   Epoch 79 - avg_train_loss: 0.0072  avg_val_loss: 1.4774 F1: 0.611987  Accuracy: 0.718132 Recall@3: 0.875000 time: 381s
2021-06-17 17:16:18,014 DEBUG   Epoch 80 - avg_train_loss: 0.0078  avg_val_loss: 1.4823 F1: 0.611411  Accuracy: 0.716484 Recall@3: 0.874725 time: 380s
2021-06-17 17:22:38,372 DEBUG   Epoch 81 - avg_train_loss: 0.0068  avg_val_loss: 1.4835 F1: 0.608683  Accuracy: 0.715934 Recall@3: 0.875000 time: 380s
2021-06-17 17:28:59,281 DEBUG   Epoch 82 - avg_train_loss: 0.0069  avg_val_loss: 1.4801 F1: 0.609662  Accuracy: 0.714286 Recall@3: 0.875275 time: 381s
2021-06-17 17:35:20,142 DEBUG   Epoch 83 - avg_train_loss: 0.0069  avg_val_loss: 1.4820 F1: 0.611740  Accuracy: 0.715385 Recall@3: 0.875824 time: 381s
2021-06-17 17:41:40,642 DEBUG   Epoch 84 - avg_train_loss: 0.0068  avg_val_loss: 1.4786 F1: 0.612731  Accuracy: 0.716484 Recall@3: 0.874451 time: 380s
2021-06-17 17:48:00,975 DEBUG   Epoch 85 - avg_train_loss: 0.0070  avg_val_loss: 1.4788 F1: 0.613331  Accuracy: 0.716209 Recall@3: 0.876648 time: 380s
2021-06-17 17:54:21,995 DEBUG   Epoch 86 - avg_train_loss: 0.0067  avg_val_loss: 1.4782 F1: 0.613002  Accuracy: 0.717033 Recall@3: 0.874725 time: 381s
2021-06-17 18:00:42,020 DEBUG   Epoch 87 - avg_train_loss: 0.0065  avg_val_loss: 1.4839 F1: 0.610011  Accuracy: 0.715934 Recall@3: 0.876648 time: 380s
2021-06-17 18:07:02,655 DEBUG   Epoch 88 - avg_train_loss: 0.0066  avg_val_loss: 1.4800 F1: 0.612830  Accuracy: 0.715659 Recall@3: 0.877473 time: 381s
2021-06-17 18:13:22,941 DEBUG   Epoch 89 - avg_train_loss: 0.0071  avg_val_loss: 1.4810 F1: 0.610140  Accuracy: 0.715934 Recall@3: 0.876099 time: 380s
2021-06-17 18:19:48,487 DEBUG   Epoch 90 - avg_train_loss: 0.0065  avg_val_loss: 1.4836 F1: 0.614066  Accuracy: 0.718132 Recall@3: 0.876099 time: 386s
2021-06-17 18:26:10,147 DEBUG   Epoch 91 - avg_train_loss: 0.0068  avg_val_loss: 1.4823 F1: 0.612526  Accuracy: 0.718132 Recall@3: 0.876648 time: 382s
2021-06-17 18:32:30,608 DEBUG   Epoch 92 - avg_train_loss: 0.0064  avg_val_loss: 1.4849 F1: 0.612246  Accuracy: 0.715934 Recall@3: 0.876648 time: 380s
2021-06-17 18:38:51,282 DEBUG   Epoch 93 - avg_train_loss: 0.0063  avg_val_loss: 1.4849 F1: 0.612114  Accuracy: 0.717308 Recall@3: 0.877198 time: 381s
2021-06-17 18:45:11,915 DEBUG   Epoch 94 - avg_train_loss: 0.0065  avg_val_loss: 1.4848 F1: 0.612413  Accuracy: 0.717033 Recall@3: 0.875824 time: 381s
2021-06-17 18:51:32,575 DEBUG   Epoch 95 - avg_train_loss: 0.0069  avg_val_loss: 1.4831 F1: 0.610799  Accuracy: 0.716758 Recall@3: 0.876648 time: 381s
2021-06-17 18:57:52,647 DEBUG   Epoch 96 - avg_train_loss: 0.0073  avg_val_loss: 1.4818 F1: 0.613187  Accuracy: 0.716209 Recall@3: 0.875549 time: 380s
2021-06-17 19:04:13,254 DEBUG   Epoch 97 - avg_train_loss: 0.0068  avg_val_loss: 1.4863 F1: 0.610659  Accuracy: 0.715659 Recall@3: 0.876099 time: 381s
2021-06-17 19:10:33,580 DEBUG   Epoch 98 - avg_train_loss: 0.0064  avg_val_loss: 1.4817 F1: 0.612334  Accuracy: 0.716484 Recall@3: 0.875824 time: 380s
2021-06-17 19:16:54,718 DEBUG   Epoch 99 - avg_train_loss: 0.0067  avg_val_loss: 1.4871 F1: 0.613314  Accuracy: 0.717582 Recall@3: 0.875824 time: 381s
2021-06-17 19:23:15,400 DEBUG   Epoch 100 - avg_train_loss: 0.0066  avg_val_loss: 1.4929 F1: 0.612539  Accuracy: 0.715934 Recall@3: 0.873901 time: 381s
2021-06-17 19:23:15,402 INFO [Train model] done in 38095 s.
