2021-05-31 14:30:22,307 INFO [Train model] start
2021-05-31 14:35:42,900 DEBUG   Epoch 1 - avg_train_loss: 0.8485  avg_val_loss: 2.2918 F1: 0.205869  Accuracy: 0.426099 Recall@3: 0.633791 time: 319s
2021-05-31 14:35:42,901 DEBUG   Epoch 1 - Save Best Accuracy: 0.426099 Model
2021-05-31 14:35:43,003 DEBUG   Epoch 1 - Save Best Loss: 2.2918 Model
2021-05-31 14:41:03,554 DEBUG   Epoch 2 - avg_train_loss: 0.5048  avg_val_loss: 1.7838 F1: 0.323735  Accuracy: 0.522527 Recall@3: 0.737912 time: 320s
2021-05-31 14:41:03,555 DEBUG   Epoch 2 - Save Best Accuracy: 0.522527 Model
2021-05-31 14:41:03,705 DEBUG   Epoch 2 - Save Best Loss: 1.7838 Model
2021-05-31 14:46:38,288 DEBUG   Epoch 3 - avg_train_loss: 0.4033  avg_val_loss: 1.6166 F1: 0.390864  Accuracy: 0.562637 Recall@3: 0.775000 time: 334s
2021-05-31 14:46:38,290 DEBUG   Epoch 3 - Save Best Accuracy: 0.562637 Model
2021-05-31 14:46:38,505 DEBUG   Epoch 3 - Save Best Loss: 1.6166 Model
2021-05-31 14:52:48,113 DEBUG   Epoch 4 - avg_train_loss: 0.3361  avg_val_loss: 1.5188 F1: 0.431635  Accuracy: 0.589286 Recall@3: 0.793407 time: 369s
2021-05-31 14:52:48,116 DEBUG   Epoch 4 - Save Best Accuracy: 0.589286 Model
2021-05-31 14:52:48,338 DEBUG   Epoch 4 - Save Best Loss: 1.5188 Model
2021-05-31 14:58:57,288 DEBUG   Epoch 5 - avg_train_loss: 0.2929  avg_val_loss: 1.4935 F1: 0.457288  Accuracy: 0.600549 Recall@3: 0.796978 time: 369s
2021-05-31 14:58:57,289 DEBUG   Epoch 5 - Save Best Accuracy: 0.600549 Model
2021-05-31 14:58:57,557 DEBUG   Epoch 5 - Save Best Loss: 1.4935 Model
2021-05-31 15:05:08,935 DEBUG   Epoch 6 - avg_train_loss: 0.2493  avg_val_loss: 1.4567 F1: 0.468130  Accuracy: 0.608516 Recall@3: 0.810165 time: 371s
2021-05-31 15:05:08,938 DEBUG   Epoch 6 - Save Best Accuracy: 0.608516 Model
2021-05-31 15:05:09,173 DEBUG   Epoch 6 - Save Best Loss: 1.4567 Model
2021-05-31 15:11:21,360 DEBUG   Epoch 7 - avg_train_loss: 0.2223  avg_val_loss: 1.5216 F1: 0.471118  Accuracy: 0.595879 Recall@3: 0.803022 time: 372s
2021-05-31 15:17:30,588 DEBUG   Epoch 8 - avg_train_loss: 0.1916  avg_val_loss: 1.4785 F1: 0.490261  Accuracy: 0.620604 Recall@3: 0.804121 time: 369s
2021-05-31 15:17:30,591 DEBUG   Epoch 8 - Save Best Accuracy: 0.620604 Model
2021-05-31 15:23:42,213 DEBUG   Epoch 9 - avg_train_loss: 0.1665  avg_val_loss: 1.4591 F1: 0.481592  Accuracy: 0.620604 Recall@3: 0.815110 time: 371s
2021-05-31 15:29:53,137 DEBUG   Epoch 10 - avg_train_loss: 0.1448  avg_val_loss: 1.5034 F1: 0.488389  Accuracy: 0.628846 Recall@3: 0.816484 time: 371s
2021-05-31 15:29:53,138 DEBUG   Epoch 10 - Save Best Accuracy: 0.628846 Model
2021-05-31 15:36:05,364 DEBUG   Epoch 11 - avg_train_loss: 0.1231  avg_val_loss: 1.4955 F1: 0.498381  Accuracy: 0.633516 Recall@3: 0.817308 time: 372s
2021-05-31 15:36:05,365 DEBUG   Epoch 11 - Save Best Accuracy: 0.633516 Model
2021-05-31 15:42:16,529 DEBUG   Epoch 12 - avg_train_loss: 0.1042  avg_val_loss: 1.5199 F1: 0.511027  Accuracy: 0.633791 Recall@3: 0.816484 time: 371s
2021-05-31 15:42:16,539 DEBUG   Epoch 12 - Save Best Accuracy: 0.633791 Model
2021-05-31 15:48:28,561 DEBUG   Epoch 13 - avg_train_loss: 0.0888  avg_val_loss: 1.5509 F1: 0.508844  Accuracy: 0.634890 Recall@3: 0.824176 time: 372s
2021-05-31 15:48:28,564 DEBUG   Epoch 13 - Save Best Accuracy: 0.634890 Model
2021-05-31 15:54:39,516 DEBUG   Epoch 14 - avg_train_loss: 0.0771  avg_val_loss: 1.5743 F1: 0.517589  Accuracy: 0.639560 Recall@3: 0.819780 time: 371s
2021-05-31 15:54:39,520 DEBUG   Epoch 14 - Save Best Accuracy: 0.639560 Model
2021-05-31 16:00:49,444 DEBUG   Epoch 15 - avg_train_loss: 0.0672  avg_val_loss: 1.5717 F1: 0.508233  Accuracy: 0.638736 Recall@3: 0.826648 time: 370s
2021-05-31 16:06:58,015 DEBUG   Epoch 16 - avg_train_loss: 0.0602  avg_val_loss: 1.5834 F1: 0.514136  Accuracy: 0.639286 Recall@3: 0.828022 time: 369s
2021-05-31 16:13:13,468 DEBUG   Epoch 17 - avg_train_loss: 0.0516  avg_val_loss: 1.5855 F1: 0.535588  Accuracy: 0.656319 Recall@3: 0.826374 time: 375s
2021-05-31 16:13:13,469 DEBUG   Epoch 17 - Save Best Accuracy: 0.656319 Model
2021-05-31 16:19:28,852 DEBUG   Epoch 18 - avg_train_loss: 0.0468  avg_val_loss: 1.6097 F1: 0.530246  Accuracy: 0.651923 Recall@3: 0.829945 time: 375s
2021-05-31 16:25:37,929 DEBUG   Epoch 19 - avg_train_loss: 0.0413  avg_val_loss: 1.6355 F1: 0.527588  Accuracy: 0.652198 Recall@3: 0.827198 time: 369s
2021-05-31 16:31:52,162 DEBUG   Epoch 20 - avg_train_loss: 0.0376  avg_val_loss: 1.6239 F1: 0.542459  Accuracy: 0.657143 Recall@3: 0.829945 time: 374s
2021-05-31 16:31:52,165 DEBUG   Epoch 20 - Save Best Accuracy: 0.657143 Model
2021-05-31 16:38:04,322 DEBUG   Epoch 21 - avg_train_loss: 0.0328  avg_val_loss: 1.6310 F1: 0.538593  Accuracy: 0.658516 Recall@3: 0.826099 time: 372s
2021-05-31 16:38:04,324 DEBUG   Epoch 21 - Save Best Accuracy: 0.658516 Model
2021-05-31 16:44:17,681 DEBUG   Epoch 22 - avg_train_loss: 0.0329  avg_val_loss: 1.6526 F1: 0.535205  Accuracy: 0.658242 Recall@3: 0.829396 time: 373s
2021-05-31 16:50:28,503 DEBUG   Epoch 23 - avg_train_loss: 0.0273  avg_val_loss: 1.6723 F1: 0.533037  Accuracy: 0.659066 Recall@3: 0.830769 time: 371s
2021-05-31 16:50:28,504 DEBUG   Epoch 23 - Save Best Accuracy: 0.659066 Model
2021-05-31 16:56:39,185 DEBUG   Epoch 24 - avg_train_loss: 0.0267  avg_val_loss: 1.6871 F1: 0.532715  Accuracy: 0.659615 Recall@3: 0.831593 time: 370s
2021-05-31 16:56:39,186 DEBUG   Epoch 24 - Save Best Accuracy: 0.659615 Model
2021-05-31 17:02:52,328 DEBUG   Epoch 25 - avg_train_loss: 0.0236  avg_val_loss: 1.6576 F1: 0.541551  Accuracy: 0.663187 Recall@3: 0.834890 time: 373s
2021-05-31 17:02:52,333 DEBUG   Epoch 25 - Save Best Accuracy: 0.663187 Model
2021-05-31 17:09:07,231 DEBUG   Epoch 26 - avg_train_loss: 0.0231  avg_val_loss: 1.6638 F1: 0.535696  Accuracy: 0.662363 Recall@3: 0.834341 time: 375s
2021-05-31 17:15:17,291 DEBUG   Epoch 27 - avg_train_loss: 0.0208  avg_val_loss: 1.6769 F1: 0.541781  Accuracy: 0.666484 Recall@3: 0.833242 time: 370s
2021-05-31 17:15:17,294 DEBUG   Epoch 27 - Save Best Accuracy: 0.666484 Model
2021-05-31 17:21:27,910 DEBUG   Epoch 28 - avg_train_loss: 0.0185  avg_val_loss: 1.6680 F1: 0.535887  Accuracy: 0.661264 Recall@3: 0.830220 time: 370s
2021-05-31 17:27:42,451 DEBUG   Epoch 29 - avg_train_loss: 0.0197  avg_val_loss: 1.6959 F1: 0.540423  Accuracy: 0.665385 Recall@3: 0.835165 time: 375s
2021-05-31 17:33:56,918 DEBUG   Epoch 30 - avg_train_loss: 0.0178  avg_val_loss: 1.6907 F1: 0.534723  Accuracy: 0.663462 Recall@3: 0.832418 time: 374s
2021-05-31 17:40:10,012 DEBUG   Epoch 31 - avg_train_loss: 0.0180  avg_val_loss: 1.6985 F1: 0.544447  Accuracy: 0.668956 Recall@3: 0.833516 time: 373s
2021-05-31 17:40:10,014 DEBUG   Epoch 31 - Save Best Accuracy: 0.668956 Model
2021-05-31 17:46:21,232 DEBUG   Epoch 32 - avg_train_loss: 0.0155  avg_val_loss: 1.6974 F1: 0.543082  Accuracy: 0.665659 Recall@3: 0.831319 time: 371s
2021-05-31 17:52:34,302 DEBUG   Epoch 33 - avg_train_loss: 0.0158  avg_val_loss: 1.6943 F1: 0.541322  Accuracy: 0.664011 Recall@3: 0.833242 time: 373s
2021-05-31 17:58:50,750 DEBUG   Epoch 34 - avg_train_loss: 0.0157  avg_val_loss: 1.7093 F1: 0.541876  Accuracy: 0.666209 Recall@3: 0.836813 time: 376s
2021-05-31 18:05:05,832 DEBUG   Epoch 35 - avg_train_loss: 0.0156  avg_val_loss: 1.7058 F1: 0.540769  Accuracy: 0.666758 Recall@3: 0.829396 time: 375s
2021-05-31 18:11:19,196 DEBUG   Epoch 36 - avg_train_loss: 0.0145  avg_val_loss: 1.7092 F1: 0.543219  Accuracy: 0.667033 Recall@3: 0.835989 time: 373s
2021-05-31 18:17:30,470 DEBUG   Epoch 37 - avg_train_loss: 0.0133  avg_val_loss: 1.7128 F1: 0.538513  Accuracy: 0.665659 Recall@3: 0.832143 time: 371s
2021-05-31 18:23:45,418 DEBUG   Epoch 38 - avg_train_loss: 0.0135  avg_val_loss: 1.7075 F1: 0.539767  Accuracy: 0.667033 Recall@3: 0.834066 time: 375s
2021-05-31 18:29:58,869 DEBUG   Epoch 39 - avg_train_loss: 0.0130  avg_val_loss: 1.7194 F1: 0.535555  Accuracy: 0.667857 Recall@3: 0.835714 time: 373s
2021-05-31 18:36:09,150 DEBUG   Epoch 40 - avg_train_loss: 0.0126  avg_val_loss: 1.7306 F1: 0.541645  Accuracy: 0.668132 Recall@3: 0.832967 time: 370s
2021-05-31 18:42:23,258 DEBUG   Epoch 41 - avg_train_loss: 0.0126  avg_val_loss: 1.7406 F1: 0.536825  Accuracy: 0.664560 Recall@3: 0.835165 time: 374s
2021-05-31 18:48:36,783 DEBUG   Epoch 42 - avg_train_loss: 0.0123  avg_val_loss: 1.7329 F1: 0.543223  Accuracy: 0.668132 Recall@3: 0.835714 time: 374s
2021-05-31 18:54:50,842 DEBUG   Epoch 43 - avg_train_loss: 0.0117  avg_val_loss: 1.7269 F1: 0.547347  Accuracy: 0.670604 Recall@3: 0.836264 time: 374s
2021-05-31 18:54:50,844 DEBUG   Epoch 43 - Save Best Accuracy: 0.670604 Model
2021-05-31 19:01:02,102 DEBUG   Epoch 44 - avg_train_loss: 0.0115  avg_val_loss: 1.7316 F1: 0.543710  Accuracy: 0.666758 Recall@3: 0.838187 time: 371s
2021-05-31 19:07:13,465 DEBUG   Epoch 45 - avg_train_loss: 0.0113  avg_val_loss: 1.7352 F1: 0.549061  Accuracy: 0.673352 Recall@3: 0.838187 time: 371s
2021-05-31 19:07:13,466 DEBUG   Epoch 45 - Save Best Accuracy: 0.673352 Model
2021-05-31 19:13:28,148 DEBUG   Epoch 46 - avg_train_loss: 0.0119  avg_val_loss: 1.7463 F1: 0.539310  Accuracy: 0.667033 Recall@3: 0.837637 time: 374s
2021-05-31 19:19:40,833 DEBUG   Epoch 47 - avg_train_loss: 0.0106  avg_val_loss: 1.7383 F1: 0.546086  Accuracy: 0.671978 Recall@3: 0.835165 time: 373s
2021-05-31 19:25:53,150 DEBUG   Epoch 48 - avg_train_loss: 0.0109  avg_val_loss: 1.7362 F1: 0.552081  Accuracy: 0.675549 Recall@3: 0.834890 time: 372s
2021-05-31 19:25:53,151 DEBUG   Epoch 48 - Save Best Accuracy: 0.675549 Model
2021-05-31 19:32:06,570 DEBUG   Epoch 49 - avg_train_loss: 0.0102  avg_val_loss: 1.7358 F1: 0.544646  Accuracy: 0.670055 Recall@3: 0.835440 time: 373s
2021-05-31 19:38:19,232 DEBUG   Epoch 50 - avg_train_loss: 0.0107  avg_val_loss: 1.7370 F1: 0.547232  Accuracy: 0.669780 Recall@3: 0.834341 time: 373s
2021-05-31 19:44:34,976 DEBUG   Epoch 51 - avg_train_loss: 0.0100  avg_val_loss: 1.7285 F1: 0.546056  Accuracy: 0.672527 Recall@3: 0.836813 time: 376s
2021-05-31 19:50:46,126 DEBUG   Epoch 52 - avg_train_loss: 0.0102  avg_val_loss: 1.7344 F1: 0.546613  Accuracy: 0.673077 Recall@3: 0.835989 time: 371s
2021-05-31 19:56:57,988 DEBUG   Epoch 53 - avg_train_loss: 0.0098  avg_val_loss: 1.7401 F1: 0.547039  Accuracy: 0.671154 Recall@3: 0.834890 time: 372s
2021-05-31 20:03:11,979 DEBUG   Epoch 54 - avg_train_loss: 0.0096  avg_val_loss: 1.7346 F1: 0.547254  Accuracy: 0.674176 Recall@3: 0.835440 time: 374s
2021-05-31 20:09:25,646 DEBUG   Epoch 55 - avg_train_loss: 0.0097  avg_val_loss: 1.7363 F1: 0.545530  Accuracy: 0.672802 Recall@3: 0.835165 time: 374s
2021-05-31 20:15:36,027 DEBUG   Epoch 56 - avg_train_loss: 0.0094  avg_val_loss: 1.7363 F1: 0.545431  Accuracy: 0.671978 Recall@3: 0.833516 time: 370s
2021-05-31 20:21:52,815 DEBUG   Epoch 57 - avg_train_loss: 0.0097  avg_val_loss: 1.7391 F1: 0.546977  Accuracy: 0.673077 Recall@3: 0.834615 time: 377s
2021-05-31 20:28:04,766 DEBUG   Epoch 58 - avg_train_loss: 0.0097  avg_val_loss: 1.7399 F1: 0.545535  Accuracy: 0.672253 Recall@3: 0.832967 time: 372s
2021-05-31 20:34:16,509 DEBUG   Epoch 59 - avg_train_loss: 0.0098  avg_val_loss: 1.7408 F1: 0.546788  Accuracy: 0.671703 Recall@3: 0.835989 time: 372s
2021-05-31 20:40:29,729 DEBUG   Epoch 60 - avg_train_loss: 0.0099  avg_val_loss: 1.7373 F1: 0.546163  Accuracy: 0.671154 Recall@3: 0.834890 time: 373s
2021-05-31 20:46:45,281 DEBUG   Epoch 61 - avg_train_loss: 0.0094  avg_val_loss: 1.7392 F1: 0.543500  Accuracy: 0.670604 Recall@3: 0.835440 time: 376s
2021-05-31 20:53:00,612 DEBUG   Epoch 62 - avg_train_loss: 0.0092  avg_val_loss: 1.7406 F1: 0.546620  Accuracy: 0.674451 Recall@3: 0.835989 time: 375s
2021-05-31 20:59:14,612 DEBUG   Epoch 63 - avg_train_loss: 0.0093  avg_val_loss: 1.7436 F1: 0.544111  Accuracy: 0.671154 Recall@3: 0.834890 time: 374s
2021-05-31 21:05:24,590 DEBUG   Epoch 64 - avg_train_loss: 0.0093  avg_val_loss: 1.7412 F1: 0.547993  Accuracy: 0.672802 Recall@3: 0.834066 time: 370s
2021-05-31 21:11:38,152 DEBUG   Epoch 65 - avg_train_loss: 0.0094  avg_val_loss: 1.7420 F1: 0.547346  Accuracy: 0.676374 Recall@3: 0.834341 time: 374s
2021-05-31 21:11:38,155 DEBUG   Epoch 65 - Save Best Accuracy: 0.676374 Model
2021-05-31 21:17:52,868 DEBUG   Epoch 66 - avg_train_loss: 0.0088  avg_val_loss: 1.7454 F1: 0.545867  Accuracy: 0.673626 Recall@3: 0.837363 time: 375s
2021-05-31 21:24:06,945 DEBUG   Epoch 67 - avg_train_loss: 0.0088  avg_val_loss: 1.7392 F1: 0.544194  Accuracy: 0.672253 Recall@3: 0.836538 time: 374s
2021-05-31 21:30:23,009 DEBUG   Epoch 68 - avg_train_loss: 0.0083  avg_val_loss: 1.7348 F1: 0.547752  Accuracy: 0.674176 Recall@3: 0.837363 time: 376s
2021-05-31 21:36:36,968 DEBUG   Epoch 69 - avg_train_loss: 0.0089  avg_val_loss: 1.7441 F1: 0.548915  Accuracy: 0.672802 Recall@3: 0.835989 time: 374s
2021-05-31 21:42:53,075 DEBUG   Epoch 70 - avg_train_loss: 0.0084  avg_val_loss: 1.7436 F1: 0.550232  Accuracy: 0.673352 Recall@3: 0.836813 time: 376s
2021-05-31 21:49:05,737 DEBUG   Epoch 71 - avg_train_loss: 0.0088  avg_val_loss: 1.7443 F1: 0.547687  Accuracy: 0.673901 Recall@3: 0.836813 time: 373s
2021-05-31 21:55:19,474 DEBUG   Epoch 72 - avg_train_loss: 0.0080  avg_val_loss: 1.7484 F1: 0.550636  Accuracy: 0.675000 Recall@3: 0.837912 time: 374s
2021-05-31 22:01:37,634 DEBUG   Epoch 73 - avg_train_loss: 0.0091  avg_val_loss: 1.7456 F1: 0.550477  Accuracy: 0.674451 Recall@3: 0.835989 time: 378s
2021-05-31 22:07:50,028 DEBUG   Epoch 74 - avg_train_loss: 0.0085  avg_val_loss: 1.7457 F1: 0.548184  Accuracy: 0.672253 Recall@3: 0.836538 time: 372s
2021-05-31 22:14:05,880 DEBUG   Epoch 75 - avg_train_loss: 0.0083  avg_val_loss: 1.7422 F1: 0.547862  Accuracy: 0.675000 Recall@3: 0.839011 time: 376s
2021-05-31 22:20:19,123 DEBUG   Epoch 76 - avg_train_loss: 0.0092  avg_val_loss: 1.7383 F1: 0.549512  Accuracy: 0.675549 Recall@3: 0.838462 time: 373s
2021-05-31 22:26:34,909 DEBUG   Epoch 77 - avg_train_loss: 0.0086  avg_val_loss: 1.7437 F1: 0.551319  Accuracy: 0.676923 Recall@3: 0.836538 time: 376s
2021-05-31 22:26:34,911 DEBUG   Epoch 77 - Save Best Accuracy: 0.676923 Model
2021-05-31 22:32:47,033 DEBUG   Epoch 78 - avg_train_loss: 0.0078  avg_val_loss: 1.7422 F1: 0.547568  Accuracy: 0.675549 Recall@3: 0.839286 time: 372s
2021-05-31 22:39:00,462 DEBUG   Epoch 79 - avg_train_loss: 0.0085  avg_val_loss: 1.7401 F1: 0.548783  Accuracy: 0.674176 Recall@3: 0.837912 time: 373s
2021-05-31 22:45:14,566 DEBUG   Epoch 80 - avg_train_loss: 0.0092  avg_val_loss: 1.7443 F1: 0.551050  Accuracy: 0.675824 Recall@3: 0.839286 time: 374s
2021-05-31 22:51:26,512 DEBUG   Epoch 81 - avg_train_loss: 0.0078  avg_val_loss: 1.7463 F1: 0.555778  Accuracy: 0.677198 Recall@3: 0.838736 time: 372s
2021-05-31 22:51:26,517 DEBUG   Epoch 81 - Save Best Accuracy: 0.677198 Model
2021-05-31 22:57:38,694 DEBUG   Epoch 82 - avg_train_loss: 0.0085  avg_val_loss: 1.7419 F1: 0.551070  Accuracy: 0.676099 Recall@3: 0.837088 time: 372s
2021-05-31 23:03:53,118 DEBUG   Epoch 83 - avg_train_loss: 0.0090  avg_val_loss: 1.7432 F1: 0.550958  Accuracy: 0.675824 Recall@3: 0.838187 time: 374s
2021-05-31 23:10:05,252 DEBUG   Epoch 84 - avg_train_loss: 0.0080  avg_val_loss: 1.7409 F1: 0.550790  Accuracy: 0.675824 Recall@3: 0.838462 time: 372s
2021-05-31 23:16:20,894 DEBUG   Epoch 85 - avg_train_loss: 0.0084  avg_val_loss: 1.7471 F1: 0.548342  Accuracy: 0.673626 Recall@3: 0.839835 time: 376s
2021-05-31 23:22:35,173 DEBUG   Epoch 86 - avg_train_loss: 0.0084  avg_val_loss: 1.7439 F1: 0.546265  Accuracy: 0.673626 Recall@3: 0.837088 time: 374s
2021-05-31 23:28:43,171 DEBUG   Epoch 87 - avg_train_loss: 0.0086  avg_val_loss: 1.7426 F1: 0.545895  Accuracy: 0.673901 Recall@3: 0.835714 time: 368s
2021-05-31 23:34:57,100 DEBUG   Epoch 88 - avg_train_loss: 0.0078  avg_val_loss: 1.7416 F1: 0.548475  Accuracy: 0.674176 Recall@3: 0.836813 time: 374s
2021-05-31 23:41:12,878 DEBUG   Epoch 89 - avg_train_loss: 0.0085  avg_val_loss: 1.7428 F1: 0.546103  Accuracy: 0.673077 Recall@3: 0.837912 time: 376s
2021-05-31 23:47:27,356 DEBUG   Epoch 90 - avg_train_loss: 0.0080  avg_val_loss: 1.7446 F1: 0.547020  Accuracy: 0.673352 Recall@3: 0.837912 time: 374s
2021-05-31 23:53:40,780 DEBUG   Epoch 91 - avg_train_loss: 0.0080  avg_val_loss: 1.7486 F1: 0.543345  Accuracy: 0.671703 Recall@3: 0.837088 time: 373s
2021-05-31 23:59:54,380 DEBUG   Epoch 92 - avg_train_loss: 0.0078  avg_val_loss: 1.7488 F1: 0.546955  Accuracy: 0.673901 Recall@3: 0.839286 time: 374s
2021-06-01 00:06:11,481 DEBUG   Epoch 93 - avg_train_loss: 0.0078  avg_val_loss: 1.7494 F1: 0.545801  Accuracy: 0.672802 Recall@3: 0.836264 time: 377s
2021-06-01 00:12:26,740 DEBUG   Epoch 94 - avg_train_loss: 0.0085  avg_val_loss: 1.7446 F1: 0.547307  Accuracy: 0.674176 Recall@3: 0.837912 time: 375s
2021-06-01 00:18:37,764 DEBUG   Epoch 95 - avg_train_loss: 0.0090  avg_val_loss: 1.7473 F1: 0.547772  Accuracy: 0.672802 Recall@3: 0.839011 time: 371s
2021-06-01 00:24:49,889 DEBUG   Epoch 96 - avg_train_loss: 0.0089  avg_val_loss: 1.7423 F1: 0.548448  Accuracy: 0.674451 Recall@3: 0.838187 time: 372s
2021-06-01 00:31:04,333 DEBUG   Epoch 97 - avg_train_loss: 0.0086  avg_val_loss: 1.7534 F1: 0.545198  Accuracy: 0.671703 Recall@3: 0.836538 time: 374s
2021-06-01 00:37:17,141 DEBUG   Epoch 98 - avg_train_loss: 0.0078  avg_val_loss: 1.7457 F1: 0.553258  Accuracy: 0.675824 Recall@3: 0.836538 time: 373s
2021-06-01 00:43:29,932 DEBUG   Epoch 99 - avg_train_loss: 0.0079  avg_val_loss: 1.7556 F1: 0.546066  Accuracy: 0.672527 Recall@3: 0.837363 time: 373s
2021-06-01 00:49:46,456 DEBUG   Epoch 100 - avg_train_loss: 0.0081  avg_val_loss: 1.7563 F1: 0.549529  Accuracy: 0.673901 Recall@3: 0.837363 time: 377s
2021-06-01 00:49:46,457 INFO [Train model] done in 37164 s.
