2021-05-21 13:57:22,297 INFO [Train model] start
2021-05-21 14:04:54,361 DEBUG   Epoch 1 - avg_train_loss: 0.2303  avg_val_loss: 2.4681 F1: 0.171986  Accuracy: 0.406868 Recall@3: 0.616209 time: 449s
2021-05-21 14:04:54,362 DEBUG   Epoch 1 - Save Best Accuracy: 0.406868 Model
2021-05-21 14:04:54,417 DEBUG   Epoch 1 - Save Best Loss: 2.4681 Model
2021-05-21 14:12:17,990 DEBUG   Epoch 2 - avg_train_loss: 0.1397  avg_val_loss: 1.7912 F1: 0.319705  Accuracy: 0.536264 Recall@3: 0.738736 time: 444s
2021-05-21 14:12:17,991 DEBUG   Epoch 2 - Save Best Accuracy: 0.536264 Model
2021-05-21 14:12:18,042 DEBUG   Epoch 2 - Save Best Loss: 1.7912 Model
2021-05-21 14:19:41,367 DEBUG   Epoch 3 - avg_train_loss: 0.1134  avg_val_loss: 1.6024 F1: 0.377241  Accuracy: 0.569780 Recall@3: 0.771978 time: 443s
2021-05-21 14:19:41,370 DEBUG   Epoch 3 - Save Best Accuracy: 0.569780 Model
2021-05-21 14:19:41,420 DEBUG   Epoch 3 - Save Best Loss: 1.6024 Model
2021-05-21 14:27:04,848 DEBUG   Epoch 4 - avg_train_loss: 0.0976  avg_val_loss: 1.4719 F1: 0.420357  Accuracy: 0.599725 Recall@3: 0.800549 time: 443s
2021-05-21 14:27:04,849 DEBUG   Epoch 4 - Save Best Accuracy: 0.599725 Model
2021-05-21 14:27:04,909 DEBUG   Epoch 4 - Save Best Loss: 1.4719 Model
2021-05-21 14:34:28,864 DEBUG   Epoch 5 - avg_train_loss: 0.0863  avg_val_loss: 1.3601 F1: 0.482251  Accuracy: 0.630495 Recall@3: 0.823352 time: 444s
2021-05-21 14:34:28,865 DEBUG   Epoch 5 - Save Best Accuracy: 0.630495 Model
2021-05-21 14:34:28,913 DEBUG   Epoch 5 - Save Best Loss: 1.3601 Model
2021-05-21 14:41:52,750 DEBUG   Epoch 6 - avg_train_loss: 0.0786  avg_val_loss: 1.3360 F1: 0.477482  Accuracy: 0.633516 Recall@3: 0.819231 time: 444s
2021-05-21 14:41:52,751 DEBUG   Epoch 6 - Save Best Accuracy: 0.633516 Model
2021-05-21 14:41:52,801 DEBUG   Epoch 6 - Save Best Loss: 1.3360 Model
2021-05-21 14:49:16,672 DEBUG   Epoch 7 - avg_train_loss: 0.0708  avg_val_loss: 1.3526 F1: 0.480403  Accuracy: 0.626374 Recall@3: 0.826374 time: 444s
2021-05-21 14:56:40,914 DEBUG   Epoch 8 - avg_train_loss: 0.0664  avg_val_loss: 1.2921 F1: 0.502473  Accuracy: 0.648077 Recall@3: 0.833791 time: 444s
2021-05-21 14:56:40,916 DEBUG   Epoch 8 - Save Best Accuracy: 0.648077 Model
2021-05-21 14:56:40,988 DEBUG   Epoch 8 - Save Best Loss: 1.2921 Model
2021-05-21 15:04:06,776 DEBUG   Epoch 9 - avg_train_loss: 0.0596  avg_val_loss: 1.3157 F1: 0.491745  Accuracy: 0.643132 Recall@3: 0.836538 time: 446s
2021-05-21 15:11:18,919 DEBUG   Epoch 10 - avg_train_loss: 0.0571  avg_val_loss: 1.2909 F1: 0.533867  Accuracy: 0.661813 Recall@3: 0.843956 time: 432s
2021-05-21 15:11:18,921 DEBUG   Epoch 10 - Save Best Accuracy: 0.661813 Model
2021-05-21 15:11:18,978 DEBUG   Epoch 10 - Save Best Loss: 1.2909 Model
2021-05-21 15:18:42,775 DEBUG   Epoch 11 - avg_train_loss: 0.0512  avg_val_loss: 1.2876 F1: 0.517172  Accuracy: 0.660714 Recall@3: 0.842582 time: 444s
2021-05-21 15:18:42,776 DEBUG   Epoch 11 - Save Best Loss: 1.2876 Model
2021-05-21 15:26:06,320 DEBUG   Epoch 12 - avg_train_loss: 0.0481  avg_val_loss: 1.2852 F1: 0.523641  Accuracy: 0.662363 Recall@3: 0.845055 time: 443s
2021-05-21 15:26:06,321 DEBUG   Epoch 12 - Save Best Accuracy: 0.662363 Model
2021-05-21 15:26:06,370 DEBUG   Epoch 12 - Save Best Loss: 1.2852 Model
2021-05-21 15:33:29,922 DEBUG   Epoch 13 - avg_train_loss: 0.0445  avg_val_loss: 1.3091 F1: 0.543831  Accuracy: 0.667857 Recall@3: 0.851099 time: 444s
2021-05-21 15:33:29,923 DEBUG   Epoch 13 - Save Best Accuracy: 0.667857 Model
2021-05-21 15:40:53,725 DEBUG   Epoch 14 - avg_train_loss: 0.0420  avg_val_loss: 1.2832 F1: 0.558295  Accuracy: 0.675275 Recall@3: 0.857967 time: 444s
2021-05-21 15:40:53,726 DEBUG   Epoch 14 - Save Best Accuracy: 0.675275 Model
2021-05-21 15:40:53,777 DEBUG   Epoch 14 - Save Best Loss: 1.2832 Model
2021-05-21 15:48:17,843 DEBUG   Epoch 15 - avg_train_loss: 0.0382  avg_val_loss: 1.2944 F1: 0.552765  Accuracy: 0.678297 Recall@3: 0.857143 time: 444s
2021-05-21 15:48:17,844 DEBUG   Epoch 15 - Save Best Accuracy: 0.678297 Model
2021-05-21 15:55:42,170 DEBUG   Epoch 16 - avg_train_loss: 0.0363  avg_val_loss: 1.3528 F1: 0.544577  Accuracy: 0.670330 Recall@3: 0.844231 time: 444s
2021-05-21 16:03:05,950 DEBUG   Epoch 17 - avg_train_loss: 0.0311  avg_val_loss: 1.3173 F1: 0.567521  Accuracy: 0.679396 Recall@3: 0.855220 time: 444s
2021-05-21 16:03:05,951 DEBUG   Epoch 17 - Save Best Accuracy: 0.679396 Model
2021-05-21 16:10:30,123 DEBUG   Epoch 18 - avg_train_loss: 0.0300  avg_val_loss: 1.3576 F1: 0.552183  Accuracy: 0.676374 Recall@3: 0.851374 time: 444s
2021-05-21 16:17:54,358 DEBUG   Epoch 19 - avg_train_loss: 0.0259  avg_val_loss: 1.3460 F1: 0.569577  Accuracy: 0.677747 Recall@3: 0.853022 time: 444s
2021-05-21 16:25:06,743 DEBUG   Epoch 20 - avg_train_loss: 0.0237  avg_val_loss: 1.3809 F1: 0.570424  Accuracy: 0.683242 Recall@3: 0.852473 time: 432s
2021-05-21 16:25:06,747 DEBUG   Epoch 20 - Save Best Accuracy: 0.683242 Model
2021-05-21 16:32:31,018 DEBUG   Epoch 21 - avg_train_loss: 0.0220  avg_val_loss: 1.3861 F1: 0.566364  Accuracy: 0.681044 Recall@3: 0.855769 time: 444s
2021-05-21 16:39:55,522 DEBUG   Epoch 22 - avg_train_loss: 0.0197  avg_val_loss: 1.4176 F1: 0.570926  Accuracy: 0.683791 Recall@3: 0.854945 time: 445s
2021-05-21 16:39:55,523 DEBUG   Epoch 22 - Save Best Accuracy: 0.683791 Model
2021-05-21 16:47:19,195 DEBUG   Epoch 23 - avg_train_loss: 0.0182  avg_val_loss: 1.4006 F1: 0.578385  Accuracy: 0.695055 Recall@3: 0.856319 time: 444s
2021-05-21 16:47:19,196 DEBUG   Epoch 23 - Save Best Accuracy: 0.695055 Model
2021-05-21 16:54:43,117 DEBUG   Epoch 24 - avg_train_loss: 0.0172  avg_val_loss: 1.3933 F1: 0.564940  Accuracy: 0.684615 Recall@3: 0.856868 time: 444s
2021-05-21 17:02:06,807 DEBUG   Epoch 25 - avg_train_loss: 0.0159  avg_val_loss: 1.4664 F1: 0.574462  Accuracy: 0.685714 Recall@3: 0.856319 time: 444s
2021-05-21 17:09:30,912 DEBUG   Epoch 26 - avg_train_loss: 0.0152  avg_val_loss: 1.4351 F1: 0.574167  Accuracy: 0.688462 Recall@3: 0.858791 time: 444s
2021-05-21 17:16:54,595 DEBUG   Epoch 27 - avg_train_loss: 0.0138  avg_val_loss: 1.4666 F1: 0.563791  Accuracy: 0.685714 Recall@3: 0.854121 time: 444s
2021-05-21 17:24:18,159 DEBUG   Epoch 28 - avg_train_loss: 0.0129  avg_val_loss: 1.4496 F1: 0.578655  Accuracy: 0.693407 Recall@3: 0.859341 time: 444s
2021-05-21 17:31:42,166 DEBUG   Epoch 29 - avg_train_loss: 0.0120  avg_val_loss: 1.4447 F1: 0.584586  Accuracy: 0.699725 Recall@3: 0.854670 time: 444s
2021-05-21 17:31:42,168 DEBUG   Epoch 29 - Save Best Accuracy: 0.699725 Model
2021-05-21 17:39:06,298 DEBUG   Epoch 30 - avg_train_loss: 0.0115  avg_val_loss: 1.4810 F1: 0.584755  Accuracy: 0.694505 Recall@3: 0.855220 time: 444s
2021-05-21 17:46:23,621 DEBUG   Epoch 31 - avg_train_loss: 0.0099  avg_val_loss: 1.4571 F1: 0.585257  Accuracy: 0.696978 Recall@3: 0.858791 time: 437s
2021-05-21 17:53:47,777 DEBUG   Epoch 32 - avg_train_loss: 0.0098  avg_val_loss: 1.4803 F1: 0.584169  Accuracy: 0.696154 Recall@3: 0.859066 time: 444s
2021-05-21 18:01:11,333 DEBUG   Epoch 33 - avg_train_loss: 0.0094  avg_val_loss: 1.4654 F1: 0.583853  Accuracy: 0.694231 Recall@3: 0.858242 time: 444s
2021-05-21 18:08:35,332 DEBUG   Epoch 34 - avg_train_loss: 0.0093  avg_val_loss: 1.4535 F1: 0.580298  Accuracy: 0.696429 Recall@3: 0.858242 time: 444s
2021-05-21 18:15:59,415 DEBUG   Epoch 35 - avg_train_loss: 0.0085  avg_val_loss: 1.4858 F1: 0.582722  Accuracy: 0.697253 Recall@3: 0.856044 time: 444s
2021-05-21 18:23:23,335 DEBUG   Epoch 36 - avg_train_loss: 0.0081  avg_val_loss: 1.4994 F1: 0.577690  Accuracy: 0.697527 Recall@3: 0.858516 time: 444s
2021-05-21 18:30:47,268 DEBUG   Epoch 37 - avg_train_loss: 0.0084  avg_val_loss: 1.5059 F1: 0.581199  Accuracy: 0.696154 Recall@3: 0.857418 time: 444s
2021-05-21 18:38:11,972 DEBUG   Epoch 38 - avg_train_loss: 0.0079  avg_val_loss: 1.5211 F1: 0.586449  Accuracy: 0.692308 Recall@3: 0.858791 time: 445s
2021-05-21 18:45:35,922 DEBUG   Epoch 39 - avg_train_loss: 0.0071  avg_val_loss: 1.5213 F1: 0.586594  Accuracy: 0.697802 Recall@3: 0.856044 time: 444s
2021-05-21 18:52:59,568 DEBUG   Epoch 40 - avg_train_loss: 0.0075  avg_val_loss: 1.5293 F1: 0.581348  Accuracy: 0.695055 Recall@3: 0.854945 time: 444s
2021-05-21 19:00:11,554 DEBUG   Epoch 41 - avg_train_loss: 0.0072  avg_val_loss: 1.5538 F1: 0.586051  Accuracy: 0.695055 Recall@3: 0.855220 time: 432s
2021-05-21 19:07:35,117 DEBUG   Epoch 42 - avg_train_loss: 0.0073  avg_val_loss: 1.5407 F1: 0.576934  Accuracy: 0.696154 Recall@3: 0.857692 time: 444s
2021-05-21 19:14:59,151 DEBUG   Epoch 43 - avg_train_loss: 0.0066  avg_val_loss: 1.5349 F1: 0.582677  Accuracy: 0.696154 Recall@3: 0.859066 time: 444s
2021-05-21 19:22:22,719 DEBUG   Epoch 44 - avg_train_loss: 0.0066  avg_val_loss: 1.5514 F1: 0.574782  Accuracy: 0.690934 Recall@3: 0.855220 time: 444s
2021-05-21 19:29:47,634 DEBUG   Epoch 45 - avg_train_loss: 0.0062  avg_val_loss: 1.5424 F1: 0.584224  Accuracy: 0.698901 Recall@3: 0.860714 time: 445s
2021-05-21 19:37:15,707 DEBUG   Epoch 46 - avg_train_loss: 0.0063  avg_val_loss: 1.5463 F1: 0.578398  Accuracy: 0.695879 Recall@3: 0.855220 time: 448s
2021-05-21 19:44:39,514 DEBUG   Epoch 47 - avg_train_loss: 0.0061  avg_val_loss: 1.5455 F1: 0.582857  Accuracy: 0.696703 Recall@3: 0.857143 time: 444s
2021-05-21 19:52:03,444 DEBUG   Epoch 48 - avg_train_loss: 0.0058  avg_val_loss: 1.5581 F1: 0.578803  Accuracy: 0.694505 Recall@3: 0.857143 time: 444s
2021-05-21 19:59:27,627 DEBUG   Epoch 49 - avg_train_loss: 0.0058  avg_val_loss: 1.5543 F1: 0.579524  Accuracy: 0.695055 Recall@3: 0.855220 time: 444s
2021-05-21 20:06:51,744 DEBUG   Epoch 50 - avg_train_loss: 0.0060  avg_val_loss: 1.5534 F1: 0.582905  Accuracy: 0.695604 Recall@3: 0.859066 time: 444s
2021-05-21 20:14:11,957 DEBUG   Epoch 51 - avg_train_loss: 0.0060  avg_val_loss: 1.5541 F1: 0.580871  Accuracy: 0.696154 Recall@3: 0.857967 time: 440s
2021-05-21 20:21:31,544 DEBUG   Epoch 52 - avg_train_loss: 0.0056  avg_val_loss: 1.5649 F1: 0.580247  Accuracy: 0.692857 Recall@3: 0.856319 time: 440s
2021-05-21 20:28:56,009 DEBUG   Epoch 53 - avg_train_loss: 0.0057  avg_val_loss: 1.5523 F1: 0.577736  Accuracy: 0.694780 Recall@3: 0.860989 time: 444s
2021-05-21 20:36:21,325 DEBUG   Epoch 54 - avg_train_loss: 0.0056  avg_val_loss: 1.5633 F1: 0.575587  Accuracy: 0.693407 Recall@3: 0.859890 time: 445s
2021-05-21 20:43:46,084 DEBUG   Epoch 55 - avg_train_loss: 0.0050  avg_val_loss: 1.5640 F1: 0.576699  Accuracy: 0.695879 Recall@3: 0.860440 time: 445s
2021-05-21 20:51:09,912 DEBUG   Epoch 56 - avg_train_loss: 0.0051  avg_val_loss: 1.5568 F1: 0.583698  Accuracy: 0.696154 Recall@3: 0.858791 time: 444s
2021-05-21 20:58:33,352 DEBUG   Epoch 57 - avg_train_loss: 0.0056  avg_val_loss: 1.5556 F1: 0.583540  Accuracy: 0.698352 Recall@3: 0.861264 time: 443s
2021-05-21 21:05:57,086 DEBUG   Epoch 58 - avg_train_loss: 0.0054  avg_val_loss: 1.5573 F1: 0.584530  Accuracy: 0.697253 Recall@3: 0.859615 time: 444s
2021-05-21 21:13:21,622 DEBUG   Epoch 59 - avg_train_loss: 0.0053  avg_val_loss: 1.5653 F1: 0.583296  Accuracy: 0.698077 Recall@3: 0.859615 time: 445s
2021-05-21 21:20:45,016 DEBUG   Epoch 60 - avg_train_loss: 0.0054  avg_val_loss: 1.5550 F1: 0.580329  Accuracy: 0.697802 Recall@3: 0.860989 time: 443s
2021-05-21 21:28:09,527 DEBUG   Epoch 61 - avg_train_loss: 0.0050  avg_val_loss: 1.5637 F1: 0.575426  Accuracy: 0.692857 Recall@3: 0.857692 time: 445s
2021-05-21 21:35:23,504 DEBUG   Epoch 62 - avg_train_loss: 0.0053  avg_val_loss: 1.5755 F1: 0.581600  Accuracy: 0.697527 Recall@3: 0.858242 time: 434s
2021-05-21 21:42:47,639 DEBUG   Epoch 63 - avg_train_loss: 0.0049  avg_val_loss: 1.5717 F1: 0.577905  Accuracy: 0.694780 Recall@3: 0.859615 time: 444s
2021-05-21 21:50:11,877 DEBUG   Epoch 64 - avg_train_loss: 0.0048  avg_val_loss: 1.5724 F1: 0.580126  Accuracy: 0.696429 Recall@3: 0.859890 time: 444s
2021-05-21 21:57:35,208 DEBUG   Epoch 65 - avg_train_loss: 0.0046  avg_val_loss: 1.5770 F1: 0.579813  Accuracy: 0.695055 Recall@3: 0.860989 time: 443s
2021-05-21 22:04:59,011 DEBUG   Epoch 66 - avg_train_loss: 0.0050  avg_val_loss: 1.5746 F1: 0.587968  Accuracy: 0.698901 Recall@3: 0.859341 time: 444s
2021-05-21 22:12:23,652 DEBUG   Epoch 67 - avg_train_loss: 0.0051  avg_val_loss: 1.5801 F1: 0.586553  Accuracy: 0.698077 Recall@3: 0.859066 time: 445s
2021-05-21 22:19:47,570 DEBUG   Epoch 68 - avg_train_loss: 0.0046  avg_val_loss: 1.5708 F1: 0.584650  Accuracy: 0.696429 Recall@3: 0.858242 time: 444s
2021-05-21 22:27:11,339 DEBUG   Epoch 69 - avg_train_loss: 0.0047  avg_val_loss: 1.5701 F1: 0.584269  Accuracy: 0.698901 Recall@3: 0.857967 time: 444s
2021-05-21 22:34:35,057 DEBUG   Epoch 70 - avg_train_loss: 0.0046  avg_val_loss: 1.5759 F1: 0.582390  Accuracy: 0.695604 Recall@3: 0.858791 time: 444s
2021-05-21 22:41:59,138 DEBUG   Epoch 71 - avg_train_loss: 0.0043  avg_val_loss: 1.5663 F1: 0.583012  Accuracy: 0.695879 Recall@3: 0.860989 time: 444s
2021-05-21 22:49:13,116 DEBUG   Epoch 72 - avg_train_loss: 0.0050  avg_val_loss: 1.5753 F1: 0.586084  Accuracy: 0.699176 Recall@3: 0.859066 time: 434s
2021-05-21 22:56:36,866 DEBUG   Epoch 73 - avg_train_loss: 0.0046  avg_val_loss: 1.5734 F1: 0.581987  Accuracy: 0.696978 Recall@3: 0.861538 time: 444s
2021-05-21 23:04:01,512 DEBUG   Epoch 74 - avg_train_loss: 0.0047  avg_val_loss: 1.5712 F1: 0.584688  Accuracy: 0.698901 Recall@3: 0.860165 time: 445s
2021-05-21 23:11:25,339 DEBUG   Epoch 75 - avg_train_loss: 0.0048  avg_val_loss: 1.5739 F1: 0.581747  Accuracy: 0.698901 Recall@3: 0.860989 time: 444s
2021-05-21 23:18:49,101 DEBUG   Epoch 76 - avg_train_loss: 0.0042  avg_val_loss: 1.5692 F1: 0.583641  Accuracy: 0.698626 Recall@3: 0.860714 time: 444s
2021-05-21 23:26:12,847 DEBUG   Epoch 77 - avg_train_loss: 0.0045  avg_val_loss: 1.5728 F1: 0.583546  Accuracy: 0.697253 Recall@3: 0.861538 time: 444s
2021-05-21 23:33:36,301 DEBUG   Epoch 78 - avg_train_loss: 0.0047  avg_val_loss: 1.5727 F1: 0.584402  Accuracy: 0.696978 Recall@3: 0.862088 time: 443s
2021-05-21 23:41:00,363 DEBUG   Epoch 79 - avg_train_loss: 0.0046  avg_val_loss: 1.5706 F1: 0.585147  Accuracy: 0.699176 Recall@3: 0.860440 time: 444s
2021-05-21 23:48:24,306 DEBUG   Epoch 80 - avg_train_loss: 0.0045  avg_val_loss: 1.5736 F1: 0.583203  Accuracy: 0.698901 Recall@3: 0.859066 time: 444s
2021-05-21 23:55:47,970 DEBUG   Epoch 81 - avg_train_loss: 0.0046  avg_val_loss: 1.5718 F1: 0.584454  Accuracy: 0.699725 Recall@3: 0.858791 time: 444s
2021-05-22 00:03:12,013 DEBUG   Epoch 82 - avg_train_loss: 0.0042  avg_val_loss: 1.5793 F1: 0.582531  Accuracy: 0.698077 Recall@3: 0.859890 time: 444s
2021-05-22 00:10:29,371 DEBUG   Epoch 83 - avg_train_loss: 0.0044  avg_val_loss: 1.5700 F1: 0.581465  Accuracy: 0.698626 Recall@3: 0.860989 time: 437s
2021-05-22 00:17:53,101 DEBUG   Epoch 84 - avg_train_loss: 0.0044  avg_val_loss: 1.5745 F1: 0.581945  Accuracy: 0.698626 Recall@3: 0.861264 time: 444s
2021-05-22 00:25:17,076 DEBUG   Epoch 85 - avg_train_loss: 0.0047  avg_val_loss: 1.5769 F1: 0.584273  Accuracy: 0.698901 Recall@3: 0.862088 time: 444s
2021-05-22 00:32:40,372 DEBUG   Epoch 86 - avg_train_loss: 0.0044  avg_val_loss: 1.5732 F1: 0.583561  Accuracy: 0.696978 Recall@3: 0.860165 time: 443s
2021-05-22 00:40:04,274 DEBUG   Epoch 87 - avg_train_loss: 0.0042  avg_val_loss: 1.5764 F1: 0.587187  Accuracy: 0.698901 Recall@3: 0.861813 time: 444s
2021-05-22 00:47:27,942 DEBUG   Epoch 88 - avg_train_loss: 0.0040  avg_val_loss: 1.5788 F1: 0.582290  Accuracy: 0.696978 Recall@3: 0.858791 time: 444s
2021-05-22 00:54:51,374 DEBUG   Epoch 89 - avg_train_loss: 0.0043  avg_val_loss: 1.5782 F1: 0.578075  Accuracy: 0.695879 Recall@3: 0.861264 time: 443s
2021-05-22 01:02:15,136 DEBUG   Epoch 90 - avg_train_loss: 0.0041  avg_val_loss: 1.5755 F1: 0.585136  Accuracy: 0.697527 Recall@3: 0.860989 time: 444s
2021-05-22 01:09:42,713 DEBUG   Epoch 91 - avg_train_loss: 0.0044  avg_val_loss: 1.5817 F1: 0.585162  Accuracy: 0.697253 Recall@3: 0.861264 time: 448s
2021-05-22 01:17:06,014 DEBUG   Epoch 92 - avg_train_loss: 0.0044  avg_val_loss: 1.5803 F1: 0.584139  Accuracy: 0.697802 Recall@3: 0.862912 time: 443s
2021-05-22 01:24:22,102 DEBUG   Epoch 93 - avg_train_loss: 0.0046  avg_val_loss: 1.5711 F1: 0.583777  Accuracy: 0.698626 Recall@3: 0.861813 time: 436s
2021-05-22 01:31:45,594 DEBUG   Epoch 94 - avg_train_loss: 0.0046  avg_val_loss: 1.5741 F1: 0.579581  Accuracy: 0.696703 Recall@3: 0.861538 time: 443s
2021-05-22 01:39:09,810 DEBUG   Epoch 95 - avg_train_loss: 0.0043  avg_val_loss: 1.5807 F1: 0.583440  Accuracy: 0.695879 Recall@3: 0.861538 time: 444s
2021-05-22 01:46:33,583 DEBUG   Epoch 96 - avg_train_loss: 0.0044  avg_val_loss: 1.5744 F1: 0.585897  Accuracy: 0.697527 Recall@3: 0.861813 time: 444s
2021-05-22 01:53:56,957 DEBUG   Epoch 97 - avg_train_loss: 0.0045  avg_val_loss: 1.5858 F1: 0.584185  Accuracy: 0.697527 Recall@3: 0.862637 time: 443s
2021-05-22 02:01:20,474 DEBUG   Epoch 98 - avg_train_loss: 0.0044  avg_val_loss: 1.5769 F1: 0.579397  Accuracy: 0.695330 Recall@3: 0.860989 time: 444s
2021-05-22 02:08:45,815 DEBUG   Epoch 99 - avg_train_loss: 0.0043  avg_val_loss: 1.5829 F1: 0.578950  Accuracy: 0.695879 Recall@3: 0.861538 time: 445s
2021-05-22 02:16:09,999 DEBUG   Epoch 100 - avg_train_loss: 0.0044  avg_val_loss: 1.5868 F1: 0.581996  Accuracy: 0.696154 Recall@3: 0.859615 time: 444s
2021-05-22 02:16:10,000 INFO [Train model] done in 44328 s.
