2021-05-24 14:44:21,336 INFO [Train model] start
2021-05-24 14:49:50,925 DEBUG   Epoch 1 - avg_train_loss: 3.4397  avg_val_loss: 2.3568 F1: 0.195539  Accuracy: 0.414835 Recall@3: 0.623352 time: 328s
2021-05-24 14:49:50,927 DEBUG   Epoch 1 - Save Best Accuracy: 0.414835 Model
2021-05-24 14:49:51,003 DEBUG   Epoch 1 - Save Best Loss: 2.3568 Model
2021-05-24 14:55:09,185 DEBUG   Epoch 2 - avg_train_loss: 2.0550  avg_val_loss: 1.8638 F1: 0.309438  Accuracy: 0.509341 Recall@3: 0.728297 time: 318s
2021-05-24 14:55:09,197 DEBUG   Epoch 2 - Save Best Accuracy: 0.509341 Model
2021-05-24 14:55:09,288 DEBUG   Epoch 2 - Save Best Loss: 1.8638 Model
2021-05-24 15:00:24,583 DEBUG   Epoch 3 - avg_train_loss: 1.6426  avg_val_loss: 1.7326 F1: 0.367110  Accuracy: 0.537912 Recall@3: 0.745879 time: 315s
2021-05-24 15:00:24,584 DEBUG   Epoch 3 - Save Best Accuracy: 0.537912 Model
2021-05-24 15:00:24,682 DEBUG   Epoch 3 - Save Best Loss: 1.7326 Model
2021-05-24 15:05:42,974 DEBUG   Epoch 4 - avg_train_loss: 1.4062  avg_val_loss: 1.5738 F1: 0.411684  Accuracy: 0.569231 Recall@3: 0.780769 time: 318s
2021-05-24 15:05:42,976 DEBUG   Epoch 4 - Save Best Accuracy: 0.569231 Model
2021-05-24 15:05:43,054 DEBUG   Epoch 4 - Save Best Loss: 1.5738 Model
2021-05-24 15:10:59,071 DEBUG   Epoch 5 - avg_train_loss: 1.2285  avg_val_loss: 1.5831 F1: 0.401403  Accuracy: 0.562912 Recall@3: 0.774176 time: 316s
2021-05-24 15:16:09,182 DEBUG   Epoch 6 - avg_train_loss: 1.0875  avg_val_loss: 1.6514 F1: 0.409439  Accuracy: 0.556593 Recall@3: 0.773077 time: 310s
2021-05-24 15:21:17,368 DEBUG   Epoch 7 - avg_train_loss: 0.9457  avg_val_loss: 1.5634 F1: 0.433692  Accuracy: 0.579396 Recall@3: 0.785440 time: 308s
2021-05-24 15:21:17,369 DEBUG   Epoch 7 - Save Best Accuracy: 0.579396 Model
2021-05-24 15:21:17,454 DEBUG   Epoch 7 - Save Best Loss: 1.5634 Model
2021-05-24 15:27:15,853 DEBUG   Epoch 8 - avg_train_loss: 0.8521  avg_val_loss: 1.5171 F1: 0.455293  Accuracy: 0.600549 Recall@3: 0.795604 time: 358s
2021-05-24 15:27:15,863 DEBUG   Epoch 8 - Save Best Accuracy: 0.600549 Model
2021-05-24 15:27:15,932 DEBUG   Epoch 8 - Save Best Loss: 1.5171 Model
2021-05-24 15:32:29,341 DEBUG   Epoch 9 - avg_train_loss: 0.7598  avg_val_loss: 1.5086 F1: 0.474794  Accuracy: 0.610440 Recall@3: 0.804121 time: 313s
2021-05-24 15:32:29,344 DEBUG   Epoch 9 - Save Best Accuracy: 0.610440 Model
2021-05-24 15:32:29,426 DEBUG   Epoch 9 - Save Best Loss: 1.5086 Model
2021-05-24 15:37:54,312 DEBUG   Epoch 10 - avg_train_loss: 0.6794  avg_val_loss: 1.5652 F1: 0.474317  Accuracy: 0.607418 Recall@3: 0.798077 time: 325s
2021-05-24 15:43:10,998 DEBUG   Epoch 11 - avg_train_loss: 0.6193  avg_val_loss: 1.5668 F1: 0.467147  Accuracy: 0.609890 Recall@3: 0.802747 time: 317s
2021-05-24 15:48:24,257 DEBUG   Epoch 12 - avg_train_loss: 0.5300  avg_val_loss: 1.5383 F1: 0.473666  Accuracy: 0.603571 Recall@3: 0.804945 time: 313s
2021-05-24 15:53:37,733 DEBUG   Epoch 13 - avg_train_loss: 0.4813  avg_val_loss: 1.5948 F1: 0.476749  Accuracy: 0.604396 Recall@3: 0.800000 time: 313s
2021-05-24 15:58:51,369 DEBUG   Epoch 14 - avg_train_loss: 0.4111  avg_val_loss: 1.5841 F1: 0.474864  Accuracy: 0.612912 Recall@3: 0.810989 time: 314s
2021-05-24 15:58:51,370 DEBUG   Epoch 14 - Save Best Accuracy: 0.612912 Model
2021-05-24 16:04:03,581 DEBUG   Epoch 15 - avg_train_loss: 0.3692  avg_val_loss: 1.6349 F1: 0.482550  Accuracy: 0.610440 Recall@3: 0.801374 time: 312s
2021-05-24 16:09:20,478 DEBUG   Epoch 16 - avg_train_loss: 0.3215  avg_val_loss: 1.5967 F1: 0.480777  Accuracy: 0.616209 Recall@3: 0.811538 time: 317s
2021-05-24 16:09:20,479 DEBUG   Epoch 16 - Save Best Accuracy: 0.616209 Model
2021-05-24 16:14:33,133 DEBUG   Epoch 17 - avg_train_loss: 0.2969  avg_val_loss: 1.6010 F1: 0.486308  Accuracy: 0.621154 Recall@3: 0.816209 time: 313s
2021-05-24 16:14:33,134 DEBUG   Epoch 17 - Save Best Accuracy: 0.621154 Model
2021-05-24 16:19:48,587 DEBUG   Epoch 18 - avg_train_loss: 0.2591  avg_val_loss: 1.6092 F1: 0.502032  Accuracy: 0.626099 Recall@3: 0.818956 time: 315s
2021-05-24 16:19:48,590 DEBUG   Epoch 18 - Save Best Accuracy: 0.626099 Model
2021-05-24 16:25:48,250 DEBUG   Epoch 19 - avg_train_loss: 0.2369  avg_val_loss: 1.6188 F1: 0.511416  Accuracy: 0.630495 Recall@3: 0.822802 time: 360s
2021-05-24 16:25:48,251 DEBUG   Epoch 19 - Save Best Accuracy: 0.630495 Model
2021-05-24 16:31:04,620 DEBUG   Epoch 20 - avg_train_loss: 0.2117  avg_val_loss: 1.6298 F1: 0.504885  Accuracy: 0.633242 Recall@3: 0.824451 time: 316s
2021-05-24 16:31:04,621 DEBUG   Epoch 20 - Save Best Accuracy: 0.633242 Model
2021-05-24 16:36:30,290 DEBUG   Epoch 21 - avg_train_loss: 0.1923  avg_val_loss: 1.6491 F1: 0.507833  Accuracy: 0.630495 Recall@3: 0.815659 time: 326s
2021-05-24 16:41:49,695 DEBUG   Epoch 22 - avg_train_loss: 0.1767  avg_val_loss: 1.6305 F1: 0.524343  Accuracy: 0.643956 Recall@3: 0.828571 time: 319s
2021-05-24 16:41:49,698 DEBUG   Epoch 22 - Save Best Accuracy: 0.643956 Model
2021-05-24 16:47:06,944 DEBUG   Epoch 23 - avg_train_loss: 0.1662  avg_val_loss: 1.6136 F1: 0.527331  Accuracy: 0.645055 Recall@3: 0.829670 time: 317s
2021-05-24 16:47:06,945 DEBUG   Epoch 23 - Save Best Accuracy: 0.645055 Model
2021-05-24 16:52:21,005 DEBUG   Epoch 24 - avg_train_loss: 0.1531  avg_val_loss: 1.6301 F1: 0.516202  Accuracy: 0.642308 Recall@3: 0.828297 time: 314s
2021-05-24 16:57:37,695 DEBUG   Epoch 25 - avg_train_loss: 0.1440  avg_val_loss: 1.6474 F1: 0.507972  Accuracy: 0.638462 Recall@3: 0.828846 time: 317s
2021-05-24 17:02:54,737 DEBUG   Epoch 26 - avg_train_loss: 0.1291  avg_val_loss: 1.6388 F1: 0.514244  Accuracy: 0.640934 Recall@3: 0.830769 time: 317s
2021-05-24 17:08:12,012 DEBUG   Epoch 27 - avg_train_loss: 0.1227  avg_val_loss: 1.6592 F1: 0.515643  Accuracy: 0.642033 Recall@3: 0.824725 time: 317s
2021-05-24 17:13:27,399 DEBUG   Epoch 28 - avg_train_loss: 0.1148  avg_val_loss: 1.6623 F1: 0.513550  Accuracy: 0.645055 Recall@3: 0.829945 time: 315s
2021-05-24 17:18:40,394 DEBUG   Epoch 29 - avg_train_loss: 0.1140  avg_val_loss: 1.6676 F1: 0.519939  Accuracy: 0.643407 Recall@3: 0.826374 time: 313s
2021-05-24 17:24:46,852 DEBUG   Epoch 30 - avg_train_loss: 0.1065  avg_val_loss: 1.6807 F1: 0.515020  Accuracy: 0.639835 Recall@3: 0.823626 time: 366s
2021-05-24 17:30:02,792 DEBUG   Epoch 31 - avg_train_loss: 0.1018  avg_val_loss: 1.6775 F1: 0.515135  Accuracy: 0.644505 Recall@3: 0.828297 time: 316s
2021-05-24 17:35:27,781 DEBUG   Epoch 32 - avg_train_loss: 0.0992  avg_val_loss: 1.6982 F1: 0.508305  Accuracy: 0.639560 Recall@3: 0.825549 time: 325s
2021-05-24 17:40:43,824 DEBUG   Epoch 33 - avg_train_loss: 0.0953  avg_val_loss: 1.6954 F1: 0.518708  Accuracy: 0.642857 Recall@3: 0.829670 time: 316s
2021-05-24 17:46:00,505 DEBUG   Epoch 34 - avg_train_loss: 0.0897  avg_val_loss: 1.6790 F1: 0.525268  Accuracy: 0.649176 Recall@3: 0.833516 time: 317s
2021-05-24 17:46:00,506 DEBUG   Epoch 34 - Save Best Accuracy: 0.649176 Model
2021-05-24 17:51:13,838 DEBUG   Epoch 35 - avg_train_loss: 0.0858  avg_val_loss: 1.6827 F1: 0.518709  Accuracy: 0.647527 Recall@3: 0.829670 time: 313s
2021-05-24 17:56:28,662 DEBUG   Epoch 36 - avg_train_loss: 0.0854  avg_val_loss: 1.6910 F1: 0.523275  Accuracy: 0.648626 Recall@3: 0.830769 time: 315s
2021-05-24 18:01:49,202 DEBUG   Epoch 37 - avg_train_loss: 0.0835  avg_val_loss: 1.7050 F1: 0.516984  Accuracy: 0.641484 Recall@3: 0.834066 time: 321s
2021-05-24 18:07:02,945 DEBUG   Epoch 38 - avg_train_loss: 0.0800  avg_val_loss: 1.7007 F1: 0.526880  Accuracy: 0.650000 Recall@3: 0.833516 time: 314s
2021-05-24 18:07:02,950 DEBUG   Epoch 38 - Save Best Accuracy: 0.650000 Model
2021-05-24 18:12:17,602 DEBUG   Epoch 39 - avg_train_loss: 0.0787  avg_val_loss: 1.7083 F1: 0.530446  Accuracy: 0.653022 Recall@3: 0.829945 time: 315s
2021-05-24 18:12:17,603 DEBUG   Epoch 39 - Save Best Accuracy: 0.653022 Model
2021-05-24 18:17:36,167 DEBUG   Epoch 40 - avg_train_loss: 0.0774  avg_val_loss: 1.7110 F1: 0.528527  Accuracy: 0.650275 Recall@3: 0.833791 time: 318s
2021-05-24 18:23:38,035 DEBUG   Epoch 41 - avg_train_loss: 0.0745  avg_val_loss: 1.7173 F1: 0.517309  Accuracy: 0.645055 Recall@3: 0.832967 time: 362s
2021-05-24 18:28:50,744 DEBUG   Epoch 42 - avg_train_loss: 0.0707  avg_val_loss: 1.7144 F1: 0.533699  Accuracy: 0.653846 Recall@3: 0.833791 time: 313s
2021-05-24 18:28:50,745 DEBUG   Epoch 42 - Save Best Accuracy: 0.653846 Model
2021-05-24 18:34:19,476 DEBUG   Epoch 43 - avg_train_loss: 0.0686  avg_val_loss: 1.7148 F1: 0.527570  Accuracy: 0.651374 Recall@3: 0.833791 time: 329s
2021-05-24 18:39:36,896 DEBUG   Epoch 44 - avg_train_loss: 0.0695  avg_val_loss: 1.7160 F1: 0.527175  Accuracy: 0.649725 Recall@3: 0.836538 time: 317s
2021-05-24 18:44:51,587 DEBUG   Epoch 45 - avg_train_loss: 0.0676  avg_val_loss: 1.7129 F1: 0.523791  Accuracy: 0.652198 Recall@3: 0.835714 time: 315s
2021-05-24 18:50:04,208 DEBUG   Epoch 46 - avg_train_loss: 0.0657  avg_val_loss: 1.7198 F1: 0.520857  Accuracy: 0.647253 Recall@3: 0.834066 time: 313s
2021-05-24 18:55:14,913 DEBUG   Epoch 47 - avg_train_loss: 0.0642  avg_val_loss: 1.7268 F1: 0.522590  Accuracy: 0.650275 Recall@3: 0.834066 time: 311s
2021-05-24 19:00:28,879 DEBUG   Epoch 48 - avg_train_loss: 0.0649  avg_val_loss: 1.7118 F1: 0.525709  Accuracy: 0.650824 Recall@3: 0.836264 time: 314s
2021-05-24 19:05:50,249 DEBUG   Epoch 49 - avg_train_loss: 0.0650  avg_val_loss: 1.7184 F1: 0.525712  Accuracy: 0.651374 Recall@3: 0.834890 time: 321s
2021-05-24 19:11:07,634 DEBUG   Epoch 50 - avg_train_loss: 0.0608  avg_val_loss: 1.7193 F1: 0.529999  Accuracy: 0.654670 Recall@3: 0.833516 time: 317s
2021-05-24 19:11:07,636 DEBUG   Epoch 50 - Save Best Accuracy: 0.654670 Model
2021-05-24 19:16:26,059 DEBUG   Epoch 51 - avg_train_loss: 0.0618  avg_val_loss: 1.7202 F1: 0.532723  Accuracy: 0.656319 Recall@3: 0.832418 time: 318s
2021-05-24 19:16:26,060 DEBUG   Epoch 51 - Save Best Accuracy: 0.656319 Model
2021-05-24 19:22:29,414 DEBUG   Epoch 52 - avg_train_loss: 0.0603  avg_val_loss: 1.7171 F1: 0.531526  Accuracy: 0.655769 Recall@3: 0.833791 time: 363s
2021-05-24 19:27:46,450 DEBUG   Epoch 53 - avg_train_loss: 0.0593  avg_val_loss: 1.7222 F1: 0.529539  Accuracy: 0.654670 Recall@3: 0.836264 time: 317s
2021-05-24 19:33:06,566 DEBUG   Epoch 54 - avg_train_loss: 0.0612  avg_val_loss: 1.7190 F1: 0.529991  Accuracy: 0.654396 Recall@3: 0.835165 time: 320s
2021-05-24 19:38:20,979 DEBUG   Epoch 55 - avg_train_loss: 0.0576  avg_val_loss: 1.7214 F1: 0.533070  Accuracy: 0.656868 Recall@3: 0.834066 time: 314s
2021-05-24 19:38:20,979 DEBUG   Epoch 55 - Save Best Accuracy: 0.656868 Model
2021-05-24 19:43:36,356 DEBUG   Epoch 56 - avg_train_loss: 0.0606  avg_val_loss: 1.7208 F1: 0.530721  Accuracy: 0.655495 Recall@3: 0.833791 time: 315s
2021-05-24 19:48:53,021 DEBUG   Epoch 57 - avg_train_loss: 0.0582  avg_val_loss: 1.7208 F1: 0.527722  Accuracy: 0.655220 Recall@3: 0.835165 time: 317s
2021-05-24 19:54:07,004 DEBUG   Epoch 58 - avg_train_loss: 0.0558  avg_val_loss: 1.7257 F1: 0.536650  Accuracy: 0.656593 Recall@3: 0.835440 time: 314s
2021-05-24 19:59:24,575 DEBUG   Epoch 59 - avg_train_loss: 0.0559  avg_val_loss: 1.7215 F1: 0.526043  Accuracy: 0.653297 Recall@3: 0.836813 time: 318s
2021-05-24 20:04:42,495 DEBUG   Epoch 60 - avg_train_loss: 0.0584  avg_val_loss: 1.7351 F1: 0.532248  Accuracy: 0.656044 Recall@3: 0.834615 time: 318s
2021-05-24 20:10:00,475 DEBUG   Epoch 61 - avg_train_loss: 0.0555  avg_val_loss: 1.7337 F1: 0.527745  Accuracy: 0.653022 Recall@3: 0.835989 time: 318s
2021-05-24 20:15:15,437 DEBUG   Epoch 62 - avg_train_loss: 0.0544  avg_val_loss: 1.7336 F1: 0.531059  Accuracy: 0.655769 Recall@3: 0.835989 time: 315s
2021-05-24 20:21:06,672 DEBUG   Epoch 63 - avg_train_loss: 0.0580  avg_val_loss: 1.7293 F1: 0.534034  Accuracy: 0.658516 Recall@3: 0.836538 time: 351s
2021-05-24 20:21:06,674 DEBUG   Epoch 63 - Save Best Accuracy: 0.658516 Model
2021-05-24 20:26:27,535 DEBUG   Epoch 64 - avg_train_loss: 0.0549  avg_val_loss: 1.7319 F1: 0.528476  Accuracy: 0.654670 Recall@3: 0.837912 time: 321s
2021-05-24 20:31:48,091 DEBUG   Epoch 65 - avg_train_loss: 0.0540  avg_val_loss: 1.7327 F1: 0.531624  Accuracy: 0.655220 Recall@3: 0.836538 time: 321s
2021-05-24 20:37:04,584 DEBUG   Epoch 66 - avg_train_loss: 0.0547  avg_val_loss: 1.7354 F1: 0.531407  Accuracy: 0.656319 Recall@3: 0.834066 time: 316s
2021-05-24 20:42:24,044 DEBUG   Epoch 67 - avg_train_loss: 0.0542  avg_val_loss: 1.7382 F1: 0.528671  Accuracy: 0.656319 Recall@3: 0.835440 time: 319s
2021-05-24 20:47:37,193 DEBUG   Epoch 68 - avg_train_loss: 0.0525  avg_val_loss: 1.7406 F1: 0.530637  Accuracy: 0.655769 Recall@3: 0.834890 time: 313s
2021-05-24 20:52:54,086 DEBUG   Epoch 69 - avg_train_loss: 0.0525  avg_val_loss: 1.7385 F1: 0.525466  Accuracy: 0.654396 Recall@3: 0.837637 time: 317s
2021-05-24 20:58:12,347 DEBUG   Epoch 70 - avg_train_loss: 0.0530  avg_val_loss: 1.7408 F1: 0.530784  Accuracy: 0.656593 Recall@3: 0.835989 time: 318s
2021-05-24 21:03:25,970 DEBUG   Epoch 71 - avg_train_loss: 0.0524  avg_val_loss: 1.7392 F1: 0.531463  Accuracy: 0.657967 Recall@3: 0.837363 time: 314s
2021-05-24 21:08:42,861 DEBUG   Epoch 72 - avg_train_loss: 0.0517  avg_val_loss: 1.7364 F1: 0.530564  Accuracy: 0.655495 Recall@3: 0.836813 time: 317s
2021-05-24 21:14:02,759 DEBUG   Epoch 73 - avg_train_loss: 0.0536  avg_val_loss: 1.7358 F1: 0.531273  Accuracy: 0.656593 Recall@3: 0.836813 time: 320s
2021-05-24 21:19:47,706 DEBUG   Epoch 74 - avg_train_loss: 0.0527  avg_val_loss: 1.7389 F1: 0.532151  Accuracy: 0.657692 Recall@3: 0.837637 time: 345s
2021-05-24 21:25:20,094 DEBUG   Epoch 75 - avg_train_loss: 0.0511  avg_val_loss: 1.7398 F1: 0.532365  Accuracy: 0.658791 Recall@3: 0.836813 time: 332s
2021-05-24 21:25:20,095 DEBUG   Epoch 75 - Save Best Accuracy: 0.658791 Model
2021-05-24 21:30:41,593 DEBUG   Epoch 76 - avg_train_loss: 0.0523  avg_val_loss: 1.7397 F1: 0.532271  Accuracy: 0.658516 Recall@3: 0.838462 time: 321s
2021-05-24 21:36:01,847 DEBUG   Epoch 77 - avg_train_loss: 0.0519  avg_val_loss: 1.7388 F1: 0.532346  Accuracy: 0.657692 Recall@3: 0.836813 time: 320s
2021-05-24 21:41:24,787 DEBUG   Epoch 78 - avg_train_loss: 0.0518  avg_val_loss: 1.7443 F1: 0.532895  Accuracy: 0.657143 Recall@3: 0.835989 time: 323s
2021-05-24 21:46:43,311 DEBUG   Epoch 79 - avg_train_loss: 0.0497  avg_val_loss: 1.7379 F1: 0.531482  Accuracy: 0.657143 Recall@3: 0.838462 time: 319s
2021-05-24 21:51:59,391 DEBUG   Epoch 80 - avg_train_loss: 0.0526  avg_val_loss: 1.7380 F1: 0.533509  Accuracy: 0.659066 Recall@3: 0.837912 time: 316s
2021-05-24 21:51:59,393 DEBUG   Epoch 80 - Save Best Accuracy: 0.659066 Model
2021-05-24 21:57:10,481 DEBUG   Epoch 81 - avg_train_loss: 0.0527  avg_val_loss: 1.7389 F1: 0.532590  Accuracy: 0.657967 Recall@3: 0.839011 time: 311s
2021-05-24 22:02:26,625 DEBUG   Epoch 82 - avg_train_loss: 0.0502  avg_val_loss: 1.7456 F1: 0.531960  Accuracy: 0.656044 Recall@3: 0.838736 time: 316s
2021-05-24 22:07:43,021 DEBUG   Epoch 83 - avg_train_loss: 0.0518  avg_val_loss: 1.7418 F1: 0.531429  Accuracy: 0.656593 Recall@3: 0.835714 time: 316s
2021-05-24 22:12:58,073 DEBUG   Epoch 84 - avg_train_loss: 0.0505  avg_val_loss: 1.7414 F1: 0.527627  Accuracy: 0.654121 Recall@3: 0.836813 time: 315s
2021-05-24 22:18:40,164 DEBUG   Epoch 85 - avg_train_loss: 0.0484  avg_val_loss: 1.7426 F1: 0.531189  Accuracy: 0.656593 Recall@3: 0.837363 time: 342s
2021-05-24 22:24:16,458 DEBUG   Epoch 86 - avg_train_loss: 0.0513  avg_val_loss: 1.7451 F1: 0.529186  Accuracy: 0.655220 Recall@3: 0.837088 time: 336s
2021-05-24 22:29:36,905 DEBUG   Epoch 87 - avg_train_loss: 0.0515  avg_val_loss: 1.7481 F1: 0.528674  Accuracy: 0.655495 Recall@3: 0.836538 time: 320s
2021-05-24 22:35:00,206 DEBUG   Epoch 88 - avg_train_loss: 0.0505  avg_val_loss: 1.7454 F1: 0.528095  Accuracy: 0.655495 Recall@3: 0.837363 time: 323s
2021-05-24 22:40:12,274 DEBUG   Epoch 89 - avg_train_loss: 0.0504  avg_val_loss: 1.7425 F1: 0.527167  Accuracy: 0.654396 Recall@3: 0.837363 time: 312s
2021-05-24 22:45:28,302 DEBUG   Epoch 90 - avg_train_loss: 0.0489  avg_val_loss: 1.7469 F1: 0.533002  Accuracy: 0.656593 Recall@3: 0.836538 time: 316s
2021-05-24 22:50:40,642 DEBUG   Epoch 91 - avg_train_loss: 0.0481  avg_val_loss: 1.7479 F1: 0.530244  Accuracy: 0.654945 Recall@3: 0.836813 time: 312s
2021-05-24 22:55:59,150 DEBUG   Epoch 92 - avg_train_loss: 0.0490  avg_val_loss: 1.7473 F1: 0.533340  Accuracy: 0.656593 Recall@3: 0.837363 time: 319s
2021-05-24 23:01:14,748 DEBUG   Epoch 93 - avg_train_loss: 0.0507  avg_val_loss: 1.7459 F1: 0.531326  Accuracy: 0.654945 Recall@3: 0.835989 time: 316s
2021-05-24 23:06:31,103 DEBUG   Epoch 94 - avg_train_loss: 0.0490  avg_val_loss: 1.7430 F1: 0.529623  Accuracy: 0.655220 Recall@3: 0.836264 time: 316s
2021-05-24 23:11:44,247 DEBUG   Epoch 95 - avg_train_loss: 0.0494  avg_val_loss: 1.7458 F1: 0.530867  Accuracy: 0.656044 Recall@3: 0.837637 time: 313s
2021-05-24 23:17:13,316 DEBUG   Epoch 96 - avg_train_loss: 0.0510  avg_val_loss: 1.7455 F1: 0.526968  Accuracy: 0.653846 Recall@3: 0.837637 time: 329s
2021-05-24 23:22:58,022 DEBUG   Epoch 97 - avg_train_loss: 0.0483  avg_val_loss: 1.7494 F1: 0.531341  Accuracy: 0.656319 Recall@3: 0.837088 time: 345s
2021-05-24 23:28:12,857 DEBUG   Epoch 98 - avg_train_loss: 0.0487  avg_val_loss: 1.7489 F1: 0.528435  Accuracy: 0.655220 Recall@3: 0.838462 time: 315s
2021-05-24 23:33:37,245 DEBUG   Epoch 99 - avg_train_loss: 0.0478  avg_val_loss: 1.7431 F1: 0.531305  Accuracy: 0.655495 Recall@3: 0.836813 time: 324s
2021-05-24 23:38:52,273 DEBUG   Epoch 100 - avg_train_loss: 0.0501  avg_val_loss: 1.7443 F1: 0.530826  Accuracy: 0.656593 Recall@3: 0.836538 time: 315s
2021-05-24 23:38:52,275 INFO [Train model] done in 32071 s.
