2021-05-23 20:03:50,145 INFO [Train model] start
2021-05-23 20:13:33,858 DEBUG   Epoch 1 - avg_train_loss: 0.6275  avg_val_loss: 1.6317 F1: 0.366722  Accuracy: 0.546978 Recall@3: 0.777473 time: 583s
2021-05-23 20:13:33,859 DEBUG   Epoch 1 - Save Best Accuracy: 0.546978 Model
2021-05-23 20:13:34,098 DEBUG   Epoch 1 - Save Best Loss: 1.6317 Model
2021-05-23 20:23:16,822 DEBUG   Epoch 2 - avg_train_loss: 0.3436  avg_val_loss: 1.3765 F1: 0.481684  Accuracy: 0.626648 Recall@3: 0.815110 time: 582s
2021-05-23 20:23:16,823 DEBUG   Epoch 2 - Save Best Accuracy: 0.626648 Model
2021-05-23 20:23:17,196 DEBUG   Epoch 2 - Save Best Loss: 1.3765 Model
2021-05-23 20:32:59,664 DEBUG   Epoch 3 - avg_train_loss: 0.2679  avg_val_loss: 1.3144 F1: 0.504422  Accuracy: 0.640934 Recall@3: 0.826923 time: 582s
2021-05-23 20:32:59,665 DEBUG   Epoch 3 - Save Best Accuracy: 0.640934 Model
2021-05-23 20:33:00,134 DEBUG   Epoch 3 - Save Best Loss: 1.3144 Model
2021-05-23 20:42:42,829 DEBUG   Epoch 4 - avg_train_loss: 0.2105  avg_val_loss: 1.2635 F1: 0.536164  Accuracy: 0.659066 Recall@3: 0.839011 time: 582s
2021-05-23 20:42:42,831 DEBUG   Epoch 4 - Save Best Accuracy: 0.659066 Model
2021-05-23 20:42:43,207 DEBUG   Epoch 4 - Save Best Loss: 1.2635 Model
2021-05-23 20:52:25,960 DEBUG   Epoch 5 - avg_train_loss: 0.1667  avg_val_loss: 1.2281 F1: 0.538472  Accuracy: 0.670330 Recall@3: 0.859066 time: 582s
2021-05-23 20:52:25,961 DEBUG   Epoch 5 - Save Best Accuracy: 0.670330 Model
2021-05-23 20:52:26,343 DEBUG   Epoch 5 - Save Best Loss: 1.2281 Model
2021-05-23 21:02:08,745 DEBUG   Epoch 6 - avg_train_loss: 0.1302  avg_val_loss: 1.2872 F1: 0.560355  Accuracy: 0.678022 Recall@3: 0.853846 time: 582s
2021-05-23 21:02:08,746 DEBUG   Epoch 6 - Save Best Accuracy: 0.678022 Model
2021-05-23 21:11:51,227 DEBUG   Epoch 7 - avg_train_loss: 0.1045  avg_val_loss: 1.3839 F1: 0.553744  Accuracy: 0.667857 Recall@3: 0.847802 time: 582s
2021-05-23 21:21:33,327 DEBUG   Epoch 8 - avg_train_loss: 0.0757  avg_val_loss: 1.2901 F1: 0.596554  Accuracy: 0.698901 Recall@3: 0.863736 time: 582s
2021-05-23 21:21:33,328 DEBUG   Epoch 8 - Save Best Accuracy: 0.698901 Model
2021-05-23 21:31:16,276 DEBUG   Epoch 9 - avg_train_loss: 0.0561  avg_val_loss: 1.3755 F1: 0.590330  Accuracy: 0.692582 Recall@3: 0.871429 time: 583s
2021-05-23 21:40:59,534 DEBUG   Epoch 10 - avg_train_loss: 0.0384  avg_val_loss: 1.4096 F1: 0.597850  Accuracy: 0.695330 Recall@3: 0.866209 time: 583s
2021-05-23 21:50:41,594 DEBUG   Epoch 11 - avg_train_loss: 0.0314  avg_val_loss: 1.3786 F1: 0.605720  Accuracy: 0.702473 Recall@3: 0.866484 time: 582s
2021-05-23 21:50:41,595 DEBUG   Epoch 11 - Save Best Accuracy: 0.702473 Model
2021-05-23 22:00:24,192 DEBUG   Epoch 12 - avg_train_loss: 0.0204  avg_val_loss: 1.4036 F1: 0.607095  Accuracy: 0.715110 Recall@3: 0.868681 time: 582s
2021-05-23 22:00:24,193 DEBUG   Epoch 12 - Save Best Accuracy: 0.715110 Model
2021-05-23 22:10:06,968 DEBUG   Epoch 13 - avg_train_loss: 0.0162  avg_val_loss: 1.4814 F1: 0.600850  Accuracy: 0.705495 Recall@3: 0.866484 time: 582s
2021-05-23 22:19:48,473 DEBUG   Epoch 14 - avg_train_loss: 0.0136  avg_val_loss: 1.4506 F1: 0.610918  Accuracy: 0.708516 Recall@3: 0.869231 time: 582s
2021-05-23 22:29:30,361 DEBUG   Epoch 15 - avg_train_loss: 0.0111  avg_val_loss: 1.4864 F1: 0.615119  Accuracy: 0.714560 Recall@3: 0.872253 time: 582s
2021-05-23 22:39:12,957 DEBUG   Epoch 16 - avg_train_loss: 0.0074  avg_val_loss: 1.4626 F1: 0.625357  Accuracy: 0.717308 Recall@3: 0.876374 time: 583s
2021-05-23 22:39:12,958 DEBUG   Epoch 16 - Save Best Accuracy: 0.717308 Model
2021-05-23 22:48:56,030 DEBUG   Epoch 17 - avg_train_loss: 0.0066  avg_val_loss: 1.4649 F1: 0.621192  Accuracy: 0.719231 Recall@3: 0.876099 time: 583s
2021-05-23 22:48:56,031 DEBUG   Epoch 17 - Save Best Accuracy: 0.719231 Model
2021-05-23 22:58:37,917 DEBUG   Epoch 18 - avg_train_loss: 0.0063  avg_val_loss: 1.4709 F1: 0.623663  Accuracy: 0.720055 Recall@3: 0.877747 time: 582s
2021-05-23 22:58:37,918 DEBUG   Epoch 18 - Save Best Accuracy: 0.720055 Model
2021-05-23 23:08:19,797 DEBUG   Epoch 19 - avg_train_loss: 0.0050  avg_val_loss: 1.5135 F1: 0.623017  Accuracy: 0.723077 Recall@3: 0.878022 time: 582s
2021-05-23 23:08:19,798 DEBUG   Epoch 19 - Save Best Accuracy: 0.723077 Model
2021-05-23 23:18:01,602 DEBUG   Epoch 20 - avg_train_loss: 0.0041  avg_val_loss: 1.5090 F1: 0.627703  Accuracy: 0.723077 Recall@3: 0.878022 time: 581s
2021-05-23 23:27:43,911 DEBUG   Epoch 21 - avg_train_loss: 0.0037  avg_val_loss: 1.4800 F1: 0.632966  Accuracy: 0.725824 Recall@3: 0.876099 time: 582s
2021-05-23 23:27:43,912 DEBUG   Epoch 21 - Save Best Accuracy: 0.725824 Model
2021-05-23 23:37:26,453 DEBUG   Epoch 22 - avg_train_loss: 0.0031  avg_val_loss: 1.4964 F1: 0.635259  Accuracy: 0.727473 Recall@3: 0.878022 time: 582s
2021-05-23 23:37:26,454 DEBUG   Epoch 22 - Save Best Accuracy: 0.727473 Model
2021-05-23 23:47:08,450 DEBUG   Epoch 23 - avg_train_loss: 0.0030  avg_val_loss: 1.5182 F1: 0.634299  Accuracy: 0.728571 Recall@3: 0.879396 time: 582s
2021-05-23 23:47:08,451 DEBUG   Epoch 23 - Save Best Accuracy: 0.728571 Model
2021-05-23 23:56:50,836 DEBUG   Epoch 24 - avg_train_loss: 0.0030  avg_val_loss: 1.5217 F1: 0.630504  Accuracy: 0.727747 Recall@3: 0.878022 time: 582s
2021-05-24 00:06:33,076 DEBUG   Epoch 25 - avg_train_loss: 0.0024  avg_val_loss: 1.5387 F1: 0.633393  Accuracy: 0.728297 Recall@3: 0.879121 time: 582s
2021-05-24 00:16:14,842 DEBUG   Epoch 26 - avg_train_loss: 0.0023  avg_val_loss: 1.5110 F1: 0.646587  Accuracy: 0.734615 Recall@3: 0.880495 time: 582s
2021-05-24 00:16:14,843 DEBUG   Epoch 26 - Save Best Accuracy: 0.734615 Model
2021-05-24 00:25:56,224 DEBUG   Epoch 27 - avg_train_loss: 0.0020  avg_val_loss: 1.5248 F1: 0.638279  Accuracy: 0.729396 Recall@3: 0.877198 time: 581s
2021-05-24 00:35:38,035 DEBUG   Epoch 28 - avg_train_loss: 0.0019  avg_val_loss: 1.5680 F1: 0.643306  Accuracy: 0.731319 Recall@3: 0.878022 time: 582s
2021-05-24 00:45:20,353 DEBUG   Epoch 29 - avg_train_loss: 0.0019  avg_val_loss: 1.5557 F1: 0.639820  Accuracy: 0.733791 Recall@3: 0.878022 time: 582s
2021-05-24 00:55:01,860 DEBUG   Epoch 30 - avg_train_loss: 0.0017  avg_val_loss: 1.5703 F1: 0.642044  Accuracy: 0.732143 Recall@3: 0.878571 time: 582s
2021-05-24 01:04:43,630 DEBUG   Epoch 31 - avg_train_loss: 0.0018  avg_val_loss: 1.5480 F1: 0.643598  Accuracy: 0.740110 Recall@3: 0.881044 time: 582s
2021-05-24 01:04:43,631 DEBUG   Epoch 31 - Save Best Accuracy: 0.740110 Model
2021-05-24 01:14:26,582 DEBUG   Epoch 32 - avg_train_loss: 0.0016  avg_val_loss: 1.5298 F1: 0.637748  Accuracy: 0.733791 Recall@3: 0.881319 time: 583s
2021-05-24 01:24:08,901 DEBUG   Epoch 33 - avg_train_loss: 0.0015  avg_val_loss: 1.5418 F1: 0.646733  Accuracy: 0.736813 Recall@3: 0.880220 time: 582s
2021-05-24 01:33:50,656 DEBUG   Epoch 34 - avg_train_loss: 0.0014  avg_val_loss: 1.5650 F1: 0.642386  Accuracy: 0.735989 Recall@3: 0.878297 time: 582s
2021-05-24 01:43:32,732 DEBUG   Epoch 35 - avg_train_loss: 0.0014  avg_val_loss: 1.5504 F1: 0.640146  Accuracy: 0.733242 Recall@3: 0.884615 time: 582s
2021-05-24 01:53:15,199 DEBUG   Epoch 36 - avg_train_loss: 0.0013  avg_val_loss: 1.5396 F1: 0.651109  Accuracy: 0.737912 Recall@3: 0.882967 time: 582s
2021-05-24 02:02:57,099 DEBUG   Epoch 37 - avg_train_loss: 0.0013  avg_val_loss: 1.5628 F1: 0.643612  Accuracy: 0.736264 Recall@3: 0.880220 time: 582s
2021-05-24 02:12:38,877 DEBUG   Epoch 38 - avg_train_loss: 0.0012  avg_val_loss: 1.5469 F1: 0.644660  Accuracy: 0.738187 Recall@3: 0.879945 time: 582s
2021-05-24 02:22:20,854 DEBUG   Epoch 39 - avg_train_loss: 0.0012  avg_val_loss: 1.5597 F1: 0.645426  Accuracy: 0.738187 Recall@3: 0.881319 time: 582s
2021-05-24 02:32:03,205 DEBUG   Epoch 40 - avg_train_loss: 0.0013  avg_val_loss: 1.5683 F1: 0.643462  Accuracy: 0.738736 Recall@3: 0.877747 time: 582s
2021-05-24 02:41:46,309 DEBUG   Epoch 41 - avg_train_loss: 0.0011  avg_val_loss: 1.5691 F1: 0.642285  Accuracy: 0.739560 Recall@3: 0.878571 time: 583s
2021-05-24 02:51:28,067 DEBUG   Epoch 42 - avg_train_loss: 0.0013  avg_val_loss: 1.5713 F1: 0.640522  Accuracy: 0.735714 Recall@3: 0.881319 time: 582s
2021-05-24 03:01:09,979 DEBUG   Epoch 43 - avg_train_loss: 0.0010  avg_val_loss: 1.5536 F1: 0.642537  Accuracy: 0.735714 Recall@3: 0.882143 time: 582s
2021-05-24 03:10:51,588 DEBUG   Epoch 44 - avg_train_loss: 0.0012  avg_val_loss: 1.5597 F1: 0.642099  Accuracy: 0.737363 Recall@3: 0.882967 time: 582s
2021-05-24 03:20:33,223 DEBUG   Epoch 45 - avg_train_loss: 0.0011  avg_val_loss: 1.5665 F1: 0.641784  Accuracy: 0.737363 Recall@3: 0.879670 time: 582s
2021-05-24 03:30:14,991 DEBUG   Epoch 46 - avg_train_loss: 0.0012  avg_val_loss: 1.5610 F1: 0.642202  Accuracy: 0.737088 Recall@3: 0.882143 time: 582s
2021-05-24 03:39:57,063 DEBUG   Epoch 47 - avg_train_loss: 0.0012  avg_val_loss: 1.5603 F1: 0.644659  Accuracy: 0.739560 Recall@3: 0.884066 time: 582s
2021-05-24 03:49:39,214 DEBUG   Epoch 48 - avg_train_loss: 0.0010  avg_val_loss: 1.5581 F1: 0.648341  Accuracy: 0.740110 Recall@3: 0.882692 time: 582s
2021-05-24 03:59:21,066 DEBUG   Epoch 49 - avg_train_loss: 0.0010  avg_val_loss: 1.5688 F1: 0.645486  Accuracy: 0.737088 Recall@3: 0.885714 time: 582s
2021-05-24 04:09:02,191 DEBUG   Epoch 50 - avg_train_loss: 0.0010  avg_val_loss: 1.5265 F1: 0.643732  Accuracy: 0.738462 Recall@3: 0.883791 time: 581s
2021-05-24 04:18:43,942 DEBUG   Epoch 51 - avg_train_loss: 0.0012  avg_val_loss: 1.5865 F1: 0.643006  Accuracy: 0.736813 Recall@3: 0.884615 time: 582s
2021-05-24 04:28:25,902 DEBUG   Epoch 52 - avg_train_loss: 0.0010  avg_val_loss: 1.5451 F1: 0.647181  Accuracy: 0.738736 Recall@3: 0.882692 time: 582s
2021-05-24 04:38:08,192 DEBUG   Epoch 53 - avg_train_loss: 0.0007  avg_val_loss: 1.5732 F1: 0.640571  Accuracy: 0.735714 Recall@3: 0.881868 time: 582s
2021-05-24 04:47:49,832 DEBUG   Epoch 54 - avg_train_loss: 0.0009  avg_val_loss: 1.5571 F1: 0.649884  Accuracy: 0.740110 Recall@3: 0.881044 time: 582s
2021-05-24 04:57:31,429 DEBUG   Epoch 55 - avg_train_loss: 0.0007  avg_val_loss: 1.5546 F1: 0.647362  Accuracy: 0.737088 Recall@3: 0.881319 time: 582s
2021-05-24 05:07:13,817 DEBUG   Epoch 56 - avg_train_loss: 0.0012  avg_val_loss: 1.5506 F1: 0.642592  Accuracy: 0.735440 Recall@3: 0.884615 time: 582s
2021-05-24 05:16:55,171 DEBUG   Epoch 57 - avg_train_loss: 0.0009  avg_val_loss: 1.5793 F1: 0.649614  Accuracy: 0.740110 Recall@3: 0.881868 time: 581s
2021-05-24 05:26:37,050 DEBUG   Epoch 58 - avg_train_loss: 0.0010  avg_val_loss: 1.5713 F1: 0.652661  Accuracy: 0.741758 Recall@3: 0.882418 time: 582s
2021-05-24 05:26:37,051 DEBUG   Epoch 58 - Save Best Accuracy: 0.741758 Model
2021-05-24 05:36:19,701 DEBUG   Epoch 59 - avg_train_loss: 0.0008  avg_val_loss: 1.5825 F1: 0.644012  Accuracy: 0.737912 Recall@3: 0.882418 time: 582s
2021-05-24 05:46:01,668 DEBUG   Epoch 60 - avg_train_loss: 0.0010  avg_val_loss: 1.5785 F1: 0.647814  Accuracy: 0.738462 Recall@3: 0.881319 time: 582s
2021-05-24 05:55:44,172 DEBUG   Epoch 61 - avg_train_loss: 0.0010  avg_val_loss: 1.5670 F1: 0.653225  Accuracy: 0.744231 Recall@3: 0.881868 time: 583s
2021-05-24 05:55:44,173 DEBUG   Epoch 61 - Save Best Accuracy: 0.744231 Model
2021-05-24 06:05:26,370 DEBUG   Epoch 62 - avg_train_loss: 0.0008  avg_val_loss: 1.5677 F1: 0.641650  Accuracy: 0.735714 Recall@3: 0.882418 time: 582s
2021-05-24 06:15:08,952 DEBUG   Epoch 63 - avg_train_loss: 0.0008  avg_val_loss: 1.5673 F1: 0.642367  Accuracy: 0.737363 Recall@3: 0.882967 time: 583s
2021-05-24 06:24:50,852 DEBUG   Epoch 64 - avg_train_loss: 0.0009  avg_val_loss: 1.5623 F1: 0.646403  Accuracy: 0.738736 Recall@3: 0.882418 time: 582s
2021-05-24 06:34:32,642 DEBUG   Epoch 65 - avg_train_loss: 0.0008  avg_val_loss: 1.5725 F1: 0.648932  Accuracy: 0.739286 Recall@3: 0.884341 time: 582s
2021-05-24 06:44:14,650 DEBUG   Epoch 66 - avg_train_loss: 0.0009  avg_val_loss: 1.5645 F1: 0.640958  Accuracy: 0.737363 Recall@3: 0.883516 time: 582s
2021-05-24 06:53:57,379 DEBUG   Epoch 67 - avg_train_loss: 0.0009  avg_val_loss: 1.5756 F1: 0.646189  Accuracy: 0.738187 Recall@3: 0.881593 time: 583s
2021-05-24 07:03:39,920 DEBUG   Epoch 68 - avg_train_loss: 0.0010  avg_val_loss: 1.5637 F1: 0.648324  Accuracy: 0.741209 Recall@3: 0.882692 time: 583s
2021-05-24 07:13:22,294 DEBUG   Epoch 69 - avg_train_loss: 0.0009  avg_val_loss: 1.5927 F1: 0.647563  Accuracy: 0.740385 Recall@3: 0.882692 time: 582s
2021-05-24 07:23:05,136 DEBUG   Epoch 70 - avg_train_loss: 0.0008  avg_val_loss: 1.5656 F1: 0.644730  Accuracy: 0.740110 Recall@3: 0.880769 time: 583s
2021-05-24 07:32:47,432 DEBUG   Epoch 71 - avg_train_loss: 0.0009  avg_val_loss: 1.5738 F1: 0.644390  Accuracy: 0.738462 Recall@3: 0.880495 time: 582s
2021-05-24 07:42:30,497 DEBUG   Epoch 72 - avg_train_loss: 0.0009  avg_val_loss: 1.5806 F1: 0.642928  Accuracy: 0.738462 Recall@3: 0.882692 time: 583s
2021-05-24 07:52:12,918 DEBUG   Epoch 73 - avg_train_loss: 0.0009  avg_val_loss: 1.5768 F1: 0.641970  Accuracy: 0.739011 Recall@3: 0.882143 time: 582s
2021-05-24 08:01:55,311 DEBUG   Epoch 74 - avg_train_loss: 0.0007  avg_val_loss: 1.5712 F1: 0.646419  Accuracy: 0.739560 Recall@3: 0.883791 time: 582s
2021-05-24 08:11:38,210 DEBUG   Epoch 75 - avg_train_loss: 0.0008  avg_val_loss: 1.5794 F1: 0.647171  Accuracy: 0.739835 Recall@3: 0.881044 time: 583s
2021-05-24 08:21:20,251 DEBUG   Epoch 76 - avg_train_loss: 0.0008  avg_val_loss: 1.5712 F1: 0.642267  Accuracy: 0.739011 Recall@3: 0.883516 time: 582s
2021-05-24 08:31:02,715 DEBUG   Epoch 77 - avg_train_loss: 0.0010  avg_val_loss: 1.5876 F1: 0.642795  Accuracy: 0.738736 Recall@3: 0.883242 time: 582s
2021-05-24 08:40:45,307 DEBUG   Epoch 78 - avg_train_loss: 0.0009  avg_val_loss: 1.5835 F1: 0.643858  Accuracy: 0.736264 Recall@3: 0.882692 time: 583s
2021-05-24 08:50:28,106 DEBUG   Epoch 79 - avg_train_loss: 0.0008  avg_val_loss: 1.5817 F1: 0.646930  Accuracy: 0.741758 Recall@3: 0.882418 time: 583s
2021-05-24 09:00:10,726 DEBUG   Epoch 80 - avg_train_loss: 0.0008  avg_val_loss: 1.5570 F1: 0.644693  Accuracy: 0.736264 Recall@3: 0.881319 time: 583s
2021-05-24 09:09:53,320 DEBUG   Epoch 81 - avg_train_loss: 0.0010  avg_val_loss: 1.5716 F1: 0.647389  Accuracy: 0.741209 Recall@3: 0.883242 time: 583s
2021-05-24 09:19:36,170 DEBUG   Epoch 82 - avg_train_loss: 0.0009  avg_val_loss: 1.5779 F1: 0.640864  Accuracy: 0.735165 Recall@3: 0.883516 time: 583s
2021-05-24 09:29:18,640 DEBUG   Epoch 83 - avg_train_loss: 0.0007  avg_val_loss: 1.5855 F1: 0.646203  Accuracy: 0.739286 Recall@3: 0.884066 time: 582s
2021-05-24 09:39:01,229 DEBUG   Epoch 84 - avg_train_loss: 0.0008  avg_val_loss: 1.5706 F1: 0.639956  Accuracy: 0.736813 Recall@3: 0.886264 time: 583s
2021-05-24 09:48:43,404 DEBUG   Epoch 85 - avg_train_loss: 0.0007  avg_val_loss: 1.5621 F1: 0.649504  Accuracy: 0.742582 Recall@3: 0.881868 time: 582s
2021-05-24 09:58:26,075 DEBUG   Epoch 86 - avg_train_loss: 0.0009  avg_val_loss: 1.5800 F1: 0.650387  Accuracy: 0.742582 Recall@3: 0.884341 time: 583s
2021-05-24 10:08:07,937 DEBUG   Epoch 87 - avg_train_loss: 0.0009  avg_val_loss: 1.5771 F1: 0.645600  Accuracy: 0.742033 Recall@3: 0.881593 time: 582s
2021-05-24 10:17:49,478 DEBUG   Epoch 88 - avg_train_loss: 0.0008  avg_val_loss: 1.5833 F1: 0.644308  Accuracy: 0.738462 Recall@3: 0.882967 time: 582s
2021-05-24 10:27:31,273 DEBUG   Epoch 89 - avg_train_loss: 0.0007  avg_val_loss: 1.5653 F1: 0.648628  Accuracy: 0.741758 Recall@3: 0.884066 time: 582s
2021-05-24 10:37:13,219 DEBUG   Epoch 90 - avg_train_loss: 0.0006  avg_val_loss: 1.5762 F1: 0.647039  Accuracy: 0.740110 Recall@3: 0.883791 time: 582s
2021-05-24 10:46:55,792 DEBUG   Epoch 91 - avg_train_loss: 0.0008  avg_val_loss: 1.5717 F1: 0.648391  Accuracy: 0.740659 Recall@3: 0.881868 time: 583s
2021-05-24 10:56:37,407 DEBUG   Epoch 92 - avg_train_loss: 0.0008  avg_val_loss: 1.5780 F1: 0.645753  Accuracy: 0.739011 Recall@3: 0.884615 time: 582s
2021-05-24 11:06:19,945 DEBUG   Epoch 93 - avg_train_loss: 0.0008  avg_val_loss: 1.5837 F1: 0.647962  Accuracy: 0.740659 Recall@3: 0.882143 time: 583s
2021-05-24 11:16:02,102 DEBUG   Epoch 94 - avg_train_loss: 0.0006  avg_val_loss: 1.5663 F1: 0.642196  Accuracy: 0.737088 Recall@3: 0.883516 time: 582s
2021-05-24 11:25:44,509 DEBUG   Epoch 95 - avg_train_loss: 0.0009  avg_val_loss: 1.5993 F1: 0.649206  Accuracy: 0.739835 Recall@3: 0.884890 time: 582s
2021-05-24 11:35:27,344 DEBUG   Epoch 96 - avg_train_loss: 0.0010  avg_val_loss: 1.5795 F1: 0.647871  Accuracy: 0.739560 Recall@3: 0.882418 time: 583s
2021-05-24 11:45:09,770 DEBUG   Epoch 97 - avg_train_loss: 0.0007  avg_val_loss: 1.5682 F1: 0.645907  Accuracy: 0.740110 Recall@3: 0.885714 time: 582s
2021-05-24 11:54:52,248 DEBUG   Epoch 98 - avg_train_loss: 0.0008  avg_val_loss: 1.5799 F1: 0.650358  Accuracy: 0.742033 Recall@3: 0.882692 time: 582s
2021-05-24 12:04:34,628 DEBUG   Epoch 99 - avg_train_loss: 0.0007  avg_val_loss: 1.5792 F1: 0.646474  Accuracy: 0.737637 Recall@3: 0.882692 time: 582s
2021-05-24 12:14:16,600 DEBUG   Epoch 100 - avg_train_loss: 0.0009  avg_val_loss: 1.5908 F1: 0.651082  Accuracy: 0.742308 Recall@3: 0.882692 time: 582s
2021-05-24 12:14:16,601 INFO [Train model] done in 58226 s.
