2021-06-06 11:37:32,963 INFO [Train model] start
2021-06-06 11:43:13,706 DEBUG   Epoch 1 - avg_train_loss: 0.6651  avg_val_loss: 1.8257 F1: 0.324160  Accuracy: 0.505220 Recall@3: 0.737912 time: 339s
2021-06-06 11:43:13,707 DEBUG   Epoch 1 - Save Best Accuracy: 0.505220 Model
2021-06-06 11:43:14,217 DEBUG   Epoch 1 - Save Best Loss: 1.8257 Model
2021-06-06 11:49:17,484 DEBUG   Epoch 2 - avg_train_loss: 0.3848  avg_val_loss: 1.5710 F1: 0.428791  Accuracy: 0.582143 Recall@3: 0.779396 time: 363s
2021-06-06 11:49:17,485 DEBUG   Epoch 2 - Save Best Accuracy: 0.582143 Model
2021-06-06 11:49:17,972 DEBUG   Epoch 2 - Save Best Loss: 1.5710 Model
2021-06-06 11:55:28,155 DEBUG   Epoch 3 - avg_train_loss: 0.3031  avg_val_loss: 1.5195 F1: 0.461210  Accuracy: 0.593407 Recall@3: 0.793956 time: 370s
2021-06-06 11:55:28,156 DEBUG   Epoch 3 - Save Best Accuracy: 0.593407 Model
2021-06-06 11:55:28,921 DEBUG   Epoch 3 - Save Best Loss: 1.5195 Model
2021-06-06 12:01:44,780 DEBUG   Epoch 4 - avg_train_loss: 0.2409  avg_val_loss: 1.5275 F1: 0.485463  Accuracy: 0.606044 Recall@3: 0.801648 time: 375s
2021-06-06 12:01:44,784 DEBUG   Epoch 4 - Save Best Accuracy: 0.606044 Model
2021-06-06 12:08:00,287 DEBUG   Epoch 5 - avg_train_loss: 0.1919  avg_val_loss: 1.5045 F1: 0.471340  Accuracy: 0.605769 Recall@3: 0.817308 time: 375s
2021-06-06 12:08:00,288 DEBUG   Epoch 5 - Save Best Loss: 1.5045 Model
2021-06-06 12:14:16,392 DEBUG   Epoch 6 - avg_train_loss: 0.1515  avg_val_loss: 1.5674 F1: 0.493683  Accuracy: 0.617857 Recall@3: 0.808791 time: 375s
2021-06-06 12:14:16,393 DEBUG   Epoch 6 - Save Best Accuracy: 0.617857 Model
2021-06-06 12:20:37,230 DEBUG   Epoch 7 - avg_train_loss: 0.1256  avg_val_loss: 1.5894 F1: 0.505975  Accuracy: 0.622253 Recall@3: 0.808791 time: 380s
2021-06-06 12:20:37,231 DEBUG   Epoch 7 - Save Best Accuracy: 0.622253 Model
2021-06-06 12:27:05,046 DEBUG   Epoch 8 - avg_train_loss: 0.0876  avg_val_loss: 1.5469 F1: 0.539530  Accuracy: 0.645604 Recall@3: 0.828022 time: 387s
2021-06-06 12:27:05,047 DEBUG   Epoch 8 - Save Best Accuracy: 0.645604 Model
2021-06-06 12:33:24,211 DEBUG   Epoch 9 - avg_train_loss: 0.0698  avg_val_loss: 1.6063 F1: 0.524720  Accuracy: 0.645330 Recall@3: 0.826099 time: 378s
2021-06-06 12:40:00,474 DEBUG   Epoch 10 - avg_train_loss: 0.0486  avg_val_loss: 1.6330 F1: 0.530032  Accuracy: 0.641758 Recall@3: 0.823352 time: 396s
2021-06-06 12:46:35,468 DEBUG   Epoch 11 - avg_train_loss: 0.0384  avg_val_loss: 1.6492 F1: 0.559587  Accuracy: 0.662363 Recall@3: 0.834066 time: 395s
2021-06-06 12:46:35,470 DEBUG   Epoch 11 - Save Best Accuracy: 0.662363 Model
2021-06-06 12:53:00,567 DEBUG   Epoch 12 - avg_train_loss: 0.0272  avg_val_loss: 1.6732 F1: 0.544017  Accuracy: 0.656044 Recall@3: 0.833516 time: 384s
2021-06-06 12:59:21,255 DEBUG   Epoch 13 - avg_train_loss: 0.0228  avg_val_loss: 1.6989 F1: 0.538627  Accuracy: 0.660440 Recall@3: 0.836264 time: 381s
2021-06-06 13:05:43,955 DEBUG   Epoch 14 - avg_train_loss: 0.0177  avg_val_loss: 1.6895 F1: 0.551962  Accuracy: 0.662363 Recall@3: 0.836538 time: 383s
2021-06-06 13:12:08,756 DEBUG   Epoch 15 - avg_train_loss: 0.0141  avg_val_loss: 1.7350 F1: 0.551210  Accuracy: 0.670604 Recall@3: 0.840110 time: 385s
2021-06-06 13:12:08,759 DEBUG   Epoch 15 - Save Best Accuracy: 0.670604 Model
2021-06-06 13:18:39,514 DEBUG   Epoch 16 - avg_train_loss: 0.0102  avg_val_loss: 1.7209 F1: 0.568673  Accuracy: 0.673901 Recall@3: 0.843407 time: 390s
2021-06-06 13:18:39,515 DEBUG   Epoch 16 - Save Best Accuracy: 0.673901 Model
2021-06-06 13:24:57,018 DEBUG   Epoch 17 - avg_train_loss: 0.0083  avg_val_loss: 1.7582 F1: 0.562574  Accuracy: 0.675275 Recall@3: 0.846978 time: 377s
2021-06-06 13:24:57,023 DEBUG   Epoch 17 - Save Best Accuracy: 0.675275 Model
2021-06-06 13:31:22,173 DEBUG   Epoch 18 - avg_train_loss: 0.0071  avg_val_loss: 1.7303 F1: 0.563820  Accuracy: 0.673901 Recall@3: 0.847527 time: 385s
2021-06-06 13:37:45,280 DEBUG   Epoch 19 - avg_train_loss: 0.0065  avg_val_loss: 1.7935 F1: 0.573924  Accuracy: 0.680495 Recall@3: 0.842033 time: 383s
2021-06-06 13:37:45,280 DEBUG   Epoch 19 - Save Best Accuracy: 0.680495 Model
2021-06-06 13:44:27,164 DEBUG   Epoch 20 - avg_train_loss: 0.0062  avg_val_loss: 1.7769 F1: 0.570422  Accuracy: 0.680220 Recall@3: 0.845879 time: 401s
2021-06-06 13:50:52,125 DEBUG   Epoch 21 - avg_train_loss: 0.0058  avg_val_loss: 1.7349 F1: 0.578356  Accuracy: 0.687912 Recall@3: 0.851648 time: 385s
2021-06-06 13:50:52,126 DEBUG   Epoch 21 - Save Best Accuracy: 0.687912 Model
2021-06-06 13:57:21,403 DEBUG   Epoch 22 - avg_train_loss: 0.0044  avg_val_loss: 1.7528 F1: 0.566352  Accuracy: 0.676374 Recall@3: 0.851099 time: 389s
2021-06-06 14:03:53,146 DEBUG   Epoch 23 - avg_train_loss: 0.0040  avg_val_loss: 1.7597 F1: 0.571392  Accuracy: 0.680495 Recall@3: 0.851923 time: 392s
2021-06-06 14:10:14,938 DEBUG   Epoch 24 - avg_train_loss: 0.0040  avg_val_loss: 1.7578 F1: 0.577477  Accuracy: 0.677473 Recall@3: 0.848626 time: 382s
2021-06-06 14:16:37,636 DEBUG   Epoch 25 - avg_train_loss: 0.0033  avg_val_loss: 1.7801 F1: 0.576753  Accuracy: 0.682418 Recall@3: 0.850000 time: 383s
2021-06-06 14:23:16,163 DEBUG   Epoch 26 - avg_train_loss: 0.0030  avg_val_loss: 1.7642 F1: 0.583173  Accuracy: 0.689011 Recall@3: 0.849725 time: 399s
2021-06-06 14:23:16,164 DEBUG   Epoch 26 - Save Best Accuracy: 0.689011 Model
2021-06-06 14:29:49,849 DEBUG   Epoch 27 - avg_train_loss: 0.0028  avg_val_loss: 1.7740 F1: 0.587231  Accuracy: 0.687363 Recall@3: 0.845604 time: 393s
2021-06-06 14:36:20,603 DEBUG   Epoch 28 - avg_train_loss: 0.0027  avg_val_loss: 1.8194 F1: 0.580694  Accuracy: 0.687912 Recall@3: 0.849725 time: 391s
2021-06-06 14:43:00,235 DEBUG   Epoch 29 - avg_train_loss: 0.0026  avg_val_loss: 1.8246 F1: 0.569397  Accuracy: 0.682143 Recall@3: 0.849451 time: 400s
2021-06-06 14:49:34,177 DEBUG   Epoch 30 - avg_train_loss: 0.0022  avg_val_loss: 1.8112 F1: 0.578633  Accuracy: 0.687912 Recall@3: 0.848352 time: 394s
2021-06-06 14:56:00,243 DEBUG   Epoch 31 - avg_train_loss: 0.0021  avg_val_loss: 1.8100 F1: 0.581472  Accuracy: 0.686813 Recall@3: 0.853846 time: 386s
2021-06-06 15:02:18,897 DEBUG   Epoch 32 - avg_train_loss: 0.0020  avg_val_loss: 1.8007 F1: 0.579912  Accuracy: 0.685989 Recall@3: 0.852473 time: 379s
2021-06-06 15:08:54,281 DEBUG   Epoch 33 - avg_train_loss: 0.0022  avg_val_loss: 1.8146 F1: 0.576198  Accuracy: 0.684341 Recall@3: 0.848901 time: 395s
2021-06-06 15:15:25,704 DEBUG   Epoch 34 - avg_train_loss: 0.0019  avg_val_loss: 1.8309 F1: 0.586838  Accuracy: 0.689835 Recall@3: 0.851374 time: 391s
2021-06-06 15:15:25,719 DEBUG   Epoch 34 - Save Best Accuracy: 0.689835 Model
2021-06-06 15:21:49,875 DEBUG   Epoch 35 - avg_train_loss: 0.0021  avg_val_loss: 1.8167 F1: 0.581136  Accuracy: 0.688736 Recall@3: 0.848626 time: 384s
2021-06-06 15:28:15,337 DEBUG   Epoch 36 - avg_train_loss: 0.0017  avg_val_loss: 1.7965 F1: 0.589949  Accuracy: 0.693681 Recall@3: 0.854670 time: 385s
2021-06-06 15:28:15,338 DEBUG   Epoch 36 - Save Best Accuracy: 0.693681 Model
2021-06-06 15:34:34,468 DEBUG   Epoch 37 - avg_train_loss: 0.0015  avg_val_loss: 1.8018 F1: 0.590272  Accuracy: 0.692582 Recall@3: 0.853297 time: 379s
2021-06-06 15:40:52,551 DEBUG   Epoch 38 - avg_train_loss: 0.0014  avg_val_loss: 1.8025 F1: 0.588874  Accuracy: 0.690659 Recall@3: 0.851374 time: 378s
2021-06-06 15:47:39,332 DEBUG   Epoch 39 - avg_train_loss: 0.0018  avg_val_loss: 1.8109 F1: 0.582648  Accuracy: 0.689011 Recall@3: 0.850549 time: 407s
2021-06-06 15:54:05,657 DEBUG   Epoch 40 - avg_train_loss: 0.0015  avg_val_loss: 1.8177 F1: 0.590993  Accuracy: 0.692857 Recall@3: 0.853571 time: 386s
2021-06-06 16:00:40,910 DEBUG   Epoch 41 - avg_train_loss: 0.0016  avg_val_loss: 1.8245 F1: 0.589306  Accuracy: 0.693407 Recall@3: 0.851374 time: 395s
2021-06-06 16:07:11,025 DEBUG   Epoch 42 - avg_train_loss: 0.0016  avg_val_loss: 1.8242 F1: 0.587580  Accuracy: 0.690659 Recall@3: 0.856044 time: 390s
2021-06-06 16:13:41,278 DEBUG   Epoch 43 - avg_train_loss: 0.0013  avg_val_loss: 1.8090 F1: 0.588442  Accuracy: 0.691209 Recall@3: 0.856593 time: 390s
2021-06-06 16:20:14,676 DEBUG   Epoch 44 - avg_train_loss: 0.0015  avg_val_loss: 1.8234 F1: 0.586170  Accuracy: 0.687912 Recall@3: 0.854121 time: 393s
2021-06-06 16:26:34,632 DEBUG   Epoch 45 - avg_train_loss: 0.0014  avg_val_loss: 1.8296 F1: 0.589022  Accuracy: 0.692308 Recall@3: 0.851374 time: 380s
2021-06-06 16:33:00,838 DEBUG   Epoch 46 - avg_train_loss: 0.0012  avg_val_loss: 1.8301 F1: 0.587829  Accuracy: 0.690110 Recall@3: 0.854396 time: 386s
2021-06-06 16:39:26,583 DEBUG   Epoch 47 - avg_train_loss: 0.0013  avg_val_loss: 1.8121 F1: 0.588339  Accuracy: 0.690934 Recall@3: 0.854121 time: 386s
2021-06-06 16:46:10,016 DEBUG   Epoch 48 - avg_train_loss: 0.0014  avg_val_loss: 1.8220 F1: 0.590012  Accuracy: 0.694780 Recall@3: 0.854670 time: 403s
2021-06-06 16:46:10,017 DEBUG   Epoch 48 - Save Best Accuracy: 0.694780 Model
2021-06-06 16:52:36,399 DEBUG   Epoch 49 - avg_train_loss: 0.0011  avg_val_loss: 1.8271 F1: 0.586189  Accuracy: 0.695330 Recall@3: 0.856868 time: 386s
2021-06-06 16:52:36,400 DEBUG   Epoch 49 - Save Best Accuracy: 0.695330 Model
2021-06-06 16:59:13,723 DEBUG   Epoch 50 - avg_train_loss: 0.0012  avg_val_loss: 1.7878 F1: 0.584770  Accuracy: 0.691484 Recall@3: 0.859341 time: 396s
2021-06-06 17:05:45,170 DEBUG   Epoch 51 - avg_train_loss: 0.0015  avg_val_loss: 1.8445 F1: 0.581460  Accuracy: 0.689286 Recall@3: 0.854670 time: 391s
2021-06-06 17:12:15,711 DEBUG   Epoch 52 - avg_train_loss: 0.0014  avg_val_loss: 1.8060 F1: 0.588868  Accuracy: 0.692582 Recall@3: 0.855769 time: 391s
2021-06-06 17:18:45,998 DEBUG   Epoch 53 - avg_train_loss: 0.0011  avg_val_loss: 1.8361 F1: 0.586568  Accuracy: 0.689286 Recall@3: 0.853571 time: 390s
2021-06-06 17:25:19,157 DEBUG   Epoch 54 - avg_train_loss: 0.0013  avg_val_loss: 1.8273 F1: 0.584005  Accuracy: 0.689286 Recall@3: 0.858242 time: 393s
2021-06-06 17:31:46,743 DEBUG   Epoch 55 - avg_train_loss: 0.0010  avg_val_loss: 1.8016 F1: 0.587312  Accuracy: 0.693407 Recall@3: 0.857418 time: 388s
2021-06-06 17:38:09,376 DEBUG   Epoch 56 - avg_train_loss: 0.0012  avg_val_loss: 1.8174 F1: 0.578762  Accuracy: 0.687363 Recall@3: 0.856868 time: 383s
2021-06-06 17:44:40,296 DEBUG   Epoch 57 - avg_train_loss: 0.0014  avg_val_loss: 1.8344 F1: 0.583035  Accuracy: 0.688462 Recall@3: 0.854670 time: 391s
2021-06-06 17:51:21,988 DEBUG   Epoch 58 - avg_train_loss: 0.0011  avg_val_loss: 1.8301 F1: 0.582751  Accuracy: 0.689835 Recall@3: 0.855769 time: 402s
2021-06-06 17:57:45,530 DEBUG   Epoch 59 - avg_train_loss: 0.0011  avg_val_loss: 1.8458 F1: 0.584652  Accuracy: 0.689011 Recall@3: 0.854945 time: 384s
2021-06-06 18:04:12,937 DEBUG   Epoch 60 - avg_train_loss: 0.0011  avg_val_loss: 1.8427 F1: 0.583652  Accuracy: 0.693956 Recall@3: 0.854396 time: 387s
2021-06-06 18:10:43,472 DEBUG   Epoch 61 - avg_train_loss: 0.0012  avg_val_loss: 1.8398 F1: 0.586190  Accuracy: 0.688736 Recall@3: 0.857143 time: 391s
2021-06-06 18:17:16,679 DEBUG   Epoch 62 - avg_train_loss: 0.0010  avg_val_loss: 1.8351 F1: 0.582949  Accuracy: 0.690110 Recall@3: 0.856593 time: 393s
2021-06-06 18:23:45,451 DEBUG   Epoch 63 - avg_train_loss: 0.0012  avg_val_loss: 1.8293 F1: 0.587386  Accuracy: 0.691484 Recall@3: 0.854121 time: 389s
2021-06-06 18:30:12,886 DEBUG   Epoch 64 - avg_train_loss: 0.0012  avg_val_loss: 1.8200 F1: 0.582325  Accuracy: 0.690934 Recall@3: 0.857143 time: 387s
2021-06-06 18:36:49,404 DEBUG   Epoch 65 - avg_train_loss: 0.0010  avg_val_loss: 1.8470 F1: 0.587925  Accuracy: 0.691484 Recall@3: 0.853846 time: 397s
2021-06-06 18:43:16,797 DEBUG   Epoch 66 - avg_train_loss: 0.0013  avg_val_loss: 1.8274 F1: 0.588428  Accuracy: 0.690659 Recall@3: 0.855769 time: 387s
2021-06-06 18:50:03,103 DEBUG   Epoch 67 - avg_train_loss: 0.0011  avg_val_loss: 1.8382 F1: 0.587760  Accuracy: 0.691209 Recall@3: 0.854121 time: 406s
2021-06-06 18:56:26,530 DEBUG   Epoch 68 - avg_train_loss: 0.0009  avg_val_loss: 1.8402 F1: 0.586155  Accuracy: 0.690659 Recall@3: 0.853846 time: 383s
2021-06-06 19:02:49,852 DEBUG   Epoch 69 - avg_train_loss: 0.0010  avg_val_loss: 1.8512 F1: 0.586914  Accuracy: 0.692857 Recall@3: 0.856593 time: 383s
2021-06-06 19:09:15,766 DEBUG   Epoch 70 - avg_train_loss: 0.0010  avg_val_loss: 1.8260 F1: 0.587312  Accuracy: 0.690110 Recall@3: 0.854121 time: 386s
2021-06-06 19:15:48,610 DEBUG   Epoch 71 - avg_train_loss: 0.0010  avg_val_loss: 1.8422 F1: 0.584723  Accuracy: 0.688187 Recall@3: 0.853846 time: 393s
2021-06-06 19:22:20,044 DEBUG   Epoch 72 - avg_train_loss: 0.0012  avg_val_loss: 1.8356 F1: 0.582684  Accuracy: 0.690659 Recall@3: 0.854945 time: 391s
2021-06-06 19:28:51,355 DEBUG   Epoch 73 - avg_train_loss: 0.0011  avg_val_loss: 1.8540 F1: 0.580991  Accuracy: 0.686264 Recall@3: 0.855495 time: 391s
2021-06-06 19:35:27,055 DEBUG   Epoch 74 - avg_train_loss: 0.0009  avg_val_loss: 1.8430 F1: 0.585563  Accuracy: 0.690110 Recall@3: 0.854945 time: 396s
2021-06-06 19:41:56,479 DEBUG   Epoch 75 - avg_train_loss: 0.0011  avg_val_loss: 1.8381 F1: 0.579481  Accuracy: 0.687363 Recall@3: 0.851923 time: 389s
2021-06-06 19:48:34,691 DEBUG   Epoch 76 - avg_train_loss: 0.0010  avg_val_loss: 1.8307 F1: 0.581953  Accuracy: 0.690659 Recall@3: 0.853022 time: 398s
2021-06-06 19:55:16,467 DEBUG   Epoch 77 - avg_train_loss: 0.0011  avg_val_loss: 1.8584 F1: 0.587262  Accuracy: 0.692033 Recall@3: 0.856044 time: 402s
2021-06-06 20:01:47,868 DEBUG   Epoch 78 - avg_train_loss: 0.0008  avg_val_loss: 1.8506 F1: 0.582982  Accuracy: 0.689286 Recall@3: 0.853297 time: 391s
2021-06-06 20:08:13,243 DEBUG   Epoch 79 - avg_train_loss: 0.0010  avg_val_loss: 1.8614 F1: 0.586328  Accuracy: 0.690934 Recall@3: 0.853022 time: 385s
2021-06-06 20:14:35,248 DEBUG   Epoch 80 - avg_train_loss: 0.0009  avg_val_loss: 1.8245 F1: 0.584565  Accuracy: 0.688736 Recall@3: 0.859615 time: 382s
2021-06-06 20:20:57,375 DEBUG   Epoch 81 - avg_train_loss: 0.0011  avg_val_loss: 1.8336 F1: 0.580660  Accuracy: 0.691484 Recall@3: 0.856319 time: 382s
2021-06-06 20:27:13,811 DEBUG   Epoch 82 - avg_train_loss: 0.0011  avg_val_loss: 1.8573 F1: 0.587382  Accuracy: 0.691209 Recall@3: 0.857692 time: 376s
2021-06-06 20:33:44,502 DEBUG   Epoch 83 - avg_train_loss: 0.0009  avg_val_loss: 1.8468 F1: 0.579465  Accuracy: 0.689286 Recall@3: 0.856044 time: 391s
2021-06-06 20:40:11,503 DEBUG   Epoch 84 - avg_train_loss: 0.0011  avg_val_loss: 1.8439 F1: 0.581185  Accuracy: 0.690385 Recall@3: 0.855220 time: 387s
2021-06-06 20:46:41,656 DEBUG   Epoch 85 - avg_train_loss: 0.0008  avg_val_loss: 1.8360 F1: 0.587061  Accuracy: 0.692857 Recall@3: 0.857143 time: 390s
2021-06-06 20:53:26,516 DEBUG   Epoch 86 - avg_train_loss: 0.0012  avg_val_loss: 1.8512 F1: 0.585050  Accuracy: 0.692582 Recall@3: 0.856044 time: 405s
2021-06-06 20:59:53,209 DEBUG   Epoch 87 - avg_train_loss: 0.0011  avg_val_loss: 1.8452 F1: 0.582651  Accuracy: 0.691209 Recall@3: 0.853022 time: 387s
2021-06-06 21:06:21,340 DEBUG   Epoch 88 - avg_train_loss: 0.0009  avg_val_loss: 1.8491 F1: 0.580207  Accuracy: 0.689835 Recall@3: 0.854945 time: 388s
2021-06-06 21:12:45,945 DEBUG   Epoch 89 - avg_train_loss: 0.0010  avg_val_loss: 1.8415 F1: 0.584662  Accuracy: 0.689011 Recall@3: 0.854670 time: 385s
2021-06-06 21:19:13,921 DEBUG   Epoch 90 - avg_train_loss: 0.0010  avg_val_loss: 1.8353 F1: 0.590450  Accuracy: 0.695879 Recall@3: 0.855769 time: 388s
2021-06-06 21:19:13,922 DEBUG   Epoch 90 - Save Best Accuracy: 0.695879 Model
2021-06-06 21:25:35,916 DEBUG   Epoch 91 - avg_train_loss: 0.0008  avg_val_loss: 1.8483 F1: 0.583239  Accuracy: 0.690110 Recall@3: 0.855220 time: 381s
2021-06-06 21:31:54,712 DEBUG   Epoch 92 - avg_train_loss: 0.0010  avg_val_loss: 1.8528 F1: 0.580208  Accuracy: 0.689011 Recall@3: 0.855220 time: 379s
2021-06-06 21:38:20,024 DEBUG   Epoch 93 - avg_train_loss: 0.0011  avg_val_loss: 1.8446 F1: 0.578705  Accuracy: 0.688736 Recall@3: 0.858791 time: 385s
2021-06-06 21:44:51,247 DEBUG   Epoch 94 - avg_train_loss: 0.0011  avg_val_loss: 1.8252 F1: 0.582049  Accuracy: 0.686813 Recall@3: 0.856044 time: 391s
2021-06-06 21:51:25,342 DEBUG   Epoch 95 - avg_train_loss: 0.0009  avg_val_loss: 1.8686 F1: 0.588674  Accuracy: 0.693407 Recall@3: 0.854396 time: 394s
2021-06-06 21:57:54,866 DEBUG   Epoch 96 - avg_train_loss: 0.0010  avg_val_loss: 1.8421 F1: 0.585535  Accuracy: 0.690934 Recall@3: 0.855495 time: 390s
2021-06-06 22:04:23,528 DEBUG   Epoch 97 - avg_train_loss: 0.0010  avg_val_loss: 1.8324 F1: 0.587140  Accuracy: 0.690385 Recall@3: 0.858242 time: 389s
2021-06-06 22:10:54,699 DEBUG   Epoch 98 - avg_train_loss: 0.0009  avg_val_loss: 1.8569 F1: 0.581295  Accuracy: 0.687637 Recall@3: 0.856868 time: 391s
2021-06-06 22:17:27,874 DEBUG   Epoch 99 - avg_train_loss: 0.0011  avg_val_loss: 1.8514 F1: 0.586767  Accuracy: 0.690934 Recall@3: 0.854670 time: 393s
2021-06-06 22:23:50,047 DEBUG   Epoch 100 - avg_train_loss: 0.0010  avg_val_loss: 1.8617 F1: 0.584457  Accuracy: 0.688736 Recall@3: 0.851374 time: 382s
2021-06-06 22:23:50,050 INFO [Train model] done in 38777 s.
