2021-05-21 13:53:11,883 INFO [Train model] start
2021-05-21 14:05:06,221 DEBUG   Epoch 1 - avg_train_loss: 0.1259  avg_val_loss: 1.3832 F1: 0.462652  Accuracy: 0.626923 Recall@3: 0.814286 time: 713s
2021-05-21 14:05:06,222 DEBUG   Epoch 1 - Save Best Accuracy: 0.626923 Model
2021-05-21 14:05:06,622 DEBUG   Epoch 1 - Save Best Loss: 1.3832 Model
2021-05-21 14:16:56,322 DEBUG   Epoch 2 - avg_train_loss: 0.0655  avg_val_loss: 1.2281 F1: 0.548188  Accuracy: 0.658791 Recall@3: 0.852198 time: 709s
2021-05-21 14:16:56,323 DEBUG   Epoch 2 - Save Best Accuracy: 0.658791 Model
2021-05-21 14:16:56,947 DEBUG   Epoch 2 - Save Best Loss: 1.2281 Model
2021-05-21 14:28:46,107 DEBUG   Epoch 3 - avg_train_loss: 0.0453  avg_val_loss: 1.1816 F1: 0.573167  Accuracy: 0.675000 Recall@3: 0.857143 time: 709s
2021-05-21 14:28:46,109 DEBUG   Epoch 3 - Save Best Accuracy: 0.675000 Model
2021-05-21 14:28:46,756 DEBUG   Epoch 3 - Save Best Loss: 1.1816 Model
2021-05-21 14:40:36,345 DEBUG   Epoch 4 - avg_train_loss: 0.0313  avg_val_loss: 1.1174 F1: 0.586718  Accuracy: 0.698077 Recall@3: 0.873352 time: 709s
2021-05-21 14:40:36,346 DEBUG   Epoch 4 - Save Best Accuracy: 0.698077 Model
2021-05-21 14:40:36,995 DEBUG   Epoch 4 - Save Best Loss: 1.1174 Model
2021-05-21 14:52:26,541 DEBUG   Epoch 5 - avg_train_loss: 0.0196  avg_val_loss: 1.1419 F1: 0.586964  Accuracy: 0.696154 Recall@3: 0.875824 time: 709s
2021-05-21 15:04:19,590 DEBUG   Epoch 6 - avg_train_loss: 0.0121  avg_val_loss: 1.1493 F1: 0.586830  Accuracy: 0.704945 Recall@3: 0.880769 time: 713s
2021-05-21 15:04:19,591 DEBUG   Epoch 6 - Save Best Accuracy: 0.704945 Model
2021-05-21 15:16:09,065 DEBUG   Epoch 7 - avg_train_loss: 0.0063  avg_val_loss: 1.1365 F1: 0.619871  Accuracy: 0.719231 Recall@3: 0.883791 time: 709s
2021-05-21 15:16:09,066 DEBUG   Epoch 7 - Save Best Accuracy: 0.719231 Model
2021-05-21 15:28:01,821 DEBUG   Epoch 8 - avg_train_loss: 0.0036  avg_val_loss: 1.1300 F1: 0.626880  Accuracy: 0.729121 Recall@3: 0.880769 time: 712s
2021-05-21 15:28:01,822 DEBUG   Epoch 8 - Save Best Accuracy: 0.729121 Model
2021-05-21 15:39:54,646 DEBUG   Epoch 9 - avg_train_loss: 0.0023  avg_val_loss: 1.1291 F1: 0.633315  Accuracy: 0.735440 Recall@3: 0.888736 time: 712s
2021-05-21 15:39:54,647 DEBUG   Epoch 9 - Save Best Accuracy: 0.735440 Model
2021-05-21 15:51:47,605 DEBUG   Epoch 10 - avg_train_loss: 0.0017  avg_val_loss: 1.1437 F1: 0.633889  Accuracy: 0.735989 Recall@3: 0.887363 time: 712s
2021-05-21 15:51:47,606 DEBUG   Epoch 10 - Save Best Accuracy: 0.735989 Model
2021-05-21 16:03:41,069 DEBUG   Epoch 11 - avg_train_loss: 0.0012  avg_val_loss: 1.1672 F1: 0.624613  Accuracy: 0.728571 Recall@3: 0.887912 time: 713s
2021-05-21 16:15:34,270 DEBUG   Epoch 12 - avg_train_loss: 0.0011  avg_val_loss: 1.1633 F1: 0.627152  Accuracy: 0.732692 Recall@3: 0.887637 time: 713s
2021-05-21 16:27:27,481 DEBUG   Epoch 13 - avg_train_loss: 0.0010  avg_val_loss: 1.1554 F1: 0.636129  Accuracy: 0.738187 Recall@3: 0.887912 time: 713s
2021-05-21 16:27:27,483 DEBUG   Epoch 13 - Save Best Accuracy: 0.738187 Model
2021-05-21 16:39:17,544 DEBUG   Epoch 14 - avg_train_loss: 0.0010  avg_val_loss: 1.1681 F1: 0.630735  Accuracy: 0.736813 Recall@3: 0.889560 time: 709s
2021-05-21 16:51:10,038 DEBUG   Epoch 15 - avg_train_loss: 0.0008  avg_val_loss: 1.1636 F1: 0.637142  Accuracy: 0.739560 Recall@3: 0.892033 time: 712s
2021-05-21 16:51:10,040 DEBUG   Epoch 15 - Save Best Accuracy: 0.739560 Model
2021-05-21 17:02:59,853 DEBUG   Epoch 16 - avg_train_loss: 0.0007  avg_val_loss: 1.1599 F1: 0.637085  Accuracy: 0.739835 Recall@3: 0.891209 time: 709s
2021-05-21 17:02:59,854 DEBUG   Epoch 16 - Save Best Accuracy: 0.739835 Model
2021-05-21 17:14:50,182 DEBUG   Epoch 17 - avg_train_loss: 0.0007  avg_val_loss: 1.1729 F1: 0.634378  Accuracy: 0.740659 Recall@3: 0.893956 time: 710s
2021-05-21 17:14:50,190 DEBUG   Epoch 17 - Save Best Accuracy: 0.740659 Model
2021-05-21 17:26:40,265 DEBUG   Epoch 18 - avg_train_loss: 0.0007  avg_val_loss: 1.1675 F1: 0.642040  Accuracy: 0.743956 Recall@3: 0.893407 time: 709s
2021-05-21 17:26:40,265 DEBUG   Epoch 18 - Save Best Accuracy: 0.743956 Model
2021-05-21 17:38:29,761 DEBUG   Epoch 19 - avg_train_loss: 0.0005  avg_val_loss: 1.1833 F1: 0.630667  Accuracy: 0.738187 Recall@3: 0.892582 time: 709s
2021-05-21 17:50:22,919 DEBUG   Epoch 20 - avg_train_loss: 0.0005  avg_val_loss: 1.1772 F1: 0.639677  Accuracy: 0.743407 Recall@3: 0.893956 time: 713s
2021-05-21 18:02:15,643 DEBUG   Epoch 21 - avg_train_loss: 0.0005  avg_val_loss: 1.1847 F1: 0.634469  Accuracy: 0.742033 Recall@3: 0.893132 time: 713s
2021-05-21 18:14:08,623 DEBUG   Epoch 22 - avg_train_loss: 0.0005  avg_val_loss: 1.1868 F1: 0.631843  Accuracy: 0.739011 Recall@3: 0.892857 time: 713s
2021-05-21 18:26:01,386 DEBUG   Epoch 23 - avg_train_loss: 0.0004  avg_val_loss: 1.1841 F1: 0.641456  Accuracy: 0.743407 Recall@3: 0.893132 time: 713s
2021-05-21 18:37:54,148 DEBUG   Epoch 24 - avg_train_loss: 0.0004  avg_val_loss: 1.1868 F1: 0.638102  Accuracy: 0.744231 Recall@3: 0.892308 time: 713s
2021-05-21 18:37:54,149 DEBUG   Epoch 24 - Save Best Accuracy: 0.744231 Model
2021-05-21 18:49:44,140 DEBUG   Epoch 25 - avg_train_loss: 0.0005  avg_val_loss: 1.1857 F1: 0.642972  Accuracy: 0.743132 Recall@3: 0.894780 time: 709s
2021-05-21 19:01:36,474 DEBUG   Epoch 26 - avg_train_loss: 0.0004  avg_val_loss: 1.1919 F1: 0.644194  Accuracy: 0.743681 Recall@3: 0.892582 time: 712s
2021-05-21 19:13:28,817 DEBUG   Epoch 27 - avg_train_loss: 0.0004  avg_val_loss: 1.1955 F1: 0.637066  Accuracy: 0.742033 Recall@3: 0.894505 time: 712s
2021-05-21 19:25:21,159 DEBUG   Epoch 28 - avg_train_loss: 0.0005  avg_val_loss: 1.1931 F1: 0.639831  Accuracy: 0.742033 Recall@3: 0.892308 time: 712s
2021-05-21 19:37:14,184 DEBUG   Epoch 29 - avg_train_loss: 0.0003  avg_val_loss: 1.1954 F1: 0.637621  Accuracy: 0.743132 Recall@3: 0.894505 time: 713s
2021-05-21 19:49:06,883 DEBUG   Epoch 30 - avg_train_loss: 0.0004  avg_val_loss: 1.1984 F1: 0.638371  Accuracy: 0.742033 Recall@3: 0.893407 time: 713s
2021-05-21 20:00:59,456 DEBUG   Epoch 31 - avg_train_loss: 0.0003  avg_val_loss: 1.2027 F1: 0.641350  Accuracy: 0.744231 Recall@3: 0.892582 time: 713s
2021-05-21 20:12:52,448 DEBUG   Epoch 32 - avg_train_loss: 0.0004  avg_val_loss: 1.2009 F1: 0.635777  Accuracy: 0.740110 Recall@3: 0.892582 time: 713s
2021-05-21 20:24:42,380 DEBUG   Epoch 33 - avg_train_loss: 0.0003  avg_val_loss: 1.1992 F1: 0.639969  Accuracy: 0.743681 Recall@3: 0.890934 time: 710s
2021-05-21 20:36:35,997 DEBUG   Epoch 34 - avg_train_loss: 0.0003  avg_val_loss: 1.1993 F1: 0.638497  Accuracy: 0.740934 Recall@3: 0.891209 time: 714s
2021-05-21 20:48:28,441 DEBUG   Epoch 35 - avg_train_loss: 0.0003  avg_val_loss: 1.2003 F1: 0.639211  Accuracy: 0.742857 Recall@3: 0.891209 time: 712s
2021-05-21 21:00:21,505 DEBUG   Epoch 36 - avg_train_loss: 0.0003  avg_val_loss: 1.2064 F1: 0.634666  Accuracy: 0.739560 Recall@3: 0.891484 time: 713s
2021-05-21 21:12:13,975 DEBUG   Epoch 37 - avg_train_loss: 0.0003  avg_val_loss: 1.2061 F1: 0.639391  Accuracy: 0.742308 Recall@3: 0.891758 time: 712s
2021-05-21 21:24:06,847 DEBUG   Epoch 38 - avg_train_loss: 0.0003  avg_val_loss: 1.2062 F1: 0.640244  Accuracy: 0.743407 Recall@3: 0.891484 time: 713s
2021-05-21 21:35:59,905 DEBUG   Epoch 39 - avg_train_loss: 0.0003  avg_val_loss: 1.2107 F1: 0.639918  Accuracy: 0.742857 Recall@3: 0.891484 time: 713s
2021-05-21 21:47:52,128 DEBUG   Epoch 40 - avg_train_loss: 0.0003  avg_val_loss: 1.2114 F1: 0.635372  Accuracy: 0.740659 Recall@3: 0.892033 time: 712s
2021-05-21 21:59:44,823 DEBUG   Epoch 41 - avg_train_loss: 0.0003  avg_val_loss: 1.2109 F1: 0.638053  Accuracy: 0.741209 Recall@3: 0.891484 time: 713s
2021-05-21 22:11:37,033 DEBUG   Epoch 42 - avg_train_loss: 0.0002  avg_val_loss: 1.2123 F1: 0.640240  Accuracy: 0.742308 Recall@3: 0.892582 time: 712s
2021-05-21 22:23:28,997 DEBUG   Epoch 43 - avg_train_loss: 0.0003  avg_val_loss: 1.2093 F1: 0.641927  Accuracy: 0.743956 Recall@3: 0.893132 time: 712s
2021-05-21 22:35:21,847 DEBUG   Epoch 44 - avg_train_loss: 0.0003  avg_val_loss: 1.2057 F1: 0.640191  Accuracy: 0.742582 Recall@3: 0.893956 time: 713s
2021-05-21 22:47:14,440 DEBUG   Epoch 45 - avg_train_loss: 0.0003  avg_val_loss: 1.2084 F1: 0.645231  Accuracy: 0.746703 Recall@3: 0.894231 time: 713s
2021-05-21 22:47:14,441 DEBUG   Epoch 45 - Save Best Accuracy: 0.746703 Model
2021-05-21 22:59:03,803 DEBUG   Epoch 46 - avg_train_loss: 0.0002  avg_val_loss: 1.2089 F1: 0.639823  Accuracy: 0.743132 Recall@3: 0.893681 time: 709s
2021-05-21 23:10:56,055 DEBUG   Epoch 47 - avg_train_loss: 0.0002  avg_val_loss: 1.2105 F1: 0.639726  Accuracy: 0.742857 Recall@3: 0.891484 time: 712s
2021-05-21 23:22:48,297 DEBUG   Epoch 48 - avg_train_loss: 0.0003  avg_val_loss: 1.2106 F1: 0.639481  Accuracy: 0.743407 Recall@3: 0.892582 time: 712s
2021-05-21 23:34:40,973 DEBUG   Epoch 49 - avg_train_loss: 0.0002  avg_val_loss: 1.2110 F1: 0.643023  Accuracy: 0.745604 Recall@3: 0.892857 time: 713s
2021-05-21 23:46:33,150 DEBUG   Epoch 50 - avg_train_loss: 0.0002  avg_val_loss: 1.2138 F1: 0.641668  Accuracy: 0.742857 Recall@3: 0.892033 time: 712s
2021-05-21 23:58:22,734 DEBUG   Epoch 51 - avg_train_loss: 0.0002  avg_val_loss: 1.2113 F1: 0.642501  Accuracy: 0.743956 Recall@3: 0.892033 time: 710s
2021-05-22 00:10:15,456 DEBUG   Epoch 52 - avg_train_loss: 0.0002  avg_val_loss: 1.2108 F1: 0.642737  Accuracy: 0.744231 Recall@3: 0.891484 time: 713s
2021-05-22 00:22:07,520 DEBUG   Epoch 53 - avg_train_loss: 0.0003  avg_val_loss: 1.2110 F1: 0.640447  Accuracy: 0.743407 Recall@3: 0.891209 time: 712s
2021-05-22 00:34:00,078 DEBUG   Epoch 54 - avg_train_loss: 0.0002  avg_val_loss: 1.2109 F1: 0.641146  Accuracy: 0.743407 Recall@3: 0.891758 time: 713s
2021-05-22 00:45:52,273 DEBUG   Epoch 55 - avg_train_loss: 0.0002  avg_val_loss: 1.2125 F1: 0.640658  Accuracy: 0.742857 Recall@3: 0.892308 time: 712s
2021-05-22 00:57:44,719 DEBUG   Epoch 56 - avg_train_loss: 0.0003  avg_val_loss: 1.2114 F1: 0.640738  Accuracy: 0.743407 Recall@3: 0.891758 time: 712s
2021-05-22 01:09:37,508 DEBUG   Epoch 57 - avg_train_loss: 0.0002  avg_val_loss: 1.2123 F1: 0.640045  Accuracy: 0.743132 Recall@3: 0.892582 time: 713s
2021-05-22 01:21:30,915 DEBUG   Epoch 58 - avg_train_loss: 0.0002  avg_val_loss: 1.2136 F1: 0.639372  Accuracy: 0.742857 Recall@3: 0.892033 time: 713s
2021-05-22 01:33:23,404 DEBUG   Epoch 59 - avg_train_loss: 0.0003  avg_val_loss: 1.2136 F1: 0.639192  Accuracy: 0.742582 Recall@3: 0.891758 time: 712s
2021-05-22 01:45:15,672 DEBUG   Epoch 60 - avg_train_loss: 0.0002  avg_val_loss: 1.2137 F1: 0.638401  Accuracy: 0.742582 Recall@3: 0.890659 time: 712s
2021-05-22 01:57:05,345 DEBUG   Epoch 61 - avg_train_loss: 0.0002  avg_val_loss: 1.2144 F1: 0.639503  Accuracy: 0.743407 Recall@3: 0.891758 time: 710s
2021-05-22 02:08:58,089 DEBUG   Epoch 62 - avg_train_loss: 0.0002  avg_val_loss: 1.2144 F1: 0.639426  Accuracy: 0.743132 Recall@3: 0.891209 time: 713s
2021-05-22 02:20:49,506 DEBUG   Epoch 63 - avg_train_loss: 0.0002  avg_val_loss: 1.2146 F1: 0.639467  Accuracy: 0.743407 Recall@3: 0.892308 time: 711s
2021-05-22 02:32:39,573 DEBUG   Epoch 64 - avg_train_loss: 0.0003  avg_val_loss: 1.2151 F1: 0.638966  Accuracy: 0.742857 Recall@3: 0.892308 time: 710s
2021-05-22 02:44:26,554 DEBUG   Epoch 65 - avg_train_loss: 0.0003  avg_val_loss: 1.2164 F1: 0.640125  Accuracy: 0.743407 Recall@3: 0.892857 time: 707s
2021-05-22 02:56:16,900 DEBUG   Epoch 66 - avg_train_loss: 0.0002  avg_val_loss: 1.2175 F1: 0.640385  Accuracy: 0.743407 Recall@3: 0.891758 time: 710s
2021-05-22 03:08:06,858 DEBUG   Epoch 67 - avg_train_loss: 0.0003  avg_val_loss: 1.2169 F1: 0.639539  Accuracy: 0.743681 Recall@3: 0.891484 time: 710s
2021-05-22 03:19:56,953 DEBUG   Epoch 68 - avg_train_loss: 0.0002  avg_val_loss: 1.2171 F1: 0.640750  Accuracy: 0.744231 Recall@3: 0.892308 time: 710s
2021-05-22 03:31:47,276 DEBUG   Epoch 69 - avg_train_loss: 0.0002  avg_val_loss: 1.2170 F1: 0.640248  Accuracy: 0.743956 Recall@3: 0.891758 time: 710s
2021-05-22 03:43:37,383 DEBUG   Epoch 70 - avg_train_loss: 0.0002  avg_val_loss: 1.2160 F1: 0.639292  Accuracy: 0.742857 Recall@3: 0.891209 time: 710s
2021-05-22 03:55:27,334 DEBUG   Epoch 71 - avg_train_loss: 0.0002  avg_val_loss: 1.2163 F1: 0.639061  Accuracy: 0.743132 Recall@3: 0.891758 time: 710s
2021-05-22 04:07:17,200 DEBUG   Epoch 72 - avg_train_loss: 0.0002  avg_val_loss: 1.2169 F1: 0.639899  Accuracy: 0.743681 Recall@3: 0.891758 time: 710s
2021-05-22 04:19:07,108 DEBUG   Epoch 73 - avg_train_loss: 0.0002  avg_val_loss: 1.2171 F1: 0.639818  Accuracy: 0.743407 Recall@3: 0.892308 time: 710s
2021-05-22 04:30:57,270 DEBUG   Epoch 74 - avg_train_loss: 0.0002  avg_val_loss: 1.2168 F1: 0.639950  Accuracy: 0.743132 Recall@3: 0.892308 time: 710s
2021-05-22 04:42:47,312 DEBUG   Epoch 75 - avg_train_loss: 0.0002  avg_val_loss: 1.2164 F1: 0.639520  Accuracy: 0.743407 Recall@3: 0.892308 time: 710s
2021-05-22 04:54:37,319 DEBUG   Epoch 76 - avg_train_loss: 0.0002  avg_val_loss: 1.2152 F1: 0.638573  Accuracy: 0.742308 Recall@3: 0.891484 time: 710s
2021-05-22 05:06:27,787 DEBUG   Epoch 77 - avg_train_loss: 0.0003  avg_val_loss: 1.2158 F1: 0.638825  Accuracy: 0.742308 Recall@3: 0.890934 time: 710s
2021-05-22 05:18:17,950 DEBUG   Epoch 78 - avg_train_loss: 0.0002  avg_val_loss: 1.2159 F1: 0.639075  Accuracy: 0.742582 Recall@3: 0.890385 time: 710s
2021-05-22 05:30:08,537 DEBUG   Epoch 79 - avg_train_loss: 0.0002  avg_val_loss: 1.2163 F1: 0.639651  Accuracy: 0.742308 Recall@3: 0.890659 time: 711s
2021-05-22 05:41:59,348 DEBUG   Epoch 80 - avg_train_loss: 0.0002  avg_val_loss: 1.2161 F1: 0.640167  Accuracy: 0.743407 Recall@3: 0.890110 time: 711s
2021-05-22 05:53:49,586 DEBUG   Epoch 81 - avg_train_loss: 0.0002  avg_val_loss: 1.2162 F1: 0.640736  Accuracy: 0.744231 Recall@3: 0.890934 time: 710s
2021-05-22 06:05:39,681 DEBUG   Epoch 82 - avg_train_loss: 0.0002  avg_val_loss: 1.2157 F1: 0.639816  Accuracy: 0.743132 Recall@3: 0.890934 time: 710s
2021-05-22 06:17:29,960 DEBUG   Epoch 83 - avg_train_loss: 0.0002  avg_val_loss: 1.2158 F1: 0.639535  Accuracy: 0.743132 Recall@3: 0.890934 time: 710s
2021-05-22 06:29:20,353 DEBUG   Epoch 84 - avg_train_loss: 0.0002  avg_val_loss: 1.2156 F1: 0.640588  Accuracy: 0.744231 Recall@3: 0.890934 time: 710s
2021-05-22 06:41:11,117 DEBUG   Epoch 85 - avg_train_loss: 0.0003  avg_val_loss: 1.2155 F1: 0.639284  Accuracy: 0.743407 Recall@3: 0.890659 time: 711s
2021-05-22 06:53:02,156 DEBUG   Epoch 86 - avg_train_loss: 0.0002  avg_val_loss: 1.2153 F1: 0.638609  Accuracy: 0.742308 Recall@3: 0.890659 time: 711s
2021-05-22 07:04:53,367 DEBUG   Epoch 87 - avg_train_loss: 0.0002  avg_val_loss: 1.2154 F1: 0.639377  Accuracy: 0.742857 Recall@3: 0.890934 time: 711s
2021-05-22 07:16:44,995 DEBUG   Epoch 88 - avg_train_loss: 0.0003  avg_val_loss: 1.2157 F1: 0.639258  Accuracy: 0.742857 Recall@3: 0.890934 time: 712s
2021-05-22 07:28:36,312 DEBUG   Epoch 89 - avg_train_loss: 0.0003  avg_val_loss: 1.2155 F1: 0.638374  Accuracy: 0.742308 Recall@3: 0.891484 time: 711s
2021-05-22 07:40:27,671 DEBUG   Epoch 90 - avg_train_loss: 0.0002  avg_val_loss: 1.2157 F1: 0.639147  Accuracy: 0.742582 Recall@3: 0.891209 time: 711s
2021-05-22 07:52:19,097 DEBUG   Epoch 91 - avg_train_loss: 0.0002  avg_val_loss: 1.2154 F1: 0.638425  Accuracy: 0.742308 Recall@3: 0.891209 time: 711s
2021-05-22 08:04:10,107 DEBUG   Epoch 92 - avg_train_loss: 0.0002  avg_val_loss: 1.2156 F1: 0.639183  Accuracy: 0.742582 Recall@3: 0.890659 time: 711s
2021-05-22 08:16:01,504 DEBUG   Epoch 93 - avg_train_loss: 0.0002  avg_val_loss: 1.2158 F1: 0.638943  Accuracy: 0.742308 Recall@3: 0.890659 time: 711s
2021-05-22 08:27:52,594 DEBUG   Epoch 94 - avg_train_loss: 0.0002  avg_val_loss: 1.2158 F1: 0.638777  Accuracy: 0.742308 Recall@3: 0.890934 time: 711s
2021-05-22 08:39:44,281 DEBUG   Epoch 95 - avg_train_loss: 0.0002  avg_val_loss: 1.2159 F1: 0.638219  Accuracy: 0.742308 Recall@3: 0.890934 time: 712s
2021-05-22 08:51:35,481 DEBUG   Epoch 96 - avg_train_loss: 0.0002  avg_val_loss: 1.2158 F1: 0.637903  Accuracy: 0.742033 Recall@3: 0.891484 time: 711s
2021-05-22 09:03:26,948 DEBUG   Epoch 97 - avg_train_loss: 0.0002  avg_val_loss: 1.2160 F1: 0.638096  Accuracy: 0.742308 Recall@3: 0.890934 time: 711s
2021-05-22 09:15:17,760 DEBUG   Epoch 98 - avg_train_loss: 0.0002  avg_val_loss: 1.2160 F1: 0.638292  Accuracy: 0.742308 Recall@3: 0.890934 time: 711s
2021-05-22 09:27:08,786 DEBUG   Epoch 99 - avg_train_loss: 0.0002  avg_val_loss: 1.2159 F1: 0.638124  Accuracy: 0.742308 Recall@3: 0.891484 time: 711s
2021-05-22 09:38:59,822 DEBUG   Epoch 100 - avg_train_loss: 0.0002  avg_val_loss: 1.2161 F1: 0.638499  Accuracy: 0.742308 Recall@3: 0.891209 time: 711s
2021-05-22 09:38:59,823 INFO [Train model] done in 71148 s.
