2021-06-11 17:34:47,880 INFO [Train model] start
2021-06-11 17:43:55,962 DEBUG   Epoch 1 - avg_train_loss: 0.1386  avg_val_loss: 1.5685 F1: 0.404700  Accuracy: 0.569231 Recall@3: 0.781593 time: 547s
2021-06-11 17:43:55,963 DEBUG   Epoch 1 - Save Best Accuracy: 0.569231 Model
2021-06-11 17:43:56,411 DEBUG   Epoch 1 - Save Best Loss: 1.5685 Model
2021-06-11 17:53:10,985 DEBUG   Epoch 2 - avg_train_loss: 0.0772  avg_val_loss: 1.4224 F1: 0.479780  Accuracy: 0.605769 Recall@3: 0.809890 time: 554s
2021-06-11 17:53:10,987 DEBUG   Epoch 2 - Save Best Accuracy: 0.605769 Model
2021-06-11 17:53:11,844 DEBUG   Epoch 2 - Save Best Loss: 1.4224 Model
2021-06-11 18:02:37,709 DEBUG   Epoch 3 - avg_train_loss: 0.0753  avg_val_loss: 1.3825 F1: 0.501640  Accuracy: 0.626648 Recall@3: 0.813736 time: 565s
2021-06-11 18:02:37,710 DEBUG   Epoch 3 - Save Best Accuracy: 0.626648 Model
2021-06-11 18:02:47,464 DEBUG   Epoch 3 - Save Best Loss: 1.3825 Model
2021-06-11 18:12:04,432 DEBUG   Epoch 4 - avg_train_loss: 0.0476  avg_val_loss: 1.3423 F1: 0.509727  Accuracy: 0.633242 Recall@3: 0.826099 time: 556s
2021-06-11 18:12:04,433 DEBUG   Epoch 4 - Save Best Accuracy: 0.633242 Model
2021-06-11 18:12:05,780 DEBUG   Epoch 4 - Save Best Loss: 1.3423 Model
2021-06-11 18:21:25,904 DEBUG   Epoch 5 - avg_train_loss: 0.0316  avg_val_loss: 1.3147 F1: 0.544138  Accuracy: 0.647802 Recall@3: 0.842857 time: 559s
2021-06-11 18:21:25,905 DEBUG   Epoch 5 - Save Best Accuracy: 0.647802 Model
2021-06-11 18:21:26,609 DEBUG   Epoch 5 - Save Best Loss: 1.3147 Model
2021-06-11 18:30:43,204 DEBUG   Epoch 6 - avg_train_loss: 0.0225  avg_val_loss: 1.3649 F1: 0.543317  Accuracy: 0.650824 Recall@3: 0.841209 time: 556s
2021-06-11 18:30:43,205 DEBUG   Epoch 6 - Save Best Accuracy: 0.650824 Model
2021-06-11 18:40:01,857 DEBUG   Epoch 7 - avg_train_loss: 0.0156  avg_val_loss: 1.3831 F1: 0.548986  Accuracy: 0.656319 Recall@3: 0.843956 time: 558s
2021-06-11 18:40:01,857 DEBUG   Epoch 7 - Save Best Accuracy: 0.656319 Model
2021-06-11 18:49:19,570 DEBUG   Epoch 8 - avg_train_loss: 0.0089  avg_val_loss: 1.3590 F1: 0.564156  Accuracy: 0.667308 Recall@3: 0.847802 time: 557s
2021-06-11 18:49:19,572 DEBUG   Epoch 8 - Save Best Accuracy: 0.667308 Model
2021-06-11 18:58:37,289 DEBUG   Epoch 9 - avg_train_loss: 0.0050  avg_val_loss: 1.3799 F1: 0.559204  Accuracy: 0.667033 Recall@3: 0.851923 time: 557s
2021-06-11 19:07:56,687 DEBUG   Epoch 10 - avg_train_loss: 0.0039  avg_val_loss: 1.3430 F1: 0.574790  Accuracy: 0.680220 Recall@3: 0.854396 time: 559s
2021-06-11 19:07:56,690 DEBUG   Epoch 10 - Save Best Accuracy: 0.680220 Model
2021-06-11 19:17:17,447 DEBUG   Epoch 11 - avg_train_loss: 0.0025  avg_val_loss: 1.3754 F1: 0.569492  Accuracy: 0.679670 Recall@3: 0.854945 time: 559s
2021-06-11 19:26:36,476 DEBUG   Epoch 12 - avg_train_loss: 0.0020  avg_val_loss: 1.3748 F1: 0.586378  Accuracy: 0.687363 Recall@3: 0.853846 time: 559s
2021-06-11 19:26:36,477 DEBUG   Epoch 12 - Save Best Accuracy: 0.687363 Model
2021-06-11 19:35:54,796 DEBUG   Epoch 13 - avg_train_loss: 0.0016  avg_val_loss: 1.3840 F1: 0.580833  Accuracy: 0.686813 Recall@3: 0.856319 time: 558s
2021-06-11 19:45:13,185 DEBUG   Epoch 14 - avg_train_loss: 0.0015  avg_val_loss: 1.3887 F1: 0.575529  Accuracy: 0.687088 Recall@3: 0.859066 time: 558s
2021-06-11 19:54:30,775 DEBUG   Epoch 15 - avg_train_loss: 0.0011  avg_val_loss: 1.4118 F1: 0.578823  Accuracy: 0.689011 Recall@3: 0.852747 time: 558s
2021-06-11 19:54:30,776 DEBUG   Epoch 15 - Save Best Accuracy: 0.689011 Model
2021-06-11 20:03:50,943 DEBUG   Epoch 16 - avg_train_loss: 0.0011  avg_val_loss: 1.3970 F1: 0.576318  Accuracy: 0.686813 Recall@3: 0.856593 time: 559s
2021-06-11 20:13:09,689 DEBUG   Epoch 17 - avg_train_loss: 0.0009  avg_val_loss: 1.3990 F1: 0.586350  Accuracy: 0.693956 Recall@3: 0.861813 time: 559s
2021-06-11 20:13:09,690 DEBUG   Epoch 17 - Save Best Accuracy: 0.693956 Model
2021-06-11 20:22:30,187 DEBUG   Epoch 18 - avg_train_loss: 0.0008  avg_val_loss: 1.4007 F1: 0.590719  Accuracy: 0.695604 Recall@3: 0.862637 time: 560s
2021-06-11 20:22:30,188 DEBUG   Epoch 18 - Save Best Accuracy: 0.695604 Model
2021-06-11 20:31:58,731 DEBUG   Epoch 19 - avg_train_loss: 0.0008  avg_val_loss: 1.4003 F1: 0.589016  Accuracy: 0.693132 Recall@3: 0.862912 time: 568s
2021-06-11 20:41:18,116 DEBUG   Epoch 20 - avg_train_loss: 0.0007  avg_val_loss: 1.4002 F1: 0.588463  Accuracy: 0.694780 Recall@3: 0.860440 time: 559s
2021-06-11 20:50:38,347 DEBUG   Epoch 21 - avg_train_loss: 0.0007  avg_val_loss: 1.4164 F1: 0.589588  Accuracy: 0.691758 Recall@3: 0.864286 time: 560s
2021-06-11 20:59:57,995 DEBUG   Epoch 22 - avg_train_loss: 0.0006  avg_val_loss: 1.4142 F1: 0.587323  Accuracy: 0.694231 Recall@3: 0.863462 time: 560s
2021-06-11 21:09:18,673 DEBUG   Epoch 23 - avg_train_loss: 0.0006  avg_val_loss: 1.4188 F1: 0.590138  Accuracy: 0.697253 Recall@3: 0.862912 time: 561s
2021-06-11 21:09:18,674 DEBUG   Epoch 23 - Save Best Accuracy: 0.697253 Model
2021-06-11 21:18:39,506 DEBUG   Epoch 24 - avg_train_loss: 0.0005  avg_val_loss: 1.4171 F1: 0.589923  Accuracy: 0.696154 Recall@3: 0.863736 time: 560s
2021-06-11 21:27:59,972 DEBUG   Epoch 25 - avg_train_loss: 0.0005  avg_val_loss: 1.4236 F1: 0.587532  Accuracy: 0.693681 Recall@3: 0.865934 time: 560s
2021-06-11 21:37:20,491 DEBUG   Epoch 26 - avg_train_loss: 0.0005  avg_val_loss: 1.4193 F1: 0.589251  Accuracy: 0.695604 Recall@3: 0.863736 time: 561s
2021-06-11 21:46:40,133 DEBUG   Epoch 27 - avg_train_loss: 0.0004  avg_val_loss: 1.4308 F1: 0.593643  Accuracy: 0.696703 Recall@3: 0.861538 time: 560s
2021-06-11 21:56:00,044 DEBUG   Epoch 28 - avg_train_loss: 0.0005  avg_val_loss: 1.4300 F1: 0.590489  Accuracy: 0.694505 Recall@3: 0.864011 time: 560s
2021-06-11 22:05:18,643 DEBUG   Epoch 29 - avg_train_loss: 0.0004  avg_val_loss: 1.4359 F1: 0.592628  Accuracy: 0.696978 Recall@3: 0.863462 time: 559s
2021-06-11 22:14:38,364 DEBUG   Epoch 30 - avg_train_loss: 0.0004  avg_val_loss: 1.4247 F1: 0.591645  Accuracy: 0.696703 Recall@3: 0.864011 time: 560s
2021-06-11 22:23:57,914 DEBUG   Epoch 31 - avg_train_loss: 0.0004  avg_val_loss: 1.4272 F1: 0.594046  Accuracy: 0.698626 Recall@3: 0.864011 time: 560s
2021-06-11 22:23:57,915 DEBUG   Epoch 31 - Save Best Accuracy: 0.698626 Model
2021-06-11 22:33:19,030 DEBUG   Epoch 32 - avg_train_loss: 0.0004  avg_val_loss: 1.4328 F1: 0.590256  Accuracy: 0.698077 Recall@3: 0.864835 time: 560s
2021-06-11 22:42:39,574 DEBUG   Epoch 33 - avg_train_loss: 0.0005  avg_val_loss: 1.4253 F1: 0.593715  Accuracy: 0.696154 Recall@3: 0.864286 time: 561s
2021-06-11 22:51:59,727 DEBUG   Epoch 34 - avg_train_loss: 0.0004  avg_val_loss: 1.4332 F1: 0.594546  Accuracy: 0.697802 Recall@3: 0.863187 time: 560s
2021-06-11 23:01:25,934 DEBUG   Epoch 35 - avg_train_loss: 0.0004  avg_val_loss: 1.4322 F1: 0.595095  Accuracy: 0.697527 Recall@3: 0.867033 time: 566s
2021-06-11 23:10:46,388 DEBUG   Epoch 36 - avg_train_loss: 0.0004  avg_val_loss: 1.4339 F1: 0.596624  Accuracy: 0.699176 Recall@3: 0.865110 time: 560s
2021-06-11 23:10:46,390 DEBUG   Epoch 36 - Save Best Accuracy: 0.699176 Model
2021-06-11 23:20:08,344 DEBUG   Epoch 37 - avg_train_loss: 0.0004  avg_val_loss: 1.4326 F1: 0.600270  Accuracy: 0.702747 Recall@3: 0.864011 time: 561s
2021-06-11 23:20:08,345 DEBUG   Epoch 37 - Save Best Accuracy: 0.702747 Model
2021-06-11 23:29:29,654 DEBUG   Epoch 38 - avg_train_loss: 0.0004  avg_val_loss: 1.4308 F1: 0.599098  Accuracy: 0.701923 Recall@3: 0.864011 time: 560s
2021-06-11 23:38:50,435 DEBUG   Epoch 39 - avg_train_loss: 0.0003  avg_val_loss: 1.4302 F1: 0.594663  Accuracy: 0.701099 Recall@3: 0.864560 time: 561s
2021-06-11 23:48:10,639 DEBUG   Epoch 40 - avg_train_loss: 0.0003  avg_val_loss: 1.4288 F1: 0.600789  Accuracy: 0.702473 Recall@3: 0.865659 time: 560s
2021-06-11 23:57:32,542 DEBUG   Epoch 41 - avg_train_loss: 0.0004  avg_val_loss: 1.4337 F1: 0.596032  Accuracy: 0.698626 Recall@3: 0.865110 time: 562s
2021-06-12 00:06:52,099 DEBUG   Epoch 42 - avg_train_loss: 0.0004  avg_val_loss: 1.4342 F1: 0.596369  Accuracy: 0.698901 Recall@3: 0.865385 time: 560s
2021-06-12 00:16:13,004 DEBUG   Epoch 43 - avg_train_loss: 0.0003  avg_val_loss: 1.4302 F1: 0.592963  Accuracy: 0.697527 Recall@3: 0.867033 time: 561s
2021-06-12 00:25:33,196 DEBUG   Epoch 44 - avg_train_loss: 0.0003  avg_val_loss: 1.4333 F1: 0.594676  Accuracy: 0.698077 Recall@3: 0.865385 time: 560s
2021-06-12 00:34:52,536 DEBUG   Epoch 45 - avg_train_loss: 0.0003  avg_val_loss: 1.4349 F1: 0.595341  Accuracy: 0.699176 Recall@3: 0.868956 time: 559s
2021-06-12 00:44:11,956 DEBUG   Epoch 46 - avg_train_loss: 0.0004  avg_val_loss: 1.4354 F1: 0.593720  Accuracy: 0.698901 Recall@3: 0.867308 time: 559s
2021-06-12 00:53:32,262 DEBUG   Epoch 47 - avg_train_loss: 0.0003  avg_val_loss: 1.4354 F1: 0.595128  Accuracy: 0.698352 Recall@3: 0.867582 time: 560s
2021-06-12 01:02:52,606 DEBUG   Epoch 48 - avg_train_loss: 0.0003  avg_val_loss: 1.4317 F1: 0.594927  Accuracy: 0.699451 Recall@3: 0.869231 time: 560s
2021-06-12 01:12:13,690 DEBUG   Epoch 49 - avg_train_loss: 0.0003  avg_val_loss: 1.4340 F1: 0.594367  Accuracy: 0.697527 Recall@3: 0.867582 time: 561s
2021-06-12 01:21:34,945 DEBUG   Epoch 50 - avg_train_loss: 0.0003  avg_val_loss: 1.4350 F1: 0.597168  Accuracy: 0.698901 Recall@3: 0.866209 time: 561s
2021-06-12 01:30:56,453 DEBUG   Epoch 51 - avg_train_loss: 0.0003  avg_val_loss: 1.4353 F1: 0.597469  Accuracy: 0.701374 Recall@3: 0.867857 time: 562s
2021-06-12 01:40:18,504 DEBUG   Epoch 52 - avg_train_loss: 0.0003  avg_val_loss: 1.4362 F1: 0.595342  Accuracy: 0.699725 Recall@3: 0.865934 time: 562s
2021-06-12 01:49:38,263 DEBUG   Epoch 53 - avg_train_loss: 0.0003  avg_val_loss: 1.4365 F1: 0.596623  Accuracy: 0.700549 Recall@3: 0.867582 time: 560s
2021-06-12 01:58:58,154 DEBUG   Epoch 54 - avg_train_loss: 0.0003  avg_val_loss: 1.4374 F1: 0.597786  Accuracy: 0.700549 Recall@3: 0.867033 time: 560s
2021-06-12 02:08:18,330 DEBUG   Epoch 55 - avg_train_loss: 0.0003  avg_val_loss: 1.4370 F1: 0.597667  Accuracy: 0.700824 Recall@3: 0.868956 time: 560s
2021-06-12 02:17:38,315 DEBUG   Epoch 56 - avg_train_loss: 0.0003  avg_val_loss: 1.4386 F1: 0.595488  Accuracy: 0.700000 Recall@3: 0.866484 time: 560s
2021-06-12 02:26:58,706 DEBUG   Epoch 57 - avg_train_loss: 0.0003  avg_val_loss: 1.4364 F1: 0.598382  Accuracy: 0.701923 Recall@3: 0.867582 time: 560s
2021-06-12 02:36:19,049 DEBUG   Epoch 58 - avg_train_loss: 0.0002  avg_val_loss: 1.4369 F1: 0.597799  Accuracy: 0.700549 Recall@3: 0.867033 time: 560s
2021-06-12 02:45:40,556 DEBUG   Epoch 59 - avg_train_loss: 0.0003  avg_val_loss: 1.4362 F1: 0.595592  Accuracy: 0.700275 Recall@3: 0.866484 time: 562s
2021-06-12 02:55:03,536 DEBUG   Epoch 60 - avg_train_loss: 0.0003  avg_val_loss: 1.4355 F1: 0.597338  Accuracy: 0.700000 Recall@3: 0.866484 time: 563s
2021-06-12 03:04:25,649 DEBUG   Epoch 61 - avg_train_loss: 0.0003  avg_val_loss: 1.4364 F1: 0.596611  Accuracy: 0.699451 Recall@3: 0.867308 time: 562s
2021-06-12 03:13:46,407 DEBUG   Epoch 62 - avg_train_loss: 0.0003  avg_val_loss: 1.4355 F1: 0.598727  Accuracy: 0.700000 Recall@3: 0.867308 time: 561s
2021-06-12 03:23:07,513 DEBUG   Epoch 63 - avg_train_loss: 0.0003  avg_val_loss: 1.4377 F1: 0.600130  Accuracy: 0.701923 Recall@3: 0.867857 time: 561s
2021-06-12 03:32:29,075 DEBUG   Epoch 64 - avg_train_loss: 0.0003  avg_val_loss: 1.4375 F1: 0.600642  Accuracy: 0.701923 Recall@3: 0.866758 time: 562s
2021-06-12 03:41:49,232 DEBUG   Epoch 65 - avg_train_loss: 0.0003  avg_val_loss: 1.4376 F1: 0.597572  Accuracy: 0.700824 Recall@3: 0.866209 time: 560s
2021-06-12 03:51:10,924 DEBUG   Epoch 66 - avg_train_loss: 0.0003  avg_val_loss: 1.4380 F1: 0.597777  Accuracy: 0.701648 Recall@3: 0.866209 time: 562s
2021-06-12 04:00:32,005 DEBUG   Epoch 67 - avg_train_loss: 0.0003  avg_val_loss: 1.4380 F1: 0.596999  Accuracy: 0.701099 Recall@3: 0.867857 time: 561s
2021-06-12 04:09:52,621 DEBUG   Epoch 68 - avg_train_loss: 0.0003  avg_val_loss: 1.4377 F1: 0.597678  Accuracy: 0.701923 Recall@3: 0.868407 time: 561s
2021-06-12 04:19:12,907 DEBUG   Epoch 69 - avg_train_loss: 0.0002  avg_val_loss: 1.4382 F1: 0.599164  Accuracy: 0.701374 Recall@3: 0.868956 time: 560s
2021-06-12 04:28:33,379 DEBUG   Epoch 70 - avg_train_loss: 0.0003  avg_val_loss: 1.4378 F1: 0.600269  Accuracy: 0.702198 Recall@3: 0.867857 time: 560s
2021-06-12 04:37:54,917 DEBUG   Epoch 71 - avg_train_loss: 0.0003  avg_val_loss: 1.4381 F1: 0.599137  Accuracy: 0.701099 Recall@3: 0.867582 time: 562s
2021-06-12 04:47:15,857 DEBUG   Epoch 72 - avg_train_loss: 0.0003  avg_val_loss: 1.4384 F1: 0.599513  Accuracy: 0.701374 Recall@3: 0.868681 time: 561s
2021-06-12 04:56:38,021 DEBUG   Epoch 73 - avg_train_loss: 0.0003  avg_val_loss: 1.4378 F1: 0.600043  Accuracy: 0.701923 Recall@3: 0.869505 time: 562s
2021-06-12 05:06:00,404 DEBUG   Epoch 74 - avg_train_loss: 0.0003  avg_val_loss: 1.4385 F1: 0.599658  Accuracy: 0.701648 Recall@3: 0.869505 time: 562s
2021-06-12 05:15:24,449 DEBUG   Epoch 75 - avg_train_loss: 0.0003  avg_val_loss: 1.4380 F1: 0.600110  Accuracy: 0.701648 Recall@3: 0.867857 time: 564s
2021-06-12 05:24:49,112 DEBUG   Epoch 76 - avg_train_loss: 0.0003  avg_val_loss: 1.4380 F1: 0.599480  Accuracy: 0.700549 Recall@3: 0.868407 time: 565s
2021-06-12 05:34:11,381 DEBUG   Epoch 77 - avg_train_loss: 0.0002  avg_val_loss: 1.4381 F1: 0.599743  Accuracy: 0.700824 Recall@3: 0.868132 time: 562s
2021-06-12 05:43:35,492 DEBUG   Epoch 78 - avg_train_loss: 0.0003  avg_val_loss: 1.4383 F1: 0.599770  Accuracy: 0.700824 Recall@3: 0.867582 time: 564s
2021-06-12 05:52:59,934 DEBUG   Epoch 79 - avg_train_loss: 0.0002  avg_val_loss: 1.4381 F1: 0.598600  Accuracy: 0.699725 Recall@3: 0.867582 time: 564s
2021-06-12 06:02:26,022 DEBUG   Epoch 80 - avg_train_loss: 0.0003  avg_val_loss: 1.4381 F1: 0.600165  Accuracy: 0.700275 Recall@3: 0.868956 time: 566s
2021-06-12 06:11:50,939 DEBUG   Epoch 81 - avg_train_loss: 0.0002  avg_val_loss: 1.4381 F1: 0.599839  Accuracy: 0.701099 Recall@3: 0.867582 time: 565s
2021-06-12 06:21:15,303 DEBUG   Epoch 82 - avg_train_loss: 0.0003  avg_val_loss: 1.4379 F1: 0.598745  Accuracy: 0.700000 Recall@3: 0.867582 time: 564s
2021-06-12 06:30:43,041 DEBUG   Epoch 83 - avg_train_loss: 0.0003  avg_val_loss: 1.4381 F1: 0.598989  Accuracy: 0.700824 Recall@3: 0.867857 time: 568s
2021-06-12 06:40:09,194 DEBUG   Epoch 84 - avg_train_loss: 0.0003  avg_val_loss: 1.4386 F1: 0.598630  Accuracy: 0.700275 Recall@3: 0.867308 time: 566s
2021-06-12 06:49:35,654 DEBUG   Epoch 85 - avg_train_loss: 0.0003  avg_val_loss: 1.4384 F1: 0.597545  Accuracy: 0.698901 Recall@3: 0.868132 time: 566s
2021-06-12 06:59:02,879 DEBUG   Epoch 86 - avg_train_loss: 0.0003  avg_val_loss: 1.4385 F1: 0.598277  Accuracy: 0.699725 Recall@3: 0.867857 time: 567s
2021-06-12 07:08:30,236 DEBUG   Epoch 87 - avg_train_loss: 0.0003  avg_val_loss: 1.4392 F1: 0.600086  Accuracy: 0.701099 Recall@3: 0.867308 time: 567s
2021-06-12 07:17:57,373 DEBUG   Epoch 88 - avg_train_loss: 0.0002  avg_val_loss: 1.4392 F1: 0.599472  Accuracy: 0.700824 Recall@3: 0.867582 time: 567s
2021-06-12 07:27:24,484 DEBUG   Epoch 89 - avg_train_loss: 0.0003  avg_val_loss: 1.4393 F1: 0.599546  Accuracy: 0.700824 Recall@3: 0.867308 time: 567s
2021-06-12 07:36:50,835 DEBUG   Epoch 90 - avg_train_loss: 0.0003  avg_val_loss: 1.4393 F1: 0.599305  Accuracy: 0.700824 Recall@3: 0.867857 time: 566s
2021-06-12 07:46:19,347 DEBUG   Epoch 91 - avg_train_loss: 0.0002  avg_val_loss: 1.4390 F1: 0.599321  Accuracy: 0.701099 Recall@3: 0.868407 time: 569s
2021-06-12 07:55:47,231 DEBUG   Epoch 92 - avg_train_loss: 0.0003  avg_val_loss: 1.4386 F1: 0.598685  Accuracy: 0.700000 Recall@3: 0.868681 time: 568s
2021-06-12 08:05:16,844 DEBUG   Epoch 93 - avg_train_loss: 0.0002  avg_val_loss: 1.4391 F1: 0.598538  Accuracy: 0.700000 Recall@3: 0.868407 time: 570s
2021-06-12 08:14:45,554 DEBUG   Epoch 94 - avg_train_loss: 0.0003  avg_val_loss: 1.4388 F1: 0.599579  Accuracy: 0.701099 Recall@3: 0.868407 time: 569s
2021-06-12 08:24:12,439 DEBUG   Epoch 95 - avg_train_loss: 0.0002  avg_val_loss: 1.4387 F1: 0.599449  Accuracy: 0.700824 Recall@3: 0.868681 time: 567s
2021-06-12 08:33:39,093 DEBUG   Epoch 96 - avg_train_loss: 0.0002  avg_val_loss: 1.4390 F1: 0.599321  Accuracy: 0.700824 Recall@3: 0.868407 time: 567s
2021-06-12 08:43:06,685 DEBUG   Epoch 97 - avg_train_loss: 0.0003  avg_val_loss: 1.4388 F1: 0.599046  Accuracy: 0.700275 Recall@3: 0.868681 time: 568s
2021-06-12 08:52:34,908 DEBUG   Epoch 98 - avg_train_loss: 0.0003  avg_val_loss: 1.4387 F1: 0.598931  Accuracy: 0.700275 Recall@3: 0.868407 time: 568s
2021-06-12 09:02:04,050 DEBUG   Epoch 99 - avg_train_loss: 0.0002  avg_val_loss: 1.4388 F1: 0.598903  Accuracy: 0.700275 Recall@3: 0.868407 time: 569s
2021-06-12 09:11:31,815 DEBUG   Epoch 100 - avg_train_loss: 0.0002  avg_val_loss: 1.4389 F1: 0.600162  Accuracy: 0.701099 Recall@3: 0.868132 time: 568s
2021-06-12 09:11:31,816 INFO [Train model] done in 56204 s.
