2021-05-21 13:16:12,416 INFO [Train model] start
2021-05-21 13:53:44,546 DEBUG   Epoch 1 - avg_train_loss: 0.0073  avg_val_loss: 1.3034 F1: 0.495540  Accuracy: 0.648352 Recall@3: 0.824725 time: 2251s
2021-05-21 13:53:44,547 DEBUG   Epoch 1 - Save Best Accuracy: 0.648352 Model
2021-05-21 13:53:45,763 DEBUG   Epoch 1 - Save Best Loss: 1.3034 Model
2021-05-21 15:06:54,751 DEBUG   Epoch 2 - avg_train_loss: 0.0035  avg_val_loss: 1.1525 F1: 0.536212  Accuracy: 0.678297 Recall@3: 0.860714 time: 4388s
2021-05-21 15:06:54,752 DEBUG   Epoch 2 - Save Best Accuracy: 0.678297 Model
2021-05-21 15:06:56,952 DEBUG   Epoch 2 - Save Best Loss: 1.1525 Model
2021-05-21 16:24:02,308 DEBUG   Epoch 3 - avg_train_loss: 0.0021  avg_val_loss: 1.1072 F1: 0.574937  Accuracy: 0.701923 Recall@3: 0.873352 time: 4623s
2021-05-21 16:24:02,310 DEBUG   Epoch 3 - Save Best Accuracy: 0.701923 Model
2021-05-21 16:24:04,634 DEBUG   Epoch 3 - Save Best Loss: 1.1072 Model
2021-05-21 17:40:56,414 DEBUG   Epoch 4 - avg_train_loss: 0.0011  avg_val_loss: 1.1196 F1: 0.607506  Accuracy: 0.714011 Recall@3: 0.877747 time: 4609s
2021-05-21 17:40:56,416 DEBUG   Epoch 4 - Save Best Accuracy: 0.714011 Model
2021-05-21 18:57:59,393 DEBUG   Epoch 5 - avg_train_loss: 0.0005  avg_val_loss: 1.0784 F1: 0.625104  Accuracy: 0.729670 Recall@3: 0.883791 time: 4621s
2021-05-21 18:57:59,395 DEBUG   Epoch 5 - Save Best Accuracy: 0.729670 Model
2021-05-21 18:58:01,812 DEBUG   Epoch 5 - Save Best Loss: 1.0784 Model
2021-05-21 20:14:47,272 DEBUG   Epoch 6 - avg_train_loss: 0.0003  avg_val_loss: 1.1161 F1: 0.639242  Accuracy: 0.735165 Recall@3: 0.886813 time: 4603s
2021-05-21 20:14:47,274 DEBUG   Epoch 6 - Save Best Accuracy: 0.735165 Model
2021-05-21 21:31:45,267 DEBUG   Epoch 7 - avg_train_loss: 0.0001  avg_val_loss: 1.0898 F1: 0.643769  Accuracy: 0.736538 Recall@3: 0.896703 time: 4616s
2021-05-21 21:31:45,268 DEBUG   Epoch 7 - Save Best Accuracy: 0.736538 Model
2021-05-21 22:48:44,875 DEBUG   Epoch 8 - avg_train_loss: 0.0001  avg_val_loss: 1.1115 F1: 0.641577  Accuracy: 0.739011 Recall@3: 0.888462 time: 4617s
2021-05-21 22:48:44,879 DEBUG   Epoch 8 - Save Best Accuracy: 0.739011 Model
2021-05-22 00:05:33,186 DEBUG   Epoch 9 - avg_train_loss: 0.0000  avg_val_loss: 1.0965 F1: 0.651407  Accuracy: 0.744505 Recall@3: 0.892033 time: 4606s
2021-05-22 00:05:33,187 DEBUG   Epoch 9 - Save Best Accuracy: 0.744505 Model
2021-05-22 01:22:24,738 DEBUG   Epoch 10 - avg_train_loss: 0.0000  avg_val_loss: 1.1047 F1: 0.651212  Accuracy: 0.742033 Recall@3: 0.893956 time: 4609s
2021-05-22 02:27:24,992 DEBUG   Epoch 11 - avg_train_loss: 0.0000  avg_val_loss: 1.1442 F1: 0.660522  Accuracy: 0.747253 Recall@3: 0.890934 time: 3900s
2021-05-22 02:27:24,993 DEBUG   Epoch 11 - Save Best Accuracy: 0.747253 Model
2021-05-22 03:05:01,166 DEBUG   Epoch 12 - avg_train_loss: 0.0000  avg_val_loss: 1.1276 F1: 0.650148  Accuracy: 0.745604 Recall@3: 0.890385 time: 2254s
2021-05-22 03:42:43,236 DEBUG   Epoch 13 - avg_train_loss: 0.0000  avg_val_loss: 1.1118 F1: 0.661112  Accuracy: 0.751923 Recall@3: 0.892857 time: 2262s
2021-05-22 03:42:43,237 DEBUG   Epoch 13 - Save Best Accuracy: 0.751923 Model
2021-05-22 04:20:28,002 DEBUG   Epoch 14 - avg_train_loss: 0.0000  avg_val_loss: 1.1084 F1: 0.653108  Accuracy: 0.746978 Recall@3: 0.897253 time: 2263s
2021-05-22 04:58:01,498 DEBUG   Epoch 15 - avg_train_loss: 0.0000  avg_val_loss: 1.1139 F1: 0.658405  Accuracy: 0.750275 Recall@3: 0.893407 time: 2253s
2021-05-22 05:35:37,793 DEBUG   Epoch 16 - avg_train_loss: 0.0000  avg_val_loss: 1.1185 F1: 0.655892  Accuracy: 0.751374 Recall@3: 0.895055 time: 2256s
2021-05-22 06:13:21,607 DEBUG   Epoch 17 - avg_train_loss: 0.0000  avg_val_loss: 1.1112 F1: 0.669362  Accuracy: 0.753022 Recall@3: 0.892857 time: 2264s
2021-05-22 06:13:21,608 DEBUG   Epoch 17 - Save Best Accuracy: 0.753022 Model
2021-05-22 06:51:07,280 DEBUG   Epoch 18 - avg_train_loss: 0.0000  avg_val_loss: 1.1240 F1: 0.661867  Accuracy: 0.752747 Recall@3: 0.895055 time: 2264s
2021-05-22 07:28:47,462 DEBUG   Epoch 19 - avg_train_loss: 0.0000  avg_val_loss: 1.1219 F1: 0.660461  Accuracy: 0.755769 Recall@3: 0.894231 time: 2260s
2021-05-22 07:28:47,463 DEBUG   Epoch 19 - Save Best Accuracy: 0.755769 Model
2021-05-22 08:06:30,960 DEBUG   Epoch 20 - avg_train_loss: 0.0000  avg_val_loss: 1.1324 F1: 0.663603  Accuracy: 0.753022 Recall@3: 0.892033 time: 2261s
2021-05-22 08:44:11,556 DEBUG   Epoch 21 - avg_train_loss: 0.0000  avg_val_loss: 1.1429 F1: 0.664709  Accuracy: 0.755769 Recall@3: 0.896154 time: 2261s
2021-05-22 09:21:51,956 DEBUG   Epoch 22 - avg_train_loss: 0.0000  avg_val_loss: 1.1341 F1: 0.673805  Accuracy: 0.759341 Recall@3: 0.897802 time: 2260s
2021-05-22 09:21:51,957 DEBUG   Epoch 22 - Save Best Accuracy: 0.759341 Model
2021-05-22 09:59:26,757 DEBUG   Epoch 23 - avg_train_loss: 0.0000  avg_val_loss: 1.1494 F1: 0.665016  Accuracy: 0.754670 Recall@3: 0.893132 time: 2253s
2021-05-22 10:36:51,353 DEBUG   Epoch 24 - avg_train_loss: 0.0000  avg_val_loss: 1.1354 F1: 0.661962  Accuracy: 0.756319 Recall@3: 0.895330 time: 2245s
2021-05-22 11:14:14,628 DEBUG   Epoch 25 - avg_train_loss: 0.0000  avg_val_loss: 1.1388 F1: 0.658909  Accuracy: 0.754670 Recall@3: 0.895055 time: 2243s
2021-05-22 11:51:37,354 DEBUG   Epoch 26 - avg_train_loss: 0.0000  avg_val_loss: 1.1374 F1: 0.661661  Accuracy: 0.754670 Recall@3: 0.895330 time: 2243s
2021-05-22 12:28:57,661 DEBUG   Epoch 27 - avg_train_loss: 0.0000  avg_val_loss: 1.1322 F1: 0.659612  Accuracy: 0.754945 Recall@3: 0.895604 time: 2240s
2021-05-22 13:06:29,496 DEBUG   Epoch 28 - avg_train_loss: 0.0000  avg_val_loss: 1.1326 F1: 0.655584  Accuracy: 0.754670 Recall@3: 0.895330 time: 2252s
2021-05-22 13:44:01,143 DEBUG   Epoch 29 - avg_train_loss: 0.0000  avg_val_loss: 1.1422 F1: 0.660943  Accuracy: 0.755220 Recall@3: 0.896703 time: 2252s
2021-05-22 14:21:22,021 DEBUG   Epoch 30 - avg_train_loss: 0.0000  avg_val_loss: 1.1428 F1: 0.663621  Accuracy: 0.754945 Recall@3: 0.898077 time: 2241s
2021-05-22 14:58:44,800 DEBUG   Epoch 31 - avg_train_loss: 0.0000  avg_val_loss: 1.1531 F1: 0.658706  Accuracy: 0.753571 Recall@3: 0.896429 time: 2243s
2021-05-22 15:36:07,842 DEBUG   Epoch 32 - avg_train_loss: 0.0000  avg_val_loss: 1.1481 F1: 0.662736  Accuracy: 0.755220 Recall@3: 0.895879 time: 2243s
2021-05-22 16:13:32,179 DEBUG   Epoch 33 - avg_train_loss: 0.0000  avg_val_loss: 1.1489 F1: 0.663018  Accuracy: 0.755495 Recall@3: 0.896703 time: 2244s
2021-05-22 16:50:56,233 DEBUG   Epoch 34 - avg_train_loss: 0.0000  avg_val_loss: 1.1467 F1: 0.664532  Accuracy: 0.756593 Recall@3: 0.896703 time: 2244s
2021-05-22 17:28:20,504 DEBUG   Epoch 35 - avg_train_loss: 0.0000  avg_val_loss: 1.1504 F1: 0.665669  Accuracy: 0.756868 Recall@3: 0.895330 time: 2244s
2021-05-22 18:05:44,608 DEBUG   Epoch 36 - avg_train_loss: 0.0000  avg_val_loss: 1.1450 F1: 0.667197  Accuracy: 0.753571 Recall@3: 0.896154 time: 2244s
2021-05-22 18:43:08,305 DEBUG   Epoch 37 - avg_train_loss: 0.0000  avg_val_loss: 1.1435 F1: 0.663574  Accuracy: 0.753846 Recall@3: 0.897527 time: 2244s
2021-05-22 19:20:32,630 DEBUG   Epoch 38 - avg_train_loss: 0.0000  avg_val_loss: 1.1432 F1: 0.660357  Accuracy: 0.754121 Recall@3: 0.895879 time: 2244s
2021-05-22 19:57:55,185 DEBUG   Epoch 39 - avg_train_loss: 0.0000  avg_val_loss: 1.1519 F1: 0.664752  Accuracy: 0.756868 Recall@3: 0.895055 time: 2243s
2021-05-22 20:35:17,671 DEBUG   Epoch 40 - avg_train_loss: 0.0000  avg_val_loss: 1.1496 F1: 0.665605  Accuracy: 0.757692 Recall@3: 0.896978 time: 2242s
2021-05-22 21:12:38,745 DEBUG   Epoch 41 - avg_train_loss: 0.0000  avg_val_loss: 1.1471 F1: 0.662885  Accuracy: 0.756868 Recall@3: 0.895879 time: 2241s
2021-05-22 21:49:59,508 DEBUG   Epoch 42 - avg_train_loss: 0.0000  avg_val_loss: 1.1493 F1: 0.664369  Accuracy: 0.756868 Recall@3: 0.896429 time: 2241s
2021-05-22 22:27:20,505 DEBUG   Epoch 43 - avg_train_loss: 0.0000  avg_val_loss: 1.1511 F1: 0.665567  Accuracy: 0.757967 Recall@3: 0.896429 time: 2241s
2021-05-22 23:04:41,494 DEBUG   Epoch 44 - avg_train_loss: 0.0000  avg_val_loss: 1.1524 F1: 0.665114  Accuracy: 0.756868 Recall@3: 0.897527 time: 2241s
2021-05-22 23:42:02,311 DEBUG   Epoch 45 - avg_train_loss: 0.0000  avg_val_loss: 1.1507 F1: 0.664180  Accuracy: 0.755769 Recall@3: 0.897527 time: 2241s
2021-05-23 00:19:23,115 DEBUG   Epoch 46 - avg_train_loss: 0.0000  avg_val_loss: 1.1494 F1: 0.663057  Accuracy: 0.755495 Recall@3: 0.896703 time: 2241s
2021-05-23 00:56:43,892 DEBUG   Epoch 47 - avg_train_loss: 0.0000  avg_val_loss: 1.1487 F1: 0.660120  Accuracy: 0.756044 Recall@3: 0.898077 time: 2241s
2021-05-23 01:34:03,972 DEBUG   Epoch 48 - avg_train_loss: 0.0000  avg_val_loss: 1.1506 F1: 0.662656  Accuracy: 0.756044 Recall@3: 0.898352 time: 2240s
2021-05-23 02:11:24,593 DEBUG   Epoch 49 - avg_train_loss: 0.0000  avg_val_loss: 1.1487 F1: 0.662247  Accuracy: 0.755769 Recall@3: 0.897802 time: 2241s
2021-05-23 02:48:46,172 DEBUG   Epoch 50 - avg_train_loss: 0.0000  avg_val_loss: 1.1479 F1: 0.665948  Accuracy: 0.755495 Recall@3: 0.896978 time: 2242s
2021-05-23 03:26:07,074 DEBUG   Epoch 51 - avg_train_loss: 0.0000  avg_val_loss: 1.1467 F1: 0.665355  Accuracy: 0.757143 Recall@3: 0.896978 time: 2241s
2021-05-23 04:03:27,141 DEBUG   Epoch 52 - avg_train_loss: 0.0000  avg_val_loss: 1.1475 F1: 0.664437  Accuracy: 0.756593 Recall@3: 0.897253 time: 2240s
2021-05-23 04:40:46,352 DEBUG   Epoch 53 - avg_train_loss: 0.0000  avg_val_loss: 1.1488 F1: 0.664681  Accuracy: 0.755769 Recall@3: 0.897253 time: 2239s
2021-05-23 05:18:04,234 DEBUG   Epoch 54 - avg_train_loss: 0.0000  avg_val_loss: 1.1493 F1: 0.664256  Accuracy: 0.755220 Recall@3: 0.898077 time: 2238s
2021-05-23 05:55:20,112 DEBUG   Epoch 55 - avg_train_loss: 0.0000  avg_val_loss: 1.1492 F1: 0.663517  Accuracy: 0.754945 Recall@3: 0.897527 time: 2236s
2021-05-23 06:32:36,153 DEBUG   Epoch 56 - avg_train_loss: 0.0000  avg_val_loss: 1.1495 F1: 0.662636  Accuracy: 0.755220 Recall@3: 0.897527 time: 2236s
2021-05-23 07:09:52,216 DEBUG   Epoch 57 - avg_train_loss: 0.0000  avg_val_loss: 1.1495 F1: 0.666112  Accuracy: 0.755495 Recall@3: 0.897802 time: 2236s
2021-05-23 07:47:08,747 DEBUG   Epoch 58 - avg_train_loss: 0.0000  avg_val_loss: 1.1494 F1: 0.663765  Accuracy: 0.754945 Recall@3: 0.898077 time: 2237s
2021-05-23 08:24:25,386 DEBUG   Epoch 59 - avg_train_loss: 0.0000  avg_val_loss: 1.1496 F1: 0.661742  Accuracy: 0.754396 Recall@3: 0.897802 time: 2237s
2021-05-23 09:01:52,346 DEBUG   Epoch 60 - avg_train_loss: 0.0000  avg_val_loss: 1.1512 F1: 0.661475  Accuracy: 0.753297 Recall@3: 0.897527 time: 2247s
2021-05-23 09:39:09,499 DEBUG   Epoch 61 - avg_train_loss: 0.0000  avg_val_loss: 1.1511 F1: 0.662617  Accuracy: 0.755220 Recall@3: 0.897802 time: 2237s
2021-05-23 10:16:36,843 DEBUG   Epoch 62 - avg_train_loss: 0.0000  avg_val_loss: 1.1519 F1: 0.660755  Accuracy: 0.755220 Recall@3: 0.898626 time: 2247s
2021-05-23 10:53:54,402 DEBUG   Epoch 63 - avg_train_loss: 0.0000  avg_val_loss: 1.1533 F1: 0.662368  Accuracy: 0.755220 Recall@3: 0.897802 time: 2238s
2021-05-23 11:31:12,386 DEBUG   Epoch 64 - avg_train_loss: 0.0000  avg_val_loss: 1.1541 F1: 0.663273  Accuracy: 0.755495 Recall@3: 0.898352 time: 2238s
2021-05-23 12:08:30,060 DEBUG   Epoch 65 - avg_train_loss: 0.0000  avg_val_loss: 1.1559 F1: 0.663124  Accuracy: 0.755495 Recall@3: 0.897802 time: 2238s
2021-05-23 12:45:47,833 DEBUG   Epoch 66 - avg_train_loss: 0.0000  avg_val_loss: 1.1560 F1: 0.662766  Accuracy: 0.755495 Recall@3: 0.899176 time: 2238s
2021-05-23 13:23:05,174 DEBUG   Epoch 67 - avg_train_loss: 0.0000  avg_val_loss: 1.1557 F1: 0.663414  Accuracy: 0.754670 Recall@3: 0.898626 time: 2237s
2021-05-23 14:00:22,371 DEBUG   Epoch 68 - avg_train_loss: 0.0000  avg_val_loss: 1.1548 F1: 0.664221  Accuracy: 0.755495 Recall@3: 0.898626 time: 2237s
2021-05-23 14:37:39,666 DEBUG   Epoch 69 - avg_train_loss: 0.0000  avg_val_loss: 1.1556 F1: 0.665122  Accuracy: 0.756868 Recall@3: 0.899725 time: 2237s
2021-05-23 15:14:56,807 DEBUG   Epoch 70 - avg_train_loss: 0.0000  avg_val_loss: 1.1552 F1: 0.666144  Accuracy: 0.757143 Recall@3: 0.899451 time: 2237s
2021-05-23 15:52:15,039 DEBUG   Epoch 71 - avg_train_loss: 0.0000  avg_val_loss: 1.1547 F1: 0.665258  Accuracy: 0.756593 Recall@3: 0.899451 time: 2238s
2021-05-23 16:29:32,797 DEBUG   Epoch 72 - avg_train_loss: 0.0000  avg_val_loss: 1.1549 F1: 0.664868  Accuracy: 0.756593 Recall@3: 0.898901 time: 2238s
2021-05-23 17:06:50,668 DEBUG   Epoch 73 - avg_train_loss: 0.0000  avg_val_loss: 1.1553 F1: 0.665696  Accuracy: 0.757418 Recall@3: 0.899176 time: 2238s
2021-05-23 17:44:08,832 DEBUG   Epoch 74 - avg_train_loss: 0.0000  avg_val_loss: 1.1549 F1: 0.666403  Accuracy: 0.757143 Recall@3: 0.898077 time: 2238s
2021-05-23 18:21:28,362 DEBUG   Epoch 75 - avg_train_loss: 0.0000  avg_val_loss: 1.1550 F1: 0.667079  Accuracy: 0.757418 Recall@3: 0.898077 time: 2240s
2021-05-23 18:58:47,368 DEBUG   Epoch 76 - avg_train_loss: 0.0000  avg_val_loss: 1.1557 F1: 0.666062  Accuracy: 0.757967 Recall@3: 0.898352 time: 2239s
2021-05-23 19:36:06,873 DEBUG   Epoch 77 - avg_train_loss: 0.0000  avg_val_loss: 1.1562 F1: 0.667000  Accuracy: 0.758242 Recall@3: 0.898626 time: 2240s
2021-05-23 20:13:42,128 DEBUG   Epoch 78 - avg_train_loss: 0.0000  avg_val_loss: 1.1559 F1: 0.666297  Accuracy: 0.757418 Recall@3: 0.898626 time: 2255s
2021-05-23 20:51:16,940 DEBUG   Epoch 79 - avg_train_loss: 0.0000  avg_val_loss: 1.1559 F1: 0.666444  Accuracy: 0.757692 Recall@3: 0.899176 time: 2255s
2021-05-23 21:28:52,800 DEBUG   Epoch 80 - avg_train_loss: 0.0000  avg_val_loss: 1.1555 F1: 0.665788  Accuracy: 0.757143 Recall@3: 0.899451 time: 2256s
2021-05-23 22:06:27,957 DEBUG   Epoch 81 - avg_train_loss: 0.0000  avg_val_loss: 1.1555 F1: 0.666360  Accuracy: 0.757143 Recall@3: 0.899451 time: 2255s
2021-05-23 22:44:03,632 DEBUG   Epoch 82 - avg_train_loss: 0.0000  avg_val_loss: 1.1551 F1: 0.666267  Accuracy: 0.757418 Recall@3: 0.899451 time: 2256s
2021-05-23 23:21:38,822 DEBUG   Epoch 83 - avg_train_loss: 0.0000  avg_val_loss: 1.1548 F1: 0.666354  Accuracy: 0.757418 Recall@3: 0.899176 time: 2255s
2021-05-23 23:59:22,126 DEBUG   Epoch 84 - avg_train_loss: 0.0000  avg_val_loss: 1.1548 F1: 0.668109  Accuracy: 0.757692 Recall@3: 0.898901 time: 2263s
2021-05-24 00:36:57,238 DEBUG   Epoch 85 - avg_train_loss: 0.0000  avg_val_loss: 1.1546 F1: 0.667019  Accuracy: 0.757692 Recall@3: 0.898901 time: 2255s
2021-05-24 01:14:31,826 DEBUG   Epoch 86 - avg_train_loss: 0.0000  avg_val_loss: 1.1546 F1: 0.668147  Accuracy: 0.757967 Recall@3: 0.899176 time: 2255s
2021-05-24 01:52:06,147 DEBUG   Epoch 87 - avg_train_loss: 0.0000  avg_val_loss: 1.1550 F1: 0.668612  Accuracy: 0.758242 Recall@3: 0.899176 time: 2254s
2021-05-24 02:29:39,619 DEBUG   Epoch 88 - avg_train_loss: 0.0000  avg_val_loss: 1.1550 F1: 0.667095  Accuracy: 0.757692 Recall@3: 0.898901 time: 2253s
2021-05-24 03:07:12,513 DEBUG   Epoch 89 - avg_train_loss: 0.0000  avg_val_loss: 1.1547 F1: 0.666849  Accuracy: 0.758242 Recall@3: 0.898626 time: 2253s
2021-05-24 03:44:45,727 DEBUG   Epoch 90 - avg_train_loss: 0.0000  avg_val_loss: 1.1546 F1: 0.666595  Accuracy: 0.757692 Recall@3: 0.898901 time: 2253s
2021-05-24 04:22:19,509 DEBUG   Epoch 91 - avg_train_loss: 0.0000  avg_val_loss: 1.1545 F1: 0.668745  Accuracy: 0.758791 Recall@3: 0.899451 time: 2254s
2021-05-24 04:59:52,924 DEBUG   Epoch 92 - avg_train_loss: 0.0000  avg_val_loss: 1.1546 F1: 0.668601  Accuracy: 0.758516 Recall@3: 0.898901 time: 2253s
2021-05-24 05:37:30,762 DEBUG   Epoch 93 - avg_train_loss: 0.0000  avg_val_loss: 1.1545 F1: 0.667171  Accuracy: 0.758516 Recall@3: 0.899451 time: 2258s
2021-05-24 06:15:07,115 DEBUG   Epoch 94 - avg_train_loss: 0.0000  avg_val_loss: 1.1546 F1: 0.668911  Accuracy: 0.758791 Recall@3: 0.899176 time: 2256s
2021-05-24 06:52:51,677 DEBUG   Epoch 95 - avg_train_loss: 0.0000  avg_val_loss: 1.1549 F1: 0.669221  Accuracy: 0.758791 Recall@3: 0.899176 time: 2265s
2021-05-24 07:30:31,913 DEBUG   Epoch 96 - avg_train_loss: 0.0000  avg_val_loss: 1.1543 F1: 0.669543  Accuracy: 0.758791 Recall@3: 0.899176 time: 2260s
2021-05-24 08:08:14,238 DEBUG   Epoch 97 - avg_train_loss: 0.0000  avg_val_loss: 1.1544 F1: 0.669903  Accuracy: 0.758791 Recall@3: 0.899451 time: 2262s
2021-05-24 08:45:57,206 DEBUG   Epoch 98 - avg_train_loss: 0.0000  avg_val_loss: 1.1543 F1: 0.669663  Accuracy: 0.758791 Recall@3: 0.899451 time: 2263s
2021-05-24 09:23:38,646 DEBUG   Epoch 99 - avg_train_loss: 0.0000  avg_val_loss: 1.1544 F1: 0.668985  Accuracy: 0.758516 Recall@3: 0.899451 time: 2261s
2021-05-24 10:01:20,380 DEBUG   Epoch 100 - avg_train_loss: 0.0000  avg_val_loss: 1.1544 F1: 0.669394  Accuracy: 0.758516 Recall@3: 0.899451 time: 2262s
2021-05-24 10:01:20,381 INFO [Train model] done in 247508 s.
