2021-06-07 13:36:14,455 INFO [Train model] start
2021-06-07 13:46:27,293 DEBUG   Epoch 1 - avg_train_loss: 0.5639  avg_val_loss: 1.5353 F1: 0.421800  Accuracy: 0.578297 Recall@3: 0.784615 time: 612s
2021-06-07 13:46:27,294 DEBUG   Epoch 1 - Save Best Accuracy: 0.578297 Model
2021-06-07 13:46:28,491 DEBUG   Epoch 1 - Save Best Loss: 1.5353 Model
2021-06-07 13:56:41,152 DEBUG   Epoch 2 - avg_train_loss: 0.2991  avg_val_loss: 1.4365 F1: 0.479930  Accuracy: 0.608516 Recall@3: 0.804396 time: 612s
2021-06-07 13:56:41,153 DEBUG   Epoch 2 - Save Best Accuracy: 0.608516 Model
2021-06-07 13:56:43,100 DEBUG   Epoch 2 - Save Best Loss: 1.4365 Model
2021-06-07 14:06:57,070 DEBUG   Epoch 3 - avg_train_loss: 0.1927  avg_val_loss: 1.3307 F1: 0.507100  Accuracy: 0.631593 Recall@3: 0.832692 time: 612s
2021-06-07 14:06:57,071 DEBUG   Epoch 3 - Save Best Accuracy: 0.631593 Model
2021-06-07 14:06:59,054 DEBUG   Epoch 3 - Save Best Loss: 1.3307 Model
2021-06-07 14:17:12,853 DEBUG   Epoch 4 - avg_train_loss: 0.1226  avg_val_loss: 1.3657 F1: 0.545687  Accuracy: 0.651923 Recall@3: 0.831044 time: 612s
2021-06-07 14:17:12,854 DEBUG   Epoch 4 - Save Best Accuracy: 0.651923 Model
2021-06-07 14:27:26,604 DEBUG   Epoch 5 - avg_train_loss: 0.0869  avg_val_loss: 1.3867 F1: 0.549666  Accuracy: 0.652747 Recall@3: 0.829670 time: 612s
2021-06-07 14:27:26,605 DEBUG   Epoch 5 - Save Best Accuracy: 0.652747 Model
2021-06-07 14:37:39,796 DEBUG   Epoch 6 - avg_train_loss: 0.0356  avg_val_loss: 1.3484 F1: 0.559349  Accuracy: 0.663736 Recall@3: 0.842308 time: 611s
2021-06-07 14:37:39,797 DEBUG   Epoch 6 - Save Best Accuracy: 0.663736 Model
2021-06-07 14:47:53,751 DEBUG   Epoch 7 - avg_train_loss: 0.0181  avg_val_loss: 1.3526 F1: 0.571720  Accuracy: 0.674725 Recall@3: 0.845055 time: 612s
2021-06-07 14:47:53,752 DEBUG   Epoch 7 - Save Best Accuracy: 0.674725 Model
2021-06-07 14:58:07,720 DEBUG   Epoch 8 - avg_train_loss: 0.0089  avg_val_loss: 1.3003 F1: 0.587775  Accuracy: 0.692033 Recall@3: 0.856868 time: 612s
2021-06-07 14:58:07,721 DEBUG   Epoch 8 - Save Best Accuracy: 0.692033 Model
2021-06-07 14:58:09,874 DEBUG   Epoch 8 - Save Best Loss: 1.3003 Model
2021-06-07 15:08:23,084 DEBUG   Epoch 9 - avg_train_loss: 0.0060  avg_val_loss: 1.3447 F1: 0.591167  Accuracy: 0.693681 Recall@3: 0.850824 time: 611s
2021-06-07 15:08:23,085 DEBUG   Epoch 9 - Save Best Accuracy: 0.693681 Model
2021-06-07 15:18:39,057 DEBUG   Epoch 10 - avg_train_loss: 0.0047  avg_val_loss: 1.3276 F1: 0.591724  Accuracy: 0.697253 Recall@3: 0.859341 time: 614s
2021-06-07 15:18:39,058 DEBUG   Epoch 10 - Save Best Accuracy: 0.697253 Model
2021-06-07 15:28:55,159 DEBUG   Epoch 11 - avg_train_loss: 0.0035  avg_val_loss: 1.3313 F1: 0.597537  Accuracy: 0.698352 Recall@3: 0.855769 time: 614s
2021-06-07 15:28:55,160 DEBUG   Epoch 11 - Save Best Accuracy: 0.698352 Model
2021-06-07 15:39:10,819 DEBUG   Epoch 12 - avg_train_loss: 0.0026  avg_val_loss: 1.3570 F1: 0.590383  Accuracy: 0.700000 Recall@3: 0.856593 time: 614s
2021-06-07 15:39:10,820 DEBUG   Epoch 12 - Save Best Accuracy: 0.700000 Model
2021-06-07 15:49:25,050 DEBUG   Epoch 13 - avg_train_loss: 0.0026  avg_val_loss: 1.3399 F1: 0.592598  Accuracy: 0.696703 Recall@3: 0.859615 time: 612s
2021-06-07 15:59:37,743 DEBUG   Epoch 14 - avg_train_loss: 0.0022  avg_val_loss: 1.3434 F1: 0.597286  Accuracy: 0.701648 Recall@3: 0.853571 time: 613s
2021-06-07 15:59:37,744 DEBUG   Epoch 14 - Save Best Accuracy: 0.701648 Model
2021-06-07 16:09:51,997 DEBUG   Epoch 15 - avg_train_loss: 0.0019  avg_val_loss: 1.3466 F1: 0.601992  Accuracy: 0.706868 Recall@3: 0.860714 time: 612s
2021-06-07 16:09:51,998 DEBUG   Epoch 15 - Save Best Accuracy: 0.706868 Model
2021-06-07 16:20:07,814 DEBUG   Epoch 16 - avg_train_loss: 0.0017  avg_val_loss: 1.3358 F1: 0.602788  Accuracy: 0.705495 Recall@3: 0.862088 time: 614s
2021-06-07 16:30:21,167 DEBUG   Epoch 17 - avg_train_loss: 0.0018  avg_val_loss: 1.3436 F1: 0.601616  Accuracy: 0.706044 Recall@3: 0.859066 time: 613s
2021-06-07 16:40:34,929 DEBUG   Epoch 18 - avg_train_loss: 0.0015  avg_val_loss: 1.3487 F1: 0.600845  Accuracy: 0.705220 Recall@3: 0.861538 time: 614s
2021-06-07 16:50:48,621 DEBUG   Epoch 19 - avg_train_loss: 0.0015  avg_val_loss: 1.3441 F1: 0.606700  Accuracy: 0.706593 Recall@3: 0.862363 time: 614s
2021-06-07 17:01:02,099 DEBUG   Epoch 20 - avg_train_loss: 0.0015  avg_val_loss: 1.3482 F1: 0.601518  Accuracy: 0.705220 Recall@3: 0.858242 time: 613s
2021-06-07 17:11:15,214 DEBUG   Epoch 21 - avg_train_loss: 0.0009  avg_val_loss: 1.3503 F1: 0.596735  Accuracy: 0.705769 Recall@3: 0.862088 time: 613s
2021-06-07 17:21:28,875 DEBUG   Epoch 22 - avg_train_loss: 0.0014  avg_val_loss: 1.3498 F1: 0.603108  Accuracy: 0.708242 Recall@3: 0.860165 time: 614s
2021-06-07 17:21:28,875 DEBUG   Epoch 22 - Save Best Accuracy: 0.708242 Model
2021-06-07 17:31:46,440 DEBUG   Epoch 23 - avg_train_loss: 0.0015  avg_val_loss: 1.3558 F1: 0.598878  Accuracy: 0.706593 Recall@3: 0.863187 time: 615s
2021-06-07 17:42:01,779 DEBUG   Epoch 24 - avg_train_loss: 0.0011  avg_val_loss: 1.3671 F1: 0.590493  Accuracy: 0.699725 Recall@3: 0.860440 time: 615s
2021-06-07 17:52:14,586 DEBUG   Epoch 25 - avg_train_loss: 0.0010  avg_val_loss: 1.3644 F1: 0.600243  Accuracy: 0.705220 Recall@3: 0.860165 time: 613s
2021-06-07 18:02:27,793 DEBUG   Epoch 26 - avg_train_loss: 0.0010  avg_val_loss: 1.3704 F1: 0.604420  Accuracy: 0.707143 Recall@3: 0.861264 time: 613s
2021-06-07 18:12:40,363 DEBUG   Epoch 27 - avg_train_loss: 0.0009  avg_val_loss: 1.3614 F1: 0.600890  Accuracy: 0.708516 Recall@3: 0.859341 time: 613s
2021-06-07 18:12:40,364 DEBUG   Epoch 27 - Save Best Accuracy: 0.708516 Model
2021-06-07 18:22:57,965 DEBUG   Epoch 28 - avg_train_loss: 0.0010  avg_val_loss: 1.3678 F1: 0.600925  Accuracy: 0.706319 Recall@3: 0.858516 time: 616s
2021-06-07 18:33:11,411 DEBUG   Epoch 29 - avg_train_loss: 0.0010  avg_val_loss: 1.3667 F1: 0.601952  Accuracy: 0.706044 Recall@3: 0.860440 time: 613s
2021-06-07 18:43:25,050 DEBUG   Epoch 30 - avg_train_loss: 0.0007  avg_val_loss: 1.3687 F1: 0.594987  Accuracy: 0.704121 Recall@3: 0.861813 time: 614s
2021-06-07 18:53:38,216 DEBUG   Epoch 31 - avg_train_loss: 0.0007  avg_val_loss: 1.3767 F1: 0.598391  Accuracy: 0.707418 Recall@3: 0.862637 time: 613s
2021-06-07 19:03:51,695 DEBUG   Epoch 32 - avg_train_loss: 0.0007  avg_val_loss: 1.3708 F1: 0.598118  Accuracy: 0.706593 Recall@3: 0.859341 time: 613s
2021-06-07 19:14:05,471 DEBUG   Epoch 33 - avg_train_loss: 0.0009  avg_val_loss: 1.3688 F1: 0.595630  Accuracy: 0.704945 Recall@3: 0.860989 time: 614s
2021-06-07 19:24:22,262 DEBUG   Epoch 34 - avg_train_loss: 0.0008  avg_val_loss: 1.3696 F1: 0.593793  Accuracy: 0.703571 Recall@3: 0.861538 time: 617s
2021-06-07 19:34:35,373 DEBUG   Epoch 35 - avg_train_loss: 0.0008  avg_val_loss: 1.3683 F1: 0.600147  Accuracy: 0.709890 Recall@3: 0.860989 time: 613s
2021-06-07 19:34:35,374 DEBUG   Epoch 35 - Save Best Accuracy: 0.709890 Model
2021-06-07 19:44:52,667 DEBUG   Epoch 36 - avg_train_loss: 0.0007  avg_val_loss: 1.3774 F1: 0.601846  Accuracy: 0.708242 Recall@3: 0.859615 time: 615s
2021-06-07 19:55:05,709 DEBUG   Epoch 37 - avg_train_loss: 0.0007  avg_val_loss: 1.3736 F1: 0.605529  Accuracy: 0.707418 Recall@3: 0.860165 time: 613s
2021-06-07 20:05:18,388 DEBUG   Epoch 38 - avg_train_loss: 0.0007  avg_val_loss: 1.3763 F1: 0.602043  Accuracy: 0.707143 Recall@3: 0.860165 time: 613s
2021-06-07 20:15:31,347 DEBUG   Epoch 39 - avg_train_loss: 0.0008  avg_val_loss: 1.3725 F1: 0.603629  Accuracy: 0.708791 Recall@3: 0.859066 time: 613s
2021-06-07 20:25:47,861 DEBUG   Epoch 40 - avg_train_loss: 0.0006  avg_val_loss: 1.3658 F1: 0.600855  Accuracy: 0.709341 Recall@3: 0.860714 time: 617s
2021-06-07 20:36:00,650 DEBUG   Epoch 41 - avg_train_loss: 0.0008  avg_val_loss: 1.3745 F1: 0.602467  Accuracy: 0.708791 Recall@3: 0.861264 time: 613s
2021-06-07 20:46:13,803 DEBUG   Epoch 42 - avg_train_loss: 0.0008  avg_val_loss: 1.3743 F1: 0.606349  Accuracy: 0.710165 Recall@3: 0.861264 time: 613s
2021-06-07 20:46:13,804 DEBUG   Epoch 42 - Save Best Accuracy: 0.710165 Model
2021-06-07 20:56:31,257 DEBUG   Epoch 43 - avg_train_loss: 0.0006  avg_val_loss: 1.3697 F1: 0.608045  Accuracy: 0.710714 Recall@3: 0.861538 time: 615s
2021-06-07 20:56:31,259 DEBUG   Epoch 43 - Save Best Accuracy: 0.710714 Model
2021-06-07 21:06:48,653 DEBUG   Epoch 44 - avg_train_loss: 0.0006  avg_val_loss: 1.3712 F1: 0.606014  Accuracy: 0.710989 Recall@3: 0.860165 time: 615s
2021-06-07 21:06:48,655 DEBUG   Epoch 44 - Save Best Accuracy: 0.710989 Model
2021-06-07 21:17:06,115 DEBUG   Epoch 45 - avg_train_loss: 0.0007  avg_val_loss: 1.3699 F1: 0.610142  Accuracy: 0.712088 Recall@3: 0.860989 time: 615s
2021-06-07 21:17:06,116 DEBUG   Epoch 45 - Save Best Accuracy: 0.712088 Model
2021-06-07 21:27:23,737 DEBUG   Epoch 46 - avg_train_loss: 0.0006  avg_val_loss: 1.3683 F1: 0.609277  Accuracy: 0.711813 Recall@3: 0.861264 time: 616s
2021-06-07 21:37:37,250 DEBUG   Epoch 47 - avg_train_loss: 0.0006  avg_val_loss: 1.3684 F1: 0.609373  Accuracy: 0.710440 Recall@3: 0.861538 time: 614s
2021-06-07 21:47:50,267 DEBUG   Epoch 48 - avg_train_loss: 0.0006  avg_val_loss: 1.3695 F1: 0.610204  Accuracy: 0.711538 Recall@3: 0.861538 time: 613s
2021-06-07 21:58:03,677 DEBUG   Epoch 49 - avg_train_loss: 0.0006  avg_val_loss: 1.3727 F1: 0.608750  Accuracy: 0.712637 Recall@3: 0.859615 time: 613s
2021-06-07 21:58:03,678 DEBUG   Epoch 49 - Save Best Accuracy: 0.712637 Model
2021-06-07 22:08:21,731 DEBUG   Epoch 50 - avg_train_loss: 0.0006  avg_val_loss: 1.3719 F1: 0.607618  Accuracy: 0.710440 Recall@3: 0.860989 time: 616s
2021-06-07 22:18:35,242 DEBUG   Epoch 51 - avg_train_loss: 0.0005  avg_val_loss: 1.3699 F1: 0.607167  Accuracy: 0.711813 Recall@3: 0.859890 time: 614s
2021-06-07 22:28:48,824 DEBUG   Epoch 52 - avg_train_loss: 0.0006  avg_val_loss: 1.3694 F1: 0.606284  Accuracy: 0.709066 Recall@3: 0.860989 time: 614s
2021-06-07 22:39:02,263 DEBUG   Epoch 53 - avg_train_loss: 0.0005  avg_val_loss: 1.3719 F1: 0.603591  Accuracy: 0.710165 Recall@3: 0.861813 time: 613s
2021-06-07 22:49:15,350 DEBUG   Epoch 54 - avg_train_loss: 0.0006  avg_val_loss: 1.3734 F1: 0.602984  Accuracy: 0.710165 Recall@3: 0.861264 time: 613s
2021-06-07 22:59:28,589 DEBUG   Epoch 55 - avg_train_loss: 0.0005  avg_val_loss: 1.3733 F1: 0.602855  Accuracy: 0.709615 Recall@3: 0.860440 time: 613s
2021-06-07 23:09:44,695 DEBUG   Epoch 56 - avg_train_loss: 0.0006  avg_val_loss: 1.3727 F1: 0.605230  Accuracy: 0.709890 Recall@3: 0.862088 time: 616s
2021-06-07 23:20:00,830 DEBUG   Epoch 57 - avg_train_loss: 0.0005  avg_val_loss: 1.3727 F1: 0.606492  Accuracy: 0.710714 Recall@3: 0.860714 time: 616s
2021-06-07 23:30:13,754 DEBUG   Epoch 58 - avg_train_loss: 0.0008  avg_val_loss: 1.3770 F1: 0.606443  Accuracy: 0.711538 Recall@3: 0.862088 time: 613s
2021-06-07 23:40:27,442 DEBUG   Epoch 59 - avg_train_loss: 0.0004  avg_val_loss: 1.3771 F1: 0.602481  Accuracy: 0.709890 Recall@3: 0.860989 time: 614s
2021-06-07 23:50:41,269 DEBUG   Epoch 60 - avg_train_loss: 0.0005  avg_val_loss: 1.3779 F1: 0.605807  Accuracy: 0.710714 Recall@3: 0.862363 time: 614s
2021-06-08 00:00:54,743 DEBUG   Epoch 61 - avg_train_loss: 0.0005  avg_val_loss: 1.3776 F1: 0.605344  Accuracy: 0.710440 Recall@3: 0.862363 time: 613s
2021-06-08 00:11:11,091 DEBUG   Epoch 62 - avg_train_loss: 0.0005  avg_val_loss: 1.3767 F1: 0.601643  Accuracy: 0.709341 Recall@3: 0.862637 time: 616s
2021-06-08 00:21:24,630 DEBUG   Epoch 63 - avg_train_loss: 0.0005  avg_val_loss: 1.3745 F1: 0.603798  Accuracy: 0.709890 Recall@3: 0.862363 time: 614s
2021-06-08 00:31:37,484 DEBUG   Epoch 64 - avg_train_loss: 0.0005  avg_val_loss: 1.3749 F1: 0.605016  Accuracy: 0.711538 Recall@3: 0.862363 time: 613s
2021-06-08 00:41:50,097 DEBUG   Epoch 65 - avg_train_loss: 0.0006  avg_val_loss: 1.3742 F1: 0.606851  Accuracy: 0.710989 Recall@3: 0.861264 time: 613s
2021-06-08 00:52:06,207 DEBUG   Epoch 66 - avg_train_loss: 0.0005  avg_val_loss: 1.3740 F1: 0.604658  Accuracy: 0.711264 Recall@3: 0.861538 time: 616s
2021-06-08 01:02:19,674 DEBUG   Epoch 67 - avg_train_loss: 0.0006  avg_val_loss: 1.3756 F1: 0.605942  Accuracy: 0.711264 Recall@3: 0.862088 time: 613s
2021-06-08 01:12:32,885 DEBUG   Epoch 68 - avg_train_loss: 0.0005  avg_val_loss: 1.3766 F1: 0.607051  Accuracy: 0.711813 Recall@3: 0.861264 time: 613s
2021-06-08 01:22:46,114 DEBUG   Epoch 69 - avg_train_loss: 0.0005  avg_val_loss: 1.3764 F1: 0.606713  Accuracy: 0.712912 Recall@3: 0.860714 time: 613s
2021-06-08 01:22:46,116 DEBUG   Epoch 69 - Save Best Accuracy: 0.712912 Model
2021-06-08 01:33:03,598 DEBUG   Epoch 70 - avg_train_loss: 0.0005  avg_val_loss: 1.3766 F1: 0.606395  Accuracy: 0.710989 Recall@3: 0.861538 time: 615s
2021-06-08 01:43:16,589 DEBUG   Epoch 71 - avg_train_loss: 0.0005  avg_val_loss: 1.3769 F1: 0.607378  Accuracy: 0.711538 Recall@3: 0.861538 time: 613s
2021-06-08 01:53:30,194 DEBUG   Epoch 72 - avg_train_loss: 0.0006  avg_val_loss: 1.3764 F1: 0.605555  Accuracy: 0.710165 Recall@3: 0.861264 time: 614s
2021-06-08 02:03:43,224 DEBUG   Epoch 73 - avg_train_loss: 0.0005  avg_val_loss: 1.3759 F1: 0.606938  Accuracy: 0.712088 Recall@3: 0.862088 time: 613s
2021-06-08 02:13:56,834 DEBUG   Epoch 74 - avg_train_loss: 0.0006  avg_val_loss: 1.3760 F1: 0.607423  Accuracy: 0.712637 Recall@3: 0.861538 time: 614s
2021-06-08 02:24:10,051 DEBUG   Epoch 75 - avg_train_loss: 0.0006  avg_val_loss: 1.3761 F1: 0.605145  Accuracy: 0.710989 Recall@3: 0.861538 time: 613s
2021-06-08 02:34:23,542 DEBUG   Epoch 76 - avg_train_loss: 0.0006  avg_val_loss: 1.3761 F1: 0.604626  Accuracy: 0.710989 Recall@3: 0.861538 time: 613s
2021-06-08 02:44:36,917 DEBUG   Epoch 77 - avg_train_loss: 0.0005  avg_val_loss: 1.3763 F1: 0.604416  Accuracy: 0.709890 Recall@3: 0.860989 time: 613s
2021-06-08 02:54:49,973 DEBUG   Epoch 78 - avg_train_loss: 0.0005  avg_val_loss: 1.3761 F1: 0.605312  Accuracy: 0.710165 Recall@3: 0.861264 time: 613s
2021-06-08 03:05:03,225 DEBUG   Epoch 79 - avg_train_loss: 0.0005  avg_val_loss: 1.3765 F1: 0.604902  Accuracy: 0.709615 Recall@3: 0.861813 time: 613s
2021-06-08 03:15:16,635 DEBUG   Epoch 80 - avg_train_loss: 0.0005  avg_val_loss: 1.3770 F1: 0.605471  Accuracy: 0.710165 Recall@3: 0.861538 time: 613s
2021-06-08 03:25:29,553 DEBUG   Epoch 81 - avg_train_loss: 0.0005  avg_val_loss: 1.3769 F1: 0.605169  Accuracy: 0.709615 Recall@3: 0.861538 time: 613s
2021-06-08 03:35:42,355 DEBUG   Epoch 82 - avg_train_loss: 0.0005  avg_val_loss: 1.3768 F1: 0.604354  Accuracy: 0.709615 Recall@3: 0.861264 time: 613s
2021-06-08 03:45:58,461 DEBUG   Epoch 83 - avg_train_loss: 0.0005  avg_val_loss: 1.3771 F1: 0.602088  Accuracy: 0.709341 Recall@3: 0.861538 time: 616s
2021-06-08 03:56:13,929 DEBUG   Epoch 84 - avg_train_loss: 0.0005  avg_val_loss: 1.3771 F1: 0.602118  Accuracy: 0.709341 Recall@3: 0.861264 time: 615s
2021-06-08 04:06:29,576 DEBUG   Epoch 85 - avg_train_loss: 0.0006  avg_val_loss: 1.3765 F1: 0.600976  Accuracy: 0.709341 Recall@3: 0.860989 time: 616s
2021-06-08 04:16:41,439 DEBUG   Epoch 86 - avg_train_loss: 0.0005  avg_val_loss: 1.3762 F1: 0.603286  Accuracy: 0.709615 Recall@3: 0.860440 time: 612s
2021-06-08 04:26:54,561 DEBUG   Epoch 87 - avg_train_loss: 0.0005  avg_val_loss: 1.3765 F1: 0.603865  Accuracy: 0.709890 Recall@3: 0.860714 time: 613s
2021-06-08 04:37:09,702 DEBUG   Epoch 88 - avg_train_loss: 0.0005  avg_val_loss: 1.3766 F1: 0.603261  Accuracy: 0.710714 Recall@3: 0.860440 time: 615s
2021-06-08 04:47:23,105 DEBUG   Epoch 89 - avg_train_loss: 0.0005  avg_val_loss: 1.3766 F1: 0.602933  Accuracy: 0.709890 Recall@3: 0.860714 time: 613s
2021-06-08 04:57:35,928 DEBUG   Epoch 90 - avg_train_loss: 0.0005  avg_val_loss: 1.3767 F1: 0.601957  Accuracy: 0.709066 Recall@3: 0.860714 time: 613s
2021-06-08 05:07:48,386 DEBUG   Epoch 91 - avg_train_loss: 0.0005  avg_val_loss: 1.3761 F1: 0.602523  Accuracy: 0.710440 Recall@3: 0.861264 time: 612s
2021-06-08 05:18:00,184 DEBUG   Epoch 92 - avg_train_loss: 0.0005  avg_val_loss: 1.3762 F1: 0.603447  Accuracy: 0.710714 Recall@3: 0.861264 time: 612s
2021-06-08 05:28:11,408 DEBUG   Epoch 93 - avg_train_loss: 0.0004  avg_val_loss: 1.3761 F1: 0.603214  Accuracy: 0.710440 Recall@3: 0.861264 time: 611s
2021-06-08 05:38:23,396 DEBUG   Epoch 94 - avg_train_loss: 0.0005  avg_val_loss: 1.3758 F1: 0.603115  Accuracy: 0.710165 Recall@3: 0.861264 time: 612s
2021-06-08 05:48:36,904 DEBUG   Epoch 95 - avg_train_loss: 0.0006  avg_val_loss: 1.3759 F1: 0.604005  Accuracy: 0.710165 Recall@3: 0.861538 time: 614s
2021-06-08 05:58:48,023 DEBUG   Epoch 96 - avg_train_loss: 0.0004  avg_val_loss: 1.3760 F1: 0.604356  Accuracy: 0.710440 Recall@3: 0.861264 time: 611s
2021-06-08 06:08:59,301 DEBUG   Epoch 97 - avg_train_loss: 0.0006  avg_val_loss: 1.3762 F1: 0.602566  Accuracy: 0.709615 Recall@3: 0.861264 time: 611s
2021-06-08 06:19:09,805 DEBUG   Epoch 98 - avg_train_loss: 0.0005  avg_val_loss: 1.3762 F1: 0.603431  Accuracy: 0.710440 Recall@3: 0.861538 time: 611s
2021-06-08 06:29:20,806 DEBUG   Epoch 99 - avg_train_loss: 0.0005  avg_val_loss: 1.3762 F1: 0.603276  Accuracy: 0.710165 Recall@3: 0.861264 time: 611s
2021-06-08 06:39:31,836 DEBUG   Epoch 100 - avg_train_loss: 0.0004  avg_val_loss: 1.3763 F1: 0.603197  Accuracy: 0.710440 Recall@3: 0.861538 time: 611s
2021-06-08 06:39:31,836 INFO [Train model] done in 61397 s.
