2021-01-12 18:24:24,577 INFO [Train model] start
2021-01-12 18:35:17,200 DEBUG   Epoch 1 - avg_train_loss: 2.9943  avg_val_loss: 2.4491 F1: 0.197962  Accuracy: 0.380495 Recall@3: 0.592308 time: 651s
2021-01-12 18:35:17,201 DEBUG   Epoch 1 - Save Best Accuracy: 0.380495 Model
2021-01-12 18:35:17,262 DEBUG   Epoch 1 - Save Best Loss: 2.4491 Model
2021-01-12 18:46:32,651 DEBUG   Epoch 2 - avg_train_loss: 2.1367  avg_val_loss: 2.1809 F1: 0.254804  Accuracy: 0.429121 Recall@3: 0.654396 time: 675s
2021-01-12 18:46:32,651 DEBUG   Epoch 2 - Save Best Accuracy: 0.429121 Model
2021-01-12 18:46:32,719 DEBUG   Epoch 2 - Save Best Loss: 2.1809 Model
2021-01-12 18:57:16,652 DEBUG   Epoch 3 - avg_train_loss: 1.8380  avg_val_loss: 2.0529 F1: 0.311180  Accuracy: 0.457692 Recall@3: 0.678022 time: 644s
2021-01-12 18:57:16,653 DEBUG   Epoch 3 - Save Best Accuracy: 0.457692 Model
2021-01-12 18:57:16,723 DEBUG   Epoch 3 - Save Best Loss: 2.0529 Model
2021-01-12 19:08:07,161 DEBUG   Epoch 4 - avg_train_loss: 1.6714  avg_val_loss: 1.9489 F1: 0.315493  Accuracy: 0.485440 Recall@3: 0.706044 time: 650s
2021-01-12 19:08:07,162 DEBUG   Epoch 4 - Save Best Accuracy: 0.485440 Model
2021-01-12 19:08:07,232 DEBUG   Epoch 4 - Save Best Loss: 1.9489 Model
2021-01-12 19:18:45,538 DEBUG   Epoch 5 - avg_train_loss: 1.5428  avg_val_loss: 1.8289 F1: 0.367145  Accuracy: 0.518132 Recall@3: 0.732418 time: 638s
2021-01-12 19:18:45,539 DEBUG   Epoch 5 - Save Best Accuracy: 0.518132 Model
2021-01-12 19:18:45,611 DEBUG   Epoch 5 - Save Best Loss: 1.8289 Model
2021-01-12 19:29:28,076 DEBUG   Epoch 6 - avg_train_loss: 1.4383  avg_val_loss: 1.8530 F1: 0.350997  Accuracy: 0.506593 Recall@3: 0.729121 time: 642s
2021-01-12 19:40:19,819 DEBUG   Epoch 7 - avg_train_loss: 1.3423  avg_val_loss: 1.9471 F1: 0.364100  Accuracy: 0.508791 Recall@3: 0.717857 time: 652s
2021-01-12 19:51:18,088 DEBUG   Epoch 8 - avg_train_loss: 1.2115  avg_val_loss: 1.5884 F1: 0.434228  Accuracy: 0.573626 Recall@3: 0.782143 time: 658s
2021-01-12 19:51:18,089 DEBUG   Epoch 8 - Save Best Accuracy: 0.573626 Model
2021-01-12 19:51:18,154 DEBUG   Epoch 8 - Save Best Loss: 1.5884 Model
2021-01-12 20:02:51,981 DEBUG   Epoch 9 - avg_train_loss: 1.1338  avg_val_loss: 1.6624 F1: 0.420381  Accuracy: 0.561264 Recall@3: 0.768681 time: 694s
2021-01-12 20:14:50,410 DEBUG   Epoch 10 - avg_train_loss: 1.0618  avg_val_loss: 1.6437 F1: 0.423374  Accuracy: 0.559890 Recall@3: 0.774176 time: 718s
2021-01-12 20:26:57,991 DEBUG   Epoch 11 - avg_train_loss: 0.9542  avg_val_loss: 1.5817 F1: 0.467781  Accuracy: 0.593407 Recall@3: 0.789286 time: 728s
2021-01-12 20:26:57,992 DEBUG   Epoch 11 - Save Best Accuracy: 0.593407 Model
2021-01-12 20:26:58,057 DEBUG   Epoch 11 - Save Best Loss: 1.5817 Model
2021-01-12 20:38:51,399 DEBUG   Epoch 12 - avg_train_loss: 0.8911  avg_val_loss: 1.6076 F1: 0.453631  Accuracy: 0.586264 Recall@3: 0.787637 time: 713s
2021-01-12 20:50:36,338 DEBUG   Epoch 13 - avg_train_loss: 0.8523  avg_val_loss: 1.5959 F1: 0.457835  Accuracy: 0.580495 Recall@3: 0.793681 time: 705s
2021-01-12 21:02:33,633 DEBUG   Epoch 14 - avg_train_loss: 0.7515  avg_val_loss: 1.6278 F1: 0.465563  Accuracy: 0.582418 Recall@3: 0.796978 time: 717s
2021-01-12 21:14:22,443 DEBUG   Epoch 15 - avg_train_loss: 0.7075  avg_val_loss: 1.5885 F1: 0.463043  Accuracy: 0.593407 Recall@3: 0.795330 time: 709s
2021-01-12 21:26:02,233 DEBUG   Epoch 16 - avg_train_loss: 0.6079  avg_val_loss: 1.5302 F1: 0.491002  Accuracy: 0.607143 Recall@3: 0.803571 time: 700s
2021-01-12 21:26:02,234 DEBUG   Epoch 16 - Save Best Accuracy: 0.607143 Model
2021-01-12 21:26:02,300 DEBUG   Epoch 16 - Save Best Loss: 1.5302 Model
2021-01-12 21:37:44,299 DEBUG   Epoch 17 - avg_train_loss: 0.5724  avg_val_loss: 1.5569 F1: 0.490514  Accuracy: 0.608242 Recall@3: 0.809615 time: 702s
2021-01-12 21:37:44,299 DEBUG   Epoch 17 - Save Best Accuracy: 0.608242 Model
2021-01-12 21:49:18,669 DEBUG   Epoch 18 - avg_train_loss: 0.5367  avg_val_loss: 1.5869 F1: 0.485819  Accuracy: 0.602747 Recall@3: 0.800824 time: 694s
2021-01-12 22:00:26,313 DEBUG   Epoch 19 - avg_train_loss: 0.4684  avg_val_loss: 1.5528 F1: 0.493450  Accuracy: 0.617582 Recall@3: 0.814286 time: 668s
2021-01-12 22:00:26,314 DEBUG   Epoch 19 - Save Best Accuracy: 0.617582 Model
2021-01-12 22:11:58,474 DEBUG   Epoch 20 - avg_train_loss: 0.4213  avg_val_loss: 1.5844 F1: 0.503619  Accuracy: 0.620604 Recall@3: 0.814011 time: 692s
2021-01-12 22:11:58,475 DEBUG   Epoch 20 - Save Best Accuracy: 0.620604 Model
2021-01-12 22:23:19,243 DEBUG   Epoch 21 - avg_train_loss: 0.3627  avg_val_loss: 1.5695 F1: 0.521606  Accuracy: 0.626923 Recall@3: 0.821154 time: 681s
2021-01-12 22:23:19,243 DEBUG   Epoch 21 - Save Best Accuracy: 0.626923 Model
2021-01-12 22:34:38,714 DEBUG   Epoch 22 - avg_train_loss: 0.3343  avg_val_loss: 1.6245 F1: 0.483159  Accuracy: 0.611538 Recall@3: 0.815934 time: 679s
2021-01-12 22:46:00,760 DEBUG   Epoch 23 - avg_train_loss: 0.2837  avg_val_loss: 1.5784 F1: 0.507113  Accuracy: 0.629396 Recall@3: 0.820604 time: 682s
2021-01-12 22:46:00,761 DEBUG   Epoch 23 - Save Best Accuracy: 0.629396 Model
2021-01-12 22:57:18,357 DEBUG   Epoch 24 - avg_train_loss: 0.2581  avg_val_loss: 1.5940 F1: 0.508355  Accuracy: 0.624176 Recall@3: 0.817857 time: 678s
2021-01-12 23:08:45,685 DEBUG   Epoch 25 - avg_train_loss: 0.2187  avg_val_loss: 1.5636 F1: 0.520125  Accuracy: 0.633791 Recall@3: 0.825824 time: 687s
2021-01-12 23:08:45,685 DEBUG   Epoch 25 - Save Best Accuracy: 0.633791 Model
2021-01-12 23:20:07,463 DEBUG   Epoch 26 - avg_train_loss: 0.1986  avg_val_loss: 1.6103 F1: 0.516796  Accuracy: 0.632418 Recall@3: 0.821703 time: 682s
2021-01-12 23:31:38,246 DEBUG   Epoch 27 - avg_train_loss: 0.1679  avg_val_loss: 1.6122 F1: 0.516812  Accuracy: 0.634066 Recall@3: 0.828297 time: 691s
2021-01-12 23:31:38,246 DEBUG   Epoch 27 - Save Best Accuracy: 0.634066 Model
2021-01-12 23:43:19,410 DEBUG   Epoch 28 - avg_train_loss: 0.1498  avg_val_loss: 1.6159 F1: 0.526828  Accuracy: 0.639011 Recall@3: 0.824725 time: 701s
2021-01-12 23:43:19,411 DEBUG   Epoch 28 - Save Best Accuracy: 0.639011 Model
2021-01-12 23:54:55,382 DEBUG   Epoch 29 - avg_train_loss: 0.1309  avg_val_loss: 1.6217 F1: 0.535717  Accuracy: 0.642308 Recall@3: 0.831044 time: 696s
2021-01-12 23:54:55,383 DEBUG   Epoch 29 - Save Best Accuracy: 0.642308 Model
2021-01-13 00:06:31,183 DEBUG   Epoch 30 - avg_train_loss: 0.1228  avg_val_loss: 1.6086 F1: 0.528232  Accuracy: 0.638462 Recall@3: 0.829396 time: 696s
2021-01-13 00:17:57,066 DEBUG   Epoch 31 - avg_train_loss: 0.1089  avg_val_loss: 1.6168 F1: 0.537126  Accuracy: 0.646429 Recall@3: 0.830769 time: 686s
2021-01-13 00:17:57,066 DEBUG   Epoch 31 - Save Best Accuracy: 0.646429 Model
2021-01-13 00:29:24,083 DEBUG   Epoch 32 - avg_train_loss: 0.0969  avg_val_loss: 1.6173 F1: 0.532529  Accuracy: 0.640110 Recall@3: 0.831593 time: 687s
2021-01-13 00:40:45,756 DEBUG   Epoch 33 - avg_train_loss: 0.0909  avg_val_loss: 1.6285 F1: 0.532529  Accuracy: 0.646154 Recall@3: 0.830769 time: 682s
2021-01-13 00:52:03,318 DEBUG   Epoch 34 - avg_train_loss: 0.0812  avg_val_loss: 1.6412 F1: 0.533511  Accuracy: 0.644505 Recall@3: 0.828571 time: 678s
2021-01-13 01:03:25,829 DEBUG   Epoch 35 - avg_train_loss: 0.0763  avg_val_loss: 1.6456 F1: 0.525470  Accuracy: 0.644505 Recall@3: 0.831593 time: 683s
2021-01-13 01:14:50,094 DEBUG   Epoch 36 - avg_train_loss: 0.0686  avg_val_loss: 1.6605 F1: 0.530539  Accuracy: 0.643956 Recall@3: 0.832143 time: 684s
2021-01-13 01:26:30,255 DEBUG   Epoch 37 - avg_train_loss: 0.0632  avg_val_loss: 1.6590 F1: 0.536714  Accuracy: 0.642582 Recall@3: 0.829945 time: 700s
2021-01-13 01:38:42,149 DEBUG   Epoch 38 - avg_train_loss: 0.0607  avg_val_loss: 1.6583 F1: 0.539915  Accuracy: 0.646429 Recall@3: 0.829945 time: 732s
2021-01-13 01:51:14,209 DEBUG   Epoch 39 - avg_train_loss: 0.0567  avg_val_loss: 1.6612 F1: 0.531477  Accuracy: 0.644505 Recall@3: 0.829945 time: 752s
2021-01-13 02:03:15,395 DEBUG   Epoch 40 - avg_train_loss: 0.0549  avg_val_loss: 1.6640 F1: 0.534158  Accuracy: 0.643956 Recall@3: 0.831593 time: 721s
2021-01-13 02:15:08,395 DEBUG   Epoch 41 - avg_train_loss: 0.0491  avg_val_loss: 1.6750 F1: 0.545161  Accuracy: 0.650275 Recall@3: 0.830220 time: 713s
2021-01-13 02:15:08,396 DEBUG   Epoch 41 - Save Best Accuracy: 0.650275 Model
2021-01-13 02:27:09,888 DEBUG   Epoch 42 - avg_train_loss: 0.0492  avg_val_loss: 1.6581 F1: 0.539118  Accuracy: 0.652473 Recall@3: 0.831593 time: 721s
2021-01-13 02:27:09,888 DEBUG   Epoch 42 - Save Best Accuracy: 0.652473 Model
2021-01-13 02:39:11,866 DEBUG   Epoch 43 - avg_train_loss: 0.0446  avg_val_loss: 1.6591 F1: 0.534776  Accuracy: 0.647527 Recall@3: 0.829670 time: 722s
2021-01-13 02:51:05,162 DEBUG   Epoch 44 - avg_train_loss: 0.0446  avg_val_loss: 1.6674 F1: 0.549817  Accuracy: 0.655495 Recall@3: 0.831868 time: 713s
2021-01-13 02:51:05,181 DEBUG   Epoch 44 - Save Best Accuracy: 0.655495 Model
2021-01-13 03:03:04,472 DEBUG   Epoch 45 - avg_train_loss: 0.0422  avg_val_loss: 1.6773 F1: 0.538278  Accuracy: 0.647527 Recall@3: 0.830495 time: 719s
2021-01-13 18:10:45,280 INFO [Train model] start
2021-01-14 10:32:34,224 INFO [Train model] start
2021-01-14 10:45:21,495 DEBUG   Epoch 1 - avg_train_loss: 2.9943  avg_val_loss: 2.4491 F1: 0.197962  Accuracy: 0.380495 Recall@3: 0.592308 time: 764s
2021-01-14 10:45:21,496 DEBUG   Epoch 1 - Save Best Accuracy: 0.380495 Model
2021-01-14 10:45:21,585 DEBUG   Epoch 1 - Save Best Loss: 2.4491 Model
2021-01-14 10:58:02,927 DEBUG   Epoch 2 - avg_train_loss: 2.1367  avg_val_loss: 2.1809 F1: 0.254804  Accuracy: 0.429121 Recall@3: 0.654396 time: 761s
2021-01-14 10:58:02,928 DEBUG   Epoch 2 - Save Best Accuracy: 0.429121 Model
2021-01-14 10:58:03,026 DEBUG   Epoch 2 - Save Best Loss: 2.1809 Model
2021-01-14 11:10:39,507 DEBUG   Epoch 3 - avg_train_loss: 1.8380  avg_val_loss: 2.0529 F1: 0.311180  Accuracy: 0.457692 Recall@3: 0.678022 time: 756s
2021-01-14 11:10:39,510 DEBUG   Epoch 3 - Save Best Accuracy: 0.457692 Model
2021-01-14 11:10:39,731 DEBUG   Epoch 3 - Save Best Loss: 2.0529 Model
2021-01-14 11:23:22,489 DEBUG   Epoch 4 - avg_train_loss: 1.6714  avg_val_loss: 1.9489 F1: 0.315493  Accuracy: 0.485440 Recall@3: 0.706044 time: 763s
2021-01-14 11:23:22,490 DEBUG   Epoch 4 - Save Best Accuracy: 0.485440 Model
2021-01-14 11:23:22,580 DEBUG   Epoch 4 - Save Best Loss: 1.9489 Model
2021-01-14 11:35:58,442 DEBUG   Epoch 5 - avg_train_loss: 1.5428  avg_val_loss: 1.8289 F1: 0.367145  Accuracy: 0.518132 Recall@3: 0.732418 time: 756s
2021-01-14 11:35:58,442 DEBUG   Epoch 5 - Save Best Accuracy: 0.518132 Model
2021-01-14 11:35:58,520 DEBUG   Epoch 5 - Save Best Loss: 1.8289 Model
2021-01-14 11:48:31,565 DEBUG   Epoch 6 - avg_train_loss: 1.4383  avg_val_loss: 1.8530 F1: 0.350997  Accuracy: 0.506593 Recall@3: 0.729121 time: 753s
2021-01-14 12:01:07,166 DEBUG   Epoch 7 - avg_train_loss: 1.3423  avg_val_loss: 1.9471 F1: 0.364100  Accuracy: 0.508791 Recall@3: 0.717857 time: 756s
2021-01-14 12:13:45,339 DEBUG   Epoch 8 - avg_train_loss: 1.2115  avg_val_loss: 1.5884 F1: 0.434228  Accuracy: 0.573626 Recall@3: 0.782143 time: 758s
2021-01-14 12:13:45,340 DEBUG   Epoch 8 - Save Best Accuracy: 0.573626 Model
2021-01-14 12:13:45,423 DEBUG   Epoch 8 - Save Best Loss: 1.5884 Model
2021-01-14 12:26:32,652 DEBUG   Epoch 9 - avg_train_loss: 1.1338  avg_val_loss: 1.6624 F1: 0.420381  Accuracy: 0.561264 Recall@3: 0.768681 time: 767s
2021-01-14 12:39:09,566 DEBUG   Epoch 10 - avg_train_loss: 1.0618  avg_val_loss: 1.6437 F1: 0.423374  Accuracy: 0.559890 Recall@3: 0.774176 time: 757s
2021-01-14 12:51:47,969 DEBUG   Epoch 11 - avg_train_loss: 0.9542  avg_val_loss: 1.5817 F1: 0.467781  Accuracy: 0.593407 Recall@3: 0.789286 time: 758s
2021-01-14 12:51:47,969 DEBUG   Epoch 11 - Save Best Accuracy: 0.593407 Model
2021-01-14 12:51:48,034 DEBUG   Epoch 11 - Save Best Loss: 1.5817 Model
2021-01-14 13:04:24,766 DEBUG   Epoch 12 - avg_train_loss: 0.8911  avg_val_loss: 1.6076 F1: 0.453631  Accuracy: 0.586264 Recall@3: 0.787637 time: 757s
2021-01-14 13:16:58,644 DEBUG   Epoch 13 - avg_train_loss: 0.8523  avg_val_loss: 1.5959 F1: 0.457835  Accuracy: 0.580495 Recall@3: 0.793681 time: 754s
2021-01-14 13:29:47,419 DEBUG   Epoch 14 - avg_train_loss: 0.7515  avg_val_loss: 1.6278 F1: 0.465563  Accuracy: 0.582418 Recall@3: 0.796978 time: 769s
2021-01-14 13:42:25,495 DEBUG   Epoch 15 - avg_train_loss: 0.7075  avg_val_loss: 1.5885 F1: 0.463043  Accuracy: 0.593407 Recall@3: 0.795330 time: 758s
2021-01-14 13:54:57,845 DEBUG   Epoch 16 - avg_train_loss: 0.6079  avg_val_loss: 1.5302 F1: 0.491002  Accuracy: 0.607143 Recall@3: 0.803571 time: 752s
2021-01-14 13:54:57,846 DEBUG   Epoch 16 - Save Best Accuracy: 0.607143 Model
2021-01-14 13:54:57,923 DEBUG   Epoch 16 - Save Best Loss: 1.5302 Model
2021-01-14 14:07:39,271 DEBUG   Epoch 17 - avg_train_loss: 0.5724  avg_val_loss: 1.5569 F1: 0.490514  Accuracy: 0.608242 Recall@3: 0.809615 time: 761s
2021-01-14 14:07:39,272 DEBUG   Epoch 17 - Save Best Accuracy: 0.608242 Model
2021-01-14 14:20:14,185 DEBUG   Epoch 18 - avg_train_loss: 0.5367  avg_val_loss: 1.5869 F1: 0.485819  Accuracy: 0.602747 Recall@3: 0.800824 time: 755s
2021-01-14 14:32:49,477 DEBUG   Epoch 19 - avg_train_loss: 0.4684  avg_val_loss: 1.5528 F1: 0.493450  Accuracy: 0.617582 Recall@3: 0.814286 time: 755s
2021-01-14 14:32:49,478 DEBUG   Epoch 19 - Save Best Accuracy: 0.617582 Model
2021-01-14 14:45:29,218 DEBUG   Epoch 20 - avg_train_loss: 0.4213  avg_val_loss: 1.5844 F1: 0.503619  Accuracy: 0.620604 Recall@3: 0.814011 time: 760s
2021-01-14 14:45:29,218 DEBUG   Epoch 20 - Save Best Accuracy: 0.620604 Model
2021-01-14 14:58:04,564 DEBUG   Epoch 21 - avg_train_loss: 0.3627  avg_val_loss: 1.5695 F1: 0.521606  Accuracy: 0.626923 Recall@3: 0.821154 time: 755s
2021-01-14 14:58:04,565 DEBUG   Epoch 21 - Save Best Accuracy: 0.626923 Model
2021-01-14 15:10:32,280 DEBUG   Epoch 22 - avg_train_loss: 0.3343  avg_val_loss: 1.6245 F1: 0.483159  Accuracy: 0.611538 Recall@3: 0.815934 time: 748s
2021-01-14 15:23:09,245 DEBUG   Epoch 23 - avg_train_loss: 0.2837  avg_val_loss: 1.5784 F1: 0.507113  Accuracy: 0.629396 Recall@3: 0.820604 time: 757s
2021-01-14 15:23:09,246 DEBUG   Epoch 23 - Save Best Accuracy: 0.629396 Model
2021-01-14 15:34:53,495 DEBUG   Epoch 24 - avg_train_loss: 0.2581  avg_val_loss: 1.5940 F1: 0.508355  Accuracy: 0.624176 Recall@3: 0.817857 time: 704s
2021-01-14 15:47:54,170 DEBUG   Epoch 25 - avg_train_loss: 0.2187  avg_val_loss: 1.5636 F1: 0.520125  Accuracy: 0.633791 Recall@3: 0.825824 time: 781s
2021-01-14 15:47:54,171 DEBUG   Epoch 25 - Save Best Accuracy: 0.633791 Model
2021-01-14 16:02:25,352 DEBUG   Epoch 26 - avg_train_loss: 0.1986  avg_val_loss: 1.6103 F1: 0.516796  Accuracy: 0.632418 Recall@3: 0.821703 time: 871s
2021-01-14 16:15:41,341 DEBUG   Epoch 27 - avg_train_loss: 0.1679  avg_val_loss: 1.6122 F1: 0.516812  Accuracy: 0.634066 Recall@3: 0.828297 time: 796s
2021-01-14 16:15:41,342 DEBUG   Epoch 27 - Save Best Accuracy: 0.634066 Model
2021-01-14 16:28:05,272 DEBUG   Epoch 28 - avg_train_loss: 0.1498  avg_val_loss: 1.6159 F1: 0.526828  Accuracy: 0.639011 Recall@3: 0.824725 time: 744s
2021-01-14 16:28:05,273 DEBUG   Epoch 28 - Save Best Accuracy: 0.639011 Model
2021-01-14 16:44:44,098 DEBUG   Epoch 29 - avg_train_loss: 0.1309  avg_val_loss: 1.6217 F1: 0.535717  Accuracy: 0.642308 Recall@3: 0.831044 time: 999s
2021-01-14 16:44:44,098 DEBUG   Epoch 29 - Save Best Accuracy: 0.642308 Model
2021-01-14 17:03:28,210 DEBUG   Epoch 30 - avg_train_loss: 0.1228  avg_val_loss: 1.6086 F1: 0.528232  Accuracy: 0.638462 Recall@3: 0.829396 time: 1124s
2021-01-14 17:22:39,022 DEBUG   Epoch 31 - avg_train_loss: 0.1089  avg_val_loss: 1.6168 F1: 0.537126  Accuracy: 0.646429 Recall@3: 0.830769 time: 1151s
2021-01-14 17:22:39,030 DEBUG   Epoch 31 - Save Best Accuracy: 0.646429 Model
2021-01-14 17:40:59,660 DEBUG   Epoch 32 - avg_train_loss: 0.0969  avg_val_loss: 1.6173 F1: 0.532529  Accuracy: 0.640110 Recall@3: 0.831593 time: 1101s
2021-01-14 18:01:28,088 DEBUG   Epoch 33 - avg_train_loss: 0.0909  avg_val_loss: 1.6285 F1: 0.532529  Accuracy: 0.646154 Recall@3: 0.830769 time: 1228s
2021-01-14 18:21:32,073 DEBUG   Epoch 34 - avg_train_loss: 0.0812  avg_val_loss: 1.6412 F1: 0.533511  Accuracy: 0.644505 Recall@3: 0.828571 time: 1204s
2021-01-14 18:42:34,384 DEBUG   Epoch 35 - avg_train_loss: 0.0763  avg_val_loss: 1.6456 F1: 0.525470  Accuracy: 0.644505 Recall@3: 0.831593 time: 1262s
2021-01-14 19:02:31,455 DEBUG   Epoch 36 - avg_train_loss: 0.0686  avg_val_loss: 1.6605 F1: 0.530539  Accuracy: 0.643956 Recall@3: 0.832143 time: 1197s
2021-01-14 19:19:56,576 DEBUG   Epoch 37 - avg_train_loss: 0.0632  avg_val_loss: 1.6590 F1: 0.536714  Accuracy: 0.642582 Recall@3: 0.829945 time: 1045s
2021-01-14 19:37:35,485 DEBUG   Epoch 38 - avg_train_loss: 0.0607  avg_val_loss: 1.6583 F1: 0.539915  Accuracy: 0.646429 Recall@3: 0.829945 time: 1059s
2021-01-14 19:56:19,915 DEBUG   Epoch 39 - avg_train_loss: 0.0567  avg_val_loss: 1.6612 F1: 0.531477  Accuracy: 0.644505 Recall@3: 0.829945 time: 1124s
2021-01-14 20:15:22,166 DEBUG   Epoch 40 - avg_train_loss: 0.0549  avg_val_loss: 1.6640 F1: 0.534158  Accuracy: 0.643956 Recall@3: 0.831593 time: 1142s
2021-01-14 20:34:32,702 DEBUG   Epoch 41 - avg_train_loss: 0.0491  avg_val_loss: 1.6750 F1: 0.545161  Accuracy: 0.650275 Recall@3: 0.830220 time: 1151s
2021-01-14 20:34:32,716 DEBUG   Epoch 41 - Save Best Accuracy: 0.650275 Model
2021-01-14 20:53:14,204 DEBUG   Epoch 42 - avg_train_loss: 0.0492  avg_val_loss: 1.6581 F1: 0.539118  Accuracy: 0.652473 Recall@3: 0.831593 time: 1121s
2021-01-14 20:53:14,204 DEBUG   Epoch 42 - Save Best Accuracy: 0.652473 Model
2021-01-14 21:13:48,806 DEBUG   Epoch 43 - avg_train_loss: 0.0446  avg_val_loss: 1.6591 F1: 0.534776  Accuracy: 0.647527 Recall@3: 0.829670 time: 1234s
2021-01-14 21:35:57,555 DEBUG   Epoch 44 - avg_train_loss: 0.0446  avg_val_loss: 1.6674 F1: 0.549817  Accuracy: 0.655495 Recall@3: 0.831868 time: 1329s
2021-01-14 21:35:57,556 DEBUG   Epoch 44 - Save Best Accuracy: 0.655495 Model
2021-01-14 21:58:26,512 DEBUG   Epoch 45 - avg_train_loss: 0.0422  avg_val_loss: 1.6773 F1: 0.538278  Accuracy: 0.647527 Recall@3: 0.830495 time: 1349s
2021-01-14 22:16:40,095 DEBUG   Epoch 46 - avg_train_loss: 0.0412  avg_val_loss: 1.6888 F1: 0.546006  Accuracy: 0.651374 Recall@3: 0.831868 time: 1094s
2021-01-14 22:30:17,546 DEBUG   Epoch 47 - avg_train_loss: 0.0396  avg_val_loss: 1.6790 F1: 0.542534  Accuracy: 0.652473 Recall@3: 0.833791 time: 817s
2021-01-14 22:44:20,490 DEBUG   Epoch 48 - avg_train_loss: 0.0398  avg_val_loss: 1.6743 F1: 0.542641  Accuracy: 0.649451 Recall@3: 0.834890 time: 843s
2021-01-14 22:57:57,000 DEBUG   Epoch 49 - avg_train_loss: 0.0368  avg_val_loss: 1.6750 F1: 0.544068  Accuracy: 0.653571 Recall@3: 0.836264 time: 817s
2021-01-14 23:11:39,371 DEBUG   Epoch 50 - avg_train_loss: 0.0359  avg_val_loss: 1.6747 F1: 0.541891  Accuracy: 0.651648 Recall@3: 0.838187 time: 822s
2021-01-14 23:25:01,150 DEBUG   Epoch 51 - avg_train_loss: 0.0343  avg_val_loss: 1.6821 F1: 0.539830  Accuracy: 0.649725 Recall@3: 0.837088 time: 802s
2021-01-14 23:38:40,207 DEBUG   Epoch 52 - avg_train_loss: 0.0346  avg_val_loss: 1.6714 F1: 0.536777  Accuracy: 0.650000 Recall@3: 0.835165 time: 819s
2021-01-14 23:50:38,805 DEBUG   Epoch 53 - avg_train_loss: 0.0326  avg_val_loss: 1.6777 F1: 0.547219  Accuracy: 0.652747 Recall@3: 0.833516 time: 719s
2021-01-15 00:02:43,492 DEBUG   Epoch 54 - avg_train_loss: 0.0329  avg_val_loss: 1.6890 F1: 0.542727  Accuracy: 0.650275 Recall@3: 0.833516 time: 725s
2021-01-15 00:14:42,662 DEBUG   Epoch 55 - avg_train_loss: 0.0323  avg_val_loss: 1.6875 F1: 0.537845  Accuracy: 0.648901 Recall@3: 0.837637 time: 719s
2021-01-15 00:27:20,651 DEBUG   Epoch 56 - avg_train_loss: 0.0310  avg_val_loss: 1.6918 F1: 0.534371  Accuracy: 0.647802 Recall@3: 0.835714 time: 758s
2021-01-15 00:40:41,513 DEBUG   Epoch 57 - avg_train_loss: 0.0309  avg_val_loss: 1.6967 F1: 0.539635  Accuracy: 0.653297 Recall@3: 0.834341 time: 801s
2021-01-15 00:53:57,958 DEBUG   Epoch 58 - avg_train_loss: 0.0301  avg_val_loss: 1.6995 F1: 0.536247  Accuracy: 0.650549 Recall@3: 0.833791 time: 796s
2021-01-15 01:06:29,279 DEBUG   Epoch 59 - avg_train_loss: 0.0302  avg_val_loss: 1.6818 F1: 0.538446  Accuracy: 0.649176 Recall@3: 0.835165 time: 751s
2021-01-15 01:18:59,836 DEBUG   Epoch 60 - avg_train_loss: 0.0287  avg_val_loss: 1.7012 F1: 0.546787  Accuracy: 0.656593 Recall@3: 0.837088 time: 751s
2021-01-15 01:18:59,836 DEBUG   Epoch 60 - Save Best Accuracy: 0.656593 Model
2021-01-15 01:31:24,994 DEBUG   Epoch 61 - avg_train_loss: 0.0285  avg_val_loss: 1.6943 F1: 0.549640  Accuracy: 0.656593 Recall@3: 0.831868 time: 745s
2021-01-15 01:45:04,385 DEBUG   Epoch 62 - avg_train_loss: 0.0281  avg_val_loss: 1.6959 F1: 0.544303  Accuracy: 0.656593 Recall@3: 0.836813 time: 819s
2021-01-15 01:59:30,317 DEBUG   Epoch 63 - avg_train_loss: 0.0268  avg_val_loss: 1.6928 F1: 0.543104  Accuracy: 0.653846 Recall@3: 0.839560 time: 866s
2021-01-15 02:11:46,411 DEBUG   Epoch 64 - avg_train_loss: 0.0265  avg_val_loss: 1.6929 F1: 0.545425  Accuracy: 0.654396 Recall@3: 0.834066 time: 736s
2021-01-15 02:23:43,541 DEBUG   Epoch 65 - avg_train_loss: 0.0264  avg_val_loss: 1.6886 F1: 0.546474  Accuracy: 0.654396 Recall@3: 0.836264 time: 717s
2021-01-15 02:36:12,777 DEBUG   Epoch 66 - avg_train_loss: 0.0264  avg_val_loss: 1.6916 F1: 0.542375  Accuracy: 0.654396 Recall@3: 0.835165 time: 749s
2021-01-15 02:49:35,862 DEBUG   Epoch 67 - avg_train_loss: 0.0264  avg_val_loss: 1.6997 F1: 0.544698  Accuracy: 0.655769 Recall@3: 0.836264 time: 803s
2021-01-15 03:03:03,813 DEBUG   Epoch 68 - avg_train_loss: 0.0260  avg_val_loss: 1.6936 F1: 0.544414  Accuracy: 0.656593 Recall@3: 0.837363 time: 808s
2021-01-15 03:16:02,585 DEBUG   Epoch 69 - avg_train_loss: 0.0265  avg_val_loss: 1.7039 F1: 0.540139  Accuracy: 0.651374 Recall@3: 0.836538 time: 779s
2021-01-15 03:29:18,563 DEBUG   Epoch 70 - avg_train_loss: 0.0252  avg_val_loss: 1.6892 F1: 0.546943  Accuracy: 0.656044 Recall@3: 0.835714 time: 796s
2021-01-15 03:42:09,043 DEBUG   Epoch 71 - avg_train_loss: 0.0248  avg_val_loss: 1.7010 F1: 0.544982  Accuracy: 0.651099 Recall@3: 0.835165 time: 770s
2021-01-15 03:54:39,281 DEBUG   Epoch 72 - avg_train_loss: 0.0254  avg_val_loss: 1.6979 F1: 0.544691  Accuracy: 0.654121 Recall@3: 0.837912 time: 750s
2021-01-15 04:07:11,799 DEBUG   Epoch 73 - avg_train_loss: 0.0250  avg_val_loss: 1.7064 F1: 0.537809  Accuracy: 0.650275 Recall@3: 0.836538 time: 753s
2021-01-15 04:19:32,330 DEBUG   Epoch 74 - avg_train_loss: 0.0251  avg_val_loss: 1.6992 F1: 0.541885  Accuracy: 0.650549 Recall@3: 0.834341 time: 741s
2021-01-15 04:31:05,295 DEBUG   Epoch 75 - avg_train_loss: 0.0258  avg_val_loss: 1.6958 F1: 0.544279  Accuracy: 0.653571 Recall@3: 0.836538 time: 693s
2021-01-15 04:42:57,950 DEBUG   Epoch 76 - avg_train_loss: 0.0255  avg_val_loss: 1.6941 F1: 0.537775  Accuracy: 0.650824 Recall@3: 0.838187 time: 713s
2021-01-15 04:56:33,110 DEBUG   Epoch 77 - avg_train_loss: 0.0257  avg_val_loss: 1.7039 F1: 0.539812  Accuracy: 0.649725 Recall@3: 0.836264 time: 815s
2021-01-15 05:10:16,988 DEBUG   Epoch 78 - avg_train_loss: 0.0241  avg_val_loss: 1.7046 F1: 0.540314  Accuracy: 0.649725 Recall@3: 0.837363 time: 824s
2021-01-15 05:24:13,189 DEBUG   Epoch 79 - avg_train_loss: 0.0241  avg_val_loss: 1.7067 F1: 0.540203  Accuracy: 0.648077 Recall@3: 0.834615 time: 836s
2021-01-15 05:37:10,979 DEBUG   Epoch 80 - avg_train_loss: 0.0238  avg_val_loss: 1.7062 F1: 0.545494  Accuracy: 0.652473 Recall@3: 0.838187 time: 778s
2021-01-15 05:50:40,240 DEBUG   Epoch 81 - avg_train_loss: 0.0242  avg_val_loss: 1.6973 F1: 0.542892  Accuracy: 0.651923 Recall@3: 0.836264 time: 809s
2021-01-15 06:03:52,761 DEBUG   Epoch 82 - avg_train_loss: 0.0248  avg_val_loss: 1.6966 F1: 0.544390  Accuracy: 0.653297 Recall@3: 0.838187 time: 793s
2021-01-15 06:17:09,038 DEBUG   Epoch 83 - avg_train_loss: 0.0238  avg_val_loss: 1.6999 F1: 0.541076  Accuracy: 0.651923 Recall@3: 0.836264 time: 796s
2021-01-15 06:33:42,755 DEBUG   Epoch 84 - avg_train_loss: 0.0231  avg_val_loss: 1.7204 F1: 0.544727  Accuracy: 0.653297 Recall@3: 0.839011 time: 994s
2021-01-15 06:47:15,377 DEBUG   Epoch 85 - avg_train_loss: 0.0228  avg_val_loss: 1.7040 F1: 0.544005  Accuracy: 0.652747 Recall@3: 0.837637 time: 813s
2021-01-15 06:59:05,194 DEBUG   Epoch 86 - avg_train_loss: 0.0238  avg_val_loss: 1.7042 F1: 0.545021  Accuracy: 0.653022 Recall@3: 0.837637 time: 710s
2021-01-15 07:10:57,973 DEBUG   Epoch 87 - avg_train_loss: 0.0220  avg_val_loss: 1.7126 F1: 0.541359  Accuracy: 0.652747 Recall@3: 0.834890 time: 713s
2021-01-15 07:24:04,973 DEBUG   Epoch 88 - avg_train_loss: 0.0233  avg_val_loss: 1.7145 F1: 0.539934  Accuracy: 0.649451 Recall@3: 0.836264 time: 787s
2021-01-15 07:37:32,921 DEBUG   Epoch 89 - avg_train_loss: 0.0231  avg_val_loss: 1.7094 F1: 0.541185  Accuracy: 0.652473 Recall@3: 0.835714 time: 808s
2021-01-15 07:50:22,872 DEBUG   Epoch 90 - avg_train_loss: 0.0228  avg_val_loss: 1.7027 F1: 0.542644  Accuracy: 0.650275 Recall@3: 0.837088 time: 770s
2021-01-15 08:03:24,844 DEBUG   Epoch 91 - avg_train_loss: 0.0234  avg_val_loss: 1.7099 F1: 0.543945  Accuracy: 0.655220 Recall@3: 0.835989 time: 782s
2021-01-15 08:17:00,490 DEBUG   Epoch 92 - avg_train_loss: 0.0230  avg_val_loss: 1.7055 F1: 0.546134  Accuracy: 0.654945 Recall@3: 0.836538 time: 816s
2021-01-15 08:30:29,847 DEBUG   Epoch 93 - avg_train_loss: 0.0223  avg_val_loss: 1.7097 F1: 0.542663  Accuracy: 0.653571 Recall@3: 0.837363 time: 809s
2021-01-15 08:43:32,482 DEBUG   Epoch 94 - avg_train_loss: 0.0238  avg_val_loss: 1.7064 F1: 0.545241  Accuracy: 0.655769 Recall@3: 0.835714 time: 783s
2021-01-15 08:57:20,524 DEBUG   Epoch 95 - avg_train_loss: 0.0226  avg_val_loss: 1.7069 F1: 0.547434  Accuracy: 0.656593 Recall@3: 0.837912 time: 828s
2021-01-15 09:10:31,542 DEBUG   Epoch 96 - avg_train_loss: 0.0220  avg_val_loss: 1.7087 F1: 0.543175  Accuracy: 0.652747 Recall@3: 0.836813 time: 791s
2021-01-15 09:22:29,683 DEBUG   Epoch 97 - avg_train_loss: 0.0221  avg_val_loss: 1.7076 F1: 0.540946  Accuracy: 0.650824 Recall@3: 0.840110 time: 718s
2021-01-15 09:34:41,796 DEBUG   Epoch 98 - avg_train_loss: 0.0220  avg_val_loss: 1.7007 F1: 0.545799  Accuracy: 0.657418 Recall@3: 0.836538 time: 732s
2021-01-15 09:34:41,797 DEBUG   Epoch 98 - Save Best Accuracy: 0.657418 Model
2021-01-15 09:48:11,325 DEBUG   Epoch 99 - avg_train_loss: 0.0219  avg_val_loss: 1.7002 F1: 0.546423  Accuracy: 0.656593 Recall@3: 0.839011 time: 809s
2021-01-15 10:01:07,859 DEBUG   Epoch 100 - avg_train_loss: 0.0237  avg_val_loss: 1.7044 F1: 0.543209  Accuracy: 0.652747 Recall@3: 0.837363 time: 777s
2021-01-15 10:01:07,862 INFO [Train model] done in 84514 s.
