2021-01-12 18:19:50,246 INFO [Train model] start
2021-01-12 18:34:17,220 DEBUG   Epoch 1 - avg_train_loss: 6.5789  avg_val_loss: 2.9844 F1: 0.129365  Accuracy: 0.300824 Recall@3: 0.492582 time: 863s
2021-01-12 18:34:17,221 DEBUG   Epoch 1 - Save Best Accuracy: 0.300824 Model
2021-01-12 18:34:17,692 DEBUG   Epoch 1 - Save Best Loss: 2.9844 Model
2021-01-12 18:48:42,900 DEBUG   Epoch 2 - avg_train_loss: 4.3153  avg_val_loss: 2.1853 F1: 0.249324  Accuracy: 0.430495 Recall@3: 0.650824 time: 865s
2021-01-12 18:48:42,901 DEBUG   Epoch 2 - Save Best Accuracy: 0.430495 Model
2021-01-12 18:48:43,421 DEBUG   Epoch 2 - Save Best Loss: 2.1853 Model
2021-01-12 19:02:35,204 DEBUG   Epoch 3 - avg_train_loss: 3.5600  avg_val_loss: 1.9947 F1: 0.309023  Accuracy: 0.473352 Recall@3: 0.700549 time: 831s
2021-01-12 19:02:35,205 DEBUG   Epoch 3 - Save Best Accuracy: 0.473352 Model
2021-01-12 19:02:35,716 DEBUG   Epoch 3 - Save Best Loss: 1.9947 Model
2021-01-12 19:17:14,136 DEBUG   Epoch 4 - avg_train_loss: 3.0561  avg_val_loss: 1.8814 F1: 0.351644  Accuracy: 0.519505 Recall@3: 0.725549 time: 878s
2021-01-12 19:17:14,137 DEBUG   Epoch 4 - Save Best Accuracy: 0.519505 Model
2021-01-12 19:17:14,673 DEBUG   Epoch 4 - Save Best Loss: 1.8814 Model
2021-01-12 19:31:14,235 DEBUG   Epoch 5 - avg_train_loss: 2.6870  avg_val_loss: 1.7890 F1: 0.375150  Accuracy: 0.532692 Recall@3: 0.741758 time: 839s
2021-01-12 19:31:14,236 DEBUG   Epoch 5 - Save Best Accuracy: 0.532692 Model
2021-01-12 19:31:14,762 DEBUG   Epoch 5 - Save Best Loss: 1.7890 Model
2021-01-12 19:45:41,722 DEBUG   Epoch 6 - avg_train_loss: 2.3959  avg_val_loss: 1.7357 F1: 0.400599  Accuracy: 0.539011 Recall@3: 0.755495 time: 866s
2021-01-12 19:45:41,722 DEBUG   Epoch 6 - Save Best Accuracy: 0.539011 Model
2021-01-12 19:45:42,199 DEBUG   Epoch 6 - Save Best Loss: 1.7357 Model
2021-01-12 19:59:41,491 DEBUG   Epoch 7 - avg_train_loss: 2.0918  avg_val_loss: 1.6718 F1: 0.429984  Accuracy: 0.573626 Recall@3: 0.768956 time: 839s
2021-01-12 19:59:41,492 DEBUG   Epoch 7 - Save Best Accuracy: 0.573626 Model
2021-01-12 19:59:42,023 DEBUG   Epoch 7 - Save Best Loss: 1.6718 Model
2021-01-12 20:13:47,793 DEBUG   Epoch 8 - avg_train_loss: 1.8742  avg_val_loss: 1.8201 F1: 0.387647  Accuracy: 0.531044 Recall@3: 0.747802 time: 845s
2021-01-12 20:28:02,317 DEBUG   Epoch 9 - avg_train_loss: 1.6617  avg_val_loss: 1.7176 F1: 0.426129  Accuracy: 0.570330 Recall@3: 0.773077 time: 855s
2021-01-12 20:42:03,091 DEBUG   Epoch 10 - avg_train_loss: 1.3223  avg_val_loss: 1.8157 F1: 0.412856  Accuracy: 0.563187 Recall@3: 0.762912 time: 841s
2021-01-12 20:57:24,213 DEBUG   Epoch 11 - avg_train_loss: 1.1105  avg_val_loss: 1.7353 F1: 0.444648  Accuracy: 0.572802 Recall@3: 0.787912 time: 921s
2021-01-12 21:11:26,492 DEBUG   Epoch 12 - avg_train_loss: 0.8956  avg_val_loss: 1.6979 F1: 0.447903  Accuracy: 0.589286 Recall@3: 0.789011 time: 842s
2021-01-12 21:11:26,492 DEBUG   Epoch 12 - Save Best Accuracy: 0.589286 Model
2021-01-12 21:23:58,476 DEBUG   Epoch 13 - avg_train_loss: 0.7412  avg_val_loss: 1.6923 F1: 0.482891  Accuracy: 0.604121 Recall@3: 0.793407 time: 751s
2021-01-12 21:23:58,476 DEBUG   Epoch 13 - Save Best Accuracy: 0.604121 Model
2021-01-12 21:35:59,052 DEBUG   Epoch 14 - avg_train_loss: 0.5711  avg_val_loss: 1.6896 F1: 0.494921  Accuracy: 0.614835 Recall@3: 0.799725 time: 720s
2021-01-12 21:35:59,052 DEBUG   Epoch 14 - Save Best Accuracy: 0.614835 Model
2021-01-12 21:47:00,618 DEBUG   Epoch 15 - avg_train_loss: 0.4594  avg_val_loss: 1.7165 F1: 0.486616  Accuracy: 0.606868 Recall@3: 0.795604 time: 661s
2021-01-12 21:57:59,183 DEBUG   Epoch 16 - avg_train_loss: 0.3417  avg_val_loss: 1.7669 F1: 0.490825  Accuracy: 0.613187 Recall@3: 0.806044 time: 659s
2021-01-12 22:08:57,352 DEBUG   Epoch 17 - avg_train_loss: 0.2994  avg_val_loss: 1.7842 F1: 0.482674  Accuracy: 0.608791 Recall@3: 0.807143 time: 658s
2021-01-12 22:19:52,959 DEBUG   Epoch 18 - avg_train_loss: 0.2204  avg_val_loss: 1.7494 F1: 0.509260  Accuracy: 0.632143 Recall@3: 0.815659 time: 656s
2021-01-12 22:19:52,959 DEBUG   Epoch 18 - Save Best Accuracy: 0.632143 Model
2021-01-12 22:30:48,225 DEBUG   Epoch 19 - avg_train_loss: 0.1638  avg_val_loss: 1.7667 F1: 0.496896  Accuracy: 0.626099 Recall@3: 0.820055 time: 655s
2021-01-12 22:41:47,569 DEBUG   Epoch 20 - avg_train_loss: 0.1322  avg_val_loss: 1.8063 F1: 0.507110  Accuracy: 0.629945 Recall@3: 0.814560 time: 659s
2021-01-12 22:52:42,326 DEBUG   Epoch 21 - avg_train_loss: 0.1153  avg_val_loss: 1.8357 F1: 0.515498  Accuracy: 0.633242 Recall@3: 0.813462 time: 655s
2021-01-12 22:52:42,326 DEBUG   Epoch 21 - Save Best Accuracy: 0.633242 Model
2021-01-12 23:03:42,742 DEBUG   Epoch 22 - avg_train_loss: 0.0934  avg_val_loss: 1.8240 F1: 0.512597  Accuracy: 0.635989 Recall@3: 0.813462 time: 660s
2021-01-12 23:03:42,742 DEBUG   Epoch 22 - Save Best Accuracy: 0.635989 Model
2021-01-12 23:14:36,646 DEBUG   Epoch 23 - avg_train_loss: 0.0787  avg_val_loss: 1.8022 F1: 0.505524  Accuracy: 0.634341 Recall@3: 0.812637 time: 653s
2021-01-12 23:25:40,366 DEBUG   Epoch 24 - avg_train_loss: 0.0706  avg_val_loss: 1.8349 F1: 0.506845  Accuracy: 0.632143 Recall@3: 0.816758 time: 664s
2021-01-12 23:36:39,841 DEBUG   Epoch 25 - avg_train_loss: 0.0666  avg_val_loss: 1.8397 F1: 0.505687  Accuracy: 0.637088 Recall@3: 0.818407 time: 659s
2021-01-12 23:36:39,841 DEBUG   Epoch 25 - Save Best Accuracy: 0.637088 Model
2021-01-12 23:47:47,458 DEBUG   Epoch 26 - avg_train_loss: 0.0514  avg_val_loss: 1.8506 F1: 0.523014  Accuracy: 0.645055 Recall@3: 0.821154 time: 667s
2021-01-12 23:47:47,459 DEBUG   Epoch 26 - Save Best Accuracy: 0.645055 Model
2021-01-12 23:58:40,002 DEBUG   Epoch 27 - avg_train_loss: 0.0502  avg_val_loss: 1.8297 F1: 0.520498  Accuracy: 0.645055 Recall@3: 0.824451 time: 652s
2021-01-13 00:09:31,095 DEBUG   Epoch 28 - avg_train_loss: 0.0453  avg_val_loss: 1.8560 F1: 0.520070  Accuracy: 0.634341 Recall@3: 0.823077 time: 651s
2021-01-13 00:20:24,740 DEBUG   Epoch 29 - avg_train_loss: 0.0421  avg_val_loss: 1.8420 F1: 0.521672  Accuracy: 0.643956 Recall@3: 0.822253 time: 654s
2021-01-13 00:31:36,897 DEBUG   Epoch 30 - avg_train_loss: 0.0377  avg_val_loss: 1.8504 F1: 0.521220  Accuracy: 0.640659 Recall@3: 0.823077 time: 672s
2021-01-13 00:43:54,846 DEBUG   Epoch 31 - avg_train_loss: 0.0344  avg_val_loss: 1.8658 F1: 0.524212  Accuracy: 0.645604 Recall@3: 0.819780 time: 738s
2021-01-13 00:43:54,847 DEBUG   Epoch 31 - Save Best Accuracy: 0.645604 Model
2021-01-13 00:55:45,212 DEBUG   Epoch 32 - avg_train_loss: 0.0345  avg_val_loss: 1.8769 F1: 0.516605  Accuracy: 0.640659 Recall@3: 0.820879 time: 710s
2021-01-13 01:08:01,812 DEBUG   Epoch 33 - avg_train_loss: 0.0329  avg_val_loss: 1.8715 F1: 0.512811  Accuracy: 0.635989 Recall@3: 0.822802 time: 737s
2021-01-13 01:19:55,637 DEBUG   Epoch 34 - avg_train_loss: 0.0315  avg_val_loss: 1.8690 F1: 0.515045  Accuracy: 0.637637 Recall@3: 0.823077 time: 714s
2021-01-13 01:32:03,893 DEBUG   Epoch 35 - avg_train_loss: 0.0274  avg_val_loss: 1.8515 F1: 0.519576  Accuracy: 0.643681 Recall@3: 0.822253 time: 728s
2021-01-13 01:43:59,255 DEBUG   Epoch 36 - avg_train_loss: 0.0266  avg_val_loss: 1.8522 F1: 0.517773  Accuracy: 0.641209 Recall@3: 0.820879 time: 715s
2021-01-13 01:56:07,116 DEBUG   Epoch 37 - avg_train_loss: 0.0260  avg_val_loss: 1.8545 F1: 0.525362  Accuracy: 0.646154 Recall@3: 0.818132 time: 728s
2021-01-13 01:56:07,116 DEBUG   Epoch 37 - Save Best Accuracy: 0.646154 Model
2021-01-13 02:08:06,465 DEBUG   Epoch 38 - avg_train_loss: 0.0241  avg_val_loss: 1.8641 F1: 0.521630  Accuracy: 0.642857 Recall@3: 0.821154 time: 719s
2021-01-13 02:20:19,601 DEBUG   Epoch 39 - avg_train_loss: 0.0227  avg_val_loss: 1.8530 F1: 0.524167  Accuracy: 0.644231 Recall@3: 0.822527 time: 733s
2021-01-13 02:32:24,086 DEBUG   Epoch 40 - avg_train_loss: 0.0221  avg_val_loss: 1.8637 F1: 0.527249  Accuracy: 0.649451 Recall@3: 0.823626 time: 724s
2021-01-13 02:32:24,087 DEBUG   Epoch 40 - Save Best Accuracy: 0.649451 Model
2021-01-13 02:44:31,084 DEBUG   Epoch 41 - avg_train_loss: 0.0215  avg_val_loss: 1.8719 F1: 0.527191  Accuracy: 0.648626 Recall@3: 0.823901 time: 727s
2021-01-13 02:56:37,589 DEBUG   Epoch 42 - avg_train_loss: 0.0204  avg_val_loss: 1.8728 F1: 0.529107  Accuracy: 0.646429 Recall@3: 0.824451 time: 727s
2021-01-13 03:08:36,019 DEBUG   Epoch 43 - avg_train_loss: 0.0210  avg_val_loss: 1.8676 F1: 0.519894  Accuracy: 0.644231 Recall@3: 0.822802 time: 718s
2021-01-13 03:21:02,212 DEBUG   Epoch 44 - avg_train_loss: 0.0206  avg_val_loss: 1.8662 F1: 0.517872  Accuracy: 0.644231 Recall@3: 0.823626 time: 746s
2021-01-13 03:32:53,305 DEBUG   Epoch 45 - avg_train_loss: 0.0195  avg_val_loss: 1.8652 F1: 0.525331  Accuracy: 0.648901 Recall@3: 0.822802 time: 711s
2021-01-13 03:45:08,782 DEBUG   Epoch 46 - avg_train_loss: 0.0193  avg_val_loss: 1.8757 F1: 0.522514  Accuracy: 0.646429 Recall@3: 0.823352 time: 735s
2021-01-13 03:57:06,392 DEBUG   Epoch 47 - avg_train_loss: 0.0201  avg_val_loss: 1.8821 F1: 0.520300  Accuracy: 0.644780 Recall@3: 0.825275 time: 718s
2021-01-13 04:09:17,395 DEBUG   Epoch 48 - avg_train_loss: 0.0188  avg_val_loss: 1.8745 F1: 0.528767  Accuracy: 0.650824 Recall@3: 0.825275 time: 731s
2021-01-13 04:09:17,396 DEBUG   Epoch 48 - Save Best Accuracy: 0.650824 Model
2021-01-13 04:21:08,986 DEBUG   Epoch 49 - avg_train_loss: 0.0182  avg_val_loss: 1.8768 F1: 0.523459  Accuracy: 0.647527 Recall@3: 0.822527 time: 711s
2021-01-13 04:33:31,374 DEBUG   Epoch 50 - avg_train_loss: 0.0166  avg_val_loss: 1.8746 F1: 0.526339  Accuracy: 0.648626 Recall@3: 0.825549 time: 742s
2021-01-13 04:45:21,508 DEBUG   Epoch 51 - avg_train_loss: 0.0174  avg_val_loss: 1.8747 F1: 0.519332  Accuracy: 0.646429 Recall@3: 0.825000 time: 710s
2021-01-13 04:57:34,019 DEBUG   Epoch 52 - avg_train_loss: 0.0156  avg_val_loss: 1.8834 F1: 0.523275  Accuracy: 0.648901 Recall@3: 0.825549 time: 733s
2021-01-13 05:09:27,011 DEBUG   Epoch 53 - avg_train_loss: 0.0164  avg_val_loss: 1.8939 F1: 0.523296  Accuracy: 0.647527 Recall@3: 0.823352 time: 713s
2021-01-13 05:21:42,820 DEBUG   Epoch 54 - avg_train_loss: 0.0174  avg_val_loss: 1.8792 F1: 0.516961  Accuracy: 0.645330 Recall@3: 0.828297 time: 736s
2021-01-13 05:33:39,393 DEBUG   Epoch 55 - avg_train_loss: 0.0165  avg_val_loss: 1.8897 F1: 0.521339  Accuracy: 0.645604 Recall@3: 0.824451 time: 717s
2021-01-13 05:45:54,387 DEBUG   Epoch 56 - avg_train_loss: 0.0169  avg_val_loss: 1.8851 F1: 0.520989  Accuracy: 0.648901 Recall@3: 0.823077 time: 735s
2021-01-13 05:57:53,635 DEBUG   Epoch 57 - avg_train_loss: 0.0156  avg_val_loss: 1.8842 F1: 0.521509  Accuracy: 0.649176 Recall@3: 0.827747 time: 719s
2021-01-13 06:10:01,257 DEBUG   Epoch 58 - avg_train_loss: 0.0155  avg_val_loss: 1.8845 F1: 0.518147  Accuracy: 0.647527 Recall@3: 0.823901 time: 728s
2021-01-13 06:21:58,547 DEBUG   Epoch 59 - avg_train_loss: 0.0152  avg_val_loss: 1.8765 F1: 0.518835  Accuracy: 0.645879 Recall@3: 0.827198 time: 717s
2021-01-13 06:34:10,933 DEBUG   Epoch 60 - avg_train_loss: 0.0156  avg_val_loss: 1.8785 F1: 0.525818  Accuracy: 0.649725 Recall@3: 0.825275 time: 732s
2021-01-13 06:46:21,840 DEBUG   Epoch 61 - avg_train_loss: 0.0151  avg_val_loss: 1.8751 F1: 0.523636  Accuracy: 0.648352 Recall@3: 0.824451 time: 731s
2021-01-13 06:58:29,406 DEBUG   Epoch 62 - avg_train_loss: 0.0161  avg_val_loss: 1.8795 F1: 0.522023  Accuracy: 0.646154 Recall@3: 0.825000 time: 728s
2021-01-13 07:10:36,152 DEBUG   Epoch 63 - avg_train_loss: 0.0143  avg_val_loss: 1.8806 F1: 0.525262  Accuracy: 0.650275 Recall@3: 0.826648 time: 727s
2021-01-13 07:22:45,267 DEBUG   Epoch 64 - avg_train_loss: 0.0158  avg_val_loss: 1.8806 F1: 0.525951  Accuracy: 0.650275 Recall@3: 0.826374 time: 729s
2021-01-13 07:34:44,303 DEBUG   Epoch 65 - avg_train_loss: 0.0140  avg_val_loss: 1.8828 F1: 0.522049  Accuracy: 0.647802 Recall@3: 0.825275 time: 719s
2021-01-13 07:46:51,875 DEBUG   Epoch 66 - avg_train_loss: 0.0142  avg_val_loss: 1.8976 F1: 0.525698  Accuracy: 0.650824 Recall@3: 0.823352 time: 728s
2021-01-13 07:58:59,454 DEBUG   Epoch 67 - avg_train_loss: 0.0152  avg_val_loss: 1.8809 F1: 0.518420  Accuracy: 0.647802 Recall@3: 0.826099 time: 728s
2021-01-13 08:11:03,919 DEBUG   Epoch 68 - avg_train_loss: 0.0146  avg_val_loss: 1.8900 F1: 0.519595  Accuracy: 0.645879 Recall@3: 0.825275 time: 724s
2021-01-13 08:23:05,600 DEBUG   Epoch 69 - avg_train_loss: 0.0142  avg_val_loss: 1.8825 F1: 0.524842  Accuracy: 0.650549 Recall@3: 0.825275 time: 722s
2021-01-13 08:35:03,102 DEBUG   Epoch 70 - avg_train_loss: 0.0143  avg_val_loss: 1.8802 F1: 0.525325  Accuracy: 0.650275 Recall@3: 0.826099 time: 717s
2021-01-13 08:47:09,510 DEBUG   Epoch 71 - avg_train_loss: 0.0148  avg_val_loss: 1.8850 F1: 0.520235  Accuracy: 0.648626 Recall@3: 0.823626 time: 726s
2021-01-13 08:58:55,280 DEBUG   Epoch 72 - avg_train_loss: 0.0133  avg_val_loss: 1.8926 F1: 0.523011  Accuracy: 0.649176 Recall@3: 0.825275 time: 706s
2021-01-13 09:11:07,390 DEBUG   Epoch 73 - avg_train_loss: 0.0141  avg_val_loss: 1.8783 F1: 0.520291  Accuracy: 0.648626 Recall@3: 0.825824 time: 732s
2021-01-13 09:23:02,248 DEBUG   Epoch 74 - avg_train_loss: 0.0130  avg_val_loss: 1.8918 F1: 0.519078  Accuracy: 0.645879 Recall@3: 0.824451 time: 715s
2021-01-13 09:36:33,224 DEBUG   Epoch 75 - avg_train_loss: 0.0137  avg_val_loss: 1.8854 F1: 0.521013  Accuracy: 0.651099 Recall@3: 0.829396 time: 811s
2021-01-13 09:36:33,225 DEBUG   Epoch 75 - Save Best Accuracy: 0.651099 Model
2021-01-13 09:49:42,770 DEBUG   Epoch 76 - avg_train_loss: 0.0141  avg_val_loss: 1.8836 F1: 0.520787  Accuracy: 0.650275 Recall@3: 0.828297 time: 789s
2021-01-13 10:03:00,325 DEBUG   Epoch 77 - avg_train_loss: 0.0134  avg_val_loss: 1.8759 F1: 0.526363  Accuracy: 0.651923 Recall@3: 0.825275 time: 798s
2021-01-13 10:03:00,325 DEBUG   Epoch 77 - Save Best Accuracy: 0.651923 Model
2021-01-13 10:16:08,439 DEBUG   Epoch 78 - avg_train_loss: 0.0142  avg_val_loss: 1.8868 F1: 0.522598  Accuracy: 0.649451 Recall@3: 0.827198 time: 788s
2021-01-13 10:29:32,419 DEBUG   Epoch 79 - avg_train_loss: 0.0135  avg_val_loss: 1.8834 F1: 0.521596  Accuracy: 0.651923 Recall@3: 0.831044 time: 804s
2021-01-13 10:42:38,265 DEBUG   Epoch 80 - avg_train_loss: 0.0147  avg_val_loss: 1.8890 F1: 0.525223  Accuracy: 0.651648 Recall@3: 0.824725 time: 786s
2021-01-13 10:55:48,126 DEBUG   Epoch 81 - avg_train_loss: 0.0142  avg_val_loss: 1.8749 F1: 0.523136  Accuracy: 0.649451 Recall@3: 0.826648 time: 790s
2021-01-13 11:09:03,948 DEBUG   Epoch 82 - avg_train_loss: 0.0136  avg_val_loss: 1.8820 F1: 0.521669  Accuracy: 0.649176 Recall@3: 0.826648 time: 796s
2021-01-13 11:22:16,317 DEBUG   Epoch 83 - avg_train_loss: 0.0129  avg_val_loss: 1.8960 F1: 0.522723  Accuracy: 0.648901 Recall@3: 0.824725 time: 792s
2021-01-13 11:35:27,790 DEBUG   Epoch 84 - avg_train_loss: 0.0133  avg_val_loss: 1.8952 F1: 0.521095  Accuracy: 0.648626 Recall@3: 0.826648 time: 791s
2021-01-13 11:48:44,308 DEBUG   Epoch 85 - avg_train_loss: 0.0135  avg_val_loss: 1.8919 F1: 0.524685  Accuracy: 0.650824 Recall@3: 0.827198 time: 797s
2021-01-13 12:01:51,687 DEBUG   Epoch 86 - avg_train_loss: 0.0130  avg_val_loss: 1.8837 F1: 0.527809  Accuracy: 0.651648 Recall@3: 0.827747 time: 787s
2021-01-13 12:14:46,921 DEBUG   Epoch 87 - avg_train_loss: 0.0133  avg_val_loss: 1.8847 F1: 0.519785  Accuracy: 0.647802 Recall@3: 0.825275 time: 775s
2021-01-13 12:26:49,523 DEBUG   Epoch 88 - avg_train_loss: 0.0142  avg_val_loss: 1.8808 F1: 0.526321  Accuracy: 0.650275 Recall@3: 0.825549 time: 723s
2021-01-13 12:38:47,605 DEBUG   Epoch 89 - avg_train_loss: 0.0133  avg_val_loss: 1.8867 F1: 0.526207  Accuracy: 0.650824 Recall@3: 0.826374 time: 718s
2021-01-13 12:50:42,077 DEBUG   Epoch 90 - avg_train_loss: 0.0131  avg_val_loss: 1.8880 F1: 0.523251  Accuracy: 0.648352 Recall@3: 0.826374 time: 714s
2021-01-13 13:02:35,570 DEBUG   Epoch 91 - avg_train_loss: 0.0145  avg_val_loss: 1.8917 F1: 0.525832  Accuracy: 0.650549 Recall@3: 0.826374 time: 713s
2021-01-13 13:14:33,632 DEBUG   Epoch 92 - avg_train_loss: 0.0132  avg_val_loss: 1.8912 F1: 0.524482  Accuracy: 0.652747 Recall@3: 0.827198 time: 718s
2021-01-13 13:14:33,633 DEBUG   Epoch 92 - Save Best Accuracy: 0.652747 Model
2021-01-13 13:26:39,701 DEBUG   Epoch 93 - avg_train_loss: 0.0128  avg_val_loss: 1.8736 F1: 0.529549  Accuracy: 0.652473 Recall@3: 0.826374 time: 725s
2021-01-13 13:38:38,821 DEBUG   Epoch 94 - avg_train_loss: 0.0135  avg_val_loss: 1.9049 F1: 0.521227  Accuracy: 0.649451 Recall@3: 0.826099 time: 719s
2021-01-13 13:50:44,042 DEBUG   Epoch 95 - avg_train_loss: 0.0133  avg_val_loss: 1.8833 F1: 0.522034  Accuracy: 0.648352 Recall@3: 0.825275 time: 725s
2021-01-13 14:02:40,830 DEBUG   Epoch 96 - avg_train_loss: 0.0125  avg_val_loss: 1.8745 F1: 0.524463  Accuracy: 0.649451 Recall@3: 0.828022 time: 717s
2021-01-13 14:14:50,889 DEBUG   Epoch 97 - avg_train_loss: 0.0124  avg_val_loss: 1.8828 F1: 0.530039  Accuracy: 0.653022 Recall@3: 0.828297 time: 730s
2021-01-13 14:14:50,889 DEBUG   Epoch 97 - Save Best Accuracy: 0.653022 Model
2021-01-13 14:26:50,483 DEBUG   Epoch 98 - avg_train_loss: 0.0139  avg_val_loss: 1.8958 F1: 0.527321  Accuracy: 0.650549 Recall@3: 0.825000 time: 719s
2021-01-13 14:38:53,328 DEBUG   Epoch 99 - avg_train_loss: 0.0131  avg_val_loss: 1.8879 F1: 0.526602  Accuracy: 0.651374 Recall@3: 0.826099 time: 723s
2021-01-13 14:50:48,434 DEBUG   Epoch 100 - avg_train_loss: 0.0136  avg_val_loss: 1.8946 F1: 0.524189  Accuracy: 0.650000 Recall@3: 0.826374 time: 715s
2021-01-13 14:50:48,435 INFO [Train model] done in 73858 s.
