2021-01-13 00:27:27,523 INFO [Train model] start
2021-01-13 00:39:47,165 DEBUG   Epoch 1 - avg_train_loss: 0.7741  avg_val_loss: 2.2169 F1: 0.218482  Accuracy: 0.426374 Recall@3: 0.653846 time: 735s
2021-01-13 00:39:47,166 DEBUG   Epoch 1 - Save Best Accuracy: 0.426374 Model
2021-01-13 00:39:47,931 DEBUG   Epoch 1 - Save Best Loss: 2.2169 Model
2021-01-13 00:51:57,924 DEBUG   Epoch 2 - avg_train_loss: 0.4777  avg_val_loss: 1.8186 F1: 0.321731  Accuracy: 0.508791 Recall@3: 0.728297 time: 729s
2021-01-13 00:51:57,924 DEBUG   Epoch 2 - Save Best Accuracy: 0.508791 Model
2021-01-13 00:51:58,698 DEBUG   Epoch 2 - Save Best Loss: 1.8186 Model
2021-01-13 01:04:17,299 DEBUG   Epoch 3 - avg_train_loss: 0.3800  avg_val_loss: 1.6623 F1: 0.389328  Accuracy: 0.559066 Recall@3: 0.767857 time: 738s
2021-01-13 01:04:17,299 DEBUG   Epoch 3 - Save Best Accuracy: 0.559066 Model
2021-01-13 01:04:18,172 DEBUG   Epoch 3 - Save Best Loss: 1.6623 Model
2021-01-13 01:16:42,596 DEBUG   Epoch 4 - avg_train_loss: 0.3201  avg_val_loss: 1.6026 F1: 0.399308  Accuracy: 0.563736 Recall@3: 0.771978 time: 744s
2021-01-13 01:16:42,596 DEBUG   Epoch 4 - Save Best Accuracy: 0.563736 Model
2021-01-13 01:16:43,397 DEBUG   Epoch 4 - Save Best Loss: 1.6026 Model
2021-01-13 01:29:05,771 DEBUG   Epoch 5 - avg_train_loss: 0.2782  avg_val_loss: 1.5305 F1: 0.434741  Accuracy: 0.590110 Recall@3: 0.788736 time: 742s
2021-01-13 01:29:05,772 DEBUG   Epoch 5 - Save Best Accuracy: 0.590110 Model
2021-01-13 01:29:06,566 DEBUG   Epoch 5 - Save Best Loss: 1.5305 Model
2021-01-13 01:41:34,049 DEBUG   Epoch 6 - avg_train_loss: 0.2421  avg_val_loss: 1.5589 F1: 0.446252  Accuracy: 0.595330 Recall@3: 0.793956 time: 747s
2021-01-13 01:41:34,050 DEBUG   Epoch 6 - Save Best Accuracy: 0.595330 Model
2021-01-13 01:53:57,028 DEBUG   Epoch 7 - avg_train_loss: 0.2046  avg_val_loss: 1.6026 F1: 0.460626  Accuracy: 0.595879 Recall@3: 0.789835 time: 742s
2021-01-13 01:53:57,029 DEBUG   Epoch 7 - Save Best Accuracy: 0.595879 Model
2021-01-13 02:06:17,726 DEBUG   Epoch 8 - avg_train_loss: 0.1680  avg_val_loss: 1.5341 F1: 0.492848  Accuracy: 0.614835 Recall@3: 0.804396 time: 740s
2021-01-13 02:06:17,726 DEBUG   Epoch 8 - Save Best Accuracy: 0.614835 Model
2021-01-13 02:18:33,349 DEBUG   Epoch 9 - avg_train_loss: 0.1406  avg_val_loss: 1.5597 F1: 0.494567  Accuracy: 0.620055 Recall@3: 0.814011 time: 735s
2021-01-13 02:18:33,349 DEBUG   Epoch 9 - Save Best Accuracy: 0.620055 Model
2021-01-13 02:30:49,858 DEBUG   Epoch 10 - avg_train_loss: 0.1072  avg_val_loss: 1.6180 F1: 0.488164  Accuracy: 0.611264 Recall@3: 0.807143 time: 736s
2021-01-13 02:43:07,760 DEBUG   Epoch 11 - avg_train_loss: 0.0874  avg_val_loss: 1.6147 F1: 0.499969  Accuracy: 0.626374 Recall@3: 0.810165 time: 738s
2021-01-13 02:43:07,761 DEBUG   Epoch 11 - Save Best Accuracy: 0.626374 Model
2021-01-13 02:55:35,810 DEBUG   Epoch 12 - avg_train_loss: 0.0649  avg_val_loss: 1.6766 F1: 0.507176  Accuracy: 0.619780 Recall@3: 0.807143 time: 747s
2021-01-13 03:07:47,086 DEBUG   Epoch 13 - avg_train_loss: 0.0518  avg_val_loss: 1.6612 F1: 0.521677  Accuracy: 0.638187 Recall@3: 0.813462 time: 731s
2021-01-13 03:07:47,086 DEBUG   Epoch 13 - Save Best Accuracy: 0.638187 Model
2021-01-13 03:20:16,370 DEBUG   Epoch 14 - avg_train_loss: 0.0414  avg_val_loss: 1.8874 F1: 0.522201  Accuracy: 0.632143 Recall@3: 0.807143 time: 748s
2021-01-13 03:32:25,798 DEBUG   Epoch 15 - avg_train_loss: 0.0323  avg_val_loss: 1.6873 F1: 0.528393  Accuracy: 0.645055 Recall@3: 0.820879 time: 729s
2021-01-13 03:32:25,798 DEBUG   Epoch 15 - Save Best Accuracy: 0.645055 Model
2021-01-13 03:45:01,781 DEBUG   Epoch 16 - avg_train_loss: 0.0247  avg_val_loss: 1.7092 F1: 0.516311  Accuracy: 0.639560 Recall@3: 0.824725 time: 755s
2021-01-13 03:57:10,138 DEBUG   Epoch 17 - avg_train_loss: 0.0204  avg_val_loss: 1.6619 F1: 0.529459  Accuracy: 0.650275 Recall@3: 0.823352 time: 728s
2021-01-13 03:57:10,139 DEBUG   Epoch 17 - Save Best Accuracy: 0.650275 Model
2021-01-13 04:09:42,191 DEBUG   Epoch 18 - avg_train_loss: 0.0160  avg_val_loss: 1.7398 F1: 0.552860  Accuracy: 0.655220 Recall@3: 0.824451 time: 751s
2021-01-13 04:09:42,191 DEBUG   Epoch 18 - Save Best Accuracy: 0.655220 Model
2021-01-13 04:21:52,846 DEBUG   Epoch 19 - avg_train_loss: 0.0137  avg_val_loss: 1.7094 F1: 0.543164  Accuracy: 0.652747 Recall@3: 0.821154 time: 730s
2021-01-13 04:34:23,961 DEBUG   Epoch 20 - avg_train_loss: 0.0104  avg_val_loss: 1.7147 F1: 0.553236  Accuracy: 0.661264 Recall@3: 0.831044 time: 751s
2021-01-13 04:34:23,962 DEBUG   Epoch 20 - Save Best Accuracy: 0.661264 Model
2021-01-13 04:46:38,054 DEBUG   Epoch 21 - avg_train_loss: 0.0106  avg_val_loss: 1.7083 F1: 0.545964  Accuracy: 0.661813 Recall@3: 0.825549 time: 733s
2021-01-13 04:46:38,054 DEBUG   Epoch 21 - Save Best Accuracy: 0.661813 Model
2021-01-13 04:59:03,273 DEBUG   Epoch 22 - avg_train_loss: 0.0086  avg_val_loss: 1.7384 F1: 0.546511  Accuracy: 0.656319 Recall@3: 0.829945 time: 744s
2021-01-13 05:11:17,017 DEBUG   Epoch 23 - avg_train_loss: 0.0072  avg_val_loss: 1.7348 F1: 0.557145  Accuracy: 0.668681 Recall@3: 0.825549 time: 734s
2021-01-13 05:11:17,018 DEBUG   Epoch 23 - Save Best Accuracy: 0.668681 Model
2021-01-13 05:23:46,646 DEBUG   Epoch 24 - avg_train_loss: 0.0073  avg_val_loss: 1.7429 F1: 0.559248  Accuracy: 0.663462 Recall@3: 0.830769 time: 749s
2021-01-13 05:35:55,568 DEBUG   Epoch 25 - avg_train_loss: 0.0057  avg_val_loss: 1.7211 F1: 0.549867  Accuracy: 0.667308 Recall@3: 0.833516 time: 729s
2021-01-13 05:48:23,237 DEBUG   Epoch 26 - avg_train_loss: 0.0052  avg_val_loss: 1.7223 F1: 0.547826  Accuracy: 0.664011 Recall@3: 0.830495 time: 748s
2021-01-13 06:00:33,730 DEBUG   Epoch 27 - avg_train_loss: 0.0045  avg_val_loss: 1.7478 F1: 0.555635  Accuracy: 0.666484 Recall@3: 0.830769 time: 730s
2021-01-13 06:13:09,326 DEBUG   Epoch 28 - avg_train_loss: 0.0042  avg_val_loss: 1.7232 F1: 0.549013  Accuracy: 0.665934 Recall@3: 0.833516 time: 756s
2021-01-13 06:25:10,013 DEBUG   Epoch 29 - avg_train_loss: 0.0039  avg_val_loss: 1.7729 F1: 0.558468  Accuracy: 0.666758 Recall@3: 0.826648 time: 721s
2021-01-13 06:37:42,390 DEBUG   Epoch 30 - avg_train_loss: 0.0038  avg_val_loss: 1.7263 F1: 0.559407  Accuracy: 0.668407 Recall@3: 0.833791 time: 752s
2021-01-13 06:49:49,486 DEBUG   Epoch 31 - avg_train_loss: 0.0036  avg_val_loss: 1.7752 F1: 0.559011  Accuracy: 0.667033 Recall@3: 0.832692 time: 727s
2021-01-13 07:02:30,049 DEBUG   Epoch 32 - avg_train_loss: 0.0031  avg_val_loss: 1.7455 F1: 0.554906  Accuracy: 0.668407 Recall@3: 0.832143 time: 761s
2021-01-13 07:14:36,645 DEBUG   Epoch 33 - avg_train_loss: 0.0033  avg_val_loss: 1.7301 F1: 0.555460  Accuracy: 0.665110 Recall@3: 0.836538 time: 727s
2021-01-13 07:27:13,089 DEBUG   Epoch 34 - avg_train_loss: 0.0032  avg_val_loss: 1.7656 F1: 0.564480  Accuracy: 0.671978 Recall@3: 0.830769 time: 756s
2021-01-13 07:27:13,090 DEBUG   Epoch 34 - Save Best Accuracy: 0.671978 Model
2021-01-13 07:39:18,534 DEBUG   Epoch 35 - avg_train_loss: 0.0029  avg_val_loss: 1.7291 F1: 0.561788  Accuracy: 0.673626 Recall@3: 0.832967 time: 725s
2021-01-13 07:39:18,535 DEBUG   Epoch 35 - Save Best Accuracy: 0.673626 Model
2021-01-13 07:51:47,854 DEBUG   Epoch 36 - avg_train_loss: 0.0029  avg_val_loss: 1.7262 F1: 0.565252  Accuracy: 0.672802 Recall@3: 0.838736 time: 749s
2021-01-13 08:04:02,643 DEBUG   Epoch 37 - avg_train_loss: 0.0027  avg_val_loss: 1.7712 F1: 0.564046  Accuracy: 0.668407 Recall@3: 0.832143 time: 735s
2021-01-13 08:16:29,616 DEBUG   Epoch 38 - avg_train_loss: 0.0027  avg_val_loss: 1.7834 F1: 0.549969  Accuracy: 0.660989 Recall@3: 0.831593 time: 747s
2021-01-13 08:28:48,167 DEBUG   Epoch 39 - avg_train_loss: 0.0023  avg_val_loss: 1.7713 F1: 0.562491  Accuracy: 0.670879 Recall@3: 0.832418 time: 739s
2021-01-13 08:41:07,947 DEBUG   Epoch 40 - avg_train_loss: 0.0023  avg_val_loss: 1.7863 F1: 0.556795  Accuracy: 0.668956 Recall@3: 0.831593 time: 740s
2021-01-13 08:53:21,673 DEBUG   Epoch 41 - avg_train_loss: 0.0025  avg_val_loss: 1.7606 F1: 0.563720  Accuracy: 0.670055 Recall@3: 0.835440 time: 734s
2021-01-13 09:05:46,845 DEBUG   Epoch 42 - avg_train_loss: 0.0021  avg_val_loss: 1.7458 F1: 0.564886  Accuracy: 0.674451 Recall@3: 0.837088 time: 745s
2021-01-13 09:05:46,846 DEBUG   Epoch 42 - Save Best Accuracy: 0.674451 Model
2021-01-13 09:18:06,321 DEBUG   Epoch 43 - avg_train_loss: 0.0021  avg_val_loss: 1.7487 F1: 0.564731  Accuracy: 0.673626 Recall@3: 0.829670 time: 739s
2021-01-13 09:31:10,099 DEBUG   Epoch 44 - avg_train_loss: 0.0022  avg_val_loss: 1.7567 F1: 0.561353  Accuracy: 0.671429 Recall@3: 0.830495 time: 784s
2021-01-13 09:44:47,010 DEBUG   Epoch 45 - avg_train_loss: 0.0019  avg_val_loss: 1.7524 F1: 0.565650  Accuracy: 0.673901 Recall@3: 0.836813 time: 817s
2021-01-13 09:58:24,609 DEBUG   Epoch 46 - avg_train_loss: 0.0022  avg_val_loss: 1.8052 F1: 0.559737  Accuracy: 0.669231 Recall@3: 0.829396 time: 818s
2021-01-13 10:11:42,915 DEBUG   Epoch 47 - avg_train_loss: 0.0020  avg_val_loss: 1.7782 F1: 0.559496  Accuracy: 0.670879 Recall@3: 0.832967 time: 798s
2021-01-13 10:25:24,873 DEBUG   Epoch 48 - avg_train_loss: 0.0019  avg_val_loss: 1.8098 F1: 0.553884  Accuracy: 0.665934 Recall@3: 0.832143 time: 822s
2021-01-13 10:38:30,017 DEBUG   Epoch 49 - avg_train_loss: 0.0018  avg_val_loss: 1.7764 F1: 0.562514  Accuracy: 0.672527 Recall@3: 0.831044 time: 785s
2021-01-13 10:52:23,000 DEBUG   Epoch 50 - avg_train_loss: 0.0019  avg_val_loss: 1.8111 F1: 0.552713  Accuracy: 0.661813 Recall@3: 0.826374 time: 833s
2021-01-13 11:05:45,078 DEBUG   Epoch 51 - avg_train_loss: 0.0018  avg_val_loss: 1.8045 F1: 0.555695  Accuracy: 0.667582 Recall@3: 0.828297 time: 802s
2021-01-13 11:19:12,779 DEBUG   Epoch 52 - avg_train_loss: 0.0016  avg_val_loss: 1.7841 F1: 0.561350  Accuracy: 0.670604 Recall@3: 0.832692 time: 808s
2021-01-13 11:32:38,440 DEBUG   Epoch 53 - avg_train_loss: 0.0016  avg_val_loss: 1.8112 F1: 0.561283  Accuracy: 0.670879 Recall@3: 0.835989 time: 806s
2021-01-13 11:46:08,532 DEBUG   Epoch 54 - avg_train_loss: 0.0019  avg_val_loss: 1.7541 F1: 0.557852  Accuracy: 0.672253 Recall@3: 0.832692 time: 810s
2021-01-13 11:59:38,956 DEBUG   Epoch 55 - avg_train_loss: 0.0016  avg_val_loss: 1.8220 F1: 0.549178  Accuracy: 0.664286 Recall@3: 0.825549 time: 810s
2021-01-13 12:12:58,007 DEBUG   Epoch 56 - avg_train_loss: 0.0018  avg_val_loss: 1.7816 F1: 0.561498  Accuracy: 0.674451 Recall@3: 0.832967 time: 799s
2021-01-13 12:25:14,009 DEBUG   Epoch 57 - avg_train_loss: 0.0017  avg_val_loss: 1.7816 F1: 0.567780  Accuracy: 0.673352 Recall@3: 0.832692 time: 736s
2021-01-13 12:37:28,052 DEBUG   Epoch 58 - avg_train_loss: 0.0017  avg_val_loss: 1.7761 F1: 0.561067  Accuracy: 0.670879 Recall@3: 0.832143 time: 734s
2021-01-13 12:49:35,794 DEBUG   Epoch 59 - avg_train_loss: 0.0017  avg_val_loss: 1.7664 F1: 0.560318  Accuracy: 0.672527 Recall@3: 0.835165 time: 728s
2021-01-13 13:01:51,824 DEBUG   Epoch 60 - avg_train_loss: 0.0019  avg_val_loss: 1.7699 F1: 0.560432  Accuracy: 0.671154 Recall@3: 0.838462 time: 736s
2021-01-13 13:13:54,660 DEBUG   Epoch 61 - avg_train_loss: 0.0016  avg_val_loss: 1.7598 F1: 0.554433  Accuracy: 0.669231 Recall@3: 0.836264 time: 723s
2021-01-13 13:26:12,204 DEBUG   Epoch 62 - avg_train_loss: 0.0014  avg_val_loss: 1.7508 F1: 0.564991  Accuracy: 0.671978 Recall@3: 0.834341 time: 738s
2021-01-13 13:38:21,267 DEBUG   Epoch 63 - avg_train_loss: 0.0016  avg_val_loss: 1.7903 F1: 0.557251  Accuracy: 0.668407 Recall@3: 0.827747 time: 729s
2021-01-13 13:50:42,936 DEBUG   Epoch 64 - avg_train_loss: 0.0014  avg_val_loss: 1.7766 F1: 0.555303  Accuracy: 0.670055 Recall@3: 0.833516 time: 742s
2021-01-13 14:02:48,151 DEBUG   Epoch 65 - avg_train_loss: 0.0016  avg_val_loss: 1.8198 F1: 0.567595  Accuracy: 0.674451 Recall@3: 0.834066 time: 725s
2021-01-13 14:15:10,038 DEBUG   Epoch 66 - avg_train_loss: 0.0016  avg_val_loss: 1.8314 F1: 0.562801  Accuracy: 0.667308 Recall@3: 0.830495 time: 742s
2021-01-13 14:27:13,774 DEBUG   Epoch 67 - avg_train_loss: 0.0015  avg_val_loss: 1.7548 F1: 0.572149  Accuracy: 0.675000 Recall@3: 0.836264 time: 724s
2021-01-13 14:27:13,775 DEBUG   Epoch 67 - Save Best Accuracy: 0.675000 Model
2021-01-13 14:39:34,961 DEBUG   Epoch 68 - avg_train_loss: 0.0014  avg_val_loss: 1.7981 F1: 0.561410  Accuracy: 0.671154 Recall@3: 0.834341 time: 740s
2021-01-13 14:51:34,246 DEBUG   Epoch 69 - avg_train_loss: 0.0015  avg_val_loss: 1.7670 F1: 0.566980  Accuracy: 0.674176 Recall@3: 0.831593 time: 719s
2021-01-13 15:03:05,671 DEBUG   Epoch 70 - avg_train_loss: 0.0014  avg_val_loss: 1.8011 F1: 0.561476  Accuracy: 0.670330 Recall@3: 0.833791 time: 691s
2021-01-13 15:14:38,533 DEBUG   Epoch 71 - avg_train_loss: 0.0014  avg_val_loss: 1.7616 F1: 0.563683  Accuracy: 0.671703 Recall@3: 0.838462 time: 693s
2021-01-13 15:26:17,317 DEBUG   Epoch 72 - avg_train_loss: 0.0016  avg_val_loss: 1.7806 F1: 0.556126  Accuracy: 0.667033 Recall@3: 0.837088 time: 699s
2021-01-13 15:37:53,033 DEBUG   Epoch 73 - avg_train_loss: 0.0014  avg_val_loss: 1.8144 F1: 0.562902  Accuracy: 0.670330 Recall@3: 0.830495 time: 696s
2021-01-13 15:49:24,385 DEBUG   Epoch 74 - avg_train_loss: 0.0014  avg_val_loss: 1.8016 F1: 0.558734  Accuracy: 0.669780 Recall@3: 0.831044 time: 691s
2021-01-13 16:00:58,267 DEBUG   Epoch 75 - avg_train_loss: 0.0015  avg_val_loss: 1.7813 F1: 0.562903  Accuracy: 0.670330 Recall@3: 0.836538 time: 694s
2021-01-13 16:12:33,963 DEBUG   Epoch 76 - avg_train_loss: 0.0014  avg_val_loss: 1.7921 F1: 0.561409  Accuracy: 0.670330 Recall@3: 0.833791 time: 696s
2021-01-13 16:24:01,316 DEBUG   Epoch 77 - avg_train_loss: 0.0015  avg_val_loss: 1.9815 F1: 0.555717  Accuracy: 0.660440 Recall@3: 0.821154 time: 687s
2021-01-13 16:35:37,221 DEBUG   Epoch 78 - avg_train_loss: 0.0017  avg_val_loss: 1.7619 F1: 0.567805  Accuracy: 0.673901 Recall@3: 0.839286 time: 696s
2021-01-13 16:47:07,318 DEBUG   Epoch 79 - avg_train_loss: 0.0014  avg_val_loss: 1.7670 F1: 0.558677  Accuracy: 0.669231 Recall@3: 0.834341 time: 690s
2021-01-13 16:58:44,291 DEBUG   Epoch 80 - avg_train_loss: 0.0013  avg_val_loss: 1.7850 F1: 0.557825  Accuracy: 0.670604 Recall@3: 0.834341 time: 697s
2021-01-13 17:10:23,405 DEBUG   Epoch 81 - avg_train_loss: 0.0017  avg_val_loss: 1.7817 F1: 0.558998  Accuracy: 0.673077 Recall@3: 0.834890 time: 699s
2021-01-13 17:21:59,036 DEBUG   Epoch 82 - avg_train_loss: 0.0014  avg_val_loss: 1.7796 F1: 0.553826  Accuracy: 0.669780 Recall@3: 0.833516 time: 696s
2021-01-13 17:33:19,434 DEBUG   Epoch 83 - avg_train_loss: 0.0015  avg_val_loss: 1.7687 F1: 0.563794  Accuracy: 0.672253 Recall@3: 0.833242 time: 680s
2021-01-13 17:44:31,013 DEBUG   Epoch 84 - avg_train_loss: 0.0015  avg_val_loss: 1.7620 F1: 0.560887  Accuracy: 0.673352 Recall@3: 0.837088 time: 672s
2021-01-13 17:55:48,753 DEBUG   Epoch 85 - avg_train_loss: 0.0014  avg_val_loss: 1.8366 F1: 0.561671  Accuracy: 0.670604 Recall@3: 0.831044 time: 678s
2021-01-13 18:07:08,195 DEBUG   Epoch 86 - avg_train_loss: 0.0014  avg_val_loss: 1.7951 F1: 0.560912  Accuracy: 0.672527 Recall@3: 0.833516 time: 679s
2021-01-13 18:18:29,314 DEBUG   Epoch 87 - avg_train_loss: 0.0014  avg_val_loss: 1.7691 F1: 0.554952  Accuracy: 0.667582 Recall@3: 0.834890 time: 681s
2021-01-13 18:29:49,284 DEBUG   Epoch 88 - avg_train_loss: 0.0016  avg_val_loss: 1.8482 F1: 0.557386  Accuracy: 0.665385 Recall@3: 0.829121 time: 680s
2021-01-13 18:40:47,996 DEBUG   Epoch 89 - avg_train_loss: 0.0014  avg_val_loss: 1.7894 F1: 0.560852  Accuracy: 0.670330 Recall@3: 0.830495 time: 659s
2021-01-13 18:51:52,898 DEBUG   Epoch 90 - avg_train_loss: 0.0014  avg_val_loss: 1.7992 F1: 0.561056  Accuracy: 0.673352 Recall@3: 0.834341 time: 665s
2021-01-13 19:02:59,869 DEBUG   Epoch 91 - avg_train_loss: 0.0014  avg_val_loss: 1.7810 F1: 0.557456  Accuracy: 0.672802 Recall@3: 0.832967 time: 667s
2021-01-13 19:14:13,344 DEBUG   Epoch 92 - avg_train_loss: 0.0013  avg_val_loss: 1.7526 F1: 0.559860  Accuracy: 0.670330 Recall@3: 0.834890 time: 673s
2021-01-13 19:25:19,066 DEBUG   Epoch 93 - avg_train_loss: 0.0014  avg_val_loss: 1.7719 F1: 0.556239  Accuracy: 0.670604 Recall@3: 0.834066 time: 666s
2021-01-13 19:36:36,062 DEBUG   Epoch 94 - avg_train_loss: 0.0015  avg_val_loss: 1.8076 F1: 0.561188  Accuracy: 0.671703 Recall@3: 0.832967 time: 677s
2021-01-13 19:47:41,882 DEBUG   Epoch 95 - avg_train_loss: 0.0014  avg_val_loss: 1.7796 F1: 0.555378  Accuracy: 0.667582 Recall@3: 0.835989 time: 666s
2021-01-13 19:58:50,320 DEBUG   Epoch 96 - avg_train_loss: 0.0014  avg_val_loss: 1.7733 F1: 0.559075  Accuracy: 0.670604 Recall@3: 0.835714 time: 668s
2021-01-13 20:10:02,716 DEBUG   Epoch 97 - avg_train_loss: 0.0014  avg_val_loss: 1.8236 F1: 0.567578  Accuracy: 0.673077 Recall@3: 0.834341 time: 672s
2021-01-13 20:21:05,966 DEBUG   Epoch 98 - avg_train_loss: 0.0016  avg_val_loss: 1.8588 F1: 0.564934  Accuracy: 0.668407 Recall@3: 0.828297 time: 663s
2021-01-13 20:32:19,801 DEBUG   Epoch 99 - avg_train_loss: 0.0016  avg_val_loss: 1.7721 F1: 0.560021  Accuracy: 0.668956 Recall@3: 0.832692 time: 674s
2021-01-13 20:43:32,375 DEBUG   Epoch 100 - avg_train_loss: 0.0014  avg_val_loss: 1.7626 F1: 0.559012  Accuracy: 0.673901 Recall@3: 0.835989 time: 673s
2021-01-13 20:43:32,376 INFO [Train model] done in 72965 s.
