2021-01-11 22:46:18,013 INFO [Train model] start
2021-01-11 22:57:23,548 DEBUG   Epoch 1 - avg_train_loss: 3.0477  avg_val_loss: 2.7668 F1: 0.156039  Accuracy: 0.326374 Recall@3: 0.533242 time: 663s
2021-01-11 22:57:23,548 DEBUG   Epoch 1 - Save Best Accuracy: 0.326374 Model
2021-01-11 22:57:23,745 DEBUG   Epoch 1 - Save Best Loss: 2.7668 Model
2021-01-11 23:08:36,114 DEBUG   Epoch 2 - avg_train_loss: 2.1344  avg_val_loss: 2.2704 F1: 0.256949  Accuracy: 0.420330 Recall@3: 0.630495 time: 672s
2021-01-11 23:08:36,114 DEBUG   Epoch 2 - Save Best Accuracy: 0.420330 Model
2021-01-11 23:08:36,312 DEBUG   Epoch 2 - Save Best Loss: 2.2704 Model
2021-01-11 23:19:40,161 DEBUG   Epoch 3 - avg_train_loss: 1.8096  avg_val_loss: 2.1416 F1: 0.285405  Accuracy: 0.448901 Recall@3: 0.664286 time: 664s
2021-01-11 23:19:40,161 DEBUG   Epoch 3 - Save Best Accuracy: 0.448901 Model
2021-01-11 23:19:40,407 DEBUG   Epoch 3 - Save Best Loss: 2.1416 Model
2021-01-11 23:30:38,461 DEBUG   Epoch 4 - avg_train_loss: 1.6204  avg_val_loss: 2.1080 F1: 0.304463  Accuracy: 0.475549 Recall@3: 0.678022 time: 658s
2021-01-11 23:30:38,462 DEBUG   Epoch 4 - Save Best Accuracy: 0.475549 Model
2021-01-11 23:30:38,659 DEBUG   Epoch 4 - Save Best Loss: 2.1080 Model
2021-01-11 23:41:46,219 DEBUG   Epoch 5 - avg_train_loss: 1.4705  avg_val_loss: 1.8801 F1: 0.358809  Accuracy: 0.500824 Recall@3: 0.721429 time: 667s
2021-01-11 23:41:46,219 DEBUG   Epoch 5 - Save Best Accuracy: 0.500824 Model
2021-01-11 23:41:46,412 DEBUG   Epoch 5 - Save Best Loss: 1.8801 Model
2021-01-11 23:52:50,692 DEBUG   Epoch 6 - avg_train_loss: 1.3297  avg_val_loss: 2.1328 F1: 0.337638  Accuracy: 0.468956 Recall@3: 0.678297 time: 664s
2021-01-12 00:03:55,583 DEBUG   Epoch 7 - avg_train_loss: 1.2337  avg_val_loss: 1.8385 F1: 0.396031  Accuracy: 0.516758 Recall@3: 0.732418 time: 665s
2021-01-12 00:03:55,584 DEBUG   Epoch 7 - Save Best Accuracy: 0.516758 Model
2021-01-12 00:03:55,789 DEBUG   Epoch 7 - Save Best Loss: 1.8385 Model
2021-01-12 00:15:00,357 DEBUG   Epoch 8 - avg_train_loss: 1.1288  avg_val_loss: 1.8874 F1: 0.376670  Accuracy: 0.514286 Recall@3: 0.731593 time: 664s
2021-01-12 00:26:02,250 DEBUG   Epoch 9 - avg_train_loss: 1.0407  avg_val_loss: 1.9952 F1: 0.374894  Accuracy: 0.498626 Recall@3: 0.720879 time: 662s
2021-01-12 00:37:05,625 DEBUG   Epoch 10 - avg_train_loss: 0.8949  avg_val_loss: 1.7945 F1: 0.414165  Accuracy: 0.546703 Recall@3: 0.760714 time: 663s
2021-01-12 00:37:05,626 DEBUG   Epoch 10 - Save Best Accuracy: 0.546703 Model
2021-01-12 00:37:05,843 DEBUG   Epoch 10 - Save Best Loss: 1.7945 Model
2021-01-12 00:48:16,207 DEBUG   Epoch 11 - avg_train_loss: 0.8033  avg_val_loss: 1.7724 F1: 0.414611  Accuracy: 0.548626 Recall@3: 0.763187 time: 670s
2021-01-12 00:48:16,207 DEBUG   Epoch 11 - Save Best Accuracy: 0.548626 Model
2021-01-12 00:48:16,421 DEBUG   Epoch 11 - Save Best Loss: 1.7724 Model
2021-01-12 00:59:22,460 DEBUG   Epoch 12 - avg_train_loss: 0.7453  avg_val_loss: 1.8219 F1: 0.430994  Accuracy: 0.547253 Recall@3: 0.754945 time: 666s
2021-01-12 01:10:34,157 DEBUG   Epoch 13 - avg_train_loss: 0.6755  avg_val_loss: 1.8032 F1: 0.432166  Accuracy: 0.559615 Recall@3: 0.763736 time: 672s
2021-01-12 01:10:34,158 DEBUG   Epoch 13 - Save Best Accuracy: 0.559615 Model
2021-01-12 01:21:45,303 DEBUG   Epoch 14 - avg_train_loss: 0.5697  avg_val_loss: 1.7315 F1: 0.437721  Accuracy: 0.565385 Recall@3: 0.780495 time: 671s
2021-01-12 01:21:45,304 DEBUG   Epoch 14 - Save Best Accuracy: 0.565385 Model
2021-01-12 01:21:45,510 DEBUG   Epoch 14 - Save Best Loss: 1.7315 Model
2021-01-12 01:32:49,585 DEBUG   Epoch 15 - avg_train_loss: 0.5001  avg_val_loss: 1.7778 F1: 0.444962  Accuracy: 0.567582 Recall@3: 0.774725 time: 664s
2021-01-12 01:32:49,586 DEBUG   Epoch 15 - Save Best Accuracy: 0.567582 Model
2021-01-12 01:43:59,627 DEBUG   Epoch 16 - avg_train_loss: 0.4436  avg_val_loss: 1.8074 F1: 0.438286  Accuracy: 0.569231 Recall@3: 0.774176 time: 670s
2021-01-12 01:43:59,627 DEBUG   Epoch 16 - Save Best Accuracy: 0.569231 Model
2021-01-12 01:55:15,784 DEBUG   Epoch 17 - avg_train_loss: 0.3694  avg_val_loss: 1.7767 F1: 0.454127  Accuracy: 0.580495 Recall@3: 0.783242 time: 676s
2021-01-12 01:55:15,786 DEBUG   Epoch 17 - Save Best Accuracy: 0.580495 Model
2021-01-12 02:06:28,183 DEBUG   Epoch 18 - avg_train_loss: 0.3169  avg_val_loss: 1.7713 F1: 0.470791  Accuracy: 0.584066 Recall@3: 0.790110 time: 672s
2021-01-12 02:06:28,184 DEBUG   Epoch 18 - Save Best Accuracy: 0.584066 Model
2021-01-12 02:17:36,577 DEBUG   Epoch 19 - avg_train_loss: 0.2527  avg_val_loss: 1.7435 F1: 0.481119  Accuracy: 0.598352 Recall@3: 0.793407 time: 668s
2021-01-12 02:17:36,578 DEBUG   Epoch 19 - Save Best Accuracy: 0.598352 Model
2021-01-12 02:28:42,955 DEBUG   Epoch 20 - avg_train_loss: 0.2164  avg_val_loss: 1.7591 F1: 0.472809  Accuracy: 0.593956 Recall@3: 0.789286 time: 666s
2021-01-12 02:39:55,631 DEBUG   Epoch 21 - avg_train_loss: 0.1742  avg_val_loss: 1.7212 F1: 0.503813  Accuracy: 0.608516 Recall@3: 0.801648 time: 673s
2021-01-12 02:39:55,632 DEBUG   Epoch 21 - Save Best Accuracy: 0.608516 Model
2021-01-12 02:39:55,841 DEBUG   Epoch 21 - Save Best Loss: 1.7212 Model
2021-01-12 02:51:05,714 DEBUG   Epoch 22 - avg_train_loss: 0.1583  avg_val_loss: 1.7306 F1: 0.502343  Accuracy: 0.610440 Recall@3: 0.801648 time: 670s
2021-01-12 02:51:05,714 DEBUG   Epoch 22 - Save Best Accuracy: 0.610440 Model
2021-01-12 03:02:18,516 DEBUG   Epoch 23 - avg_train_loss: 0.1351  avg_val_loss: 1.7485 F1: 0.498101  Accuracy: 0.607967 Recall@3: 0.802198 time: 673s
2021-01-12 03:13:19,534 DEBUG   Epoch 24 - avg_train_loss: 0.1134  avg_val_loss: 1.7195 F1: 0.500632  Accuracy: 0.618407 Recall@3: 0.810989 time: 661s
2021-01-12 03:13:19,535 DEBUG   Epoch 24 - Save Best Accuracy: 0.618407 Model
2021-01-12 03:13:19,728 DEBUG   Epoch 24 - Save Best Loss: 1.7195 Model
2021-01-12 03:24:38,577 DEBUG   Epoch 25 - avg_train_loss: 0.0983  avg_val_loss: 1.7447 F1: 0.511479  Accuracy: 0.623626 Recall@3: 0.811538 time: 679s
2021-01-12 03:24:38,578 DEBUG   Epoch 25 - Save Best Accuracy: 0.623626 Model
2021-01-12 03:35:52,143 DEBUG   Epoch 26 - avg_train_loss: 0.0932  avg_val_loss: 1.7686 F1: 0.503053  Accuracy: 0.619231 Recall@3: 0.804945 time: 673s
2021-01-12 03:46:56,454 DEBUG   Epoch 27 - avg_train_loss: 0.0774  avg_val_loss: 1.7766 F1: 0.501987  Accuracy: 0.618681 Recall@3: 0.810440 time: 664s
2021-01-12 03:58:08,176 DEBUG   Epoch 28 - avg_train_loss: 0.0687  avg_val_loss: 1.7621 F1: 0.502899  Accuracy: 0.618681 Recall@3: 0.803571 time: 672s
2021-01-12 04:09:12,792 DEBUG   Epoch 29 - avg_train_loss: 0.0612  avg_val_loss: 1.7640 F1: 0.515142  Accuracy: 0.624451 Recall@3: 0.812637 time: 665s
2021-01-12 04:09:12,793 DEBUG   Epoch 29 - Save Best Accuracy: 0.624451 Model
2021-01-12 04:20:21,628 DEBUG   Epoch 30 - avg_train_loss: 0.0532  avg_val_loss: 1.7487 F1: 0.506731  Accuracy: 0.623626 Recall@3: 0.811264 time: 669s
2021-01-12 04:31:35,963 DEBUG   Epoch 31 - avg_train_loss: 0.0468  avg_val_loss: 1.7527 F1: 0.507996  Accuracy: 0.624451 Recall@3: 0.811264 time: 674s
2021-01-12 04:42:43,355 DEBUG   Epoch 32 - avg_train_loss: 0.0440  avg_val_loss: 1.7414 F1: 0.522438  Accuracy: 0.628846 Recall@3: 0.815659 time: 667s
2021-01-12 04:42:43,356 DEBUG   Epoch 32 - Save Best Accuracy: 0.628846 Model
2021-01-12 04:54:02,881 DEBUG   Epoch 33 - avg_train_loss: 0.0409  avg_val_loss: 1.7594 F1: 0.519267  Accuracy: 0.627473 Recall@3: 0.817582 time: 679s
2021-01-12 05:05:06,272 DEBUG   Epoch 34 - avg_train_loss: 0.0364  avg_val_loss: 1.7693 F1: 0.517918  Accuracy: 0.625824 Recall@3: 0.816758 time: 663s
2021-01-12 05:16:27,464 DEBUG   Epoch 35 - avg_train_loss: 0.0349  avg_val_loss: 1.7557 F1: 0.514015  Accuracy: 0.627473 Recall@3: 0.812912 time: 681s
2021-01-12 05:27:40,767 DEBUG   Epoch 36 - avg_train_loss: 0.0321  avg_val_loss: 1.7815 F1: 0.509180  Accuracy: 0.623077 Recall@3: 0.812088 time: 673s
2021-01-12 05:38:47,066 DEBUG   Epoch 37 - avg_train_loss: 0.0300  avg_val_loss: 1.7625 F1: 0.509323  Accuracy: 0.629396 Recall@3: 0.815659 time: 666s
2021-01-12 05:38:47,066 DEBUG   Epoch 37 - Save Best Accuracy: 0.629396 Model
2021-01-12 05:49:55,777 DEBUG   Epoch 38 - avg_train_loss: 0.0277  avg_val_loss: 1.7733 F1: 0.514222  Accuracy: 0.626099 Recall@3: 0.815385 time: 668s
2021-01-12 06:01:01,405 DEBUG   Epoch 39 - avg_train_loss: 0.0265  avg_val_loss: 1.7757 F1: 0.513581  Accuracy: 0.629945 Recall@3: 0.817308 time: 666s
2021-01-12 06:01:01,405 DEBUG   Epoch 39 - Save Best Accuracy: 0.629945 Model
2021-01-12 06:12:04,927 DEBUG   Epoch 40 - avg_train_loss: 0.0262  avg_val_loss: 1.7936 F1: 0.515914  Accuracy: 0.623901 Recall@3: 0.814835 time: 663s
2021-01-12 06:23:11,550 DEBUG   Epoch 41 - avg_train_loss: 0.0267  avg_val_loss: 1.7851 F1: 0.516961  Accuracy: 0.632692 Recall@3: 0.810989 time: 667s
2021-01-12 06:23:11,550 DEBUG   Epoch 41 - Save Best Accuracy: 0.632692 Model
2021-01-12 06:34:24,602 DEBUG   Epoch 42 - avg_train_loss: 0.0249  avg_val_loss: 1.7613 F1: 0.516799  Accuracy: 0.629670 Recall@3: 0.819231 time: 673s
2021-01-12 06:45:38,716 DEBUG   Epoch 43 - avg_train_loss: 0.0237  avg_val_loss: 1.7634 F1: 0.516142  Accuracy: 0.630495 Recall@3: 0.819505 time: 674s
2021-01-12 06:56:53,590 DEBUG   Epoch 44 - avg_train_loss: 0.0224  avg_val_loss: 1.7823 F1: 0.519868  Accuracy: 0.630769 Recall@3: 0.815934 time: 675s
2021-01-12 07:07:56,628 DEBUG   Epoch 45 - avg_train_loss: 0.0209  avg_val_loss: 1.7700 F1: 0.514962  Accuracy: 0.630769 Recall@3: 0.817308 time: 663s
2021-01-12 07:18:59,577 DEBUG   Epoch 46 - avg_train_loss: 0.0212  avg_val_loss: 1.7579 F1: 0.521456  Accuracy: 0.632967 Recall@3: 0.822253 time: 663s
2021-01-12 07:18:59,578 DEBUG   Epoch 46 - Save Best Accuracy: 0.632967 Model
2021-01-12 07:30:02,194 DEBUG   Epoch 47 - avg_train_loss: 0.0203  avg_val_loss: 1.7826 F1: 0.518680  Accuracy: 0.631319 Recall@3: 0.818407 time: 662s
2021-01-12 07:41:11,784 DEBUG   Epoch 48 - avg_train_loss: 0.0194  avg_val_loss: 1.7681 F1: 0.519440  Accuracy: 0.634066 Recall@3: 0.820330 time: 670s
2021-01-12 07:41:11,785 DEBUG   Epoch 48 - Save Best Accuracy: 0.634066 Model
2021-01-12 07:52:17,612 DEBUG   Epoch 49 - avg_train_loss: 0.0186  avg_val_loss: 1.7683 F1: 0.522095  Accuracy: 0.635989 Recall@3: 0.816758 time: 666s
2021-01-12 07:52:17,612 DEBUG   Epoch 49 - Save Best Accuracy: 0.635989 Model
2021-01-12 08:03:25,002 DEBUG   Epoch 50 - avg_train_loss: 0.0186  avg_val_loss: 1.7681 F1: 0.512425  Accuracy: 0.628297 Recall@3: 0.820604 time: 667s
2021-01-12 08:14:32,778 DEBUG   Epoch 51 - avg_train_loss: 0.0194  avg_val_loss: 1.7766 F1: 0.516967  Accuracy: 0.632143 Recall@3: 0.819505 time: 668s
2021-01-12 08:25:39,200 DEBUG   Epoch 52 - avg_train_loss: 0.0181  avg_val_loss: 1.7720 F1: 0.525169  Accuracy: 0.632692 Recall@3: 0.818407 time: 666s
2021-01-12 08:36:50,483 DEBUG   Epoch 53 - avg_train_loss: 0.0179  avg_val_loss: 1.7751 F1: 0.519673  Accuracy: 0.631593 Recall@3: 0.818681 time: 671s
2021-01-12 08:48:00,489 DEBUG   Epoch 54 - avg_train_loss: 0.0180  avg_val_loss: 1.7880 F1: 0.517748  Accuracy: 0.630220 Recall@3: 0.814011 time: 670s
2021-01-12 08:59:13,082 DEBUG   Epoch 55 - avg_train_loss: 0.0180  avg_val_loss: 1.7820 F1: 0.519481  Accuracy: 0.628022 Recall@3: 0.817033 time: 673s
2021-01-12 09:10:25,302 DEBUG   Epoch 56 - avg_train_loss: 0.0173  avg_val_loss: 1.7791 F1: 0.522899  Accuracy: 0.633516 Recall@3: 0.817308 time: 672s
2021-01-12 09:21:33,792 DEBUG   Epoch 57 - avg_train_loss: 0.0174  avg_val_loss: 1.7807 F1: 0.523796  Accuracy: 0.629945 Recall@3: 0.816758 time: 668s
2021-01-12 09:32:43,347 DEBUG   Epoch 58 - avg_train_loss: 0.0177  avg_val_loss: 1.7820 F1: 0.523435  Accuracy: 0.631044 Recall@3: 0.817033 time: 670s
2021-01-12 09:43:50,934 DEBUG   Epoch 59 - avg_train_loss: 0.0162  avg_val_loss: 1.7797 F1: 0.519372  Accuracy: 0.631044 Recall@3: 0.818681 time: 668s
2021-01-12 09:54:56,999 DEBUG   Epoch 60 - avg_train_loss: 0.0166  avg_val_loss: 1.7881 F1: 0.511114  Accuracy: 0.624725 Recall@3: 0.813187 time: 666s
2021-01-12 10:06:08,435 DEBUG   Epoch 61 - avg_train_loss: 0.0160  avg_val_loss: 1.7782 F1: 0.515607  Accuracy: 0.631044 Recall@3: 0.815385 time: 671s
2021-01-12 10:17:18,065 DEBUG   Epoch 62 - avg_train_loss: 0.0159  avg_val_loss: 1.7693 F1: 0.517201  Accuracy: 0.631593 Recall@3: 0.820604 time: 670s
2021-01-12 10:28:35,928 DEBUG   Epoch 63 - avg_train_loss: 0.0156  avg_val_loss: 1.7790 F1: 0.521472  Accuracy: 0.634890 Recall@3: 0.818407 time: 678s
2021-01-12 10:39:57,747 DEBUG   Epoch 64 - avg_train_loss: 0.0154  avg_val_loss: 1.7834 F1: 0.521981  Accuracy: 0.630220 Recall@3: 0.815659 time: 682s
2021-01-12 10:51:08,895 DEBUG   Epoch 65 - avg_train_loss: 0.0150  avg_val_loss: 1.7850 F1: 0.517893  Accuracy: 0.631593 Recall@3: 0.819231 time: 671s
2021-01-12 11:02:19,227 DEBUG   Epoch 66 - avg_train_loss: 0.0151  avg_val_loss: 1.7884 F1: 0.516106  Accuracy: 0.628022 Recall@3: 0.817857 time: 670s
2021-01-12 11:13:34,276 DEBUG   Epoch 67 - avg_train_loss: 0.0146  avg_val_loss: 1.7876 F1: 0.513191  Accuracy: 0.627198 Recall@3: 0.816209 time: 675s
2021-01-12 11:25:00,824 DEBUG   Epoch 68 - avg_train_loss: 0.0145  avg_val_loss: 1.7797 F1: 0.512741  Accuracy: 0.631044 Recall@3: 0.820604 time: 687s
2021-01-12 11:36:04,336 DEBUG   Epoch 69 - avg_train_loss: 0.0142  avg_val_loss: 1.7809 F1: 0.523488  Accuracy: 0.632418 Recall@3: 0.816758 time: 664s
2021-01-12 11:47:12,673 DEBUG   Epoch 70 - avg_train_loss: 0.0152  avg_val_loss: 1.7833 F1: 0.514961  Accuracy: 0.628297 Recall@3: 0.819231 time: 668s
2021-01-12 11:58:16,666 DEBUG   Epoch 71 - avg_train_loss: 0.0157  avg_val_loss: 1.7778 F1: 0.517639  Accuracy: 0.631319 Recall@3: 0.818956 time: 664s
2021-01-12 12:09:48,385 DEBUG   Epoch 72 - avg_train_loss: 0.0148  avg_val_loss: 1.7830 F1: 0.512657  Accuracy: 0.628846 Recall@3: 0.817033 time: 692s
2021-01-12 12:20:49,453 DEBUG   Epoch 73 - avg_train_loss: 0.0139  avg_val_loss: 1.7840 F1: 0.518813  Accuracy: 0.632967 Recall@3: 0.820330 time: 661s
2021-01-12 12:31:51,623 DEBUG   Epoch 74 - avg_train_loss: 0.0141  avg_val_loss: 1.7779 F1: 0.519198  Accuracy: 0.633242 Recall@3: 0.818956 time: 662s
2021-01-12 12:43:01,060 DEBUG   Epoch 75 - avg_train_loss: 0.0140  avg_val_loss: 1.7850 F1: 0.521349  Accuracy: 0.635989 Recall@3: 0.818956 time: 669s
2021-01-12 12:54:17,159 DEBUG   Epoch 76 - avg_train_loss: 0.0148  avg_val_loss: 1.7857 F1: 0.517801  Accuracy: 0.630220 Recall@3: 0.817857 time: 676s
2021-01-12 13:05:28,041 DEBUG   Epoch 77 - avg_train_loss: 0.0141  avg_val_loss: 1.7775 F1: 0.513451  Accuracy: 0.630220 Recall@3: 0.818407 time: 671s
2021-01-12 13:16:33,299 DEBUG   Epoch 78 - avg_train_loss: 0.0141  avg_val_loss: 1.7862 F1: 0.516733  Accuracy: 0.630769 Recall@3: 0.819505 time: 665s
2021-01-12 13:27:47,500 DEBUG   Epoch 79 - avg_train_loss: 0.0135  avg_val_loss: 1.7814 F1: 0.513215  Accuracy: 0.631044 Recall@3: 0.820055 time: 674s
2021-01-12 13:38:57,159 DEBUG   Epoch 80 - avg_train_loss: 0.0132  avg_val_loss: 1.7811 F1: 0.514891  Accuracy: 0.629945 Recall@3: 0.820604 time: 670s
2021-01-12 13:50:06,341 DEBUG   Epoch 81 - avg_train_loss: 0.0145  avg_val_loss: 1.7892 F1: 0.514111  Accuracy: 0.627198 Recall@3: 0.821154 time: 669s
2021-01-12 14:01:17,921 DEBUG   Epoch 82 - avg_train_loss: 0.0137  avg_val_loss: 1.7809 F1: 0.517382  Accuracy: 0.632967 Recall@3: 0.820330 time: 672s
2021-01-12 14:12:20,304 DEBUG   Epoch 83 - avg_train_loss: 0.0136  avg_val_loss: 1.7746 F1: 0.515276  Accuracy: 0.633791 Recall@3: 0.821154 time: 662s
2021-01-12 14:23:27,629 DEBUG   Epoch 84 - avg_train_loss: 0.0148  avg_val_loss: 1.7978 F1: 0.519526  Accuracy: 0.631319 Recall@3: 0.820330 time: 667s
2021-01-12 14:34:33,526 DEBUG   Epoch 85 - avg_train_loss: 0.0142  avg_val_loss: 1.7869 F1: 0.514358  Accuracy: 0.631593 Recall@3: 0.821154 time: 666s
2021-01-12 14:45:39,488 DEBUG   Epoch 86 - avg_train_loss: 0.0147  avg_val_loss: 1.7815 F1: 0.515720  Accuracy: 0.628297 Recall@3: 0.820879 time: 666s
2021-01-12 14:56:51,499 DEBUG   Epoch 87 - avg_train_loss: 0.0138  avg_val_loss: 1.7780 F1: 0.515088  Accuracy: 0.632143 Recall@3: 0.819505 time: 672s
2021-01-12 15:07:47,238 DEBUG   Epoch 88 - avg_train_loss: 0.0131  avg_val_loss: 1.7794 F1: 0.514252  Accuracy: 0.629121 Recall@3: 0.821978 time: 656s
2021-01-12 15:18:47,608 DEBUG   Epoch 89 - avg_train_loss: 0.0134  avg_val_loss: 1.7841 F1: 0.512550  Accuracy: 0.630769 Recall@3: 0.818132 time: 660s
2021-01-12 15:29:34,877 DEBUG   Epoch 90 - avg_train_loss: 0.0133  avg_val_loss: 1.7905 F1: 0.515972  Accuracy: 0.629670 Recall@3: 0.819505 time: 647s
2021-01-12 15:40:33,923 DEBUG   Epoch 91 - avg_train_loss: 0.0144  avg_val_loss: 1.7823 F1: 0.514159  Accuracy: 0.630220 Recall@3: 0.819505 time: 659s
2021-01-12 15:51:34,218 DEBUG   Epoch 92 - avg_train_loss: 0.0139  avg_val_loss: 1.7770 F1: 0.516588  Accuracy: 0.632967 Recall@3: 0.820879 time: 660s
2021-01-12 16:02:26,328 DEBUG   Epoch 93 - avg_train_loss: 0.0143  avg_val_loss: 1.7821 F1: 0.517433  Accuracy: 0.633516 Recall@3: 0.818956 time: 652s
2021-01-12 16:13:31,439 DEBUG   Epoch 94 - avg_train_loss: 0.0142  avg_val_loss: 1.7872 F1: 0.515934  Accuracy: 0.630769 Recall@3: 0.820330 time: 665s
2021-01-12 16:24:42,638 DEBUG   Epoch 95 - avg_train_loss: 0.0142  avg_val_loss: 1.7843 F1: 0.516190  Accuracy: 0.631044 Recall@3: 0.823077 time: 671s
2021-01-12 16:35:41,531 DEBUG   Epoch 96 - avg_train_loss: 0.0132  avg_val_loss: 1.7898 F1: 0.515804  Accuracy: 0.630769 Recall@3: 0.818407 time: 659s
2021-01-12 16:46:37,046 DEBUG   Epoch 97 - avg_train_loss: 0.0135  avg_val_loss: 1.7826 F1: 0.516260  Accuracy: 0.630769 Recall@3: 0.822253 time: 656s
2021-01-12 16:57:29,151 DEBUG   Epoch 98 - avg_train_loss: 0.0134  avg_val_loss: 1.7813 F1: 0.520263  Accuracy: 0.633242 Recall@3: 0.818956 time: 652s
2021-01-12 17:08:06,903 DEBUG   Epoch 99 - avg_train_loss: 0.0127  avg_val_loss: 1.7973 F1: 0.516114  Accuracy: 0.627473 Recall@3: 0.821978 time: 638s
2021-01-12 17:18:53,724 DEBUG   Epoch 100 - avg_train_loss: 0.0131  avg_val_loss: 1.7839 F1: 0.521477  Accuracy: 0.633242 Recall@3: 0.821154 time: 647s
2021-01-12 17:18:53,725 INFO [Train model] done in 66756 s.
