2021-01-11 22:37:29,006 INFO [Train model] start
2021-01-11 22:51:09,024 DEBUG   Epoch 1 - avg_train_loss: 2.8675  avg_val_loss: 2.4297 F1: 0.197554  Accuracy: 0.394780 Recall@3: 0.595879 time: 818s
2021-01-11 22:51:09,024 DEBUG   Epoch 1 - Save Best Accuracy: 0.394780 Model
2021-01-11 22:51:09,465 DEBUG   Epoch 1 - Save Best Loss: 2.4297 Model
2021-01-11 23:04:57,650 DEBUG   Epoch 2 - avg_train_loss: 1.9450  avg_val_loss: 2.3682 F1: 0.258558  Accuracy: 0.399451 Recall@3: 0.624725 time: 828s
2021-01-11 23:04:57,650 DEBUG   Epoch 2 - Save Best Accuracy: 0.399451 Model
2021-01-11 23:04:58,102 DEBUG   Epoch 2 - Save Best Loss: 2.3682 Model
2021-01-11 23:18:11,784 DEBUG   Epoch 3 - avg_train_loss: 1.6479  avg_val_loss: 1.9603 F1: 0.330372  Accuracy: 0.487363 Recall@3: 0.706044 time: 793s
2021-01-11 23:18:11,785 DEBUG   Epoch 3 - Save Best Accuracy: 0.487363 Model
2021-01-11 23:18:12,261 DEBUG   Epoch 3 - Save Best Loss: 1.9603 Model
2021-01-11 23:31:58,170 DEBUG   Epoch 4 - avg_train_loss: 1.4723  avg_val_loss: 1.8606 F1: 0.346176  Accuracy: 0.511538 Recall@3: 0.727747 time: 825s
2021-01-11 23:31:58,171 DEBUG   Epoch 4 - Save Best Accuracy: 0.511538 Model
2021-01-11 23:31:58,606 DEBUG   Epoch 4 - Save Best Loss: 1.8606 Model
2021-01-11 23:45:20,337 DEBUG   Epoch 5 - avg_train_loss: 1.3034  avg_val_loss: 2.0641 F1: 0.338810  Accuracy: 0.489011 Recall@3: 0.701374 time: 801s
2021-01-11 23:58:59,942 DEBUG   Epoch 6 - avg_train_loss: 1.1952  avg_val_loss: 1.7487 F1: 0.402243  Accuracy: 0.531868 Recall@3: 0.744505 time: 820s
2021-01-11 23:58:59,943 DEBUG   Epoch 6 - Save Best Accuracy: 0.531868 Model
2021-01-11 23:59:00,377 DEBUG   Epoch 6 - Save Best Loss: 1.7487 Model
2021-01-12 00:12:42,437 DEBUG   Epoch 7 - avg_train_loss: 1.0872  avg_val_loss: 2.1133 F1: 0.350224  Accuracy: 0.486538 Recall@3: 0.698626 time: 822s
2021-01-12 00:26:07,643 DEBUG   Epoch 8 - avg_train_loss: 0.9944  avg_val_loss: 1.7377 F1: 0.431112  Accuracy: 0.545879 Recall@3: 0.760714 time: 805s
2021-01-12 00:26:07,643 DEBUG   Epoch 8 - Save Best Accuracy: 0.545879 Model
2021-01-12 00:26:08,108 DEBUG   Epoch 8 - Save Best Loss: 1.7377 Model
2021-01-12 00:39:44,992 DEBUG   Epoch 9 - avg_train_loss: 0.9014  avg_val_loss: 1.6654 F1: 0.432163  Accuracy: 0.569505 Recall@3: 0.773901 time: 816s
2021-01-12 00:39:44,993 DEBUG   Epoch 9 - Save Best Accuracy: 0.569505 Model
2021-01-12 00:39:45,543 DEBUG   Epoch 9 - Save Best Loss: 1.6654 Model
2021-01-12 00:53:07,618 DEBUG   Epoch 10 - avg_train_loss: 0.8153  avg_val_loss: 1.6667 F1: 0.456527  Accuracy: 0.573901 Recall@3: 0.779670 time: 802s
2021-01-12 00:53:07,619 DEBUG   Epoch 10 - Save Best Accuracy: 0.573901 Model
2021-01-12 01:06:59,484 DEBUG   Epoch 11 - avg_train_loss: 0.7452  avg_val_loss: 1.8434 F1: 0.423139  Accuracy: 0.564560 Recall@3: 0.767033 time: 831s
2021-01-12 01:20:11,731 DEBUG   Epoch 12 - avg_train_loss: 0.6082  avg_val_loss: 1.7422 F1: 0.461312  Accuracy: 0.576374 Recall@3: 0.770604 time: 792s
2021-01-12 01:20:11,731 DEBUG   Epoch 12 - Save Best Accuracy: 0.576374 Model
2021-01-12 01:33:54,718 DEBUG   Epoch 13 - avg_train_loss: 0.5380  avg_val_loss: 1.7332 F1: 0.461852  Accuracy: 0.582418 Recall@3: 0.787637 time: 823s
2021-01-12 01:33:54,719 DEBUG   Epoch 13 - Save Best Accuracy: 0.582418 Model
2021-01-12 01:47:19,429 DEBUG   Epoch 14 - avg_train_loss: 0.4315  avg_val_loss: 1.6345 F1: 0.483168  Accuracy: 0.602198 Recall@3: 0.806868 time: 804s
2021-01-12 01:47:19,429 DEBUG   Epoch 14 - Save Best Accuracy: 0.602198 Model
2021-01-12 01:47:19,943 DEBUG   Epoch 14 - Save Best Loss: 1.6345 Model
2021-01-12 02:01:10,628 DEBUG   Epoch 15 - avg_train_loss: 0.3788  avg_val_loss: 1.6328 F1: 0.493010  Accuracy: 0.609615 Recall@3: 0.815385 time: 830s
2021-01-12 02:01:10,629 DEBUG   Epoch 15 - Save Best Accuracy: 0.609615 Model
2021-01-12 02:01:11,102 DEBUG   Epoch 15 - Save Best Loss: 1.6328 Model
2021-01-12 02:14:34,925 DEBUG   Epoch 16 - avg_train_loss: 0.3270  avg_val_loss: 1.5969 F1: 0.503492  Accuracy: 0.628571 Recall@3: 0.806319 time: 803s
2021-01-12 02:14:34,925 DEBUG   Epoch 16 - Save Best Accuracy: 0.628571 Model
2021-01-12 02:14:35,388 DEBUG   Epoch 16 - Save Best Loss: 1.5969 Model
2021-01-12 02:28:31,655 DEBUG   Epoch 17 - avg_train_loss: 0.2898  avg_val_loss: 1.6089 F1: 0.506589  Accuracy: 0.621154 Recall@3: 0.814011 time: 836s
2021-01-12 02:41:50,976 DEBUG   Epoch 18 - avg_train_loss: 0.2646  avg_val_loss: 1.8182 F1: 0.479217  Accuracy: 0.603846 Recall@3: 0.782967 time: 799s
2021-01-12 02:55:29,881 DEBUG   Epoch 19 - avg_train_loss: 0.2105  avg_val_loss: 1.5312 F1: 0.533315  Accuracy: 0.643956 Recall@3: 0.828297 time: 819s
2021-01-12 02:55:29,881 DEBUG   Epoch 19 - Save Best Accuracy: 0.643956 Model
2021-01-12 02:55:30,317 DEBUG   Epoch 19 - Save Best Loss: 1.5312 Model
2021-01-12 03:09:04,334 DEBUG   Epoch 20 - avg_train_loss: 0.1602  avg_val_loss: 1.6344 F1: 0.523602  Accuracy: 0.636538 Recall@3: 0.823077 time: 814s
2021-01-12 03:22:31,120 DEBUG   Epoch 21 - avg_train_loss: 0.1342  avg_val_loss: 1.6400 F1: 0.527423  Accuracy: 0.640659 Recall@3: 0.827473 time: 807s
2021-01-12 03:36:04,486 DEBUG   Epoch 22 - avg_train_loss: 0.0976  avg_val_loss: 1.5654 F1: 0.539704  Accuracy: 0.656044 Recall@3: 0.831044 time: 813s
2021-01-12 03:36:04,487 DEBUG   Epoch 22 - Save Best Accuracy: 0.656044 Model
2021-01-12 03:49:25,122 DEBUG   Epoch 23 - avg_train_loss: 0.0820  avg_val_loss: 1.5753 F1: 0.556802  Accuracy: 0.664560 Recall@3: 0.838736 time: 800s
2021-01-12 03:49:25,122 DEBUG   Epoch 23 - Save Best Accuracy: 0.664560 Model
2021-01-12 04:03:10,287 DEBUG   Epoch 24 - avg_train_loss: 0.0614  avg_val_loss: 1.5636 F1: 0.562890  Accuracy: 0.671429 Recall@3: 0.837912 time: 825s
2021-01-12 04:03:10,288 DEBUG   Epoch 24 - Save Best Accuracy: 0.671429 Model
2021-01-12 04:16:27,575 DEBUG   Epoch 25 - avg_train_loss: 0.0530  avg_val_loss: 1.5602 F1: 0.561441  Accuracy: 0.671429 Recall@3: 0.837912 time: 797s
2021-01-12 04:30:24,051 DEBUG   Epoch 26 - avg_train_loss: 0.0404  avg_val_loss: 1.5477 F1: 0.568296  Accuracy: 0.671703 Recall@3: 0.837637 time: 836s
2021-01-12 04:30:24,052 DEBUG   Epoch 26 - Save Best Accuracy: 0.671703 Model
2021-01-12 04:43:46,080 DEBUG   Epoch 27 - avg_train_loss: 0.0350  avg_val_loss: 1.5960 F1: 0.564560  Accuracy: 0.668132 Recall@3: 0.836264 time: 802s
2021-01-12 04:57:34,188 DEBUG   Epoch 28 - avg_train_loss: 0.0276  avg_val_loss: 1.5611 F1: 0.566879  Accuracy: 0.677473 Recall@3: 0.839835 time: 828s
2021-01-12 04:57:34,193 DEBUG   Epoch 28 - Save Best Accuracy: 0.677473 Model
2021-01-12 05:11:02,058 DEBUG   Epoch 29 - avg_train_loss: 0.0247  avg_val_loss: 1.5571 F1: 0.573615  Accuracy: 0.678297 Recall@3: 0.845055 time: 807s
2021-01-12 05:11:02,059 DEBUG   Epoch 29 - Save Best Accuracy: 0.678297 Model
2021-01-12 05:24:47,662 DEBUG   Epoch 30 - avg_train_loss: 0.0208  avg_val_loss: 1.5578 F1: 0.572149  Accuracy: 0.684890 Recall@3: 0.846703 time: 825s
2021-01-12 05:24:47,662 DEBUG   Epoch 30 - Save Best Accuracy: 0.684890 Model
2021-01-12 05:38:04,502 DEBUG   Epoch 31 - avg_train_loss: 0.0206  avg_val_loss: 1.5731 F1: 0.573427  Accuracy: 0.681868 Recall@3: 0.846978 time: 796s
2021-01-12 05:51:51,078 DEBUG   Epoch 32 - avg_train_loss: 0.0184  avg_val_loss: 1.5649 F1: 0.572573  Accuracy: 0.681319 Recall@3: 0.852198 time: 827s
2021-01-12 06:05:17,444 DEBUG   Epoch 33 - avg_train_loss: 0.0189  avg_val_loss: 1.5925 F1: 0.570704  Accuracy: 0.677198 Recall@3: 0.847253 time: 806s
2021-01-12 06:18:58,316 DEBUG   Epoch 34 - avg_train_loss: 0.0156  avg_val_loss: 1.5680 F1: 0.568329  Accuracy: 0.682418 Recall@3: 0.844780 time: 821s
2021-01-12 06:32:35,022 DEBUG   Epoch 35 - avg_train_loss: 0.0139  avg_val_loss: 1.5615 F1: 0.577309  Accuracy: 0.685714 Recall@3: 0.845604 time: 817s
2021-01-12 06:32:35,023 DEBUG   Epoch 35 - Save Best Accuracy: 0.685714 Model
2021-01-12 06:46:01,923 DEBUG   Epoch 36 - avg_train_loss: 0.0134  avg_val_loss: 1.5609 F1: 0.582984  Accuracy: 0.685989 Recall@3: 0.850000 time: 806s
2021-01-12 06:46:01,923 DEBUG   Epoch 36 - Save Best Accuracy: 0.685989 Model
2021-01-12 06:59:40,322 DEBUG   Epoch 37 - avg_train_loss: 0.0137  avg_val_loss: 1.5748 F1: 0.574661  Accuracy: 0.687637 Recall@3: 0.850000 time: 818s
2021-01-12 06:59:40,323 DEBUG   Epoch 37 - Save Best Accuracy: 0.687637 Model
2021-01-12 07:12:53,123 DEBUG   Epoch 38 - avg_train_loss: 0.0126  avg_val_loss: 1.5736 F1: 0.587620  Accuracy: 0.689011 Recall@3: 0.850549 time: 792s
2021-01-12 07:12:53,123 DEBUG   Epoch 38 - Save Best Accuracy: 0.689011 Model
2021-01-12 07:26:43,226 DEBUG   Epoch 39 - avg_train_loss: 0.0115  avg_val_loss: 1.5782 F1: 0.581269  Accuracy: 0.683516 Recall@3: 0.848626 time: 830s
2021-01-12 07:39:57,236 DEBUG   Epoch 40 - avg_train_loss: 0.0114  avg_val_loss: 1.5696 F1: 0.580813  Accuracy: 0.684615 Recall@3: 0.849725 time: 794s
2021-01-12 07:53:46,474 DEBUG   Epoch 41 - avg_train_loss: 0.0112  avg_val_loss: 1.5773 F1: 0.576905  Accuracy: 0.683791 Recall@3: 0.850824 time: 829s
2021-01-12 08:07:00,675 DEBUG   Epoch 42 - avg_train_loss: 0.0094  avg_val_loss: 1.5760 F1: 0.581846  Accuracy: 0.686264 Recall@3: 0.851374 time: 794s
2021-01-12 08:20:52,101 DEBUG   Epoch 43 - avg_train_loss: 0.0091  avg_val_loss: 1.5825 F1: 0.586049  Accuracy: 0.689835 Recall@3: 0.849725 time: 831s
2021-01-12 08:20:52,101 DEBUG   Epoch 43 - Save Best Accuracy: 0.689835 Model
2021-01-12 08:34:11,326 DEBUG   Epoch 44 - avg_train_loss: 0.0086  avg_val_loss: 1.5852 F1: 0.579874  Accuracy: 0.686538 Recall@3: 0.849451 time: 799s
2021-01-12 08:47:54,458 DEBUG   Epoch 45 - avg_train_loss: 0.0088  avg_val_loss: 1.5841 F1: 0.583560  Accuracy: 0.686813 Recall@3: 0.850549 time: 823s
2021-01-12 09:01:25,523 DEBUG   Epoch 46 - avg_train_loss: 0.0082  avg_val_loss: 1.5773 F1: 0.582984  Accuracy: 0.688736 Recall@3: 0.849451 time: 811s
2021-01-12 09:15:04,667 DEBUG   Epoch 47 - avg_train_loss: 0.0079  avg_val_loss: 1.5889 F1: 0.582804  Accuracy: 0.688187 Recall@3: 0.853571 time: 819s
2021-01-12 09:28:43,015 DEBUG   Epoch 48 - avg_train_loss: 0.0076  avg_val_loss: 1.5860 F1: 0.582071  Accuracy: 0.684341 Recall@3: 0.850549 time: 818s
2021-01-12 09:42:17,631 DEBUG   Epoch 49 - avg_train_loss: 0.0078  avg_val_loss: 1.5769 F1: 0.574638  Accuracy: 0.684890 Recall@3: 0.852473 time: 815s
2021-01-12 09:56:08,901 DEBUG   Epoch 50 - avg_train_loss: 0.0081  avg_val_loss: 1.5859 F1: 0.584149  Accuracy: 0.687912 Recall@3: 0.852198 time: 831s
2021-01-12 10:09:38,703 DEBUG   Epoch 51 - avg_train_loss: 0.0071  avg_val_loss: 1.5919 F1: 0.580209  Accuracy: 0.684341 Recall@3: 0.849725 time: 810s
2021-01-12 10:23:25,401 DEBUG   Epoch 52 - avg_train_loss: 0.0069  avg_val_loss: 1.5921 F1: 0.582767  Accuracy: 0.687088 Recall@3: 0.851923 time: 827s
2021-01-12 10:36:43,235 DEBUG   Epoch 53 - avg_train_loss: 0.0073  avg_val_loss: 1.5933 F1: 0.580311  Accuracy: 0.686538 Recall@3: 0.852473 time: 798s
2021-01-12 10:50:52,232 DEBUG   Epoch 54 - avg_train_loss: 0.0075  avg_val_loss: 1.5840 F1: 0.584073  Accuracy: 0.689286 Recall@3: 0.853846 time: 849s
2021-01-12 11:04:26,049 DEBUG   Epoch 55 - avg_train_loss: 0.0070  avg_val_loss: 1.5878 F1: 0.582032  Accuracy: 0.687088 Recall@3: 0.852198 time: 814s
2021-01-12 11:18:45,635 DEBUG   Epoch 56 - avg_train_loss: 0.0069  avg_val_loss: 1.5934 F1: 0.582533  Accuracy: 0.689286 Recall@3: 0.850549 time: 860s
2021-01-12 11:32:22,769 DEBUG   Epoch 57 - avg_train_loss: 0.0066  avg_val_loss: 1.5855 F1: 0.577518  Accuracy: 0.687912 Recall@3: 0.849451 time: 817s
2021-01-12 11:46:27,812 DEBUG   Epoch 58 - avg_train_loss: 0.0070  avg_val_loss: 1.5915 F1: 0.584156  Accuracy: 0.692033 Recall@3: 0.848901 time: 845s
2021-01-12 11:46:27,812 DEBUG   Epoch 58 - Save Best Accuracy: 0.692033 Model
2021-01-12 12:00:23,516 DEBUG   Epoch 59 - avg_train_loss: 0.0065  avg_val_loss: 1.5997 F1: 0.576233  Accuracy: 0.684066 Recall@3: 0.851374 time: 835s
2021-01-12 12:14:13,669 DEBUG   Epoch 60 - avg_train_loss: 0.0069  avg_val_loss: 1.5885 F1: 0.576214  Accuracy: 0.685714 Recall@3: 0.849176 time: 830s
2021-01-12 12:28:22,458 DEBUG   Epoch 61 - avg_train_loss: 0.0066  avg_val_loss: 1.5947 F1: 0.579663  Accuracy: 0.686813 Recall@3: 0.848626 time: 849s
2021-01-12 12:42:05,591 DEBUG   Epoch 62 - avg_train_loss: 0.0063  avg_val_loss: 1.5874 F1: 0.583948  Accuracy: 0.689835 Recall@3: 0.851099 time: 823s
2021-01-12 12:56:18,589 DEBUG   Epoch 63 - avg_train_loss: 0.0061  avg_val_loss: 1.5890 F1: 0.580603  Accuracy: 0.685989 Recall@3: 0.852198 time: 853s
2021-01-12 13:10:02,034 DEBUG   Epoch 64 - avg_train_loss: 0.0059  avg_val_loss: 1.5946 F1: 0.580311  Accuracy: 0.687363 Recall@3: 0.852198 time: 823s
2021-01-12 13:24:08,990 DEBUG   Epoch 65 - avg_train_loss: 0.0063  avg_val_loss: 1.5930 F1: 0.573754  Accuracy: 0.684066 Recall@3: 0.850000 time: 847s
2021-01-12 13:37:58,347 DEBUG   Epoch 66 - avg_train_loss: 0.0061  avg_val_loss: 1.5875 F1: 0.576805  Accuracy: 0.686538 Recall@3: 0.852198 time: 829s
2021-01-12 13:52:14,680 DEBUG   Epoch 67 - avg_train_loss: 0.0062  avg_val_loss: 1.5914 F1: 0.576106  Accuracy: 0.684615 Recall@3: 0.853022 time: 856s
2021-01-12 14:06:13,475 DEBUG   Epoch 68 - avg_train_loss: 0.0056  avg_val_loss: 1.5923 F1: 0.583718  Accuracy: 0.687637 Recall@3: 0.850549 time: 839s
2021-01-12 14:20:06,687 DEBUG   Epoch 69 - avg_train_loss: 0.0058  avg_val_loss: 1.5879 F1: 0.582871  Accuracy: 0.689286 Recall@3: 0.850824 time: 833s
2021-01-12 14:33:30,905 DEBUG   Epoch 70 - avg_train_loss: 0.0061  avg_val_loss: 1.5962 F1: 0.576137  Accuracy: 0.685165 Recall@3: 0.851099 time: 804s
2021-01-12 14:46:47,137 DEBUG   Epoch 71 - avg_train_loss: 0.0056  avg_val_loss: 1.5890 F1: 0.580388  Accuracy: 0.686813 Recall@3: 0.852747 time: 796s
2021-01-12 15:00:13,592 DEBUG   Epoch 72 - avg_train_loss: 0.0067  avg_val_loss: 1.5947 F1: 0.577874  Accuracy: 0.687088 Recall@3: 0.848626 time: 806s
2021-01-12 15:13:30,340 DEBUG   Epoch 73 - avg_train_loss: 0.0056  avg_val_loss: 1.5961 F1: 0.575996  Accuracy: 0.684341 Recall@3: 0.851923 time: 797s
2021-01-12 15:27:06,376 DEBUG   Epoch 74 - avg_train_loss: 0.0059  avg_val_loss: 1.5954 F1: 0.580090  Accuracy: 0.688736 Recall@3: 0.851648 time: 816s
2021-01-12 15:40:21,002 DEBUG   Epoch 75 - avg_train_loss: 0.0056  avg_val_loss: 1.5874 F1: 0.582875  Accuracy: 0.687363 Recall@3: 0.850824 time: 795s
2021-01-12 15:52:54,517 DEBUG   Epoch 76 - avg_train_loss: 0.0056  avg_val_loss: 1.6058 F1: 0.582475  Accuracy: 0.688187 Recall@3: 0.851099 time: 754s
2021-01-12 16:04:45,228 DEBUG   Epoch 77 - avg_train_loss: 0.0057  avg_val_loss: 1.5895 F1: 0.581546  Accuracy: 0.687912 Recall@3: 0.852198 time: 711s
2021-01-12 16:17:03,577 DEBUG   Epoch 78 - avg_train_loss: 0.0058  avg_val_loss: 1.5826 F1: 0.584595  Accuracy: 0.689560 Recall@3: 0.850824 time: 738s
2021-01-12 16:29:04,637 DEBUG   Epoch 79 - avg_train_loss: 0.0059  avg_val_loss: 1.5929 F1: 0.582761  Accuracy: 0.686813 Recall@3: 0.852747 time: 721s
2021-01-12 16:41:20,711 DEBUG   Epoch 80 - avg_train_loss: 0.0055  avg_val_loss: 1.5907 F1: 0.582822  Accuracy: 0.687088 Recall@3: 0.852747 time: 736s
2021-01-12 16:53:25,967 DEBUG   Epoch 81 - avg_train_loss: 0.0057  avg_val_loss: 1.5935 F1: 0.581746  Accuracy: 0.686813 Recall@3: 0.851648 time: 725s
2021-01-12 17:05:46,951 DEBUG   Epoch 82 - avg_train_loss: 0.0058  avg_val_loss: 1.5902 F1: 0.580453  Accuracy: 0.686813 Recall@3: 0.853022 time: 741s
2021-01-12 17:18:47,860 DEBUG   Epoch 83 - avg_train_loss: 0.0054  avg_val_loss: 1.5907 F1: 0.580883  Accuracy: 0.686264 Recall@3: 0.852747 time: 781s
2021-01-12 17:32:13,653 DEBUG   Epoch 84 - avg_train_loss: 0.0056  avg_val_loss: 1.5913 F1: 0.580884  Accuracy: 0.687637 Recall@3: 0.851923 time: 806s
2021-01-12 17:44:47,807 DEBUG   Epoch 85 - avg_train_loss: 0.0052  avg_val_loss: 1.5840 F1: 0.585887  Accuracy: 0.690385 Recall@3: 0.851648 time: 754s
2021-01-12 17:56:58,002 DEBUG   Epoch 86 - avg_train_loss: 0.0055  avg_val_loss: 1.5980 F1: 0.579148  Accuracy: 0.686813 Recall@3: 0.850824 time: 730s
2021-01-12 18:09:08,057 DEBUG   Epoch 87 - avg_train_loss: 0.0054  avg_val_loss: 1.5948 F1: 0.582980  Accuracy: 0.687363 Recall@3: 0.850549 time: 730s
2021-01-12 18:21:34,464 DEBUG   Epoch 88 - avg_train_loss: 0.0054  avg_val_loss: 1.5887 F1: 0.589682  Accuracy: 0.692582 Recall@3: 0.850275 time: 746s
2021-01-12 18:21:34,465 DEBUG   Epoch 88 - Save Best Accuracy: 0.692582 Model
2021-01-12 18:35:39,612 DEBUG   Epoch 89 - avg_train_loss: 0.0054  avg_val_loss: 1.5884 F1: 0.588701  Accuracy: 0.690659 Recall@3: 0.853022 time: 845s
2021-01-12 18:50:13,135 DEBUG   Epoch 90 - avg_train_loss: 0.0058  avg_val_loss: 1.5910 F1: 0.587605  Accuracy: 0.691758 Recall@3: 0.850275 time: 874s
2021-01-12 19:04:12,018 DEBUG   Epoch 91 - avg_train_loss: 0.0052  avg_val_loss: 1.5855 F1: 0.585402  Accuracy: 0.689560 Recall@3: 0.852747 time: 839s
2021-01-12 19:18:42,442 DEBUG   Epoch 92 - avg_train_loss: 0.0053  avg_val_loss: 1.5920 F1: 0.587280  Accuracy: 0.688736 Recall@3: 0.851374 time: 870s
2021-01-12 19:32:51,259 DEBUG   Epoch 93 - avg_train_loss: 0.0056  avg_val_loss: 1.5908 F1: 0.585797  Accuracy: 0.689011 Recall@3: 0.853297 time: 849s
2021-01-12 19:47:14,312 DEBUG   Epoch 94 - avg_train_loss: 0.0053  avg_val_loss: 1.5912 F1: 0.575790  Accuracy: 0.687637 Recall@3: 0.853297 time: 863s
2021-01-12 20:01:30,594 DEBUG   Epoch 95 - avg_train_loss: 0.0052  avg_val_loss: 1.5951 F1: 0.582734  Accuracy: 0.687363 Recall@3: 0.851648 time: 856s
2021-01-12 20:15:37,192 DEBUG   Epoch 96 - avg_train_loss: 0.0059  avg_val_loss: 1.5957 F1: 0.582882  Accuracy: 0.688736 Recall@3: 0.851099 time: 847s
2021-01-12 20:29:58,789 DEBUG   Epoch 97 - avg_train_loss: 0.0055  avg_val_loss: 1.5994 F1: 0.585555  Accuracy: 0.689011 Recall@3: 0.851099 time: 862s
2021-01-12 20:43:59,239 DEBUG   Epoch 98 - avg_train_loss: 0.0050  avg_val_loss: 1.5925 F1: 0.581446  Accuracy: 0.688187 Recall@3: 0.854121 time: 840s
2021-01-12 20:59:20,818 DEBUG   Epoch 99 - avg_train_loss: 0.0056  avg_val_loss: 1.6029 F1: 0.580888  Accuracy: 0.686264 Recall@3: 0.851648 time: 922s
2021-01-12 21:13:28,202 DEBUG   Epoch 100 - avg_train_loss: 0.0056  avg_val_loss: 1.5902 F1: 0.581858  Accuracy: 0.690659 Recall@3: 0.851099 time: 847s
2021-01-12 21:13:28,202 INFO [Train model] done in 81359 s.
