2021-01-12 17:09:48,159 INFO [Train model] start
2021-01-12 17:24:07,117 DEBUG   Epoch 1 - avg_train_loss: 3.0242  avg_val_loss: 2.5756 F1: 0.194477  Accuracy: 0.355769 Recall@3: 0.571429 time: 856s
2021-01-12 17:24:07,118 DEBUG   Epoch 1 - Save Best Accuracy: 0.355769 Model
2021-01-12 17:24:07,305 DEBUG   Epoch 1 - Save Best Loss: 2.5756 Model
2021-01-12 17:38:20,568 DEBUG   Epoch 2 - avg_train_loss: 2.1222  avg_val_loss: 2.1804 F1: 0.245845  Accuracy: 0.422802 Recall@3: 0.650824 time: 853s
2021-01-12 17:38:20,569 DEBUG   Epoch 2 - Save Best Accuracy: 0.422802 Model
2021-01-12 17:38:20,806 DEBUG   Epoch 2 - Save Best Loss: 2.1804 Model
2021-01-12 17:52:51,732 DEBUG   Epoch 3 - avg_train_loss: 1.8242  avg_val_loss: 2.1238 F1: 0.286313  Accuracy: 0.452198 Recall@3: 0.662088 time: 871s
2021-01-12 17:52:51,736 DEBUG   Epoch 3 - Save Best Accuracy: 0.452198 Model
2021-01-12 17:52:51,960 DEBUG   Epoch 3 - Save Best Loss: 2.1238 Model
2021-01-12 18:07:26,110 DEBUG   Epoch 4 - avg_train_loss: 1.6284  avg_val_loss: 2.1649 F1: 0.311978  Accuracy: 0.445879 Recall@3: 0.658791 time: 874s
2021-01-12 18:21:55,154 DEBUG   Epoch 5 - avg_train_loss: 1.4590  avg_val_loss: 1.9392 F1: 0.350861  Accuracy: 0.492033 Recall@3: 0.715659 time: 869s
2021-01-12 18:21:55,158 DEBUG   Epoch 5 - Save Best Accuracy: 0.492033 Model
2021-01-12 18:21:55,313 DEBUG   Epoch 5 - Save Best Loss: 1.9392 Model
2021-01-12 18:36:41,656 DEBUG   Epoch 6 - avg_train_loss: 1.3376  avg_val_loss: 1.8927 F1: 0.389207  Accuracy: 0.518681 Recall@3: 0.726923 time: 886s
2021-01-12 18:36:41,657 DEBUG   Epoch 6 - Save Best Accuracy: 0.518681 Model
2021-01-12 18:36:41,844 DEBUG   Epoch 6 - Save Best Loss: 1.8927 Model
2021-01-12 18:51:01,408 DEBUG   Epoch 7 - avg_train_loss: 1.2355  avg_val_loss: 1.9002 F1: 0.370769  Accuracy: 0.506044 Recall@3: 0.729121 time: 859s
2021-01-12 19:05:15,340 DEBUG   Epoch 8 - avg_train_loss: 1.1278  avg_val_loss: 1.9401 F1: 0.373328  Accuracy: 0.499451 Recall@3: 0.718956 time: 854s
2021-01-12 19:19:57,675 DEBUG   Epoch 9 - avg_train_loss: 0.9789  avg_val_loss: 1.7635 F1: 0.427390  Accuracy: 0.545604 Recall@3: 0.754121 time: 882s
2021-01-12 19:19:57,677 DEBUG   Epoch 9 - Save Best Accuracy: 0.545604 Model
2021-01-12 19:19:57,894 DEBUG   Epoch 9 - Save Best Loss: 1.7635 Model
2021-01-12 19:34:28,926 DEBUG   Epoch 10 - avg_train_loss: 0.8899  avg_val_loss: 1.7907 F1: 0.395523  Accuracy: 0.528022 Recall@3: 0.756593 time: 871s
2021-01-12 19:48:51,163 DEBUG   Epoch 11 - avg_train_loss: 0.8038  avg_val_loss: 1.8841 F1: 0.406552  Accuracy: 0.536538 Recall@3: 0.749176 time: 862s
2021-01-12 20:03:33,858 DEBUG   Epoch 12 - avg_train_loss: 0.6987  avg_val_loss: 1.7260 F1: 0.453085  Accuracy: 0.560714 Recall@3: 0.774176 time: 883s
2021-01-12 20:03:33,860 DEBUG   Epoch 12 - Save Best Accuracy: 0.560714 Model
2021-01-12 20:03:34,085 DEBUG   Epoch 12 - Save Best Loss: 1.7260 Model
2021-01-12 20:18:06,944 DEBUG   Epoch 13 - avg_train_loss: 0.6244  avg_val_loss: 1.8631 F1: 0.417838  Accuracy: 0.544231 Recall@3: 0.758242 time: 873s
2021-01-12 20:33:06,744 DEBUG   Epoch 14 - avg_train_loss: 0.5695  avg_val_loss: 1.7721 F1: 0.430831  Accuracy: 0.564011 Recall@3: 0.772802 time: 900s
2021-01-12 20:33:06,745 DEBUG   Epoch 14 - Save Best Accuracy: 0.564011 Model
2021-01-12 20:47:56,332 DEBUG   Epoch 15 - avg_train_loss: 0.4729  avg_val_loss: 1.8082 F1: 0.452169  Accuracy: 0.565934 Recall@3: 0.768407 time: 889s
2021-01-12 20:47:56,333 DEBUG   Epoch 15 - Save Best Accuracy: 0.565934 Model
2021-01-12 21:02:23,590 DEBUG   Epoch 16 - avg_train_loss: 0.4129  avg_val_loss: 1.7851 F1: 0.447635  Accuracy: 0.568956 Recall@3: 0.785989 time: 867s
2021-01-12 21:02:23,593 DEBUG   Epoch 16 - Save Best Accuracy: 0.568956 Model
2021-01-12 21:17:06,556 DEBUG   Epoch 17 - avg_train_loss: 0.3355  avg_val_loss: 1.7002 F1: 0.479107  Accuracy: 0.596154 Recall@3: 0.787088 time: 883s
2021-01-12 21:17:06,557 DEBUG   Epoch 17 - Save Best Accuracy: 0.596154 Model
2021-01-12 21:17:06,837 DEBUG   Epoch 17 - Save Best Loss: 1.7002 Model
2021-01-12 21:31:25,658 DEBUG   Epoch 18 - avg_train_loss: 0.2977  avg_val_loss: 1.8045 F1: 0.460692  Accuracy: 0.584341 Recall@3: 0.780495 time: 859s
2021-01-12 21:45:57,115 DEBUG   Epoch 19 - avg_train_loss: 0.2606  avg_val_loss: 1.7531 F1: 0.480373  Accuracy: 0.596978 Recall@3: 0.794231 time: 871s
2021-01-12 21:45:57,116 DEBUG   Epoch 19 - Save Best Accuracy: 0.596978 Model
2021-01-12 22:00:24,356 DEBUG   Epoch 20 - avg_train_loss: 0.2143  avg_val_loss: 1.7350 F1: 0.469029  Accuracy: 0.592308 Recall@3: 0.797253 time: 867s
2021-01-12 22:14:33,936 DEBUG   Epoch 21 - avg_train_loss: 0.1783  avg_val_loss: 1.7043 F1: 0.483814  Accuracy: 0.602473 Recall@3: 0.804396 time: 850s
2021-01-12 22:14:33,938 DEBUG   Epoch 21 - Save Best Accuracy: 0.602473 Model
2021-01-12 22:29:08,526 DEBUG   Epoch 22 - avg_train_loss: 0.1496  avg_val_loss: 1.7748 F1: 0.482630  Accuracy: 0.597802 Recall@3: 0.800000 time: 874s
2021-01-12 22:43:24,344 DEBUG   Epoch 23 - avg_train_loss: 0.1294  avg_val_loss: 1.7549 F1: 0.490534  Accuracy: 0.604396 Recall@3: 0.800275 time: 856s
2021-01-12 22:43:24,345 DEBUG   Epoch 23 - Save Best Accuracy: 0.604396 Model
2021-01-12 22:58:25,939 DEBUG   Epoch 24 - avg_train_loss: 0.1119  avg_val_loss: 1.7308 F1: 0.496701  Accuracy: 0.608242 Recall@3: 0.806868 time: 901s
2021-01-12 22:58:25,940 DEBUG   Epoch 24 - Save Best Accuracy: 0.608242 Model
2021-01-12 23:12:53,306 DEBUG   Epoch 25 - avg_train_loss: 0.0945  avg_val_loss: 1.7487 F1: 0.495394  Accuracy: 0.601648 Recall@3: 0.804670 time: 867s
2021-01-12 23:27:28,372 DEBUG   Epoch 26 - avg_train_loss: 0.0871  avg_val_loss: 1.7331 F1: 0.507635  Accuracy: 0.615659 Recall@3: 0.812912 time: 875s
2021-01-12 23:27:28,376 DEBUG   Epoch 26 - Save Best Accuracy: 0.615659 Model
2021-01-12 23:42:23,229 DEBUG   Epoch 27 - avg_train_loss: 0.0763  avg_val_loss: 1.7554 F1: 0.508092  Accuracy: 0.616484 Recall@3: 0.809615 time: 895s
2021-01-12 23:42:23,234 DEBUG   Epoch 27 - Save Best Accuracy: 0.616484 Model
2021-01-12 23:57:12,591 DEBUG   Epoch 28 - avg_train_loss: 0.0636  avg_val_loss: 1.7259 F1: 0.508598  Accuracy: 0.619231 Recall@3: 0.806868 time: 889s
2021-01-12 23:57:12,593 DEBUG   Epoch 28 - Save Best Accuracy: 0.619231 Model
2021-01-13 00:12:20,162 DEBUG   Epoch 29 - avg_train_loss: 0.0597  avg_val_loss: 1.7069 F1: 0.508160  Accuracy: 0.615659 Recall@3: 0.815385 time: 907s
2021-01-13 00:27:23,295 DEBUG   Epoch 30 - avg_train_loss: 0.0542  avg_val_loss: 1.7616 F1: 0.512775  Accuracy: 0.617857 Recall@3: 0.813736 time: 903s
2021-01-13 00:42:08,195 DEBUG   Epoch 31 - avg_train_loss: 0.0487  avg_val_loss: 1.7536 F1: 0.504729  Accuracy: 0.614286 Recall@3: 0.807418 time: 885s
2021-01-13 00:57:14,365 DEBUG   Epoch 32 - avg_train_loss: 0.0450  avg_val_loss: 1.7342 F1: 0.511857  Accuracy: 0.618407 Recall@3: 0.814835 time: 906s
2021-01-13 01:12:10,673 DEBUG   Epoch 33 - avg_train_loss: 0.0422  avg_val_loss: 1.7410 F1: 0.503976  Accuracy: 0.615110 Recall@3: 0.821703 time: 896s
2021-01-13 01:24:20,733 DEBUG   Epoch 34 - avg_train_loss: 0.0373  avg_val_loss: 1.7608 F1: 0.496187  Accuracy: 0.608791 Recall@3: 0.814286 time: 730s
2021-01-13 01:32:11,138 DEBUG   Epoch 35 - avg_train_loss: 0.0359  avg_val_loss: 1.7473 F1: 0.513434  Accuracy: 0.621703 Recall@3: 0.815110 time: 470s
2021-01-13 01:32:11,138 DEBUG   Epoch 35 - Save Best Accuracy: 0.621703 Model
2021-01-13 01:39:54,580 DEBUG   Epoch 36 - avg_train_loss: 0.0349  avg_val_loss: 1.7579 F1: 0.509910  Accuracy: 0.622527 Recall@3: 0.818407 time: 463s
2021-01-13 01:39:54,581 DEBUG   Epoch 36 - Save Best Accuracy: 0.622527 Model
2021-01-13 01:47:38,628 DEBUG   Epoch 37 - avg_train_loss: 0.0329  avg_val_loss: 1.7620 F1: 0.509651  Accuracy: 0.617033 Recall@3: 0.815659 time: 464s
2021-01-13 01:55:29,946 DEBUG   Epoch 38 - avg_train_loss: 0.0302  avg_val_loss: 1.7634 F1: 0.507447  Accuracy: 0.618407 Recall@3: 0.816209 time: 471s
2021-01-13 02:03:22,608 DEBUG   Epoch 39 - avg_train_loss: 0.0295  avg_val_loss: 1.7659 F1: 0.511751  Accuracy: 0.617857 Recall@3: 0.817582 time: 473s
2021-01-13 02:11:02,433 DEBUG   Epoch 40 - avg_train_loss: 0.0290  avg_val_loss: 1.7637 F1: 0.511185  Accuracy: 0.621703 Recall@3: 0.818407 time: 460s
2021-01-13 02:18:47,945 DEBUG   Epoch 41 - avg_train_loss: 0.0277  avg_val_loss: 1.7698 F1: 0.515272  Accuracy: 0.622802 Recall@3: 0.816484 time: 466s
2021-01-13 02:18:47,946 DEBUG   Epoch 41 - Save Best Accuracy: 0.622802 Model
2021-01-13 02:26:30,458 DEBUG   Epoch 42 - avg_train_loss: 0.0263  avg_val_loss: 1.7485 F1: 0.509959  Accuracy: 0.621429 Recall@3: 0.820330 time: 462s
2021-01-13 02:34:15,881 DEBUG   Epoch 43 - avg_train_loss: 0.0252  avg_val_loss: 1.7607 F1: 0.506216  Accuracy: 0.620879 Recall@3: 0.822802 time: 465s
2021-01-13 02:42:11,955 DEBUG   Epoch 44 - avg_train_loss: 0.0244  avg_val_loss: 1.7392 F1: 0.509545  Accuracy: 0.625549 Recall@3: 0.819780 time: 476s
2021-01-13 02:42:11,957 DEBUG   Epoch 44 - Save Best Accuracy: 0.625549 Model
2021-01-13 02:49:54,659 DEBUG   Epoch 45 - avg_train_loss: 0.0239  avg_val_loss: 1.7618 F1: 0.510649  Accuracy: 0.623901 Recall@3: 0.818132 time: 463s
2021-01-13 02:57:40,978 DEBUG   Epoch 46 - avg_train_loss: 0.0219  avg_val_loss: 1.7593 F1: 0.511633  Accuracy: 0.620604 Recall@3: 0.820055 time: 466s
2021-01-13 03:05:28,891 DEBUG   Epoch 47 - avg_train_loss: 0.0228  avg_val_loss: 1.7673 F1: 0.508707  Accuracy: 0.622802 Recall@3: 0.818956 time: 468s
2021-01-13 03:13:22,955 DEBUG   Epoch 48 - avg_train_loss: 0.0235  avg_val_loss: 1.7612 F1: 0.514304  Accuracy: 0.620604 Recall@3: 0.819780 time: 474s
2021-01-13 03:21:11,814 DEBUG   Epoch 49 - avg_train_loss: 0.0209  avg_val_loss: 1.7541 F1: 0.513479  Accuracy: 0.624725 Recall@3: 0.820879 time: 469s
2021-01-13 03:28:58,139 DEBUG   Epoch 50 - avg_train_loss: 0.0219  avg_val_loss: 1.7575 F1: 0.513859  Accuracy: 0.624725 Recall@3: 0.822802 time: 466s
2021-01-13 03:36:41,696 DEBUG   Epoch 51 - avg_train_loss: 0.0214  avg_val_loss: 1.7628 F1: 0.525970  Accuracy: 0.630769 Recall@3: 0.823352 time: 464s
2021-01-13 03:36:41,697 DEBUG   Epoch 51 - Save Best Accuracy: 0.630769 Model
2021-01-13 03:44:25,512 DEBUG   Epoch 52 - avg_train_loss: 0.0206  avg_val_loss: 1.7646 F1: 0.513471  Accuracy: 0.623901 Recall@3: 0.820055 time: 464s
2021-01-13 03:52:22,992 DEBUG   Epoch 53 - avg_train_loss: 0.0203  avg_val_loss: 1.7718 F1: 0.516179  Accuracy: 0.623901 Recall@3: 0.817033 time: 477s
2021-01-13 04:00:11,685 DEBUG   Epoch 54 - avg_train_loss: 0.0208  avg_val_loss: 1.7681 F1: 0.511736  Accuracy: 0.621429 Recall@3: 0.819780 time: 469s
2021-01-13 04:07:53,686 DEBUG   Epoch 55 - avg_train_loss: 0.0190  avg_val_loss: 1.7706 F1: 0.516499  Accuracy: 0.623901 Recall@3: 0.819505 time: 462s
2021-01-13 04:15:38,357 DEBUG   Epoch 56 - avg_train_loss: 0.0197  avg_val_loss: 1.7819 F1: 0.514272  Accuracy: 0.625275 Recall@3: 0.818681 time: 465s
2021-01-13 04:23:17,321 DEBUG   Epoch 57 - avg_train_loss: 0.0193  avg_val_loss: 1.7721 F1: 0.518462  Accuracy: 0.626374 Recall@3: 0.820055 time: 459s
2021-01-13 04:31:12,572 DEBUG   Epoch 58 - avg_train_loss: 0.0192  avg_val_loss: 1.7696 F1: 0.508432  Accuracy: 0.621978 Recall@3: 0.818407 time: 475s
2021-01-13 04:38:52,589 DEBUG   Epoch 59 - avg_train_loss: 0.0189  avg_val_loss: 1.7707 F1: 0.514862  Accuracy: 0.622527 Recall@3: 0.819780 time: 460s
2021-01-13 04:46:36,473 DEBUG   Epoch 60 - avg_train_loss: 0.0182  avg_val_loss: 1.7675 F1: 0.514047  Accuracy: 0.623626 Recall@3: 0.818407 time: 464s
2021-01-13 04:54:21,651 DEBUG   Epoch 61 - avg_train_loss: 0.0189  avg_val_loss: 1.7802 F1: 0.511504  Accuracy: 0.622253 Recall@3: 0.819780 time: 465s
2021-01-13 05:02:12,584 DEBUG   Epoch 62 - avg_train_loss: 0.0177  avg_val_loss: 1.7655 F1: 0.515589  Accuracy: 0.631044 Recall@3: 0.818956 time: 471s
2021-01-13 05:02:12,586 DEBUG   Epoch 62 - Save Best Accuracy: 0.631044 Model
2021-01-13 05:09:56,218 DEBUG   Epoch 63 - avg_train_loss: 0.0186  avg_val_loss: 1.7742 F1: 0.512099  Accuracy: 0.625275 Recall@3: 0.816484 time: 464s
2021-01-13 05:17:41,607 DEBUG   Epoch 64 - avg_train_loss: 0.0183  avg_val_loss: 1.7731 F1: 0.511795  Accuracy: 0.625275 Recall@3: 0.819780 time: 465s
2021-01-13 05:25:24,753 DEBUG   Epoch 65 - avg_train_loss: 0.0174  avg_val_loss: 1.7646 F1: 0.525777  Accuracy: 0.632418 Recall@3: 0.822253 time: 463s
2021-01-13 05:25:24,753 DEBUG   Epoch 65 - Save Best Accuracy: 0.632418 Model
2021-01-13 05:33:03,475 DEBUG   Epoch 66 - avg_train_loss: 0.0180  avg_val_loss: 1.7806 F1: 0.513404  Accuracy: 0.624451 Recall@3: 0.820055 time: 459s
2021-01-13 05:40:55,827 DEBUG   Epoch 67 - avg_train_loss: 0.0164  avg_val_loss: 1.7724 F1: 0.517053  Accuracy: 0.628297 Recall@3: 0.821154 time: 472s
2021-01-13 05:48:45,611 DEBUG   Epoch 68 - avg_train_loss: 0.0174  avg_val_loss: 1.7745 F1: 0.514883  Accuracy: 0.627473 Recall@3: 0.820604 time: 470s
2021-01-13 05:56:29,245 DEBUG   Epoch 69 - avg_train_loss: 0.0167  avg_val_loss: 1.7725 F1: 0.510990  Accuracy: 0.624176 Recall@3: 0.821978 time: 464s
2021-01-13 06:04:13,671 DEBUG   Epoch 70 - avg_train_loss: 0.0173  avg_val_loss: 1.7753 F1: 0.511600  Accuracy: 0.623626 Recall@3: 0.820879 time: 464s
2021-01-13 06:11:55,524 DEBUG   Epoch 71 - avg_train_loss: 0.0169  avg_val_loss: 1.7699 F1: 0.518213  Accuracy: 0.627198 Recall@3: 0.822527 time: 462s
2021-01-13 06:19:46,804 DEBUG   Epoch 72 - avg_train_loss: 0.0167  avg_val_loss: 1.7804 F1: 0.507275  Accuracy: 0.621154 Recall@3: 0.818681 time: 471s
2021-01-13 06:27:28,846 DEBUG   Epoch 73 - avg_train_loss: 0.0163  avg_val_loss: 1.7725 F1: 0.513631  Accuracy: 0.625275 Recall@3: 0.821154 time: 462s
2021-01-13 06:35:09,952 DEBUG   Epoch 74 - avg_train_loss: 0.0160  avg_val_loss: 1.7771 F1: 0.515214  Accuracy: 0.626099 Recall@3: 0.819505 time: 461s
2021-01-13 06:42:52,586 DEBUG   Epoch 75 - avg_train_loss: 0.0164  avg_val_loss: 1.7772 F1: 0.518696  Accuracy: 0.628571 Recall@3: 0.822802 time: 463s
2021-01-13 06:50:43,988 DEBUG   Epoch 76 - avg_train_loss: 0.0157  avg_val_loss: 1.7720 F1: 0.511202  Accuracy: 0.625275 Recall@3: 0.820330 time: 471s
2021-01-13 06:58:26,145 DEBUG   Epoch 77 - avg_train_loss: 0.0168  avg_val_loss: 1.7807 F1: 0.512490  Accuracy: 0.626923 Recall@3: 0.818956 time: 462s
2021-01-13 07:06:09,317 DEBUG   Epoch 78 - avg_train_loss: 0.0170  avg_val_loss: 1.7936 F1: 0.511359  Accuracy: 0.623077 Recall@3: 0.816209 time: 463s
2021-01-13 07:13:52,888 DEBUG   Epoch 79 - avg_train_loss: 0.0159  avg_val_loss: 1.7793 F1: 0.524037  Accuracy: 0.631593 Recall@3: 0.821703 time: 464s
2021-01-13 07:21:34,392 DEBUG   Epoch 80 - avg_train_loss: 0.0155  avg_val_loss: 1.7796 F1: 0.517754  Accuracy: 0.627198 Recall@3: 0.818681 time: 462s
2021-01-13 07:29:31,392 DEBUG   Epoch 81 - avg_train_loss: 0.0159  avg_val_loss: 1.7752 F1: 0.515478  Accuracy: 0.626374 Recall@3: 0.817033 time: 477s
2021-01-13 07:37:16,065 DEBUG   Epoch 82 - avg_train_loss: 0.0152  avg_val_loss: 1.7787 F1: 0.518701  Accuracy: 0.628297 Recall@3: 0.820879 time: 465s
2021-01-13 07:44:59,606 DEBUG   Epoch 83 - avg_train_loss: 0.0164  avg_val_loss: 1.7789 F1: 0.521324  Accuracy: 0.629945 Recall@3: 0.821154 time: 464s
2021-01-13 07:52:40,921 DEBUG   Epoch 84 - avg_train_loss: 0.0156  avg_val_loss: 1.7731 F1: 0.518594  Accuracy: 0.629396 Recall@3: 0.818956 time: 461s
2021-01-13 08:00:19,962 DEBUG   Epoch 85 - avg_train_loss: 0.0159  avg_val_loss: 1.7843 F1: 0.514493  Accuracy: 0.628846 Recall@3: 0.816209 time: 459s
2021-01-13 08:08:12,269 DEBUG   Epoch 86 - avg_train_loss: 0.0158  avg_val_loss: 1.7840 F1: 0.512327  Accuracy: 0.625275 Recall@3: 0.817857 time: 472s
2021-01-13 08:15:56,698 DEBUG   Epoch 87 - avg_train_loss: 0.0157  avg_val_loss: 1.7797 F1: 0.517207  Accuracy: 0.627198 Recall@3: 0.823077 time: 464s
2021-01-13 08:23:44,059 DEBUG   Epoch 88 - avg_train_loss: 0.0154  avg_val_loss: 1.7834 F1: 0.524613  Accuracy: 0.628846 Recall@3: 0.821978 time: 467s
2021-01-13 08:31:28,549 DEBUG   Epoch 89 - avg_train_loss: 0.0155  avg_val_loss: 1.7752 F1: 0.517357  Accuracy: 0.627473 Recall@3: 0.821429 time: 464s
2021-01-13 08:39:26,104 DEBUG   Epoch 90 - avg_train_loss: 0.0156  avg_val_loss: 1.7765 F1: 0.519279  Accuracy: 0.628846 Recall@3: 0.818956 time: 478s
2021-01-13 08:47:04,156 DEBUG   Epoch 91 - avg_train_loss: 0.0163  avg_val_loss: 1.7712 F1: 0.520970  Accuracy: 0.630769 Recall@3: 0.820330 time: 458s
2021-01-13 08:54:50,697 DEBUG   Epoch 92 - avg_train_loss: 0.0156  avg_val_loss: 1.7789 F1: 0.514917  Accuracy: 0.626374 Recall@3: 0.821978 time: 467s
2021-01-13 09:02:41,444 DEBUG   Epoch 93 - avg_train_loss: 0.0150  avg_val_loss: 1.7826 F1: 0.510611  Accuracy: 0.623352 Recall@3: 0.821703 time: 471s
2021-01-13 09:10:27,280 DEBUG   Epoch 94 - avg_train_loss: 0.0149  avg_val_loss: 1.7862 F1: 0.515845  Accuracy: 0.626648 Recall@3: 0.820604 time: 466s
2021-01-13 09:18:23,967 DEBUG   Epoch 95 - avg_train_loss: 0.0157  avg_val_loss: 1.7784 F1: 0.514014  Accuracy: 0.627198 Recall@3: 0.821978 time: 477s
2021-01-13 09:26:12,425 DEBUG   Epoch 96 - avg_train_loss: 0.0153  avg_val_loss: 1.7843 F1: 0.513509  Accuracy: 0.626099 Recall@3: 0.818681 time: 468s
2021-01-13 09:34:01,430 DEBUG   Epoch 97 - avg_train_loss: 0.0153  avg_val_loss: 1.7792 F1: 0.519105  Accuracy: 0.628846 Recall@3: 0.819780 time: 469s
2021-01-13 09:41:46,610 DEBUG   Epoch 98 - avg_train_loss: 0.0155  avg_val_loss: 1.7779 F1: 0.512342  Accuracy: 0.625275 Recall@3: 0.817582 time: 465s
2021-01-13 09:49:28,546 DEBUG   Epoch 99 - avg_train_loss: 0.0160  avg_val_loss: 1.7739 F1: 0.516160  Accuracy: 0.626648 Recall@3: 0.818681 time: 462s
2021-01-13 09:57:16,461 DEBUG   Epoch 100 - avg_train_loss: 0.0155  avg_val_loss: 1.7771 F1: 0.512976  Accuracy: 0.624451 Recall@3: 0.823077 time: 468s
2021-01-13 09:57:16,462 INFO [Train model] done in 60448 s.
