2021-01-11 21:48:08,506 INFO [Train model] start
2021-01-11 21:56:51,384 DEBUG   Epoch 1 - avg_train_loss: 0.8803  avg_val_loss: 2.3455 F1: 0.192956  Accuracy: 0.425000 Recall@3: 0.634066 time: 522s
2021-01-11 21:56:51,389 DEBUG   Epoch 1 - Save Best Accuracy: 0.425000 Model
2021-01-11 21:56:51,489 DEBUG   Epoch 1 - Save Best Loss: 2.3455 Model
2021-01-11 22:07:50,680 DEBUG   Epoch 2 - avg_train_loss: 0.5272  avg_val_loss: 1.8473 F1: 0.297631  Accuracy: 0.509890 Recall@3: 0.722802 time: 659s
2021-01-11 22:07:50,683 DEBUG   Epoch 2 - Save Best Accuracy: 0.509890 Model
2021-01-11 22:07:50,811 DEBUG   Epoch 2 - Save Best Loss: 1.8473 Model
2021-01-11 22:17:34,498 DEBUG   Epoch 3 - avg_train_loss: 0.4240  avg_val_loss: 1.5736 F1: 0.383300  Accuracy: 0.575000 Recall@3: 0.776923 time: 584s
2021-01-11 22:17:34,499 DEBUG   Epoch 3 - Save Best Accuracy: 0.575000 Model
2021-01-11 22:17:34,582 DEBUG   Epoch 3 - Save Best Loss: 1.5736 Model
2021-01-11 22:26:33,389 DEBUG   Epoch 4 - avg_train_loss: 0.3635  avg_val_loss: 1.5053 F1: 0.404677  Accuracy: 0.581593 Recall@3: 0.787088 time: 539s
2021-01-11 22:26:33,390 DEBUG   Epoch 4 - Save Best Accuracy: 0.581593 Model
2021-01-11 22:26:33,456 DEBUG   Epoch 4 - Save Best Loss: 1.5053 Model
2021-01-11 22:35:27,878 DEBUG   Epoch 5 - avg_train_loss: 0.3206  avg_val_loss: 1.4292 F1: 0.465742  Accuracy: 0.607418 Recall@3: 0.803297 time: 534s
2021-01-11 22:35:27,879 DEBUG   Epoch 5 - Save Best Accuracy: 0.607418 Model
2021-01-11 22:35:27,937 DEBUG   Epoch 5 - Save Best Loss: 1.4292 Model
2021-01-11 22:44:25,679 DEBUG   Epoch 6 - avg_train_loss: 0.2879  avg_val_loss: 1.3906 F1: 0.463420  Accuracy: 0.616758 Recall@3: 0.819231 time: 538s
2021-01-11 22:44:25,681 DEBUG   Epoch 6 - Save Best Accuracy: 0.616758 Model
2021-01-11 22:44:25,743 DEBUG   Epoch 6 - Save Best Loss: 1.3906 Model
2021-01-11 22:54:01,438 DEBUG   Epoch 7 - avg_train_loss: 0.2586  avg_val_loss: 1.3823 F1: 0.493947  Accuracy: 0.630220 Recall@3: 0.823901 time: 576s
2021-01-11 22:54:01,442 DEBUG   Epoch 7 - Save Best Accuracy: 0.630220 Model
2021-01-11 22:54:01,539 DEBUG   Epoch 7 - Save Best Loss: 1.3823 Model
2021-01-11 23:03:56,965 DEBUG   Epoch 8 - avg_train_loss: 0.2331  avg_val_loss: 1.3774 F1: 0.498671  Accuracy: 0.631319 Recall@3: 0.824176 time: 595s
2021-01-11 23:03:56,968 DEBUG   Epoch 8 - Save Best Accuracy: 0.631319 Model
2021-01-11 23:03:57,028 DEBUG   Epoch 8 - Save Best Loss: 1.3774 Model
2021-01-11 23:13:57,647 DEBUG   Epoch 9 - avg_train_loss: 0.2121  avg_val_loss: 1.3922 F1: 0.481694  Accuracy: 0.626648 Recall@3: 0.828022 time: 601s
2021-01-11 23:24:08,016 DEBUG   Epoch 10 - avg_train_loss: 0.1962  avg_val_loss: 1.3605 F1: 0.512230  Accuracy: 0.638187 Recall@3: 0.830220 time: 610s
2021-01-11 23:24:08,018 DEBUG   Epoch 10 - Save Best Accuracy: 0.638187 Model
2021-01-11 23:24:08,093 DEBUG   Epoch 10 - Save Best Loss: 1.3605 Model
2021-01-11 23:34:32,700 DEBUG   Epoch 11 - avg_train_loss: 0.1759  avg_val_loss: 1.4495 F1: 0.504075  Accuracy: 0.628846 Recall@3: 0.823626 time: 625s
2021-01-11 23:44:44,485 DEBUG   Epoch 12 - avg_train_loss: 0.1634  avg_val_loss: 1.4108 F1: 0.510453  Accuracy: 0.639286 Recall@3: 0.827198 time: 612s
2021-01-11 23:44:44,486 DEBUG   Epoch 12 - Save Best Accuracy: 0.639286 Model
2021-01-11 23:55:00,524 DEBUG   Epoch 13 - avg_train_loss: 0.1439  avg_val_loss: 1.3983 F1: 0.504237  Accuracy: 0.639835 Recall@3: 0.839560 time: 616s
2021-01-11 23:55:00,528 DEBUG   Epoch 13 - Save Best Accuracy: 0.639835 Model
2021-01-12 00:05:05,525 DEBUG   Epoch 14 - avg_train_loss: 0.1288  avg_val_loss: 1.4352 F1: 0.511440  Accuracy: 0.639835 Recall@3: 0.832418 time: 605s
2021-01-12 00:15:26,691 DEBUG   Epoch 15 - avg_train_loss: 0.1142  avg_val_loss: 1.3812 F1: 0.526742  Accuracy: 0.650549 Recall@3: 0.842582 time: 621s
2021-01-12 00:15:26,692 DEBUG   Epoch 15 - Save Best Accuracy: 0.650549 Model
2021-01-12 00:25:35,707 DEBUG   Epoch 16 - avg_train_loss: 0.1026  avg_val_loss: 1.4447 F1: 0.527241  Accuracy: 0.653571 Recall@3: 0.837088 time: 609s
2021-01-12 00:25:35,708 DEBUG   Epoch 16 - Save Best Accuracy: 0.653571 Model
2021-01-12 00:35:46,604 DEBUG   Epoch 17 - avg_train_loss: 0.0906  avg_val_loss: 1.4091 F1: 0.529843  Accuracy: 0.656319 Recall@3: 0.843681 time: 611s
2021-01-12 00:35:46,605 DEBUG   Epoch 17 - Save Best Accuracy: 0.656319 Model
2021-01-12 00:45:58,045 DEBUG   Epoch 18 - avg_train_loss: 0.0833  avg_val_loss: 1.4378 F1: 0.544991  Accuracy: 0.665659 Recall@3: 0.840110 time: 611s
2021-01-12 00:45:58,046 DEBUG   Epoch 18 - Save Best Accuracy: 0.665659 Model
2021-01-12 00:56:22,779 DEBUG   Epoch 19 - avg_train_loss: 0.0722  avg_val_loss: 1.4480 F1: 0.547524  Accuracy: 0.663187 Recall@3: 0.844505 time: 625s
2021-01-12 01:06:40,007 DEBUG   Epoch 20 - avg_train_loss: 0.0689  avg_val_loss: 1.4399 F1: 0.540188  Accuracy: 0.661538 Recall@3: 0.844780 time: 617s
2021-01-12 01:16:50,322 DEBUG   Epoch 21 - avg_train_loss: 0.0600  avg_val_loss: 1.4493 F1: 0.555128  Accuracy: 0.672527 Recall@3: 0.851099 time: 610s
2021-01-12 01:16:50,323 DEBUG   Epoch 21 - Save Best Accuracy: 0.672527 Model
2021-01-12 01:27:16,820 DEBUG   Epoch 22 - avg_train_loss: 0.0565  avg_val_loss: 1.4902 F1: 0.550900  Accuracy: 0.669231 Recall@3: 0.851923 time: 626s
2021-01-12 01:37:25,444 DEBUG   Epoch 23 - avg_train_loss: 0.0518  avg_val_loss: 1.4537 F1: 0.546870  Accuracy: 0.675275 Recall@3: 0.852198 time: 609s
2021-01-12 01:37:25,448 DEBUG   Epoch 23 - Save Best Accuracy: 0.675275 Model
2021-01-12 01:47:35,079 DEBUG   Epoch 24 - avg_train_loss: 0.0473  avg_val_loss: 1.4829 F1: 0.553536  Accuracy: 0.672527 Recall@3: 0.850275 time: 610s
2021-01-12 01:57:47,532 DEBUG   Epoch 25 - avg_train_loss: 0.0440  avg_val_loss: 1.4912 F1: 0.552926  Accuracy: 0.673352 Recall@3: 0.852473 time: 612s
2021-01-12 02:07:50,623 DEBUG   Epoch 26 - avg_train_loss: 0.0409  avg_val_loss: 1.5147 F1: 0.560301  Accuracy: 0.669231 Recall@3: 0.848901 time: 603s
2021-01-12 02:17:23,984 DEBUG   Epoch 27 - avg_train_loss: 0.0387  avg_val_loss: 1.5118 F1: 0.553426  Accuracy: 0.670604 Recall@3: 0.855220 time: 573s
2021-01-12 02:27:17,156 DEBUG   Epoch 28 - avg_train_loss: 0.0362  avg_val_loss: 1.5403 F1: 0.556955  Accuracy: 0.671978 Recall@3: 0.848352 time: 593s
2021-01-12 02:37:13,815 DEBUG   Epoch 29 - avg_train_loss: 0.0347  avg_val_loss: 1.5269 F1: 0.571208  Accuracy: 0.676923 Recall@3: 0.852473 time: 597s
2021-01-12 02:37:13,816 DEBUG   Epoch 29 - Save Best Accuracy: 0.676923 Model
2021-01-12 02:47:24,198 DEBUG   Epoch 30 - avg_train_loss: 0.0336  avg_val_loss: 1.5371 F1: 0.559127  Accuracy: 0.671703 Recall@3: 0.851648 time: 610s
2021-01-12 02:57:18,852 DEBUG   Epoch 31 - avg_train_loss: 0.0322  avg_val_loss: 1.5226 F1: 0.564077  Accuracy: 0.678297 Recall@3: 0.854121 time: 595s
2021-01-12 02:57:18,855 DEBUG   Epoch 31 - Save Best Accuracy: 0.678297 Model
2021-01-12 03:06:53,005 DEBUG   Epoch 32 - avg_train_loss: 0.0305  avg_val_loss: 1.5454 F1: 0.556690  Accuracy: 0.677473 Recall@3: 0.854121 time: 574s
2021-01-12 03:16:38,834 DEBUG   Epoch 33 - avg_train_loss: 0.0289  avg_val_loss: 1.5390 F1: 0.562287  Accuracy: 0.677473 Recall@3: 0.854121 time: 586s
2021-01-12 03:26:42,443 DEBUG   Epoch 34 - avg_train_loss: 0.0285  avg_val_loss: 1.5347 F1: 0.564187  Accuracy: 0.676374 Recall@3: 0.854121 time: 604s
2021-01-12 03:36:33,891 DEBUG   Epoch 35 - avg_train_loss: 0.0273  avg_val_loss: 1.5441 F1: 0.567340  Accuracy: 0.677198 Recall@3: 0.854670 time: 591s
2021-01-12 03:46:32,607 DEBUG   Epoch 36 - avg_train_loss: 0.0258  avg_val_loss: 1.5539 F1: 0.560131  Accuracy: 0.676648 Recall@3: 0.851648 time: 599s
2021-01-12 03:56:32,341 DEBUG   Epoch 37 - avg_train_loss: 0.0247  avg_val_loss: 1.5489 F1: 0.560750  Accuracy: 0.678571 Recall@3: 0.850549 time: 600s
2021-01-12 03:56:32,343 DEBUG   Epoch 37 - Save Best Accuracy: 0.678571 Model
2021-01-12 04:06:36,685 DEBUG   Epoch 38 - avg_train_loss: 0.0241  avg_val_loss: 1.5470 F1: 0.569669  Accuracy: 0.682143 Recall@3: 0.854670 time: 604s
2021-01-12 04:06:36,686 DEBUG   Epoch 38 - Save Best Accuracy: 0.682143 Model
2021-01-12 04:16:16,733 DEBUG   Epoch 39 - avg_train_loss: 0.0227  avg_val_loss: 1.5526 F1: 0.571281  Accuracy: 0.681044 Recall@3: 0.854396 time: 580s
2021-01-12 04:26:00,260 DEBUG   Epoch 40 - avg_train_loss: 0.0222  avg_val_loss: 1.5601 F1: 0.561399  Accuracy: 0.677198 Recall@3: 0.853571 time: 584s
2021-01-12 04:35:55,502 DEBUG   Epoch 41 - avg_train_loss: 0.0221  avg_val_loss: 1.5601 F1: 0.567414  Accuracy: 0.681868 Recall@3: 0.850824 time: 595s
2021-01-12 04:46:05,362 DEBUG   Epoch 42 - avg_train_loss: 0.0219  avg_val_loss: 1.5524 F1: 0.568506  Accuracy: 0.685989 Recall@3: 0.853846 time: 610s
2021-01-12 04:46:05,364 DEBUG   Epoch 42 - Save Best Accuracy: 0.685989 Model
2021-01-12 04:56:10,014 DEBUG   Epoch 43 - avg_train_loss: 0.0212  avg_val_loss: 1.5704 F1: 0.562674  Accuracy: 0.679121 Recall@3: 0.852473 time: 605s
2021-01-12 05:05:53,181 DEBUG   Epoch 44 - avg_train_loss: 0.0207  avg_val_loss: 1.5612 F1: 0.566603  Accuracy: 0.680220 Recall@3: 0.850275 time: 583s
2021-01-12 05:15:48,735 DEBUG   Epoch 45 - avg_train_loss: 0.0207  avg_val_loss: 1.5636 F1: 0.571171  Accuracy: 0.681593 Recall@3: 0.854396 time: 596s
2021-01-12 05:25:58,653 DEBUG   Epoch 46 - avg_train_loss: 0.0194  avg_val_loss: 1.5535 F1: 0.576223  Accuracy: 0.686264 Recall@3: 0.851923 time: 610s
2021-01-12 05:25:58,656 DEBUG   Epoch 46 - Save Best Accuracy: 0.686264 Model
2021-01-12 05:36:22,697 DEBUG   Epoch 47 - avg_train_loss: 0.0195  avg_val_loss: 1.5695 F1: 0.573479  Accuracy: 0.684890 Recall@3: 0.856044 time: 624s
2021-01-12 05:46:44,143 DEBUG   Epoch 48 - avg_train_loss: 0.0194  avg_val_loss: 1.5669 F1: 0.567790  Accuracy: 0.681593 Recall@3: 0.851648 time: 621s
2021-01-12 05:57:01,315 DEBUG   Epoch 49 - avg_train_loss: 0.0181  avg_val_loss: 1.5747 F1: 0.575129  Accuracy: 0.685440 Recall@3: 0.850824 time: 617s
2021-01-12 06:07:18,171 DEBUG   Epoch 50 - avg_train_loss: 0.0180  avg_val_loss: 1.5723 F1: 0.573823  Accuracy: 0.686538 Recall@3: 0.854945 time: 617s
2021-01-12 06:07:18,172 DEBUG   Epoch 50 - Save Best Accuracy: 0.686538 Model
2021-01-12 06:17:30,298 DEBUG   Epoch 51 - avg_train_loss: 0.0174  avg_val_loss: 1.5791 F1: 0.576562  Accuracy: 0.689560 Recall@3: 0.857143 time: 612s
2021-01-12 06:17:30,302 DEBUG   Epoch 51 - Save Best Accuracy: 0.689560 Model
2021-01-12 06:27:50,521 DEBUG   Epoch 52 - avg_train_loss: 0.0184  avg_val_loss: 1.5761 F1: 0.566085  Accuracy: 0.683791 Recall@3: 0.858242 time: 620s
2021-01-12 06:38:16,438 DEBUG   Epoch 53 - avg_train_loss: 0.0168  avg_val_loss: 1.5726 F1: 0.573702  Accuracy: 0.685165 Recall@3: 0.858242 time: 626s
2021-01-12 06:49:12,990 DEBUG   Epoch 54 - avg_train_loss: 0.0170  avg_val_loss: 1.5708 F1: 0.572785  Accuracy: 0.684615 Recall@3: 0.854945 time: 657s
2021-01-12 06:59:53,744 DEBUG   Epoch 55 - avg_train_loss: 0.0179  avg_val_loss: 1.5753 F1: 0.570845  Accuracy: 0.682143 Recall@3: 0.854396 time: 641s
2021-01-12 07:10:14,200 DEBUG   Epoch 56 - avg_train_loss: 0.0164  avg_val_loss: 1.5820 F1: 0.571374  Accuracy: 0.686264 Recall@3: 0.854396 time: 620s
2021-01-12 07:20:56,694 DEBUG   Epoch 57 - avg_train_loss: 0.0167  avg_val_loss: 1.5825 F1: 0.565911  Accuracy: 0.683516 Recall@3: 0.855495 time: 642s
2021-01-12 07:31:57,284 DEBUG   Epoch 58 - avg_train_loss: 0.0164  avg_val_loss: 1.5741 F1: 0.573522  Accuracy: 0.686538 Recall@3: 0.855495 time: 661s
2021-01-12 07:42:48,560 DEBUG   Epoch 59 - avg_train_loss: 0.0163  avg_val_loss: 1.5804 F1: 0.574841  Accuracy: 0.687088 Recall@3: 0.856044 time: 651s
2021-01-12 07:51:15,288 DEBUG   Epoch 60 - avg_train_loss: 0.0172  avg_val_loss: 1.5839 F1: 0.573777  Accuracy: 0.684341 Recall@3: 0.857418 time: 507s
2021-01-12 07:59:24,275 DEBUG   Epoch 61 - avg_train_loss: 0.0163  avg_val_loss: 1.5795 F1: 0.569740  Accuracy: 0.683242 Recall@3: 0.858791 time: 489s
2021-01-12 08:07:47,519 DEBUG   Epoch 62 - avg_train_loss: 0.0158  avg_val_loss: 1.5778 F1: 0.573206  Accuracy: 0.685440 Recall@3: 0.855220 time: 503s
2021-01-12 08:15:50,505 DEBUG   Epoch 63 - avg_train_loss: 0.0154  avg_val_loss: 1.5861 F1: 0.573190  Accuracy: 0.685165 Recall@3: 0.854396 time: 483s
2021-01-12 08:23:52,050 DEBUG   Epoch 64 - avg_train_loss: 0.0148  avg_val_loss: 1.5848 F1: 0.567232  Accuracy: 0.682692 Recall@3: 0.855220 time: 482s
2021-01-12 08:31:58,824 DEBUG   Epoch 65 - avg_train_loss: 0.0150  avg_val_loss: 1.5832 F1: 0.573999  Accuracy: 0.685440 Recall@3: 0.854945 time: 487s
2021-01-12 08:40:20,693 DEBUG   Epoch 66 - avg_train_loss: 0.0149  avg_val_loss: 1.5851 F1: 0.575269  Accuracy: 0.686538 Recall@3: 0.856319 time: 502s
2021-01-12 08:48:29,106 DEBUG   Epoch 67 - avg_train_loss: 0.0156  avg_val_loss: 1.5877 F1: 0.573005  Accuracy: 0.685165 Recall@3: 0.854670 time: 488s
2021-01-12 08:56:49,366 DEBUG   Epoch 68 - avg_train_loss: 0.0154  avg_val_loss: 1.5919 F1: 0.571878  Accuracy: 0.683516 Recall@3: 0.855495 time: 500s
2021-01-12 09:05:17,540 DEBUG   Epoch 69 - avg_train_loss: 0.0146  avg_val_loss: 1.5865 F1: 0.572093  Accuracy: 0.684615 Recall@3: 0.854121 time: 508s
2021-01-12 09:13:46,069 DEBUG   Epoch 70 - avg_train_loss: 0.0153  avg_val_loss: 1.5901 F1: 0.576704  Accuracy: 0.687088 Recall@3: 0.853846 time: 509s
2021-01-12 09:22:29,502 DEBUG   Epoch 71 - avg_train_loss: 0.0149  avg_val_loss: 1.5886 F1: 0.579356  Accuracy: 0.689560 Recall@3: 0.856319 time: 523s
2021-01-12 09:30:44,625 DEBUG   Epoch 72 - avg_train_loss: 0.0153  avg_val_loss: 1.5889 F1: 0.574169  Accuracy: 0.688736 Recall@3: 0.855769 time: 495s
2021-01-12 09:39:06,859 DEBUG   Epoch 73 - avg_train_loss: 0.0145  avg_val_loss: 1.5938 F1: 0.575295  Accuracy: 0.688736 Recall@3: 0.855769 time: 502s
2021-01-12 09:47:28,154 DEBUG   Epoch 74 - avg_train_loss: 0.0144  avg_val_loss: 1.5875 F1: 0.575818  Accuracy: 0.688736 Recall@3: 0.856593 time: 501s
2021-01-12 09:56:12,875 DEBUG   Epoch 75 - avg_train_loss: 0.0151  avg_val_loss: 1.5851 F1: 0.576711  Accuracy: 0.690934 Recall@3: 0.856319 time: 525s
2021-01-12 09:56:12,876 DEBUG   Epoch 75 - Save Best Accuracy: 0.690934 Model
2021-01-12 10:04:31,919 DEBUG   Epoch 76 - avg_train_loss: 0.0150  avg_val_loss: 1.5915 F1: 0.579460  Accuracy: 0.691209 Recall@3: 0.856593 time: 499s
2021-01-12 10:04:31,920 DEBUG   Epoch 76 - Save Best Accuracy: 0.691209 Model
2021-01-12 10:13:00,447 DEBUG   Epoch 77 - avg_train_loss: 0.0154  avg_val_loss: 1.5864 F1: 0.574744  Accuracy: 0.689011 Recall@3: 0.856868 time: 508s
2021-01-12 10:21:28,438 DEBUG   Epoch 78 - avg_train_loss: 0.0151  avg_val_loss: 1.5868 F1: 0.574331  Accuracy: 0.686538 Recall@3: 0.854945 time: 508s
2021-01-12 10:29:51,590 DEBUG   Epoch 79 - avg_train_loss: 0.0143  avg_val_loss: 1.5892 F1: 0.575502  Accuracy: 0.686813 Recall@3: 0.855769 time: 503s
2021-01-12 10:38:35,729 DEBUG   Epoch 80 - avg_train_loss: 0.0143  avg_val_loss: 1.5891 F1: 0.573483  Accuracy: 0.688187 Recall@3: 0.855769 time: 524s
2021-01-12 10:47:02,399 DEBUG   Epoch 81 - avg_train_loss: 0.0145  avg_val_loss: 1.5835 F1: 0.576138  Accuracy: 0.688736 Recall@3: 0.856319 time: 507s
2021-01-12 10:55:34,839 DEBUG   Epoch 82 - avg_train_loss: 0.0150  avg_val_loss: 1.5839 F1: 0.574740  Accuracy: 0.686813 Recall@3: 0.853297 time: 512s
2021-01-12 11:04:03,856 DEBUG   Epoch 83 - avg_train_loss: 0.0144  avg_val_loss: 1.5850 F1: 0.574568  Accuracy: 0.686813 Recall@3: 0.857967 time: 509s
2021-01-12 11:12:48,670 DEBUG   Epoch 84 - avg_train_loss: 0.0148  avg_val_loss: 1.5897 F1: 0.575123  Accuracy: 0.688462 Recall@3: 0.857143 time: 525s
2021-01-12 11:21:19,591 DEBUG   Epoch 85 - avg_train_loss: 0.0152  avg_val_loss: 1.5905 F1: 0.577610  Accuracy: 0.690110 Recall@3: 0.856593 time: 511s
2021-01-12 11:29:52,660 DEBUG   Epoch 86 - avg_train_loss: 0.0140  avg_val_loss: 1.5901 F1: 0.579737  Accuracy: 0.690659 Recall@3: 0.856044 time: 513s
2021-01-12 11:38:19,577 DEBUG   Epoch 87 - avg_train_loss: 0.0145  avg_val_loss: 1.5900 F1: 0.574466  Accuracy: 0.687637 Recall@3: 0.855769 time: 507s
2021-01-12 11:46:52,847 DEBUG   Epoch 88 - avg_train_loss: 0.0156  avg_val_loss: 1.5883 F1: 0.573160  Accuracy: 0.687088 Recall@3: 0.855769 time: 513s
2021-01-12 11:55:44,555 DEBUG   Epoch 89 - avg_train_loss: 0.0137  avg_val_loss: 1.5943 F1: 0.575940  Accuracy: 0.688462 Recall@3: 0.856319 time: 532s
2021-01-12 12:04:21,489 DEBUG   Epoch 90 - avg_train_loss: 0.0147  avg_val_loss: 1.5905 F1: 0.572852  Accuracy: 0.685714 Recall@3: 0.857143 time: 517s
2021-01-12 12:13:10,472 DEBUG   Epoch 91 - avg_train_loss: 0.0142  avg_val_loss: 1.5876 F1: 0.578534  Accuracy: 0.689560 Recall@3: 0.855495 time: 529s
2021-01-12 12:21:46,466 DEBUG   Epoch 92 - avg_train_loss: 0.0139  avg_val_loss: 1.5892 F1: 0.574929  Accuracy: 0.687088 Recall@3: 0.856593 time: 516s
2021-01-12 12:30:45,044 DEBUG   Epoch 93 - avg_train_loss: 0.0141  avg_val_loss: 1.5941 F1: 0.578751  Accuracy: 0.688736 Recall@3: 0.855769 time: 539s
2021-01-12 12:39:18,965 DEBUG   Epoch 94 - avg_train_loss: 0.0138  avg_val_loss: 1.5924 F1: 0.575410  Accuracy: 0.686813 Recall@3: 0.855495 time: 514s
2021-01-12 12:47:52,479 DEBUG   Epoch 95 - avg_train_loss: 0.0138  avg_val_loss: 1.5930 F1: 0.576694  Accuracy: 0.688187 Recall@3: 0.856044 time: 514s
2021-01-12 12:56:31,475 DEBUG   Epoch 96 - avg_train_loss: 0.0143  avg_val_loss: 1.5933 F1: 0.576031  Accuracy: 0.688187 Recall@3: 0.857418 time: 519s
2021-01-12 13:05:30,012 DEBUG   Epoch 97 - avg_train_loss: 0.0143  avg_val_loss: 1.5913 F1: 0.579661  Accuracy: 0.690110 Recall@3: 0.856044 time: 539s
2021-01-12 13:14:21,155 DEBUG   Epoch 98 - avg_train_loss: 0.0140  avg_val_loss: 1.5907 F1: 0.576147  Accuracy: 0.689011 Recall@3: 0.856868 time: 531s
2021-01-12 13:23:00,299 DEBUG   Epoch 99 - avg_train_loss: 0.0138  avg_val_loss: 1.5877 F1: 0.577814  Accuracy: 0.690385 Recall@3: 0.856868 time: 519s
2021-01-12 13:31:42,107 DEBUG   Epoch 100 - avg_train_loss: 0.0151  avg_val_loss: 1.5930 F1: 0.575955  Accuracy: 0.687912 Recall@3: 0.856044 time: 522s
2021-01-12 13:31:42,108 INFO [Train model] done in 56614 s.