2021-02-01 12:13:11,596 INFO [Train model] start
2021-02-03 12:32:34,544 DEBUG   Epoch 1 - avg_train_loss: 0.1645  avg_val_loss: 1.8287 F1: 0.332672  Accuracy: 0.524451 Recall@3: 0.736538 time: 1291s
2021-02-03 12:32:34,545 DEBUG   Epoch 1 - Save Best Accuracy: 0.524451 Model
2021-02-03 12:32:35,065 DEBUG   Epoch 1 - Save Best Loss: 1.8287 Model
2021-02-03 12:54:09,178 DEBUG   Epoch 2 - avg_train_loss: 0.0971  avg_val_loss: 1.4940 F1: 0.449263  Accuracy: 0.594505 Recall@3: 0.791484 time: 1294s
2021-02-03 12:54:09,179 DEBUG   Epoch 2 - Save Best Accuracy: 0.594505 Model
2021-02-03 12:54:09,638 DEBUG   Epoch 2 - Save Best Loss: 1.4940 Model
2021-02-03 13:15:37,643 DEBUG   Epoch 3 - avg_train_loss: 0.0740  avg_val_loss: 1.4028 F1: 0.490185  Accuracy: 0.618132 Recall@3: 0.814835 time: 1288s
2021-02-03 13:15:37,644 DEBUG   Epoch 3 - Save Best Accuracy: 0.618132 Model
2021-02-03 13:15:38,181 DEBUG   Epoch 3 - Save Best Loss: 1.4028 Model
2021-02-03 13:37:11,197 DEBUG   Epoch 4 - avg_train_loss: 0.0625  avg_val_loss: 1.3612 F1: 0.511119  Accuracy: 0.644505 Recall@3: 0.833516 time: 1290s
2021-02-03 13:37:11,199 DEBUG   Epoch 4 - Save Best Accuracy: 0.644505 Model
2021-02-03 13:37:11,933 DEBUG   Epoch 4 - Save Best Loss: 1.3612 Model
2021-02-03 13:58:40,158 DEBUG   Epoch 5 - avg_train_loss: 0.0501  avg_val_loss: 1.3215 F1: 0.536771  Accuracy: 0.649176 Recall@3: 0.840659 time: 1288s
2021-02-03 13:58:40,159 DEBUG   Epoch 5 - Save Best Accuracy: 0.649176 Model
2021-02-03 13:58:40,569 DEBUG   Epoch 5 - Save Best Loss: 1.3215 Model
2021-02-03 14:20:12,981 DEBUG   Epoch 6 - avg_train_loss: 0.0413  avg_val_loss: 1.4320 F1: 0.518798  Accuracy: 0.638736 Recall@3: 0.831319 time: 1292s
2021-02-03 14:41:42,169 DEBUG   Epoch 7 - avg_train_loss: 0.0333  avg_val_loss: 1.3915 F1: 0.556563  Accuracy: 0.663187 Recall@3: 0.838736 time: 1289s
2021-02-03 14:41:42,170 DEBUG   Epoch 7 - Save Best Accuracy: 0.663187 Model
2021-02-03 15:03:11,691 DEBUG   Epoch 8 - avg_train_loss: 0.0250  avg_val_loss: 1.3701 F1: 0.569121  Accuracy: 0.671978 Recall@3: 0.850275 time: 1289s
2021-02-03 15:03:11,692 DEBUG   Epoch 8 - Save Best Accuracy: 0.671978 Model
2021-02-03 15:24:40,477 DEBUG   Epoch 9 - avg_train_loss: 0.0192  avg_val_loss: 1.4520 F1: 0.553194  Accuracy: 0.666758 Recall@3: 0.843132 time: 1288s
2021-02-03 15:46:10,299 DEBUG   Epoch 10 - avg_train_loss: 0.0142  avg_val_loss: 1.4626 F1: 0.559412  Accuracy: 0.671154 Recall@3: 0.849176 time: 1290s
2021-02-03 16:07:39,632 DEBUG   Epoch 11 - avg_train_loss: 0.0111  avg_val_loss: 1.4760 F1: 0.573228  Accuracy: 0.677473 Recall@3: 0.853846 time: 1289s
2021-02-03 16:07:39,633 DEBUG   Epoch 11 - Save Best Accuracy: 0.677473 Model
2021-02-03 16:29:11,882 DEBUG   Epoch 12 - avg_train_loss: 0.0085  avg_val_loss: 1.5215 F1: 0.575887  Accuracy: 0.685989 Recall@3: 0.860440 time: 1292s
2021-02-03 16:29:11,883 DEBUG   Epoch 12 - Save Best Accuracy: 0.685989 Model
2021-02-03 16:50:47,020 DEBUG   Epoch 13 - avg_train_loss: 0.0064  avg_val_loss: 1.5450 F1: 0.586454  Accuracy: 0.688187 Recall@3: 0.855220 time: 1295s
2021-02-03 16:50:47,021 DEBUG   Epoch 13 - Save Best Accuracy: 0.688187 Model
2021-02-03 17:12:18,260 DEBUG   Epoch 14 - avg_train_loss: 0.0054  avg_val_loss: 1.5613 F1: 0.600754  Accuracy: 0.693681 Recall@3: 0.858242 time: 1291s
2021-02-03 17:12:18,261 DEBUG   Epoch 14 - Save Best Accuracy: 0.693681 Model
2021-02-03 17:33:55,229 DEBUG   Epoch 15 - avg_train_loss: 0.0041  avg_val_loss: 1.5975 F1: 0.598517  Accuracy: 0.692033 Recall@3: 0.853571 time: 1297s
2021-02-03 17:55:34,931 DEBUG   Epoch 16 - avg_train_loss: 0.0034  avg_val_loss: 1.5539 F1: 0.610849  Accuracy: 0.706044 Recall@3: 0.861538 time: 1300s
2021-02-03 17:55:34,934 DEBUG   Epoch 16 - Save Best Accuracy: 0.706044 Model
2021-02-03 18:17:15,378 DEBUG   Epoch 17 - avg_train_loss: 0.0027  avg_val_loss: 1.5764 F1: 0.600060  Accuracy: 0.693956 Recall@3: 0.859341 time: 1300s
2021-02-03 18:38:56,685 DEBUG   Epoch 18 - avg_train_loss: 0.0024  avg_val_loss: 1.6040 F1: 0.618119  Accuracy: 0.705495 Recall@3: 0.857692 time: 1301s
2021-02-03 19:00:37,747 DEBUG   Epoch 19 - avg_train_loss: 0.0023  avg_val_loss: 1.6081 F1: 0.610046  Accuracy: 0.697253 Recall@3: 0.862088 time: 1301s
2021-02-03 19:22:17,544 DEBUG   Epoch 20 - avg_train_loss: 0.0018  avg_val_loss: 1.6299 F1: 0.618307  Accuracy: 0.702473 Recall@3: 0.860165 time: 1300s
2021-02-03 19:43:57,940 DEBUG   Epoch 21 - avg_train_loss: 0.0017  avg_val_loss: 1.6398 F1: 0.599355  Accuracy: 0.702747 Recall@3: 0.859890 time: 1300s
2021-02-03 20:05:39,747 DEBUG   Epoch 22 - avg_train_loss: 0.0012  avg_val_loss: 1.6568 F1: 0.615557  Accuracy: 0.709615 Recall@3: 0.861264 time: 1302s
2021-02-03 20:05:39,749 DEBUG   Epoch 22 - Save Best Accuracy: 0.709615 Model
2021-02-03 20:27:22,123 DEBUG   Epoch 23 - avg_train_loss: 0.0012  avg_val_loss: 1.6320 F1: 0.606652  Accuracy: 0.703297 Recall@3: 0.860989 time: 1302s
2021-02-03 20:49:04,289 DEBUG   Epoch 24 - avg_train_loss: 0.0013  avg_val_loss: 1.6494 F1: 0.615777  Accuracy: 0.707692 Recall@3: 0.866758 time: 1302s
2021-02-03 21:10:46,153 DEBUG   Epoch 25 - avg_train_loss: 0.0009  avg_val_loss: 1.6747 F1: 0.614366  Accuracy: 0.705495 Recall@3: 0.859341 time: 1302s
2021-02-03 21:32:29,104 DEBUG   Epoch 26 - avg_train_loss: 0.0009  avg_val_loss: 1.6586 F1: 0.618555  Accuracy: 0.712637 Recall@3: 0.862363 time: 1303s
2021-02-03 21:32:29,106 DEBUG   Epoch 26 - Save Best Accuracy: 0.712637 Model
2021-02-03 21:54:11,373 DEBUG   Epoch 27 - avg_train_loss: 0.0009  avg_val_loss: 1.6491 F1: 0.618369  Accuracy: 0.710989 Recall@3: 0.862637 time: 1302s
2021-02-03 22:16:00,345 DEBUG   Epoch 28 - avg_train_loss: 0.0007  avg_val_loss: 1.6059 F1: 0.628701  Accuracy: 0.716484 Recall@3: 0.861813 time: 1309s
2021-02-03 22:16:00,346 DEBUG   Epoch 28 - Save Best Accuracy: 0.716484 Model
2021-02-03 22:37:42,647 DEBUG   Epoch 29 - avg_train_loss: 0.0008  avg_val_loss: 1.6525 F1: 0.629115  Accuracy: 0.718681 Recall@3: 0.865110 time: 1302s
2021-02-03 22:37:42,648 DEBUG   Epoch 29 - Save Best Accuracy: 0.718681 Model
2021-02-03 22:59:25,514 DEBUG   Epoch 30 - avg_train_loss: 0.0007  avg_val_loss: 1.6526 F1: 0.620575  Accuracy: 0.710165 Recall@3: 0.864560 time: 1302s
2021-02-03 23:21:07,295 DEBUG   Epoch 31 - avg_train_loss: 0.0006  avg_val_loss: 1.6555 F1: 0.627423  Accuracy: 0.715659 Recall@3: 0.863462 time: 1302s
2021-02-03 23:42:50,562 DEBUG   Epoch 32 - avg_train_loss: 0.0008  avg_val_loss: 1.6666 F1: 0.628942  Accuracy: 0.718681 Recall@3: 0.866209 time: 1303s
2021-02-04 00:04:33,831 DEBUG   Epoch 33 - avg_train_loss: 0.0007  avg_val_loss: 1.6609 F1: 0.616332  Accuracy: 0.711813 Recall@3: 0.866209 time: 1303s
2021-02-04 00:26:15,996 DEBUG   Epoch 34 - avg_train_loss: 0.0005  avg_val_loss: 1.6656 F1: 0.622951  Accuracy: 0.713187 Recall@3: 0.867308 time: 1302s
2021-02-04 00:47:56,490 DEBUG   Epoch 35 - avg_train_loss: 0.0006  avg_val_loss: 1.6775 F1: 0.625147  Accuracy: 0.716484 Recall@3: 0.864835 time: 1300s
2021-02-04 01:09:38,530 DEBUG   Epoch 36 - avg_train_loss: 0.0005  avg_val_loss: 1.7416 F1: 0.612010  Accuracy: 0.708516 Recall@3: 0.865934 time: 1302s
2021-02-04 01:31:19,675 DEBUG   Epoch 37 - avg_train_loss: 0.0006  avg_val_loss: 1.6853 F1: 0.624989  Accuracy: 0.718407 Recall@3: 0.867033 time: 1301s
2021-02-04 01:53:01,489 DEBUG   Epoch 38 - avg_train_loss: 0.0004  avg_val_loss: 1.6810 F1: 0.626769  Accuracy: 0.718407 Recall@3: 0.863462 time: 1302s
2021-02-04 02:14:44,271 DEBUG   Epoch 39 - avg_train_loss: 0.0006  avg_val_loss: 1.6892 F1: 0.629272  Accuracy: 0.719505 Recall@3: 0.864560 time: 1303s
2021-02-04 02:14:44,272 DEBUG   Epoch 39 - Save Best Accuracy: 0.719505 Model
2021-02-04 02:36:25,618 DEBUG   Epoch 40 - avg_train_loss: 0.0004  avg_val_loss: 1.6962 F1: 0.622651  Accuracy: 0.714835 Recall@3: 0.865110 time: 1301s
2021-02-04 02:58:08,111 DEBUG   Epoch 41 - avg_train_loss: 0.0005  avg_val_loss: 1.6990 F1: 0.623783  Accuracy: 0.714560 Recall@3: 0.866209 time: 1302s
2021-02-04 03:19:50,955 DEBUG   Epoch 42 - avg_train_loss: 0.0005  avg_val_loss: 1.7231 F1: 0.622540  Accuracy: 0.715385 Recall@3: 0.865934 time: 1303s
2021-02-04 03:41:32,535 DEBUG   Epoch 43 - avg_train_loss: 0.0004  avg_val_loss: 1.6957 F1: 0.619219  Accuracy: 0.713736 Recall@3: 0.863462 time: 1302s
2021-02-04 04:03:21,675 DEBUG   Epoch 44 - avg_train_loss: 0.0005  avg_val_loss: 1.6982 F1: 0.617497  Accuracy: 0.711538 Recall@3: 0.865934 time: 1309s
2021-02-04 04:25:05,172 DEBUG   Epoch 45 - avg_train_loss: 0.0005  avg_val_loss: 1.7336 F1: 0.623504  Accuracy: 0.717582 Recall@3: 0.862637 time: 1303s
2021-02-04 04:46:47,475 DEBUG   Epoch 46 - avg_train_loss: 0.0004  avg_val_loss: 1.6741 F1: 0.619318  Accuracy: 0.714011 Recall@3: 0.868956 time: 1302s
2021-02-04 05:08:29,453 DEBUG   Epoch 47 - avg_train_loss: 0.0004  avg_val_loss: 1.6697 F1: 0.634581  Accuracy: 0.723901 Recall@3: 0.865659 time: 1302s
2021-02-04 05:08:29,454 DEBUG   Epoch 47 - Save Best Accuracy: 0.723901 Model
2021-02-04 05:30:12,740 DEBUG   Epoch 48 - avg_train_loss: 0.0004  avg_val_loss: 1.6996 F1: 0.621657  Accuracy: 0.717857 Recall@3: 0.867582 time: 1303s
2021-02-04 05:51:56,223 DEBUG   Epoch 49 - avg_train_loss: 0.0004  avg_val_loss: 1.7104 F1: 0.622274  Accuracy: 0.717033 Recall@3: 0.866209 time: 1303s
2021-02-04 06:13:33,507 DEBUG   Epoch 50 - avg_train_loss: 0.0003  avg_val_loss: 1.7260 F1: 0.618315  Accuracy: 0.716484 Recall@3: 0.863187 time: 1297s
2021-02-04 06:35:06,802 DEBUG   Epoch 51 - avg_train_loss: 0.0004  avg_val_loss: 1.7303 F1: 0.621926  Accuracy: 0.712088 Recall@3: 0.865934 time: 1293s
2021-02-04 06:56:40,507 DEBUG   Epoch 52 - avg_train_loss: 0.0004  avg_val_loss: 1.7283 F1: 0.614572  Accuracy: 0.712637 Recall@3: 0.861538 time: 1294s
2021-02-04 07:18:13,726 DEBUG   Epoch 53 - avg_train_loss: 0.0004  avg_val_loss: 1.7174 F1: 0.618544  Accuracy: 0.716484 Recall@3: 0.861538 time: 1293s
2021-02-04 07:39:46,192 DEBUG   Epoch 54 - avg_train_loss: 0.0004  avg_val_loss: 1.7027 F1: 0.611429  Accuracy: 0.708242 Recall@3: 0.871429 time: 1292s
2021-02-04 08:01:12,557 DEBUG   Epoch 55 - avg_train_loss: 0.0003  avg_val_loss: 1.7094 F1: 0.620544  Accuracy: 0.715385 Recall@3: 0.867582 time: 1286s
2021-02-04 08:22:39,299 DEBUG   Epoch 56 - avg_train_loss: 0.0003  avg_val_loss: 1.7114 F1: 0.616055  Accuracy: 0.712088 Recall@3: 0.867308 time: 1287s
2021-02-04 08:44:11,131 DEBUG   Epoch 57 - avg_train_loss: 0.0004  avg_val_loss: 1.6986 F1: 0.619252  Accuracy: 0.717582 Recall@3: 0.863736 time: 1292s
2021-02-04 09:05:43,383 DEBUG   Epoch 58 - avg_train_loss: 0.0003  avg_val_loss: 1.7205 F1: 0.619047  Accuracy: 0.712912 Recall@3: 0.868407 time: 1292s
2021-02-04 09:27:15,418 DEBUG   Epoch 59 - avg_train_loss: 0.0004  avg_val_loss: 1.7069 F1: 0.618939  Accuracy: 0.714835 Recall@3: 0.868956 time: 1292s
2021-02-04 09:48:47,728 DEBUG   Epoch 60 - avg_train_loss: 0.0003  avg_val_loss: 1.6753 F1: 0.623450  Accuracy: 0.714835 Recall@3: 0.868132 time: 1292s
2021-02-04 10:10:12,597 DEBUG   Epoch 61 - avg_train_loss: 0.0003  avg_val_loss: 1.7093 F1: 0.610212  Accuracy: 0.710714 Recall@3: 0.868132 time: 1285s
2021-02-04 10:31:36,432 DEBUG   Epoch 62 - avg_train_loss: 0.0003  avg_val_loss: 1.7163 F1: 0.626928  Accuracy: 0.718681 Recall@3: 0.868407 time: 1284s
2021-02-04 10:53:00,926 DEBUG   Epoch 63 - avg_train_loss: 0.0003  avg_val_loss: 1.7024 F1: 0.620845  Accuracy: 0.716209 Recall@3: 0.867857 time: 1284s
2021-02-04 11:14:24,463 DEBUG   Epoch 64 - avg_train_loss: 0.0003  avg_val_loss: 1.7556 F1: 0.620584  Accuracy: 0.715110 Recall@3: 0.865385 time: 1284s
2021-02-04 11:35:46,488 DEBUG   Epoch 65 - avg_train_loss: 0.0004  avg_val_loss: 1.6877 F1: 0.621323  Accuracy: 0.714011 Recall@3: 0.865385 time: 1282s
2021-02-04 11:57:10,442 DEBUG   Epoch 66 - avg_train_loss: 0.0003  avg_val_loss: 1.7256 F1: 0.613367  Accuracy: 0.710714 Recall@3: 0.868132 time: 1284s
2021-02-04 12:18:34,979 DEBUG   Epoch 67 - avg_train_loss: 0.0003  avg_val_loss: 1.7119 F1: 0.617033  Accuracy: 0.714286 Recall@3: 0.865110 time: 1285s
2021-02-04 12:39:59,927 DEBUG   Epoch 68 - avg_train_loss: 0.0004  avg_val_loss: 1.6995 F1: 0.619087  Accuracy: 0.716484 Recall@3: 0.867857 time: 1285s
2021-02-04 13:01:21,594 DEBUG   Epoch 69 - avg_train_loss: 0.0003  avg_val_loss: 1.7456 F1: 0.621535  Accuracy: 0.715385 Recall@3: 0.865110 time: 1282s
2021-02-04 13:22:45,163 DEBUG   Epoch 70 - avg_train_loss: 0.0004  avg_val_loss: 1.6769 F1: 0.616685  Accuracy: 0.714011 Recall@3: 0.869231 time: 1284s
2021-02-04 13:44:10,001 DEBUG   Epoch 71 - avg_train_loss: 0.0004  avg_val_loss: 1.6969 F1: 0.627144  Accuracy: 0.717582 Recall@3: 0.865934 time: 1285s
2021-02-04 14:05:32,095 DEBUG   Epoch 72 - avg_train_loss: 0.0002  avg_val_loss: 1.7172 F1: 0.619186  Accuracy: 0.716209 Recall@3: 0.866484 time: 1282s
2021-02-04 14:26:53,495 DEBUG   Epoch 73 - avg_train_loss: 0.0003  avg_val_loss: 1.7283 F1: 0.615984  Accuracy: 0.712088 Recall@3: 0.870330 time: 1281s
2021-02-04 14:48:15,193 DEBUG   Epoch 74 - avg_train_loss: 0.0002  avg_val_loss: 1.7370 F1: 0.616236  Accuracy: 0.712637 Recall@3: 0.870330 time: 1282s
2021-02-04 15:09:34,849 DEBUG   Epoch 75 - avg_train_loss: 0.0003  avg_val_loss: 1.7565 F1: 0.622095  Accuracy: 0.715659 Recall@3: 0.865659 time: 1280s
2021-02-04 15:30:50,075 DEBUG   Epoch 76 - avg_train_loss: 0.0003  avg_val_loss: 1.7064 F1: 0.619566  Accuracy: 0.714011 Recall@3: 0.867308 time: 1275s
2021-02-04 15:52:06,269 DEBUG   Epoch 77 - avg_train_loss: 0.0003  avg_val_loss: 1.7075 F1: 0.614545  Accuracy: 0.712363 Recall@3: 0.866758 time: 1276s
2021-02-04 16:13:21,705 DEBUG   Epoch 78 - avg_train_loss: 0.0003  avg_val_loss: 1.7400 F1: 0.623385  Accuracy: 0.713462 Recall@3: 0.867308 time: 1275s
2021-02-04 16:34:37,821 DEBUG   Epoch 79 - avg_train_loss: 0.0003  avg_val_loss: 1.7199 F1: 0.629145  Accuracy: 0.720055 Recall@3: 0.870330 time: 1276s
2021-02-04 16:55:52,048 DEBUG   Epoch 80 - avg_train_loss: 0.0003  avg_val_loss: 1.7299 F1: 0.614808  Accuracy: 0.710165 Recall@3: 0.865110 time: 1274s
2021-02-04 17:17:10,246 DEBUG   Epoch 81 - avg_train_loss: 0.0004  avg_val_loss: 1.7025 F1: 0.615624  Accuracy: 0.711813 Recall@3: 0.869231 time: 1278s
2021-02-04 17:38:31,759 DEBUG   Epoch 82 - avg_train_loss: 0.0002  avg_val_loss: 1.7436 F1: 0.615857  Accuracy: 0.709615 Recall@3: 0.868132 time: 1282s
2021-02-04 17:59:54,780 DEBUG   Epoch 83 - avg_train_loss: 0.0003  avg_val_loss: 1.7438 F1: 0.625595  Accuracy: 0.718956 Recall@3: 0.867033 time: 1283s
2021-02-04 18:21:21,223 DEBUG   Epoch 84 - avg_train_loss: 0.0003  avg_val_loss: 1.7287 F1: 0.625022  Accuracy: 0.719780 Recall@3: 0.867857 time: 1286s
2021-02-04 18:42:47,927 DEBUG   Epoch 85 - avg_train_loss: 0.0004  avg_val_loss: 1.7228 F1: 0.619191  Accuracy: 0.714011 Recall@3: 0.865110 time: 1287s
2021-02-04 19:04:14,717 DEBUG   Epoch 86 - avg_train_loss: 0.0003  avg_val_loss: 1.7215 F1: 0.608822  Accuracy: 0.710440 Recall@3: 0.867308 time: 1287s
2021-02-04 19:25:41,689 DEBUG   Epoch 87 - avg_train_loss: 0.0003  avg_val_loss: 1.7413 F1: 0.618757  Accuracy: 0.712088 Recall@3: 0.865934 time: 1287s
2021-02-04 19:47:09,241 DEBUG   Epoch 88 - avg_train_loss: 0.0003  avg_val_loss: 1.7192 F1: 0.626576  Accuracy: 0.717308 Recall@3: 0.868132 time: 1288s
2021-02-04 20:08:36,931 DEBUG   Epoch 89 - avg_train_loss: 0.0003  avg_val_loss: 1.7281 F1: 0.619731  Accuracy: 0.715659 Recall@3: 0.867308 time: 1288s
2021-02-04 20:30:04,866 DEBUG   Epoch 90 - avg_train_loss: 0.0003  avg_val_loss: 1.7417 F1: 0.619527  Accuracy: 0.714560 Recall@3: 0.865934 time: 1288s
2021-02-04 20:51:32,819 DEBUG   Epoch 91 - avg_train_loss: 0.0002  avg_val_loss: 1.7246 F1: 0.616947  Accuracy: 0.711264 Recall@3: 0.869505 time: 1288s
2021-02-04 21:13:01,192 DEBUG   Epoch 92 - avg_train_loss: 0.0003  avg_val_loss: 1.7163 F1: 0.626836  Accuracy: 0.716758 Recall@3: 0.865110 time: 1288s
2021-02-04 21:34:29,111 DEBUG   Epoch 93 - avg_train_loss: 0.0003  avg_val_loss: 1.7565 F1: 0.619122  Accuracy: 0.713736 Recall@3: 0.865385 time: 1288s
2021-02-04 21:55:57,972 DEBUG   Epoch 94 - avg_train_loss: 0.0003  avg_val_loss: 1.7613 F1: 0.619011  Accuracy: 0.712912 Recall@3: 0.865934 time: 1289s
2021-02-04 22:17:25,804 DEBUG   Epoch 95 - avg_train_loss: 0.0003  avg_val_loss: 1.7016 F1: 0.626247  Accuracy: 0.718407 Recall@3: 0.867033 time: 1288s
2021-02-04 22:38:54,370 DEBUG   Epoch 96 - avg_train_loss: 0.0003  avg_val_loss: 1.7653 F1: 0.619196  Accuracy: 0.714011 Recall@3: 0.865110 time: 1289s
2021-02-04 23:00:22,555 DEBUG   Epoch 97 - avg_train_loss: 0.0002  avg_val_loss: 1.7028 F1: 0.618786  Accuracy: 0.714560 Recall@3: 0.868407 time: 1288s
2021-02-04 23:21:51,163 DEBUG   Epoch 98 - avg_train_loss: 0.0002  avg_val_loss: 1.7068 F1: 0.622559  Accuracy: 0.716758 Recall@3: 0.868681 time: 1289s
2021-02-04 23:43:19,545 DEBUG   Epoch 99 - avg_train_loss: 0.0002  avg_val_loss: 1.7318 F1: 0.622546  Accuracy: 0.716209 Recall@3: 0.864560 time: 1288s
2021-02-05 00:04:47,543 DEBUG   Epoch 100 - avg_train_loss: 0.0003  avg_val_loss: 1.7006 F1: 0.622541  Accuracy: 0.717582 Recall@3: 0.866758 time: 1288s
2021-02-05 00:04:47,544 INFO [Train model] done in 129225 s.
