2021-01-11 22:42:05,548 INFO [Train model] start
2021-01-11 22:54:44,719 DEBUG   Epoch 1 - avg_train_loss: 0.8351  avg_val_loss: 2.2516 F1: 0.190438  Accuracy: 0.426374 Recall@3: 0.634890 time: 756s
2021-01-11 22:54:44,719 DEBUG   Epoch 1 - Save Best Accuracy: 0.426374 Model
2021-01-11 22:54:45,701 DEBUG   Epoch 1 - Save Best Loss: 2.2516 Model
2021-01-11 23:07:23,404 DEBUG   Epoch 2 - avg_train_loss: 0.5195  avg_val_loss: 1.8177 F1: 0.296783  Accuracy: 0.510989 Recall@3: 0.733516 time: 757s
2021-01-11 23:07:23,405 DEBUG   Epoch 2 - Save Best Accuracy: 0.510989 Model
2021-01-11 23:07:24,461 DEBUG   Epoch 2 - Save Best Loss: 1.8177 Model
2021-01-11 23:20:00,042 DEBUG   Epoch 3 - avg_train_loss: 0.4119  avg_val_loss: 1.6312 F1: 0.354051  Accuracy: 0.547253 Recall@3: 0.767308 time: 755s
2021-01-11 23:20:00,043 DEBUG   Epoch 3 - Save Best Accuracy: 0.547253 Model
2021-01-11 23:20:01,152 DEBUG   Epoch 3 - Save Best Loss: 1.6312 Model
2021-01-11 23:32:40,728 DEBUG   Epoch 4 - avg_train_loss: 0.3481  avg_val_loss: 1.5797 F1: 0.388810  Accuracy: 0.570879 Recall@3: 0.781319 time: 758s
2021-01-11 23:32:40,729 DEBUG   Epoch 4 - Save Best Accuracy: 0.570879 Model
2021-01-11 23:32:42,206 DEBUG   Epoch 4 - Save Best Loss: 1.5797 Model
2021-01-11 23:45:19,536 DEBUG   Epoch 5 - avg_train_loss: 0.2995  avg_val_loss: 1.5432 F1: 0.416066  Accuracy: 0.575824 Recall@3: 0.787088 time: 756s
2021-01-11 23:45:19,537 DEBUG   Epoch 5 - Save Best Accuracy: 0.575824 Model
2021-01-11 23:45:20,542 DEBUG   Epoch 5 - Save Best Loss: 1.5432 Model
2021-01-11 23:57:59,087 DEBUG   Epoch 6 - avg_train_loss: 0.2661  avg_val_loss: 1.4826 F1: 0.437237  Accuracy: 0.602747 Recall@3: 0.808242 time: 758s
2021-01-11 23:57:59,087 DEBUG   Epoch 6 - Save Best Accuracy: 0.602747 Model
2021-01-11 23:58:00,122 DEBUG   Epoch 6 - Save Best Loss: 1.4826 Model
2021-01-12 00:10:38,151 DEBUG   Epoch 7 - avg_train_loss: 0.2272  avg_val_loss: 1.5413 F1: 0.456430  Accuracy: 0.595604 Recall@3: 0.803022 time: 757s
2021-01-12 00:23:14,436 DEBUG   Epoch 8 - avg_train_loss: 0.2192  avg_val_loss: 1.4977 F1: 0.469439  Accuracy: 0.609066 Recall@3: 0.810989 time: 756s
2021-01-12 00:23:14,437 DEBUG   Epoch 8 - Save Best Accuracy: 0.609066 Model
2021-01-12 00:35:51,707 DEBUG   Epoch 9 - avg_train_loss: 0.1727  avg_val_loss: 1.5083 F1: 0.472382  Accuracy: 0.616758 Recall@3: 0.817582 time: 756s
2021-01-12 00:35:51,707 DEBUG   Epoch 9 - Save Best Accuracy: 0.616758 Model
2021-01-12 00:48:29,995 DEBUG   Epoch 10 - avg_train_loss: 0.1464  avg_val_loss: 1.6049 F1: 0.468979  Accuracy: 0.606044 Recall@3: 0.808242 time: 757s
2021-01-12 01:01:07,560 DEBUG   Epoch 11 - avg_train_loss: 0.1199  avg_val_loss: 1.5583 F1: 0.489672  Accuracy: 0.618681 Recall@3: 0.811538 time: 758s
2021-01-12 01:01:07,560 DEBUG   Epoch 11 - Save Best Accuracy: 0.618681 Model
2021-01-12 01:13:45,260 DEBUG   Epoch 12 - avg_train_loss: 0.1024  avg_val_loss: 1.6420 F1: 0.486802  Accuracy: 0.612088 Recall@3: 0.818132 time: 757s
2021-01-12 01:26:22,677 DEBUG   Epoch 13 - avg_train_loss: 0.0815  avg_val_loss: 1.6473 F1: 0.500753  Accuracy: 0.627198 Recall@3: 0.812912 time: 757s
2021-01-12 01:26:22,677 DEBUG   Epoch 13 - Save Best Accuracy: 0.627198 Model
2021-01-12 01:38:59,253 DEBUG   Epoch 14 - avg_train_loss: 0.0666  avg_val_loss: 1.7338 F1: 0.484394  Accuracy: 0.612363 Recall@3: 0.806319 time: 756s
2021-01-12 01:51:37,992 DEBUG   Epoch 15 - avg_train_loss: 0.0585  avg_val_loss: 1.7090 F1: 0.511145  Accuracy: 0.634890 Recall@3: 0.814286 time: 759s
2021-01-12 01:51:37,993 DEBUG   Epoch 15 - Save Best Accuracy: 0.634890 Model
2021-01-12 02:04:18,317 DEBUG   Epoch 16 - avg_train_loss: 0.0500  avg_val_loss: 1.7088 F1: 0.511031  Accuracy: 0.637088 Recall@3: 0.819231 time: 759s
2021-01-12 02:04:18,317 DEBUG   Epoch 16 - Save Best Accuracy: 0.637088 Model
2021-01-12 02:16:56,939 DEBUG   Epoch 17 - avg_train_loss: 0.0407  avg_val_loss: 1.7584 F1: 0.508486  Accuracy: 0.629945 Recall@3: 0.816484 time: 757s
2021-01-12 02:29:36,361 DEBUG   Epoch 18 - avg_train_loss: 0.0333  avg_val_loss: 1.7742 F1: 0.512932  Accuracy: 0.631593 Recall@3: 0.817308 time: 759s
2021-01-12 02:42:13,252 DEBUG   Epoch 19 - avg_train_loss: 0.0272  avg_val_loss: 1.7923 F1: 0.534963  Accuracy: 0.651923 Recall@3: 0.815934 time: 757s
2021-01-12 02:42:13,253 DEBUG   Epoch 19 - Save Best Accuracy: 0.651923 Model
2021-01-12 02:54:51,878 DEBUG   Epoch 20 - avg_train_loss: 0.0232  avg_val_loss: 1.8987 F1: 0.523772  Accuracy: 0.636813 Recall@3: 0.811813 time: 758s
2021-01-12 03:07:30,365 DEBUG   Epoch 21 - avg_train_loss: 0.0190  avg_val_loss: 1.8168 F1: 0.525032  Accuracy: 0.644780 Recall@3: 0.822802 time: 758s
2021-01-12 03:20:09,333 DEBUG   Epoch 22 - avg_train_loss: 0.0179  avg_val_loss: 1.8660 F1: 0.533591  Accuracy: 0.650000 Recall@3: 0.820330 time: 759s
2021-01-12 03:32:46,800 DEBUG   Epoch 23 - avg_train_loss: 0.0147  avg_val_loss: 1.8559 F1: 0.537169  Accuracy: 0.651923 Recall@3: 0.821978 time: 757s
2021-01-12 03:45:25,064 DEBUG   Epoch 24 - avg_train_loss: 0.0124  avg_val_loss: 1.8891 F1: 0.529726  Accuracy: 0.644231 Recall@3: 0.820055 time: 758s
2021-01-12 03:58:04,884 DEBUG   Epoch 25 - avg_train_loss: 0.0109  avg_val_loss: 1.8481 F1: 0.531663  Accuracy: 0.649451 Recall@3: 0.829945 time: 760s
2021-01-12 04:10:42,983 DEBUG   Epoch 26 - avg_train_loss: 0.0092  avg_val_loss: 1.9297 F1: 0.532451  Accuracy: 0.645055 Recall@3: 0.828846 time: 758s
2021-01-12 04:23:21,198 DEBUG   Epoch 27 - avg_train_loss: 0.0087  avg_val_loss: 1.9616 F1: 0.535598  Accuracy: 0.647527 Recall@3: 0.817308 time: 758s
2021-01-12 04:36:00,046 DEBUG   Epoch 28 - avg_train_loss: 0.0080  avg_val_loss: 1.8983 F1: 0.535976  Accuracy: 0.649725 Recall@3: 0.823901 time: 759s
2021-01-12 04:48:39,295 DEBUG   Epoch 29 - avg_train_loss: 0.0074  avg_val_loss: 1.9116 F1: 0.532301  Accuracy: 0.655220 Recall@3: 0.824451 time: 759s
2021-01-12 04:48:39,296 DEBUG   Epoch 29 - Save Best Accuracy: 0.655220 Model
2021-01-12 05:01:20,640 DEBUG   Epoch 30 - avg_train_loss: 0.0064  avg_val_loss: 1.9472 F1: 0.542997  Accuracy: 0.657418 Recall@3: 0.824725 time: 760s
2021-01-12 05:01:20,640 DEBUG   Epoch 30 - Save Best Accuracy: 0.657418 Model
2021-01-12 05:14:05,157 DEBUG   Epoch 31 - avg_train_loss: 0.0055  avg_val_loss: 1.9487 F1: 0.547392  Accuracy: 0.662912 Recall@3: 0.824725 time: 763s
2021-01-12 05:14:05,158 DEBUG   Epoch 31 - Save Best Accuracy: 0.662912 Model
2021-01-12 05:26:50,707 DEBUG   Epoch 32 - avg_train_loss: 0.0053  avg_val_loss: 1.9569 F1: 0.541443  Accuracy: 0.656868 Recall@3: 0.827198 time: 764s
2021-01-12 05:39:36,793 DEBUG   Epoch 33 - avg_train_loss: 0.0046  avg_val_loss: 1.9609 F1: 0.538477  Accuracy: 0.655220 Recall@3: 0.832692 time: 766s
2021-01-12 05:52:21,903 DEBUG   Epoch 34 - avg_train_loss: 0.0038  avg_val_loss: 1.9476 F1: 0.538596  Accuracy: 0.652747 Recall@3: 0.833516 time: 765s
2021-01-12 06:05:06,111 DEBUG   Epoch 35 - avg_train_loss: 0.0043  avg_val_loss: 1.9544 F1: 0.533930  Accuracy: 0.650824 Recall@3: 0.835714 time: 764s
2021-01-12 06:17:50,542 DEBUG   Epoch 36 - avg_train_loss: 0.0037  avg_val_loss: 1.9742 F1: 0.546356  Accuracy: 0.656868 Recall@3: 0.828571 time: 764s
2021-01-12 06:30:33,165 DEBUG   Epoch 37 - avg_train_loss: 0.0039  avg_val_loss: 1.9652 F1: 0.544163  Accuracy: 0.656319 Recall@3: 0.830495 time: 763s
2021-01-12 06:43:15,755 DEBUG   Epoch 38 - avg_train_loss: 0.0035  avg_val_loss: 1.9536 F1: 0.542932  Accuracy: 0.659066 Recall@3: 0.829670 time: 763s
2021-01-12 06:56:00,676 DEBUG   Epoch 39 - avg_train_loss: 0.0028  avg_val_loss: 1.9936 F1: 0.540002  Accuracy: 0.655769 Recall@3: 0.829945 time: 765s
2021-01-12 07:08:46,093 DEBUG   Epoch 40 - avg_train_loss: 0.0033  avg_val_loss: 1.9749 F1: 0.538426  Accuracy: 0.657418 Recall@3: 0.828846 time: 765s
2021-01-12 07:21:29,849 DEBUG   Epoch 41 - avg_train_loss: 0.0029  avg_val_loss: 1.9825 F1: 0.542970  Accuracy: 0.659341 Recall@3: 0.833516 time: 764s
2021-01-12 07:34:15,763 DEBUG   Epoch 42 - avg_train_loss: 0.0032  avg_val_loss: 1.9673 F1: 0.545548  Accuracy: 0.662363 Recall@3: 0.831593 time: 766s
2021-01-12 07:47:01,944 DEBUG   Epoch 43 - avg_train_loss: 0.0030  avg_val_loss: 1.9647 F1: 0.544874  Accuracy: 0.661813 Recall@3: 0.835989 time: 766s
2021-01-12 07:59:47,985 DEBUG   Epoch 44 - avg_train_loss: 0.0026  avg_val_loss: 1.9755 F1: 0.546598  Accuracy: 0.667308 Recall@3: 0.832418 time: 766s
2021-01-12 07:59:47,986 DEBUG   Epoch 44 - Save Best Accuracy: 0.667308 Model
2021-01-12 08:12:35,757 DEBUG   Epoch 45 - avg_train_loss: 0.0027  avg_val_loss: 1.9730 F1: 0.543646  Accuracy: 0.660989 Recall@3: 0.831593 time: 767s
2021-01-12 08:25:21,186 DEBUG   Epoch 46 - avg_train_loss: 0.0028  avg_val_loss: 1.9594 F1: 0.548848  Accuracy: 0.663462 Recall@3: 0.832692 time: 765s
2021-01-12 08:38:07,345 DEBUG   Epoch 47 - avg_train_loss: 0.0030  avg_val_loss: 1.9669 F1: 0.555211  Accuracy: 0.667033 Recall@3: 0.831593 time: 766s
2021-01-12 08:50:53,233 DEBUG   Epoch 48 - avg_train_loss: 0.0026  avg_val_loss: 1.9843 F1: 0.545712  Accuracy: 0.660440 Recall@3: 0.833516 time: 766s
2021-01-12 09:03:35,584 DEBUG   Epoch 49 - avg_train_loss: 0.0024  avg_val_loss: 1.9798 F1: 0.546727  Accuracy: 0.664560 Recall@3: 0.829396 time: 762s
2021-01-12 09:16:22,669 DEBUG   Epoch 50 - avg_train_loss: 0.0027  avg_val_loss: 1.9729 F1: 0.558180  Accuracy: 0.669231 Recall@3: 0.829121 time: 767s
2021-01-12 09:16:22,670 DEBUG   Epoch 50 - Save Best Accuracy: 0.669231 Model
2021-01-12 09:29:09,020 DEBUG   Epoch 51 - avg_train_loss: 0.0023  avg_val_loss: 1.9670 F1: 0.545669  Accuracy: 0.663736 Recall@3: 0.834341 time: 765s
2021-01-12 09:41:52,946 DEBUG   Epoch 52 - avg_train_loss: 0.0021  avg_val_loss: 1.9711 F1: 0.548937  Accuracy: 0.667308 Recall@3: 0.831593 time: 764s
2021-01-12 09:54:37,917 DEBUG   Epoch 53 - avg_train_loss: 0.0020  avg_val_loss: 2.0023 F1: 0.552860  Accuracy: 0.666484 Recall@3: 0.828297 time: 765s
2021-01-12 10:07:21,709 DEBUG   Epoch 54 - avg_train_loss: 0.0020  avg_val_loss: 1.9917 F1: 0.552175  Accuracy: 0.666209 Recall@3: 0.830495 time: 764s
2021-01-12 10:20:04,179 DEBUG   Epoch 55 - avg_train_loss: 0.0017  avg_val_loss: 1.9609 F1: 0.551275  Accuracy: 0.670330 Recall@3: 0.828846 time: 762s
2021-01-12 10:20:04,180 DEBUG   Epoch 55 - Save Best Accuracy: 0.670330 Model
2021-01-12 10:32:47,137 DEBUG   Epoch 56 - avg_train_loss: 0.0017  avg_val_loss: 1.9686 F1: 0.543011  Accuracy: 0.662637 Recall@3: 0.833242 time: 762s
2021-01-12 10:45:29,616 DEBUG   Epoch 57 - avg_train_loss: 0.0016  avg_val_loss: 1.9796 F1: 0.542892  Accuracy: 0.664011 Recall@3: 0.833791 time: 762s
2021-01-12 10:58:12,033 DEBUG   Epoch 58 - avg_train_loss: 0.0020  avg_val_loss: 1.9933 F1: 0.543163  Accuracy: 0.661813 Recall@3: 0.831319 time: 762s
2021-01-12 11:10:53,264 DEBUG   Epoch 59 - avg_train_loss: 0.0019  avg_val_loss: 1.9795 F1: 0.546534  Accuracy: 0.667033 Recall@3: 0.832418 time: 761s
2021-01-12 11:23:35,486 DEBUG   Epoch 60 - avg_train_loss: 0.0022  avg_val_loss: 1.9804 F1: 0.550441  Accuracy: 0.668132 Recall@3: 0.832143 time: 762s
2021-01-12 11:36:17,782 DEBUG   Epoch 61 - avg_train_loss: 0.0020  avg_val_loss: 1.9853 F1: 0.548653  Accuracy: 0.667857 Recall@3: 0.834341 time: 762s
2021-01-12 11:48:57,625 DEBUG   Epoch 62 - avg_train_loss: 0.0017  avg_val_loss: 1.9818 F1: 0.541779  Accuracy: 0.661264 Recall@3: 0.833516 time: 760s
2021-01-12 12:01:40,921 DEBUG   Epoch 63 - avg_train_loss: 0.0018  avg_val_loss: 1.9859 F1: 0.542961  Accuracy: 0.664835 Recall@3: 0.831593 time: 763s
2021-01-12 12:14:21,989 DEBUG   Epoch 64 - avg_train_loss: 0.0018  avg_val_loss: 2.0020 F1: 0.546666  Accuracy: 0.665934 Recall@3: 0.829396 time: 761s
2021-01-12 12:27:02,295 DEBUG   Epoch 65 - avg_train_loss: 0.0018  avg_val_loss: 1.9820 F1: 0.549535  Accuracy: 0.668407 Recall@3: 0.834066 time: 760s
2021-01-12 12:39:46,458 DEBUG   Epoch 66 - avg_train_loss: 0.0020  avg_val_loss: 1.9796 F1: 0.547218  Accuracy: 0.664011 Recall@3: 0.832418 time: 764s
2021-01-12 12:52:32,047 DEBUG   Epoch 67 - avg_train_loss: 0.0017  avg_val_loss: 1.9706 F1: 0.552529  Accuracy: 0.668956 Recall@3: 0.835165 time: 766s
2021-01-12 13:05:13,675 DEBUG   Epoch 68 - avg_train_loss: 0.0017  avg_val_loss: 1.9732 F1: 0.549980  Accuracy: 0.665659 Recall@3: 0.833791 time: 762s
2021-01-12 13:18:00,066 DEBUG   Epoch 69 - avg_train_loss: 0.0017  avg_val_loss: 1.9974 F1: 0.546839  Accuracy: 0.667857 Recall@3: 0.834066 time: 766s
2021-01-12 13:30:45,507 DEBUG   Epoch 70 - avg_train_loss: 0.0016  avg_val_loss: 1.9965 F1: 0.546698  Accuracy: 0.665110 Recall@3: 0.832143 time: 765s
2021-01-12 13:43:29,476 DEBUG   Epoch 71 - avg_train_loss: 0.0017  avg_val_loss: 2.0212 F1: 0.552056  Accuracy: 0.666758 Recall@3: 0.830495 time: 764s
2021-01-12 13:56:12,878 DEBUG   Epoch 72 - avg_train_loss: 0.0017  avg_val_loss: 2.0044 F1: 0.547633  Accuracy: 0.666758 Recall@3: 0.834615 time: 763s
2021-01-12 14:08:56,647 DEBUG   Epoch 73 - avg_train_loss: 0.0017  avg_val_loss: 2.0116 F1: 0.549816  Accuracy: 0.665659 Recall@3: 0.830220 time: 764s
2021-01-12 14:21:38,815 DEBUG   Epoch 74 - avg_train_loss: 0.0017  avg_val_loss: 2.0202 F1: 0.548630  Accuracy: 0.664835 Recall@3: 0.834341 time: 762s
2021-01-12 14:34:22,605 DEBUG   Epoch 75 - avg_train_loss: 0.0017  avg_val_loss: 1.9982 F1: 0.551770  Accuracy: 0.667033 Recall@3: 0.833242 time: 764s
2021-01-12 14:47:08,218 DEBUG   Epoch 76 - avg_train_loss: 0.0017  avg_val_loss: 1.9789 F1: 0.555102  Accuracy: 0.671978 Recall@3: 0.832418 time: 766s
2021-01-12 14:47:08,219 DEBUG   Epoch 76 - Save Best Accuracy: 0.671978 Model
2021-01-12 14:59:52,718 DEBUG   Epoch 77 - avg_train_loss: 0.0018  avg_val_loss: 1.9677 F1: 0.553420  Accuracy: 0.668681 Recall@3: 0.830495 time: 763s
2021-01-12 15:12:34,114 DEBUG   Epoch 78 - avg_train_loss: 0.0015  avg_val_loss: 1.9959 F1: 0.556343  Accuracy: 0.671429 Recall@3: 0.832143 time: 761s
2021-01-12 15:25:16,587 DEBUG   Epoch 79 - avg_train_loss: 0.0014  avg_val_loss: 2.0025 F1: 0.557375  Accuracy: 0.671429 Recall@3: 0.833242 time: 762s
2021-01-12 15:37:55,827 DEBUG   Epoch 80 - avg_train_loss: 0.0017  avg_val_loss: 1.9859 F1: 0.548662  Accuracy: 0.666209 Recall@3: 0.830769 time: 759s
2021-01-12 15:50:35,970 DEBUG   Epoch 81 - avg_train_loss: 0.0013  avg_val_loss: 2.0088 F1: 0.549574  Accuracy: 0.667582 Recall@3: 0.833791 time: 760s
2021-01-12 16:03:16,846 DEBUG   Epoch 82 - avg_train_loss: 0.0020  avg_val_loss: 2.0313 F1: 0.552925  Accuracy: 0.667582 Recall@3: 0.831044 time: 761s
2021-01-12 16:15:59,763 DEBUG   Epoch 83 - avg_train_loss: 0.0015  avg_val_loss: 1.9890 F1: 0.558087  Accuracy: 0.672802 Recall@3: 0.835714 time: 763s
2021-01-12 16:15:59,764 DEBUG   Epoch 83 - Save Best Accuracy: 0.672802 Model
2021-01-12 16:28:41,648 DEBUG   Epoch 84 - avg_train_loss: 0.0016  avg_val_loss: 1.9965 F1: 0.555975  Accuracy: 0.670055 Recall@3: 0.833791 time: 761s
2021-01-12 16:41:22,184 DEBUG   Epoch 85 - avg_train_loss: 0.0016  avg_val_loss: 2.0230 F1: 0.548288  Accuracy: 0.668132 Recall@3: 0.833516 time: 761s
2021-01-12 16:54:03,807 DEBUG   Epoch 86 - avg_train_loss: 0.0014  avg_val_loss: 2.0065 F1: 0.558962  Accuracy: 0.674176 Recall@3: 0.835989 time: 762s
2021-01-12 16:54:03,808 DEBUG   Epoch 86 - Save Best Accuracy: 0.674176 Model
2021-01-12 17:06:54,842 DEBUG   Epoch 87 - avg_train_loss: 0.0016  avg_val_loss: 1.9863 F1: 0.553023  Accuracy: 0.671154 Recall@3: 0.836813 time: 770s
2021-01-12 17:19:50,737 DEBUG   Epoch 88 - avg_train_loss: 0.0018  avg_val_loss: 1.9943 F1: 0.552916  Accuracy: 0.669505 Recall@3: 0.836538 time: 776s
2021-01-12 17:32:52,492 DEBUG   Epoch 89 - avg_train_loss: 0.0017  avg_val_loss: 1.9985 F1: 0.548590  Accuracy: 0.665934 Recall@3: 0.834066 time: 782s
2021-01-12 17:45:49,869 DEBUG   Epoch 90 - avg_train_loss: 0.0016  avg_val_loss: 2.0119 F1: 0.547356  Accuracy: 0.665659 Recall@3: 0.833242 time: 777s
2021-01-12 17:58:50,805 DEBUG   Epoch 91 - avg_train_loss: 0.0015  avg_val_loss: 2.0064 F1: 0.554924  Accuracy: 0.670330 Recall@3: 0.834341 time: 781s
2021-01-12 18:11:50,486 DEBUG   Epoch 92 - avg_train_loss: 0.0015  avg_val_loss: 2.0048 F1: 0.552137  Accuracy: 0.667857 Recall@3: 0.835165 time: 780s
2021-01-12 18:24:48,798 DEBUG   Epoch 93 - avg_train_loss: 0.0017  avg_val_loss: 1.9821 F1: 0.552377  Accuracy: 0.669231 Recall@3: 0.834615 time: 778s
2021-01-12 18:37:39,654 DEBUG   Epoch 94 - avg_train_loss: 0.0017  avg_val_loss: 2.0134 F1: 0.544667  Accuracy: 0.665385 Recall@3: 0.833242 time: 771s
2021-01-12 18:50:48,418 DEBUG   Epoch 95 - avg_train_loss: 0.0015  avg_val_loss: 1.9973 F1: 0.546889  Accuracy: 0.665110 Recall@3: 0.833516 time: 789s
2021-01-12 19:03:40,593 DEBUG   Epoch 96 - avg_train_loss: 0.0014  avg_val_loss: 1.9931 F1: 0.547113  Accuracy: 0.666758 Recall@3: 0.833791 time: 772s
2021-01-12 19:16:31,700 DEBUG   Epoch 97 - avg_train_loss: 0.0017  avg_val_loss: 1.9942 F1: 0.551430  Accuracy: 0.670604 Recall@3: 0.834341 time: 771s
2021-01-12 19:29:21,914 DEBUG   Epoch 98 - avg_train_loss: 0.0020  avg_val_loss: 2.0034 F1: 0.550241  Accuracy: 0.667857 Recall@3: 0.834890 time: 770s
2021-01-12 19:42:13,592 DEBUG   Epoch 99 - avg_train_loss: 0.0018  avg_val_loss: 1.9949 F1: 0.546152  Accuracy: 0.664286 Recall@3: 0.836538 time: 772s
2021-01-12 19:55:06,663 DEBUG   Epoch 100 - avg_train_loss: 0.0014  avg_val_loss: 1.9986 F1: 0.549884  Accuracy: 0.667582 Recall@3: 0.833516 time: 773s
2021-01-12 19:55:06,663 INFO [Train model] done in 76381 s.
