2021-06-06 11:41:53,211 INFO [Train model] start
2021-06-06 11:48:54,414 DEBUG   Epoch 1 - avg_train_loss: 0.2228  avg_val_loss: 2.3664 F1: 0.179736  Accuracy: 0.419505 Recall@3: 0.629670 time: 419s
2021-06-06 11:48:54,415 DEBUG   Epoch 1 - Save Best Accuracy: 0.419505 Model
2021-06-06 11:48:54,496 DEBUG   Epoch 1 - Save Best Loss: 2.3664 Model
2021-06-06 11:55:55,442 DEBUG   Epoch 2 - avg_train_loss: 0.1361  avg_val_loss: 1.7635 F1: 0.318621  Accuracy: 0.531044 Recall@3: 0.740934 time: 421s
2021-06-06 11:55:55,444 DEBUG   Epoch 2 - Save Best Accuracy: 0.531044 Model
2021-06-06 11:55:55,562 DEBUG   Epoch 2 - Save Best Loss: 1.7635 Model
2021-06-06 12:02:58,957 DEBUG   Epoch 3 - avg_train_loss: 0.1102  avg_val_loss: 1.5844 F1: 0.376456  Accuracy: 0.568132 Recall@3: 0.776648 time: 423s
2021-06-06 12:02:58,959 DEBUG   Epoch 3 - Save Best Accuracy: 0.568132 Model
2021-06-06 12:02:59,062 DEBUG   Epoch 3 - Save Best Loss: 1.5844 Model
2021-06-06 12:10:01,357 DEBUG   Epoch 4 - avg_train_loss: 0.0956  avg_val_loss: 1.4527 F1: 0.432069  Accuracy: 0.597802 Recall@3: 0.800549 time: 422s
2021-06-06 12:10:01,357 DEBUG   Epoch 4 - Save Best Accuracy: 0.597802 Model
2021-06-06 12:10:01,467 DEBUG   Epoch 4 - Save Best Loss: 1.4527 Model
2021-06-06 12:17:03,315 DEBUG   Epoch 5 - avg_train_loss: 0.0844  avg_val_loss: 1.4245 F1: 0.445994  Accuracy: 0.605220 Recall@3: 0.807418 time: 422s
2021-06-06 12:17:03,317 DEBUG   Epoch 5 - Save Best Accuracy: 0.605220 Model
2021-06-06 12:17:03,462 DEBUG   Epoch 5 - Save Best Loss: 1.4245 Model
2021-06-06 12:24:06,285 DEBUG   Epoch 6 - avg_train_loss: 0.0764  avg_val_loss: 1.3479 F1: 0.484494  Accuracy: 0.626648 Recall@3: 0.829121 time: 423s
2021-06-06 12:24:06,287 DEBUG   Epoch 6 - Save Best Accuracy: 0.626648 Model
2021-06-06 12:24:06,394 DEBUG   Epoch 6 - Save Best Loss: 1.3479 Model
2021-06-06 12:31:09,257 DEBUG   Epoch 7 - avg_train_loss: 0.0683  avg_val_loss: 1.3366 F1: 0.515980  Accuracy: 0.639011 Recall@3: 0.828297 time: 423s
2021-06-06 12:31:09,258 DEBUG   Epoch 7 - Save Best Accuracy: 0.639011 Model
2021-06-06 12:31:09,419 DEBUG   Epoch 7 - Save Best Loss: 1.3366 Model
2021-06-06 12:38:14,005 DEBUG   Epoch 8 - avg_train_loss: 0.0620  avg_val_loss: 1.3268 F1: 0.502005  Accuracy: 0.631319 Recall@3: 0.827198 time: 424s
2021-06-06 12:38:14,014 DEBUG   Epoch 8 - Save Best Loss: 1.3268 Model
2021-06-06 12:45:40,042 DEBUG   Epoch 9 - avg_train_loss: 0.0560  avg_val_loss: 1.3502 F1: 0.512065  Accuracy: 0.635989 Recall@3: 0.826648 time: 446s
2021-06-06 12:52:41,758 DEBUG   Epoch 10 - avg_train_loss: 0.0526  avg_val_loss: 1.3618 F1: 0.511015  Accuracy: 0.638462 Recall@3: 0.830495 time: 422s
2021-06-06 12:59:46,543 DEBUG   Epoch 11 - avg_train_loss: 0.0465  avg_val_loss: 1.3272 F1: 0.528995  Accuracy: 0.651099 Recall@3: 0.829396 time: 425s
2021-06-06 12:59:46,543 DEBUG   Epoch 11 - Save Best Accuracy: 0.651099 Model
2021-06-06 13:06:50,119 DEBUG   Epoch 12 - avg_train_loss: 0.0437  avg_val_loss: 1.3343 F1: 0.514469  Accuracy: 0.648901 Recall@3: 0.831868 time: 423s
2021-06-06 13:13:51,912 DEBUG   Epoch 13 - avg_train_loss: 0.0385  avg_val_loss: 1.3280 F1: 0.542090  Accuracy: 0.658791 Recall@3: 0.837088 time: 422s
2021-06-06 13:13:51,914 DEBUG   Epoch 13 - Save Best Accuracy: 0.658791 Model
2021-06-06 13:20:53,004 DEBUG   Epoch 14 - avg_train_loss: 0.0357  avg_val_loss: 1.3616 F1: 0.534209  Accuracy: 0.657143 Recall@3: 0.837637 time: 421s
2021-06-06 13:27:57,285 DEBUG   Epoch 15 - avg_train_loss: 0.0308  avg_val_loss: 1.3564 F1: 0.542695  Accuracy: 0.660714 Recall@3: 0.837363 time: 424s
2021-06-06 13:27:57,286 DEBUG   Epoch 15 - Save Best Accuracy: 0.660714 Model
2021-06-06 13:34:59,840 DEBUG   Epoch 16 - avg_train_loss: 0.0294  avg_val_loss: 1.3921 F1: 0.547798  Accuracy: 0.656868 Recall@3: 0.828846 time: 422s
2021-06-06 13:42:27,064 DEBUG   Epoch 17 - avg_train_loss: 0.0261  avg_val_loss: 1.3858 F1: 0.547217  Accuracy: 0.661264 Recall@3: 0.839286 time: 447s
2021-06-06 13:42:27,067 DEBUG   Epoch 17 - Save Best Accuracy: 0.661264 Model
2021-06-06 13:49:37,441 DEBUG   Epoch 18 - avg_train_loss: 0.0247  avg_val_loss: 1.4212 F1: 0.553725  Accuracy: 0.664835 Recall@3: 0.837088 time: 430s
2021-06-06 13:49:37,442 DEBUG   Epoch 18 - Save Best Accuracy: 0.664835 Model
2021-06-06 13:56:39,806 DEBUG   Epoch 19 - avg_train_loss: 0.0221  avg_val_loss: 1.4218 F1: 0.532040  Accuracy: 0.652198 Recall@3: 0.838187 time: 422s
2021-06-06 14:03:47,340 DEBUG   Epoch 20 - avg_train_loss: 0.0210  avg_val_loss: 1.4093 F1: 0.549854  Accuracy: 0.665110 Recall@3: 0.846703 time: 428s
2021-06-06 14:03:47,345 DEBUG   Epoch 20 - Save Best Accuracy: 0.665110 Model
2021-06-06 14:10:54,164 DEBUG   Epoch 21 - avg_train_loss: 0.0182  avg_val_loss: 1.4151 F1: 0.553577  Accuracy: 0.670879 Recall@3: 0.851374 time: 427s
2021-06-06 14:10:54,165 DEBUG   Epoch 21 - Save Best Accuracy: 0.670879 Model
2021-06-06 14:17:57,787 DEBUG   Epoch 22 - avg_train_loss: 0.0168  avg_val_loss: 1.4311 F1: 0.551501  Accuracy: 0.670330 Recall@3: 0.845330 time: 424s
2021-06-06 14:25:01,390 DEBUG   Epoch 23 - avg_train_loss: 0.0154  avg_val_loss: 1.4627 F1: 0.554210  Accuracy: 0.668132 Recall@3: 0.844231 time: 424s
2021-06-06 14:32:03,165 DEBUG   Epoch 24 - avg_train_loss: 0.0151  avg_val_loss: 1.4540 F1: 0.558521  Accuracy: 0.673352 Recall@3: 0.850000 time: 422s
2021-06-06 14:32:03,166 DEBUG   Epoch 24 - Save Best Accuracy: 0.673352 Model
2021-06-06 14:39:08,003 DEBUG   Epoch 25 - avg_train_loss: 0.0139  avg_val_loss: 1.4667 F1: 0.561344  Accuracy: 0.674725 Recall@3: 0.849176 time: 425s
2021-06-06 14:39:08,004 DEBUG   Epoch 25 - Save Best Accuracy: 0.674725 Model
2021-06-06 14:46:38,328 DEBUG   Epoch 26 - avg_train_loss: 0.0130  avg_val_loss: 1.4840 F1: 0.556417  Accuracy: 0.671429 Recall@3: 0.847253 time: 450s
2021-06-06 14:53:42,442 DEBUG   Epoch 27 - avg_train_loss: 0.0125  avg_val_loss: 1.4933 F1: 0.558530  Accuracy: 0.672253 Recall@3: 0.845330 time: 424s
2021-06-06 15:00:47,671 DEBUG   Epoch 28 - avg_train_loss: 0.0115  avg_val_loss: 1.4931 F1: 0.554831  Accuracy: 0.673901 Recall@3: 0.846429 time: 425s
2021-06-06 15:07:56,140 DEBUG   Epoch 29 - avg_train_loss: 0.0108  avg_val_loss: 1.5255 F1: 0.560659  Accuracy: 0.673626 Recall@3: 0.843407 time: 428s
2021-06-06 15:14:58,454 DEBUG   Epoch 30 - avg_train_loss: 0.0108  avg_val_loss: 1.5157 F1: 0.558768  Accuracy: 0.677473 Recall@3: 0.847253 time: 422s
2021-06-06 15:14:58,455 DEBUG   Epoch 30 - Save Best Accuracy: 0.677473 Model
2021-06-06 15:22:04,914 DEBUG   Epoch 31 - avg_train_loss: 0.0105  avg_val_loss: 1.5045 F1: 0.568938  Accuracy: 0.679121 Recall@3: 0.847253 time: 426s
2021-06-06 15:22:04,915 DEBUG   Epoch 31 - Save Best Accuracy: 0.679121 Model
2021-06-06 15:29:09,365 DEBUG   Epoch 32 - avg_train_loss: 0.0093  avg_val_loss: 1.5314 F1: 0.567139  Accuracy: 0.677198 Recall@3: 0.846429 time: 424s
2021-06-06 15:36:16,231 DEBUG   Epoch 33 - avg_train_loss: 0.0088  avg_val_loss: 1.5175 F1: 0.568386  Accuracy: 0.676648 Recall@3: 0.847253 time: 427s
2021-06-06 15:43:36,959 DEBUG   Epoch 34 - avg_train_loss: 0.0090  avg_val_loss: 1.5346 F1: 0.571480  Accuracy: 0.676099 Recall@3: 0.841758 time: 441s
2021-06-06 15:50:54,319 DEBUG   Epoch 35 - avg_train_loss: 0.0085  avg_val_loss: 1.5436 F1: 0.568708  Accuracy: 0.678571 Recall@3: 0.850549 time: 437s
2021-06-06 15:57:52,263 DEBUG   Epoch 36 - avg_train_loss: 0.0082  avg_val_loss: 1.5432 F1: 0.557080  Accuracy: 0.676099 Recall@3: 0.842582 time: 418s
2021-06-06 16:04:58,177 DEBUG   Epoch 37 - avg_train_loss: 0.0083  avg_val_loss: 1.5652 F1: 0.564025  Accuracy: 0.676099 Recall@3: 0.845604 time: 426s
2021-06-06 16:12:02,159 DEBUG   Epoch 38 - avg_train_loss: 0.0075  avg_val_loss: 1.5480 F1: 0.562999  Accuracy: 0.680769 Recall@3: 0.844780 time: 424s
2021-06-06 16:12:02,160 DEBUG   Epoch 38 - Save Best Accuracy: 0.680769 Model
2021-06-06 16:19:07,254 DEBUG   Epoch 39 - avg_train_loss: 0.0072  avg_val_loss: 1.5576 F1: 0.560268  Accuracy: 0.677747 Recall@3: 0.846429 time: 425s
2021-06-06 16:26:11,644 DEBUG   Epoch 40 - avg_train_loss: 0.0069  avg_val_loss: 1.5429 F1: 0.563653  Accuracy: 0.678846 Recall@3: 0.845604 time: 424s
2021-06-06 16:33:19,672 DEBUG   Epoch 41 - avg_train_loss: 0.0072  avg_val_loss: 1.5567 F1: 0.568392  Accuracy: 0.681044 Recall@3: 0.843132 time: 428s
2021-06-06 16:33:19,673 DEBUG   Epoch 41 - Save Best Accuracy: 0.681044 Model
2021-06-06 16:40:25,560 DEBUG   Epoch 42 - avg_train_loss: 0.0070  avg_val_loss: 1.5533 F1: 0.570047  Accuracy: 0.681593 Recall@3: 0.845604 time: 426s
2021-06-06 16:40:25,561 DEBUG   Epoch 42 - Save Best Accuracy: 0.681593 Model
2021-06-06 16:47:59,861 DEBUG   Epoch 43 - avg_train_loss: 0.0066  avg_val_loss: 1.5608 F1: 0.566719  Accuracy: 0.676648 Recall@3: 0.844505 time: 453s
2021-06-06 16:55:05,217 DEBUG   Epoch 44 - avg_train_loss: 0.0059  avg_val_loss: 1.5685 F1: 0.570599  Accuracy: 0.677473 Recall@3: 0.846154 time: 425s
2021-06-06 17:02:07,123 DEBUG   Epoch 45 - avg_train_loss: 0.0061  avg_val_loss: 1.5752 F1: 0.567015  Accuracy: 0.680495 Recall@3: 0.845879 time: 422s
2021-06-06 17:09:11,632 DEBUG   Epoch 46 - avg_train_loss: 0.0063  avg_val_loss: 1.5650 F1: 0.569122  Accuracy: 0.682692 Recall@3: 0.850000 time: 425s
2021-06-06 17:09:11,634 DEBUG   Epoch 46 - Save Best Accuracy: 0.682692 Model
2021-06-06 17:16:15,925 DEBUG   Epoch 47 - avg_train_loss: 0.0063  avg_val_loss: 1.5735 F1: 0.565575  Accuracy: 0.679121 Recall@3: 0.842308 time: 424s
2021-06-06 17:23:18,661 DEBUG   Epoch 48 - avg_train_loss: 0.0061  avg_val_loss: 1.5687 F1: 0.567505  Accuracy: 0.679670 Recall@3: 0.846154 time: 423s
2021-06-06 17:30:23,496 DEBUG   Epoch 49 - avg_train_loss: 0.0058  avg_val_loss: 1.5782 F1: 0.563285  Accuracy: 0.675000 Recall@3: 0.846429 time: 425s
2021-06-06 17:37:31,104 DEBUG   Epoch 50 - avg_train_loss: 0.0061  avg_val_loss: 1.5818 F1: 0.564796  Accuracy: 0.675000 Recall@3: 0.846429 time: 428s
2021-06-06 17:44:40,299 DEBUG   Epoch 51 - avg_train_loss: 0.0060  avg_val_loss: 1.5711 F1: 0.570040  Accuracy: 0.682143 Recall@3: 0.848626 time: 429s
2021-06-06 17:52:08,226 DEBUG   Epoch 52 - avg_train_loss: 0.0056  avg_val_loss: 1.5720 F1: 0.564419  Accuracy: 0.679396 Recall@3: 0.845055 time: 448s
2021-06-06 17:59:15,399 DEBUG   Epoch 53 - avg_train_loss: 0.0056  avg_val_loss: 1.5689 F1: 0.569036  Accuracy: 0.682692 Recall@3: 0.850275 time: 427s
2021-06-06 18:06:18,674 DEBUG   Epoch 54 - avg_train_loss: 0.0053  avg_val_loss: 1.5876 F1: 0.569803  Accuracy: 0.679670 Recall@3: 0.846703 time: 423s
2021-06-06 18:13:24,087 DEBUG   Epoch 55 - avg_train_loss: 0.0050  avg_val_loss: 1.5846 F1: 0.567819  Accuracy: 0.680495 Recall@3: 0.846978 time: 425s
2021-06-06 18:20:29,915 DEBUG   Epoch 56 - avg_train_loss: 0.0052  avg_val_loss: 1.5954 F1: 0.567820  Accuracy: 0.679396 Recall@3: 0.846429 time: 426s
2021-06-06 18:27:32,251 DEBUG   Epoch 57 - avg_train_loss: 0.0052  avg_val_loss: 1.5894 F1: 0.566253  Accuracy: 0.678571 Recall@3: 0.848626 time: 422s
2021-06-06 18:34:37,613 DEBUG   Epoch 58 - avg_train_loss: 0.0055  avg_val_loss: 1.5886 F1: 0.566712  Accuracy: 0.679670 Recall@3: 0.848077 time: 425s
2021-06-06 18:41:41,820 DEBUG   Epoch 59 - avg_train_loss: 0.0052  avg_val_loss: 1.5873 F1: 0.571137  Accuracy: 0.681044 Recall@3: 0.847253 time: 424s
2021-06-06 18:49:11,231 DEBUG   Epoch 60 - avg_train_loss: 0.0051  avg_val_loss: 1.5800 F1: 0.568129  Accuracy: 0.682143 Recall@3: 0.848901 time: 449s
2021-06-06 18:56:22,075 DEBUG   Epoch 61 - avg_train_loss: 0.0053  avg_val_loss: 1.5909 F1: 0.571267  Accuracy: 0.681044 Recall@3: 0.847527 time: 431s
2021-06-06 19:03:30,313 DEBUG   Epoch 62 - avg_train_loss: 0.0050  avg_val_loss: 1.5809 F1: 0.565396  Accuracy: 0.678571 Recall@3: 0.846703 time: 428s
2021-06-06 19:10:36,383 DEBUG   Epoch 63 - avg_train_loss: 0.0051  avg_val_loss: 1.5884 F1: 0.576079  Accuracy: 0.684341 Recall@3: 0.845604 time: 426s
2021-06-06 19:10:36,384 DEBUG   Epoch 63 - Save Best Accuracy: 0.684341 Model
2021-06-06 19:17:40,798 DEBUG   Epoch 64 - avg_train_loss: 0.0053  avg_val_loss: 1.5971 F1: 0.570382  Accuracy: 0.680495 Recall@3: 0.848352 time: 424s
2021-06-06 19:24:46,592 DEBUG   Epoch 65 - avg_train_loss: 0.0049  avg_val_loss: 1.5944 F1: 0.571191  Accuracy: 0.681044 Recall@3: 0.847802 time: 426s
2021-06-06 19:31:49,279 DEBUG   Epoch 66 - avg_train_loss: 0.0048  avg_val_loss: 1.5921 F1: 0.575109  Accuracy: 0.685989 Recall@3: 0.845330 time: 423s
2021-06-06 19:31:49,281 DEBUG   Epoch 66 - Save Best Accuracy: 0.685989 Model
2021-06-06 19:38:53,359 DEBUG   Epoch 67 - avg_train_loss: 0.0050  avg_val_loss: 1.5906 F1: 0.572875  Accuracy: 0.682692 Recall@3: 0.847802 time: 424s
2021-06-06 19:46:00,038 DEBUG   Epoch 68 - avg_train_loss: 0.0048  avg_val_loss: 1.5933 F1: 0.574213  Accuracy: 0.683791 Recall@3: 0.846429 time: 427s
2021-06-06 19:53:33,231 DEBUG   Epoch 69 - avg_train_loss: 0.0045  avg_val_loss: 1.5945 F1: 0.570831  Accuracy: 0.683791 Recall@3: 0.847527 time: 453s
2021-06-06 20:00:37,771 DEBUG   Epoch 70 - avg_train_loss: 0.0047  avg_val_loss: 1.6019 F1: 0.571225  Accuracy: 0.684615 Recall@3: 0.844231 time: 425s
2021-06-06 20:07:42,037 DEBUG   Epoch 71 - avg_train_loss: 0.0049  avg_val_loss: 1.5872 F1: 0.570066  Accuracy: 0.682692 Recall@3: 0.846429 time: 424s
2021-06-06 20:14:51,010 DEBUG   Epoch 72 - avg_train_loss: 0.0050  avg_val_loss: 1.5900 F1: 0.575686  Accuracy: 0.684066 Recall@3: 0.844231 time: 429s
2021-06-06 20:21:57,791 DEBUG   Epoch 73 - avg_train_loss: 0.0046  avg_val_loss: 1.5945 F1: 0.573806  Accuracy: 0.683791 Recall@3: 0.846978 time: 427s
2021-06-06 20:29:03,857 DEBUG   Epoch 74 - avg_train_loss: 0.0049  avg_val_loss: 1.5978 F1: 0.576077  Accuracy: 0.685989 Recall@3: 0.847253 time: 426s
2021-06-06 20:36:07,153 DEBUG   Epoch 75 - avg_train_loss: 0.0045  avg_val_loss: 1.6029 F1: 0.574959  Accuracy: 0.685440 Recall@3: 0.848626 time: 423s
2021-06-06 20:43:12,034 DEBUG   Epoch 76 - avg_train_loss: 0.0049  avg_val_loss: 1.5958 F1: 0.572480  Accuracy: 0.682692 Recall@3: 0.846978 time: 425s
2021-06-06 20:50:28,690 DEBUG   Epoch 77 - avg_train_loss: 0.0047  avg_val_loss: 1.5962 F1: 0.574170  Accuracy: 0.684066 Recall@3: 0.846978 time: 437s
2021-06-06 20:57:46,780 DEBUG   Epoch 78 - avg_train_loss: 0.0044  avg_val_loss: 1.6010 F1: 0.572468  Accuracy: 0.682967 Recall@3: 0.846429 time: 438s
2021-06-06 21:04:54,700 DEBUG   Epoch 79 - avg_train_loss: 0.0044  avg_val_loss: 1.6051 F1: 0.572930  Accuracy: 0.682418 Recall@3: 0.846154 time: 428s
2021-06-06 21:11:58,536 DEBUG   Epoch 80 - avg_train_loss: 0.0048  avg_val_loss: 1.6015 F1: 0.569706  Accuracy: 0.684066 Recall@3: 0.847253 time: 424s
2021-06-06 21:19:02,082 DEBUG   Epoch 81 - avg_train_loss: 0.0042  avg_val_loss: 1.5987 F1: 0.573037  Accuracy: 0.685440 Recall@3: 0.846154 time: 424s
2021-06-06 21:26:10,194 DEBUG   Epoch 82 - avg_train_loss: 0.0047  avg_val_loss: 1.5912 F1: 0.574760  Accuracy: 0.685714 Recall@3: 0.848901 time: 428s
2021-06-06 21:33:14,941 DEBUG   Epoch 83 - avg_train_loss: 0.0048  avg_val_loss: 1.5936 F1: 0.572523  Accuracy: 0.684341 Recall@3: 0.847802 time: 425s
2021-06-06 21:40:18,364 DEBUG   Epoch 84 - avg_train_loss: 0.0047  avg_val_loss: 1.6042 F1: 0.575258  Accuracy: 0.684615 Recall@3: 0.846703 time: 423s
2021-06-06 21:47:23,677 DEBUG   Epoch 85 - avg_train_loss: 0.0044  avg_val_loss: 1.6010 F1: 0.573435  Accuracy: 0.683516 Recall@3: 0.848077 time: 425s
2021-06-06 21:54:54,619 DEBUG   Epoch 86 - avg_train_loss: 0.0045  avg_val_loss: 1.5975 F1: 0.575642  Accuracy: 0.685714 Recall@3: 0.847527 time: 451s
2021-06-06 22:02:02,463 DEBUG   Epoch 87 - avg_train_loss: 0.0047  avg_val_loss: 1.6006 F1: 0.571574  Accuracy: 0.684066 Recall@3: 0.846154 time: 428s
2021-06-06 22:09:08,611 DEBUG   Epoch 88 - avg_train_loss: 0.0044  avg_val_loss: 1.6008 F1: 0.576899  Accuracy: 0.687637 Recall@3: 0.849451 time: 426s
2021-06-06 22:09:08,612 DEBUG   Epoch 88 - Save Best Accuracy: 0.687637 Model
2021-06-06 22:16:10,529 DEBUG   Epoch 89 - avg_train_loss: 0.0043  avg_val_loss: 1.6001 F1: 0.573214  Accuracy: 0.685989 Recall@3: 0.847802 time: 422s
2021-06-06 22:23:17,199 DEBUG   Epoch 90 - avg_train_loss: 0.0044  avg_val_loss: 1.6036 F1: 0.574829  Accuracy: 0.686264 Recall@3: 0.847527 time: 427s
2021-06-06 22:30:14,877 DEBUG   Epoch 91 - avg_train_loss: 0.0044  avg_val_loss: 1.5962 F1: 0.574446  Accuracy: 0.685440 Recall@3: 0.847527 time: 418s
2021-06-06 22:37:15,794 DEBUG   Epoch 92 - avg_train_loss: 0.0044  avg_val_loss: 1.6016 F1: 0.572719  Accuracy: 0.684890 Recall@3: 0.848077 time: 421s
2021-06-06 22:44:16,933 DEBUG   Epoch 93 - avg_train_loss: 0.0043  avg_val_loss: 1.6012 F1: 0.577650  Accuracy: 0.686538 Recall@3: 0.846154 time: 421s
2021-06-06 22:51:20,386 DEBUG   Epoch 94 - avg_train_loss: 0.0047  avg_val_loss: 1.5950 F1: 0.571469  Accuracy: 0.682692 Recall@3: 0.847253 time: 423s
2021-06-06 22:58:48,175 DEBUG   Epoch 95 - avg_train_loss: 0.0044  avg_val_loss: 1.5999 F1: 0.573158  Accuracy: 0.681044 Recall@3: 0.846429 time: 448s
2021-06-06 23:05:46,796 DEBUG   Epoch 96 - avg_train_loss: 0.0045  avg_val_loss: 1.6020 F1: 0.570714  Accuracy: 0.681868 Recall@3: 0.846154 time: 419s
2021-06-06 23:12:50,765 DEBUG   Epoch 97 - avg_train_loss: 0.0043  avg_val_loss: 1.6018 F1: 0.571403  Accuracy: 0.682418 Recall@3: 0.847527 time: 424s
2021-06-06 23:19:56,715 DEBUG   Epoch 98 - avg_train_loss: 0.0044  avg_val_loss: 1.5974 F1: 0.572387  Accuracy: 0.686813 Recall@3: 0.846978 time: 426s
2021-06-06 23:26:54,817 DEBUG   Epoch 99 - avg_train_loss: 0.0043  avg_val_loss: 1.5979 F1: 0.572563  Accuracy: 0.685440 Recall@3: 0.848352 time: 418s
2021-06-06 23:33:58,620 DEBUG   Epoch 100 - avg_train_loss: 0.0043  avg_val_loss: 1.6041 F1: 0.571811  Accuracy: 0.683516 Recall@3: 0.846703 time: 424s
2021-06-06 23:33:58,621 INFO [Train model] done in 42725 s.
