2021-05-14 13:07:34,396 INFO [Train model] start
2021-05-14 13:11:54,872 DEBUG   Epoch 1 - avg_train_loss: 3.2416  avg_val_loss: 2.0956 F1: 0.233269  Accuracy: 0.466484 Recall@3: 0.686538 time: 259s
2021-05-14 13:11:54,874 DEBUG   Epoch 1 - Save Best Accuracy: 0.466484 Model
2021-05-14 13:11:55,034 DEBUG   Epoch 1 - Save Best Loss: 2.0956 Model
2021-05-14 13:16:13,870 DEBUG   Epoch 2 - avg_train_loss: 1.8106  avg_val_loss: 1.6072 F1: 0.361428  Accuracy: 0.564560 Recall@3: 0.779121 time: 259s
2021-05-14 13:16:13,871 DEBUG   Epoch 2 - Save Best Accuracy: 0.564560 Model
2021-05-14 13:16:14,030 DEBUG   Epoch 2 - Save Best Loss: 1.6072 Model
2021-05-14 13:20:34,969 DEBUG   Epoch 3 - avg_train_loss: 1.3931  avg_val_loss: 1.5174 F1: 0.431759  Accuracy: 0.590110 Recall@3: 0.794505 time: 261s
2021-05-14 13:20:34,971 DEBUG   Epoch 3 - Save Best Accuracy: 0.590110 Model
2021-05-14 13:20:35,123 DEBUG   Epoch 3 - Save Best Loss: 1.5174 Model
2021-05-14 13:24:55,759 DEBUG   Epoch 4 - avg_train_loss: 1.1539  avg_val_loss: 1.4994 F1: 0.427234  Accuracy: 0.588187 Recall@3: 0.800824 time: 260s
2021-05-14 13:24:55,760 DEBUG   Epoch 4 - Save Best Loss: 1.4994 Model
2021-05-14 13:29:16,026 DEBUG   Epoch 5 - avg_train_loss: 0.9633  avg_val_loss: 1.4627 F1: 0.472859  Accuracy: 0.611264 Recall@3: 0.802198 time: 260s
2021-05-14 13:29:16,028 DEBUG   Epoch 5 - Save Best Accuracy: 0.611264 Model
2021-05-14 13:29:16,212 DEBUG   Epoch 5 - Save Best Loss: 1.4627 Model
2021-05-14 13:33:38,743 DEBUG   Epoch 6 - avg_train_loss: 0.8194  avg_val_loss: 1.3977 F1: 0.493516  Accuracy: 0.634890 Recall@3: 0.821978 time: 262s
2021-05-14 13:33:38,745 DEBUG   Epoch 6 - Save Best Accuracy: 0.634890 Model
2021-05-14 13:33:38,911 DEBUG   Epoch 6 - Save Best Loss: 1.3977 Model
2021-05-14 13:38:01,902 DEBUG   Epoch 7 - avg_train_loss: 0.6992  avg_val_loss: 1.4113 F1: 0.515436  Accuracy: 0.635989 Recall@3: 0.823626 time: 263s
2021-05-14 13:38:01,904 DEBUG   Epoch 7 - Save Best Accuracy: 0.635989 Model
2021-05-14 13:42:21,298 DEBUG   Epoch 8 - avg_train_loss: 0.5944  avg_val_loss: 1.3837 F1: 0.511187  Accuracy: 0.638736 Recall@3: 0.830769 time: 259s
2021-05-14 13:42:21,302 DEBUG   Epoch 8 - Save Best Accuracy: 0.638736 Model
2021-05-14 13:42:21,463 DEBUG   Epoch 8 - Save Best Loss: 1.3837 Model
2021-05-14 13:46:45,875 DEBUG   Epoch 9 - avg_train_loss: 0.5190  avg_val_loss: 1.4100 F1: 0.517330  Accuracy: 0.642857 Recall@3: 0.827747 time: 264s
2021-05-14 13:46:45,877 DEBUG   Epoch 9 - Save Best Accuracy: 0.642857 Model
2021-05-14 13:51:09,843 DEBUG   Epoch 10 - avg_train_loss: 0.4398  avg_val_loss: 1.4479 F1: 0.530576  Accuracy: 0.648077 Recall@3: 0.832692 time: 264s
2021-05-14 13:51:09,845 DEBUG   Epoch 10 - Save Best Accuracy: 0.648077 Model
2021-05-14 13:55:33,249 DEBUG   Epoch 11 - avg_train_loss: 0.3504  avg_val_loss: 1.4267 F1: 0.544846  Accuracy: 0.659341 Recall@3: 0.841758 time: 263s
2021-05-14 13:55:33,250 DEBUG   Epoch 11 - Save Best Accuracy: 0.659341 Model
2021-05-14 13:59:55,567 DEBUG   Epoch 12 - avg_train_loss: 0.2949  avg_val_loss: 1.4580 F1: 0.542322  Accuracy: 0.657692 Recall@3: 0.835165 time: 262s
2021-05-14 14:04:14,781 DEBUG   Epoch 13 - avg_train_loss: 0.2399  avg_val_loss: 1.4793 F1: 0.540479  Accuracy: 0.656044 Recall@3: 0.837912 time: 259s
2021-05-14 14:08:36,009 DEBUG   Epoch 14 - avg_train_loss: 0.2012  avg_val_loss: 1.5040 F1: 0.546486  Accuracy: 0.669780 Recall@3: 0.843681 time: 261s
2021-05-14 14:08:36,010 DEBUG   Epoch 14 - Save Best Accuracy: 0.669780 Model
2021-05-14 14:12:57,829 DEBUG   Epoch 15 - avg_train_loss: 0.1676  avg_val_loss: 1.5412 F1: 0.537864  Accuracy: 0.656868 Recall@3: 0.837912 time: 262s
2021-05-14 14:17:19,748 DEBUG   Epoch 16 - avg_train_loss: 0.1496  avg_val_loss: 1.5579 F1: 0.548185  Accuracy: 0.665110 Recall@3: 0.843407 time: 262s
2021-05-14 14:21:39,496 DEBUG   Epoch 17 - avg_train_loss: 0.1291  avg_val_loss: 1.5348 F1: 0.559743  Accuracy: 0.669505 Recall@3: 0.842582 time: 260s
2021-05-14 14:26:01,284 DEBUG   Epoch 18 - avg_train_loss: 0.1105  avg_val_loss: 1.5854 F1: 0.567800  Accuracy: 0.669780 Recall@3: 0.843407 time: 262s
2021-05-14 14:30:22,921 DEBUG   Epoch 19 - avg_train_loss: 0.0955  avg_val_loss: 1.5625 F1: 0.557127  Accuracy: 0.671703 Recall@3: 0.843132 time: 262s
2021-05-14 14:30:22,922 DEBUG   Epoch 19 - Save Best Accuracy: 0.671703 Model
2021-05-14 14:34:43,758 DEBUG   Epoch 20 - avg_train_loss: 0.0907  avg_val_loss: 1.5542 F1: 0.568518  Accuracy: 0.680769 Recall@3: 0.849451 time: 261s
2021-05-14 14:34:43,759 DEBUG   Epoch 20 - Save Best Accuracy: 0.680769 Model
2021-05-14 14:39:10,499 DEBUG   Epoch 21 - avg_train_loss: 0.0813  avg_val_loss: 1.5587 F1: 0.573077  Accuracy: 0.680495 Recall@3: 0.846703 time: 267s
2021-05-14 14:43:33,991 DEBUG   Epoch 22 - avg_train_loss: 0.0741  avg_val_loss: 1.5926 F1: 0.567148  Accuracy: 0.678846 Recall@3: 0.843407 time: 263s
2021-05-14 14:47:54,566 DEBUG   Epoch 23 - avg_train_loss: 0.0666  avg_val_loss: 1.5780 F1: 0.569177  Accuracy: 0.684890 Recall@3: 0.850549 time: 261s
2021-05-14 14:47:54,567 DEBUG   Epoch 23 - Save Best Accuracy: 0.684890 Model
2021-05-14 14:52:15,567 DEBUG   Epoch 24 - avg_train_loss: 0.0635  avg_val_loss: 1.5671 F1: 0.573885  Accuracy: 0.680495 Recall@3: 0.850549 time: 261s
2021-05-14 14:56:39,769 DEBUG   Epoch 25 - avg_train_loss: 0.0574  avg_val_loss: 1.5986 F1: 0.568024  Accuracy: 0.678846 Recall@3: 0.845879 time: 264s
2021-05-14 15:01:02,652 DEBUG   Epoch 26 - avg_train_loss: 0.0553  avg_val_loss: 1.5768 F1: 0.574216  Accuracy: 0.683242 Recall@3: 0.851099 time: 263s
2021-05-14 15:05:24,514 DEBUG   Epoch 27 - avg_train_loss: 0.0499  avg_val_loss: 1.5758 F1: 0.576497  Accuracy: 0.680769 Recall@3: 0.847527 time: 262s
2021-05-14 15:09:47,341 DEBUG   Epoch 28 - avg_train_loss: 0.0473  avg_val_loss: 1.5951 F1: 0.573635  Accuracy: 0.685440 Recall@3: 0.853297 time: 263s
2021-05-14 15:09:47,342 DEBUG   Epoch 28 - Save Best Accuracy: 0.685440 Model
2021-05-14 15:14:09,177 DEBUG   Epoch 29 - avg_train_loss: 0.0425  avg_val_loss: 1.5879 F1: 0.572793  Accuracy: 0.685714 Recall@3: 0.851099 time: 262s
2021-05-14 15:14:09,178 DEBUG   Epoch 29 - Save Best Accuracy: 0.685714 Model
2021-05-14 15:18:33,519 DEBUG   Epoch 30 - avg_train_loss: 0.0430  avg_val_loss: 1.5839 F1: 0.583091  Accuracy: 0.689835 Recall@3: 0.855220 time: 264s
2021-05-14 15:18:33,521 DEBUG   Epoch 30 - Save Best Accuracy: 0.689835 Model
2021-05-14 15:22:54,327 DEBUG   Epoch 31 - avg_train_loss: 0.0405  avg_val_loss: 1.5842 F1: 0.579733  Accuracy: 0.691758 Recall@3: 0.854670 time: 261s
2021-05-14 15:22:54,328 DEBUG   Epoch 31 - Save Best Accuracy: 0.691758 Model
2021-05-14 15:27:15,920 DEBUG   Epoch 32 - avg_train_loss: 0.0406  avg_val_loss: 1.5915 F1: 0.582237  Accuracy: 0.693132 Recall@3: 0.850824 time: 261s
2021-05-14 15:27:15,922 DEBUG   Epoch 32 - Save Best Accuracy: 0.693132 Model
2021-05-14 15:31:38,711 DEBUG   Epoch 33 - avg_train_loss: 0.0362  avg_val_loss: 1.5886 F1: 0.591723  Accuracy: 0.695879 Recall@3: 0.853571 time: 263s
2021-05-14 15:31:38,712 DEBUG   Epoch 33 - Save Best Accuracy: 0.695879 Model
2021-05-14 15:35:59,871 DEBUG   Epoch 34 - avg_train_loss: 0.0372  avg_val_loss: 1.6081 F1: 0.581232  Accuracy: 0.693956 Recall@3: 0.853571 time: 261s
2021-05-14 15:40:23,802 DEBUG   Epoch 35 - avg_train_loss: 0.0350  avg_val_loss: 1.6109 F1: 0.584959  Accuracy: 0.692582 Recall@3: 0.852747 time: 264s
2021-05-14 15:44:47,875 DEBUG   Epoch 36 - avg_train_loss: 0.0342  avg_val_loss: 1.6216 F1: 0.583743  Accuracy: 0.692033 Recall@3: 0.856593 time: 264s
2021-05-14 15:49:10,620 DEBUG   Epoch 37 - avg_train_loss: 0.0331  avg_val_loss: 1.6140 F1: 0.583735  Accuracy: 0.693132 Recall@3: 0.856319 time: 263s
2021-05-14 15:53:34,016 DEBUG   Epoch 38 - avg_train_loss: 0.0302  avg_val_loss: 1.6203 F1: 0.585175  Accuracy: 0.694231 Recall@3: 0.853297 time: 263s
2021-05-14 15:57:56,799 DEBUG   Epoch 39 - avg_train_loss: 0.0292  avg_val_loss: 1.6226 F1: 0.585474  Accuracy: 0.691484 Recall@3: 0.854121 time: 263s
2021-05-14 16:02:17,678 DEBUG   Epoch 40 - avg_train_loss: 0.0291  avg_val_loss: 1.6259 F1: 0.582776  Accuracy: 0.691758 Recall@3: 0.856868 time: 261s
2021-05-14 16:06:38,195 DEBUG   Epoch 41 - avg_train_loss: 0.0286  avg_val_loss: 1.6260 F1: 0.591089  Accuracy: 0.694231 Recall@3: 0.854945 time: 261s
2021-05-14 16:10:59,550 DEBUG   Epoch 42 - avg_train_loss: 0.0289  avg_val_loss: 1.6239 F1: 0.590664  Accuracy: 0.695879 Recall@3: 0.854396 time: 261s
2021-05-14 16:15:22,551 DEBUG   Epoch 43 - avg_train_loss: 0.0279  avg_val_loss: 1.6239 F1: 0.594121  Accuracy: 0.697802 Recall@3: 0.854121 time: 263s
2021-05-14 16:15:22,553 DEBUG   Epoch 43 - Save Best Accuracy: 0.697802 Model
2021-05-14 16:19:44,174 DEBUG   Epoch 44 - avg_train_loss: 0.0266  avg_val_loss: 1.6218 F1: 0.588235  Accuracy: 0.695330 Recall@3: 0.854396 time: 261s
2021-05-14 16:24:05,675 DEBUG   Epoch 45 - avg_train_loss: 0.0262  avg_val_loss: 1.6189 F1: 0.588872  Accuracy: 0.697802 Recall@3: 0.857143 time: 261s
2021-05-14 16:28:29,695 DEBUG   Epoch 46 - avg_train_loss: 0.0253  avg_val_loss: 1.6258 F1: 0.591650  Accuracy: 0.696154 Recall@3: 0.857967 time: 264s
2021-05-14 16:32:52,289 DEBUG   Epoch 47 - avg_train_loss: 0.0252  avg_val_loss: 1.6250 F1: 0.588853  Accuracy: 0.696154 Recall@3: 0.854670 time: 263s
2021-05-14 16:37:15,289 DEBUG   Epoch 48 - avg_train_loss: 0.0256  avg_val_loss: 1.6285 F1: 0.587451  Accuracy: 0.693681 Recall@3: 0.856044 time: 263s
2021-05-14 16:41:36,868 DEBUG   Epoch 49 - avg_train_loss: 0.0253  avg_val_loss: 1.6365 F1: 0.587438  Accuracy: 0.692582 Recall@3: 0.856044 time: 262s
2021-05-14 16:45:58,721 DEBUG   Epoch 50 - avg_train_loss: 0.0238  avg_val_loss: 1.6289 F1: 0.588957  Accuracy: 0.696154 Recall@3: 0.854945 time: 262s
2021-05-14 16:50:26,606 DEBUG   Epoch 51 - avg_train_loss: 0.0241  avg_val_loss: 1.6317 F1: 0.587998  Accuracy: 0.694780 Recall@3: 0.856868 time: 268s
2021-05-14 16:54:50,766 DEBUG   Epoch 52 - avg_train_loss: 0.0237  avg_val_loss: 1.6352 F1: 0.586720  Accuracy: 0.695055 Recall@3: 0.856319 time: 264s
2021-05-14 16:59:15,218 DEBUG   Epoch 53 - avg_train_loss: 0.0248  avg_val_loss: 1.6349 F1: 0.586532  Accuracy: 0.694505 Recall@3: 0.853571 time: 264s
2021-05-14 17:03:35,791 DEBUG   Epoch 54 - avg_train_loss: 0.0256  avg_val_loss: 1.6358 F1: 0.586336  Accuracy: 0.696429 Recall@3: 0.854396 time: 261s
2021-05-14 17:07:59,026 DEBUG   Epoch 55 - avg_train_loss: 0.0223  avg_val_loss: 1.6357 F1: 0.586509  Accuracy: 0.697253 Recall@3: 0.854670 time: 263s
2021-05-14 17:12:24,634 DEBUG   Epoch 56 - avg_train_loss: 0.0226  avg_val_loss: 1.6333 F1: 0.587125  Accuracy: 0.696703 Recall@3: 0.853571 time: 266s
2021-05-14 17:16:45,594 DEBUG   Epoch 57 - avg_train_loss: 0.0232  avg_val_loss: 1.6362 F1: 0.586449  Accuracy: 0.696429 Recall@3: 0.853846 time: 261s
2021-05-14 17:21:10,418 DEBUG   Epoch 58 - avg_train_loss: 0.0213  avg_val_loss: 1.6379 F1: 0.588714  Accuracy: 0.695330 Recall@3: 0.855220 time: 265s
2021-05-14 17:25:33,085 DEBUG   Epoch 59 - avg_train_loss: 0.0222  avg_val_loss: 1.6408 F1: 0.586227  Accuracy: 0.693407 Recall@3: 0.853846 time: 263s
2021-05-14 17:29:55,994 DEBUG   Epoch 60 - avg_train_loss: 0.0214  avg_val_loss: 1.6368 F1: 0.588313  Accuracy: 0.695330 Recall@3: 0.854670 time: 263s
2021-05-14 17:34:18,227 DEBUG   Epoch 61 - avg_train_loss: 0.0212  avg_val_loss: 1.6415 F1: 0.584051  Accuracy: 0.694505 Recall@3: 0.854945 time: 262s
2021-05-14 17:38:38,810 DEBUG   Epoch 62 - avg_train_loss: 0.0215  avg_val_loss: 1.6398 F1: 0.587232  Accuracy: 0.695055 Recall@3: 0.854670 time: 261s
2021-05-14 17:43:01,887 DEBUG   Epoch 63 - avg_train_loss: 0.0210  avg_val_loss: 1.6434 F1: 0.587397  Accuracy: 0.694505 Recall@3: 0.854945 time: 263s
2021-05-14 17:47:24,121 DEBUG   Epoch 64 - avg_train_loss: 0.0223  avg_val_loss: 1.6433 F1: 0.587939  Accuracy: 0.695330 Recall@3: 0.855220 time: 262s
2021-05-14 17:51:46,451 DEBUG   Epoch 65 - avg_train_loss: 0.0215  avg_val_loss: 1.6448 F1: 0.589020  Accuracy: 0.696154 Recall@3: 0.856319 time: 262s
2021-05-14 17:56:09,016 DEBUG   Epoch 66 - avg_train_loss: 0.0206  avg_val_loss: 1.6422 F1: 0.589119  Accuracy: 0.697253 Recall@3: 0.854670 time: 263s
2021-05-14 18:00:31,201 DEBUG   Epoch 67 - avg_train_loss: 0.0197  avg_val_loss: 1.6417 F1: 0.588842  Accuracy: 0.695879 Recall@3: 0.855769 time: 262s
2021-05-14 18:04:54,594 DEBUG   Epoch 68 - avg_train_loss: 0.0205  avg_val_loss: 1.6386 F1: 0.584678  Accuracy: 0.693132 Recall@3: 0.855769 time: 263s
2021-05-14 18:09:20,216 DEBUG   Epoch 69 - avg_train_loss: 0.0214  avg_val_loss: 1.6420 F1: 0.585630  Accuracy: 0.693681 Recall@3: 0.852747 time: 266s
2021-05-14 18:13:43,163 DEBUG   Epoch 70 - avg_train_loss: 0.0212  avg_val_loss: 1.6404 F1: 0.586389  Accuracy: 0.694505 Recall@3: 0.855495 time: 263s
2021-05-14 18:18:04,951 DEBUG   Epoch 71 - avg_train_loss: 0.0206  avg_val_loss: 1.6450 F1: 0.590061  Accuracy: 0.696154 Recall@3: 0.853846 time: 262s
2021-05-14 18:22:27,980 DEBUG   Epoch 72 - avg_train_loss: 0.0212  avg_val_loss: 1.6454 F1: 0.587245  Accuracy: 0.695330 Recall@3: 0.853571 time: 263s
2021-05-14 18:26:50,205 DEBUG   Epoch 73 - avg_train_loss: 0.0196  avg_val_loss: 1.6409 F1: 0.591231  Accuracy: 0.696703 Recall@3: 0.855495 time: 262s
2021-05-14 18:31:13,443 DEBUG   Epoch 74 - avg_train_loss: 0.0201  avg_val_loss: 1.6435 F1: 0.588715  Accuracy: 0.694780 Recall@3: 0.854945 time: 263s
2021-05-14 18:35:37,947 DEBUG   Epoch 75 - avg_train_loss: 0.0201  avg_val_loss: 1.6443 F1: 0.591907  Accuracy: 0.697253 Recall@3: 0.854670 time: 264s
2021-05-14 18:40:02,911 DEBUG   Epoch 76 - avg_train_loss: 0.0212  avg_val_loss: 1.6411 F1: 0.591817  Accuracy: 0.696978 Recall@3: 0.854121 time: 265s
2021-05-14 18:44:27,489 DEBUG   Epoch 77 - avg_train_loss: 0.0207  avg_val_loss: 1.6422 F1: 0.592092  Accuracy: 0.697527 Recall@3: 0.856868 time: 265s
2021-05-14 18:48:53,612 DEBUG   Epoch 78 - avg_train_loss: 0.0211  avg_val_loss: 1.6419 F1: 0.589458  Accuracy: 0.696154 Recall@3: 0.856593 time: 266s
2021-05-14 18:53:16,023 DEBUG   Epoch 79 - avg_train_loss: 0.0208  avg_val_loss: 1.6407 F1: 0.587080  Accuracy: 0.694231 Recall@3: 0.856868 time: 262s
2021-05-14 18:57:39,946 DEBUG   Epoch 80 - avg_train_loss: 0.0190  avg_val_loss: 1.6433 F1: 0.588416  Accuracy: 0.695330 Recall@3: 0.857143 time: 264s
2021-05-14 19:02:03,429 DEBUG   Epoch 81 - avg_train_loss: 0.0204  avg_val_loss: 1.6413 F1: 0.590096  Accuracy: 0.695055 Recall@3: 0.856868 time: 263s
2021-05-14 19:06:26,012 DEBUG   Epoch 82 - avg_train_loss: 0.0217  avg_val_loss: 1.6399 F1: 0.592413  Accuracy: 0.696978 Recall@3: 0.857692 time: 263s
2021-05-14 19:10:47,160 DEBUG   Epoch 83 - avg_train_loss: 0.0202  avg_val_loss: 1.6405 F1: 0.588993  Accuracy: 0.696978 Recall@3: 0.855220 time: 261s
2021-05-14 19:15:12,447 DEBUG   Epoch 84 - avg_train_loss: 0.0200  avg_val_loss: 1.6362 F1: 0.588156  Accuracy: 0.696154 Recall@3: 0.856319 time: 265s
2021-05-14 19:19:38,005 DEBUG   Epoch 85 - avg_train_loss: 0.0194  avg_val_loss: 1.6398 F1: 0.590006  Accuracy: 0.696703 Recall@3: 0.854670 time: 266s
2021-05-14 19:24:01,119 DEBUG   Epoch 86 - avg_train_loss: 0.0196  avg_val_loss: 1.6395 F1: 0.591247  Accuracy: 0.696978 Recall@3: 0.854396 time: 263s
2021-05-14 19:28:22,840 DEBUG   Epoch 87 - avg_train_loss: 0.0184  avg_val_loss: 1.6395 F1: 0.591683  Accuracy: 0.697253 Recall@3: 0.856044 time: 262s
2021-05-14 19:32:48,038 DEBUG   Epoch 88 - avg_train_loss: 0.0188  avg_val_loss: 1.6394 F1: 0.589463  Accuracy: 0.695879 Recall@3: 0.855769 time: 265s
2021-05-14 19:37:11,747 DEBUG   Epoch 89 - avg_train_loss: 0.0222  avg_val_loss: 1.6393 F1: 0.589451  Accuracy: 0.696703 Recall@3: 0.855495 time: 264s
2021-05-14 19:41:34,113 DEBUG   Epoch 90 - avg_train_loss: 0.0196  avg_val_loss: 1.6387 F1: 0.592036  Accuracy: 0.697802 Recall@3: 0.856319 time: 262s
2021-05-14 19:45:57,563 DEBUG   Epoch 91 - avg_train_loss: 0.0199  avg_val_loss: 1.6395 F1: 0.591115  Accuracy: 0.697253 Recall@3: 0.855495 time: 263s
2021-05-14 19:50:22,431 DEBUG   Epoch 92 - avg_train_loss: 0.0194  avg_val_loss: 1.6401 F1: 0.589225  Accuracy: 0.695604 Recall@3: 0.855495 time: 265s
2021-05-14 19:54:45,035 DEBUG   Epoch 93 - avg_train_loss: 0.0213  avg_val_loss: 1.6402 F1: 0.592456  Accuracy: 0.697253 Recall@3: 0.855769 time: 263s
2021-05-14 19:59:08,218 DEBUG   Epoch 94 - avg_train_loss: 0.0185  avg_val_loss: 1.6392 F1: 0.592856  Accuracy: 0.697253 Recall@3: 0.854121 time: 263s
2021-05-14 20:03:31,203 DEBUG   Epoch 95 - avg_train_loss: 0.0203  avg_val_loss: 1.6403 F1: 0.590460  Accuracy: 0.695879 Recall@3: 0.855769 time: 263s
2021-05-14 20:07:53,542 DEBUG   Epoch 96 - avg_train_loss: 0.0187  avg_val_loss: 1.6354 F1: 0.590663  Accuracy: 0.697802 Recall@3: 0.856868 time: 262s
2021-05-14 20:12:08,819 DEBUG   Epoch 97 - avg_train_loss: 0.0182  avg_val_loss: 1.6413 F1: 0.590837  Accuracy: 0.696703 Recall@3: 0.855769 time: 255s
2021-05-14 20:16:11,654 DEBUG   Epoch 98 - avg_train_loss: 0.0192  avg_val_loss: 1.6402 F1: 0.589053  Accuracy: 0.696154 Recall@3: 0.854945 time: 243s
2021-05-14 20:20:11,566 DEBUG   Epoch 99 - avg_train_loss: 0.0200  avg_val_loss: 1.6428 F1: 0.591218  Accuracy: 0.696703 Recall@3: 0.854945 time: 240s
2021-05-14 20:24:11,914 DEBUG   Epoch 100 - avg_train_loss: 0.0194  avg_val_loss: 1.6449 F1: 0.589865  Accuracy: 0.695879 Recall@3: 0.855495 time: 240s
2021-05-14 20:24:11,915 INFO [Train model] done in 26198 s.
