2021-05-15 00:00:05,570 INFO [Train model] start
2021-05-15 00:07:32,151 DEBUG   Epoch 1 - avg_train_loss: 0.8997  avg_val_loss: 2.3015 F1: 0.198052  Accuracy: 0.443681 Recall@3: 0.648901 time: 445s
2021-05-15 00:07:32,153 DEBUG   Epoch 1 - Save Best Accuracy: 0.443681 Model
2021-05-15 00:07:32,309 DEBUG   Epoch 1 - Save Best Loss: 2.3015 Model
2021-05-15 00:15:02,369 DEBUG   Epoch 2 - avg_train_loss: 0.5107  avg_val_loss: 1.7167 F1: 0.325691  Accuracy: 0.539835 Recall@3: 0.757143 time: 450s
2021-05-15 00:15:02,370 DEBUG   Epoch 2 - Save Best Accuracy: 0.539835 Model
2021-05-15 00:15:02,685 DEBUG   Epoch 2 - Save Best Loss: 1.7167 Model
2021-05-15 00:22:32,451 DEBUG   Epoch 3 - avg_train_loss: 0.3878  avg_val_loss: 1.4893 F1: 0.399527  Accuracy: 0.590934 Recall@3: 0.786813 time: 449s
2021-05-15 00:22:32,452 DEBUG   Epoch 3 - Save Best Accuracy: 0.590934 Model
2021-05-15 00:22:32,730 DEBUG   Epoch 3 - Save Best Loss: 1.4893 Model
2021-05-15 00:30:00,736 DEBUG   Epoch 4 - avg_train_loss: 0.3147  avg_val_loss: 1.3970 F1: 0.464299  Accuracy: 0.617582 Recall@3: 0.814560 time: 448s
2021-05-15 00:30:00,737 DEBUG   Epoch 4 - Save Best Accuracy: 0.617582 Model
2021-05-15 00:30:00,994 DEBUG   Epoch 4 - Save Best Loss: 1.3970 Model
2021-05-15 00:37:30,698 DEBUG   Epoch 5 - avg_train_loss: 0.2690  avg_val_loss: 1.3417 F1: 0.485745  Accuracy: 0.628846 Recall@3: 0.821978 time: 449s
2021-05-15 00:37:30,699 DEBUG   Epoch 5 - Save Best Accuracy: 0.628846 Model
2021-05-15 00:37:30,949 DEBUG   Epoch 5 - Save Best Loss: 1.3417 Model
2021-05-15 00:44:59,939 DEBUG   Epoch 6 - avg_train_loss: 0.2242  avg_val_loss: 1.3359 F1: 0.500180  Accuracy: 0.633242 Recall@3: 0.826923 time: 449s
2021-05-15 00:44:59,940 DEBUG   Epoch 6 - Save Best Accuracy: 0.633242 Model
2021-05-15 00:45:00,213 DEBUG   Epoch 6 - Save Best Loss: 1.3359 Model
2021-05-15 00:52:28,892 DEBUG   Epoch 7 - avg_train_loss: 0.1969  avg_val_loss: 1.3033 F1: 0.529205  Accuracy: 0.652747 Recall@3: 0.834615 time: 448s
2021-05-15 00:52:28,893 DEBUG   Epoch 7 - Save Best Accuracy: 0.652747 Model
2021-05-15 00:52:29,150 DEBUG   Epoch 7 - Save Best Loss: 1.3033 Model
2021-05-15 00:59:58,048 DEBUG   Epoch 8 - avg_train_loss: 0.1690  avg_val_loss: 1.2839 F1: 0.520114  Accuracy: 0.650000 Recall@3: 0.837637 time: 449s
2021-05-15 00:59:58,049 DEBUG   Epoch 8 - Save Best Loss: 1.2839 Model
2021-05-15 01:07:26,651 DEBUG   Epoch 9 - avg_train_loss: 0.1405  avg_val_loss: 1.3319 F1: 0.531100  Accuracy: 0.650000 Recall@3: 0.834615 time: 448s
2021-05-15 01:14:54,968 DEBUG   Epoch 10 - avg_train_loss: 0.1188  avg_val_loss: 1.3486 F1: 0.546093  Accuracy: 0.653846 Recall@3: 0.836264 time: 448s
2021-05-15 01:14:54,969 DEBUG   Epoch 10 - Save Best Accuracy: 0.653846 Model
2021-05-15 01:22:25,629 DEBUG   Epoch 11 - avg_train_loss: 0.0989  avg_val_loss: 1.3406 F1: 0.544949  Accuracy: 0.659615 Recall@3: 0.836264 time: 450s
2021-05-15 01:22:25,632 DEBUG   Epoch 11 - Save Best Accuracy: 0.659615 Model
2021-05-15 01:29:54,421 DEBUG   Epoch 12 - avg_train_loss: 0.0834  avg_val_loss: 1.3828 F1: 0.534771  Accuracy: 0.659066 Recall@3: 0.838187 time: 449s
2021-05-15 01:37:23,391 DEBUG   Epoch 13 - avg_train_loss: 0.0654  avg_val_loss: 1.3751 F1: 0.548149  Accuracy: 0.666758 Recall@3: 0.838736 time: 449s
2021-05-15 01:37:23,393 DEBUG   Epoch 13 - Save Best Accuracy: 0.666758 Model
2021-05-15 01:44:51,922 DEBUG   Epoch 14 - avg_train_loss: 0.0600  avg_val_loss: 1.4520 F1: 0.542418  Accuracy: 0.660714 Recall@3: 0.840110 time: 448s
2021-05-15 01:52:20,663 DEBUG   Epoch 15 - avg_train_loss: 0.0502  avg_val_loss: 1.4125 F1: 0.555840  Accuracy: 0.673901 Recall@3: 0.842857 time: 449s
2021-05-15 01:52:20,664 DEBUG   Epoch 15 - Save Best Accuracy: 0.673901 Model
2021-05-15 01:59:49,075 DEBUG   Epoch 16 - avg_train_loss: 0.0444  avg_val_loss: 1.4359 F1: 0.558566  Accuracy: 0.671978 Recall@3: 0.843681 time: 448s
2021-05-15 02:07:17,156 DEBUG   Epoch 17 - avg_train_loss: 0.0362  avg_val_loss: 1.4429 F1: 0.570059  Accuracy: 0.675549 Recall@3: 0.845604 time: 448s
2021-05-15 02:07:17,158 DEBUG   Epoch 17 - Save Best Accuracy: 0.675549 Model
2021-05-15 02:14:45,703 DEBUG   Epoch 18 - avg_train_loss: 0.0342  avg_val_loss: 1.4880 F1: 0.562055  Accuracy: 0.671978 Recall@3: 0.840385 time: 448s
2021-05-15 02:22:13,941 DEBUG   Epoch 19 - avg_train_loss: 0.0278  avg_val_loss: 1.4740 F1: 0.556214  Accuracy: 0.670604 Recall@3: 0.847527 time: 448s
2021-05-15 02:29:43,673 DEBUG   Epoch 20 - avg_train_loss: 0.0265  avg_val_loss: 1.4826 F1: 0.568623  Accuracy: 0.680769 Recall@3: 0.850549 time: 450s
2021-05-15 02:29:43,674 DEBUG   Epoch 20 - Save Best Accuracy: 0.680769 Model
2021-05-15 02:37:12,773 DEBUG   Epoch 21 - avg_train_loss: 0.0236  avg_val_loss: 1.4911 F1: 0.563299  Accuracy: 0.674451 Recall@3: 0.848352 time: 449s
2021-05-15 02:44:41,292 DEBUG   Epoch 22 - avg_train_loss: 0.0213  avg_val_loss: 1.4985 F1: 0.575550  Accuracy: 0.681593 Recall@3: 0.846703 time: 449s
2021-05-15 02:44:41,293 DEBUG   Epoch 22 - Save Best Accuracy: 0.681593 Model
2021-05-15 02:52:10,976 DEBUG   Epoch 23 - avg_train_loss: 0.0206  avg_val_loss: 1.5075 F1: 0.569926  Accuracy: 0.680769 Recall@3: 0.848352 time: 449s
2021-05-15 02:59:39,939 DEBUG   Epoch 24 - avg_train_loss: 0.0187  avg_val_loss: 1.5232 F1: 0.565206  Accuracy: 0.675824 Recall@3: 0.847253 time: 449s
2021-05-15 03:07:09,066 DEBUG   Epoch 25 - avg_train_loss: 0.0172  avg_val_loss: 1.5342 F1: 0.577375  Accuracy: 0.682418 Recall@3: 0.845330 time: 449s
2021-05-15 03:07:09,068 DEBUG   Epoch 25 - Save Best Accuracy: 0.682418 Model
2021-05-15 03:14:38,292 DEBUG   Epoch 26 - avg_train_loss: 0.0158  avg_val_loss: 1.5537 F1: 0.568070  Accuracy: 0.681319 Recall@3: 0.839560 time: 449s
2021-05-15 03:22:07,077 DEBUG   Epoch 27 - avg_train_loss: 0.0144  avg_val_loss: 1.5355 F1: 0.568836  Accuracy: 0.682418 Recall@3: 0.842033 time: 449s
2021-05-15 03:29:38,073 DEBUG   Epoch 28 - avg_train_loss: 0.0136  avg_val_loss: 1.5206 F1: 0.574200  Accuracy: 0.685165 Recall@3: 0.849725 time: 451s
2021-05-15 03:29:38,074 DEBUG   Epoch 28 - Save Best Accuracy: 0.685165 Model
2021-05-15 03:37:07,196 DEBUG   Epoch 29 - avg_train_loss: 0.0123  avg_val_loss: 1.5530 F1: 0.568264  Accuracy: 0.682692 Recall@3: 0.846978 time: 449s
2021-05-15 03:44:36,095 DEBUG   Epoch 30 - avg_train_loss: 0.0123  avg_val_loss: 1.5539 F1: 0.569156  Accuracy: 0.682143 Recall@3: 0.848077 time: 449s
2021-05-15 03:52:05,348 DEBUG   Epoch 31 - avg_train_loss: 0.0118  avg_val_loss: 1.5512 F1: 0.576357  Accuracy: 0.685989 Recall@3: 0.848077 time: 449s
2021-05-15 03:52:05,350 DEBUG   Epoch 31 - Save Best Accuracy: 0.685989 Model
2021-05-15 03:59:34,093 DEBUG   Epoch 32 - avg_train_loss: 0.0103  avg_val_loss: 1.5485 F1: 0.572960  Accuracy: 0.687637 Recall@3: 0.851099 time: 448s
2021-05-15 03:59:34,094 DEBUG   Epoch 32 - Save Best Accuracy: 0.687637 Model
2021-05-15 04:07:03,188 DEBUG   Epoch 33 - avg_train_loss: 0.0101  avg_val_loss: 1.5670 F1: 0.570432  Accuracy: 0.684890 Recall@3: 0.849725 time: 449s
2021-05-15 04:14:31,842 DEBUG   Epoch 34 - avg_train_loss: 0.0108  avg_val_loss: 1.5641 F1: 0.572683  Accuracy: 0.684890 Recall@3: 0.850824 time: 449s
2021-05-15 04:22:00,746 DEBUG   Epoch 35 - avg_train_loss: 0.0106  avg_val_loss: 1.5666 F1: 0.583636  Accuracy: 0.687912 Recall@3: 0.851923 time: 449s
2021-05-15 04:22:00,748 DEBUG   Epoch 35 - Save Best Accuracy: 0.687912 Model
2021-05-15 04:29:29,310 DEBUG   Epoch 36 - avg_train_loss: 0.0092  avg_val_loss: 1.5758 F1: 0.572190  Accuracy: 0.683242 Recall@3: 0.847802 time: 448s
2021-05-15 04:36:59,657 DEBUG   Epoch 37 - avg_train_loss: 0.0096  avg_val_loss: 1.5661 F1: 0.579667  Accuracy: 0.687088 Recall@3: 0.848077 time: 450s
2021-05-15 04:44:28,570 DEBUG   Epoch 38 - avg_train_loss: 0.0091  avg_val_loss: 1.5601 F1: 0.573474  Accuracy: 0.685440 Recall@3: 0.852198 time: 449s
2021-05-15 04:51:57,072 DEBUG   Epoch 39 - avg_train_loss: 0.0086  avg_val_loss: 1.5717 F1: 0.579689  Accuracy: 0.687363 Recall@3: 0.848626 time: 449s
2021-05-15 04:59:25,231 DEBUG   Epoch 40 - avg_train_loss: 0.0088  avg_val_loss: 1.5795 F1: 0.579745  Accuracy: 0.689011 Recall@3: 0.850549 time: 448s
2021-05-15 04:59:25,232 DEBUG   Epoch 40 - Save Best Accuracy: 0.689011 Model
2021-05-15 05:06:53,336 DEBUG   Epoch 41 - avg_train_loss: 0.0089  avg_val_loss: 1.5817 F1: 0.577992  Accuracy: 0.685989 Recall@3: 0.848626 time: 448s
2021-05-15 05:14:21,699 DEBUG   Epoch 42 - avg_train_loss: 0.0082  avg_val_loss: 1.5765 F1: 0.574213  Accuracy: 0.685989 Recall@3: 0.851374 time: 448s
2021-05-15 05:21:49,854 DEBUG   Epoch 43 - avg_train_loss: 0.0088  avg_val_loss: 1.5818 F1: 0.581694  Accuracy: 0.686538 Recall@3: 0.850824 time: 448s
2021-05-15 05:29:18,028 DEBUG   Epoch 44 - avg_train_loss: 0.0083  avg_val_loss: 1.5814 F1: 0.582067  Accuracy: 0.687637 Recall@3: 0.851923 time: 448s
2021-05-15 05:36:45,885 DEBUG   Epoch 45 - avg_train_loss: 0.0079  avg_val_loss: 1.5868 F1: 0.573980  Accuracy: 0.687912 Recall@3: 0.850000 time: 448s
2021-05-15 05:44:15,875 DEBUG   Epoch 46 - avg_train_loss: 0.0077  avg_val_loss: 1.5864 F1: 0.579386  Accuracy: 0.686538 Recall@3: 0.850000 time: 450s
2021-05-15 05:51:44,181 DEBUG   Epoch 47 - avg_train_loss: 0.0075  avg_val_loss: 1.5819 F1: 0.576815  Accuracy: 0.685989 Recall@3: 0.851099 time: 448s
2021-05-15 05:59:12,291 DEBUG   Epoch 48 - avg_train_loss: 0.0079  avg_val_loss: 1.5901 F1: 0.577535  Accuracy: 0.688462 Recall@3: 0.848626 time: 448s
2021-05-15 06:06:40,581 DEBUG   Epoch 49 - avg_train_loss: 0.0074  avg_val_loss: 1.5929 F1: 0.581519  Accuracy: 0.687363 Recall@3: 0.849176 time: 448s
2021-05-15 06:14:08,929 DEBUG   Epoch 50 - avg_train_loss: 0.0073  avg_val_loss: 1.5858 F1: 0.572017  Accuracy: 0.684341 Recall@3: 0.847802 time: 448s
2021-05-15 06:21:37,475 DEBUG   Epoch 51 - avg_train_loss: 0.0068  avg_val_loss: 1.5958 F1: 0.576519  Accuracy: 0.684615 Recall@3: 0.847527 time: 449s
2021-05-15 06:29:05,730 DEBUG   Epoch 52 - avg_train_loss: 0.0075  avg_val_loss: 1.5919 F1: 0.578422  Accuracy: 0.687088 Recall@3: 0.850549 time: 448s
2021-05-15 06:36:34,176 DEBUG   Epoch 53 - avg_train_loss: 0.0070  avg_val_loss: 1.5956 F1: 0.580059  Accuracy: 0.686813 Recall@3: 0.851648 time: 448s
2021-05-15 06:44:04,919 DEBUG   Epoch 54 - avg_train_loss: 0.0075  avg_val_loss: 1.5976 F1: 0.575894  Accuracy: 0.686538 Recall@3: 0.850824 time: 451s
2021-05-15 06:51:33,403 DEBUG   Epoch 55 - avg_train_loss: 0.0069  avg_val_loss: 1.5948 F1: 0.574483  Accuracy: 0.685165 Recall@3: 0.851374 time: 448s
2021-05-15 06:59:01,528 DEBUG   Epoch 56 - avg_train_loss: 0.0065  avg_val_loss: 1.5914 F1: 0.572905  Accuracy: 0.684615 Recall@3: 0.852198 time: 448s
2021-05-15 07:06:29,609 DEBUG   Epoch 57 - avg_train_loss: 0.0071  avg_val_loss: 1.5916 F1: 0.579997  Accuracy: 0.687637 Recall@3: 0.852198 time: 448s
2021-05-15 07:13:57,983 DEBUG   Epoch 58 - avg_train_loss: 0.0065  avg_val_loss: 1.5986 F1: 0.578951  Accuracy: 0.688736 Recall@3: 0.853022 time: 448s
2021-05-15 07:21:26,199 DEBUG   Epoch 59 - avg_train_loss: 0.0067  avg_val_loss: 1.5951 F1: 0.577504  Accuracy: 0.688462 Recall@3: 0.853022 time: 448s
2021-05-15 07:28:54,204 DEBUG   Epoch 60 - avg_train_loss: 0.0066  avg_val_loss: 1.5984 F1: 0.579381  Accuracy: 0.686813 Recall@3: 0.852473 time: 448s
2021-05-15 07:36:22,925 DEBUG   Epoch 61 - avg_train_loss: 0.0061  avg_val_loss: 1.5938 F1: 0.574774  Accuracy: 0.684615 Recall@3: 0.851923 time: 449s
2021-05-15 07:43:50,717 DEBUG   Epoch 62 - avg_train_loss: 0.0063  avg_val_loss: 1.5918 F1: 0.576549  Accuracy: 0.685440 Recall@3: 0.854121 time: 448s
2021-05-15 07:51:21,033 DEBUG   Epoch 63 - avg_train_loss: 0.0066  avg_val_loss: 1.5992 F1: 0.573487  Accuracy: 0.685165 Recall@3: 0.852473 time: 450s
2021-05-15 07:58:49,050 DEBUG   Epoch 64 - avg_train_loss: 0.0057  avg_val_loss: 1.5998 F1: 0.576331  Accuracy: 0.689011 Recall@3: 0.852473 time: 448s
2021-05-15 08:06:17,281 DEBUG   Epoch 65 - avg_train_loss: 0.0065  avg_val_loss: 1.6017 F1: 0.576639  Accuracy: 0.688187 Recall@3: 0.851923 time: 448s
2021-05-15 08:13:45,688 DEBUG   Epoch 66 - avg_train_loss: 0.0062  avg_val_loss: 1.6051 F1: 0.575311  Accuracy: 0.686264 Recall@3: 0.850824 time: 448s
2021-05-15 08:21:14,199 DEBUG   Epoch 67 - avg_train_loss: 0.0063  avg_val_loss: 1.6021 F1: 0.575300  Accuracy: 0.685989 Recall@3: 0.851374 time: 449s
2021-05-15 08:28:42,443 DEBUG   Epoch 68 - avg_train_loss: 0.0063  avg_val_loss: 1.6068 F1: 0.574447  Accuracy: 0.686264 Recall@3: 0.850549 time: 448s
2021-05-15 08:36:10,914 DEBUG   Epoch 69 - avg_train_loss: 0.0061  avg_val_loss: 1.6062 F1: 0.577827  Accuracy: 0.686813 Recall@3: 0.850275 time: 448s
2021-05-15 08:43:38,922 DEBUG   Epoch 70 - avg_train_loss: 0.0061  avg_val_loss: 1.6044 F1: 0.577377  Accuracy: 0.687088 Recall@3: 0.851099 time: 448s
2021-05-15 08:51:06,988 DEBUG   Epoch 71 - avg_train_loss: 0.0061  avg_val_loss: 1.6046 F1: 0.576928  Accuracy: 0.687363 Recall@3: 0.849725 time: 448s
2021-05-15 08:58:35,934 DEBUG   Epoch 72 - avg_train_loss: 0.0065  avg_val_loss: 1.6027 F1: 0.572918  Accuracy: 0.685714 Recall@3: 0.851099 time: 449s
2021-05-15 09:06:03,957 DEBUG   Epoch 73 - avg_train_loss: 0.0060  avg_val_loss: 1.6056 F1: 0.576635  Accuracy: 0.685989 Recall@3: 0.850275 time: 448s
2021-05-15 09:13:32,309 DEBUG   Epoch 74 - avg_train_loss: 0.0068  avg_val_loss: 1.6064 F1: 0.578155  Accuracy: 0.687363 Recall@3: 0.850275 time: 448s
2021-05-15 09:21:00,638 DEBUG   Epoch 75 - avg_train_loss: 0.0062  avg_val_loss: 1.6094 F1: 0.575084  Accuracy: 0.687088 Recall@3: 0.851099 time: 448s
2021-05-15 09:28:28,773 DEBUG   Epoch 76 - avg_train_loss: 0.0058  avg_val_loss: 1.6053 F1: 0.576340  Accuracy: 0.687088 Recall@3: 0.851099 time: 448s
2021-05-15 09:35:56,781 DEBUG   Epoch 77 - avg_train_loss: 0.0062  avg_val_loss: 1.6075 F1: 0.574629  Accuracy: 0.685714 Recall@3: 0.850824 time: 448s
2021-05-15 09:43:25,059 DEBUG   Epoch 78 - avg_train_loss: 0.0066  avg_val_loss: 1.6087 F1: 0.576245  Accuracy: 0.686264 Recall@3: 0.851099 time: 448s
2021-05-15 09:50:52,988 DEBUG   Epoch 79 - avg_train_loss: 0.0068  avg_val_loss: 1.6067 F1: 0.579422  Accuracy: 0.688187 Recall@3: 0.851648 time: 448s
2021-05-15 09:58:23,615 DEBUG   Epoch 80 - avg_train_loss: 0.0063  avg_val_loss: 1.6094 F1: 0.574634  Accuracy: 0.685714 Recall@3: 0.847253 time: 451s
2021-05-15 10:05:52,248 DEBUG   Epoch 81 - avg_train_loss: 0.0058  avg_val_loss: 1.6049 F1: 0.578522  Accuracy: 0.688187 Recall@3: 0.849451 time: 449s
2021-05-15 10:13:19,940 DEBUG   Epoch 82 - avg_train_loss: 0.0056  avg_val_loss: 1.6113 F1: 0.577390  Accuracy: 0.687637 Recall@3: 0.849725 time: 448s
2021-05-15 10:20:48,198 DEBUG   Epoch 83 - avg_train_loss: 0.0057  avg_val_loss: 1.6069 F1: 0.577673  Accuracy: 0.687637 Recall@3: 0.851099 time: 448s
2021-05-15 10:28:15,999 DEBUG   Epoch 84 - avg_train_loss: 0.0061  avg_val_loss: 1.6082 F1: 0.575615  Accuracy: 0.686538 Recall@3: 0.850000 time: 448s
2021-05-15 10:35:44,211 DEBUG   Epoch 85 - avg_train_loss: 0.0057  avg_val_loss: 1.6062 F1: 0.575200  Accuracy: 0.685714 Recall@3: 0.849176 time: 448s
2021-05-15 10:43:13,265 DEBUG   Epoch 86 - avg_train_loss: 0.0062  avg_val_loss: 1.6145 F1: 0.576282  Accuracy: 0.686538 Recall@3: 0.848901 time: 449s
2021-05-15 10:50:41,437 DEBUG   Epoch 87 - avg_train_loss: 0.0060  avg_val_loss: 1.6076 F1: 0.576180  Accuracy: 0.688187 Recall@3: 0.851099 time: 448s
2021-05-15 10:58:10,164 DEBUG   Epoch 88 - avg_train_loss: 0.0058  avg_val_loss: 1.6061 F1: 0.574005  Accuracy: 0.685714 Recall@3: 0.850275 time: 449s
2021-05-15 11:05:39,506 DEBUG   Epoch 89 - avg_train_loss: 0.0058  avg_val_loss: 1.6077 F1: 0.577980  Accuracy: 0.687912 Recall@3: 0.850275 time: 449s
2021-05-15 11:13:07,722 DEBUG   Epoch 90 - avg_train_loss: 0.0058  avg_val_loss: 1.6085 F1: 0.575740  Accuracy: 0.686813 Recall@3: 0.850275 time: 448s
2021-05-15 11:20:34,094 DEBUG   Epoch 91 - avg_train_loss: 0.0057  avg_val_loss: 1.6099 F1: 0.575695  Accuracy: 0.687088 Recall@3: 0.851648 time: 446s
2021-05-15 11:27:59,027 DEBUG   Epoch 92 - avg_train_loss: 0.0057  avg_val_loss: 1.6080 F1: 0.575397  Accuracy: 0.685714 Recall@3: 0.850275 time: 445s
2021-05-15 11:35:24,077 DEBUG   Epoch 93 - avg_train_loss: 0.0057  avg_val_loss: 1.6073 F1: 0.577359  Accuracy: 0.687912 Recall@3: 0.850824 time: 445s
2021-05-15 11:42:48,429 DEBUG   Epoch 94 - avg_train_loss: 0.0061  avg_val_loss: 1.6069 F1: 0.579503  Accuracy: 0.689011 Recall@3: 0.851099 time: 444s
2021-05-15 11:50:12,631 DEBUG   Epoch 95 - avg_train_loss: 0.0059  avg_val_loss: 1.6081 F1: 0.576674  Accuracy: 0.687088 Recall@3: 0.849725 time: 444s
2021-05-15 11:57:37,575 DEBUG   Epoch 96 - avg_train_loss: 0.0063  avg_val_loss: 1.6079 F1: 0.577864  Accuracy: 0.688187 Recall@3: 0.851099 time: 445s
2021-05-15 12:05:01,775 DEBUG   Epoch 97 - avg_train_loss: 0.0054  avg_val_loss: 1.6130 F1: 0.580450  Accuracy: 0.689560 Recall@3: 0.849176 time: 444s
2021-05-15 12:05:01,777 DEBUG   Epoch 97 - Save Best Accuracy: 0.689560 Model
2021-05-15 12:12:26,313 DEBUG   Epoch 98 - avg_train_loss: 0.0052  avg_val_loss: 1.6064 F1: 0.579718  Accuracy: 0.689011 Recall@3: 0.849451 time: 444s
2021-05-15 12:19:50,108 DEBUG   Epoch 99 - avg_train_loss: 0.0053  avg_val_loss: 1.6063 F1: 0.581702  Accuracy: 0.689560 Recall@3: 0.851648 time: 444s
2021-05-15 12:27:13,834 DEBUG   Epoch 100 - avg_train_loss: 0.0056  avg_val_loss: 1.6056 F1: 0.579042  Accuracy: 0.687637 Recall@3: 0.850000 time: 444s
2021-05-15 12:27:13,835 INFO [Train model] done in 44828 s.
