2021-05-14 13:06:38,332 INFO [Train model] start
2021-05-14 13:10:26,739 DEBUG   Epoch 1 - avg_train_loss: 3.4279  avg_val_loss: 2.3337 F1: 0.195746  Accuracy: 0.419231 Recall@3: 0.627747 time: 227s
2021-05-14 13:10:26,740 DEBUG   Epoch 1 - Save Best Accuracy: 0.419231 Model
2021-05-14 13:10:26,803 DEBUG   Epoch 1 - Save Best Loss: 2.3337 Model
2021-05-14 13:14:40,599 DEBUG   Epoch 2 - avg_train_loss: 1.9985  avg_val_loss: 1.7738 F1: 0.327494  Accuracy: 0.529396 Recall@3: 0.742582 time: 254s
2021-05-14 13:14:40,600 DEBUG   Epoch 2 - Save Best Accuracy: 0.529396 Model
2021-05-14 13:14:40,673 DEBUG   Epoch 2 - Save Best Loss: 1.7738 Model
2021-05-14 13:18:58,285 DEBUG   Epoch 3 - avg_train_loss: 1.5709  avg_val_loss: 1.5575 F1: 0.395063  Accuracy: 0.575549 Recall@3: 0.787363 time: 258s
2021-05-14 13:18:58,286 DEBUG   Epoch 3 - Save Best Accuracy: 0.575549 Model
2021-05-14 13:18:58,344 DEBUG   Epoch 3 - Save Best Loss: 1.5575 Model
2021-05-14 13:23:15,550 DEBUG   Epoch 4 - avg_train_loss: 1.3363  avg_val_loss: 1.5103 F1: 0.437026  Accuracy: 0.588462 Recall@3: 0.793407 time: 257s
2021-05-14 13:23:15,552 DEBUG   Epoch 4 - Save Best Accuracy: 0.588462 Model
2021-05-14 13:23:15,645 DEBUG   Epoch 4 - Save Best Loss: 1.5103 Model
2021-05-14 13:27:32,855 DEBUG   Epoch 5 - avg_train_loss: 1.1630  avg_val_loss: 1.4277 F1: 0.466734  Accuracy: 0.615110 Recall@3: 0.814835 time: 257s
2021-05-14 13:27:32,861 DEBUG   Epoch 5 - Save Best Accuracy: 0.615110 Model
2021-05-14 13:27:32,933 DEBUG   Epoch 5 - Save Best Loss: 1.4277 Model
2021-05-14 13:31:45,425 DEBUG   Epoch 6 - avg_train_loss: 1.0277  avg_val_loss: 1.5796 F1: 0.437753  Accuracy: 0.572802 Recall@3: 0.797527 time: 252s
2021-05-14 13:35:59,643 DEBUG   Epoch 7 - avg_train_loss: 0.9112  avg_val_loss: 1.4342 F1: 0.491787  Accuracy: 0.613187 Recall@3: 0.812912 time: 254s
2021-05-14 13:40:16,413 DEBUG   Epoch 8 - avg_train_loss: 0.7956  avg_val_loss: 1.4258 F1: 0.479344  Accuracy: 0.622527 Recall@3: 0.813187 time: 257s
2021-05-14 13:40:16,416 DEBUG   Epoch 8 - Save Best Accuracy: 0.622527 Model
2021-05-14 13:40:16,478 DEBUG   Epoch 8 - Save Best Loss: 1.4258 Model
2021-05-14 13:44:34,546 DEBUG   Epoch 9 - avg_train_loss: 0.7064  avg_val_loss: 1.3892 F1: 0.512091  Accuracy: 0.639560 Recall@3: 0.814286 time: 258s
2021-05-14 13:44:34,548 DEBUG   Epoch 9 - Save Best Accuracy: 0.639560 Model
2021-05-14 13:44:34,611 DEBUG   Epoch 9 - Save Best Loss: 1.3892 Model
2021-05-14 13:48:48,368 DEBUG   Epoch 10 - avg_train_loss: 0.6334  avg_val_loss: 1.4420 F1: 0.498601  Accuracy: 0.635989 Recall@3: 0.820604 time: 254s
2021-05-14 13:53:04,712 DEBUG   Epoch 11 - avg_train_loss: 0.5716  avg_val_loss: 1.4367 F1: 0.502778  Accuracy: 0.635165 Recall@3: 0.826923 time: 256s
2021-05-14 13:57:19,003 DEBUG   Epoch 12 - avg_train_loss: 0.4880  avg_val_loss: 1.3796 F1: 0.523170  Accuracy: 0.649725 Recall@3: 0.833791 time: 254s
2021-05-14 13:57:19,004 DEBUG   Epoch 12 - Save Best Accuracy: 0.649725 Model
2021-05-14 13:57:19,084 DEBUG   Epoch 12 - Save Best Loss: 1.3796 Model
2021-05-14 14:01:35,537 DEBUG   Epoch 13 - avg_train_loss: 0.4428  avg_val_loss: 1.4473 F1: 0.523359  Accuracy: 0.643407 Recall@3: 0.827473 time: 256s
2021-05-14 14:05:53,968 DEBUG   Epoch 14 - avg_train_loss: 0.4026  avg_val_loss: 1.4308 F1: 0.523159  Accuracy: 0.648626 Recall@3: 0.835440 time: 258s
2021-05-14 14:10:07,716 DEBUG   Epoch 15 - avg_train_loss: 0.3448  avg_val_loss: 1.4637 F1: 0.525867  Accuracy: 0.652198 Recall@3: 0.834341 time: 254s
2021-05-14 14:10:07,719 DEBUG   Epoch 15 - Save Best Accuracy: 0.652198 Model
2021-05-14 14:14:26,901 DEBUG   Epoch 16 - avg_train_loss: 0.3085  avg_val_loss: 1.4788 F1: 0.521857  Accuracy: 0.646703 Recall@3: 0.834066 time: 259s
2021-05-14 14:18:42,143 DEBUG   Epoch 17 - avg_train_loss: 0.2771  avg_val_loss: 1.4852 F1: 0.541512  Accuracy: 0.657692 Recall@3: 0.839835 time: 255s
2021-05-14 14:18:42,144 DEBUG   Epoch 17 - Save Best Accuracy: 0.657692 Model
2021-05-14 14:22:55,640 DEBUG   Epoch 18 - avg_train_loss: 0.2485  avg_val_loss: 1.5487 F1: 0.513229  Accuracy: 0.640659 Recall@3: 0.833791 time: 253s
2021-05-14 14:27:12,416 DEBUG   Epoch 19 - avg_train_loss: 0.2182  avg_val_loss: 1.4443 F1: 0.546149  Accuracy: 0.672253 Recall@3: 0.843407 time: 257s
2021-05-14 14:27:12,417 DEBUG   Epoch 19 - Save Best Accuracy: 0.672253 Model
2021-05-14 14:31:29,624 DEBUG   Epoch 20 - avg_train_loss: 0.2003  avg_val_loss: 1.4804 F1: 0.537374  Accuracy: 0.660714 Recall@3: 0.843407 time: 257s
2021-05-14 14:35:47,720 DEBUG   Epoch 21 - avg_train_loss: 0.1758  avg_val_loss: 1.5181 F1: 0.544905  Accuracy: 0.668407 Recall@3: 0.845879 time: 258s
2021-05-14 14:40:04,758 DEBUG   Epoch 22 - avg_train_loss: 0.1631  avg_val_loss: 1.5438 F1: 0.543523  Accuracy: 0.662088 Recall@3: 0.845330 time: 257s
2021-05-14 14:44:19,582 DEBUG   Epoch 23 - avg_train_loss: 0.1536  avg_val_loss: 1.5757 F1: 0.551800  Accuracy: 0.664835 Recall@3: 0.843956 time: 255s
2021-05-14 14:48:32,882 DEBUG   Epoch 24 - avg_train_loss: 0.1385  avg_val_loss: 1.5590 F1: 0.554623  Accuracy: 0.670055 Recall@3: 0.850549 time: 253s
2021-05-14 14:52:47,231 DEBUG   Epoch 25 - avg_train_loss: 0.1322  avg_val_loss: 1.5618 F1: 0.547110  Accuracy: 0.660989 Recall@3: 0.849725 time: 254s
2021-05-14 14:57:07,251 DEBUG   Epoch 26 - avg_train_loss: 0.1228  avg_val_loss: 1.5634 F1: 0.550039  Accuracy: 0.664835 Recall@3: 0.844780 time: 260s
2021-05-14 15:01:21,912 DEBUG   Epoch 27 - avg_train_loss: 0.1172  avg_val_loss: 1.5470 F1: 0.549538  Accuracy: 0.667033 Recall@3: 0.849725 time: 255s
2021-05-14 15:05:37,102 DEBUG   Epoch 28 - avg_train_loss: 0.1103  avg_val_loss: 1.5588 F1: 0.558181  Accuracy: 0.671429 Recall@3: 0.853571 time: 255s
2021-05-14 15:09:53,442 DEBUG   Epoch 29 - avg_train_loss: 0.1045  avg_val_loss: 1.5496 F1: 0.550435  Accuracy: 0.668956 Recall@3: 0.851648 time: 256s
2021-05-14 15:14:09,379 DEBUG   Epoch 30 - avg_train_loss: 0.0987  avg_val_loss: 1.5610 F1: 0.554015  Accuracy: 0.670330 Recall@3: 0.851648 time: 256s
2021-05-14 15:18:26,887 DEBUG   Epoch 31 - avg_train_loss: 0.0944  avg_val_loss: 1.5570 F1: 0.556945  Accuracy: 0.675549 Recall@3: 0.854396 time: 258s
2021-05-14 15:18:26,889 DEBUG   Epoch 31 - Save Best Accuracy: 0.675549 Model
2021-05-14 15:22:42,327 DEBUG   Epoch 32 - avg_train_loss: 0.0889  avg_val_loss: 1.5827 F1: 0.557269  Accuracy: 0.672527 Recall@3: 0.853297 time: 255s
2021-05-14 15:27:00,492 DEBUG   Epoch 33 - avg_train_loss: 0.0857  avg_val_loss: 1.5784 F1: 0.562053  Accuracy: 0.676099 Recall@3: 0.852198 time: 258s
2021-05-14 15:27:00,494 DEBUG   Epoch 33 - Save Best Accuracy: 0.676099 Model
2021-05-14 15:31:21,150 DEBUG   Epoch 34 - avg_train_loss: 0.0840  avg_val_loss: 1.5696 F1: 0.561921  Accuracy: 0.676374 Recall@3: 0.854945 time: 260s
2021-05-14 15:31:21,151 DEBUG   Epoch 34 - Save Best Accuracy: 0.676374 Model
2021-05-14 15:35:37,513 DEBUG   Epoch 35 - avg_train_loss: 0.0777  avg_val_loss: 1.5675 F1: 0.570459  Accuracy: 0.681868 Recall@3: 0.853022 time: 256s
2021-05-14 15:35:37,514 DEBUG   Epoch 35 - Save Best Accuracy: 0.681868 Model
2021-05-14 15:39:52,945 DEBUG   Epoch 36 - avg_train_loss: 0.0761  avg_val_loss: 1.5854 F1: 0.562099  Accuracy: 0.674176 Recall@3: 0.853571 time: 255s
2021-05-14 15:44:10,496 DEBUG   Epoch 37 - avg_train_loss: 0.0728  avg_val_loss: 1.5762 F1: 0.560390  Accuracy: 0.678571 Recall@3: 0.851099 time: 258s
2021-05-14 15:48:25,993 DEBUG   Epoch 38 - avg_train_loss: 0.0715  avg_val_loss: 1.5855 F1: 0.569145  Accuracy: 0.683791 Recall@3: 0.852198 time: 255s
2021-05-14 15:48:25,995 DEBUG   Epoch 38 - Save Best Accuracy: 0.683791 Model
2021-05-14 15:52:39,992 DEBUG   Epoch 39 - avg_train_loss: 0.0692  avg_val_loss: 1.5949 F1: 0.566553  Accuracy: 0.679670 Recall@3: 0.852747 time: 254s
2021-05-14 15:56:57,517 DEBUG   Epoch 40 - avg_train_loss: 0.0705  avg_val_loss: 1.6085 F1: 0.561740  Accuracy: 0.675275 Recall@3: 0.857692 time: 258s
2021-05-14 16:01:16,843 DEBUG   Epoch 41 - avg_train_loss: 0.0660  avg_val_loss: 1.5929 F1: 0.554105  Accuracy: 0.672802 Recall@3: 0.852747 time: 259s
2021-05-14 16:05:32,214 DEBUG   Epoch 42 - avg_train_loss: 0.0644  avg_val_loss: 1.6086 F1: 0.554853  Accuracy: 0.674725 Recall@3: 0.853297 time: 255s
2021-05-14 16:09:47,071 DEBUG   Epoch 43 - avg_train_loss: 0.0611  avg_val_loss: 1.6016 F1: 0.561428  Accuracy: 0.680220 Recall@3: 0.855220 time: 255s
2021-05-14 16:14:04,020 DEBUG   Epoch 44 - avg_train_loss: 0.0630  avg_val_loss: 1.6089 F1: 0.563196  Accuracy: 0.679121 Recall@3: 0.851648 time: 257s
2021-05-14 16:18:20,850 DEBUG   Epoch 45 - avg_train_loss: 0.0605  avg_val_loss: 1.5978 F1: 0.564007  Accuracy: 0.680769 Recall@3: 0.854121 time: 257s
2021-05-14 16:22:36,784 DEBUG   Epoch 46 - avg_train_loss: 0.0596  avg_val_loss: 1.6083 F1: 0.565215  Accuracy: 0.679670 Recall@3: 0.854945 time: 256s
2021-05-14 16:26:53,318 DEBUG   Epoch 47 - avg_train_loss: 0.0564  avg_val_loss: 1.5971 F1: 0.570196  Accuracy: 0.684066 Recall@3: 0.855769 time: 257s
2021-05-14 16:26:53,320 DEBUG   Epoch 47 - Save Best Accuracy: 0.684066 Model
2021-05-14 16:31:12,413 DEBUG   Epoch 48 - avg_train_loss: 0.0587  avg_val_loss: 1.5949 F1: 0.563851  Accuracy: 0.680495 Recall@3: 0.855495 time: 259s
2021-05-14 16:35:27,883 DEBUG   Epoch 49 - avg_train_loss: 0.0583  avg_val_loss: 1.6152 F1: 0.565003  Accuracy: 0.681044 Recall@3: 0.855495 time: 255s
2021-05-14 16:39:49,575 DEBUG   Epoch 50 - avg_train_loss: 0.0548  avg_val_loss: 1.6108 F1: 0.569756  Accuracy: 0.680769 Recall@3: 0.854945 time: 262s
2021-05-14 16:44:13,133 DEBUG   Epoch 51 - avg_train_loss: 0.0563  avg_val_loss: 1.5973 F1: 0.566818  Accuracy: 0.681319 Recall@3: 0.852198 time: 264s
2021-05-14 16:48:31,040 DEBUG   Epoch 52 - avg_train_loss: 0.0558  avg_val_loss: 1.6073 F1: 0.567929  Accuracy: 0.682143 Recall@3: 0.854121 time: 258s
2021-05-14 16:52:49,413 DEBUG   Epoch 53 - avg_train_loss: 0.0558  avg_val_loss: 1.6084 F1: 0.568135  Accuracy: 0.683516 Recall@3: 0.855495 time: 258s
2021-05-14 16:57:03,555 DEBUG   Epoch 54 - avg_train_loss: 0.0554  avg_val_loss: 1.6163 F1: 0.567283  Accuracy: 0.683516 Recall@3: 0.857692 time: 254s
2021-05-14 17:01:21,971 DEBUG   Epoch 55 - avg_train_loss: 0.0511  avg_val_loss: 1.6081 F1: 0.566586  Accuracy: 0.679121 Recall@3: 0.855769 time: 258s
2021-05-14 17:05:39,640 DEBUG   Epoch 56 - avg_train_loss: 0.0557  avg_val_loss: 1.6083 F1: 0.562424  Accuracy: 0.676923 Recall@3: 0.854670 time: 258s
2021-05-14 17:09:56,713 DEBUG   Epoch 57 - avg_train_loss: 0.0498  avg_val_loss: 1.6130 F1: 0.564789  Accuracy: 0.678022 Recall@3: 0.855220 time: 257s
2021-05-14 17:14:12,965 DEBUG   Epoch 58 - avg_train_loss: 0.0515  avg_val_loss: 1.6039 F1: 0.564845  Accuracy: 0.680220 Recall@3: 0.856868 time: 256s
2021-05-14 17:18:35,501 DEBUG   Epoch 59 - avg_train_loss: 0.0506  avg_val_loss: 1.5999 F1: 0.565103  Accuracy: 0.678846 Recall@3: 0.856593 time: 263s
2021-05-14 17:22:53,521 DEBUG   Epoch 60 - avg_train_loss: 0.0522  avg_val_loss: 1.6110 F1: 0.561616  Accuracy: 0.678846 Recall@3: 0.855220 time: 258s
2021-05-14 17:27:13,491 DEBUG   Epoch 61 - avg_train_loss: 0.0500  avg_val_loss: 1.6149 F1: 0.562005  Accuracy: 0.678846 Recall@3: 0.854945 time: 260s
2021-05-14 17:31:33,717 DEBUG   Epoch 62 - avg_train_loss: 0.0496  avg_val_loss: 1.6097 F1: 0.564901  Accuracy: 0.681593 Recall@3: 0.856593 time: 260s
2021-05-14 17:35:52,181 DEBUG   Epoch 63 - avg_train_loss: 0.0514  avg_val_loss: 1.6103 F1: 0.568754  Accuracy: 0.680495 Recall@3: 0.855769 time: 258s
2021-05-14 17:40:06,989 DEBUG   Epoch 64 - avg_train_loss: 0.0473  avg_val_loss: 1.6068 F1: 0.569695  Accuracy: 0.681593 Recall@3: 0.855769 time: 255s
2021-05-14 17:44:26,512 DEBUG   Epoch 65 - avg_train_loss: 0.0495  avg_val_loss: 1.6082 F1: 0.564155  Accuracy: 0.679670 Recall@3: 0.856319 time: 260s
2021-05-14 17:48:45,233 DEBUG   Epoch 66 - avg_train_loss: 0.0476  avg_val_loss: 1.6116 F1: 0.564887  Accuracy: 0.678571 Recall@3: 0.855769 time: 259s
2021-05-14 17:53:02,388 DEBUG   Epoch 67 - avg_train_loss: 0.0508  avg_val_loss: 1.6135 F1: 0.567477  Accuracy: 0.682418 Recall@3: 0.856044 time: 257s
2021-05-14 17:57:20,000 DEBUG   Epoch 68 - avg_train_loss: 0.0486  avg_val_loss: 1.6150 F1: 0.568066  Accuracy: 0.682418 Recall@3: 0.855769 time: 258s
2021-05-14 18:01:36,564 DEBUG   Epoch 69 - avg_train_loss: 0.0485  avg_val_loss: 1.6138 F1: 0.564091  Accuracy: 0.680769 Recall@3: 0.856319 time: 257s
2021-05-14 18:05:53,963 DEBUG   Epoch 70 - avg_train_loss: 0.0471  avg_val_loss: 1.6161 F1: 0.563456  Accuracy: 0.679670 Recall@3: 0.857143 time: 257s
2021-05-14 18:10:08,519 DEBUG   Epoch 71 - avg_train_loss: 0.0468  avg_val_loss: 1.6158 F1: 0.566301  Accuracy: 0.681593 Recall@3: 0.856319 time: 255s
2021-05-14 18:14:26,834 DEBUG   Epoch 72 - avg_train_loss: 0.0494  avg_val_loss: 1.6146 F1: 0.562039  Accuracy: 0.679121 Recall@3: 0.857143 time: 258s
2021-05-14 18:18:45,998 DEBUG   Epoch 73 - avg_train_loss: 0.0480  avg_val_loss: 1.6152 F1: 0.566240  Accuracy: 0.680220 Recall@3: 0.856044 time: 259s
2021-05-14 18:23:03,054 DEBUG   Epoch 74 - avg_train_loss: 0.0465  avg_val_loss: 1.6192 F1: 0.562761  Accuracy: 0.678022 Recall@3: 0.856044 time: 257s
2021-05-14 18:27:22,528 DEBUG   Epoch 75 - avg_train_loss: 0.0451  avg_val_loss: 1.6193 F1: 0.564434  Accuracy: 0.680220 Recall@3: 0.856319 time: 259s
2021-05-14 18:31:43,479 DEBUG   Epoch 76 - avg_train_loss: 0.0468  avg_val_loss: 1.6167 F1: 0.568012  Accuracy: 0.679945 Recall@3: 0.856044 time: 261s
2021-05-14 18:36:02,464 DEBUG   Epoch 77 - avg_train_loss: 0.0464  avg_val_loss: 1.6137 F1: 0.563731  Accuracy: 0.679670 Recall@3: 0.854396 time: 259s
2021-05-14 18:40:20,320 DEBUG   Epoch 78 - avg_train_loss: 0.0440  avg_val_loss: 1.6164 F1: 0.566760  Accuracy: 0.681044 Recall@3: 0.855495 time: 258s
2021-05-14 18:44:37,001 DEBUG   Epoch 79 - avg_train_loss: 0.0432  avg_val_loss: 1.6093 F1: 0.565101  Accuracy: 0.681593 Recall@3: 0.856319 time: 257s
2021-05-14 18:48:55,250 DEBUG   Epoch 80 - avg_train_loss: 0.0471  avg_val_loss: 1.6120 F1: 0.564262  Accuracy: 0.680495 Recall@3: 0.854945 time: 258s
2021-05-14 18:53:13,999 DEBUG   Epoch 81 - avg_train_loss: 0.0461  avg_val_loss: 1.6137 F1: 0.564154  Accuracy: 0.681044 Recall@3: 0.855769 time: 259s
2021-05-14 18:57:31,858 DEBUG   Epoch 82 - avg_train_loss: 0.0448  avg_val_loss: 1.6179 F1: 0.566670  Accuracy: 0.680495 Recall@3: 0.856044 time: 258s
2021-05-14 19:01:48,372 DEBUG   Epoch 83 - avg_train_loss: 0.0448  avg_val_loss: 1.6161 F1: 0.565694  Accuracy: 0.680495 Recall@3: 0.856868 time: 257s
2021-05-14 19:06:07,340 DEBUG   Epoch 84 - avg_train_loss: 0.0463  avg_val_loss: 1.6175 F1: 0.560163  Accuracy: 0.678571 Recall@3: 0.856868 time: 259s
2021-05-14 19:10:22,361 DEBUG   Epoch 85 - avg_train_loss: 0.0441  avg_val_loss: 1.6137 F1: 0.561109  Accuracy: 0.679396 Recall@3: 0.856593 time: 255s
2021-05-14 19:14:41,251 DEBUG   Epoch 86 - avg_train_loss: 0.0468  avg_val_loss: 1.6201 F1: 0.564280  Accuracy: 0.679670 Recall@3: 0.857692 time: 259s
2021-05-14 19:18:58,468 DEBUG   Epoch 87 - avg_train_loss: 0.0478  avg_val_loss: 1.6192 F1: 0.566719  Accuracy: 0.680769 Recall@3: 0.858242 time: 257s
2021-05-14 19:23:14,657 DEBUG   Epoch 88 - avg_train_loss: 0.0456  avg_val_loss: 1.6206 F1: 0.561511  Accuracy: 0.678571 Recall@3: 0.857692 time: 256s
2021-05-14 19:27:31,311 DEBUG   Epoch 89 - avg_train_loss: 0.0471  avg_val_loss: 1.6165 F1: 0.562446  Accuracy: 0.678846 Recall@3: 0.855769 time: 257s
2021-05-14 19:31:45,756 DEBUG   Epoch 90 - avg_train_loss: 0.0431  avg_val_loss: 1.6185 F1: 0.564162  Accuracy: 0.677747 Recall@3: 0.856868 time: 254s
2021-05-14 19:36:03,071 DEBUG   Epoch 91 - avg_train_loss: 0.0459  avg_val_loss: 1.6191 F1: 0.565680  Accuracy: 0.681319 Recall@3: 0.857143 time: 257s
2021-05-14 19:40:20,272 DEBUG   Epoch 92 - avg_train_loss: 0.0440  avg_val_loss: 1.6187 F1: 0.565007  Accuracy: 0.680495 Recall@3: 0.857967 time: 257s
2021-05-14 19:44:37,506 DEBUG   Epoch 93 - avg_train_loss: 0.0458  avg_val_loss: 1.6172 F1: 0.568922  Accuracy: 0.679670 Recall@3: 0.856593 time: 257s
2021-05-14 19:48:57,078 DEBUG   Epoch 94 - avg_train_loss: 0.0449  avg_val_loss: 1.6142 F1: 0.565392  Accuracy: 0.680220 Recall@3: 0.857692 time: 260s
2021-05-14 19:53:14,337 DEBUG   Epoch 95 - avg_train_loss: 0.0449  avg_val_loss: 1.6167 F1: 0.567976  Accuracy: 0.680220 Recall@3: 0.858242 time: 257s
2021-05-14 19:57:29,763 DEBUG   Epoch 96 - avg_train_loss: 0.0435  avg_val_loss: 1.6173 F1: 0.568757  Accuracy: 0.681593 Recall@3: 0.857418 time: 255s
2021-05-14 20:01:49,112 DEBUG   Epoch 97 - avg_train_loss: 0.0427  avg_val_loss: 1.6188 F1: 0.566905  Accuracy: 0.680769 Recall@3: 0.855769 time: 259s
2021-05-14 20:06:09,652 DEBUG   Epoch 98 - avg_train_loss: 0.0437  avg_val_loss: 1.6183 F1: 0.568686  Accuracy: 0.682418 Recall@3: 0.857418 time: 261s
2021-05-14 20:10:27,765 DEBUG   Epoch 99 - avg_train_loss: 0.0427  avg_val_loss: 1.6164 F1: 0.565630  Accuracy: 0.681044 Recall@3: 0.857692 time: 258s
2021-05-14 20:14:02,324 DEBUG   Epoch 100 - avg_train_loss: 0.0439  avg_val_loss: 1.6161 F1: 0.566571  Accuracy: 0.679396 Recall@3: 0.857143 time: 215s
2021-05-14 20:14:02,325 INFO [Train model] done in 25644 s.
