2021-05-14 12:07:58,070 INFO [Train model] start
2021-05-14 12:13:53,617 DEBUG   Epoch 1 - avg_train_loss: 3.0751  avg_val_loss: 2.2776 F1: 0.207093  Accuracy: 0.416484 Recall@3: 0.627198 time: 354s
2021-05-14 12:13:53,622 DEBUG   Epoch 1 - Save Best Accuracy: 0.416484 Model
2021-05-14 12:13:53,807 DEBUG   Epoch 1 - Save Best Loss: 2.2776 Model
2021-05-14 12:20:12,220 DEBUG   Epoch 2 - avg_train_loss: 1.9284  avg_val_loss: 1.9899 F1: 0.289824  Accuracy: 0.472802 Recall@3: 0.696703 time: 378s
2021-05-14 12:20:12,222 DEBUG   Epoch 2 - Save Best Accuracy: 0.472802 Model
2021-05-14 12:20:12,519 DEBUG   Epoch 2 - Save Best Loss: 1.9899 Model
2021-05-14 12:26:31,652 DEBUG   Epoch 3 - avg_train_loss: 1.5404  avg_val_loss: 1.9038 F1: 0.336589  Accuracy: 0.494505 Recall@3: 0.718681 time: 379s
2021-05-14 12:26:31,653 DEBUG   Epoch 3 - Save Best Accuracy: 0.494505 Model
2021-05-14 12:26:31,983 DEBUG   Epoch 3 - Save Best Loss: 1.9038 Model
2021-05-14 12:32:50,437 DEBUG   Epoch 4 - avg_train_loss: 1.3145  avg_val_loss: 1.8587 F1: 0.375765  Accuracy: 0.506868 Recall@3: 0.728846 time: 378s
2021-05-14 12:32:50,439 DEBUG   Epoch 4 - Save Best Accuracy: 0.506868 Model
2021-05-14 12:32:50,750 DEBUG   Epoch 4 - Save Best Loss: 1.8587 Model
2021-05-14 12:39:05,530 DEBUG   Epoch 5 - avg_train_loss: 1.1213  avg_val_loss: 1.6364 F1: 0.426537  Accuracy: 0.562912 Recall@3: 0.771154 time: 374s
2021-05-14 12:39:05,532 DEBUG   Epoch 5 - Save Best Accuracy: 0.562912 Model
2021-05-14 12:39:05,852 DEBUG   Epoch 5 - Save Best Loss: 1.6364 Model
2021-05-14 12:45:18,953 DEBUG   Epoch 6 - avg_train_loss: 0.9604  avg_val_loss: 1.6257 F1: 0.434886  Accuracy: 0.573352 Recall@3: 0.778846 time: 373s
2021-05-14 12:45:18,954 DEBUG   Epoch 6 - Save Best Accuracy: 0.573352 Model
2021-05-14 12:45:19,231 DEBUG   Epoch 6 - Save Best Loss: 1.6257 Model
2021-05-14 12:51:39,448 DEBUG   Epoch 7 - avg_train_loss: 0.8219  avg_val_loss: 1.6846 F1: 0.434117  Accuracy: 0.570330 Recall@3: 0.771703 time: 380s
2021-05-14 12:58:02,689 DEBUG   Epoch 8 - avg_train_loss: 0.7137  avg_val_loss: 1.7027 F1: 0.428197  Accuracy: 0.560989 Recall@3: 0.774451 time: 383s
2021-05-14 13:04:27,451 DEBUG   Epoch 9 - avg_train_loss: 0.5425  avg_val_loss: 1.6682 F1: 0.456906  Accuracy: 0.580769 Recall@3: 0.787088 time: 385s
2021-05-14 13:04:27,455 DEBUG   Epoch 9 - Save Best Accuracy: 0.580769 Model
2021-05-14 13:10:51,745 DEBUG   Epoch 10 - avg_train_loss: 0.4170  avg_val_loss: 1.6972 F1: 0.460879  Accuracy: 0.582967 Recall@3: 0.785165 time: 384s
2021-05-14 13:10:51,746 DEBUG   Epoch 10 - Save Best Accuracy: 0.582967 Model
2021-05-14 13:17:10,896 DEBUG   Epoch 11 - avg_train_loss: 0.2994  avg_val_loss: 1.6591 F1: 0.476234  Accuracy: 0.607418 Recall@3: 0.795330 time: 379s
2021-05-14 13:17:10,897 DEBUG   Epoch 11 - Save Best Accuracy: 0.607418 Model
2021-05-14 13:23:29,622 DEBUG   Epoch 12 - avg_train_loss: 0.2425  avg_val_loss: 1.6414 F1: 0.493508  Accuracy: 0.618407 Recall@3: 0.807418 time: 378s
2021-05-14 13:23:29,623 DEBUG   Epoch 12 - Save Best Accuracy: 0.618407 Model
2021-05-14 13:29:54,696 DEBUG   Epoch 13 - avg_train_loss: 0.1685  avg_val_loss: 1.6741 F1: 0.502422  Accuracy: 0.623077 Recall@3: 0.808242 time: 385s
2021-05-14 13:29:54,697 DEBUG   Epoch 13 - Save Best Accuracy: 0.623077 Model
2021-05-14 13:36:13,191 DEBUG   Epoch 14 - avg_train_loss: 0.1240  avg_val_loss: 1.6723 F1: 0.511505  Accuracy: 0.626099 Recall@3: 0.809066 time: 378s
2021-05-14 13:36:13,194 DEBUG   Epoch 14 - Save Best Accuracy: 0.626099 Model
2021-05-14 13:42:29,838 DEBUG   Epoch 15 - avg_train_loss: 0.0914  avg_val_loss: 1.6595 F1: 0.525036  Accuracy: 0.634615 Recall@3: 0.817033 time: 376s
2021-05-14 13:42:29,839 DEBUG   Epoch 15 - Save Best Accuracy: 0.634615 Model
2021-05-14 13:48:46,001 DEBUG   Epoch 16 - avg_train_loss: 0.0713  avg_val_loss: 1.6811 F1: 0.518138  Accuracy: 0.636538 Recall@3: 0.815934 time: 376s
2021-05-14 13:48:46,002 DEBUG   Epoch 16 - Save Best Accuracy: 0.636538 Model
2021-05-14 13:55:10,582 DEBUG   Epoch 17 - avg_train_loss: 0.0514  avg_val_loss: 1.6521 F1: 0.535876  Accuracy: 0.648901 Recall@3: 0.818407 time: 384s
2021-05-14 13:55:10,584 DEBUG   Epoch 17 - Save Best Accuracy: 0.648901 Model
2021-05-14 14:01:24,978 DEBUG   Epoch 18 - avg_train_loss: 0.0436  avg_val_loss: 1.6728 F1: 0.542235  Accuracy: 0.658791 Recall@3: 0.824725 time: 374s
2021-05-14 14:01:24,979 DEBUG   Epoch 18 - Save Best Accuracy: 0.658791 Model
2021-05-14 14:07:42,251 DEBUG   Epoch 19 - avg_train_loss: 0.0345  avg_val_loss: 1.6611 F1: 0.525682  Accuracy: 0.648077 Recall@3: 0.827198 time: 377s
2021-05-14 14:13:57,166 DEBUG   Epoch 20 - avg_train_loss: 0.0291  avg_val_loss: 1.6802 F1: 0.525004  Accuracy: 0.645879 Recall@3: 0.818681 time: 375s
2021-05-14 14:20:21,132 DEBUG   Epoch 21 - avg_train_loss: 0.0241  avg_val_loss: 1.6716 F1: 0.523217  Accuracy: 0.645879 Recall@3: 0.826099 time: 384s
2021-05-14 14:26:39,742 DEBUG   Epoch 22 - avg_train_loss: 0.0220  avg_val_loss: 1.6939 F1: 0.536526  Accuracy: 0.657143 Recall@3: 0.825275 time: 379s
2021-05-14 14:33:05,947 DEBUG   Epoch 23 - avg_train_loss: 0.0193  avg_val_loss: 1.6804 F1: 0.531206  Accuracy: 0.651374 Recall@3: 0.821978 time: 386s
2021-05-14 14:39:20,237 DEBUG   Epoch 24 - avg_train_loss: 0.0185  avg_val_loss: 1.6938 F1: 0.529404  Accuracy: 0.648901 Recall@3: 0.827473 time: 374s
2021-05-14 14:45:35,667 DEBUG   Epoch 25 - avg_train_loss: 0.0159  avg_val_loss: 1.6716 F1: 0.531888  Accuracy: 0.654670 Recall@3: 0.831868 time: 375s
2021-05-14 14:52:00,454 DEBUG   Epoch 26 - avg_train_loss: 0.0153  avg_val_loss: 1.7013 F1: 0.528162  Accuracy: 0.653571 Recall@3: 0.827473 time: 385s
2021-05-14 14:58:20,812 DEBUG   Epoch 27 - avg_train_loss: 0.0134  avg_val_loss: 1.6882 F1: 0.540377  Accuracy: 0.657143 Recall@3: 0.824451 time: 380s
2021-05-14 15:04:40,917 DEBUG   Epoch 28 - avg_train_loss: 0.0114  avg_val_loss: 1.6953 F1: 0.538499  Accuracy: 0.657418 Recall@3: 0.825275 time: 380s
2021-05-14 15:11:02,909 DEBUG   Epoch 29 - avg_train_loss: 0.0119  avg_val_loss: 1.7105 F1: 0.533856  Accuracy: 0.654670 Recall@3: 0.825549 time: 382s
2021-05-14 15:17:22,477 DEBUG   Epoch 30 - avg_train_loss: 0.0118  avg_val_loss: 1.6915 F1: 0.530603  Accuracy: 0.654121 Recall@3: 0.826923 time: 380s
2021-05-14 15:23:39,908 DEBUG   Epoch 31 - avg_train_loss: 0.0103  avg_val_loss: 1.7038 F1: 0.540117  Accuracy: 0.658242 Recall@3: 0.830220 time: 377s
2021-05-14 15:30:03,148 DEBUG   Epoch 32 - avg_train_loss: 0.0095  avg_val_loss: 1.7164 F1: 0.536292  Accuracy: 0.658791 Recall@3: 0.828846 time: 383s
2021-05-14 15:36:24,576 DEBUG   Epoch 33 - avg_train_loss: 0.0095  avg_val_loss: 1.7156 F1: 0.536068  Accuracy: 0.656593 Recall@3: 0.832143 time: 381s
2021-05-14 15:42:43,812 DEBUG   Epoch 34 - avg_train_loss: 0.0095  avg_val_loss: 1.7118 F1: 0.537203  Accuracy: 0.656044 Recall@3: 0.829396 time: 379s
2021-05-14 15:49:03,704 DEBUG   Epoch 35 - avg_train_loss: 0.0085  avg_val_loss: 1.7021 F1: 0.535584  Accuracy: 0.657692 Recall@3: 0.829121 time: 380s
2021-05-14 15:55:31,220 DEBUG   Epoch 36 - avg_train_loss: 0.0078  avg_val_loss: 1.7061 F1: 0.541401  Accuracy: 0.659066 Recall@3: 0.828571 time: 388s
2021-05-14 15:55:31,223 DEBUG   Epoch 36 - Save Best Accuracy: 0.659066 Model
2021-05-14 16:01:49,868 DEBUG   Epoch 37 - avg_train_loss: 0.0085  avg_val_loss: 1.7181 F1: 0.542374  Accuracy: 0.659890 Recall@3: 0.829945 time: 378s
2021-05-14 16:01:49,870 DEBUG   Epoch 37 - Save Best Accuracy: 0.659890 Model
2021-05-14 16:08:08,977 DEBUG   Epoch 38 - avg_train_loss: 0.0078  avg_val_loss: 1.7144 F1: 0.537339  Accuracy: 0.657143 Recall@3: 0.831868 time: 379s
2021-05-14 16:14:31,364 DEBUG   Epoch 39 - avg_train_loss: 0.0074  avg_val_loss: 1.7227 F1: 0.539526  Accuracy: 0.660165 Recall@3: 0.829121 time: 382s
2021-05-14 16:14:31,375 DEBUG   Epoch 39 - Save Best Accuracy: 0.660165 Model
2021-05-14 16:20:57,991 DEBUG   Epoch 40 - avg_train_loss: 0.0073  avg_val_loss: 1.7106 F1: 0.538426  Accuracy: 0.660989 Recall@3: 0.829121 time: 386s
2021-05-14 16:20:58,004 DEBUG   Epoch 40 - Save Best Accuracy: 0.660989 Model
2021-05-14 16:27:18,444 DEBUG   Epoch 41 - avg_train_loss: 0.0072  avg_val_loss: 1.7099 F1: 0.541035  Accuracy: 0.661813 Recall@3: 0.831319 time: 380s
2021-05-14 16:27:18,446 DEBUG   Epoch 41 - Save Best Accuracy: 0.661813 Model
2021-05-14 16:33:37,831 DEBUG   Epoch 42 - avg_train_loss: 0.0066  avg_val_loss: 1.7120 F1: 0.534072  Accuracy: 0.657967 Recall@3: 0.832418 time: 379s
2021-05-14 16:40:11,569 DEBUG   Epoch 43 - avg_train_loss: 0.0065  avg_val_loss: 1.7343 F1: 0.538367  Accuracy: 0.659890 Recall@3: 0.828571 time: 394s
2021-05-14 16:46:39,476 DEBUG   Epoch 44 - avg_train_loss: 0.0069  avg_val_loss: 1.7192 F1: 0.532730  Accuracy: 0.657418 Recall@3: 0.833791 time: 388s
2021-05-14 16:53:00,615 DEBUG   Epoch 45 - avg_train_loss: 0.0065  avg_val_loss: 1.7319 F1: 0.540176  Accuracy: 0.660440 Recall@3: 0.829945 time: 381s
2021-05-14 16:59:20,332 DEBUG   Epoch 46 - avg_train_loss: 0.0064  avg_val_loss: 1.7153 F1: 0.538460  Accuracy: 0.662912 Recall@3: 0.831868 time: 380s
2021-05-14 16:59:20,335 DEBUG   Epoch 46 - Save Best Accuracy: 0.662912 Model
2021-05-14 17:05:38,717 DEBUG   Epoch 47 - avg_train_loss: 0.0059  avg_val_loss: 1.7245 F1: 0.530889  Accuracy: 0.657143 Recall@3: 0.832418 time: 378s
2021-05-14 17:12:02,575 DEBUG   Epoch 48 - avg_train_loss: 0.0065  avg_val_loss: 1.7230 F1: 0.533767  Accuracy: 0.660165 Recall@3: 0.830220 time: 384s
2021-05-14 17:18:25,726 DEBUG   Epoch 49 - avg_train_loss: 0.0064  avg_val_loss: 1.7341 F1: 0.536034  Accuracy: 0.660989 Recall@3: 0.830220 time: 383s
2021-05-14 17:24:47,886 DEBUG   Epoch 50 - avg_train_loss: 0.0059  avg_val_loss: 1.7218 F1: 0.531945  Accuracy: 0.660440 Recall@3: 0.830220 time: 382s
2021-05-14 17:31:16,164 DEBUG   Epoch 51 - avg_train_loss: 0.0059  avg_val_loss: 1.7252 F1: 0.533944  Accuracy: 0.656044 Recall@3: 0.831868 time: 388s
2021-05-14 17:37:37,752 DEBUG   Epoch 52 - avg_train_loss: 0.0062  avg_val_loss: 1.7195 F1: 0.536233  Accuracy: 0.660714 Recall@3: 0.830220 time: 382s
2021-05-14 17:44:03,074 DEBUG   Epoch 53 - avg_train_loss: 0.0066  avg_val_loss: 1.7148 F1: 0.541467  Accuracy: 0.662912 Recall@3: 0.831319 time: 385s
2021-05-14 17:50:26,227 DEBUG   Epoch 54 - avg_train_loss: 0.0058  avg_val_loss: 1.7335 F1: 0.534937  Accuracy: 0.659341 Recall@3: 0.828297 time: 383s
2021-05-14 17:56:51,693 DEBUG   Epoch 55 - avg_train_loss: 0.0054  avg_val_loss: 1.7329 F1: 0.539293  Accuracy: 0.663187 Recall@3: 0.830495 time: 385s
2021-05-14 17:56:51,694 DEBUG   Epoch 55 - Save Best Accuracy: 0.663187 Model
2021-05-14 18:03:19,907 DEBUG   Epoch 56 - avg_train_loss: 0.0062  avg_val_loss: 1.7251 F1: 0.537979  Accuracy: 0.661264 Recall@3: 0.829670 time: 388s
2021-05-14 18:09:42,692 DEBUG   Epoch 57 - avg_train_loss: 0.0055  avg_val_loss: 1.7227 F1: 0.541024  Accuracy: 0.662912 Recall@3: 0.831319 time: 383s
2021-05-14 18:16:09,992 DEBUG   Epoch 58 - avg_train_loss: 0.0050  avg_val_loss: 1.7429 F1: 0.542310  Accuracy: 0.662088 Recall@3: 0.832418 time: 387s
2021-05-14 18:22:33,486 DEBUG   Epoch 59 - avg_train_loss: 0.0056  avg_val_loss: 1.7297 F1: 0.538911  Accuracy: 0.661538 Recall@3: 0.832143 time: 383s
2021-05-14 18:28:52,684 DEBUG   Epoch 60 - avg_train_loss: 0.0057  avg_val_loss: 1.7338 F1: 0.530853  Accuracy: 0.655495 Recall@3: 0.834615 time: 379s
2021-05-14 18:35:11,281 DEBUG   Epoch 61 - avg_train_loss: 0.0051  avg_val_loss: 1.7376 F1: 0.536971  Accuracy: 0.657692 Recall@3: 0.833516 time: 379s
2021-05-14 18:41:34,710 DEBUG   Epoch 62 - avg_train_loss: 0.0050  avg_val_loss: 1.7331 F1: 0.536141  Accuracy: 0.660440 Recall@3: 0.832143 time: 383s
2021-05-14 18:48:01,285 DEBUG   Epoch 63 - avg_train_loss: 0.0053  avg_val_loss: 1.7265 F1: 0.535992  Accuracy: 0.658791 Recall@3: 0.832143 time: 387s
2021-05-14 18:54:22,899 DEBUG   Epoch 64 - avg_train_loss: 0.0056  avg_val_loss: 1.7301 F1: 0.534690  Accuracy: 0.658791 Recall@3: 0.832143 time: 382s
2021-05-14 19:00:48,452 DEBUG   Epoch 65 - avg_train_loss: 0.0049  avg_val_loss: 1.7205 F1: 0.538648  Accuracy: 0.659615 Recall@3: 0.833791 time: 386s
2021-05-14 19:07:11,024 DEBUG   Epoch 66 - avg_train_loss: 0.0052  avg_val_loss: 1.7301 F1: 0.532114  Accuracy: 0.656868 Recall@3: 0.833516 time: 383s
2021-05-14 19:13:30,804 DEBUG   Epoch 67 - avg_train_loss: 0.0054  avg_val_loss: 1.7294 F1: 0.536119  Accuracy: 0.659615 Recall@3: 0.831593 time: 380s
2021-05-14 19:19:48,154 DEBUG   Epoch 68 - avg_train_loss: 0.0053  avg_val_loss: 1.7394 F1: 0.536847  Accuracy: 0.658242 Recall@3: 0.831319 time: 377s
2021-05-14 19:26:07,833 DEBUG   Epoch 69 - avg_train_loss: 0.0051  avg_val_loss: 1.7204 F1: 0.538765  Accuracy: 0.662637 Recall@3: 0.831593 time: 380s
2021-05-14 19:32:25,021 DEBUG   Epoch 70 - avg_train_loss: 0.0056  avg_val_loss: 1.7240 F1: 0.536143  Accuracy: 0.658791 Recall@3: 0.831319 time: 377s
2021-05-14 19:38:43,142 DEBUG   Epoch 71 - avg_train_loss: 0.0051  avg_val_loss: 1.7232 F1: 0.544715  Accuracy: 0.663187 Recall@3: 0.831319 time: 378s
2021-05-14 19:44:49,531 DEBUG   Epoch 72 - avg_train_loss: 0.0053  avg_val_loss: 1.7292 F1: 0.538120  Accuracy: 0.660440 Recall@3: 0.834341 time: 366s
2021-05-14 19:51:09,471 DEBUG   Epoch 73 - avg_train_loss: 0.0050  avg_val_loss: 1.7233 F1: 0.536912  Accuracy: 0.660165 Recall@3: 0.832967 time: 380s
2021-05-14 19:57:24,152 DEBUG   Epoch 74 - avg_train_loss: 0.0049  avg_val_loss: 1.7377 F1: 0.539245  Accuracy: 0.662912 Recall@3: 0.829396 time: 375s
2021-05-14 20:03:44,808 DEBUG   Epoch 75 - avg_train_loss: 0.0054  avg_val_loss: 1.7305 F1: 0.539811  Accuracy: 0.663187 Recall@3: 0.830769 time: 381s
2021-05-14 20:10:04,170 DEBUG   Epoch 76 - avg_train_loss: 0.0049  avg_val_loss: 1.7256 F1: 0.540088  Accuracy: 0.660440 Recall@3: 0.834066 time: 379s
2021-05-14 20:16:23,821 DEBUG   Epoch 77 - avg_train_loss: 0.0050  avg_val_loss: 1.7249 F1: 0.535864  Accuracy: 0.659890 Recall@3: 0.832692 time: 380s
2021-05-14 20:22:40,478 DEBUG   Epoch 78 - avg_train_loss: 0.0050  avg_val_loss: 1.7350 F1: 0.542245  Accuracy: 0.661538 Recall@3: 0.830769 time: 377s
2021-05-14 20:29:01,507 DEBUG   Epoch 79 - avg_train_loss: 0.0052  avg_val_loss: 1.7234 F1: 0.543671  Accuracy: 0.662912 Recall@3: 0.832967 time: 381s
2021-05-14 20:35:21,010 DEBUG   Epoch 80 - avg_train_loss: 0.0048  avg_val_loss: 1.7393 F1: 0.540763  Accuracy: 0.661264 Recall@3: 0.830220 time: 380s
2021-05-14 20:41:33,516 DEBUG   Epoch 81 - avg_train_loss: 0.0048  avg_val_loss: 1.7277 F1: 0.531376  Accuracy: 0.657418 Recall@3: 0.832143 time: 372s
2021-05-14 20:47:52,555 DEBUG   Epoch 82 - avg_train_loss: 0.0047  avg_val_loss: 1.7346 F1: 0.536705  Accuracy: 0.661264 Recall@3: 0.831593 time: 379s
2021-05-14 20:54:12,575 DEBUG   Epoch 83 - avg_train_loss: 0.0047  avg_val_loss: 1.7338 F1: 0.539866  Accuracy: 0.661538 Recall@3: 0.830769 time: 380s
2021-05-14 21:00:34,179 DEBUG   Epoch 84 - avg_train_loss: 0.0049  avg_val_loss: 1.7379 F1: 0.537294  Accuracy: 0.660989 Recall@3: 0.832692 time: 382s
2021-05-14 21:06:54,684 DEBUG   Epoch 85 - avg_train_loss: 0.0050  avg_val_loss: 1.7187 F1: 0.534956  Accuracy: 0.658791 Recall@3: 0.832143 time: 380s
2021-05-14 21:13:16,317 DEBUG   Epoch 86 - avg_train_loss: 0.0052  avg_val_loss: 1.7188 F1: 0.532625  Accuracy: 0.659066 Recall@3: 0.834615 time: 382s
2021-05-14 21:19:30,800 DEBUG   Epoch 87 - avg_train_loss: 0.0047  avg_val_loss: 1.7102 F1: 0.540492  Accuracy: 0.662912 Recall@3: 0.833242 time: 374s
2021-05-14 21:25:49,353 DEBUG   Epoch 88 - avg_train_loss: 0.0053  avg_val_loss: 1.7327 F1: 0.532822  Accuracy: 0.658791 Recall@3: 0.829945 time: 379s
2021-05-14 21:32:08,356 DEBUG   Epoch 89 - avg_train_loss: 0.0047  avg_val_loss: 1.7258 F1: 0.537368  Accuracy: 0.662088 Recall@3: 0.832692 time: 379s
2021-05-14 21:38:27,709 DEBUG   Epoch 90 - avg_train_loss: 0.0048  avg_val_loss: 1.7345 F1: 0.539217  Accuracy: 0.661538 Recall@3: 0.831868 time: 379s
2021-05-14 21:44:46,611 DEBUG   Epoch 91 - avg_train_loss: 0.0046  avg_val_loss: 1.7359 F1: 0.536523  Accuracy: 0.660989 Recall@3: 0.833242 time: 379s
2021-05-14 21:51:09,693 DEBUG   Epoch 92 - avg_train_loss: 0.0048  avg_val_loss: 1.7149 F1: 0.538440  Accuracy: 0.664286 Recall@3: 0.830495 time: 383s
2021-05-14 21:51:09,703 DEBUG   Epoch 92 - Save Best Accuracy: 0.664286 Model
2021-05-14 21:57:26,742 DEBUG   Epoch 93 - avg_train_loss: 0.0044  avg_val_loss: 1.7270 F1: 0.538626  Accuracy: 0.662088 Recall@3: 0.833242 time: 377s
2021-05-14 22:03:46,750 DEBUG   Epoch 94 - avg_train_loss: 0.0048  avg_val_loss: 1.7194 F1: 0.544076  Accuracy: 0.663462 Recall@3: 0.833791 time: 380s
2021-05-14 22:10:11,584 DEBUG   Epoch 95 - avg_train_loss: 0.0047  avg_val_loss: 1.7346 F1: 0.546157  Accuracy: 0.662088 Recall@3: 0.829121 time: 385s
2021-05-14 22:16:33,142 DEBUG   Epoch 96 - avg_train_loss: 0.0049  avg_val_loss: 1.7247 F1: 0.534623  Accuracy: 0.660165 Recall@3: 0.831319 time: 382s
2021-05-14 22:22:51,339 DEBUG   Epoch 97 - avg_train_loss: 0.0048  avg_val_loss: 1.7383 F1: 0.534204  Accuracy: 0.662363 Recall@3: 0.832418 time: 378s
2021-05-14 22:29:07,060 DEBUG   Epoch 98 - avg_train_loss: 0.0052  avg_val_loss: 1.7353 F1: 0.540216  Accuracy: 0.660440 Recall@3: 0.832143 time: 376s
2021-05-14 22:35:25,291 DEBUG   Epoch 99 - avg_train_loss: 0.0047  avg_val_loss: 1.7294 F1: 0.538084  Accuracy: 0.659890 Recall@3: 0.831044 time: 378s
2021-05-14 22:39:47,510 DEBUG   Epoch 100 - avg_train_loss: 0.0045  avg_val_loss: 1.7334 F1: 0.535092  Accuracy: 0.659066 Recall@3: 0.829670 time: 262s
2021-05-14 22:39:47,511 INFO [Train model] done in 37909 s.
