2021-05-14 23:00:00,440 INFO [Train model] start
2021-05-14 23:05:04,522 DEBUG   Epoch 1 - avg_train_loss: 0.7724  avg_val_loss: 2.1780 F1: 0.228741  Accuracy: 0.440110 Recall@3: 0.654670 time: 303s
2021-05-14 23:05:04,523 DEBUG   Epoch 1 - Save Best Accuracy: 0.440110 Model
2021-05-14 23:05:04,781 DEBUG   Epoch 1 - Save Best Loss: 2.1780 Model
2021-05-14 23:10:47,611 DEBUG   Epoch 2 - avg_train_loss: 0.4738  avg_val_loss: 1.7674 F1: 0.335785  Accuracy: 0.528571 Recall@3: 0.742308 time: 343s
2021-05-14 23:10:47,613 DEBUG   Epoch 2 - Save Best Accuracy: 0.528571 Model
2021-05-14 23:10:48,088 DEBUG   Epoch 2 - Save Best Loss: 1.7674 Model
2021-05-14 23:16:30,506 DEBUG   Epoch 3 - avg_train_loss: 0.3799  avg_val_loss: 1.6462 F1: 0.398621  Accuracy: 0.561264 Recall@3: 0.762912 time: 342s
2021-05-14 23:16:30,507 DEBUG   Epoch 3 - Save Best Accuracy: 0.561264 Model
2021-05-14 23:16:30,927 DEBUG   Epoch 3 - Save Best Loss: 1.6462 Model
2021-05-14 23:22:29,264 DEBUG   Epoch 4 - avg_train_loss: 0.3176  avg_val_loss: 1.5914 F1: 0.421203  Accuracy: 0.581868 Recall@3: 0.781868 time: 358s
2021-05-14 23:22:29,265 DEBUG   Epoch 4 - Save Best Accuracy: 0.581868 Model
2021-05-14 23:22:29,679 DEBUG   Epoch 4 - Save Best Loss: 1.5914 Model
2021-05-14 23:28:27,005 DEBUG   Epoch 5 - avg_train_loss: 0.2773  avg_val_loss: 1.5482 F1: 0.437124  Accuracy: 0.576099 Recall@3: 0.788736 time: 357s
2021-05-14 23:28:27,006 DEBUG   Epoch 5 - Save Best Loss: 1.5482 Model
2021-05-14 23:34:11,163 DEBUG   Epoch 6 - avg_train_loss: 0.2368  avg_val_loss: 1.5865 F1: 0.461502  Accuracy: 0.592033 Recall@3: 0.793681 time: 344s
2021-05-14 23:34:11,164 DEBUG   Epoch 6 - Save Best Accuracy: 0.592033 Model
2021-05-14 23:40:07,025 DEBUG   Epoch 7 - avg_train_loss: 0.2060  avg_val_loss: 1.6049 F1: 0.455155  Accuracy: 0.583791 Recall@3: 0.783791 time: 356s
2021-05-14 23:46:00,321 DEBUG   Epoch 8 - avg_train_loss: 0.1668  avg_val_loss: 1.5567 F1: 0.472348  Accuracy: 0.613187 Recall@3: 0.802747 time: 353s
2021-05-14 23:46:00,322 DEBUG   Epoch 8 - Save Best Accuracy: 0.613187 Model
2021-05-14 23:51:53,525 DEBUG   Epoch 9 - avg_train_loss: 0.1387  avg_val_loss: 1.5983 F1: 0.489190  Accuracy: 0.610714 Recall@3: 0.805769 time: 353s
2021-05-14 23:57:40,097 DEBUG   Epoch 10 - avg_train_loss: 0.1124  avg_val_loss: 1.5696 F1: 0.503548  Accuracy: 0.628297 Recall@3: 0.817582 time: 347s
2021-05-14 23:57:40,099 DEBUG   Epoch 10 - Save Best Accuracy: 0.628297 Model
2021-05-15 00:03:40,956 DEBUG   Epoch 11 - avg_train_loss: 0.0876  avg_val_loss: 1.5684 F1: 0.507823  Accuracy: 0.623901 Recall@3: 0.810440 time: 360s
2021-05-15 00:09:41,267 DEBUG   Epoch 12 - avg_train_loss: 0.0665  avg_val_loss: 1.5704 F1: 0.536477  Accuracy: 0.645055 Recall@3: 0.817857 time: 360s
2021-05-15 00:09:41,269 DEBUG   Epoch 12 - Save Best Accuracy: 0.645055 Model
2021-05-15 00:15:30,479 DEBUG   Epoch 13 - avg_train_loss: 0.0553  avg_val_loss: 1.5881 F1: 0.517863  Accuracy: 0.635714 Recall@3: 0.813462 time: 349s
2021-05-15 00:21:23,666 DEBUG   Epoch 14 - avg_train_loss: 0.0416  avg_val_loss: 1.6271 F1: 0.523211  Accuracy: 0.637912 Recall@3: 0.815659 time: 353s
2021-05-15 00:27:23,410 DEBUG   Epoch 15 - avg_train_loss: 0.0339  avg_val_loss: 1.6726 F1: 0.521025  Accuracy: 0.638462 Recall@3: 0.820330 time: 360s
2021-05-15 00:33:26,477 DEBUG   Epoch 16 - avg_train_loss: 0.0265  avg_val_loss: 1.6576 F1: 0.533405  Accuracy: 0.646154 Recall@3: 0.820879 time: 363s
2021-05-15 00:33:26,479 DEBUG   Epoch 16 - Save Best Accuracy: 0.646154 Model
2021-05-15 00:39:19,634 DEBUG   Epoch 17 - avg_train_loss: 0.0204  avg_val_loss: 1.6817 F1: 0.527323  Accuracy: 0.649451 Recall@3: 0.822253 time: 353s
2021-05-15 00:39:19,636 DEBUG   Epoch 17 - Save Best Accuracy: 0.649451 Model
2021-05-15 00:45:15,653 DEBUG   Epoch 18 - avg_train_loss: 0.0151  avg_val_loss: 1.6671 F1: 0.530987  Accuracy: 0.652198 Recall@3: 0.824176 time: 356s
2021-05-15 00:45:15,653 DEBUG   Epoch 18 - Save Best Accuracy: 0.652198 Model
2021-05-15 00:51:19,327 DEBUG   Epoch 19 - avg_train_loss: 0.0126  avg_val_loss: 1.6621 F1: 0.540362  Accuracy: 0.658242 Recall@3: 0.824725 time: 363s
2021-05-15 00:51:19,328 DEBUG   Epoch 19 - Save Best Accuracy: 0.658242 Model
2021-05-15 00:57:08,515 DEBUG   Epoch 20 - avg_train_loss: 0.0113  avg_val_loss: 1.6775 F1: 0.535935  Accuracy: 0.655220 Recall@3: 0.825275 time: 349s
2021-05-15 01:02:58,125 DEBUG   Epoch 21 - avg_train_loss: 0.0093  avg_val_loss: 1.6711 F1: 0.535170  Accuracy: 0.658242 Recall@3: 0.828846 time: 350s
2021-05-15 01:08:56,014 DEBUG   Epoch 22 - avg_train_loss: 0.0075  avg_val_loss: 1.6875 F1: 0.541716  Accuracy: 0.652747 Recall@3: 0.828297 time: 358s
2021-05-15 01:14:56,527 DEBUG   Epoch 23 - avg_train_loss: 0.0068  avg_val_loss: 1.7001 F1: 0.544821  Accuracy: 0.658242 Recall@3: 0.826374 time: 361s
2021-05-15 01:20:46,809 DEBUG   Epoch 24 - avg_train_loss: 0.0060  avg_val_loss: 1.7121 F1: 0.543148  Accuracy: 0.660165 Recall@3: 0.823901 time: 350s
2021-05-15 01:20:46,810 DEBUG   Epoch 24 - Save Best Accuracy: 0.660165 Model
2021-05-15 01:26:41,997 DEBUG   Epoch 25 - avg_train_loss: 0.0057  avg_val_loss: 1.7205 F1: 0.546464  Accuracy: 0.659341 Recall@3: 0.821154 time: 355s
2021-05-15 01:32:44,400 DEBUG   Epoch 26 - avg_train_loss: 0.0053  avg_val_loss: 1.7271 F1: 0.545892  Accuracy: 0.657418 Recall@3: 0.829121 time: 362s
2021-05-15 01:38:40,347 DEBUG   Epoch 27 - avg_train_loss: 0.0048  avg_val_loss: 1.7566 F1: 0.543030  Accuracy: 0.659066 Recall@3: 0.825824 time: 356s
2021-05-15 01:44:29,806 DEBUG   Epoch 28 - avg_train_loss: 0.0044  avg_val_loss: 1.7234 F1: 0.551127  Accuracy: 0.664560 Recall@3: 0.832418 time: 349s
2021-05-15 01:44:29,807 DEBUG   Epoch 28 - Save Best Accuracy: 0.664560 Model
2021-05-15 01:50:26,935 DEBUG   Epoch 29 - avg_train_loss: 0.0036  avg_val_loss: 1.7667 F1: 0.544440  Accuracy: 0.664835 Recall@3: 0.821154 time: 357s
2021-05-15 01:50:26,936 DEBUG   Epoch 29 - Save Best Accuracy: 0.664835 Model
2021-05-15 01:56:22,537 DEBUG   Epoch 30 - avg_train_loss: 0.0036  avg_val_loss: 1.7405 F1: 0.545510  Accuracy: 0.661264 Recall@3: 0.825824 time: 355s
2021-05-15 02:02:10,335 DEBUG   Epoch 31 - avg_train_loss: 0.0038  avg_val_loss: 1.7413 F1: 0.554496  Accuracy: 0.667033 Recall@3: 0.826923 time: 348s
2021-05-15 02:02:10,336 DEBUG   Epoch 31 - Save Best Accuracy: 0.667033 Model
2021-05-15 02:08:10,958 DEBUG   Epoch 32 - avg_train_loss: 0.0030  avg_val_loss: 1.7212 F1: 0.551549  Accuracy: 0.667033 Recall@3: 0.827473 time: 360s
2021-05-15 02:14:10,984 DEBUG   Epoch 33 - avg_train_loss: 0.0028  avg_val_loss: 1.7202 F1: 0.550860  Accuracy: 0.663736 Recall@3: 0.826648 time: 360s
2021-05-15 02:20:01,231 DEBUG   Epoch 34 - avg_train_loss: 0.0032  avg_val_loss: 1.7463 F1: 0.551341  Accuracy: 0.667033 Recall@3: 0.828297 time: 350s
2021-05-15 02:25:54,135 DEBUG   Epoch 35 - avg_train_loss: 0.0028  avg_val_loss: 1.7372 F1: 0.549575  Accuracy: 0.667033 Recall@3: 0.827473 time: 353s
2021-05-15 02:31:56,404 DEBUG   Epoch 36 - avg_train_loss: 0.0027  avg_val_loss: 1.7634 F1: 0.548795  Accuracy: 0.662637 Recall@3: 0.827198 time: 362s
2021-05-15 02:37:47,615 DEBUG   Epoch 37 - avg_train_loss: 0.0024  avg_val_loss: 1.7529 F1: 0.551615  Accuracy: 0.665110 Recall@3: 0.824725 time: 351s
2021-05-15 02:43:41,287 DEBUG   Epoch 38 - avg_train_loss: 0.0023  avg_val_loss: 1.7711 F1: 0.554543  Accuracy: 0.666209 Recall@3: 0.823077 time: 354s
2021-05-15 02:49:37,369 DEBUG   Epoch 39 - avg_train_loss: 0.0024  avg_val_loss: 1.7383 F1: 0.556993  Accuracy: 0.668956 Recall@3: 0.826374 time: 356s
2021-05-15 02:49:37,370 DEBUG   Epoch 39 - Save Best Accuracy: 0.668956 Model
2021-05-15 02:55:35,973 DEBUG   Epoch 40 - avg_train_loss: 0.0023  avg_val_loss: 1.7311 F1: 0.551152  Accuracy: 0.670055 Recall@3: 0.828022 time: 358s
2021-05-15 02:55:35,974 DEBUG   Epoch 40 - Save Best Accuracy: 0.670055 Model
2021-05-15 03:01:30,450 DEBUG   Epoch 41 - avg_train_loss: 0.0022  avg_val_loss: 1.7519 F1: 0.557650  Accuracy: 0.671429 Recall@3: 0.825000 time: 354s
2021-05-15 03:01:30,451 DEBUG   Epoch 41 - Save Best Accuracy: 0.671429 Model
2021-05-15 03:07:22,639 DEBUG   Epoch 42 - avg_train_loss: 0.0027  avg_val_loss: 1.7902 F1: 0.550604  Accuracy: 0.665659 Recall@3: 0.823352 time: 352s
2021-05-15 03:13:24,695 DEBUG   Epoch 43 - avg_train_loss: 0.0023  avg_val_loss: 1.7661 F1: 0.551262  Accuracy: 0.668132 Recall@3: 0.823901 time: 362s
2021-05-15 03:19:26,668 DEBUG   Epoch 44 - avg_train_loss: 0.0021  avg_val_loss: 1.7785 F1: 0.550081  Accuracy: 0.663462 Recall@3: 0.817308 time: 362s
2021-05-15 03:25:14,826 DEBUG   Epoch 45 - avg_train_loss: 0.0020  avg_val_loss: 1.7566 F1: 0.552105  Accuracy: 0.665934 Recall@3: 0.825000 time: 348s
2021-05-15 03:31:09,970 DEBUG   Epoch 46 - avg_train_loss: 0.0019  avg_val_loss: 1.7571 F1: 0.550850  Accuracy: 0.665385 Recall@3: 0.826923 time: 355s
2021-05-15 03:37:04,482 DEBUG   Epoch 47 - avg_train_loss: 0.0020  avg_val_loss: 1.7677 F1: 0.553073  Accuracy: 0.668407 Recall@3: 0.823901 time: 355s
2021-05-15 03:43:00,651 DEBUG   Epoch 48 - avg_train_loss: 0.0020  avg_val_loss: 1.7621 F1: 0.547467  Accuracy: 0.665385 Recall@3: 0.828022 time: 356s
2021-05-15 03:48:49,911 DEBUG   Epoch 49 - avg_train_loss: 0.0020  avg_val_loss: 1.7470 F1: 0.557295  Accuracy: 0.664560 Recall@3: 0.826374 time: 349s
2021-05-15 03:54:39,898 DEBUG   Epoch 50 - avg_train_loss: 0.0016  avg_val_loss: 1.7686 F1: 0.549375  Accuracy: 0.665385 Recall@3: 0.828571 time: 350s
2021-05-15 04:00:37,753 DEBUG   Epoch 51 - avg_train_loss: 0.0019  avg_val_loss: 1.7472 F1: 0.553884  Accuracy: 0.668681 Recall@3: 0.827198 time: 358s
2021-05-15 04:06:30,284 DEBUG   Epoch 52 - avg_train_loss: 0.0018  avg_val_loss: 1.7653 F1: 0.553550  Accuracy: 0.665385 Recall@3: 0.824176 time: 353s
2021-05-15 04:12:23,891 DEBUG   Epoch 53 - avg_train_loss: 0.0018  avg_val_loss: 1.8023 F1: 0.552862  Accuracy: 0.666209 Recall@3: 0.826648 time: 354s
2021-05-15 04:18:19,478 DEBUG   Epoch 54 - avg_train_loss: 0.0017  avg_val_loss: 1.7725 F1: 0.548970  Accuracy: 0.666484 Recall@3: 0.825000 time: 356s
2021-05-15 04:24:14,527 DEBUG   Epoch 55 - avg_train_loss: 0.0016  avg_val_loss: 1.7602 F1: 0.553243  Accuracy: 0.666484 Recall@3: 0.828846 time: 355s
2021-05-15 04:30:02,317 DEBUG   Epoch 56 - avg_train_loss: 0.0017  avg_val_loss: 1.7678 F1: 0.559431  Accuracy: 0.670055 Recall@3: 0.826923 time: 348s
2021-05-15 04:36:02,966 DEBUG   Epoch 57 - avg_train_loss: 0.0017  avg_val_loss: 1.8163 F1: 0.552526  Accuracy: 0.663736 Recall@3: 0.824176 time: 361s
2021-05-15 04:42:06,249 DEBUG   Epoch 58 - avg_train_loss: 0.0014  avg_val_loss: 1.7812 F1: 0.552054  Accuracy: 0.665934 Recall@3: 0.825549 time: 363s
2021-05-15 04:48:00,571 DEBUG   Epoch 59 - avg_train_loss: 0.0016  avg_val_loss: 1.7629 F1: 0.554404  Accuracy: 0.667857 Recall@3: 0.826374 time: 354s
2021-05-15 04:53:55,373 DEBUG   Epoch 60 - avg_train_loss: 0.0017  avg_val_loss: 1.7349 F1: 0.553839  Accuracy: 0.670055 Recall@3: 0.826099 time: 355s
2021-05-15 05:00:04,587 DEBUG   Epoch 61 - avg_train_loss: 0.0015  avg_val_loss: 1.7709 F1: 0.554413  Accuracy: 0.666758 Recall@3: 0.825824 time: 369s
2021-05-15 05:06:07,196 DEBUG   Epoch 62 - avg_train_loss: 0.0018  avg_val_loss: 1.7774 F1: 0.555686  Accuracy: 0.669780 Recall@3: 0.823077 time: 363s
2021-05-15 05:11:55,519 DEBUG   Epoch 63 - avg_train_loss: 0.0016  avg_val_loss: 1.7725 F1: 0.554319  Accuracy: 0.669505 Recall@3: 0.829121 time: 348s
2021-05-15 05:17:52,925 DEBUG   Epoch 64 - avg_train_loss: 0.0015  avg_val_loss: 1.7621 F1: 0.557619  Accuracy: 0.667857 Recall@3: 0.828022 time: 357s
2021-05-15 05:23:50,518 DEBUG   Epoch 65 - avg_train_loss: 0.0014  avg_val_loss: 1.7488 F1: 0.557289  Accuracy: 0.669505 Recall@3: 0.825549 time: 358s
2021-05-15 05:29:45,524 DEBUG   Epoch 66 - avg_train_loss: 0.0016  avg_val_loss: 1.7730 F1: 0.555400  Accuracy: 0.668407 Recall@3: 0.826923 time: 355s
2021-05-15 05:35:37,555 DEBUG   Epoch 67 - avg_train_loss: 0.0014  avg_val_loss: 1.7995 F1: 0.554129  Accuracy: 0.667033 Recall@3: 0.823626 time: 352s
2021-05-15 05:41:37,983 DEBUG   Epoch 68 - avg_train_loss: 0.0013  avg_val_loss: 1.7946 F1: 0.555530  Accuracy: 0.664560 Recall@3: 0.825000 time: 360s
2021-05-15 05:47:31,605 DEBUG   Epoch 69 - avg_train_loss: 0.0016  avg_val_loss: 1.7998 F1: 0.548312  Accuracy: 0.663187 Recall@3: 0.825824 time: 354s
2021-05-15 05:53:13,674 DEBUG   Epoch 70 - avg_train_loss: 0.0018  avg_val_loss: 1.7978 F1: 0.554902  Accuracy: 0.668407 Recall@3: 0.825549 time: 342s
2021-05-15 05:59:18,443 DEBUG   Epoch 71 - avg_train_loss: 0.0016  avg_val_loss: 1.8209 F1: 0.552566  Accuracy: 0.667857 Recall@3: 0.820330 time: 365s
2021-05-15 06:05:20,722 DEBUG   Epoch 72 - avg_train_loss: 0.0015  avg_val_loss: 1.7971 F1: 0.555929  Accuracy: 0.668956 Recall@3: 0.825549 time: 362s
2021-05-15 06:11:16,911 DEBUG   Epoch 73 - avg_train_loss: 0.0014  avg_val_loss: 1.7874 F1: 0.555256  Accuracy: 0.666758 Recall@3: 0.826099 time: 356s
2021-05-15 06:17:08,568 DEBUG   Epoch 74 - avg_train_loss: 0.0015  avg_val_loss: 1.7616 F1: 0.555458  Accuracy: 0.668681 Recall@3: 0.827473 time: 352s
2021-05-15 06:23:06,412 DEBUG   Epoch 75 - avg_train_loss: 0.0015  avg_val_loss: 1.7801 F1: 0.560534  Accuracy: 0.671703 Recall@3: 0.827473 time: 358s
2021-05-15 06:23:06,413 DEBUG   Epoch 75 - Save Best Accuracy: 0.671703 Model
2021-05-15 06:29:01,340 DEBUG   Epoch 76 - avg_train_loss: 0.0014  avg_val_loss: 1.7662 F1: 0.550716  Accuracy: 0.668132 Recall@3: 0.826923 time: 354s
2021-05-15 06:34:48,469 DEBUG   Epoch 77 - avg_train_loss: 0.0017  avg_val_loss: 1.7330 F1: 0.557163  Accuracy: 0.671703 Recall@3: 0.829396 time: 347s
2021-05-15 06:40:45,103 DEBUG   Epoch 78 - avg_train_loss: 0.0014  avg_val_loss: 1.8355 F1: 0.559675  Accuracy: 0.665934 Recall@3: 0.818132 time: 357s
2021-05-15 06:46:46,139 DEBUG   Epoch 79 - avg_train_loss: 0.0017  avg_val_loss: 1.7490 F1: 0.560490  Accuracy: 0.670330 Recall@3: 0.827747 time: 361s
2021-05-15 06:52:38,805 DEBUG   Epoch 80 - avg_train_loss: 0.0016  avg_val_loss: 1.7760 F1: 0.556922  Accuracy: 0.668956 Recall@3: 0.826099 time: 353s
2021-05-15 06:58:35,740 DEBUG   Epoch 81 - avg_train_loss: 0.0014  avg_val_loss: 1.7524 F1: 0.554215  Accuracy: 0.668132 Recall@3: 0.826374 time: 357s
2021-05-15 07:04:38,248 DEBUG   Epoch 82 - avg_train_loss: 0.0017  avg_val_loss: 1.7778 F1: 0.554054  Accuracy: 0.667582 Recall@3: 0.825000 time: 363s
2021-05-15 07:10:35,326 DEBUG   Epoch 83 - avg_train_loss: 0.0014  avg_val_loss: 1.7688 F1: 0.557645  Accuracy: 0.668681 Recall@3: 0.828571 time: 357s
2021-05-15 07:16:28,359 DEBUG   Epoch 84 - avg_train_loss: 0.0016  avg_val_loss: 1.7837 F1: 0.551048  Accuracy: 0.665385 Recall@3: 0.825275 time: 353s
2021-05-15 07:22:25,496 DEBUG   Epoch 85 - avg_train_loss: 0.0014  avg_val_loss: 1.7843 F1: 0.560827  Accuracy: 0.668132 Recall@3: 0.823352 time: 357s
2021-05-15 07:28:29,358 DEBUG   Epoch 86 - avg_train_loss: 0.0014  avg_val_loss: 1.7815 F1: 0.555518  Accuracy: 0.668681 Recall@3: 0.827747 time: 364s
2021-05-15 07:34:34,248 DEBUG   Epoch 87 - avg_train_loss: 0.0014  avg_val_loss: 1.7803 F1: 0.556428  Accuracy: 0.668956 Recall@3: 0.826374 time: 365s
2021-05-15 07:40:29,979 DEBUG   Epoch 88 - avg_train_loss: 0.0013  avg_val_loss: 1.7497 F1: 0.559363  Accuracy: 0.671429 Recall@3: 0.829945 time: 356s
2021-05-15 07:46:31,842 DEBUG   Epoch 89 - avg_train_loss: 0.0013  avg_val_loss: 1.8024 F1: 0.553939  Accuracy: 0.667033 Recall@3: 0.821978 time: 362s
2021-05-15 07:52:36,496 DEBUG   Epoch 90 - avg_train_loss: 0.0014  avg_val_loss: 1.7732 F1: 0.557547  Accuracy: 0.667582 Recall@3: 0.825824 time: 365s
2021-05-15 07:58:43,659 DEBUG   Epoch 91 - avg_train_loss: 0.0013  avg_val_loss: 1.7319 F1: 0.552451  Accuracy: 0.670330 Recall@3: 0.829945 time: 367s
2021-05-15 08:04:40,787 DEBUG   Epoch 92 - avg_train_loss: 0.0013  avg_val_loss: 1.7405 F1: 0.553613  Accuracy: 0.668956 Recall@3: 0.828022 time: 357s
2021-05-15 08:10:52,458 DEBUG   Epoch 93 - avg_train_loss: 0.0016  avg_val_loss: 1.7527 F1: 0.558393  Accuracy: 0.670330 Recall@3: 0.828022 time: 372s
2021-05-15 08:16:58,616 DEBUG   Epoch 94 - avg_train_loss: 0.0015  avg_val_loss: 1.7883 F1: 0.556615  Accuracy: 0.668132 Recall@3: 0.826648 time: 366s
2021-05-15 08:22:54,299 DEBUG   Epoch 95 - avg_train_loss: 0.0013  avg_val_loss: 1.7787 F1: 0.557280  Accuracy: 0.669505 Recall@3: 0.823077 time: 356s
2021-05-15 08:29:02,150 DEBUG   Epoch 96 - avg_train_loss: 0.0013  avg_val_loss: 1.7674 F1: 0.557922  Accuracy: 0.671703 Recall@3: 0.828846 time: 368s
2021-05-15 08:35:11,263 DEBUG   Epoch 97 - avg_train_loss: 0.0015  avg_val_loss: 1.7644 F1: 0.550466  Accuracy: 0.668132 Recall@3: 0.828571 time: 369s
2021-05-15 08:41:16,657 DEBUG   Epoch 98 - avg_train_loss: 0.0012  avg_val_loss: 1.7733 F1: 0.556419  Accuracy: 0.667582 Recall@3: 0.827473 time: 365s
2021-05-15 08:47:10,167 DEBUG   Epoch 99 - avg_train_loss: 0.0014  avg_val_loss: 1.7665 F1: 0.556547  Accuracy: 0.671429 Recall@3: 0.828297 time: 354s
2021-05-15 08:53:09,995 DEBUG   Epoch 100 - avg_train_loss: 0.0014  avg_val_loss: 1.7755 F1: 0.559917  Accuracy: 0.674451 Recall@3: 0.827747 time: 360s
2021-05-15 08:53:09,996 DEBUG   Epoch 100 - Save Best Accuracy: 0.674451 Model
2021-05-15 08:53:10,371 INFO [Train model] done in 35590 s.
