2021-06-11 17:29:02,279 INFO [Train model] start
2021-06-11 17:29:30,159 INFO [Train model] start
2021-06-11 17:29:56,872 INFO [Train model] start
2021-06-11 17:46:05,797 DEBUG   Epoch 1 - avg_train_loss: 0.2105  avg_val_loss: 2.3556 F1: 0.189523  Accuracy: 0.416484 Recall@3: 0.631593 time: 968s
2021-06-11 17:46:05,800 DEBUG   Epoch 1 - Save Best Accuracy: 0.416484 Model
2021-06-11 17:46:06,305 DEBUG   Epoch 1 - Save Best Loss: 2.3556 Model
2021-06-11 18:02:36,745 DEBUG   Epoch 2 - avg_train_loss: 0.1288  avg_val_loss: 1.8978 F1: 0.280566  Accuracy: 0.490934 Recall@3: 0.726648 time: 990s
2021-06-11 18:02:36,747 DEBUG   Epoch 2 - Save Best Accuracy: 0.490934 Model
2021-06-11 18:02:42,964 DEBUG   Epoch 2 - Save Best Loss: 1.8978 Model
2021-06-11 18:19:16,407 DEBUG   Epoch 3 - avg_train_loss: 0.1018  avg_val_loss: 1.9400 F1: 0.359516  Accuracy: 0.537363 Recall@3: 0.743681 time: 989s
2021-06-11 18:19:16,408 DEBUG   Epoch 3 - Save Best Accuracy: 0.537363 Model
2021-06-11 18:35:49,883 DEBUG   Epoch 4 - avg_train_loss: 0.0850  avg_val_loss: 1.8367 F1: 0.391829  Accuracy: 0.556593 Recall@3: 0.760165 time: 993s
2021-06-11 18:35:49,889 DEBUG   Epoch 4 - Save Best Accuracy: 0.556593 Model
2021-06-11 18:35:50,528 DEBUG   Epoch 4 - Save Best Loss: 1.8367 Model
2021-06-11 18:52:26,253 DEBUG   Epoch 5 - avg_train_loss: 0.0738  avg_val_loss: 1.5804 F1: 0.412741  Accuracy: 0.587088 Recall@3: 0.786264 time: 995s
2021-06-11 18:52:26,255 DEBUG   Epoch 5 - Save Best Accuracy: 0.587088 Model
2021-06-11 18:52:27,908 DEBUG   Epoch 5 - Save Best Loss: 1.5804 Model
2021-06-11 19:09:06,371 DEBUG   Epoch 6 - avg_train_loss: 0.0641  avg_val_loss: 1.6199 F1: 0.444731  Accuracy: 0.587912 Recall@3: 0.780220 time: 996s
2021-06-11 19:09:06,372 DEBUG   Epoch 6 - Save Best Accuracy: 0.587912 Model
2021-06-11 19:25:38,689 DEBUG   Epoch 7 - avg_train_loss: 0.0542  avg_val_loss: 1.5786 F1: 0.459096  Accuracy: 0.598901 Recall@3: 0.788462 time: 991s
2021-06-11 19:25:38,690 DEBUG   Epoch 7 - Save Best Accuracy: 0.598901 Model
2021-06-11 19:25:39,375 DEBUG   Epoch 7 - Save Best Loss: 1.5786 Model
2021-06-11 19:42:12,950 DEBUG   Epoch 8 - avg_train_loss: 0.0481  avg_val_loss: 1.5358 F1: 0.455391  Accuracy: 0.594505 Recall@3: 0.792308 time: 993s
2021-06-11 19:42:12,952 DEBUG   Epoch 8 - Save Best Loss: 1.5358 Model
2021-06-11 19:58:48,821 DEBUG   Epoch 9 - avg_train_loss: 0.0413  avg_val_loss: 1.7258 F1: 0.461763  Accuracy: 0.577198 Recall@3: 0.772802 time: 995s
2021-06-11 20:15:23,972 DEBUG   Epoch 10 - avg_train_loss: 0.0357  avg_val_loss: 1.5162 F1: 0.480713  Accuracy: 0.613462 Recall@3: 0.801923 time: 995s
2021-06-11 20:15:23,975 DEBUG   Epoch 10 - Save Best Accuracy: 0.613462 Model
2021-06-11 20:15:24,615 DEBUG   Epoch 10 - Save Best Loss: 1.5162 Model
2021-06-11 20:32:05,945 DEBUG   Epoch 11 - avg_train_loss: 0.0324  avg_val_loss: 1.6578 F1: 0.473987  Accuracy: 0.598077 Recall@3: 0.799176 time: 1001s
2021-06-11 20:48:38,570 DEBUG   Epoch 12 - avg_train_loss: 0.0269  avg_val_loss: 1.7664 F1: 0.471335  Accuracy: 0.591209 Recall@3: 0.770879 time: 993s
2021-06-11 21:05:13,912 DEBUG   Epoch 13 - avg_train_loss: 0.0212  avg_val_loss: 1.6782 F1: 0.491094  Accuracy: 0.619780 Recall@3: 0.804670 time: 995s
2021-06-11 21:05:13,913 DEBUG   Epoch 13 - Save Best Accuracy: 0.619780 Model
2021-06-11 21:21:53,822 DEBUG   Epoch 14 - avg_train_loss: 0.0176  avg_val_loss: 1.6468 F1: 0.477209  Accuracy: 0.614011 Recall@3: 0.799451 time: 999s
2021-06-11 21:38:30,574 DEBUG   Epoch 15 - avg_train_loss: 0.0135  avg_val_loss: 1.7361 F1: 0.488366  Accuracy: 0.612637 Recall@3: 0.797802 time: 997s
2021-06-11 21:55:04,729 DEBUG   Epoch 16 - avg_train_loss: 0.0109  avg_val_loss: 1.7943 F1: 0.490021  Accuracy: 0.609066 Recall@3: 0.791209 time: 994s
2021-06-11 22:11:40,259 DEBUG   Epoch 17 - avg_train_loss: 0.0092  avg_val_loss: 1.9123 F1: 0.507702  Accuracy: 0.619231 Recall@3: 0.794780 time: 996s
2021-06-11 22:28:17,413 DEBUG   Epoch 18 - avg_train_loss: 0.0074  avg_val_loss: 1.7807 F1: 0.514797  Accuracy: 0.630769 Recall@3: 0.804396 time: 997s
2021-06-11 22:28:17,414 DEBUG   Epoch 18 - Save Best Accuracy: 0.630769 Model
2021-06-11 22:44:58,954 DEBUG   Epoch 19 - avg_train_loss: 0.0061  avg_val_loss: 1.8202 F1: 0.508592  Accuracy: 0.622527 Recall@3: 0.806593 time: 1001s
2021-06-11 23:01:37,627 DEBUG   Epoch 20 - avg_train_loss: 0.0048  avg_val_loss: 1.8410 F1: 0.523454  Accuracy: 0.636813 Recall@3: 0.816209 time: 999s
2021-06-11 23:01:37,629 DEBUG   Epoch 20 - Save Best Accuracy: 0.636813 Model
2021-06-11 23:18:13,867 DEBUG   Epoch 21 - avg_train_loss: 0.0044  avg_val_loss: 1.8218 F1: 0.534163  Accuracy: 0.640385 Recall@3: 0.814286 time: 996s
2021-06-11 23:18:13,868 DEBUG   Epoch 21 - Save Best Accuracy: 0.640385 Model
2021-06-11 23:34:53,426 DEBUG   Epoch 22 - avg_train_loss: 0.0039  avg_val_loss: 1.8525 F1: 0.524633  Accuracy: 0.634066 Recall@3: 0.815934 time: 999s
2021-06-11 23:51:32,216 DEBUG   Epoch 23 - avg_train_loss: 0.0030  avg_val_loss: 1.8597 F1: 0.519630  Accuracy: 0.639560 Recall@3: 0.813187 time: 999s
2021-06-12 00:08:11,256 DEBUG   Epoch 24 - avg_train_loss: 0.0025  avg_val_loss: 1.8901 F1: 0.523028  Accuracy: 0.633791 Recall@3: 0.817033 time: 999s
2021-06-12 00:24:47,673 DEBUG   Epoch 25 - avg_train_loss: 0.0020  avg_val_loss: 1.8331 F1: 0.529876  Accuracy: 0.646429 Recall@3: 0.822802 time: 996s
2021-06-12 00:24:47,674 DEBUG   Epoch 25 - Save Best Accuracy: 0.646429 Model
2021-06-12 00:41:24,298 DEBUG   Epoch 26 - avg_train_loss: 0.0019  avg_val_loss: 1.8569 F1: 0.530236  Accuracy: 0.647253 Recall@3: 0.823077 time: 996s
2021-06-12 00:41:24,300 DEBUG   Epoch 26 - Save Best Accuracy: 0.647253 Model
2021-06-12 00:58:04,558 DEBUG   Epoch 27 - avg_train_loss: 0.0019  avg_val_loss: 1.9151 F1: 0.528099  Accuracy: 0.636538 Recall@3: 0.813187 time: 999s
2021-06-12 01:14:42,311 DEBUG   Epoch 28 - avg_train_loss: 0.0016  avg_val_loss: 1.8700 F1: 0.535861  Accuracy: 0.646978 Recall@3: 0.820055 time: 998s
2021-06-12 01:31:23,891 DEBUG   Epoch 29 - avg_train_loss: 0.0017  avg_val_loss: 1.7986 F1: 0.541744  Accuracy: 0.650275 Recall@3: 0.824176 time: 1002s
2021-06-12 01:31:23,892 DEBUG   Epoch 29 - Save Best Accuracy: 0.650275 Model
2021-06-12 01:47:58,273 DEBUG   Epoch 30 - avg_train_loss: 0.0014  avg_val_loss: 1.9346 F1: 0.526695  Accuracy: 0.637363 Recall@3: 0.807692 time: 994s
2021-06-12 02:04:35,646 DEBUG   Epoch 31 - avg_train_loss: 0.0014  avg_val_loss: 1.8968 F1: 0.536211  Accuracy: 0.642582 Recall@3: 0.814560 time: 997s
2021-06-12 02:21:15,857 DEBUG   Epoch 32 - avg_train_loss: 0.0011  avg_val_loss: 1.9412 F1: 0.539845  Accuracy: 0.647527 Recall@3: 0.816209 time: 1000s
2021-06-12 02:37:54,685 DEBUG   Epoch 33 - avg_train_loss: 0.0011  avg_val_loss: 1.9460 F1: 0.533813  Accuracy: 0.642857 Recall@3: 0.813462 time: 999s
2021-06-12 02:54:29,030 DEBUG   Epoch 34 - avg_train_loss: 0.0012  avg_val_loss: 1.8757 F1: 0.544780  Accuracy: 0.652747 Recall@3: 0.819780 time: 994s
2021-06-12 02:54:29,031 DEBUG   Epoch 34 - Save Best Accuracy: 0.652747 Model
2021-06-12 03:11:10,393 DEBUG   Epoch 35 - avg_train_loss: 0.0009  avg_val_loss: 1.9615 F1: 0.542788  Accuracy: 0.649176 Recall@3: 0.811813 time: 1001s
2021-06-12 03:27:50,677 DEBUG   Epoch 36 - avg_train_loss: 0.0010  avg_val_loss: 1.9278 F1: 0.540643  Accuracy: 0.651648 Recall@3: 0.815110 time: 1000s
2021-06-12 03:44:30,406 DEBUG   Epoch 37 - avg_train_loss: 0.0008  avg_val_loss: 1.9710 F1: 0.531437  Accuracy: 0.646154 Recall@3: 0.815385 time: 1000s
2021-06-12 04:01:10,978 DEBUG   Epoch 38 - avg_train_loss: 0.0008  avg_val_loss: 2.1244 F1: 0.527329  Accuracy: 0.629396 Recall@3: 0.798901 time: 1001s
2021-06-12 04:17:44,030 DEBUG   Epoch 39 - avg_train_loss: 0.0007  avg_val_loss: 1.9587 F1: 0.529024  Accuracy: 0.645330 Recall@3: 0.811538 time: 993s
2021-06-12 04:34:25,055 DEBUG   Epoch 40 - avg_train_loss: 0.0006  avg_val_loss: 1.9158 F1: 0.537675  Accuracy: 0.650549 Recall@3: 0.815110 time: 1001s
2021-06-12 04:51:04,273 DEBUG   Epoch 41 - avg_train_loss: 0.0006  avg_val_loss: 1.9264 F1: 0.549351  Accuracy: 0.656319 Recall@3: 0.819780 time: 999s
2021-06-12 04:51:04,281 DEBUG   Epoch 41 - Save Best Accuracy: 0.656319 Model
2021-06-12 05:07:44,780 DEBUG   Epoch 42 - avg_train_loss: 0.0007  avg_val_loss: 1.9631 F1: 0.539771  Accuracy: 0.642308 Recall@3: 0.809341 time: 999s
2021-06-12 05:24:20,704 DEBUG   Epoch 43 - avg_train_loss: 0.0008  avg_val_loss: 1.8922 F1: 0.553052  Accuracy: 0.662088 Recall@3: 0.826374 time: 996s
2021-06-12 05:24:20,706 DEBUG   Epoch 43 - Save Best Accuracy: 0.662088 Model
2021-06-12 05:40:59,475 DEBUG   Epoch 44 - avg_train_loss: 0.0007  avg_val_loss: 1.9061 F1: 0.555143  Accuracy: 0.658516 Recall@3: 0.820330 time: 998s
2021-06-12 05:57:41,528 DEBUG   Epoch 45 - avg_train_loss: 0.0007  avg_val_loss: 1.9285 F1: 0.547486  Accuracy: 0.658791 Recall@3: 0.820330 time: 1002s
2021-06-12 06:14:23,415 DEBUG   Epoch 46 - avg_train_loss: 0.0005  avg_val_loss: 1.9704 F1: 0.554418  Accuracy: 0.656319 Recall@3: 0.821703 time: 1002s
2021-06-12 06:31:07,282 DEBUG   Epoch 47 - avg_train_loss: 0.0007  avg_val_loss: 1.9268 F1: 0.543399  Accuracy: 0.653571 Recall@3: 0.817582 time: 1004s
2021-06-12 06:47:46,902 DEBUG   Epoch 48 - avg_train_loss: 0.0006  avg_val_loss: 1.9054 F1: 0.556880  Accuracy: 0.663187 Recall@3: 0.826923 time: 1000s
2021-06-12 06:47:46,903 DEBUG   Epoch 48 - Save Best Accuracy: 0.663187 Model
2021-06-12 07:04:29,515 DEBUG   Epoch 49 - avg_train_loss: 0.0007  avg_val_loss: 1.9497 F1: 0.541530  Accuracy: 0.651374 Recall@3: 0.821154 time: 1002s
2021-06-12 07:21:15,025 DEBUG   Epoch 50 - avg_train_loss: 0.0005  avg_val_loss: 1.9395 F1: 0.548725  Accuracy: 0.654121 Recall@3: 0.823077 time: 1006s
2021-06-12 07:37:54,707 DEBUG   Epoch 51 - avg_train_loss: 0.0005  avg_val_loss: 1.9702 F1: 0.549755  Accuracy: 0.654945 Recall@3: 0.819231 time: 1000s
2021-06-12 07:54:35,086 DEBUG   Epoch 52 - avg_train_loss: 0.0005  avg_val_loss: 1.9618 F1: 0.547195  Accuracy: 0.655769 Recall@3: 0.821154 time: 1000s
2021-06-12 08:11:20,795 DEBUG   Epoch 53 - avg_train_loss: 0.0004  avg_val_loss: 2.0160 F1: 0.548366  Accuracy: 0.648901 Recall@3: 0.810440 time: 1006s
2021-06-12 08:28:01,876 DEBUG   Epoch 54 - avg_train_loss: 0.0005  avg_val_loss: 2.0158 F1: 0.538874  Accuracy: 0.647802 Recall@3: 0.812363 time: 1001s
2021-06-12 08:44:43,869 DEBUG   Epoch 55 - avg_train_loss: 0.0005  avg_val_loss: 2.0461 F1: 0.543215  Accuracy: 0.640934 Recall@3: 0.806319 time: 1002s
2021-06-12 09:01:25,202 DEBUG   Epoch 56 - avg_train_loss: 0.0005  avg_val_loss: 1.9935 F1: 0.548527  Accuracy: 0.652198 Recall@3: 0.812363 time: 1001s
2021-06-12 09:17:57,492 DEBUG   Epoch 57 - avg_train_loss: 0.0005  avg_val_loss: 1.9662 F1: 0.547661  Accuracy: 0.654670 Recall@3: 0.812363 time: 992s
2021-06-12 09:34:24,225 DEBUG   Epoch 58 - avg_train_loss: 0.0005  avg_val_loss: 2.0240 F1: 0.535767  Accuracy: 0.641484 Recall@3: 0.801099 time: 987s
2021-06-12 09:50:46,547 DEBUG   Epoch 59 - avg_train_loss: 0.0005  avg_val_loss: 2.0384 F1: 0.536471  Accuracy: 0.646703 Recall@3: 0.807692 time: 982s
2021-06-12 10:07:08,060 DEBUG   Epoch 60 - avg_train_loss: 0.0005  avg_val_loss: 1.9730 F1: 0.545726  Accuracy: 0.653571 Recall@3: 0.816758 time: 982s
2021-06-12 10:23:32,977 DEBUG   Epoch 61 - avg_train_loss: 0.0005  avg_val_loss: 1.9797 F1: 0.544759  Accuracy: 0.656868 Recall@3: 0.821429 time: 985s
2021-06-12 10:39:56,445 DEBUG   Epoch 62 - avg_train_loss: 0.0004  avg_val_loss: 2.0092 F1: 0.549018  Accuracy: 0.653571 Recall@3: 0.813736 time: 983s
2021-06-12 10:56:20,121 DEBUG   Epoch 63 - avg_train_loss: 0.0005  avg_val_loss: 1.9657 F1: 0.550699  Accuracy: 0.657967 Recall@3: 0.819505 time: 984s
2021-06-12 11:12:42,704 DEBUG   Epoch 64 - avg_train_loss: 0.0005  avg_val_loss: 2.0273 F1: 0.541815  Accuracy: 0.648352 Recall@3: 0.813187 time: 983s
2021-06-12 11:29:08,259 DEBUG   Epoch 65 - avg_train_loss: 0.0006  avg_val_loss: 2.0035 F1: 0.547171  Accuracy: 0.649725 Recall@3: 0.814835 time: 986s
2021-06-12 11:45:32,614 DEBUG   Epoch 66 - avg_train_loss: 0.0005  avg_val_loss: 1.9389 F1: 0.556175  Accuracy: 0.664560 Recall@3: 0.820604 time: 984s
2021-06-12 11:45:32,615 DEBUG   Epoch 66 - Save Best Accuracy: 0.664560 Model
2021-06-12 12:01:58,421 DEBUG   Epoch 67 - avg_train_loss: 0.0004  avg_val_loss: 1.9591 F1: 0.546269  Accuracy: 0.661264 Recall@3: 0.820330 time: 985s
2021-06-12 12:18:21,785 DEBUG   Epoch 68 - avg_train_loss: 0.0005  avg_val_loss: 1.9947 F1: 0.544943  Accuracy: 0.652198 Recall@3: 0.816758 time: 983s
2021-06-12 12:34:46,247 DEBUG   Epoch 69 - avg_train_loss: 0.0004  avg_val_loss: 1.9810 F1: 0.550218  Accuracy: 0.659066 Recall@3: 0.817857 time: 984s
2021-06-12 12:51:12,690 DEBUG   Epoch 70 - avg_train_loss: 0.0005  avg_val_loss: 1.9905 F1: 0.538688  Accuracy: 0.649725 Recall@3: 0.819231 time: 986s
2021-06-12 13:07:37,210 DEBUG   Epoch 71 - avg_train_loss: 0.0003  avg_val_loss: 1.9726 F1: 0.531323  Accuracy: 0.646154 Recall@3: 0.818956 time: 985s
2021-06-12 13:24:04,241 DEBUG   Epoch 72 - avg_train_loss: 0.0004  avg_val_loss: 1.9811 F1: 0.559615  Accuracy: 0.659890 Recall@3: 0.820879 time: 987s
2021-06-12 13:40:31,378 DEBUG   Epoch 73 - avg_train_loss: 0.0004  avg_val_loss: 1.9326 F1: 0.551119  Accuracy: 0.657692 Recall@3: 0.822527 time: 987s
2021-06-12 13:56:56,893 DEBUG   Epoch 74 - avg_train_loss: 0.0005  avg_val_loss: 1.9582 F1: 0.545374  Accuracy: 0.655769 Recall@3: 0.822527 time: 986s
2021-06-12 14:13:23,690 DEBUG   Epoch 75 - avg_train_loss: 0.0004  avg_val_loss: 2.1239 F1: 0.538577  Accuracy: 0.637912 Recall@3: 0.796429 time: 987s
2021-06-12 14:29:48,997 DEBUG   Epoch 76 - avg_train_loss: 0.0005  avg_val_loss: 1.9801 F1: 0.553435  Accuracy: 0.659890 Recall@3: 0.817857 time: 985s
2021-06-12 14:46:15,525 DEBUG   Epoch 77 - avg_train_loss: 0.0004  avg_val_loss: 2.1654 F1: 0.535567  Accuracy: 0.641209 Recall@3: 0.800275 time: 987s
2021-06-12 15:02:39,773 DEBUG   Epoch 78 - avg_train_loss: 0.0004  avg_val_loss: 2.0944 F1: 0.528182  Accuracy: 0.636813 Recall@3: 0.806319 time: 984s
2021-06-12 15:19:05,787 DEBUG   Epoch 79 - avg_train_loss: 0.0004  avg_val_loss: 2.0117 F1: 0.543791  Accuracy: 0.650824 Recall@3: 0.808242 time: 986s
2021-06-12 15:35:33,061 DEBUG   Epoch 80 - avg_train_loss: 0.0004  avg_val_loss: 1.9663 F1: 0.553369  Accuracy: 0.659890 Recall@3: 0.823901 time: 987s
2021-06-12 15:51:58,650 DEBUG   Epoch 81 - avg_train_loss: 0.0003  avg_val_loss: 1.9754 F1: 0.549474  Accuracy: 0.657692 Recall@3: 0.819231 time: 986s
2021-06-12 16:08:25,055 DEBUG   Epoch 82 - avg_train_loss: 0.0004  avg_val_loss: 2.0859 F1: 0.529393  Accuracy: 0.638187 Recall@3: 0.807143 time: 986s
2021-06-12 16:24:49,615 DEBUG   Epoch 83 - avg_train_loss: 0.0005  avg_val_loss: 1.9674 F1: 0.555763  Accuracy: 0.659341 Recall@3: 0.817582 time: 985s
2021-06-12 16:41:16,112 DEBUG   Epoch 84 - avg_train_loss: 0.0004  avg_val_loss: 1.9853 F1: 0.561722  Accuracy: 0.662637 Recall@3: 0.817033 time: 986s
2021-06-12 16:57:41,253 DEBUG   Epoch 85 - avg_train_loss: 0.0004  avg_val_loss: 2.0055 F1: 0.553623  Accuracy: 0.655495 Recall@3: 0.810165 time: 985s
2021-06-12 17:14:04,961 DEBUG   Epoch 86 - avg_train_loss: 0.0004  avg_val_loss: 2.0704 F1: 0.535506  Accuracy: 0.644231 Recall@3: 0.803571 time: 984s
2021-06-12 17:30:35,370 DEBUG   Epoch 87 - avg_train_loss: 0.0004  avg_val_loss: 1.9368 F1: 0.554758  Accuracy: 0.659890 Recall@3: 0.822527 time: 990s
2021-06-12 17:46:57,528 DEBUG   Epoch 88 - avg_train_loss: 0.0004  avg_val_loss: 2.0001 F1: 0.543636  Accuracy: 0.646978 Recall@3: 0.816484 time: 982s
2021-06-12 18:03:20,529 DEBUG   Epoch 89 - avg_train_loss: 0.0003  avg_val_loss: 1.9549 F1: 0.549618  Accuracy: 0.655495 Recall@3: 0.816758 time: 983s
2021-06-12 18:19:41,896 DEBUG   Epoch 90 - avg_train_loss: 0.0005  avg_val_loss: 2.0665 F1: 0.537957  Accuracy: 0.643681 Recall@3: 0.806044 time: 981s
2021-06-12 18:36:05,514 DEBUG   Epoch 91 - avg_train_loss: 0.0004  avg_val_loss: 2.1874 F1: 0.538730  Accuracy: 0.637088 Recall@3: 0.790659 time: 984s
2021-06-12 18:52:28,390 DEBUG   Epoch 92 - avg_train_loss: 0.0003  avg_val_loss: 2.0058 F1: 0.548694  Accuracy: 0.655495 Recall@3: 0.813462 time: 983s
2021-06-12 19:08:50,159 DEBUG   Epoch 93 - avg_train_loss: 0.0004  avg_val_loss: 1.9399 F1: 0.546301  Accuracy: 0.657143 Recall@3: 0.819505 time: 982s
2021-06-12 19:25:14,907 DEBUG   Epoch 94 - avg_train_loss: 0.0004  avg_val_loss: 1.9967 F1: 0.551075  Accuracy: 0.658242 Recall@3: 0.815659 time: 985s
2021-06-12 19:41:38,172 DEBUG   Epoch 95 - avg_train_loss: 0.0003  avg_val_loss: 1.9455 F1: 0.539772  Accuracy: 0.652473 Recall@3: 0.815110 time: 983s
2021-06-12 19:58:03,130 DEBUG   Epoch 96 - avg_train_loss: 0.0003  avg_val_loss: 1.9981 F1: 0.555152  Accuracy: 0.657692 Recall@3: 0.818956 time: 985s
2021-06-12 20:14:24,883 DEBUG   Epoch 97 - avg_train_loss: 0.0004  avg_val_loss: 1.9260 F1: 0.560221  Accuracy: 0.665385 Recall@3: 0.821429 time: 982s
2021-06-12 20:14:24,884 DEBUG   Epoch 97 - Save Best Accuracy: 0.665385 Model
2021-06-12 20:30:48,798 DEBUG   Epoch 98 - avg_train_loss: 0.0004  avg_val_loss: 1.9855 F1: 0.550502  Accuracy: 0.654121 Recall@3: 0.816484 time: 983s
2021-06-12 20:47:12,602 DEBUG   Epoch 99 - avg_train_loss: 0.0003  avg_val_loss: 1.9870 F1: 0.550862  Accuracy: 0.658516 Recall@3: 0.815659 time: 984s
2021-06-12 21:03:34,840 DEBUG   Epoch 100 - avg_train_loss: 0.0004  avg_val_loss: 2.0450 F1: 0.542079  Accuracy: 0.646703 Recall@3: 0.814286 time: 982s
2021-06-12 21:03:34,841 INFO [Train model] done in 99218 s.
2021-08-12 09:22:55,857 INFO [Train model] start
2021-08-12 09:23:32,267 INFO [Train model] start
2021-08-12 09:23:47,328 INFO [Train model] start
2021-08-12 09:24:30,167 INFO [Train model] start
2021-08-12 09:32:10,845 DEBUG   Epoch 1 - avg_train_loss: 0.2105  avg_val_loss: 2.4207 F1: 0.184961  Accuracy: 0.407692 Recall@3: 0.624176 time: 460s
2021-08-12 09:32:10,846 DEBUG   Epoch 1 - Save Best Accuracy: 0.407692 Model
2021-08-12 09:32:11,194 DEBUG   Epoch 1 - Save Best Loss: 2.4207 Model
2021-08-12 09:39:37,342 DEBUG   Epoch 2 - avg_train_loss: 0.1288  avg_val_loss: 1.9686 F1: 0.287147  Accuracy: 0.493956 Recall@3: 0.709341 time: 446s
2021-08-12 09:39:37,343 DEBUG   Epoch 2 - Save Best Accuracy: 0.493956 Model
2021-08-12 09:39:37,711 DEBUG   Epoch 2 - Save Best Loss: 1.9686 Model
2021-08-12 09:41:31,857 INFO [Train model] start
2021-08-12 09:48:50,978 DEBUG   Epoch 1 - avg_train_loss: 3.3349  avg_val_loss: 2.4207 F1: 0.184961  Accuracy: 0.407692 Recall@3: 0.624176 time: 438s
2021-08-12 09:48:50,979 DEBUG   Epoch 1 - Save Best Accuracy: 0.407692 Model
2021-08-12 09:48:51,354 DEBUG   Epoch 1 - Save Best Loss: 2.4207 Model
2021-08-12 09:56:14,466 DEBUG   Epoch 2 - avg_train_loss: 2.0666  avg_val_loss: 1.9686 F1: 0.287147  Accuracy: 0.493956 Recall@3: 0.709341 time: 443s
2021-08-12 09:56:14,467 DEBUG   Epoch 2 - Save Best Accuracy: 0.493956 Model
2021-08-12 09:56:14,840 DEBUG   Epoch 2 - Save Best Loss: 1.9686 Model
2021-08-12 10:03:40,776 DEBUG   Epoch 3 - avg_train_loss: 1.6348  avg_val_loss: 1.6695 F1: 0.368337  Accuracy: 0.551923 Recall@3: 0.760989 time: 446s
2021-08-12 10:03:40,777 DEBUG   Epoch 3 - Save Best Accuracy: 0.551923 Model
2021-08-12 10:03:41,151 DEBUG   Epoch 3 - Save Best Loss: 1.6695 Model
2021-08-12 10:11:07,723 DEBUG   Epoch 4 - avg_train_loss: 1.3686  avg_val_loss: 1.8526 F1: 0.402448  Accuracy: 0.564835 Recall@3: 0.751923 time: 446s
2021-08-12 10:11:07,724 DEBUG   Epoch 4 - Save Best Accuracy: 0.564835 Model
2021-08-12 10:18:35,918 DEBUG   Epoch 5 - avg_train_loss: 1.1763  avg_val_loss: 1.7014 F1: 0.397146  Accuracy: 0.566758 Recall@3: 0.779670 time: 448s
2021-08-12 10:18:35,919 DEBUG   Epoch 5 - Save Best Accuracy: 0.566758 Model
2021-08-12 10:26:01,853 DEBUG   Epoch 6 - avg_train_loss: 0.9856  avg_val_loss: 2.1066 F1: 0.434462  Accuracy: 0.584615 Recall@3: 0.778022 time: 445s
2021-08-12 10:26:01,854 DEBUG   Epoch 6 - Save Best Accuracy: 0.584615 Model
2021-08-12 10:33:30,092 DEBUG   Epoch 7 - avg_train_loss: 0.8507  avg_val_loss: 2.0439 F1: 0.447163  Accuracy: 0.588736 Recall@3: 0.780495 time: 448s
2021-08-12 10:33:30,092 DEBUG   Epoch 7 - Save Best Accuracy: 0.588736 Model
2021-08-12 10:40:57,917 DEBUG   Epoch 8 - avg_train_loss: 0.6999  avg_val_loss: 1.6311 F1: 0.449469  Accuracy: 0.596703 Recall@3: 0.790110 time: 447s
2021-08-12 10:40:57,917 DEBUG   Epoch 8 - Save Best Accuracy: 0.596703 Model
2021-08-12 10:40:58,551 DEBUG   Epoch 8 - Save Best Loss: 1.6311 Model
2021-08-12 10:48:24,587 DEBUG   Epoch 9 - avg_train_loss: 0.6031  avg_val_loss: 2.2528 F1: 0.466266  Accuracy: 0.581044 Recall@3: 0.758242 time: 445s
2021-08-12 10:55:50,794 DEBUG   Epoch 10 - avg_train_loss: 0.5313  avg_val_loss: 1.5250 F1: 0.480735  Accuracy: 0.613462 Recall@3: 0.804396 time: 446s
2021-08-12 10:55:50,795 DEBUG   Epoch 10 - Save Best Accuracy: 0.613462 Model
2021-08-12 10:55:51,404 DEBUG   Epoch 10 - Save Best Loss: 1.5250 Model
2021-08-12 11:03:17,146 DEBUG   Epoch 11 - avg_train_loss: 0.4635  avg_val_loss: 1.8299 F1: 0.465128  Accuracy: 0.587637 Recall@3: 0.772253 time: 445s
2021-08-12 11:10:43,829 DEBUG   Epoch 12 - avg_train_loss: 0.3935  avg_val_loss: 2.6129 F1: 0.445952  Accuracy: 0.564286 Recall@3: 0.737637 time: 447s
2021-08-12 11:18:08,953 DEBUG   Epoch 13 - avg_train_loss: 0.3193  avg_val_loss: 1.7236 F1: 0.486696  Accuracy: 0.615934 Recall@3: 0.800549 time: 445s
2021-08-12 11:18:08,954 DEBUG   Epoch 13 - Save Best Accuracy: 0.615934 Model
2021-08-12 11:25:36,852 DEBUG   Epoch 14 - avg_train_loss: 0.2662  avg_val_loss: 1.7812 F1: 0.491237  Accuracy: 0.614835 Recall@3: 0.793407 time: 447s
2021-08-12 11:33:04,208 DEBUG   Epoch 15 - avg_train_loss: 0.2064  avg_val_loss: 1.8966 F1: 0.484445  Accuracy: 0.603297 Recall@3: 0.780769 time: 447s
2021-08-12 11:40:30,877 DEBUG   Epoch 16 - avg_train_loss: 0.1731  avg_val_loss: 2.0248 F1: 0.484936  Accuracy: 0.596429 Recall@3: 0.781044 time: 447s
2021-08-12 11:47:56,391 DEBUG   Epoch 17 - avg_train_loss: 0.1484  avg_val_loss: 1.8815 F1: 0.490637  Accuracy: 0.609890 Recall@3: 0.787088 time: 446s
2021-08-12 11:55:24,727 DEBUG   Epoch 18 - avg_train_loss: 0.1214  avg_val_loss: 1.7477 F1: 0.496280  Accuracy: 0.621429 Recall@3: 0.804945 time: 448s
2021-08-12 11:55:24,727 DEBUG   Epoch 18 - Save Best Accuracy: 0.621429 Model
2021-08-12 12:02:51,383 DEBUG   Epoch 19 - avg_train_loss: 0.1013  avg_val_loss: 1.8739 F1: 0.480320  Accuracy: 0.603022 Recall@3: 0.792857 time: 446s
2021-08-12 12:10:19,811 DEBUG   Epoch 20 - avg_train_loss: 0.0874  avg_val_loss: 2.1521 F1: 0.495063  Accuracy: 0.605220 Recall@3: 0.783516 time: 448s
2021-08-12 12:17:45,911 DEBUG   Epoch 21 - avg_train_loss: 0.0775  avg_val_loss: 1.9321 F1: 0.502689  Accuracy: 0.613462 Recall@3: 0.785989 time: 446s
2021-08-12 12:25:14,017 DEBUG   Epoch 22 - avg_train_loss: 0.0637  avg_val_loss: 1.8684 F1: 0.515897  Accuracy: 0.631044 Recall@3: 0.799176 time: 448s
2021-08-12 12:25:14,018 DEBUG   Epoch 22 - Save Best Accuracy: 0.631044 Model
2021-08-12 12:32:42,594 DEBUG   Epoch 23 - avg_train_loss: 0.0546  avg_val_loss: 1.8635 F1: 0.515466  Accuracy: 0.626648 Recall@3: 0.798352 time: 448s
2021-08-12 12:40:08,406 DEBUG   Epoch 24 - avg_train_loss: 0.0494  avg_val_loss: 1.9108 F1: 0.515929  Accuracy: 0.625275 Recall@3: 0.800549 time: 446s
2021-08-12 12:47:36,158 DEBUG   Epoch 25 - avg_train_loss: 0.0445  avg_val_loss: 1.9296 F1: 0.508306  Accuracy: 0.626374 Recall@3: 0.795330 time: 448s
2021-08-12 12:55:02,635 DEBUG   Epoch 26 - avg_train_loss: 0.0378  avg_val_loss: 1.8160 F1: 0.528971  Accuracy: 0.648077 Recall@3: 0.810989 time: 446s
2021-08-12 12:55:02,636 DEBUG   Epoch 26 - Save Best Accuracy: 0.648077 Model
2021-08-12 13:02:30,790 DEBUG   Epoch 27 - avg_train_loss: 0.0370  avg_val_loss: 1.8451 F1: 0.515724  Accuracy: 0.629121 Recall@3: 0.803571 time: 448s
2021-08-12 13:09:58,159 DEBUG   Epoch 28 - avg_train_loss: 0.0334  avg_val_loss: 2.0377 F1: 0.511832  Accuracy: 0.622253 Recall@3: 0.795879 time: 447s
2021-08-12 13:17:25,278 DEBUG   Epoch 29 - avg_train_loss: 0.0305  avg_val_loss: 1.8990 F1: 0.524924  Accuracy: 0.633242 Recall@3: 0.803846 time: 447s
2021-08-12 13:24:53,938 DEBUG   Epoch 30 - avg_train_loss: 0.0297  avg_val_loss: 2.0709 F1: 0.512600  Accuracy: 0.626099 Recall@3: 0.793681 time: 449s
2021-08-12 13:32:20,144 DEBUG   Epoch 31 - avg_train_loss: 0.0258  avg_val_loss: 1.9394 F1: 0.503792  Accuracy: 0.623901 Recall@3: 0.793681 time: 446s
2021-08-12 13:39:47,702 DEBUG   Epoch 32 - avg_train_loss: 0.0243  avg_val_loss: 2.0246 F1: 0.530548  Accuracy: 0.632967 Recall@3: 0.800000 time: 448s
2021-08-12 13:47:12,507 DEBUG   Epoch 33 - avg_train_loss: 0.0241  avg_val_loss: 2.0777 F1: 0.505497  Accuracy: 0.618956 Recall@3: 0.788736 time: 445s
2021-08-12 13:54:38,512 DEBUG   Epoch 34 - avg_train_loss: 0.0222  avg_val_loss: 1.8566 F1: 0.530362  Accuracy: 0.647802 Recall@3: 0.816209 time: 446s
2021-08-12 14:02:04,881 DEBUG   Epoch 35 - avg_train_loss: 0.0200  avg_val_loss: 2.2013 F1: 0.518705  Accuracy: 0.624451 Recall@3: 0.788187 time: 446s
2021-08-12 14:09:30,897 DEBUG   Epoch 36 - avg_train_loss: 0.0193  avg_val_loss: 2.0573 F1: 0.523152  Accuracy: 0.628571 Recall@3: 0.795604 time: 446s
2021-08-12 14:17:00,724 DEBUG   Epoch 37 - avg_train_loss: 0.0184  avg_val_loss: 1.9609 F1: 0.519787  Accuracy: 0.626374 Recall@3: 0.799176 time: 450s
2021-08-12 14:24:27,604 DEBUG   Epoch 38 - avg_train_loss: 0.0181  avg_val_loss: 2.1594 F1: 0.518613  Accuracy: 0.624451 Recall@3: 0.791758 time: 447s
2021-08-12 14:31:55,868 DEBUG   Epoch 39 - avg_train_loss: 0.0172  avg_val_loss: 2.0406 F1: 0.517932  Accuracy: 0.630220 Recall@3: 0.797527 time: 448s
2021-08-12 14:39:22,284 DEBUG   Epoch 40 - avg_train_loss: 0.0168  avg_val_loss: 1.9230 F1: 0.509628  Accuracy: 0.628571 Recall@3: 0.806593 time: 446s
2021-08-12 14:46:49,458 DEBUG   Epoch 41 - avg_train_loss: 0.0159  avg_val_loss: 2.0540 F1: 0.531027  Accuracy: 0.644505 Recall@3: 0.811538 time: 447s
2021-08-12 14:54:16,893 DEBUG   Epoch 42 - avg_train_loss: 0.0140  avg_val_loss: 1.9992 F1: 0.509286  Accuracy: 0.624725 Recall@3: 0.797802 time: 447s
2021-08-12 15:01:42,282 DEBUG   Epoch 43 - avg_train_loss: 0.0147  avg_val_loss: 1.9470 F1: 0.543764  Accuracy: 0.657143 Recall@3: 0.819231 time: 445s
2021-08-12 15:01:42,283 DEBUG   Epoch 43 - Save Best Accuracy: 0.657143 Model
2021-08-12 15:09:06,318 DEBUG   Epoch 44 - avg_train_loss: 0.0158  avg_val_loss: 1.9214 F1: 0.510940  Accuracy: 0.628297 Recall@3: 0.809890 time: 444s
2021-08-12 15:16:34,709 DEBUG   Epoch 45 - avg_train_loss: 0.0146  avg_val_loss: 1.9200 F1: 0.526223  Accuracy: 0.641209 Recall@3: 0.810714 time: 448s
2021-08-12 15:24:00,102 DEBUG   Epoch 46 - avg_train_loss: 0.0131  avg_val_loss: 1.9411 F1: 0.534613  Accuracy: 0.650824 Recall@3: 0.818681 time: 445s
2021-08-12 15:31:28,248 DEBUG   Epoch 47 - avg_train_loss: 0.0135  avg_val_loss: 2.0033 F1: 0.533313  Accuracy: 0.644505 Recall@3: 0.808791 time: 448s
2021-08-12 15:38:54,500 DEBUG   Epoch 48 - avg_train_loss: 0.0144  avg_val_loss: 1.8553 F1: 0.527479  Accuracy: 0.647527 Recall@3: 0.820604 time: 446s
2021-08-12 15:46:21,859 DEBUG   Epoch 49 - avg_train_loss: 0.0127  avg_val_loss: 1.9055 F1: 0.520486  Accuracy: 0.637637 Recall@3: 0.813736 time: 447s
2021-08-12 15:53:48,812 DEBUG   Epoch 50 - avg_train_loss: 0.0132  avg_val_loss: 1.9150 F1: 0.532543  Accuracy: 0.646154 Recall@3: 0.816484 time: 447s
2021-08-12 16:01:14,944 DEBUG   Epoch 51 - avg_train_loss: 0.0132  avg_val_loss: 1.9843 F1: 0.512750  Accuracy: 0.632143 Recall@3: 0.804670 time: 446s
2021-08-12 16:08:42,396 DEBUG   Epoch 52 - avg_train_loss: 0.0129  avg_val_loss: 2.0285 F1: 0.517719  Accuracy: 0.635440 Recall@3: 0.809066 time: 447s
2021-08-12 16:16:08,490 DEBUG   Epoch 53 - avg_train_loss: 0.0133  avg_val_loss: 2.0284 F1: 0.512251  Accuracy: 0.629670 Recall@3: 0.794505 time: 446s
2021-08-12 16:23:37,206 DEBUG   Epoch 54 - avg_train_loss: 0.0120  avg_val_loss: 2.0236 F1: 0.528642  Accuracy: 0.647802 Recall@3: 0.819780 time: 449s
2021-08-12 16:31:04,957 DEBUG   Epoch 55 - avg_train_loss: 0.0119  avg_val_loss: 2.0825 F1: 0.515590  Accuracy: 0.623901 Recall@3: 0.795055 time: 448s
2021-08-12 16:38:33,050 DEBUG   Epoch 56 - avg_train_loss: 0.0119  avg_val_loss: 2.0875 F1: 0.524106  Accuracy: 0.634890 Recall@3: 0.802198 time: 448s
2021-08-12 16:46:00,222 DEBUG   Epoch 57 - avg_train_loss: 0.0115  avg_val_loss: 1.9093 F1: 0.525711  Accuracy: 0.643681 Recall@3: 0.813462 time: 447s
2021-08-12 16:53:27,217 DEBUG   Epoch 58 - avg_train_loss: 0.0125  avg_val_loss: 2.1463 F1: 0.502311  Accuracy: 0.617857 Recall@3: 0.782967 time: 447s
2021-08-12 17:00:58,423 DEBUG   Epoch 59 - avg_train_loss: 0.0115  avg_val_loss: 2.0983 F1: 0.529374  Accuracy: 0.639286 Recall@3: 0.808791 time: 451s
2021-08-12 17:08:27,607 DEBUG   Epoch 60 - avg_train_loss: 0.0115  avg_val_loss: 2.0599 F1: 0.509825  Accuracy: 0.629121 Recall@3: 0.800000 time: 449s
2021-08-12 17:15:58,865 DEBUG   Epoch 61 - avg_train_loss: 0.0115  avg_val_loss: 2.1271 F1: 0.520489  Accuracy: 0.633516 Recall@3: 0.801923 time: 451s
2021-08-12 17:23:24,846 DEBUG   Epoch 62 - avg_train_loss: 0.0103  avg_val_loss: 2.0219 F1: 0.533013  Accuracy: 0.639835 Recall@3: 0.806868 time: 446s
2021-08-12 17:30:52,664 DEBUG   Epoch 63 - avg_train_loss: 0.0117  avg_val_loss: 1.9287 F1: 0.534438  Accuracy: 0.651648 Recall@3: 0.817857 time: 448s
2021-08-12 17:38:18,970 DEBUG   Epoch 64 - avg_train_loss: 0.0116  avg_val_loss: 2.1542 F1: 0.520488  Accuracy: 0.631593 Recall@3: 0.804396 time: 446s
2021-08-12 17:45:44,424 DEBUG   Epoch 65 - avg_train_loss: 0.0113  avg_val_loss: 2.0116 F1: 0.526068  Accuracy: 0.636264 Recall@3: 0.806044 time: 445s
2021-08-12 17:53:13,379 DEBUG   Epoch 66 - avg_train_loss: 0.0110  avg_val_loss: 1.9528 F1: 0.545845  Accuracy: 0.659890 Recall@3: 0.823626 time: 449s
2021-08-12 17:53:13,380 DEBUG   Epoch 66 - Save Best Accuracy: 0.659890 Model
2021-08-12 18:00:42,716 DEBUG   Epoch 67 - avg_train_loss: 0.0109  avg_val_loss: 1.9378 F1: 0.527534  Accuracy: 0.646703 Recall@3: 0.808791 time: 449s
2021-08-12 18:08:12,216 DEBUG   Epoch 68 - avg_train_loss: 0.0102  avg_val_loss: 2.1038 F1: 0.533708  Accuracy: 0.642308 Recall@3: 0.808242 time: 449s
2021-08-12 18:15:39,767 DEBUG   Epoch 69 - avg_train_loss: 0.0111  avg_val_loss: 1.9719 F1: 0.524437  Accuracy: 0.641484 Recall@3: 0.814560 time: 448s
2021-08-12 18:23:08,345 DEBUG   Epoch 70 - avg_train_loss: 0.0110  avg_val_loss: 1.9850 F1: 0.526607  Accuracy: 0.645055 Recall@3: 0.814286 time: 449s
2021-08-12 18:30:36,074 DEBUG   Epoch 71 - avg_train_loss: 0.0094  avg_val_loss: 2.1266 F1: 0.503624  Accuracy: 0.625824 Recall@3: 0.792308 time: 448s
2021-08-12 18:38:03,260 DEBUG   Epoch 72 - avg_train_loss: 0.0097  avg_val_loss: 2.0992 F1: 0.528932  Accuracy: 0.639286 Recall@3: 0.809341 time: 447s
2021-08-12 18:45:32,452 DEBUG   Epoch 73 - avg_train_loss: 0.0103  avg_val_loss: 1.9949 F1: 0.536388  Accuracy: 0.649176 Recall@3: 0.817308 time: 449s
2021-08-12 18:52:59,344 DEBUG   Epoch 74 - avg_train_loss: 0.0106  avg_val_loss: 1.9398 F1: 0.541178  Accuracy: 0.651648 Recall@3: 0.820879 time: 447s
2021-08-12 19:00:28,499 DEBUG   Epoch 75 - avg_train_loss: 0.0095  avg_val_loss: 2.2667 F1: 0.528306  Accuracy: 0.634066 Recall@3: 0.792308 time: 449s
2021-08-12 19:07:54,893 DEBUG   Epoch 76 - avg_train_loss: 0.0100  avg_val_loss: 2.0526 F1: 0.529897  Accuracy: 0.643956 Recall@3: 0.809615 time: 446s
2021-08-12 19:15:22,938 DEBUG   Epoch 77 - avg_train_loss: 0.0099  avg_val_loss: 2.3953 F1: 0.510920  Accuracy: 0.621154 Recall@3: 0.782692 time: 448s
2021-08-12 19:22:50,607 DEBUG   Epoch 78 - avg_train_loss: 0.0096  avg_val_loss: 2.2482 F1: 0.515435  Accuracy: 0.621429 Recall@3: 0.785165 time: 448s
2021-08-12 19:30:18,987 DEBUG   Epoch 79 - avg_train_loss: 0.0099  avg_val_loss: 2.1524 F1: 0.515733  Accuracy: 0.628022 Recall@3: 0.793132 time: 448s
2021-08-12 19:37:47,903 DEBUG   Epoch 80 - avg_train_loss: 0.0118  avg_val_loss: 1.9475 F1: 0.534628  Accuracy: 0.650549 Recall@3: 0.822253 time: 449s
2021-08-12 19:45:13,830 DEBUG   Epoch 81 - avg_train_loss: 0.0097  avg_val_loss: 1.9948 F1: 0.539575  Accuracy: 0.654121 Recall@3: 0.821978 time: 446s
2021-08-12 19:52:43,646 DEBUG   Epoch 82 - avg_train_loss: 0.0102  avg_val_loss: 2.1413 F1: 0.514299  Accuracy: 0.629121 Recall@3: 0.800824 time: 450s
2021-08-12 20:00:13,903 DEBUG   Epoch 83 - avg_train_loss: 0.0105  avg_val_loss: 1.9016 F1: 0.524011  Accuracy: 0.644505 Recall@3: 0.814011 time: 450s
2021-08-12 20:07:42,829 DEBUG   Epoch 84 - avg_train_loss: 0.0101  avg_val_loss: 1.9841 F1: 0.539408  Accuracy: 0.656593 Recall@3: 0.818132 time: 449s
2021-08-12 20:15:10,485 DEBUG   Epoch 85 - avg_train_loss: 0.0105  avg_val_loss: 2.0094 F1: 0.527943  Accuracy: 0.641758 Recall@3: 0.809890 time: 448s
2021-08-12 20:22:39,496 DEBUG   Epoch 86 - avg_train_loss: 0.0101  avg_val_loss: 2.1019 F1: 0.509674  Accuracy: 0.622253 Recall@3: 0.794231 time: 449s
2021-08-12 20:30:07,315 DEBUG   Epoch 87 - avg_train_loss: 0.0099  avg_val_loss: 1.9892 F1: 0.535985  Accuracy: 0.646703 Recall@3: 0.813187 time: 448s
2021-08-12 20:37:34,897 DEBUG   Epoch 88 - avg_train_loss: 0.0098  avg_val_loss: 2.4618 F1: 0.508978  Accuracy: 0.620879 Recall@3: 0.782143 time: 448s
2021-08-12 20:45:02,577 DEBUG   Epoch 89 - avg_train_loss: 0.0101  avg_val_loss: 1.9140 F1: 0.533453  Accuracy: 0.649176 Recall@3: 0.812363 time: 448s
2021-08-12 20:52:32,069 DEBUG   Epoch 90 - avg_train_loss: 0.0101  avg_val_loss: 2.2647 F1: 0.510295  Accuracy: 0.625824 Recall@3: 0.792308 time: 449s
2021-08-12 21:00:03,986 DEBUG   Epoch 91 - avg_train_loss: 0.0106  avg_val_loss: 2.5492 F1: 0.514767  Accuracy: 0.616484 Recall@3: 0.778571 time: 452s
2021-08-12 21:07:31,025 DEBUG   Epoch 92 - avg_train_loss: 0.0101  avg_val_loss: 2.0252 F1: 0.517424  Accuracy: 0.633242 Recall@3: 0.804945 time: 447s
2021-08-12 21:14:58,291 DEBUG   Epoch 93 - avg_train_loss: 0.0109  avg_val_loss: 2.0894 F1: 0.518929  Accuracy: 0.631044 Recall@3: 0.798901 time: 447s
2021-08-12 21:22:26,228 DEBUG   Epoch 94 - avg_train_loss: 0.0098  avg_val_loss: 1.9889 F1: 0.527998  Accuracy: 0.643132 Recall@3: 0.817308 time: 448s
2021-08-12 21:29:54,811 DEBUG   Epoch 95 - avg_train_loss: 0.0099  avg_val_loss: 1.9473 F1: 0.516464  Accuracy: 0.641484 Recall@3: 0.808242 time: 449s
2021-08-12 21:37:23,184 DEBUG   Epoch 96 - avg_train_loss: 0.0100  avg_val_loss: 2.0529 F1: 0.525037  Accuracy: 0.635440 Recall@3: 0.805769 time: 448s
2021-08-12 21:44:55,957 DEBUG   Epoch 97 - avg_train_loss: 0.0100  avg_val_loss: 1.9374 F1: 0.539525  Accuracy: 0.655220 Recall@3: 0.820879 time: 453s
2021-08-12 21:52:24,669 DEBUG   Epoch 98 - avg_train_loss: 0.0096  avg_val_loss: 1.9750 F1: 0.520757  Accuracy: 0.643132 Recall@3: 0.809615 time: 449s
2021-08-12 21:59:55,489 DEBUG   Epoch 99 - avg_train_loss: 0.0097  avg_val_loss: 2.0198 F1: 0.522183  Accuracy: 0.633791 Recall@3: 0.805495 time: 451s
2021-08-12 22:07:25,199 DEBUG   Epoch 100 - avg_train_loss: 0.0092  avg_val_loss: 2.1916 F1: 0.531750  Accuracy: 0.638187 Recall@3: 0.802198 time: 450s
2021-08-12 22:07:25,200 INFO [Train model] done in 44753 s.
2021-08-13 09:09:16,453 INFO [Train model] start
2021-08-13 09:16:36,672 DEBUG   Epoch 1 - avg_train_loss: 0.2105  avg_val_loss: 2.4207 F1: 0.184961  Accuracy: 0.407692 Recall@3: 0.624176 time: 439s
2021-08-13 09:16:36,673 DEBUG   Epoch 1 - Save Best Accuracy: 0.407692 Model
2021-08-13 09:16:37,066 DEBUG   Epoch 1 - Save Best Loss: 2.4207 Model
2021-08-13 09:24:06,632 DEBUG   Epoch 2 - avg_train_loss: 0.1288  avg_val_loss: 1.9686 F1: 0.287147  Accuracy: 0.493956 Recall@3: 0.709341 time: 449s
2021-08-13 09:24:06,633 DEBUG   Epoch 2 - Save Best Accuracy: 0.493956 Model
2021-08-13 09:24:07,002 DEBUG   Epoch 2 - Save Best Loss: 1.9686 Model
2021-08-13 09:31:40,465 DEBUG   Epoch 3 - avg_train_loss: 0.1016  avg_val_loss: 1.6695 F1: 0.368337  Accuracy: 0.551923 Recall@3: 0.760989 time: 453s
2021-08-13 09:31:40,466 DEBUG   Epoch 3 - Save Best Accuracy: 0.551923 Model
2021-08-13 09:31:40,856 DEBUG   Epoch 3 - Save Best Loss: 1.6695 Model
2021-08-13 09:39:41,832 DEBUG   Epoch 4 - avg_train_loss: 0.0849  avg_val_loss: 1.8526 F1: 0.402448  Accuracy: 0.564835 Recall@3: 0.751923 time: 481s
2021-08-13 09:39:41,838 DEBUG   Epoch 4 - Save Best Accuracy: 0.564835 Model
2021-08-13 09:47:47,815 DEBUG   Epoch 5 - avg_train_loss: 0.0732  avg_val_loss: 1.7014 F1: 0.397146  Accuracy: 0.566758 Recall@3: 0.779670 time: 486s
2021-08-13 09:47:47,816 DEBUG   Epoch 5 - Save Best Accuracy: 0.566758 Model
2021-08-13 09:55:21,980 DEBUG   Epoch 6 - avg_train_loss: 0.0624  avg_val_loss: 2.1066 F1: 0.434462  Accuracy: 0.584615 Recall@3: 0.778022 time: 454s
2021-08-13 09:55:21,982 DEBUG   Epoch 6 - Save Best Accuracy: 0.584615 Model
2021-08-13 10:02:58,589 DEBUG   Epoch 7 - avg_train_loss: 0.0523  avg_val_loss: 2.0439 F1: 0.447163  Accuracy: 0.588736 Recall@3: 0.780495 time: 456s
2021-08-13 10:02:58,590 DEBUG   Epoch 7 - Save Best Accuracy: 0.588736 Model
2021-08-13 10:10:35,064 DEBUG   Epoch 8 - avg_train_loss: 0.0436  avg_val_loss: 1.6311 F1: 0.449469  Accuracy: 0.596703 Recall@3: 0.790110 time: 456s
2021-08-13 10:10:35,065 DEBUG   Epoch 8 - Save Best Accuracy: 0.596703 Model
2021-08-13 10:10:35,439 DEBUG   Epoch 8 - Save Best Loss: 1.6311 Model
2021-08-13 10:18:06,792 DEBUG   Epoch 9 - avg_train_loss: 0.0378  avg_val_loss: 2.2528 F1: 0.466266  Accuracy: 0.581044 Recall@3: 0.758242 time: 451s
2021-08-13 10:25:40,014 DEBUG   Epoch 10 - avg_train_loss: 0.0327  avg_val_loss: 1.5250 F1: 0.480735  Accuracy: 0.613462 Recall@3: 0.804396 time: 453s
2021-08-13 10:25:40,014 DEBUG   Epoch 10 - Save Best Accuracy: 0.613462 Model
2021-08-13 10:25:40,388 DEBUG   Epoch 10 - Save Best Loss: 1.5250 Model
2021-08-13 10:33:12,442 DEBUG   Epoch 11 - avg_train_loss: 0.0296  avg_val_loss: 1.8299 F1: 0.465128  Accuracy: 0.587637 Recall@3: 0.772253 time: 452s
2021-08-13 10:40:44,779 DEBUG   Epoch 12 - avg_train_loss: 0.0240  avg_val_loss: 2.6129 F1: 0.445952  Accuracy: 0.564286 Recall@3: 0.737637 time: 452s
2021-08-13 10:48:17,696 DEBUG   Epoch 13 - avg_train_loss: 0.0195  avg_val_loss: 1.7236 F1: 0.486696  Accuracy: 0.615934 Recall@3: 0.800549 time: 453s
2021-08-13 10:48:17,697 DEBUG   Epoch 13 - Save Best Accuracy: 0.615934 Model
2021-08-13 10:55:50,904 DEBUG   Epoch 14 - avg_train_loss: 0.0167  avg_val_loss: 1.7812 F1: 0.491237  Accuracy: 0.614835 Recall@3: 0.793407 time: 453s
2021-08-13 11:03:20,652 DEBUG   Epoch 15 - avg_train_loss: 0.0125  avg_val_loss: 1.8966 F1: 0.484445  Accuracy: 0.603297 Recall@3: 0.780769 time: 450s
2021-08-13 11:10:50,528 DEBUG   Epoch 16 - avg_train_loss: 0.0101  avg_val_loss: 2.0248 F1: 0.484936  Accuracy: 0.596429 Recall@3: 0.781044 time: 450s
2021-08-13 11:18:22,681 DEBUG   Epoch 17 - avg_train_loss: 0.0093  avg_val_loss: 1.8815 F1: 0.490637  Accuracy: 0.609890 Recall@3: 0.787088 time: 452s
2021-08-13 11:25:55,492 DEBUG   Epoch 18 - avg_train_loss: 0.0076  avg_val_loss: 1.7477 F1: 0.496280  Accuracy: 0.621429 Recall@3: 0.804945 time: 453s
2021-08-13 11:25:55,493 DEBUG   Epoch 18 - Save Best Accuracy: 0.621429 Model
2021-08-13 11:33:26,675 DEBUG   Epoch 19 - avg_train_loss: 0.0058  avg_val_loss: 1.8739 F1: 0.480320  Accuracy: 0.603022 Recall@3: 0.792857 time: 451s
2021-08-13 11:41:01,283 DEBUG   Epoch 20 - avg_train_loss: 0.0051  avg_val_loss: 2.1521 F1: 0.495063  Accuracy: 0.605220 Recall@3: 0.783516 time: 455s
2021-08-13 11:48:32,943 DEBUG   Epoch 21 - avg_train_loss: 0.0049  avg_val_loss: 1.9321 F1: 0.502689  Accuracy: 0.613462 Recall@3: 0.785989 time: 452s
2021-08-13 11:56:04,681 DEBUG   Epoch 22 - avg_train_loss: 0.0037  avg_val_loss: 1.8684 F1: 0.515897  Accuracy: 0.631044 Recall@3: 0.799176 time: 452s
2021-08-13 11:56:04,682 DEBUG   Epoch 22 - Save Best Accuracy: 0.631044 Model
2021-08-13 12:03:36,160 DEBUG   Epoch 23 - avg_train_loss: 0.0033  avg_val_loss: 1.8635 F1: 0.515466  Accuracy: 0.626648 Recall@3: 0.798352 time: 451s
2021-08-13 12:11:06,974 DEBUG   Epoch 24 - avg_train_loss: 0.0029  avg_val_loss: 1.9108 F1: 0.515929  Accuracy: 0.625275 Recall@3: 0.800549 time: 451s
2021-08-13 12:18:38,448 DEBUG   Epoch 25 - avg_train_loss: 0.0024  avg_val_loss: 1.9296 F1: 0.508306  Accuracy: 0.626374 Recall@3: 0.795330 time: 451s
2021-08-13 12:26:12,201 DEBUG   Epoch 26 - avg_train_loss: 0.0021  avg_val_loss: 1.8160 F1: 0.528971  Accuracy: 0.648077 Recall@3: 0.810989 time: 454s
2021-08-13 12:26:12,202 DEBUG   Epoch 26 - Save Best Accuracy: 0.648077 Model
2021-08-13 12:33:43,394 DEBUG   Epoch 27 - avg_train_loss: 0.0020  avg_val_loss: 1.8451 F1: 0.515724  Accuracy: 0.629121 Recall@3: 0.803571 time: 451s
2021-08-13 12:41:14,096 DEBUG   Epoch 28 - avg_train_loss: 0.0020  avg_val_loss: 2.0377 F1: 0.511832  Accuracy: 0.622253 Recall@3: 0.795879 time: 451s
2021-08-13 12:48:47,070 DEBUG   Epoch 29 - avg_train_loss: 0.0018  avg_val_loss: 1.8990 F1: 0.524924  Accuracy: 0.633242 Recall@3: 0.803846 time: 453s
2021-08-13 12:56:19,252 DEBUG   Epoch 30 - avg_train_loss: 0.0016  avg_val_loss: 2.0709 F1: 0.512600  Accuracy: 0.626099 Recall@3: 0.793681 time: 452s
2021-08-13 13:03:50,691 DEBUG   Epoch 31 - avg_train_loss: 0.0016  avg_val_loss: 1.9394 F1: 0.503792  Accuracy: 0.623901 Recall@3: 0.793681 time: 451s
2021-08-13 13:11:23,780 DEBUG   Epoch 32 - avg_train_loss: 0.0013  avg_val_loss: 2.0246 F1: 0.530548  Accuracy: 0.632967 Recall@3: 0.800000 time: 453s
2021-08-13 13:18:56,255 DEBUG   Epoch 33 - avg_train_loss: 0.0013  avg_val_loss: 2.0777 F1: 0.505497  Accuracy: 0.618956 Recall@3: 0.788736 time: 452s
2021-08-13 13:26:28,729 DEBUG   Epoch 34 - avg_train_loss: 0.0012  avg_val_loss: 1.8566 F1: 0.530362  Accuracy: 0.647802 Recall@3: 0.816209 time: 452s
2021-08-13 13:34:00,338 DEBUG   Epoch 35 - avg_train_loss: 0.0012  avg_val_loss: 2.2013 F1: 0.518705  Accuracy: 0.624451 Recall@3: 0.788187 time: 452s
2021-08-13 13:41:31,467 DEBUG   Epoch 36 - avg_train_loss: 0.0010  avg_val_loss: 2.0573 F1: 0.523152  Accuracy: 0.628571 Recall@3: 0.795604 time: 451s
2021-08-13 13:49:05,642 DEBUG   Epoch 37 - avg_train_loss: 0.0010  avg_val_loss: 1.9609 F1: 0.519787  Accuracy: 0.626374 Recall@3: 0.799176 time: 454s
2021-08-13 13:56:40,316 DEBUG   Epoch 38 - avg_train_loss: 0.0010  avg_val_loss: 2.1594 F1: 0.518613  Accuracy: 0.624451 Recall@3: 0.791758 time: 455s
2021-08-13 14:04:11,839 DEBUG   Epoch 39 - avg_train_loss: 0.0009  avg_val_loss: 2.0406 F1: 0.517932  Accuracy: 0.630220 Recall@3: 0.797527 time: 452s
2021-08-13 14:11:40,106 DEBUG   Epoch 40 - avg_train_loss: 0.0009  avg_val_loss: 1.9230 F1: 0.509628  Accuracy: 0.628571 Recall@3: 0.806593 time: 448s
2021-08-13 14:19:09,874 DEBUG   Epoch 41 - avg_train_loss: 0.0008  avg_val_loss: 2.0540 F1: 0.531027  Accuracy: 0.644505 Recall@3: 0.811538 time: 450s
2021-08-13 14:26:41,608 DEBUG   Epoch 42 - avg_train_loss: 0.0008  avg_val_loss: 1.9992 F1: 0.509286  Accuracy: 0.624725 Recall@3: 0.797802 time: 452s
2021-08-13 14:34:11,091 DEBUG   Epoch 43 - avg_train_loss: 0.0009  avg_val_loss: 1.9470 F1: 0.543764  Accuracy: 0.657143 Recall@3: 0.819231 time: 449s
2021-08-13 14:34:11,092 DEBUG   Epoch 43 - Save Best Accuracy: 0.657143 Model
2021-08-13 14:41:43,449 DEBUG   Epoch 44 - avg_train_loss: 0.0008  avg_val_loss: 1.9214 F1: 0.510940  Accuracy: 0.628297 Recall@3: 0.809890 time: 452s
2021-08-13 14:49:16,115 DEBUG   Epoch 45 - avg_train_loss: 0.0008  avg_val_loss: 1.9200 F1: 0.526223  Accuracy: 0.641209 Recall@3: 0.810714 time: 453s
2021-08-13 14:56:46,700 DEBUG   Epoch 46 - avg_train_loss: 0.0007  avg_val_loss: 1.9411 F1: 0.534613  Accuracy: 0.650824 Recall@3: 0.818681 time: 451s
2021-08-13 15:04:17,455 DEBUG   Epoch 47 - avg_train_loss: 0.0007  avg_val_loss: 2.0033 F1: 0.533313  Accuracy: 0.644505 Recall@3: 0.808791 time: 451s
2021-08-13 15:11:47,764 DEBUG   Epoch 48 - avg_train_loss: 0.0008  avg_val_loss: 1.8553 F1: 0.527479  Accuracy: 0.647527 Recall@3: 0.820604 time: 450s
2021-08-13 15:19:18,470 DEBUG   Epoch 49 - avg_train_loss: 0.0007  avg_val_loss: 1.9055 F1: 0.520486  Accuracy: 0.637637 Recall@3: 0.813736 time: 451s
2021-08-13 15:26:50,387 DEBUG   Epoch 50 - avg_train_loss: 0.0007  avg_val_loss: 1.9150 F1: 0.532543  Accuracy: 0.646154 Recall@3: 0.816484 time: 452s
2021-08-13 15:34:21,905 DEBUG   Epoch 51 - avg_train_loss: 0.0006  avg_val_loss: 1.9843 F1: 0.512750  Accuracy: 0.632143 Recall@3: 0.804670 time: 452s
2021-08-13 15:41:53,080 DEBUG   Epoch 52 - avg_train_loss: 0.0006  avg_val_loss: 2.0285 F1: 0.517719  Accuracy: 0.635440 Recall@3: 0.809066 time: 451s
2021-08-13 15:49:22,606 DEBUG   Epoch 53 - avg_train_loss: 0.0005  avg_val_loss: 2.0284 F1: 0.512251  Accuracy: 0.629670 Recall@3: 0.794505 time: 450s
2021-08-13 15:56:56,861 DEBUG   Epoch 54 - avg_train_loss: 0.0006  avg_val_loss: 2.0236 F1: 0.528642  Accuracy: 0.647802 Recall@3: 0.819780 time: 454s
2021-08-13 16:04:29,235 DEBUG   Epoch 55 - avg_train_loss: 0.0006  avg_val_loss: 2.0825 F1: 0.515590  Accuracy: 0.623901 Recall@3: 0.795055 time: 452s
2021-08-13 16:12:02,826 DEBUG   Epoch 56 - avg_train_loss: 0.0005  avg_val_loss: 2.0875 F1: 0.524106  Accuracy: 0.634890 Recall@3: 0.802198 time: 454s
2021-08-13 16:19:33,146 DEBUG   Epoch 57 - avg_train_loss: 0.0005  avg_val_loss: 1.9093 F1: 0.525711  Accuracy: 0.643681 Recall@3: 0.813462 time: 450s
2021-08-13 16:27:05,453 DEBUG   Epoch 58 - avg_train_loss: 0.0007  avg_val_loss: 2.1463 F1: 0.502311  Accuracy: 0.617857 Recall@3: 0.782967 time: 452s
2021-08-13 16:34:38,480 DEBUG   Epoch 59 - avg_train_loss: 0.0006  avg_val_loss: 2.0983 F1: 0.529374  Accuracy: 0.639286 Recall@3: 0.808791 time: 453s
2021-08-13 16:42:12,624 DEBUG   Epoch 60 - avg_train_loss: 0.0006  avg_val_loss: 2.0599 F1: 0.509825  Accuracy: 0.629121 Recall@3: 0.800000 time: 454s
2021-08-13 16:49:44,518 DEBUG   Epoch 61 - avg_train_loss: 0.0005  avg_val_loss: 2.1271 F1: 0.520489  Accuracy: 0.633516 Recall@3: 0.801923 time: 452s
2021-08-13 16:57:15,834 DEBUG   Epoch 62 - avg_train_loss: 0.0006  avg_val_loss: 2.0219 F1: 0.533013  Accuracy: 0.639835 Recall@3: 0.806868 time: 451s
2021-08-13 17:04:49,707 DEBUG   Epoch 63 - avg_train_loss: 0.0005  avg_val_loss: 1.9287 F1: 0.534438  Accuracy: 0.651648 Recall@3: 0.817857 time: 454s
2021-08-13 17:12:22,099 DEBUG   Epoch 64 - avg_train_loss: 0.0005  avg_val_loss: 2.1542 F1: 0.520488  Accuracy: 0.631593 Recall@3: 0.804396 time: 452s
2021-08-13 17:19:54,748 DEBUG   Epoch 65 - avg_train_loss: 0.0006  avg_val_loss: 2.0116 F1: 0.526068  Accuracy: 0.636264 Recall@3: 0.806044 time: 453s
2021-08-13 17:27:27,176 DEBUG   Epoch 66 - avg_train_loss: 0.0006  avg_val_loss: 1.9528 F1: 0.545845  Accuracy: 0.659890 Recall@3: 0.823626 time: 452s
2021-08-13 17:27:27,177 DEBUG   Epoch 66 - Save Best Accuracy: 0.659890 Model
2021-08-13 17:34:59,395 DEBUG   Epoch 67 - avg_train_loss: 0.0005  avg_val_loss: 1.9378 F1: 0.527534  Accuracy: 0.646703 Recall@3: 0.808791 time: 452s
2021-08-13 17:42:34,025 DEBUG   Epoch 68 - avg_train_loss: 0.0005  avg_val_loss: 2.1038 F1: 0.533708  Accuracy: 0.642308 Recall@3: 0.808242 time: 455s
2021-08-13 17:50:05,036 DEBUG   Epoch 69 - avg_train_loss: 0.0004  avg_val_loss: 1.9719 F1: 0.524437  Accuracy: 0.641484 Recall@3: 0.814560 time: 451s
2021-08-13 17:57:36,997 DEBUG   Epoch 70 - avg_train_loss: 0.0006  avg_val_loss: 1.9850 F1: 0.526607  Accuracy: 0.645055 Recall@3: 0.814286 time: 452s
2021-08-13 18:05:09,373 DEBUG   Epoch 71 - avg_train_loss: 0.0004  avg_val_loss: 2.1266 F1: 0.503624  Accuracy: 0.625824 Recall@3: 0.792308 time: 452s
2021-08-13 18:12:43,877 DEBUG   Epoch 72 - avg_train_loss: 0.0005  avg_val_loss: 2.0992 F1: 0.528932  Accuracy: 0.639286 Recall@3: 0.809341 time: 455s
2021-08-13 18:20:17,886 DEBUG   Epoch 73 - avg_train_loss: 0.0006  avg_val_loss: 1.9949 F1: 0.536388  Accuracy: 0.649176 Recall@3: 0.817308 time: 454s
2021-08-13 18:27:53,665 DEBUG   Epoch 74 - avg_train_loss: 0.0006  avg_val_loss: 1.9398 F1: 0.541178  Accuracy: 0.651648 Recall@3: 0.820879 time: 456s
2021-08-13 18:35:25,868 DEBUG   Epoch 75 - avg_train_loss: 0.0005  avg_val_loss: 2.2667 F1: 0.528306  Accuracy: 0.634066 Recall@3: 0.792308 time: 452s
2021-08-13 18:42:57,589 DEBUG   Epoch 76 - avg_train_loss: 0.0005  avg_val_loss: 2.0526 F1: 0.529897  Accuracy: 0.643956 Recall@3: 0.809615 time: 452s
2021-08-13 18:50:30,483 DEBUG   Epoch 77 - avg_train_loss: 0.0005  avg_val_loss: 2.3953 F1: 0.510920  Accuracy: 0.621154 Recall@3: 0.782692 time: 453s
2021-08-13 18:58:06,428 DEBUG   Epoch 78 - avg_train_loss: 0.0004  avg_val_loss: 2.2482 F1: 0.515435  Accuracy: 0.621429 Recall@3: 0.785165 time: 456s
2021-08-13 19:05:38,532 DEBUG   Epoch 79 - avg_train_loss: 0.0005  avg_val_loss: 2.1524 F1: 0.515733  Accuracy: 0.628022 Recall@3: 0.793132 time: 452s
2021-08-13 19:13:11,091 DEBUG   Epoch 80 - avg_train_loss: 0.0006  avg_val_loss: 1.9475 F1: 0.534628  Accuracy: 0.650549 Recall@3: 0.822253 time: 453s
2021-08-13 19:20:45,087 DEBUG   Epoch 81 - avg_train_loss: 0.0005  avg_val_loss: 1.9948 F1: 0.539575  Accuracy: 0.654121 Recall@3: 0.821978 time: 454s
2021-08-13 19:28:17,212 DEBUG   Epoch 82 - avg_train_loss: 0.0005  avg_val_loss: 2.1413 F1: 0.514299  Accuracy: 0.629121 Recall@3: 0.800824 time: 452s
2021-08-13 19:35:49,870 DEBUG   Epoch 83 - avg_train_loss: 0.0006  avg_val_loss: 1.9016 F1: 0.524011  Accuracy: 0.644505 Recall@3: 0.814011 time: 453s
2021-08-13 19:43:24,422 DEBUG   Epoch 84 - avg_train_loss: 0.0005  avg_val_loss: 1.9841 F1: 0.539408  Accuracy: 0.656593 Recall@3: 0.818132 time: 455s
2021-08-13 19:50:56,429 DEBUG   Epoch 85 - avg_train_loss: 0.0005  avg_val_loss: 2.0094 F1: 0.527943  Accuracy: 0.641758 Recall@3: 0.809890 time: 452s
2021-08-13 19:58:31,685 DEBUG   Epoch 86 - avg_train_loss: 0.0005  avg_val_loss: 2.1019 F1: 0.509674  Accuracy: 0.622253 Recall@3: 0.794231 time: 455s
2021-08-13 20:06:04,231 DEBUG   Epoch 87 - avg_train_loss: 0.0005  avg_val_loss: 1.9892 F1: 0.535985  Accuracy: 0.646703 Recall@3: 0.813187 time: 453s
2021-08-13 20:13:39,965 DEBUG   Epoch 88 - avg_train_loss: 0.0005  avg_val_loss: 2.4618 F1: 0.508978  Accuracy: 0.620879 Recall@3: 0.782143 time: 456s
2021-08-13 20:21:11,134 DEBUG   Epoch 89 - avg_train_loss: 0.0004  avg_val_loss: 1.9140 F1: 0.533453  Accuracy: 0.649176 Recall@3: 0.812363 time: 451s
2021-08-13 20:28:44,524 DEBUG   Epoch 90 - avg_train_loss: 0.0006  avg_val_loss: 2.2647 F1: 0.510295  Accuracy: 0.625824 Recall@3: 0.792308 time: 453s
2021-08-13 20:36:17,898 DEBUG   Epoch 91 - avg_train_loss: 0.0005  avg_val_loss: 2.5492 F1: 0.514767  Accuracy: 0.616484 Recall@3: 0.778571 time: 453s
2021-08-13 20:43:51,400 DEBUG   Epoch 92 - avg_train_loss: 0.0004  avg_val_loss: 2.0252 F1: 0.517424  Accuracy: 0.633242 Recall@3: 0.804945 time: 454s
2021-08-13 20:51:23,558 DEBUG   Epoch 93 - avg_train_loss: 0.0006  avg_val_loss: 2.0894 F1: 0.518929  Accuracy: 0.631044 Recall@3: 0.798901 time: 452s
2021-08-13 20:58:56,364 DEBUG   Epoch 94 - avg_train_loss: 0.0005  avg_val_loss: 1.9889 F1: 0.527998  Accuracy: 0.643132 Recall@3: 0.817308 time: 453s
2021-08-13 21:06:32,549 DEBUG   Epoch 95 - avg_train_loss: 0.0004  avg_val_loss: 1.9473 F1: 0.516464  Accuracy: 0.641484 Recall@3: 0.808242 time: 456s
2021-08-13 21:14:04,737 DEBUG   Epoch 96 - avg_train_loss: 0.0003  avg_val_loss: 2.0529 F1: 0.525037  Accuracy: 0.635440 Recall@3: 0.805769 time: 452s
2021-08-13 21:21:37,609 DEBUG   Epoch 97 - avg_train_loss: 0.0005  avg_val_loss: 1.9374 F1: 0.539525  Accuracy: 0.655220 Recall@3: 0.820879 time: 453s
2021-08-13 21:29:11,024 DEBUG   Epoch 98 - avg_train_loss: 0.0004  avg_val_loss: 1.9750 F1: 0.520757  Accuracy: 0.643132 Recall@3: 0.809615 time: 453s
2021-08-13 21:36:45,728 DEBUG   Epoch 99 - avg_train_loss: 0.0004  avg_val_loss: 2.0198 F1: 0.522183  Accuracy: 0.633791 Recall@3: 0.805495 time: 455s
2021-08-13 21:44:19,778 DEBUG   Epoch 100 - avg_train_loss: 0.0004  avg_val_loss: 2.1916 F1: 0.531750  Accuracy: 0.638187 Recall@3: 0.802198 time: 454s
2021-08-13 21:44:19,779 INFO [Train model] done in 45303 s.
