2021-05-14 12:02:50,487 INFO [Train model] start
2021-05-14 12:09:19,663 DEBUG   Epoch 1 - avg_train_loss: 3.0083  avg_val_loss: 2.5183 F1: 0.187972  Accuracy: 0.371703 Recall@3: 0.584615 time: 388s
2021-05-14 12:09:19,667 DEBUG   Epoch 1 - Save Best Accuracy: 0.371703 Model
2021-05-14 12:09:19,713 DEBUG   Epoch 1 - Save Best Loss: 2.5183 Model
2021-05-14 12:15:37,547 DEBUG   Epoch 2 - avg_train_loss: 2.1158  avg_val_loss: 2.1917 F1: 0.255964  Accuracy: 0.435989 Recall@3: 0.649451 time: 378s
2021-05-14 12:15:37,559 DEBUG   Epoch 2 - Save Best Accuracy: 0.435989 Model
2021-05-14 12:15:37,648 DEBUG   Epoch 2 - Save Best Loss: 2.1917 Model
2021-05-14 12:21:48,084 DEBUG   Epoch 3 - avg_train_loss: 1.8358  avg_val_loss: 2.1105 F1: 0.275531  Accuracy: 0.453846 Recall@3: 0.664011 time: 370s
2021-05-14 12:21:48,096 DEBUG   Epoch 3 - Save Best Accuracy: 0.453846 Model
2021-05-14 12:21:48,200 DEBUG   Epoch 3 - Save Best Loss: 2.1105 Model
2021-05-14 12:28:09,488 DEBUG   Epoch 4 - avg_train_loss: 1.6582  avg_val_loss: 1.9579 F1: 0.337431  Accuracy: 0.480495 Recall@3: 0.696703 time: 381s
2021-05-14 12:28:09,511 DEBUG   Epoch 4 - Save Best Accuracy: 0.480495 Model
2021-05-14 12:28:09,612 DEBUG   Epoch 4 - Save Best Loss: 1.9579 Model
2021-05-14 12:34:29,130 DEBUG   Epoch 5 - avg_train_loss: 1.5197  avg_val_loss: 1.7808 F1: 0.387844  Accuracy: 0.532967 Recall@3: 0.744780 time: 379s
2021-05-14 12:34:29,131 DEBUG   Epoch 5 - Save Best Accuracy: 0.532967 Model
2021-05-14 12:34:29,183 DEBUG   Epoch 5 - Save Best Loss: 1.7808 Model
2021-05-14 12:40:45,363 DEBUG   Epoch 6 - avg_train_loss: 1.4229  avg_val_loss: 1.7546 F1: 0.391415  Accuracy: 0.537088 Recall@3: 0.751923 time: 376s
2021-05-14 12:40:45,373 DEBUG   Epoch 6 - Save Best Accuracy: 0.537088 Model
2021-05-14 12:40:45,473 DEBUG   Epoch 6 - Save Best Loss: 1.7546 Model
2021-05-14 12:47:05,450 DEBUG   Epoch 7 - avg_train_loss: 1.3238  avg_val_loss: 1.7309 F1: 0.382733  Accuracy: 0.538462 Recall@3: 0.743132 time: 380s
2021-05-14 12:47:05,468 DEBUG   Epoch 7 - Save Best Accuracy: 0.538462 Model
2021-05-14 12:47:05,546 DEBUG   Epoch 7 - Save Best Loss: 1.7309 Model
2021-05-14 12:53:24,684 DEBUG   Epoch 8 - avg_train_loss: 1.2497  avg_val_loss: 1.7179 F1: 0.406931  Accuracy: 0.549176 Recall@3: 0.754670 time: 379s
2021-05-14 12:53:24,689 DEBUG   Epoch 8 - Save Best Accuracy: 0.549176 Model
2021-05-14 12:53:24,760 DEBUG   Epoch 8 - Save Best Loss: 1.7179 Model
2021-05-14 12:59:49,243 DEBUG   Epoch 9 - avg_train_loss: 1.1744  avg_val_loss: 1.7422 F1: 0.409172  Accuracy: 0.545055 Recall@3: 0.760714 time: 384s
2021-05-14 13:06:05,623 DEBUG   Epoch 10 - avg_train_loss: 1.1153  avg_val_loss: 1.7722 F1: 0.402730  Accuracy: 0.535989 Recall@3: 0.748901 time: 376s
2021-05-14 13:12:24,747 DEBUG   Epoch 11 - avg_train_loss: 0.9942  avg_val_loss: 1.5670 F1: 0.468709  Accuracy: 0.578846 Recall@3: 0.788187 time: 379s
2021-05-14 13:12:24,749 DEBUG   Epoch 11 - Save Best Accuracy: 0.578846 Model
2021-05-14 13:12:24,902 DEBUG   Epoch 11 - Save Best Loss: 1.5670 Model
2021-05-14 13:18:45,552 DEBUG   Epoch 12 - avg_train_loss: 0.9360  avg_val_loss: 1.6016 F1: 0.468933  Accuracy: 0.584341 Recall@3: 0.787088 time: 381s
2021-05-14 13:18:45,553 DEBUG   Epoch 12 - Save Best Accuracy: 0.584341 Model
2021-05-14 13:25:03,429 DEBUG   Epoch 13 - avg_train_loss: 0.8848  avg_val_loss: 1.6586 F1: 0.430225  Accuracy: 0.564286 Recall@3: 0.773626 time: 378s
2021-05-14 13:31:23,177 DEBUG   Epoch 14 - avg_train_loss: 0.7733  avg_val_loss: 1.6060 F1: 0.463161  Accuracy: 0.583791 Recall@3: 0.801648 time: 380s
2021-05-14 13:37:41,942 DEBUG   Epoch 15 - avg_train_loss: 0.7269  avg_val_loss: 1.5520 F1: 0.483774  Accuracy: 0.598626 Recall@3: 0.800549 time: 379s
2021-05-14 13:37:41,943 DEBUG   Epoch 15 - Save Best Accuracy: 0.598626 Model
2021-05-14 13:37:42,155 DEBUG   Epoch 15 - Save Best Loss: 1.5520 Model
2021-05-14 13:44:04,418 DEBUG   Epoch 16 - avg_train_loss: 0.6743  avg_val_loss: 1.5651 F1: 0.490028  Accuracy: 0.604670 Recall@3: 0.794780 time: 382s
2021-05-14 13:44:04,438 DEBUG   Epoch 16 - Save Best Accuracy: 0.604670 Model
2021-05-14 13:50:25,533 DEBUG   Epoch 17 - avg_train_loss: 0.6407  avg_val_loss: 1.5835 F1: 0.487215  Accuracy: 0.600000 Recall@3: 0.797253 time: 381s
2021-05-14 13:56:48,947 DEBUG   Epoch 18 - avg_train_loss: 0.5631  avg_val_loss: 1.5507 F1: 0.492998  Accuracy: 0.609341 Recall@3: 0.803846 time: 383s
2021-05-14 13:56:48,952 DEBUG   Epoch 18 - Save Best Accuracy: 0.609341 Model
2021-05-14 13:56:49,036 DEBUG   Epoch 18 - Save Best Loss: 1.5507 Model
2021-05-14 14:03:13,017 DEBUG   Epoch 19 - avg_train_loss: 0.5072  avg_val_loss: 1.6462 F1: 0.475707  Accuracy: 0.592857 Recall@3: 0.796703 time: 384s
2021-05-14 14:09:34,562 DEBUG   Epoch 20 - avg_train_loss: 0.4740  avg_val_loss: 1.6238 F1: 0.492181  Accuracy: 0.610714 Recall@3: 0.804670 time: 382s
2021-05-14 14:09:34,571 DEBUG   Epoch 20 - Save Best Accuracy: 0.610714 Model
2021-05-14 14:15:58,682 DEBUG   Epoch 21 - avg_train_loss: 0.4044  avg_val_loss: 1.5642 F1: 0.523521  Accuracy: 0.623077 Recall@3: 0.816758 time: 384s
2021-05-14 14:15:58,684 DEBUG   Epoch 21 - Save Best Accuracy: 0.623077 Model
2021-05-14 14:22:19,759 DEBUG   Epoch 22 - avg_train_loss: 0.3661  avg_val_loss: 1.6248 F1: 0.506502  Accuracy: 0.616484 Recall@3: 0.808242 time: 381s
2021-05-14 14:28:36,778 DEBUG   Epoch 23 - avg_train_loss: 0.3147  avg_val_loss: 1.5632 F1: 0.525508  Accuracy: 0.636813 Recall@3: 0.824725 time: 377s
2021-05-14 14:28:36,779 DEBUG   Epoch 23 - Save Best Accuracy: 0.636813 Model
2021-05-14 14:35:01,957 DEBUG   Epoch 24 - avg_train_loss: 0.2872  avg_val_loss: 1.5947 F1: 0.510471  Accuracy: 0.622802 Recall@3: 0.819231 time: 385s
2021-05-14 14:41:22,566 DEBUG   Epoch 25 - avg_train_loss: 0.2422  avg_val_loss: 1.5943 F1: 0.523581  Accuracy: 0.625275 Recall@3: 0.819505 time: 381s
2021-05-14 14:47:41,907 DEBUG   Epoch 26 - avg_train_loss: 0.2141  avg_val_loss: 1.6451 F1: 0.505036  Accuracy: 0.625000 Recall@3: 0.814835 time: 379s
2021-05-14 14:53:59,874 DEBUG   Epoch 27 - avg_train_loss: 0.1818  avg_val_loss: 1.6354 F1: 0.521557  Accuracy: 0.634066 Recall@3: 0.819505 time: 378s
2021-05-14 15:00:29,432 DEBUG   Epoch 28 - avg_train_loss: 0.1656  avg_val_loss: 1.6218 F1: 0.525008  Accuracy: 0.636813 Recall@3: 0.827747 time: 390s
2021-05-14 15:06:50,030 DEBUG   Epoch 29 - avg_train_loss: 0.1419  avg_val_loss: 1.6446 F1: 0.531963  Accuracy: 0.635714 Recall@3: 0.824725 time: 381s
2021-05-14 15:13:08,534 DEBUG   Epoch 30 - avg_train_loss: 0.1289  avg_val_loss: 1.6450 F1: 0.530788  Accuracy: 0.641209 Recall@3: 0.826374 time: 379s
2021-05-14 15:13:08,535 DEBUG   Epoch 30 - Save Best Accuracy: 0.641209 Model
2021-05-14 15:19:29,737 DEBUG   Epoch 31 - avg_train_loss: 0.1092  avg_val_loss: 1.6355 F1: 0.532507  Accuracy: 0.641484 Recall@3: 0.824725 time: 381s
2021-05-14 15:19:29,747 DEBUG   Epoch 31 - Save Best Accuracy: 0.641484 Model
2021-05-14 15:25:54,262 DEBUG   Epoch 32 - avg_train_loss: 0.1036  avg_val_loss: 1.6451 F1: 0.531588  Accuracy: 0.642857 Recall@3: 0.828846 time: 384s
2021-05-14 15:25:54,267 DEBUG   Epoch 32 - Save Best Accuracy: 0.642857 Model
2021-05-14 15:32:11,013 DEBUG   Epoch 33 - avg_train_loss: 0.0906  avg_val_loss: 1.6349 F1: 0.547266  Accuracy: 0.654121 Recall@3: 0.829945 time: 377s
2021-05-14 15:32:11,015 DEBUG   Epoch 33 - Save Best Accuracy: 0.654121 Model
2021-05-14 15:38:31,326 DEBUG   Epoch 34 - avg_train_loss: 0.0796  avg_val_loss: 1.6709 F1: 0.537210  Accuracy: 0.644780 Recall@3: 0.823901 time: 380s
2021-05-14 15:44:47,025 DEBUG   Epoch 35 - avg_train_loss: 0.0707  avg_val_loss: 1.6311 F1: 0.537981  Accuracy: 0.647253 Recall@3: 0.833242 time: 376s
2021-05-14 15:51:03,134 DEBUG   Epoch 36 - avg_train_loss: 0.0666  avg_val_loss: 1.6205 F1: 0.546866  Accuracy: 0.651099 Recall@3: 0.829396 time: 376s
2021-05-14 15:57:16,247 DEBUG   Epoch 37 - avg_train_loss: 0.0583  avg_val_loss: 1.6351 F1: 0.547882  Accuracy: 0.651374 Recall@3: 0.831593 time: 373s
2021-05-14 16:03:32,902 DEBUG   Epoch 38 - avg_train_loss: 0.0557  avg_val_loss: 1.6443 F1: 0.539122  Accuracy: 0.647253 Recall@3: 0.829396 time: 377s
2021-05-14 16:09:54,708 DEBUG   Epoch 39 - avg_train_loss: 0.0516  avg_val_loss: 1.6298 F1: 0.550351  Accuracy: 0.656593 Recall@3: 0.834615 time: 382s
2021-05-14 16:09:54,714 DEBUG   Epoch 39 - Save Best Accuracy: 0.656593 Model
2021-05-14 16:16:16,354 DEBUG   Epoch 40 - avg_train_loss: 0.0487  avg_val_loss: 1.6500 F1: 0.538746  Accuracy: 0.644505 Recall@3: 0.829396 time: 382s
2021-05-14 16:22:31,324 DEBUG   Epoch 41 - avg_train_loss: 0.0464  avg_val_loss: 1.6662 F1: 0.546916  Accuracy: 0.650549 Recall@3: 0.827747 time: 375s
2021-05-14 16:28:53,874 DEBUG   Epoch 42 - avg_train_loss: 0.0424  avg_val_loss: 1.6673 F1: 0.549502  Accuracy: 0.652473 Recall@3: 0.829670 time: 383s
2021-05-14 16:35:20,984 DEBUG   Epoch 43 - avg_train_loss: 0.0413  avg_val_loss: 1.6755 F1: 0.545794  Accuracy: 0.652473 Recall@3: 0.834890 time: 387s
2021-05-14 16:41:38,273 DEBUG   Epoch 44 - avg_train_loss: 0.0390  avg_val_loss: 1.6667 F1: 0.555014  Accuracy: 0.659341 Recall@3: 0.829945 time: 377s
2021-05-14 16:41:38,276 DEBUG   Epoch 44 - Save Best Accuracy: 0.659341 Model
2021-05-14 16:47:55,058 DEBUG   Epoch 45 - avg_train_loss: 0.0372  avg_val_loss: 1.6622 F1: 0.553342  Accuracy: 0.653571 Recall@3: 0.831044 time: 377s
2021-05-14 16:54:16,339 DEBUG   Epoch 46 - avg_train_loss: 0.0375  avg_val_loss: 1.6684 F1: 0.554305  Accuracy: 0.653022 Recall@3: 0.829396 time: 381s
2021-05-14 17:00:32,106 DEBUG   Epoch 47 - avg_train_loss: 0.0345  avg_val_loss: 1.6839 F1: 0.545235  Accuracy: 0.651923 Recall@3: 0.826923 time: 376s
2021-05-14 17:06:57,855 DEBUG   Epoch 48 - avg_train_loss: 0.0365  avg_val_loss: 1.6826 F1: 0.543458  Accuracy: 0.649725 Recall@3: 0.831868 time: 386s
2021-05-14 17:13:25,118 DEBUG   Epoch 49 - avg_train_loss: 0.0322  avg_val_loss: 1.6803 F1: 0.555192  Accuracy: 0.659341 Recall@3: 0.833516 time: 387s
2021-05-14 17:19:52,683 DEBUG   Epoch 50 - avg_train_loss: 0.0320  avg_val_loss: 1.6909 F1: 0.550669  Accuracy: 0.655220 Recall@3: 0.823901 time: 388s
2021-05-14 17:26:13,225 DEBUG   Epoch 51 - avg_train_loss: 0.0293  avg_val_loss: 1.6845 F1: 0.547030  Accuracy: 0.653846 Recall@3: 0.830495 time: 381s
2021-05-14 17:32:29,522 DEBUG   Epoch 52 - avg_train_loss: 0.0280  avg_val_loss: 1.6879 F1: 0.550544  Accuracy: 0.654945 Recall@3: 0.834066 time: 376s
2021-05-14 17:38:52,863 DEBUG   Epoch 53 - avg_train_loss: 0.0299  avg_val_loss: 1.6723 F1: 0.546475  Accuracy: 0.657143 Recall@3: 0.835165 time: 383s
2021-05-14 17:45:17,098 DEBUG   Epoch 54 - avg_train_loss: 0.0287  avg_val_loss: 1.6816 F1: 0.551336  Accuracy: 0.656319 Recall@3: 0.834890 time: 384s
2021-05-14 17:51:42,678 DEBUG   Epoch 55 - avg_train_loss: 0.0269  avg_val_loss: 1.6836 F1: 0.551013  Accuracy: 0.658242 Recall@3: 0.831868 time: 386s
2021-05-14 17:58:03,231 DEBUG   Epoch 56 - avg_train_loss: 0.0270  avg_val_loss: 1.6894 F1: 0.550632  Accuracy: 0.658242 Recall@3: 0.834615 time: 381s
2021-05-14 18:04:26,288 DEBUG   Epoch 57 - avg_train_loss: 0.0267  avg_val_loss: 1.6676 F1: 0.547357  Accuracy: 0.657692 Recall@3: 0.838187 time: 383s
2021-05-14 18:10:47,213 DEBUG   Epoch 58 - avg_train_loss: 0.0260  avg_val_loss: 1.6942 F1: 0.545316  Accuracy: 0.655495 Recall@3: 0.834066 time: 381s
2021-05-14 18:17:02,835 DEBUG   Epoch 59 - avg_train_loss: 0.0243  avg_val_loss: 1.6882 F1: 0.547595  Accuracy: 0.654670 Recall@3: 0.829670 time: 376s
2021-05-14 18:23:32,281 DEBUG   Epoch 60 - avg_train_loss: 0.0240  avg_val_loss: 1.6849 F1: 0.553875  Accuracy: 0.658242 Recall@3: 0.832692 time: 389s
2021-05-14 18:29:55,971 DEBUG   Epoch 61 - avg_train_loss: 0.0234  avg_val_loss: 1.6833 F1: 0.554390  Accuracy: 0.659890 Recall@3: 0.836813 time: 384s
2021-05-14 18:29:55,980 DEBUG   Epoch 61 - Save Best Accuracy: 0.659890 Model
2021-05-14 18:36:27,597 DEBUG   Epoch 62 - avg_train_loss: 0.0240  avg_val_loss: 1.6977 F1: 0.556676  Accuracy: 0.662088 Recall@3: 0.834890 time: 392s
2021-05-14 18:36:27,601 DEBUG   Epoch 62 - Save Best Accuracy: 0.662088 Model
2021-05-14 18:42:42,019 DEBUG   Epoch 63 - avg_train_loss: 0.0231  avg_val_loss: 1.6895 F1: 0.557340  Accuracy: 0.661538 Recall@3: 0.834890 time: 374s
2021-05-14 18:49:00,634 DEBUG   Epoch 64 - avg_train_loss: 0.0236  avg_val_loss: 1.6851 F1: 0.548143  Accuracy: 0.656044 Recall@3: 0.835440 time: 379s
2021-05-14 18:55:21,768 DEBUG   Epoch 65 - avg_train_loss: 0.0229  avg_val_loss: 1.6881 F1: 0.543668  Accuracy: 0.655769 Recall@3: 0.835714 time: 381s
2021-05-14 19:01:35,686 DEBUG   Epoch 66 - avg_train_loss: 0.0227  avg_val_loss: 1.7004 F1: 0.547653  Accuracy: 0.657143 Recall@3: 0.835989 time: 374s
2021-05-14 19:07:55,537 DEBUG   Epoch 67 - avg_train_loss: 0.0218  avg_val_loss: 1.6938 F1: 0.558598  Accuracy: 0.659066 Recall@3: 0.837637 time: 380s
2021-05-14 19:14:12,595 DEBUG   Epoch 68 - avg_train_loss: 0.0218  avg_val_loss: 1.6859 F1: 0.551686  Accuracy: 0.657143 Recall@3: 0.836538 time: 377s
2021-05-14 19:20:36,732 DEBUG   Epoch 69 - avg_train_loss: 0.0210  avg_val_loss: 1.6836 F1: 0.552216  Accuracy: 0.658242 Recall@3: 0.836813 time: 384s
2021-05-14 19:26:56,304 DEBUG   Epoch 70 - avg_train_loss: 0.0204  avg_val_loss: 1.6862 F1: 0.554664  Accuracy: 0.658516 Recall@3: 0.838187 time: 380s
2021-05-14 19:33:15,872 DEBUG   Epoch 71 - avg_train_loss: 0.0212  avg_val_loss: 1.6833 F1: 0.550377  Accuracy: 0.656593 Recall@3: 0.836813 time: 380s
2021-05-14 19:39:34,678 DEBUG   Epoch 72 - avg_train_loss: 0.0206  avg_val_loss: 1.6947 F1: 0.547708  Accuracy: 0.655220 Recall@3: 0.837912 time: 379s
2021-05-14 19:46:01,720 DEBUG   Epoch 73 - avg_train_loss: 0.0214  avg_val_loss: 1.7007 F1: 0.545076  Accuracy: 0.653022 Recall@3: 0.835989 time: 387s
2021-05-14 19:52:19,471 DEBUG   Epoch 74 - avg_train_loss: 0.0209  avg_val_loss: 1.7082 F1: 0.551683  Accuracy: 0.654670 Recall@3: 0.835165 time: 378s
2021-05-14 19:58:42,576 DEBUG   Epoch 75 - avg_train_loss: 0.0206  avg_val_loss: 1.6960 F1: 0.550836  Accuracy: 0.655495 Recall@3: 0.835989 time: 383s
2021-05-14 20:05:00,103 DEBUG   Epoch 76 - avg_train_loss: 0.0207  avg_val_loss: 1.6993 F1: 0.551942  Accuracy: 0.657967 Recall@3: 0.832418 time: 378s
2021-05-14 20:11:16,776 DEBUG   Epoch 77 - avg_train_loss: 0.0219  avg_val_loss: 1.7110 F1: 0.542804  Accuracy: 0.653846 Recall@3: 0.835440 time: 377s
2021-05-14 20:17:38,083 DEBUG   Epoch 78 - avg_train_loss: 0.0204  avg_val_loss: 1.7036 F1: 0.552782  Accuracy: 0.656319 Recall@3: 0.833791 time: 381s
2021-05-14 20:23:56,317 DEBUG   Epoch 79 - avg_train_loss: 0.0200  avg_val_loss: 1.7010 F1: 0.549172  Accuracy: 0.655495 Recall@3: 0.834066 time: 378s
2021-05-14 20:30:14,873 DEBUG   Epoch 80 - avg_train_loss: 0.0198  avg_val_loss: 1.6975 F1: 0.551065  Accuracy: 0.656319 Recall@3: 0.834890 time: 379s
2021-05-14 20:36:37,093 DEBUG   Epoch 81 - avg_train_loss: 0.0193  avg_val_loss: 1.7041 F1: 0.553868  Accuracy: 0.659066 Recall@3: 0.837363 time: 382s
2021-05-14 20:42:57,717 DEBUG   Epoch 82 - avg_train_loss: 0.0210  avg_val_loss: 1.7017 F1: 0.549787  Accuracy: 0.654670 Recall@3: 0.835440 time: 381s
2021-05-14 20:49:13,882 DEBUG   Epoch 83 - avg_train_loss: 0.0186  avg_val_loss: 1.7088 F1: 0.547237  Accuracy: 0.656593 Recall@3: 0.835989 time: 376s
2021-05-14 20:55:30,232 DEBUG   Epoch 84 - avg_train_loss: 0.0195  avg_val_loss: 1.6948 F1: 0.548945  Accuracy: 0.654945 Recall@3: 0.834890 time: 376s
2021-05-14 21:01:48,099 DEBUG   Epoch 85 - avg_train_loss: 0.0196  avg_val_loss: 1.7089 F1: 0.550523  Accuracy: 0.656044 Recall@3: 0.836813 time: 378s
2021-05-14 21:08:15,954 DEBUG   Epoch 86 - avg_train_loss: 0.0200  avg_val_loss: 1.7038 F1: 0.554640  Accuracy: 0.657418 Recall@3: 0.836538 time: 388s
2021-05-14 21:14:28,188 DEBUG   Epoch 87 - avg_train_loss: 0.0183  avg_val_loss: 1.6965 F1: 0.557304  Accuracy: 0.660989 Recall@3: 0.836538 time: 372s
2021-05-14 21:20:58,262 DEBUG   Epoch 88 - avg_train_loss: 0.0193  avg_val_loss: 1.7208 F1: 0.549464  Accuracy: 0.655220 Recall@3: 0.831868 time: 390s
2021-05-14 21:27:16,072 DEBUG   Epoch 89 - avg_train_loss: 0.0202  avg_val_loss: 1.6980 F1: 0.550959  Accuracy: 0.654945 Recall@3: 0.835165 time: 378s
2021-05-14 21:33:32,026 DEBUG   Epoch 90 - avg_train_loss: 0.0191  avg_val_loss: 1.7038 F1: 0.549027  Accuracy: 0.657967 Recall@3: 0.836538 time: 376s
2021-05-14 21:39:51,043 DEBUG   Epoch 91 - avg_train_loss: 0.0200  avg_val_loss: 1.6988 F1: 0.555600  Accuracy: 0.657143 Recall@3: 0.838736 time: 379s
2021-05-14 21:46:06,614 DEBUG   Epoch 92 - avg_train_loss: 0.0182  avg_val_loss: 1.6896 F1: 0.555415  Accuracy: 0.657967 Recall@3: 0.834341 time: 376s
2021-05-14 21:52:26,406 DEBUG   Epoch 93 - avg_train_loss: 0.0183  avg_val_loss: 1.7026 F1: 0.550528  Accuracy: 0.655769 Recall@3: 0.837912 time: 380s
2021-05-14 21:58:47,017 DEBUG   Epoch 94 - avg_train_loss: 0.0185  avg_val_loss: 1.7025 F1: 0.550670  Accuracy: 0.657143 Recall@3: 0.834341 time: 381s
2021-05-14 22:05:05,288 DEBUG   Epoch 95 - avg_train_loss: 0.0191  avg_val_loss: 1.6944 F1: 0.554291  Accuracy: 0.659341 Recall@3: 0.836538 time: 378s
2021-05-14 22:11:26,385 DEBUG   Epoch 96 - avg_train_loss: 0.0193  avg_val_loss: 1.7032 F1: 0.553100  Accuracy: 0.656868 Recall@3: 0.833791 time: 381s
2021-05-14 22:17:48,557 DEBUG   Epoch 97 - avg_train_loss: 0.0193  avg_val_loss: 1.7072 F1: 0.548805  Accuracy: 0.656044 Recall@3: 0.835440 time: 382s
2021-05-14 22:24:05,021 DEBUG   Epoch 98 - avg_train_loss: 0.0188  avg_val_loss: 1.7047 F1: 0.550454  Accuracy: 0.655769 Recall@3: 0.834890 time: 376s
2021-05-14 22:30:23,713 DEBUG   Epoch 99 - avg_train_loss: 0.0203  avg_val_loss: 1.6974 F1: 0.551376  Accuracy: 0.657418 Recall@3: 0.836264 time: 379s
2021-05-14 22:36:40,443 DEBUG   Epoch 100 - avg_train_loss: 0.0183  avg_val_loss: 1.6894 F1: 0.550176  Accuracy: 0.655769 Recall@3: 0.836538 time: 377s
2021-05-14 22:36:40,447 INFO [Train model] done in 38030 s.
