2021-05-14 13:07:09,585 INFO [Train model] start
2021-05-14 13:11:10,972 DEBUG   Epoch 1 - avg_train_loss: 3.0368  avg_val_loss: 2.4777 F1: 0.198878  Accuracy: 0.385165 Recall@3: 0.584615 time: 239s
2021-05-14 13:11:10,974 DEBUG   Epoch 1 - Save Best Accuracy: 0.385165 Model
2021-05-14 13:11:11,097 DEBUG   Epoch 1 - Save Best Loss: 2.4777 Model
2021-05-14 13:15:21,985 DEBUG   Epoch 2 - avg_train_loss: 2.1017  avg_val_loss: 2.2591 F1: 0.249941  Accuracy: 0.414011 Recall@3: 0.641209 time: 251s
2021-05-14 13:15:21,987 DEBUG   Epoch 2 - Save Best Accuracy: 0.414011 Model
2021-05-14 13:15:22,114 DEBUG   Epoch 2 - Save Best Loss: 2.2591 Model
2021-05-14 13:19:30,524 DEBUG   Epoch 3 - avg_train_loss: 1.8067  avg_val_loss: 2.1415 F1: 0.295084  Accuracy: 0.447802 Recall@3: 0.667857 time: 248s
2021-05-14 13:19:30,526 DEBUG   Epoch 3 - Save Best Accuracy: 0.447802 Model
2021-05-14 13:19:30,656 DEBUG   Epoch 3 - Save Best Loss: 2.1415 Model
2021-05-14 13:23:39,414 DEBUG   Epoch 4 - avg_train_loss: 1.6086  avg_val_loss: 2.1001 F1: 0.312258  Accuracy: 0.449451 Recall@3: 0.676099 time: 249s
2021-05-14 13:23:39,415 DEBUG   Epoch 4 - Save Best Accuracy: 0.449451 Model
2021-05-14 13:23:39,557 DEBUG   Epoch 4 - Save Best Loss: 2.1001 Model
2021-05-14 13:27:48,475 DEBUG   Epoch 5 - avg_train_loss: 1.4611  avg_val_loss: 2.0209 F1: 0.323305  Accuracy: 0.475549 Recall@3: 0.697527 time: 249s
2021-05-14 13:27:48,476 DEBUG   Epoch 5 - Save Best Accuracy: 0.475549 Model
2021-05-14 13:27:48,596 DEBUG   Epoch 5 - Save Best Loss: 2.0209 Model
2021-05-14 13:32:00,006 DEBUG   Epoch 6 - avg_train_loss: 1.3432  avg_val_loss: 1.8830 F1: 0.381032  Accuracy: 0.508242 Recall@3: 0.735440 time: 251s
2021-05-14 13:32:00,007 DEBUG   Epoch 6 - Save Best Accuracy: 0.508242 Model
2021-05-14 13:32:00,142 DEBUG   Epoch 6 - Save Best Loss: 1.8830 Model
2021-05-14 13:36:11,067 DEBUG   Epoch 7 - avg_train_loss: 1.2289  avg_val_loss: 2.0006 F1: 0.364649  Accuracy: 0.491209 Recall@3: 0.709890 time: 251s
2021-05-14 13:40:23,766 DEBUG   Epoch 8 - avg_train_loss: 1.1245  avg_val_loss: 1.9156 F1: 0.385029  Accuracy: 0.509890 Recall@3: 0.724176 time: 253s
2021-05-14 13:40:23,768 DEBUG   Epoch 8 - Save Best Accuracy: 0.509890 Model
2021-05-14 13:44:34,140 DEBUG   Epoch 9 - avg_train_loss: 0.9842  avg_val_loss: 1.9448 F1: 0.386743  Accuracy: 0.508242 Recall@3: 0.725275 time: 250s
2021-05-14 13:48:47,895 DEBUG   Epoch 10 - avg_train_loss: 0.8805  avg_val_loss: 1.7455 F1: 0.446608  Accuracy: 0.556593 Recall@3: 0.762912 time: 254s
2021-05-14 13:48:47,897 DEBUG   Epoch 10 - Save Best Accuracy: 0.556593 Model
2021-05-14 13:48:48,016 DEBUG   Epoch 10 - Save Best Loss: 1.7455 Model
2021-05-14 13:53:01,728 DEBUG   Epoch 11 - avg_train_loss: 0.8010  avg_val_loss: 1.7654 F1: 0.406090  Accuracy: 0.537912 Recall@3: 0.751374 time: 254s
2021-05-14 13:57:18,018 DEBUG   Epoch 12 - avg_train_loss: 0.7385  avg_val_loss: 1.8751 F1: 0.428429  Accuracy: 0.548901 Recall@3: 0.759066 time: 256s
2021-05-14 14:01:30,970 DEBUG   Epoch 13 - avg_train_loss: 0.6264  avg_val_loss: 1.7398 F1: 0.449196  Accuracy: 0.565659 Recall@3: 0.772802 time: 253s
2021-05-14 14:01:30,971 DEBUG   Epoch 13 - Save Best Accuracy: 0.565659 Model
2021-05-14 14:01:31,105 DEBUG   Epoch 13 - Save Best Loss: 1.7398 Model
2021-05-14 14:05:44,603 DEBUG   Epoch 14 - avg_train_loss: 0.5509  avg_val_loss: 1.7825 F1: 0.451556  Accuracy: 0.560165 Recall@3: 0.769505 time: 253s
2021-05-14 14:09:56,473 DEBUG   Epoch 15 - avg_train_loss: 0.5004  avg_val_loss: 1.7114 F1: 0.469964  Accuracy: 0.587088 Recall@3: 0.782692 time: 252s
2021-05-14 14:09:56,475 DEBUG   Epoch 15 - Save Best Accuracy: 0.587088 Model
2021-05-14 14:09:56,605 DEBUG   Epoch 15 - Save Best Loss: 1.7114 Model
2021-05-14 14:14:05,215 DEBUG   Epoch 16 - avg_train_loss: 0.4574  avg_val_loss: 1.7839 F1: 0.465904  Accuracy: 0.576374 Recall@3: 0.777747 time: 248s
2021-05-14 14:18:19,584 DEBUG   Epoch 17 - avg_train_loss: 0.4104  avg_val_loss: 1.9020 F1: 0.444023  Accuracy: 0.554945 Recall@3: 0.755220 time: 254s
2021-05-14 14:22:32,380 DEBUG   Epoch 18 - avg_train_loss: 0.3378  avg_val_loss: 1.7336 F1: 0.479032  Accuracy: 0.590934 Recall@3: 0.787088 time: 253s
2021-05-14 14:22:32,382 DEBUG   Epoch 18 - Save Best Accuracy: 0.590934 Model
2021-05-14 14:26:46,243 DEBUG   Epoch 19 - avg_train_loss: 0.2879  avg_val_loss: 1.7902 F1: 0.483050  Accuracy: 0.585440 Recall@3: 0.780769 time: 254s
2021-05-14 14:30:58,798 DEBUG   Epoch 20 - avg_train_loss: 0.2338  avg_val_loss: 1.7986 F1: 0.470706  Accuracy: 0.584341 Recall@3: 0.785165 time: 253s
2021-05-14 14:35:12,276 DEBUG   Epoch 21 - avg_train_loss: 0.2026  avg_val_loss: 1.7441 F1: 0.503322  Accuracy: 0.603846 Recall@3: 0.794231 time: 253s
2021-05-14 14:35:12,277 DEBUG   Epoch 21 - Save Best Accuracy: 0.603846 Model
2021-05-14 14:39:23,260 DEBUG   Epoch 22 - avg_train_loss: 0.1610  avg_val_loss: 1.7269 F1: 0.505649  Accuracy: 0.611264 Recall@3: 0.800549 time: 251s
2021-05-14 14:39:23,261 DEBUG   Epoch 22 - Save Best Accuracy: 0.611264 Model
2021-05-14 14:43:31,498 DEBUG   Epoch 23 - avg_train_loss: 0.1384  avg_val_loss: 1.7155 F1: 0.498295  Accuracy: 0.607692 Recall@3: 0.801648 time: 248s
2021-05-14 14:47:46,928 DEBUG   Epoch 24 - avg_train_loss: 0.1184  avg_val_loss: 1.7607 F1: 0.502212  Accuracy: 0.607418 Recall@3: 0.804670 time: 255s
2021-05-14 14:51:58,402 DEBUG   Epoch 25 - avg_train_loss: 0.0997  avg_val_loss: 1.7506 F1: 0.509584  Accuracy: 0.618132 Recall@3: 0.803297 time: 251s
2021-05-14 14:51:58,403 DEBUG   Epoch 25 - Save Best Accuracy: 0.618132 Model
2021-05-14 14:56:09,300 DEBUG   Epoch 26 - avg_train_loss: 0.0840  avg_val_loss: 1.7119 F1: 0.509228  Accuracy: 0.619231 Recall@3: 0.807143 time: 251s
2021-05-14 14:56:09,302 DEBUG   Epoch 26 - Save Best Accuracy: 0.619231 Model
2021-05-14 15:00:19,809 DEBUG   Epoch 27 - avg_train_loss: 0.0735  avg_val_loss: 1.7079 F1: 0.508797  Accuracy: 0.619505 Recall@3: 0.813736 time: 250s
2021-05-14 15:00:19,810 DEBUG   Epoch 27 - Save Best Accuracy: 0.619505 Model
2021-05-14 15:00:19,948 DEBUG   Epoch 27 - Save Best Loss: 1.7079 Model
2021-05-14 15:04:32,867 DEBUG   Epoch 28 - avg_train_loss: 0.0654  avg_val_loss: 1.7106 F1: 0.505990  Accuracy: 0.621703 Recall@3: 0.809066 time: 253s
2021-05-14 15:04:32,869 DEBUG   Epoch 28 - Save Best Accuracy: 0.621703 Model
2021-05-14 15:08:45,329 DEBUG   Epoch 29 - avg_train_loss: 0.0596  avg_val_loss: 1.7368 F1: 0.510901  Accuracy: 0.620330 Recall@3: 0.811264 time: 252s
2021-05-14 15:12:58,711 DEBUG   Epoch 30 - avg_train_loss: 0.0583  avg_val_loss: 1.7362 F1: 0.510996  Accuracy: 0.625549 Recall@3: 0.806593 time: 253s
2021-05-14 15:12:58,713 DEBUG   Epoch 30 - Save Best Accuracy: 0.625549 Model
2021-05-14 15:17:13,465 DEBUG   Epoch 31 - avg_train_loss: 0.0504  avg_val_loss: 1.7215 F1: 0.509825  Accuracy: 0.622802 Recall@3: 0.808791 time: 255s
2021-05-14 15:21:26,778 DEBUG   Epoch 32 - avg_train_loss: 0.0448  avg_val_loss: 1.7357 F1: 0.515706  Accuracy: 0.626648 Recall@3: 0.815110 time: 253s
2021-05-14 15:21:26,780 DEBUG   Epoch 32 - Save Best Accuracy: 0.626648 Model
2021-05-14 15:25:36,573 DEBUG   Epoch 33 - avg_train_loss: 0.0406  avg_val_loss: 1.7455 F1: 0.516063  Accuracy: 0.625824 Recall@3: 0.810989 time: 250s
2021-05-14 15:29:51,733 DEBUG   Epoch 34 - avg_train_loss: 0.0381  avg_val_loss: 1.7491 F1: 0.506311  Accuracy: 0.621978 Recall@3: 0.806593 time: 255s
2021-05-14 15:34:05,973 DEBUG   Epoch 35 - avg_train_loss: 0.0359  avg_val_loss: 1.7070 F1: 0.517348  Accuracy: 0.631868 Recall@3: 0.812363 time: 254s
2021-05-14 15:34:05,977 DEBUG   Epoch 35 - Save Best Accuracy: 0.631868 Model
2021-05-14 15:34:06,129 DEBUG   Epoch 35 - Save Best Loss: 1.7070 Model
2021-05-14 15:38:18,692 DEBUG   Epoch 36 - avg_train_loss: 0.0334  avg_val_loss: 1.7550 F1: 0.514895  Accuracy: 0.626648 Recall@3: 0.810989 time: 252s
2021-05-14 15:42:35,656 DEBUG   Epoch 37 - avg_train_loss: 0.0319  avg_val_loss: 1.7458 F1: 0.521070  Accuracy: 0.625549 Recall@3: 0.809341 time: 257s
2021-05-14 15:46:50,212 DEBUG   Epoch 38 - avg_train_loss: 0.0315  avg_val_loss: 1.7496 F1: 0.508493  Accuracy: 0.622253 Recall@3: 0.812363 time: 255s
2021-05-14 15:51:02,834 DEBUG   Epoch 39 - avg_train_loss: 0.0281  avg_val_loss: 1.7395 F1: 0.514885  Accuracy: 0.626648 Recall@3: 0.813187 time: 253s
2021-05-14 15:55:15,430 DEBUG   Epoch 40 - avg_train_loss: 0.0267  avg_val_loss: 1.7459 F1: 0.512280  Accuracy: 0.623077 Recall@3: 0.812637 time: 253s
2021-05-14 15:59:30,340 DEBUG   Epoch 41 - avg_train_loss: 0.0256  avg_val_loss: 1.7601 F1: 0.511862  Accuracy: 0.627198 Recall@3: 0.812637 time: 255s
2021-05-14 16:03:47,132 DEBUG   Epoch 42 - avg_train_loss: 0.0250  avg_val_loss: 1.7656 F1: 0.511050  Accuracy: 0.624725 Recall@3: 0.813187 time: 257s
2021-05-14 16:07:59,203 DEBUG   Epoch 43 - avg_train_loss: 0.0249  avg_val_loss: 1.7732 F1: 0.511158  Accuracy: 0.627747 Recall@3: 0.814011 time: 252s
2021-05-14 16:12:13,526 DEBUG   Epoch 44 - avg_train_loss: 0.0232  avg_val_loss: 1.7509 F1: 0.511823  Accuracy: 0.627198 Recall@3: 0.812912 time: 254s
2021-05-14 16:16:33,442 DEBUG   Epoch 45 - avg_train_loss: 0.0214  avg_val_loss: 1.7644 F1: 0.513437  Accuracy: 0.628571 Recall@3: 0.815110 time: 260s
2021-05-14 16:20:45,252 DEBUG   Epoch 46 - avg_train_loss: 0.0210  avg_val_loss: 1.7599 F1: 0.512452  Accuracy: 0.626374 Recall@3: 0.812363 time: 252s
2021-05-14 16:25:00,098 DEBUG   Epoch 47 - avg_train_loss: 0.0196  avg_val_loss: 1.7688 F1: 0.516397  Accuracy: 0.628846 Recall@3: 0.814011 time: 255s
2021-05-14 16:29:16,910 DEBUG   Epoch 48 - avg_train_loss: 0.0199  avg_val_loss: 1.7622 F1: 0.514663  Accuracy: 0.630769 Recall@3: 0.815385 time: 257s
2021-05-14 16:33:33,803 DEBUG   Epoch 49 - avg_train_loss: 0.0193  avg_val_loss: 1.7729 F1: 0.517437  Accuracy: 0.627473 Recall@3: 0.815659 time: 257s
2021-05-14 16:37:48,970 DEBUG   Epoch 50 - avg_train_loss: 0.0186  avg_val_loss: 1.7528 F1: 0.515741  Accuracy: 0.629670 Recall@3: 0.814560 time: 255s
2021-05-14 16:42:04,901 DEBUG   Epoch 51 - avg_train_loss: 0.0177  avg_val_loss: 1.7534 F1: 0.518520  Accuracy: 0.630769 Recall@3: 0.816209 time: 256s
2021-05-14 16:46:19,234 DEBUG   Epoch 52 - avg_train_loss: 0.0187  avg_val_loss: 1.7640 F1: 0.518217  Accuracy: 0.627747 Recall@3: 0.814835 time: 254s
2021-05-14 16:50:31,770 DEBUG   Epoch 53 - avg_train_loss: 0.0173  avg_val_loss: 1.7716 F1: 0.510067  Accuracy: 0.624451 Recall@3: 0.815110 time: 253s
2021-05-14 16:54:45,622 DEBUG   Epoch 54 - avg_train_loss: 0.0169  avg_val_loss: 1.7673 F1: 0.519143  Accuracy: 0.630769 Recall@3: 0.817308 time: 254s
2021-05-14 16:58:58,326 DEBUG   Epoch 55 - avg_train_loss: 0.0168  avg_val_loss: 1.7723 F1: 0.515776  Accuracy: 0.627473 Recall@3: 0.812637 time: 253s
2021-05-14 17:03:12,138 DEBUG   Epoch 56 - avg_train_loss: 0.0167  avg_val_loss: 1.7683 F1: 0.514571  Accuracy: 0.628571 Recall@3: 0.814286 time: 254s
2021-05-14 17:07:29,532 DEBUG   Epoch 57 - avg_train_loss: 0.0163  avg_val_loss: 1.7700 F1: 0.512565  Accuracy: 0.628297 Recall@3: 0.812912 time: 257s
2021-05-14 17:11:45,854 DEBUG   Epoch 58 - avg_train_loss: 0.0154  avg_val_loss: 1.7740 F1: 0.517084  Accuracy: 0.628846 Recall@3: 0.814011 time: 256s
2021-05-14 17:16:00,697 DEBUG   Epoch 59 - avg_train_loss: 0.0155  avg_val_loss: 1.7789 F1: 0.530155  Accuracy: 0.636813 Recall@3: 0.812637 time: 255s
2021-05-14 17:16:00,698 DEBUG   Epoch 59 - Save Best Accuracy: 0.636813 Model
2021-05-14 17:20:18,563 DEBUG   Epoch 60 - avg_train_loss: 0.0168  avg_val_loss: 1.7653 F1: 0.514197  Accuracy: 0.625824 Recall@3: 0.814011 time: 258s
2021-05-14 17:24:33,676 DEBUG   Epoch 61 - avg_train_loss: 0.0154  avg_val_loss: 1.7724 F1: 0.517384  Accuracy: 0.627747 Recall@3: 0.815110 time: 255s
2021-05-14 17:28:49,280 DEBUG   Epoch 62 - avg_train_loss: 0.0150  avg_val_loss: 1.7655 F1: 0.519363  Accuracy: 0.630220 Recall@3: 0.815934 time: 256s
2021-05-14 17:33:06,201 DEBUG   Epoch 63 - avg_train_loss: 0.0148  avg_val_loss: 1.7663 F1: 0.515177  Accuracy: 0.626923 Recall@3: 0.816209 time: 257s
2021-05-14 17:37:25,406 DEBUG   Epoch 64 - avg_train_loss: 0.0144  avg_val_loss: 1.7681 F1: 0.516804  Accuracy: 0.629945 Recall@3: 0.811813 time: 259s
2021-05-14 17:41:47,065 DEBUG   Epoch 65 - avg_train_loss: 0.0144  avg_val_loss: 1.7759 F1: 0.522063  Accuracy: 0.634615 Recall@3: 0.817033 time: 262s
2021-05-14 17:46:00,531 DEBUG   Epoch 66 - avg_train_loss: 0.0143  avg_val_loss: 1.7764 F1: 0.523345  Accuracy: 0.633791 Recall@3: 0.812637 time: 253s
2021-05-14 17:50:12,900 DEBUG   Epoch 67 - avg_train_loss: 0.0137  avg_val_loss: 1.7733 F1: 0.517184  Accuracy: 0.628846 Recall@3: 0.814560 time: 252s
2021-05-14 17:54:25,098 DEBUG   Epoch 68 - avg_train_loss: 0.0145  avg_val_loss: 1.7712 F1: 0.521580  Accuracy: 0.631593 Recall@3: 0.816484 time: 252s
2021-05-14 17:58:42,157 DEBUG   Epoch 69 - avg_train_loss: 0.0142  avg_val_loss: 1.7748 F1: 0.526909  Accuracy: 0.632692 Recall@3: 0.816209 time: 257s
2021-05-14 18:02:55,830 DEBUG   Epoch 70 - avg_train_loss: 0.0130  avg_val_loss: 1.7693 F1: 0.524829  Accuracy: 0.633791 Recall@3: 0.815110 time: 254s
2021-05-14 18:07:12,404 DEBUG   Epoch 71 - avg_train_loss: 0.0139  avg_val_loss: 1.7579 F1: 0.521297  Accuracy: 0.632692 Recall@3: 0.816209 time: 257s
2021-05-14 18:11:29,722 DEBUG   Epoch 72 - avg_train_loss: 0.0134  avg_val_loss: 1.7742 F1: 0.523681  Accuracy: 0.632418 Recall@3: 0.817033 time: 257s
2021-05-14 18:15:46,748 DEBUG   Epoch 73 - avg_train_loss: 0.0138  avg_val_loss: 1.7773 F1: 0.517848  Accuracy: 0.628297 Recall@3: 0.816484 time: 257s
2021-05-14 18:20:04,411 DEBUG   Epoch 74 - avg_train_loss: 0.0134  avg_val_loss: 1.7698 F1: 0.518491  Accuracy: 0.631593 Recall@3: 0.815659 time: 258s
2021-05-14 18:24:21,010 DEBUG   Epoch 75 - avg_train_loss: 0.0128  avg_val_loss: 1.7774 F1: 0.519299  Accuracy: 0.632418 Recall@3: 0.817033 time: 257s
2021-05-14 18:28:37,559 DEBUG   Epoch 76 - avg_train_loss: 0.0135  avg_val_loss: 1.7751 F1: 0.519607  Accuracy: 0.630220 Recall@3: 0.815659 time: 257s
2021-05-14 18:32:56,127 DEBUG   Epoch 77 - avg_train_loss: 0.0124  avg_val_loss: 1.7707 F1: 0.511608  Accuracy: 0.627473 Recall@3: 0.815934 time: 259s
2021-05-14 18:37:10,484 DEBUG   Epoch 78 - avg_train_loss: 0.0135  avg_val_loss: 1.7798 F1: 0.518466  Accuracy: 0.630769 Recall@3: 0.814560 time: 254s
2021-05-14 18:41:28,416 DEBUG   Epoch 79 - avg_train_loss: 0.0127  avg_val_loss: 1.7773 F1: 0.520519  Accuracy: 0.633516 Recall@3: 0.815385 time: 258s
2021-05-14 18:45:43,280 DEBUG   Epoch 80 - avg_train_loss: 0.0134  avg_val_loss: 1.7774 F1: 0.515916  Accuracy: 0.629396 Recall@3: 0.814560 time: 255s
2021-05-14 18:49:56,150 DEBUG   Epoch 81 - avg_train_loss: 0.0132  avg_val_loss: 1.7669 F1: 0.515991  Accuracy: 0.630769 Recall@3: 0.815934 time: 253s
2021-05-14 18:54:10,782 DEBUG   Epoch 82 - avg_train_loss: 0.0129  avg_val_loss: 1.7765 F1: 0.521824  Accuracy: 0.634066 Recall@3: 0.815659 time: 255s
2021-05-14 18:58:25,418 DEBUG   Epoch 83 - avg_train_loss: 0.0126  avg_val_loss: 1.7645 F1: 0.520880  Accuracy: 0.631044 Recall@3: 0.815659 time: 255s
2021-05-14 19:02:41,229 DEBUG   Epoch 84 - avg_train_loss: 0.0130  avg_val_loss: 1.7756 F1: 0.518925  Accuracy: 0.629945 Recall@3: 0.815110 time: 256s
2021-05-14 19:06:59,352 DEBUG   Epoch 85 - avg_train_loss: 0.0125  avg_val_loss: 1.7811 F1: 0.517133  Accuracy: 0.627747 Recall@3: 0.812363 time: 258s
2021-05-14 19:11:16,208 DEBUG   Epoch 86 - avg_train_loss: 0.0129  avg_val_loss: 1.7700 F1: 0.516087  Accuracy: 0.627198 Recall@3: 0.815385 time: 257s
2021-05-14 19:15:31,657 DEBUG   Epoch 87 - avg_train_loss: 0.0132  avg_val_loss: 1.7750 F1: 0.517545  Accuracy: 0.630495 Recall@3: 0.815110 time: 255s
2021-05-14 19:19:47,465 DEBUG   Epoch 88 - avg_train_loss: 0.0121  avg_val_loss: 1.7836 F1: 0.521992  Accuracy: 0.632143 Recall@3: 0.816758 time: 256s
2021-05-14 19:24:04,507 DEBUG   Epoch 89 - avg_train_loss: 0.0122  avg_val_loss: 1.7764 F1: 0.517637  Accuracy: 0.630769 Recall@3: 0.815110 time: 257s
2021-05-14 19:28:27,076 DEBUG   Epoch 90 - avg_train_loss: 0.0130  avg_val_loss: 1.7708 F1: 0.518347  Accuracy: 0.630769 Recall@3: 0.815110 time: 263s
2021-05-14 19:32:43,846 DEBUG   Epoch 91 - avg_train_loss: 0.0120  avg_val_loss: 1.7737 F1: 0.514608  Accuracy: 0.627747 Recall@3: 0.815934 time: 257s
2021-05-14 19:36:58,826 DEBUG   Epoch 92 - avg_train_loss: 0.0127  avg_val_loss: 1.7754 F1: 0.518517  Accuracy: 0.632418 Recall@3: 0.814835 time: 255s
2021-05-14 19:41:21,784 DEBUG   Epoch 93 - avg_train_loss: 0.0129  avg_val_loss: 1.7803 F1: 0.517264  Accuracy: 0.630769 Recall@3: 0.812363 time: 263s
2021-05-14 19:45:36,707 DEBUG   Epoch 94 - avg_train_loss: 0.0125  avg_val_loss: 1.7684 F1: 0.521218  Accuracy: 0.631593 Recall@3: 0.817033 time: 255s
2021-05-14 19:49:48,809 DEBUG   Epoch 95 - avg_train_loss: 0.0119  avg_val_loss: 1.7903 F1: 0.526211  Accuracy: 0.634341 Recall@3: 0.814560 time: 252s
2021-05-14 19:54:07,992 DEBUG   Epoch 96 - avg_train_loss: 0.0120  avg_val_loss: 1.7794 F1: 0.517377  Accuracy: 0.629945 Recall@3: 0.814560 time: 259s
2021-05-14 19:58:25,187 DEBUG   Epoch 97 - avg_train_loss: 0.0124  avg_val_loss: 1.7779 F1: 0.517007  Accuracy: 0.630495 Recall@3: 0.815934 time: 257s
2021-05-14 20:02:42,715 DEBUG   Epoch 98 - avg_train_loss: 0.0131  avg_val_loss: 1.7878 F1: 0.517002  Accuracy: 0.628297 Recall@3: 0.814286 time: 258s
2021-05-14 20:06:58,842 DEBUG   Epoch 99 - avg_train_loss: 0.0124  avg_val_loss: 1.7802 F1: 0.515356  Accuracy: 0.628846 Recall@3: 0.817582 time: 256s
2021-05-14 20:11:16,153 DEBUG   Epoch 100 - avg_train_loss: 0.0122  avg_val_loss: 1.7751 F1: 0.513743  Accuracy: 0.629121 Recall@3: 0.816484 time: 257s
2021-05-14 20:11:16,154 INFO [Train model] done in 25447 s.
