2021-05-14 12:01:06,747 INFO [Train model] start
2021-05-14 12:08:40,807 DEBUG   Epoch 1 - avg_train_loss: 2.9531  avg_val_loss: 2.4697 F1: 0.209036  Accuracy: 0.376099 Recall@3: 0.594505 time: 453s
2021-05-14 12:08:40,810 DEBUG   Epoch 1 - Save Best Accuracy: 0.376099 Model
2021-05-14 12:08:41,202 DEBUG   Epoch 1 - Save Best Loss: 2.4697 Model
2021-05-14 12:15:00,219 DEBUG   Epoch 2 - avg_train_loss: 2.0441  avg_val_loss: 2.1870 F1: 0.266505  Accuracy: 0.423352 Recall@3: 0.653846 time: 379s
2021-05-14 12:15:00,221 DEBUG   Epoch 2 - Save Best Accuracy: 0.423352 Model
2021-05-14 12:15:00,659 DEBUG   Epoch 2 - Save Best Loss: 2.1870 Model
2021-05-14 12:21:20,107 DEBUG   Epoch 3 - avg_train_loss: 1.7341  avg_val_loss: 2.1144 F1: 0.276401  Accuracy: 0.438462 Recall@3: 0.675824 time: 379s
2021-05-14 12:21:20,110 DEBUG   Epoch 3 - Save Best Accuracy: 0.438462 Model
2021-05-14 12:21:20,619 DEBUG   Epoch 3 - Save Best Loss: 2.1144 Model
2021-05-14 12:27:36,373 DEBUG   Epoch 4 - avg_train_loss: 1.5420  avg_val_loss: 2.0264 F1: 0.325290  Accuracy: 0.474725 Recall@3: 0.695055 time: 375s
2021-05-14 12:27:36,377 DEBUG   Epoch 4 - Save Best Accuracy: 0.474725 Model
2021-05-14 12:27:36,705 DEBUG   Epoch 4 - Save Best Loss: 2.0264 Model
2021-05-14 12:33:58,207 DEBUG   Epoch 5 - avg_train_loss: 1.3860  avg_val_loss: 2.1028 F1: 0.336055  Accuracy: 0.472253 Recall@3: 0.683791 time: 381s
2021-05-14 12:40:25,495 DEBUG   Epoch 6 - avg_train_loss: 1.2748  avg_val_loss: 1.8707 F1: 0.391803  Accuracy: 0.532418 Recall@3: 0.742582 time: 387s
2021-05-14 12:40:25,498 DEBUG   Epoch 6 - Save Best Accuracy: 0.532418 Model
2021-05-14 12:40:26,012 DEBUG   Epoch 6 - Save Best Loss: 1.8707 Model
2021-05-14 12:46:57,124 DEBUG   Epoch 7 - avg_train_loss: 1.1472  avg_val_loss: 1.8934 F1: 0.382716  Accuracy: 0.509341 Recall@3: 0.731593 time: 391s
2021-05-14 12:53:22,066 DEBUG   Epoch 8 - avg_train_loss: 1.0346  avg_val_loss: 1.8643 F1: 0.383506  Accuracy: 0.526923 Recall@3: 0.734341 time: 385s
2021-05-14 12:53:22,068 DEBUG   Epoch 8 - Save Best Loss: 1.8643 Model
2021-05-14 12:59:49,215 DEBUG   Epoch 9 - avg_train_loss: 0.9653  avg_val_loss: 1.8303 F1: 0.400775  Accuracy: 0.539011 Recall@3: 0.751374 time: 387s
2021-05-14 12:59:49,216 DEBUG   Epoch 9 - Save Best Accuracy: 0.539011 Model
2021-05-14 12:59:49,546 DEBUG   Epoch 9 - Save Best Loss: 1.8303 Model
2021-05-14 13:06:18,683 DEBUG   Epoch 10 - avg_train_loss: 0.8715  avg_val_loss: 1.8658 F1: 0.397724  Accuracy: 0.531319 Recall@3: 0.751099 time: 389s
2021-05-14 13:12:47,287 DEBUG   Epoch 11 - avg_train_loss: 0.8082  avg_val_loss: 1.7979 F1: 0.426217  Accuracy: 0.549451 Recall@3: 0.759341 time: 389s
2021-05-14 13:12:47,288 DEBUG   Epoch 11 - Save Best Accuracy: 0.549451 Model
2021-05-14 13:12:47,717 DEBUG   Epoch 11 - Save Best Loss: 1.7979 Model
2021-05-14 13:19:10,019 DEBUG   Epoch 12 - avg_train_loss: 0.7402  avg_val_loss: 1.8342 F1: 0.428560  Accuracy: 0.554670 Recall@3: 0.762363 time: 382s
2021-05-14 13:19:10,021 DEBUG   Epoch 12 - Save Best Accuracy: 0.554670 Model
2021-05-14 13:25:38,564 DEBUG   Epoch 13 - avg_train_loss: 0.6695  avg_val_loss: 1.8534 F1: 0.436421  Accuracy: 0.562363 Recall@3: 0.762912 time: 388s
2021-05-14 13:25:38,578 DEBUG   Epoch 13 - Save Best Accuracy: 0.562363 Model
2021-05-14 13:32:11,556 DEBUG   Epoch 14 - avg_train_loss: 0.5535  avg_val_loss: 1.8651 F1: 0.441705  Accuracy: 0.557418 Recall@3: 0.765110 time: 393s
2021-05-14 13:38:46,348 DEBUG   Epoch 15 - avg_train_loss: 0.4799  avg_val_loss: 1.7687 F1: 0.449845  Accuracy: 0.571429 Recall@3: 0.785440 time: 395s
2021-05-14 13:38:46,350 DEBUG   Epoch 15 - Save Best Accuracy: 0.571429 Model
2021-05-14 13:38:46,710 DEBUG   Epoch 15 - Save Best Loss: 1.7687 Model
2021-05-14 13:45:16,840 DEBUG   Epoch 16 - avg_train_loss: 0.4244  avg_val_loss: 1.8453 F1: 0.471369  Accuracy: 0.576648 Recall@3: 0.776099 time: 390s
2021-05-14 13:45:16,841 DEBUG   Epoch 16 - Save Best Accuracy: 0.576648 Model
2021-05-14 13:51:45,466 DEBUG   Epoch 17 - avg_train_loss: 0.3933  avg_val_loss: 1.7749 F1: 0.470803  Accuracy: 0.582967 Recall@3: 0.790659 time: 388s
2021-05-14 13:51:45,467 DEBUG   Epoch 17 - Save Best Accuracy: 0.582967 Model
2021-05-14 13:58:11,223 DEBUG   Epoch 18 - avg_train_loss: 0.2948  avg_val_loss: 1.7272 F1: 0.489384  Accuracy: 0.601099 Recall@3: 0.801648 time: 385s
2021-05-14 13:58:11,239 DEBUG   Epoch 18 - Save Best Accuracy: 0.601099 Model
2021-05-14 13:58:11,515 DEBUG   Epoch 18 - Save Best Loss: 1.7272 Model
2021-05-14 14:04:35,909 DEBUG   Epoch 19 - avg_train_loss: 0.2429  avg_val_loss: 1.8351 F1: 0.484639  Accuracy: 0.595604 Recall@3: 0.795604 time: 384s
2021-05-14 14:10:58,450 DEBUG   Epoch 20 - avg_train_loss: 0.2214  avg_val_loss: 1.8518 F1: 0.484953  Accuracy: 0.593407 Recall@3: 0.795055 time: 383s
2021-05-14 14:17:29,688 DEBUG   Epoch 21 - avg_train_loss: 0.1707  avg_val_loss: 1.8353 F1: 0.489432  Accuracy: 0.592308 Recall@3: 0.803022 time: 391s
2021-05-14 14:23:53,548 DEBUG   Epoch 22 - avg_train_loss: 0.1433  avg_val_loss: 1.7887 F1: 0.499416  Accuracy: 0.615659 Recall@3: 0.808516 time: 384s
2021-05-14 14:23:53,570 DEBUG   Epoch 22 - Save Best Accuracy: 0.615659 Model
2021-05-14 14:30:22,592 DEBUG   Epoch 23 - avg_train_loss: 0.1117  avg_val_loss: 1.7563 F1: 0.518053  Accuracy: 0.624725 Recall@3: 0.819505 time: 389s
2021-05-14 14:30:22,610 DEBUG   Epoch 23 - Save Best Accuracy: 0.624725 Model
2021-05-14 14:36:48,355 DEBUG   Epoch 24 - avg_train_loss: 0.0919  avg_val_loss: 1.8149 F1: 0.512379  Accuracy: 0.620879 Recall@3: 0.812912 time: 385s
2021-05-14 14:43:21,085 DEBUG   Epoch 25 - avg_train_loss: 0.0755  avg_val_loss: 1.7686 F1: 0.518640  Accuracy: 0.624451 Recall@3: 0.813462 time: 393s
2021-05-14 14:49:48,443 DEBUG   Epoch 26 - avg_train_loss: 0.0632  avg_val_loss: 1.7892 F1: 0.534305  Accuracy: 0.635989 Recall@3: 0.821429 time: 387s
2021-05-14 14:49:48,447 DEBUG   Epoch 26 - Save Best Accuracy: 0.635989 Model
2021-05-14 14:56:16,706 DEBUG   Epoch 27 - avg_train_loss: 0.0500  avg_val_loss: 1.7407 F1: 0.534854  Accuracy: 0.636264 Recall@3: 0.821978 time: 388s
2021-05-14 14:56:16,723 DEBUG   Epoch 27 - Save Best Accuracy: 0.636264 Model
2021-05-14 15:02:44,367 DEBUG   Epoch 28 - avg_train_loss: 0.0418  avg_val_loss: 1.7498 F1: 0.543959  Accuracy: 0.648352 Recall@3: 0.823901 time: 387s
2021-05-14 15:02:44,369 DEBUG   Epoch 28 - Save Best Accuracy: 0.648352 Model
2021-05-14 15:09:10,041 DEBUG   Epoch 29 - avg_train_loss: 0.0362  avg_val_loss: 1.7504 F1: 0.534680  Accuracy: 0.642582 Recall@3: 0.825549 time: 385s
2021-05-14 15:15:39,161 DEBUG   Epoch 30 - avg_train_loss: 0.0315  avg_val_loss: 1.7522 F1: 0.537619  Accuracy: 0.639286 Recall@3: 0.826648 time: 389s
2021-05-14 15:22:05,720 DEBUG   Epoch 31 - avg_train_loss: 0.0276  avg_val_loss: 1.7598 F1: 0.547436  Accuracy: 0.649725 Recall@3: 0.825824 time: 387s
2021-05-14 15:22:05,726 DEBUG   Epoch 31 - Save Best Accuracy: 0.649725 Model
2021-05-14 15:28:37,679 DEBUG   Epoch 32 - avg_train_loss: 0.0261  avg_val_loss: 1.7732 F1: 0.541038  Accuracy: 0.642857 Recall@3: 0.829670 time: 392s
2021-05-14 15:35:02,421 DEBUG   Epoch 33 - avg_train_loss: 0.0227  avg_val_loss: 1.7401 F1: 0.549534  Accuracy: 0.647253 Recall@3: 0.833791 time: 385s
2021-05-14 15:41:31,329 DEBUG   Epoch 34 - avg_train_loss: 0.0210  avg_val_loss: 1.7536 F1: 0.544393  Accuracy: 0.647802 Recall@3: 0.829670 time: 389s
2021-05-14 15:48:00,908 DEBUG   Epoch 35 - avg_train_loss: 0.0175  avg_val_loss: 1.7379 F1: 0.547421  Accuracy: 0.647802 Recall@3: 0.834341 time: 390s
2021-05-14 15:54:26,145 DEBUG   Epoch 36 - avg_train_loss: 0.0172  avg_val_loss: 1.7422 F1: 0.555259  Accuracy: 0.654945 Recall@3: 0.835440 time: 385s
2021-05-14 15:54:26,160 DEBUG   Epoch 36 - Save Best Accuracy: 0.654945 Model
2021-05-14 16:00:49,247 DEBUG   Epoch 37 - avg_train_loss: 0.0158  avg_val_loss: 1.7583 F1: 0.549405  Accuracy: 0.653846 Recall@3: 0.832967 time: 383s
2021-05-14 16:07:19,241 DEBUG   Epoch 38 - avg_train_loss: 0.0164  avg_val_loss: 1.7541 F1: 0.552811  Accuracy: 0.654945 Recall@3: 0.834615 time: 390s
2021-05-14 16:13:42,151 DEBUG   Epoch 39 - avg_train_loss: 0.0152  avg_val_loss: 1.7444 F1: 0.555908  Accuracy: 0.656319 Recall@3: 0.834615 time: 383s
2021-05-14 16:13:42,153 DEBUG   Epoch 39 - Save Best Accuracy: 0.656319 Model
2021-05-14 16:20:09,477 DEBUG   Epoch 40 - avg_train_loss: 0.0134  avg_val_loss: 1.7542 F1: 0.553993  Accuracy: 0.652198 Recall@3: 0.833516 time: 387s
2021-05-14 16:26:37,786 DEBUG   Epoch 41 - avg_train_loss: 0.0133  avg_val_loss: 1.7591 F1: 0.554656  Accuracy: 0.655769 Recall@3: 0.832143 time: 388s
2021-05-14 16:33:02,023 DEBUG   Epoch 42 - avg_train_loss: 0.0133  avg_val_loss: 1.7537 F1: 0.557535  Accuracy: 0.655220 Recall@3: 0.834066 time: 384s
2021-05-14 16:39:23,584 DEBUG   Epoch 43 - avg_train_loss: 0.0132  avg_val_loss: 1.7561 F1: 0.550340  Accuracy: 0.652198 Recall@3: 0.835440 time: 382s
2021-05-14 16:45:49,662 DEBUG   Epoch 44 - avg_train_loss: 0.0121  avg_val_loss: 1.7454 F1: 0.557229  Accuracy: 0.661813 Recall@3: 0.837637 time: 386s
2021-05-14 16:45:49,664 DEBUG   Epoch 44 - Save Best Accuracy: 0.661813 Model
2021-05-14 16:52:16,252 DEBUG   Epoch 45 - avg_train_loss: 0.0119  avg_val_loss: 1.7527 F1: 0.557667  Accuracy: 0.655769 Recall@3: 0.839286 time: 386s
2021-05-14 16:58:49,608 DEBUG   Epoch 46 - avg_train_loss: 0.0116  avg_val_loss: 1.7507 F1: 0.552203  Accuracy: 0.654121 Recall@3: 0.832967 time: 393s
2021-05-14 17:05:19,513 DEBUG   Epoch 47 - avg_train_loss: 0.0116  avg_val_loss: 1.7397 F1: 0.556593  Accuracy: 0.657418 Recall@3: 0.837363 time: 390s
2021-05-14 17:11:40,873 DEBUG   Epoch 48 - avg_train_loss: 0.0108  avg_val_loss: 1.7566 F1: 0.561025  Accuracy: 0.659066 Recall@3: 0.836813 time: 381s
2021-05-14 17:18:06,538 DEBUG   Epoch 49 - avg_train_loss: 0.0106  avg_val_loss: 1.7502 F1: 0.561580  Accuracy: 0.661264 Recall@3: 0.835714 time: 386s
2021-05-14 17:24:34,401 DEBUG   Epoch 50 - avg_train_loss: 0.0109  avg_val_loss: 1.7625 F1: 0.558141  Accuracy: 0.659615 Recall@3: 0.831593 time: 388s
2021-05-14 17:31:04,842 DEBUG   Epoch 51 - avg_train_loss: 0.0093  avg_val_loss: 1.7641 F1: 0.558149  Accuracy: 0.657143 Recall@3: 0.832692 time: 390s
2021-05-14 17:37:34,199 DEBUG   Epoch 52 - avg_train_loss: 0.0099  avg_val_loss: 1.7740 F1: 0.561600  Accuracy: 0.658791 Recall@3: 0.833516 time: 389s
2021-05-14 17:43:59,156 DEBUG   Epoch 53 - avg_train_loss: 0.0096  avg_val_loss: 1.7754 F1: 0.557826  Accuracy: 0.658516 Recall@3: 0.833516 time: 385s
2021-05-14 17:50:22,565 DEBUG   Epoch 54 - avg_train_loss: 0.0094  avg_val_loss: 1.7565 F1: 0.564141  Accuracy: 0.661538 Recall@3: 0.833791 time: 383s
2021-05-14 17:56:52,602 DEBUG   Epoch 55 - avg_train_loss: 0.0090  avg_val_loss: 1.7652 F1: 0.562831  Accuracy: 0.661813 Recall@3: 0.835440 time: 390s
2021-05-14 18:03:20,394 DEBUG   Epoch 56 - avg_train_loss: 0.0085  avg_val_loss: 1.7625 F1: 0.560713  Accuracy: 0.658791 Recall@3: 0.836813 time: 388s
2021-05-14 18:09:50,276 DEBUG   Epoch 57 - avg_train_loss: 0.0088  avg_val_loss: 1.7678 F1: 0.564679  Accuracy: 0.661813 Recall@3: 0.835440 time: 390s
2021-05-14 18:16:18,085 DEBUG   Epoch 58 - avg_train_loss: 0.0083  avg_val_loss: 1.7633 F1: 0.558171  Accuracy: 0.657692 Recall@3: 0.836264 time: 388s
2021-05-14 18:22:42,732 DEBUG   Epoch 59 - avg_train_loss: 0.0083  avg_val_loss: 1.7609 F1: 0.560004  Accuracy: 0.660440 Recall@3: 0.838187 time: 385s
2021-05-14 18:29:11,731 DEBUG   Epoch 60 - avg_train_loss: 0.0078  avg_val_loss: 1.7683 F1: 0.557295  Accuracy: 0.659615 Recall@3: 0.834066 time: 389s
2021-05-14 18:35:37,751 DEBUG   Epoch 61 - avg_train_loss: 0.0073  avg_val_loss: 1.7647 F1: 0.566255  Accuracy: 0.661264 Recall@3: 0.836538 time: 386s
2021-05-14 18:42:04,459 DEBUG   Epoch 62 - avg_train_loss: 0.0084  avg_val_loss: 1.7611 F1: 0.561403  Accuracy: 0.658242 Recall@3: 0.835989 time: 387s
2021-05-14 18:48:33,823 DEBUG   Epoch 63 - avg_train_loss: 0.0081  avg_val_loss: 1.7695 F1: 0.557266  Accuracy: 0.657418 Recall@3: 0.834341 time: 389s
2021-05-14 18:55:01,194 DEBUG   Epoch 64 - avg_train_loss: 0.0087  avg_val_loss: 1.7858 F1: 0.561757  Accuracy: 0.658516 Recall@3: 0.835989 time: 387s
2021-05-14 19:01:38,620 DEBUG   Epoch 65 - avg_train_loss: 0.0077  avg_val_loss: 1.7725 F1: 0.561712  Accuracy: 0.659341 Recall@3: 0.833791 time: 397s
2021-05-14 19:08:07,748 DEBUG   Epoch 66 - avg_train_loss: 0.0074  avg_val_loss: 1.7653 F1: 0.560969  Accuracy: 0.660989 Recall@3: 0.836264 time: 389s
2021-05-14 19:14:35,912 DEBUG   Epoch 67 - avg_train_loss: 0.0075  avg_val_loss: 1.7601 F1: 0.562602  Accuracy: 0.662088 Recall@3: 0.835165 time: 388s
2021-05-14 19:14:35,913 DEBUG   Epoch 67 - Save Best Accuracy: 0.662088 Model
2021-05-14 19:21:04,184 DEBUG   Epoch 68 - avg_train_loss: 0.0069  avg_val_loss: 1.7757 F1: 0.566906  Accuracy: 0.663462 Recall@3: 0.836538 time: 388s
2021-05-14 19:21:04,186 DEBUG   Epoch 68 - Save Best Accuracy: 0.663462 Model
2021-05-14 19:27:29,334 DEBUG   Epoch 69 - avg_train_loss: 0.0074  avg_val_loss: 1.7699 F1: 0.554580  Accuracy: 0.657143 Recall@3: 0.835714 time: 385s
2021-05-14 19:34:04,265 DEBUG   Epoch 70 - avg_train_loss: 0.0076  avg_val_loss: 1.7662 F1: 0.560536  Accuracy: 0.660440 Recall@3: 0.837363 time: 395s
2021-05-14 19:40:33,656 DEBUG   Epoch 71 - avg_train_loss: 0.0081  avg_val_loss: 1.7677 F1: 0.561945  Accuracy: 0.661813 Recall@3: 0.835440 time: 389s
2021-05-14 19:47:02,974 DEBUG   Epoch 72 - avg_train_loss: 0.0070  avg_val_loss: 1.7669 F1: 0.562066  Accuracy: 0.662363 Recall@3: 0.837363 time: 389s
2021-05-14 19:53:27,044 DEBUG   Epoch 73 - avg_train_loss: 0.0075  avg_val_loss: 1.7755 F1: 0.557834  Accuracy: 0.658516 Recall@3: 0.836264 time: 384s
2021-05-14 19:59:53,769 DEBUG   Epoch 74 - avg_train_loss: 0.0073  avg_val_loss: 1.7708 F1: 0.557581  Accuracy: 0.657143 Recall@3: 0.833791 time: 387s
2021-05-14 20:06:23,111 DEBUG   Epoch 75 - avg_train_loss: 0.0072  avg_val_loss: 1.7751 F1: 0.557365  Accuracy: 0.658516 Recall@3: 0.837363 time: 389s
2021-05-14 20:12:50,591 DEBUG   Epoch 76 - avg_train_loss: 0.0069  avg_val_loss: 1.7800 F1: 0.563680  Accuracy: 0.660989 Recall@3: 0.836538 time: 387s
2021-05-14 20:19:20,609 DEBUG   Epoch 77 - avg_train_loss: 0.0068  avg_val_loss: 1.7816 F1: 0.561304  Accuracy: 0.660714 Recall@3: 0.834066 time: 390s
2021-05-14 20:25:44,753 DEBUG   Epoch 78 - avg_train_loss: 0.0074  avg_val_loss: 1.7588 F1: 0.557156  Accuracy: 0.657143 Recall@3: 0.839011 time: 384s
2021-05-14 20:32:11,430 DEBUG   Epoch 79 - avg_train_loss: 0.0072  avg_val_loss: 1.7748 F1: 0.552809  Accuracy: 0.657418 Recall@3: 0.837912 time: 387s
2021-05-14 20:38:36,823 DEBUG   Epoch 80 - avg_train_loss: 0.0073  avg_val_loss: 1.7717 F1: 0.560505  Accuracy: 0.659615 Recall@3: 0.836538 time: 385s
2021-05-14 20:45:08,473 DEBUG   Epoch 81 - avg_train_loss: 0.0066  avg_val_loss: 1.7823 F1: 0.560572  Accuracy: 0.656868 Recall@3: 0.837637 time: 392s
2021-05-14 20:51:41,714 DEBUG   Epoch 82 - avg_train_loss: 0.0075  avg_val_loss: 1.7764 F1: 0.557920  Accuracy: 0.659341 Recall@3: 0.837088 time: 393s
2021-05-14 20:58:11,813 DEBUG   Epoch 83 - avg_train_loss: 0.0064  avg_val_loss: 1.7771 F1: 0.559502  Accuracy: 0.659890 Recall@3: 0.836264 time: 390s
2021-05-14 21:04:39,058 DEBUG   Epoch 84 - avg_train_loss: 0.0070  avg_val_loss: 1.7776 F1: 0.563122  Accuracy: 0.661264 Recall@3: 0.835165 time: 387s
2021-05-14 21:11:03,707 DEBUG   Epoch 85 - avg_train_loss: 0.0074  avg_val_loss: 1.7640 F1: 0.559273  Accuracy: 0.660440 Recall@3: 0.838187 time: 385s
2021-05-14 21:17:28,864 DEBUG   Epoch 86 - avg_train_loss: 0.0071  avg_val_loss: 1.7670 F1: 0.565282  Accuracy: 0.662088 Recall@3: 0.834615 time: 385s
2021-05-14 21:23:50,935 DEBUG   Epoch 87 - avg_train_loss: 0.0067  avg_val_loss: 1.7688 F1: 0.557362  Accuracy: 0.658791 Recall@3: 0.833791 time: 382s
2021-05-14 21:30:21,683 DEBUG   Epoch 88 - avg_train_loss: 0.0065  avg_val_loss: 1.7832 F1: 0.562687  Accuracy: 0.660165 Recall@3: 0.835989 time: 391s
2021-05-14 21:36:50,199 DEBUG   Epoch 89 - avg_train_loss: 0.0068  avg_val_loss: 1.7769 F1: 0.562698  Accuracy: 0.659066 Recall@3: 0.834066 time: 389s
2021-05-14 21:43:17,517 DEBUG   Epoch 90 - avg_train_loss: 0.0071  avg_val_loss: 1.7707 F1: 0.559040  Accuracy: 0.657692 Recall@3: 0.834341 time: 387s
2021-05-14 21:49:43,699 DEBUG   Epoch 91 - avg_train_loss: 0.0067  avg_val_loss: 1.7799 F1: 0.564081  Accuracy: 0.660165 Recall@3: 0.837637 time: 386s
2021-05-14 21:56:12,566 DEBUG   Epoch 92 - avg_train_loss: 0.0069  avg_val_loss: 1.7680 F1: 0.559281  Accuracy: 0.659615 Recall@3: 0.836538 time: 389s
2021-05-14 22:02:39,197 DEBUG   Epoch 93 - avg_train_loss: 0.0071  avg_val_loss: 1.7719 F1: 0.559162  Accuracy: 0.659890 Recall@3: 0.835714 time: 387s
2021-05-14 22:09:02,978 DEBUG   Epoch 94 - avg_train_loss: 0.0068  avg_val_loss: 1.7675 F1: 0.562006  Accuracy: 0.659615 Recall@3: 0.834615 time: 384s
2021-05-14 22:15:21,138 DEBUG   Epoch 95 - avg_train_loss: 0.0070  avg_val_loss: 1.7760 F1: 0.561729  Accuracy: 0.659341 Recall@3: 0.834890 time: 378s
2021-05-14 22:21:46,078 DEBUG   Epoch 96 - avg_train_loss: 0.0063  avg_val_loss: 1.7837 F1: 0.555651  Accuracy: 0.655769 Recall@3: 0.834615 time: 385s
2021-05-14 22:28:19,558 DEBUG   Epoch 97 - avg_train_loss: 0.0067  avg_val_loss: 1.7730 F1: 0.564175  Accuracy: 0.659341 Recall@3: 0.838462 time: 393s
2021-05-14 22:34:47,868 DEBUG   Epoch 98 - avg_train_loss: 0.0065  avg_val_loss: 1.7761 F1: 0.559884  Accuracy: 0.657418 Recall@3: 0.835989 time: 388s
2021-05-14 22:40:27,536 DEBUG   Epoch 99 - avg_train_loss: 0.0071  avg_val_loss: 1.7746 F1: 0.559821  Accuracy: 0.660989 Recall@3: 0.834890 time: 340s
2021-05-14 22:45:48,367 DEBUG   Epoch 100 - avg_train_loss: 0.0072  avg_val_loss: 1.7764 F1: 0.558853  Accuracy: 0.656319 Recall@3: 0.835165 time: 321s
2021-05-14 22:45:48,367 INFO [Train model] done in 38682 s.
