2021-05-14 23:01:55,331 INFO [Train model] start
2021-05-14 23:10:04,487 DEBUG   Epoch 1 - avg_train_loss: 0.7396  avg_val_loss: 2.2682 F1: 0.218365  Accuracy: 0.425549 Recall@3: 0.631868 time: 488s
2021-05-14 23:10:04,488 DEBUG   Epoch 1 - Save Best Accuracy: 0.425549 Model
2021-05-14 23:10:04,723 DEBUG   Epoch 1 - Save Best Loss: 2.2682 Model
2021-05-14 23:18:17,347 DEBUG   Epoch 2 - avg_train_loss: 0.5049  avg_val_loss: 2.0451 F1: 0.302271  Accuracy: 0.478022 Recall@3: 0.685989 time: 492s
2021-05-14 23:18:17,349 DEBUG   Epoch 2 - Save Best Accuracy: 0.478022 Model
2021-05-14 23:18:17,639 DEBUG   Epoch 2 - Save Best Loss: 2.0451 Model
2021-05-14 23:26:31,828 DEBUG   Epoch 3 - avg_train_loss: 0.4260  avg_val_loss: 1.8933 F1: 0.323163  Accuracy: 0.499725 Recall@3: 0.713736 time: 494s
2021-05-14 23:26:31,829 DEBUG   Epoch 3 - Save Best Accuracy: 0.499725 Model
2021-05-14 23:26:32,117 DEBUG   Epoch 3 - Save Best Loss: 1.8933 Model
2021-05-14 23:34:47,348 DEBUG   Epoch 4 - avg_train_loss: 0.3853  avg_val_loss: 1.7597 F1: 0.387041  Accuracy: 0.529945 Recall@3: 0.745604 time: 495s
2021-05-14 23:34:47,353 DEBUG   Epoch 4 - Save Best Accuracy: 0.529945 Model
2021-05-14 23:34:48,084 DEBUG   Epoch 4 - Save Best Loss: 1.7597 Model
2021-05-14 23:43:02,649 DEBUG   Epoch 5 - avg_train_loss: 0.3441  avg_val_loss: 1.7994 F1: 0.388848  Accuracy: 0.516484 Recall@3: 0.743407 time: 494s
2021-05-14 23:51:16,714 DEBUG   Epoch 6 - avg_train_loss: 0.3151  avg_val_loss: 1.6383 F1: 0.423684  Accuracy: 0.565934 Recall@3: 0.774176 time: 494s
2021-05-14 23:51:16,715 DEBUG   Epoch 6 - Save Best Accuracy: 0.565934 Model
2021-05-14 23:51:17,066 DEBUG   Epoch 6 - Save Best Loss: 1.6383 Model
2021-05-14 23:59:30,415 DEBUG   Epoch 7 - avg_train_loss: 0.2852  avg_val_loss: 1.5992 F1: 0.445338  Accuracy: 0.566209 Recall@3: 0.781593 time: 493s
2021-05-14 23:59:30,419 DEBUG   Epoch 7 - Save Best Accuracy: 0.566209 Model
2021-05-14 23:59:30,806 DEBUG   Epoch 7 - Save Best Loss: 1.5992 Model
2021-05-15 00:07:48,066 DEBUG   Epoch 8 - avg_train_loss: 0.2624  avg_val_loss: 1.6467 F1: 0.448002  Accuracy: 0.575824 Recall@3: 0.778571 time: 497s
2021-05-15 00:07:48,067 DEBUG   Epoch 8 - Save Best Accuracy: 0.575824 Model
2021-05-15 00:16:07,801 DEBUG   Epoch 9 - avg_train_loss: 0.2465  avg_val_loss: 1.7236 F1: 0.430151  Accuracy: 0.550824 Recall@3: 0.760989 time: 499s
2021-05-15 00:24:23,925 DEBUG   Epoch 10 - avg_train_loss: 0.2083  avg_val_loss: 1.5798 F1: 0.469780  Accuracy: 0.589286 Recall@3: 0.795330 time: 496s
2021-05-15 00:24:23,930 DEBUG   Epoch 10 - Save Best Accuracy: 0.589286 Model
2021-05-15 00:24:24,214 DEBUG   Epoch 10 - Save Best Loss: 1.5798 Model
2021-05-15 00:32:37,941 DEBUG   Epoch 11 - avg_train_loss: 0.1909  avg_val_loss: 1.5711 F1: 0.471931  Accuracy: 0.593681 Recall@3: 0.798352 time: 493s
2021-05-15 00:32:37,945 DEBUG   Epoch 11 - Save Best Accuracy: 0.593681 Model
2021-05-15 00:32:38,371 DEBUG   Epoch 11 - Save Best Loss: 1.5711 Model
2021-05-15 00:40:54,293 DEBUG   Epoch 12 - avg_train_loss: 0.1729  avg_val_loss: 1.6194 F1: 0.493286  Accuracy: 0.599451 Recall@3: 0.789835 time: 496s
2021-05-15 00:40:54,294 DEBUG   Epoch 12 - Save Best Accuracy: 0.599451 Model
2021-05-15 00:49:09,189 DEBUG   Epoch 13 - avg_train_loss: 0.1595  avg_val_loss: 1.6089 F1: 0.493591  Accuracy: 0.613736 Recall@3: 0.804670 time: 495s
2021-05-15 00:49:09,190 DEBUG   Epoch 13 - Save Best Accuracy: 0.613736 Model
2021-05-15 00:57:26,183 DEBUG   Epoch 14 - avg_train_loss: 0.1293  avg_val_loss: 1.5100 F1: 0.504311  Accuracy: 0.622802 Recall@3: 0.818681 time: 497s
2021-05-15 00:57:26,185 DEBUG   Epoch 14 - Save Best Accuracy: 0.622802 Model
2021-05-15 00:57:26,522 DEBUG   Epoch 14 - Save Best Loss: 1.5100 Model
2021-05-15 01:05:42,643 DEBUG   Epoch 15 - avg_train_loss: 0.1145  avg_val_loss: 1.5893 F1: 0.500527  Accuracy: 0.618956 Recall@3: 0.820604 time: 496s
2021-05-15 01:13:57,269 DEBUG   Epoch 16 - avg_train_loss: 0.1063  avg_val_loss: 1.6399 F1: 0.497757  Accuracy: 0.615110 Recall@3: 0.811264 time: 495s
2021-05-15 01:22:13,083 DEBUG   Epoch 17 - avg_train_loss: 0.0865  avg_val_loss: 1.5609 F1: 0.512635  Accuracy: 0.629945 Recall@3: 0.817582 time: 496s
2021-05-15 01:22:13,085 DEBUG   Epoch 17 - Save Best Accuracy: 0.629945 Model
2021-05-15 01:30:28,683 DEBUG   Epoch 18 - avg_train_loss: 0.0715  avg_val_loss: 1.5538 F1: 0.531028  Accuracy: 0.634615 Recall@3: 0.821703 time: 495s
2021-05-15 01:30:28,684 DEBUG   Epoch 18 - Save Best Accuracy: 0.634615 Model
2021-05-15 01:38:45,075 DEBUG   Epoch 19 - avg_train_loss: 0.0572  avg_val_loss: 1.5528 F1: 0.550556  Accuracy: 0.647802 Recall@3: 0.822253 time: 496s
2021-05-15 01:38:45,078 DEBUG   Epoch 19 - Save Best Accuracy: 0.647802 Model
2021-05-15 01:46:59,504 DEBUG   Epoch 20 - avg_train_loss: 0.0490  avg_val_loss: 1.5742 F1: 0.535375  Accuracy: 0.647802 Recall@3: 0.829670 time: 494s
2021-05-15 01:55:13,095 DEBUG   Epoch 21 - avg_train_loss: 0.0358  avg_val_loss: 1.5647 F1: 0.535267  Accuracy: 0.646703 Recall@3: 0.835989 time: 494s
2021-05-15 02:03:29,418 DEBUG   Epoch 22 - avg_train_loss: 0.0328  avg_val_loss: 1.5504 F1: 0.550572  Accuracy: 0.659066 Recall@3: 0.835989 time: 496s
2021-05-15 02:03:29,426 DEBUG   Epoch 22 - Save Best Accuracy: 0.659066 Model
2021-05-15 02:11:46,104 DEBUG   Epoch 23 - avg_train_loss: 0.0245  avg_val_loss: 1.5355 F1: 0.562128  Accuracy: 0.665385 Recall@3: 0.828571 time: 496s
2021-05-15 02:11:46,106 DEBUG   Epoch 23 - Save Best Accuracy: 0.665385 Model
2021-05-15 02:20:01,550 DEBUG   Epoch 24 - avg_train_loss: 0.0198  avg_val_loss: 1.5718 F1: 0.556262  Accuracy: 0.658242 Recall@3: 0.837363 time: 495s
2021-05-15 02:28:16,614 DEBUG   Epoch 25 - avg_train_loss: 0.0173  avg_val_loss: 1.5124 F1: 0.566726  Accuracy: 0.672527 Recall@3: 0.844780 time: 495s
2021-05-15 02:28:16,616 DEBUG   Epoch 25 - Save Best Accuracy: 0.672527 Model
2021-05-15 02:36:32,238 DEBUG   Epoch 26 - avg_train_loss: 0.0138  avg_val_loss: 1.5381 F1: 0.571116  Accuracy: 0.673626 Recall@3: 0.844231 time: 495s
2021-05-15 02:36:32,240 DEBUG   Epoch 26 - Save Best Accuracy: 0.673626 Model
2021-05-15 02:44:45,989 DEBUG   Epoch 27 - avg_train_loss: 0.0139  avg_val_loss: 1.5339 F1: 0.573508  Accuracy: 0.675824 Recall@3: 0.839835 time: 493s
2021-05-15 02:44:45,990 DEBUG   Epoch 27 - Save Best Accuracy: 0.675824 Model
2021-05-15 02:53:01,745 DEBUG   Epoch 28 - avg_train_loss: 0.0112  avg_val_loss: 1.5813 F1: 0.579410  Accuracy: 0.672802 Recall@3: 0.843956 time: 495s
2021-05-15 03:01:16,799 DEBUG   Epoch 29 - avg_train_loss: 0.0097  avg_val_loss: 1.5198 F1: 0.579956  Accuracy: 0.678022 Recall@3: 0.848901 time: 495s
2021-05-15 03:01:16,800 DEBUG   Epoch 29 - Save Best Accuracy: 0.678022 Model
2021-05-15 03:09:32,600 DEBUG   Epoch 30 - avg_train_loss: 0.0089  avg_val_loss: 1.5164 F1: 0.592779  Accuracy: 0.683516 Recall@3: 0.847527 time: 495s
2021-05-15 03:09:32,601 DEBUG   Epoch 30 - Save Best Accuracy: 0.683516 Model
2021-05-15 03:17:46,577 DEBUG   Epoch 31 - avg_train_loss: 0.0078  avg_val_loss: 1.5267 F1: 0.585420  Accuracy: 0.682418 Recall@3: 0.851374 time: 494s
2021-05-15 03:26:00,352 DEBUG   Epoch 32 - avg_train_loss: 0.0073  avg_val_loss: 1.5756 F1: 0.579128  Accuracy: 0.681044 Recall@3: 0.846429 time: 494s
2021-05-15 03:34:13,016 DEBUG   Epoch 33 - avg_train_loss: 0.0068  avg_val_loss: 1.5729 F1: 0.569674  Accuracy: 0.674451 Recall@3: 0.848901 time: 493s
2021-05-15 03:42:25,688 DEBUG   Epoch 34 - avg_train_loss: 0.0061  avg_val_loss: 1.5512 F1: 0.575016  Accuracy: 0.679121 Recall@3: 0.849725 time: 493s
2021-05-15 03:50:40,638 DEBUG   Epoch 35 - avg_train_loss: 0.0059  avg_val_loss: 1.5440 F1: 0.583809  Accuracy: 0.683791 Recall@3: 0.846978 time: 495s
2021-05-15 03:50:40,641 DEBUG   Epoch 35 - Save Best Accuracy: 0.683791 Model
2021-05-15 03:58:55,631 DEBUG   Epoch 36 - avg_train_loss: 0.0054  avg_val_loss: 1.5640 F1: 0.578472  Accuracy: 0.678022 Recall@3: 0.850824 time: 495s
2021-05-15 04:07:12,313 DEBUG   Epoch 37 - avg_train_loss: 0.0047  avg_val_loss: 1.5535 F1: 0.583298  Accuracy: 0.683791 Recall@3: 0.853297 time: 497s
2021-05-15 04:15:26,499 DEBUG   Epoch 38 - avg_train_loss: 0.0047  avg_val_loss: 1.5431 F1: 0.577310  Accuracy: 0.682967 Recall@3: 0.849176 time: 494s
2021-05-15 04:23:39,528 DEBUG   Epoch 39 - avg_train_loss: 0.0045  avg_val_loss: 1.5480 F1: 0.584069  Accuracy: 0.684890 Recall@3: 0.850275 time: 493s
2021-05-15 04:23:39,533 DEBUG   Epoch 39 - Save Best Accuracy: 0.684890 Model
2021-05-15 04:31:56,110 DEBUG   Epoch 40 - avg_train_loss: 0.0042  avg_val_loss: 1.5389 F1: 0.587874  Accuracy: 0.682692 Recall@3: 0.849451 time: 496s
2021-05-15 04:40:09,685 DEBUG   Epoch 41 - avg_train_loss: 0.0040  avg_val_loss: 1.5359 F1: 0.594118  Accuracy: 0.685989 Recall@3: 0.852473 time: 494s
2021-05-15 04:40:09,687 DEBUG   Epoch 41 - Save Best Accuracy: 0.685989 Model
2021-05-15 04:48:27,406 DEBUG   Epoch 42 - avg_train_loss: 0.0039  avg_val_loss: 1.5478 F1: 0.579232  Accuracy: 0.679396 Recall@3: 0.851374 time: 497s
2021-05-15 04:56:43,433 DEBUG   Epoch 43 - avg_train_loss: 0.0038  avg_val_loss: 1.5454 F1: 0.587508  Accuracy: 0.685440 Recall@3: 0.849176 time: 496s
2021-05-15 05:04:58,898 DEBUG   Epoch 44 - avg_train_loss: 0.0037  avg_val_loss: 1.5559 F1: 0.584974  Accuracy: 0.681593 Recall@3: 0.848352 time: 495s
2021-05-15 05:13:15,331 DEBUG   Epoch 45 - avg_train_loss: 0.0034  avg_val_loss: 1.5706 F1: 0.582550  Accuracy: 0.682143 Recall@3: 0.846154 time: 496s
2021-05-15 05:21:28,661 DEBUG   Epoch 46 - avg_train_loss: 0.0033  avg_val_loss: 1.5573 F1: 0.585451  Accuracy: 0.684615 Recall@3: 0.851648 time: 493s
2021-05-15 05:29:45,024 DEBUG   Epoch 47 - avg_train_loss: 0.0032  avg_val_loss: 1.5730 F1: 0.575254  Accuracy: 0.678297 Recall@3: 0.851099 time: 496s
2021-05-15 05:37:59,767 DEBUG   Epoch 48 - avg_train_loss: 0.0032  avg_val_loss: 1.5594 F1: 0.582457  Accuracy: 0.683242 Recall@3: 0.852747 time: 495s
2021-05-15 05:46:14,925 DEBUG   Epoch 49 - avg_train_loss: 0.0031  avg_val_loss: 1.5675 F1: 0.590362  Accuracy: 0.686813 Recall@3: 0.848901 time: 495s
2021-05-15 05:46:14,927 DEBUG   Epoch 49 - Save Best Accuracy: 0.686813 Model
2021-05-15 05:54:32,485 DEBUG   Epoch 50 - avg_train_loss: 0.0028  avg_val_loss: 1.5689 F1: 0.583163  Accuracy: 0.683516 Recall@3: 0.853022 time: 497s
2021-05-15 06:02:49,112 DEBUG   Epoch 51 - avg_train_loss: 0.0029  avg_val_loss: 1.5771 F1: 0.581050  Accuracy: 0.679396 Recall@3: 0.853571 time: 497s
2021-05-15 06:11:05,551 DEBUG   Epoch 52 - avg_train_loss: 0.0028  avg_val_loss: 1.5599 F1: 0.586699  Accuracy: 0.681868 Recall@3: 0.850549 time: 496s
2021-05-15 06:19:21,451 DEBUG   Epoch 53 - avg_train_loss: 0.0028  avg_val_loss: 1.5612 F1: 0.587260  Accuracy: 0.683516 Recall@3: 0.853846 time: 496s
2021-05-15 06:27:37,147 DEBUG   Epoch 54 - avg_train_loss: 0.0026  avg_val_loss: 1.5571 F1: 0.589153  Accuracy: 0.685440 Recall@3: 0.855495 time: 496s
2021-05-15 06:35:52,926 DEBUG   Epoch 55 - avg_train_loss: 0.0028  avg_val_loss: 1.5567 F1: 0.598046  Accuracy: 0.692857 Recall@3: 0.853571 time: 496s
2021-05-15 06:35:52,928 DEBUG   Epoch 55 - Save Best Accuracy: 0.692857 Model
2021-05-15 06:44:09,504 DEBUG   Epoch 56 - avg_train_loss: 0.0027  avg_val_loss: 1.5581 F1: 0.594730  Accuracy: 0.688187 Recall@3: 0.853846 time: 496s
2021-05-15 06:52:24,108 DEBUG   Epoch 57 - avg_train_loss: 0.0024  avg_val_loss: 1.5438 F1: 0.586236  Accuracy: 0.688187 Recall@3: 0.854396 time: 495s
2021-05-15 07:00:42,169 DEBUG   Epoch 58 - avg_train_loss: 0.0024  avg_val_loss: 1.5819 F1: 0.589173  Accuracy: 0.685165 Recall@3: 0.851099 time: 498s
2021-05-15 07:08:57,217 DEBUG   Epoch 59 - avg_train_loss: 0.0027  avg_val_loss: 1.5498 F1: 0.591006  Accuracy: 0.690110 Recall@3: 0.850275 time: 495s
2021-05-15 07:17:14,415 DEBUG   Epoch 60 - avg_train_loss: 0.0026  avg_val_loss: 1.5581 F1: 0.591387  Accuracy: 0.685440 Recall@3: 0.851099 time: 497s
2021-05-15 07:25:31,033 DEBUG   Epoch 61 - avg_train_loss: 0.0025  avg_val_loss: 1.5542 F1: 0.591239  Accuracy: 0.685440 Recall@3: 0.854670 time: 497s
2021-05-15 07:33:48,550 DEBUG   Epoch 62 - avg_train_loss: 0.0025  avg_val_loss: 1.5729 F1: 0.593400  Accuracy: 0.688736 Recall@3: 0.853571 time: 498s
2021-05-15 07:42:06,767 DEBUG   Epoch 63 - avg_train_loss: 0.0027  avg_val_loss: 1.5794 F1: 0.589838  Accuracy: 0.682692 Recall@3: 0.850000 time: 498s
2021-05-15 07:50:22,191 DEBUG   Epoch 64 - avg_train_loss: 0.0023  avg_val_loss: 1.5600 F1: 0.589181  Accuracy: 0.686538 Recall@3: 0.854396 time: 495s
2021-05-15 07:58:43,796 DEBUG   Epoch 65 - avg_train_loss: 0.0024  avg_val_loss: 1.5676 F1: 0.589120  Accuracy: 0.685989 Recall@3: 0.851374 time: 502s
2021-05-15 08:07:01,572 DEBUG   Epoch 66 - avg_train_loss: 0.0022  avg_val_loss: 1.5683 F1: 0.596112  Accuracy: 0.690110 Recall@3: 0.853571 time: 498s
2021-05-15 08:15:19,770 DEBUG   Epoch 67 - avg_train_loss: 0.0023  avg_val_loss: 1.5587 F1: 0.591394  Accuracy: 0.687912 Recall@3: 0.852747 time: 498s
2021-05-15 08:23:37,936 DEBUG   Epoch 68 - avg_train_loss: 0.0024  avg_val_loss: 1.5826 F1: 0.589137  Accuracy: 0.683516 Recall@3: 0.851648 time: 498s
2021-05-15 08:31:55,809 DEBUG   Epoch 69 - avg_train_loss: 0.0023  avg_val_loss: 1.5573 F1: 0.591359  Accuracy: 0.685440 Recall@3: 0.856319 time: 498s
2021-05-15 08:40:13,105 DEBUG   Epoch 70 - avg_train_loss: 0.0021  avg_val_loss: 1.5676 F1: 0.587933  Accuracy: 0.682418 Recall@3: 0.853022 time: 497s
2021-05-15 08:48:30,529 DEBUG   Epoch 71 - avg_train_loss: 0.0022  avg_val_loss: 1.5630 F1: 0.589415  Accuracy: 0.685165 Recall@3: 0.851923 time: 497s
2021-05-15 08:56:39,167 DEBUG   Epoch 72 - avg_train_loss: 0.0022  avg_val_loss: 1.5701 F1: 0.584884  Accuracy: 0.682143 Recall@3: 0.852473 time: 489s
2021-05-15 09:04:40,103 DEBUG   Epoch 73 - avg_train_loss: 0.0020  avg_val_loss: 1.5600 F1: 0.591641  Accuracy: 0.687088 Recall@3: 0.850275 time: 481s
2021-05-15 09:12:40,627 DEBUG   Epoch 74 - avg_train_loss: 0.0023  avg_val_loss: 1.5659 F1: 0.591634  Accuracy: 0.686264 Recall@3: 0.853022 time: 481s
2021-05-15 09:20:40,525 DEBUG   Epoch 75 - avg_train_loss: 0.0021  avg_val_loss: 1.5700 F1: 0.587266  Accuracy: 0.686538 Recall@3: 0.852747 time: 480s
2021-05-15 09:28:40,390 DEBUG   Epoch 76 - avg_train_loss: 0.0021  avg_val_loss: 1.5563 F1: 0.589362  Accuracy: 0.687088 Recall@3: 0.853297 time: 480s
2021-05-15 09:36:40,006 DEBUG   Epoch 77 - avg_train_loss: 0.0021  avg_val_loss: 1.5667 F1: 0.591587  Accuracy: 0.686264 Recall@3: 0.852473 time: 480s
2021-05-15 09:44:40,351 DEBUG   Epoch 78 - avg_train_loss: 0.0021  avg_val_loss: 1.5636 F1: 0.587331  Accuracy: 0.682692 Recall@3: 0.853297 time: 480s
2021-05-15 09:52:40,927 DEBUG   Epoch 79 - avg_train_loss: 0.0023  avg_val_loss: 1.5639 F1: 0.592628  Accuracy: 0.688462 Recall@3: 0.853022 time: 481s
2021-05-15 10:00:41,751 DEBUG   Epoch 80 - avg_train_loss: 0.0020  avg_val_loss: 1.5652 F1: 0.592919  Accuracy: 0.687637 Recall@3: 0.851923 time: 481s
2021-05-15 10:08:42,365 DEBUG   Epoch 81 - avg_train_loss: 0.0019  avg_val_loss: 1.5628 F1: 0.596449  Accuracy: 0.685165 Recall@3: 0.851923 time: 481s
2021-05-15 10:16:43,860 DEBUG   Epoch 82 - avg_train_loss: 0.0019  avg_val_loss: 1.5673 F1: 0.594227  Accuracy: 0.689286 Recall@3: 0.851923 time: 481s
2021-05-15 10:24:44,139 DEBUG   Epoch 83 - avg_train_loss: 0.0021  avg_val_loss: 1.5661 F1: 0.593069  Accuracy: 0.688462 Recall@3: 0.853297 time: 480s
2021-05-15 10:32:44,649 DEBUG   Epoch 84 - avg_train_loss: 0.0021  avg_val_loss: 1.5577 F1: 0.590680  Accuracy: 0.685440 Recall@3: 0.853571 time: 481s
2021-05-15 10:40:45,297 DEBUG   Epoch 85 - avg_train_loss: 0.0022  avg_val_loss: 1.5589 F1: 0.592292  Accuracy: 0.685989 Recall@3: 0.854396 time: 481s
2021-05-15 10:48:46,130 DEBUG   Epoch 86 - avg_train_loss: 0.0020  avg_val_loss: 1.5594 F1: 0.590130  Accuracy: 0.686538 Recall@3: 0.850275 time: 481s
2021-05-15 10:56:47,363 DEBUG   Epoch 87 - avg_train_loss: 0.0021  avg_val_loss: 1.5558 F1: 0.594768  Accuracy: 0.688187 Recall@3: 0.854121 time: 481s
2021-05-15 11:04:47,711 DEBUG   Epoch 88 - avg_train_loss: 0.0020  avg_val_loss: 1.5625 F1: 0.591312  Accuracy: 0.684615 Recall@3: 0.853022 time: 480s
2021-05-15 11:12:49,011 DEBUG   Epoch 89 - avg_train_loss: 0.0019  avg_val_loss: 1.5697 F1: 0.585215  Accuracy: 0.681319 Recall@3: 0.852198 time: 481s
2021-05-15 11:20:52,967 DEBUG   Epoch 90 - avg_train_loss: 0.0020  avg_val_loss: 1.5740 F1: 0.590351  Accuracy: 0.686538 Recall@3: 0.851099 time: 484s
2021-05-15 11:28:56,478 DEBUG   Epoch 91 - avg_train_loss: 0.0022  avg_val_loss: 1.5628 F1: 0.594142  Accuracy: 0.687912 Recall@3: 0.853022 time: 484s
2021-05-15 11:37:01,193 DEBUG   Epoch 92 - avg_train_loss: 0.0021  avg_val_loss: 1.5734 F1: 0.587160  Accuracy: 0.684341 Recall@3: 0.852473 time: 485s
2021-05-15 11:45:06,112 DEBUG   Epoch 93 - avg_train_loss: 0.0023  avg_val_loss: 1.5655 F1: 0.589906  Accuracy: 0.684890 Recall@3: 0.854670 time: 485s
2021-05-15 11:53:12,135 DEBUG   Epoch 94 - avg_train_loss: 0.0022  avg_val_loss: 1.5638 F1: 0.590986  Accuracy: 0.686538 Recall@3: 0.852198 time: 486s
2021-05-15 12:01:17,516 DEBUG   Epoch 95 - avg_train_loss: 0.0021  avg_val_loss: 1.5772 F1: 0.586791  Accuracy: 0.684615 Recall@3: 0.851923 time: 485s
2021-05-15 12:09:28,682 DEBUG   Epoch 96 - avg_train_loss: 0.0021  avg_val_loss: 1.5672 F1: 0.589277  Accuracy: 0.685440 Recall@3: 0.854121 time: 491s
2021-05-15 12:17:33,374 DEBUG   Epoch 97 - avg_train_loss: 0.0023  avg_val_loss: 1.5720 F1: 0.589582  Accuracy: 0.686538 Recall@3: 0.852473 time: 485s
2021-05-15 12:25:38,364 DEBUG   Epoch 98 - avg_train_loss: 0.0022  avg_val_loss: 1.5642 F1: 0.593163  Accuracy: 0.687637 Recall@3: 0.854121 time: 485s
2021-05-15 12:33:43,719 DEBUG   Epoch 99 - avg_train_loss: 0.0021  avg_val_loss: 1.5734 F1: 0.590999  Accuracy: 0.686813 Recall@3: 0.850275 time: 485s
2021-05-15 12:41:47,423 DEBUG   Epoch 100 - avg_train_loss: 0.0020  avg_val_loss: 1.5508 F1: 0.587048  Accuracy: 0.684890 Recall@3: 0.852198 time: 484s
2021-05-15 12:41:47,424 INFO [Train model] done in 49192 s.
