2021-05-15 00:08:15,327 INFO [Train model] start
2021-05-15 00:15:00,591 DEBUG   Epoch 1 - avg_train_loss: 0.6428  avg_val_loss: 1.7021 F1: 0.344875  Accuracy: 0.533516 Recall@3: 0.765659 time: 404s
2021-05-15 00:15:00,592 DEBUG   Epoch 1 - Save Best Accuracy: 0.533516 Model
2021-05-15 00:15:00,875 DEBUG   Epoch 1 - Save Best Loss: 1.7021 Model
2021-05-15 00:21:43,195 DEBUG   Epoch 2 - avg_train_loss: 0.3601  avg_val_loss: 1.4512 F1: 0.467036  Accuracy: 0.612363 Recall@3: 0.803571 time: 402s
2021-05-15 00:21:43,196 DEBUG   Epoch 2 - Save Best Accuracy: 0.612363 Model
2021-05-15 00:21:43,630 DEBUG   Epoch 2 - Save Best Loss: 1.4512 Model
2021-05-15 00:28:25,607 DEBUG   Epoch 3 - avg_train_loss: 0.2802  avg_val_loss: 1.3981 F1: 0.492121  Accuracy: 0.620879 Recall@3: 0.818132 time: 402s
2021-05-15 00:28:25,608 DEBUG   Epoch 3 - Save Best Accuracy: 0.620879 Model
2021-05-15 00:28:25,986 DEBUG   Epoch 3 - Save Best Loss: 1.3981 Model
2021-05-15 00:35:08,524 DEBUG   Epoch 4 - avg_train_loss: 0.2211  avg_val_loss: 1.3453 F1: 0.520089  Accuracy: 0.645879 Recall@3: 0.830220 time: 402s
2021-05-15 00:35:08,526 DEBUG   Epoch 4 - Save Best Accuracy: 0.645879 Model
2021-05-15 00:35:08,909 DEBUG   Epoch 4 - Save Best Loss: 1.3453 Model
2021-05-15 00:41:51,747 DEBUG   Epoch 5 - avg_train_loss: 0.1757  avg_val_loss: 1.3769 F1: 0.529408  Accuracy: 0.641484 Recall@3: 0.836538 time: 402s
2021-05-15 00:48:34,101 DEBUG   Epoch 6 - avg_train_loss: 0.1373  avg_val_loss: 1.3664 F1: 0.535977  Accuracy: 0.659066 Recall@3: 0.836813 time: 402s
2021-05-15 00:48:34,102 DEBUG   Epoch 6 - Save Best Accuracy: 0.659066 Model
2021-05-15 00:55:17,056 DEBUG   Epoch 7 - avg_train_loss: 0.0974  avg_val_loss: 1.3988 F1: 0.547018  Accuracy: 0.664560 Recall@3: 0.842033 time: 403s
2021-05-15 00:55:17,066 DEBUG   Epoch 7 - Save Best Accuracy: 0.664560 Model
2021-05-15 01:02:00,120 DEBUG   Epoch 8 - avg_train_loss: 0.0757  avg_val_loss: 1.3704 F1: 0.571858  Accuracy: 0.674176 Recall@3: 0.856593 time: 403s
2021-05-15 01:02:00,121 DEBUG   Epoch 8 - Save Best Accuracy: 0.674176 Model
2021-05-15 01:08:42,693 DEBUG   Epoch 9 - avg_train_loss: 0.0538  avg_val_loss: 1.4498 F1: 0.565616  Accuracy: 0.675275 Recall@3: 0.856593 time: 402s
2021-05-15 01:08:42,694 DEBUG   Epoch 9 - Save Best Accuracy: 0.675275 Model
2021-05-15 01:15:26,362 DEBUG   Epoch 10 - avg_train_loss: 0.0418  avg_val_loss: 1.4727 F1: 0.570763  Accuracy: 0.677473 Recall@3: 0.854670 time: 403s
2021-05-15 01:15:26,363 DEBUG   Epoch 10 - Save Best Accuracy: 0.677473 Model
2021-05-15 01:22:09,952 DEBUG   Epoch 11 - avg_train_loss: 0.0301  avg_val_loss: 1.5152 F1: 0.584100  Accuracy: 0.684615 Recall@3: 0.853846 time: 403s
2021-05-15 01:22:09,954 DEBUG   Epoch 11 - Save Best Accuracy: 0.684615 Model
2021-05-15 01:28:53,515 DEBUG   Epoch 12 - avg_train_loss: 0.0225  avg_val_loss: 1.4874 F1: 0.583307  Accuracy: 0.687363 Recall@3: 0.862637 time: 403s
2021-05-15 01:28:53,516 DEBUG   Epoch 12 - Save Best Accuracy: 0.687363 Model
2021-05-15 01:35:36,471 DEBUG   Epoch 13 - avg_train_loss: 0.0174  avg_val_loss: 1.5072 F1: 0.583174  Accuracy: 0.690659 Recall@3: 0.866484 time: 403s
2021-05-15 01:35:36,472 DEBUG   Epoch 13 - Save Best Accuracy: 0.690659 Model
2021-05-15 01:42:18,496 DEBUG   Epoch 14 - avg_train_loss: 0.0147  avg_val_loss: 1.5131 F1: 0.592875  Accuracy: 0.701923 Recall@3: 0.866484 time: 402s
2021-05-15 01:42:18,498 DEBUG   Epoch 14 - Save Best Accuracy: 0.701923 Model
2021-05-15 01:49:01,042 DEBUG   Epoch 15 - avg_train_loss: 0.0104  avg_val_loss: 1.5324 F1: 0.611987  Accuracy: 0.713187 Recall@3: 0.865385 time: 402s
2021-05-15 01:49:01,043 DEBUG   Epoch 15 - Save Best Accuracy: 0.713187 Model
2021-05-15 01:55:44,381 DEBUG   Epoch 16 - avg_train_loss: 0.0083  avg_val_loss: 1.5536 F1: 0.594945  Accuracy: 0.704670 Recall@3: 0.867033 time: 403s
2021-05-15 02:02:27,062 DEBUG   Epoch 17 - avg_train_loss: 0.0067  avg_val_loss: 1.5552 F1: 0.601354  Accuracy: 0.704670 Recall@3: 0.866209 time: 403s
2021-05-15 02:09:09,467 DEBUG   Epoch 18 - avg_train_loss: 0.0056  avg_val_loss: 1.5995 F1: 0.597117  Accuracy: 0.704396 Recall@3: 0.865659 time: 402s
2021-05-15 02:15:51,611 DEBUG   Epoch 19 - avg_train_loss: 0.0050  avg_val_loss: 1.5938 F1: 0.612857  Accuracy: 0.713187 Recall@3: 0.862363 time: 402s
2021-05-15 02:22:34,753 DEBUG   Epoch 20 - avg_train_loss: 0.0042  avg_val_loss: 1.6083 F1: 0.610995  Accuracy: 0.712088 Recall@3: 0.870055 time: 403s
2021-05-15 02:29:16,967 DEBUG   Epoch 21 - avg_train_loss: 0.0039  avg_val_loss: 1.5857 F1: 0.612135  Accuracy: 0.714560 Recall@3: 0.872253 time: 402s
2021-05-15 02:29:16,968 DEBUG   Epoch 21 - Save Best Accuracy: 0.714560 Model
2021-05-15 02:35:59,805 DEBUG   Epoch 22 - avg_train_loss: 0.0033  avg_val_loss: 1.6028 F1: 0.599255  Accuracy: 0.708242 Recall@3: 0.869780 time: 402s
2021-05-15 02:42:42,425 DEBUG   Epoch 23 - avg_train_loss: 0.0031  avg_val_loss: 1.5957 F1: 0.601954  Accuracy: 0.709341 Recall@3: 0.871978 time: 403s
2021-05-15 02:49:25,179 DEBUG   Epoch 24 - avg_train_loss: 0.0031  avg_val_loss: 1.6096 F1: 0.606852  Accuracy: 0.709615 Recall@3: 0.869505 time: 403s
2021-05-15 02:56:07,633 DEBUG   Epoch 25 - avg_train_loss: 0.0022  avg_val_loss: 1.6515 F1: 0.609242  Accuracy: 0.709890 Recall@3: 0.867857 time: 402s
2021-05-15 03:02:49,903 DEBUG   Epoch 26 - avg_train_loss: 0.0025  avg_val_loss: 1.6151 F1: 0.606188  Accuracy: 0.714011 Recall@3: 0.870604 time: 402s
2021-05-15 03:09:32,188 DEBUG   Epoch 27 - avg_train_loss: 0.0023  avg_val_loss: 1.6224 F1: 0.605508  Accuracy: 0.712363 Recall@3: 0.865659 time: 402s
2021-05-15 03:16:14,524 DEBUG   Epoch 28 - avg_train_loss: 0.0020  avg_val_loss: 1.6587 F1: 0.603475  Accuracy: 0.708791 Recall@3: 0.872527 time: 402s
2021-05-15 03:22:56,645 DEBUG   Epoch 29 - avg_train_loss: 0.0020  avg_val_loss: 1.6521 F1: 0.613044  Accuracy: 0.714560 Recall@3: 0.868681 time: 402s
2021-05-15 03:29:41,205 DEBUG   Epoch 30 - avg_train_loss: 0.0020  avg_val_loss: 1.6645 F1: 0.604339  Accuracy: 0.708516 Recall@3: 0.870879 time: 405s
2021-05-15 03:36:23,047 DEBUG   Epoch 31 - avg_train_loss: 0.0016  avg_val_loss: 1.6349 F1: 0.606559  Accuracy: 0.714011 Recall@3: 0.867857 time: 402s
2021-05-15 03:43:05,846 DEBUG   Epoch 32 - avg_train_loss: 0.0017  avg_val_loss: 1.6389 F1: 0.606941  Accuracy: 0.712088 Recall@3: 0.868407 time: 403s
2021-05-15 03:49:48,743 DEBUG   Epoch 33 - avg_train_loss: 0.0020  avg_val_loss: 1.6481 F1: 0.609060  Accuracy: 0.712363 Recall@3: 0.866484 time: 403s
2021-05-15 03:56:31,377 DEBUG   Epoch 34 - avg_train_loss: 0.0018  avg_val_loss: 1.6638 F1: 0.601866  Accuracy: 0.710714 Recall@3: 0.868681 time: 403s
2021-05-15 04:03:13,889 DEBUG   Epoch 35 - avg_train_loss: 0.0017  avg_val_loss: 1.6539 F1: 0.610183  Accuracy: 0.712912 Recall@3: 0.870055 time: 403s
2021-05-15 04:09:56,413 DEBUG   Epoch 36 - avg_train_loss: 0.0014  avg_val_loss: 1.6635 F1: 0.608053  Accuracy: 0.716209 Recall@3: 0.872802 time: 403s
2021-05-15 04:09:56,414 DEBUG   Epoch 36 - Save Best Accuracy: 0.716209 Model
2021-05-15 04:16:39,204 DEBUG   Epoch 37 - avg_train_loss: 0.0018  avg_val_loss: 1.6544 F1: 0.612843  Accuracy: 0.715110 Recall@3: 0.870604 time: 402s
2021-05-15 04:23:21,541 DEBUG   Epoch 38 - avg_train_loss: 0.0013  avg_val_loss: 1.6452 F1: 0.615062  Accuracy: 0.721154 Recall@3: 0.871703 time: 402s
2021-05-15 04:23:21,543 DEBUG   Epoch 38 - Save Best Accuracy: 0.721154 Model
2021-05-15 04:30:03,977 DEBUG   Epoch 39 - avg_train_loss: 0.0012  avg_val_loss: 1.6419 F1: 0.611551  Accuracy: 0.721154 Recall@3: 0.869231 time: 402s
2021-05-15 04:36:47,082 DEBUG   Epoch 40 - avg_train_loss: 0.0013  avg_val_loss: 1.6599 F1: 0.619080  Accuracy: 0.719780 Recall@3: 0.871429 time: 403s
2021-05-15 04:43:30,652 DEBUG   Epoch 41 - avg_train_loss: 0.0012  avg_val_loss: 1.6538 F1: 0.610726  Accuracy: 0.715110 Recall@3: 0.869231 time: 404s
2021-05-15 04:50:12,836 DEBUG   Epoch 42 - avg_train_loss: 0.0015  avg_val_loss: 1.6669 F1: 0.613977  Accuracy: 0.717582 Recall@3: 0.871154 time: 402s
2021-05-15 04:56:54,766 DEBUG   Epoch 43 - avg_train_loss: 0.0014  avg_val_loss: 1.6368 F1: 0.611623  Accuracy: 0.718956 Recall@3: 0.869505 time: 402s
2021-05-15 05:03:36,704 DEBUG   Epoch 44 - avg_train_loss: 0.0014  avg_val_loss: 1.6643 F1: 0.618316  Accuracy: 0.720604 Recall@3: 0.871703 time: 402s
2021-05-15 05:10:18,552 DEBUG   Epoch 45 - avg_train_loss: 0.0013  avg_val_loss: 1.6567 F1: 0.617112  Accuracy: 0.721429 Recall@3: 0.871429 time: 402s
2021-05-15 05:10:18,553 DEBUG   Epoch 45 - Save Best Accuracy: 0.721429 Model
2021-05-15 05:17:00,880 DEBUG   Epoch 46 - avg_train_loss: 0.0013  avg_val_loss: 1.6384 F1: 0.617598  Accuracy: 0.718132 Recall@3: 0.872802 time: 402s
2021-05-15 05:23:43,203 DEBUG   Epoch 47 - avg_train_loss: 0.0013  avg_val_loss: 1.6465 F1: 0.614053  Accuracy: 0.717582 Recall@3: 0.872253 time: 402s
2021-05-15 05:30:25,323 DEBUG   Epoch 48 - avg_train_loss: 0.0012  avg_val_loss: 1.6468 F1: 0.619651  Accuracy: 0.719780 Recall@3: 0.872253 time: 402s
2021-05-15 05:37:08,549 DEBUG   Epoch 49 - avg_train_loss: 0.0011  avg_val_loss: 1.6490 F1: 0.617079  Accuracy: 0.722253 Recall@3: 0.870330 time: 403s
2021-05-15 05:37:08,550 DEBUG   Epoch 49 - Save Best Accuracy: 0.722253 Model
2021-05-15 05:43:50,167 DEBUG   Epoch 50 - avg_train_loss: 0.0010  avg_val_loss: 1.6141 F1: 0.618686  Accuracy: 0.723352 Recall@3: 0.871978 time: 401s
2021-05-15 05:43:50,168 DEBUG   Epoch 50 - Save Best Accuracy: 0.723352 Model
2021-05-15 05:50:32,434 DEBUG   Epoch 51 - avg_train_loss: 0.0011  avg_val_loss: 1.6714 F1: 0.625407  Accuracy: 0.724725 Recall@3: 0.869231 time: 402s
2021-05-15 05:50:32,435 DEBUG   Epoch 51 - Save Best Accuracy: 0.724725 Model
2021-05-15 05:57:14,708 DEBUG   Epoch 52 - avg_train_loss: 0.0010  avg_val_loss: 1.6438 F1: 0.611582  Accuracy: 0.718956 Recall@3: 0.870879 time: 402s
2021-05-15 06:03:57,221 DEBUG   Epoch 53 - avg_train_loss: 0.0010  avg_val_loss: 1.6681 F1: 0.619737  Accuracy: 0.721978 Recall@3: 0.873352 time: 403s
2021-05-15 06:10:38,661 DEBUG   Epoch 54 - avg_train_loss: 0.0010  avg_val_loss: 1.6438 F1: 0.614047  Accuracy: 0.719231 Recall@3: 0.870879 time: 401s
2021-05-15 06:17:20,707 DEBUG   Epoch 55 - avg_train_loss: 0.0008  avg_val_loss: 1.6290 F1: 0.619798  Accuracy: 0.723352 Recall@3: 0.875000 time: 402s
2021-05-15 06:24:03,044 DEBUG   Epoch 56 - avg_train_loss: 0.0012  avg_val_loss: 1.6323 F1: 0.617052  Accuracy: 0.718956 Recall@3: 0.873077 time: 402s
2021-05-15 06:30:44,415 DEBUG   Epoch 57 - avg_train_loss: 0.0010  avg_val_loss: 1.6700 F1: 0.620370  Accuracy: 0.720879 Recall@3: 0.873901 time: 401s
2021-05-15 06:37:26,422 DEBUG   Epoch 58 - avg_train_loss: 0.0012  avg_val_loss: 1.6588 F1: 0.624701  Accuracy: 0.723901 Recall@3: 0.872527 time: 402s
2021-05-15 06:44:10,119 DEBUG   Epoch 59 - avg_train_loss: 0.0010  avg_val_loss: 1.6687 F1: 0.623757  Accuracy: 0.721703 Recall@3: 0.871429 time: 404s
2021-05-15 06:50:52,002 DEBUG   Epoch 60 - avg_train_loss: 0.0011  avg_val_loss: 1.6652 F1: 0.621875  Accuracy: 0.722527 Recall@3: 0.871154 time: 402s
2021-05-15 06:57:34,797 DEBUG   Epoch 61 - avg_train_loss: 0.0010  avg_val_loss: 1.6443 F1: 0.621271  Accuracy: 0.720879 Recall@3: 0.871429 time: 403s
2021-05-15 07:04:16,670 DEBUG   Epoch 62 - avg_train_loss: 0.0009  avg_val_loss: 1.6631 F1: 0.622225  Accuracy: 0.720879 Recall@3: 0.873626 time: 402s
2021-05-15 07:10:58,566 DEBUG   Epoch 63 - avg_train_loss: 0.0008  avg_val_loss: 1.6554 F1: 0.618080  Accuracy: 0.719231 Recall@3: 0.876099 time: 402s
2021-05-15 07:17:40,358 DEBUG   Epoch 64 - avg_train_loss: 0.0011  avg_val_loss: 1.6429 F1: 0.619240  Accuracy: 0.722802 Recall@3: 0.873352 time: 402s
2021-05-15 07:24:21,624 DEBUG   Epoch 65 - avg_train_loss: 0.0009  avg_val_loss: 1.6676 F1: 0.615365  Accuracy: 0.717857 Recall@3: 0.871703 time: 401s
2021-05-15 07:31:02,894 DEBUG   Epoch 66 - avg_train_loss: 0.0010  avg_val_loss: 1.6484 F1: 0.622128  Accuracy: 0.723626 Recall@3: 0.873901 time: 401s
2021-05-15 07:37:45,100 DEBUG   Epoch 67 - avg_train_loss: 0.0009  avg_val_loss: 1.6639 F1: 0.621010  Accuracy: 0.722253 Recall@3: 0.872802 time: 402s
2021-05-15 07:44:27,399 DEBUG   Epoch 68 - avg_train_loss: 0.0010  avg_val_loss: 1.6663 F1: 0.624269  Accuracy: 0.721978 Recall@3: 0.873077 time: 402s
2021-05-15 07:51:09,817 DEBUG   Epoch 69 - avg_train_loss: 0.0009  avg_val_loss: 1.6753 F1: 0.621546  Accuracy: 0.722527 Recall@3: 0.870330 time: 402s
2021-05-15 07:57:51,894 DEBUG   Epoch 70 - avg_train_loss: 0.0007  avg_val_loss: 1.6499 F1: 0.617453  Accuracy: 0.720055 Recall@3: 0.874176 time: 402s
2021-05-15 08:04:33,031 DEBUG   Epoch 71 - avg_train_loss: 0.0009  avg_val_loss: 1.6675 F1: 0.621298  Accuracy: 0.723077 Recall@3: 0.872527 time: 401s
2021-05-15 08:11:14,820 DEBUG   Epoch 72 - avg_train_loss: 0.0011  avg_val_loss: 1.6641 F1: 0.624155  Accuracy: 0.724176 Recall@3: 0.872527 time: 402s
2021-05-15 08:17:56,640 DEBUG   Epoch 73 - avg_train_loss: 0.0010  avg_val_loss: 1.6741 F1: 0.620607  Accuracy: 0.720330 Recall@3: 0.872527 time: 402s
2021-05-15 08:24:38,062 DEBUG   Epoch 74 - avg_train_loss: 0.0009  avg_val_loss: 1.6745 F1: 0.621184  Accuracy: 0.720879 Recall@3: 0.870330 time: 401s
2021-05-15 08:31:19,414 DEBUG   Epoch 75 - avg_train_loss: 0.0009  avg_val_loss: 1.6595 F1: 0.621351  Accuracy: 0.721429 Recall@3: 0.870879 time: 401s
2021-05-15 08:38:00,682 DEBUG   Epoch 76 - avg_train_loss: 0.0009  avg_val_loss: 1.6455 F1: 0.622471  Accuracy: 0.721154 Recall@3: 0.871978 time: 401s
2021-05-15 08:44:42,837 DEBUG   Epoch 77 - avg_train_loss: 0.0010  avg_val_loss: 1.6804 F1: 0.623844  Accuracy: 0.723352 Recall@3: 0.870604 time: 402s
2021-05-15 08:51:25,590 DEBUG   Epoch 78 - avg_train_loss: 0.0008  avg_val_loss: 1.6802 F1: 0.617760  Accuracy: 0.719780 Recall@3: 0.871703 time: 403s
2021-05-15 08:58:06,678 DEBUG   Epoch 79 - avg_train_loss: 0.0008  avg_val_loss: 1.6881 F1: 0.625199  Accuracy: 0.721978 Recall@3: 0.874451 time: 401s
2021-05-15 09:04:48,706 DEBUG   Epoch 80 - avg_train_loss: 0.0008  avg_val_loss: 1.6577 F1: 0.620684  Accuracy: 0.718132 Recall@3: 0.871429 time: 402s
2021-05-15 09:11:30,237 DEBUG   Epoch 81 - avg_train_loss: 0.0011  avg_val_loss: 1.6721 F1: 0.621283  Accuracy: 0.721429 Recall@3: 0.875549 time: 402s
2021-05-15 09:18:12,135 DEBUG   Epoch 82 - avg_train_loss: 0.0010  avg_val_loss: 1.6760 F1: 0.612273  Accuracy: 0.717857 Recall@3: 0.870879 time: 402s
2021-05-15 09:24:52,754 DEBUG   Epoch 83 - avg_train_loss: 0.0008  avg_val_loss: 1.6682 F1: 0.614750  Accuracy: 0.719780 Recall@3: 0.870055 time: 401s
2021-05-15 09:31:33,799 DEBUG   Epoch 84 - avg_train_loss: 0.0009  avg_val_loss: 1.6674 F1: 0.615236  Accuracy: 0.720879 Recall@3: 0.871154 time: 401s
2021-05-15 09:38:15,065 DEBUG   Epoch 85 - avg_train_loss: 0.0008  avg_val_loss: 1.6515 F1: 0.621250  Accuracy: 0.725549 Recall@3: 0.871703 time: 401s
2021-05-15 09:38:15,066 DEBUG   Epoch 85 - Save Best Accuracy: 0.725549 Model
2021-05-15 09:44:57,222 DEBUG   Epoch 86 - avg_train_loss: 0.0011  avg_val_loss: 1.6773 F1: 0.620846  Accuracy: 0.722802 Recall@3: 0.872802 time: 402s
2021-05-15 09:51:38,671 DEBUG   Epoch 87 - avg_train_loss: 0.0009  avg_val_loss: 1.6696 F1: 0.623038  Accuracy: 0.722802 Recall@3: 0.868956 time: 401s
2021-05-15 09:58:22,237 DEBUG   Epoch 88 - avg_train_loss: 0.0008  avg_val_loss: 1.6653 F1: 0.613449  Accuracy: 0.719780 Recall@3: 0.870330 time: 404s
2021-05-15 10:05:02,982 DEBUG   Epoch 89 - avg_train_loss: 0.0010  avg_val_loss: 1.6632 F1: 0.619232  Accuracy: 0.720604 Recall@3: 0.871703 time: 401s
2021-05-15 10:11:44,720 DEBUG   Epoch 90 - avg_train_loss: 0.0008  avg_val_loss: 1.6675 F1: 0.617389  Accuracy: 0.721703 Recall@3: 0.871978 time: 402s
2021-05-15 10:18:26,390 DEBUG   Epoch 91 - avg_train_loss: 0.0009  avg_val_loss: 1.6693 F1: 0.626192  Accuracy: 0.721978 Recall@3: 0.873352 time: 402s
2021-05-15 10:25:07,283 DEBUG   Epoch 92 - avg_train_loss: 0.0008  avg_val_loss: 1.6782 F1: 0.616109  Accuracy: 0.719231 Recall@3: 0.872527 time: 401s
2021-05-15 10:31:48,611 DEBUG   Epoch 93 - avg_train_loss: 0.0008  avg_val_loss: 1.6746 F1: 0.621011  Accuracy: 0.723901 Recall@3: 0.871154 time: 401s
2021-05-15 10:38:29,676 DEBUG   Epoch 94 - avg_train_loss: 0.0008  avg_val_loss: 1.6621 F1: 0.619807  Accuracy: 0.720879 Recall@3: 0.869505 time: 401s
2021-05-15 10:45:11,193 DEBUG   Epoch 95 - avg_train_loss: 0.0010  avg_val_loss: 1.6955 F1: 0.619149  Accuracy: 0.720604 Recall@3: 0.869780 time: 402s
2021-05-15 10:51:53,442 DEBUG   Epoch 96 - avg_train_loss: 0.0009  avg_val_loss: 1.6865 F1: 0.619928  Accuracy: 0.721703 Recall@3: 0.872802 time: 402s
2021-05-15 10:58:35,638 DEBUG   Epoch 97 - avg_train_loss: 0.0009  avg_val_loss: 1.6584 F1: 0.612897  Accuracy: 0.718956 Recall@3: 0.873352 time: 402s
2021-05-15 11:05:16,663 DEBUG   Epoch 98 - avg_train_loss: 0.0009  avg_val_loss: 1.6792 F1: 0.619505  Accuracy: 0.722253 Recall@3: 0.872802 time: 401s
2021-05-15 11:11:57,668 DEBUG   Epoch 99 - avg_train_loss: 0.0010  avg_val_loss: 1.6728 F1: 0.611223  Accuracy: 0.716484 Recall@3: 0.871703 time: 401s
2021-05-15 11:18:38,824 DEBUG   Epoch 100 - avg_train_loss: 0.0011  avg_val_loss: 1.6828 F1: 0.619861  Accuracy: 0.722253 Recall@3: 0.872802 time: 401s
2021-05-15 11:18:38,825 INFO [Train model] done in 40223 s.
