2021-03-10 11:57:51,871 INFO [Train model] start
2021-03-10 12:45:10,237 DEBUG   Epoch 1 - avg_train_loss: 0.9758  avg_val_loss: 2.6483 F1: 0.215129  Accuracy: 0.413090 Recall@3: 0.600662 time: 2837s
2021-03-10 12:45:10,238 DEBUG   Epoch 1 - Save Best Accuracy: 0.413090 Model
2021-03-10 12:45:10,316 DEBUG   Epoch 1 - Save Best Loss: 2.6483 Model
2021-03-10 13:32:24,438 DEBUG   Epoch 2 - avg_train_loss: 0.5952  avg_val_loss: 2.0367 F1: 0.352075  Accuracy: 0.522403 Recall@3: 0.709840 time: 2834s
2021-03-10 13:32:24,439 DEBUG   Epoch 2 - Save Best Accuracy: 0.522403 Model
2021-03-10 13:32:24,500 DEBUG   Epoch 2 - Save Best Loss: 2.0367 Model
2021-03-10 14:19:38,109 DEBUG   Epoch 3 - avg_train_loss: 0.4927  avg_val_loss: 1.8585 F1: 0.410297  Accuracy: 0.558593 Recall@3: 0.744577 time: 2834s
2021-03-10 14:19:38,110 DEBUG   Epoch 3 - Save Best Accuracy: 0.558593 Model
2021-03-10 14:19:38,169 DEBUG   Epoch 3 - Save Best Loss: 1.8585 Model
2021-03-10 15:06:52,818 DEBUG   Epoch 4 - avg_train_loss: 0.4343  avg_val_loss: 1.7131 F1: 0.445624  Accuracy: 0.584375 Recall@3: 0.767520 time: 2835s
2021-03-10 15:06:52,819 DEBUG   Epoch 4 - Save Best Accuracy: 0.584375 Model
2021-03-10 15:06:52,879 DEBUG   Epoch 4 - Save Best Loss: 1.7131 Model
2021-03-10 15:54:27,126 DEBUG   Epoch 5 - avg_train_loss: 0.3898  avg_val_loss: 1.6601 F1: 0.468389  Accuracy: 0.595459 Recall@3: 0.777894 time: 2854s
2021-03-10 15:54:27,127 DEBUG   Epoch 5 - Save Best Accuracy: 0.595459 Model
2021-03-10 15:54:27,205 DEBUG   Epoch 5 - Save Best Loss: 1.6601 Model
2021-03-10 16:41:25,956 DEBUG   Epoch 6 - avg_train_loss: 0.3611  avg_val_loss: 1.5646 F1: 0.500731  Accuracy: 0.621444 Recall@3: 0.795668 time: 2819s
2021-03-10 16:41:25,958 DEBUG   Epoch 6 - Save Best Accuracy: 0.621444 Model
2021-03-10 16:41:26,079 DEBUG   Epoch 6 - Save Best Loss: 1.5646 Model
2021-03-10 17:28:46,129 DEBUG   Epoch 7 - avg_train_loss: 0.3323  avg_val_loss: 1.5292 F1: 0.509651  Accuracy: 0.627729 Recall@3: 0.803001 time: 2840s
2021-03-10 17:28:46,132 DEBUG   Epoch 7 - Save Best Accuracy: 0.627729 Model
2021-03-10 17:28:46,236 DEBUG   Epoch 7 - Save Best Loss: 1.5292 Model
2021-03-10 18:16:04,847 DEBUG   Epoch 8 - avg_train_loss: 0.3115  avg_val_loss: 1.5234 F1: 0.509551  Accuracy: 0.625769 Recall@3: 0.804014 time: 2839s
2021-03-10 18:16:04,849 DEBUG   Epoch 8 - Save Best Loss: 1.5234 Model
2021-03-10 19:03:23,119 DEBUG   Epoch 9 - avg_train_loss: 0.2911  avg_val_loss: 1.4946 F1: 0.531614  Accuracy: 0.637663 Recall@3: 0.809286 time: 2838s
2021-03-10 19:03:23,120 DEBUG   Epoch 9 - Save Best Accuracy: 0.637663 Model
2021-03-10 19:03:23,230 DEBUG   Epoch 9 - Save Best Loss: 1.4946 Model
2021-03-10 19:50:46,530 DEBUG   Epoch 10 - avg_train_loss: 0.2751  avg_val_loss: 1.5128 F1: 0.534832  Accuracy: 0.639623 Recall@3: 0.809184 time: 2843s
2021-03-10 19:50:46,532 DEBUG   Epoch 10 - Save Best Accuracy: 0.639623 Model
2021-03-10 20:38:02,129 DEBUG   Epoch 11 - avg_train_loss: 0.2602  avg_val_loss: 1.4799 F1: 0.541501  Accuracy: 0.641346 Recall@3: 0.815773 time: 2836s
2021-03-10 20:38:02,140 DEBUG   Epoch 11 - Save Best Accuracy: 0.641346 Model
2021-03-10 20:38:02,217 DEBUG   Epoch 11 - Save Best Loss: 1.4799 Model
2021-03-10 21:25:03,511 DEBUG   Epoch 12 - avg_train_loss: 0.2448  avg_val_loss: 1.4633 F1: 0.544057  Accuracy: 0.651179 Recall@3: 0.819321 time: 2821s
2021-03-10 21:25:03,512 DEBUG   Epoch 12 - Save Best Accuracy: 0.651179 Model
2021-03-10 21:25:03,571 DEBUG   Epoch 12 - Save Best Loss: 1.4633 Model
2021-03-10 22:12:06,089 DEBUG   Epoch 13 - avg_train_loss: 0.2318  avg_val_loss: 1.4746 F1: 0.553643  Accuracy: 0.649760 Recall@3: 0.819085 time: 2822s
2021-03-10 22:59:23,876 DEBUG   Epoch 14 - avg_train_loss: 0.2202  avg_val_loss: 1.4806 F1: 0.544730  Accuracy: 0.648544 Recall@3: 0.819490 time: 2838s
2021-03-10 23:46:40,796 DEBUG   Epoch 15 - avg_train_loss: 0.2022  avg_val_loss: 1.4016 F1: 0.570422  Accuracy: 0.670034 Recall@3: 0.832736 time: 2837s
2021-03-10 23:46:40,797 DEBUG   Epoch 15 - Save Best Accuracy: 0.670034 Model
2021-03-10 23:46:40,871 DEBUG   Epoch 15 - Save Best Loss: 1.4016 Model
2021-03-11 00:33:52,732 DEBUG   Epoch 16 - avg_train_loss: 0.1916  avg_val_loss: 1.4427 F1: 0.558976  Accuracy: 0.661891 Recall@3: 0.827262 time: 2832s
2021-03-11 01:21:02,007 DEBUG   Epoch 17 - avg_train_loss: 0.1825  avg_val_loss: 1.4273 F1: 0.565286  Accuracy: 0.666554 Recall@3: 0.831385 time: 2829s
2021-03-11 02:08:17,088 DEBUG   Epoch 18 - avg_train_loss: 0.1673  avg_val_loss: 1.4316 F1: 0.573199  Accuracy: 0.668514 Recall@3: 0.833649 time: 2835s
2021-03-11 02:55:13,811 DEBUG   Epoch 19 - avg_train_loss: 0.1583  avg_val_loss: 1.4371 F1: 0.571590  Accuracy: 0.671656 Recall@3: 0.832500 time: 2817s
2021-03-11 02:55:13,812 DEBUG   Epoch 19 - Save Best Accuracy: 0.671656 Model
2021-03-11 03:42:35,893 DEBUG   Epoch 20 - avg_train_loss: 0.1452  avg_val_loss: 1.4304 F1: 0.577080  Accuracy: 0.672670 Recall@3: 0.837332 time: 2842s
2021-03-11 03:42:35,895 DEBUG   Epoch 20 - Save Best Accuracy: 0.672670 Model
2021-03-11 04:29:55,594 DEBUG   Epoch 21 - avg_train_loss: 0.1387  avg_val_loss: 1.4763 F1: 0.567991  Accuracy: 0.666013 Recall@3: 0.831047 time: 2840s
2021-03-11 05:17:25,568 DEBUG   Epoch 22 - avg_train_loss: 0.1281  avg_val_loss: 1.4173 F1: 0.586782  Accuracy: 0.680679 Recall@3: 0.840103 time: 2850s
2021-03-11 05:17:25,569 DEBUG   Epoch 22 - Save Best Accuracy: 0.680679 Model
2021-03-11 06:04:50,535 DEBUG   Epoch 23 - avg_train_loss: 0.1215  avg_val_loss: 1.4535 F1: 0.581819  Accuracy: 0.680239 Recall@3: 0.839359 time: 2845s
2021-03-11 06:52:04,954 DEBUG   Epoch 24 - avg_train_loss: 0.1144  avg_val_loss: 1.4515 F1: 0.587317  Accuracy: 0.680442 Recall@3: 0.839799 time: 2834s
2021-03-11 07:39:07,532 DEBUG   Epoch 25 - avg_train_loss: 0.1092  avg_val_loss: 1.4333 F1: 0.594845  Accuracy: 0.686288 Recall@3: 0.843853 time: 2823s
2021-03-11 07:39:07,533 DEBUG   Epoch 25 - Save Best Accuracy: 0.686288 Model
2021-03-11 08:26:24,118 DEBUG   Epoch 26 - avg_train_loss: 0.1009  avg_val_loss: 1.4489 F1: 0.595099  Accuracy: 0.686896 Recall@3: 0.842063 time: 2836s
2021-03-11 08:26:24,120 DEBUG   Epoch 26 - Save Best Accuracy: 0.686896 Model
2021-03-11 09:13:45,533 DEBUG   Epoch 27 - avg_train_loss: 0.0972  avg_val_loss: 1.4904 F1: 0.587314  Accuracy: 0.679665 Recall@3: 0.839157 time: 2841s
2021-03-11 10:00:52,292 DEBUG   Epoch 28 - avg_train_loss: 0.0914  avg_val_loss: 1.4690 F1: 0.590733  Accuracy: 0.686761 Recall@3: 0.844259 time: 2827s
2021-03-11 10:48:01,928 DEBUG   Epoch 29 - avg_train_loss: 0.0866  avg_val_loss: 1.4764 F1: 0.597449  Accuracy: 0.687639 Recall@3: 0.844597 time: 2830s
2021-03-11 10:48:01,929 DEBUG   Epoch 29 - Save Best Accuracy: 0.687639 Model
2021-03-11 11:35:10,010 DEBUG   Epoch 30 - avg_train_loss: 0.0822  avg_val_loss: 1.4725 F1: 0.597466  Accuracy: 0.688518 Recall@3: 0.844597 time: 2828s
2021-03-11 11:35:10,011 DEBUG   Epoch 30 - Save Best Accuracy: 0.688518 Model
2021-03-11 12:22:18,330 DEBUG   Epoch 31 - avg_train_loss: 0.0794  avg_val_loss: 1.4684 F1: 0.598824  Accuracy: 0.691728 Recall@3: 0.846422 time: 2828s
2021-03-11 12:22:18,331 DEBUG   Epoch 31 - Save Best Accuracy: 0.691728 Model
2021-03-11 13:09:36,013 DEBUG   Epoch 32 - avg_train_loss: 0.0739  avg_val_loss: 1.4893 F1: 0.598376  Accuracy: 0.689532 Recall@3: 0.845138 time: 2838s
2021-03-11 13:56:40,178 DEBUG   Epoch 33 - avg_train_loss: 0.0729  avg_val_loss: 1.4864 F1: 0.597754  Accuracy: 0.690039 Recall@3: 0.845949 time: 2824s
2021-03-11 14:43:58,306 DEBUG   Epoch 34 - avg_train_loss: 0.0685  avg_val_loss: 1.4930 F1: 0.603196  Accuracy: 0.693451 Recall@3: 0.844901 time: 2838s
2021-03-11 14:43:58,308 DEBUG   Epoch 34 - Save Best Accuracy: 0.693451 Model
2021-03-11 15:31:06,618 DEBUG   Epoch 35 - avg_train_loss: 0.0668  avg_val_loss: 1.5102 F1: 0.601555  Accuracy: 0.692167 Recall@3: 0.846557 time: 2828s
2021-03-11 16:18:14,865 DEBUG   Epoch 36 - avg_train_loss: 0.0636  avg_val_loss: 1.5087 F1: 0.601602  Accuracy: 0.691762 Recall@3: 0.846523 time: 2828s
2021-03-11 17:05:08,811 DEBUG   Epoch 37 - avg_train_loss: 0.0618  avg_val_loss: 1.5193 F1: 0.605290  Accuracy: 0.692776 Recall@3: 0.845374 time: 2814s
2021-03-11 17:52:36,029 DEBUG   Epoch 38 - avg_train_loss: 0.0592  avg_val_loss: 1.5110 F1: 0.602219  Accuracy: 0.693992 Recall@3: 0.845982 time: 2847s
2021-03-11 17:52:36,031 DEBUG   Epoch 38 - Save Best Accuracy: 0.693992 Model
2021-03-11 18:39:57,815 DEBUG   Epoch 39 - avg_train_loss: 0.0570  avg_val_loss: 1.5181 F1: 0.603705  Accuracy: 0.694803 Recall@3: 0.846793 time: 2842s
2021-03-11 18:39:57,816 DEBUG   Epoch 39 - Save Best Accuracy: 0.694803 Model
2021-03-11 19:27:23,936 DEBUG   Epoch 40 - avg_train_loss: 0.0555  avg_val_loss: 1.5103 F1: 0.604282  Accuracy: 0.695513 Recall@3: 0.848280 time: 2846s
2021-03-11 19:27:23,938 DEBUG   Epoch 40 - Save Best Accuracy: 0.695513 Model
2021-03-11 20:14:37,842 DEBUG   Epoch 41 - avg_train_loss: 0.0540  avg_val_loss: 1.5237 F1: 0.601831  Accuracy: 0.694229 Recall@3: 0.847300 time: 2834s
2021-03-11 21:02:07,661 DEBUG   Epoch 42 - avg_train_loss: 0.0516  avg_val_loss: 1.5302 F1: 0.602265  Accuracy: 0.694803 Recall@3: 0.849294 time: 2850s
2021-03-11 21:52:35,886 DEBUG   Epoch 43 - avg_train_loss: 0.0514  avg_val_loss: 1.5252 F1: 0.606074  Accuracy: 0.696797 Recall@3: 0.848956 time: 3028s
2021-03-11 21:52:35,887 DEBUG   Epoch 43 - Save Best Accuracy: 0.696797 Model
2021-03-11 22:44:00,395 DEBUG   Epoch 44 - avg_train_loss: 0.0497  avg_val_loss: 1.5228 F1: 0.608298  Accuracy: 0.697608 Recall@3: 0.849023 time: 3084s
2021-03-11 22:44:00,397 DEBUG   Epoch 44 - Save Best Accuracy: 0.697608 Model
2021-03-11 23:36:40,465 DEBUG   Epoch 45 - avg_train_loss: 0.0489  avg_val_loss: 1.5306 F1: 0.605805  Accuracy: 0.696560 Recall@3: 0.847841 time: 3160s
2021-03-12 00:29:40,168 DEBUG   Epoch 46 - avg_train_loss: 0.0470  avg_val_loss: 1.5306 F1: 0.606499  Accuracy: 0.697608 Recall@3: 0.849226 time: 3180s
2021-03-12 01:22:21,108 DEBUG   Epoch 47 - avg_train_loss: 0.0461  avg_val_loss: 1.5209 F1: 0.607529  Accuracy: 0.697844 Recall@3: 0.849057 time: 3161s
2021-03-12 01:22:21,110 DEBUG   Epoch 47 - Save Best Accuracy: 0.697844 Model
2021-03-12 02:15:06,287 DEBUG   Epoch 48 - avg_train_loss: 0.0450  avg_val_loss: 1.5361 F1: 0.606693  Accuracy: 0.697641 Recall@3: 0.849598 time: 3165s
2021-03-12 03:08:01,119 DEBUG   Epoch 49 - avg_train_loss: 0.0442  avg_val_loss: 1.5342 F1: 0.605091  Accuracy: 0.697135 Recall@3: 0.849767 time: 3175s
2021-03-12 03:59:55,346 DEBUG   Epoch 50 - avg_train_loss: 0.0440  avg_val_loss: 1.5294 F1: 0.608599  Accuracy: 0.699905 Recall@3: 0.850476 time: 3114s
2021-03-12 03:59:55,347 DEBUG   Epoch 50 - Save Best Accuracy: 0.699905 Model
2021-03-12 04:47:22,934 DEBUG   Epoch 51 - avg_train_loss: 0.0427  avg_val_loss: 1.5356 F1: 0.607586  Accuracy: 0.698790 Recall@3: 0.850274 time: 2847s
2021-03-12 05:34:47,426 DEBUG   Epoch 52 - avg_train_loss: 0.0419  avg_val_loss: 1.5288 F1: 0.608438  Accuracy: 0.699500 Recall@3: 0.850341 time: 2844s
2021-03-12 06:22:12,503 DEBUG   Epoch 53 - avg_train_loss: 0.0406  avg_val_loss: 1.5393 F1: 0.604954  Accuracy: 0.697439 Recall@3: 0.849699 time: 2845s
2021-03-12 07:09:25,663 DEBUG   Epoch 54 - avg_train_loss: 0.0418  avg_val_loss: 1.5379 F1: 0.607529  Accuracy: 0.698351 Recall@3: 0.850206 time: 2833s
2021-03-12 07:56:41,465 DEBUG   Epoch 55 - avg_train_loss: 0.0398  avg_val_loss: 1.5390 F1: 0.607650  Accuracy: 0.697878 Recall@3: 0.850071 time: 2836s
2021-03-12 08:43:36,764 DEBUG   Epoch 56 - avg_train_loss: 0.0394  avg_val_loss: 1.5333 F1: 0.609350  Accuracy: 0.700345 Recall@3: 0.850206 time: 2815s
2021-03-12 08:43:36,766 DEBUG   Epoch 56 - Save Best Accuracy: 0.700345 Model
2021-03-12 09:30:56,962 DEBUG   Epoch 57 - avg_train_loss: 0.0390  avg_val_loss: 1.5412 F1: 0.611700  Accuracy: 0.700784 Recall@3: 0.849564 time: 2840s
2021-03-12 09:30:56,966 DEBUG   Epoch 57 - Save Best Accuracy: 0.700784 Model
2021-03-12 10:18:13,329 DEBUG   Epoch 58 - avg_train_loss: 0.0388  avg_val_loss: 1.5451 F1: 0.611341  Accuracy: 0.700581 Recall@3: 0.849328 time: 2836s
2021-03-12 11:05:20,388 DEBUG   Epoch 59 - avg_train_loss: 0.0379  avg_val_loss: 1.5513 F1: 0.610320  Accuracy: 0.699973 Recall@3: 0.849598 time: 2827s
2021-03-12 11:52:33,366 DEBUG   Epoch 60 - avg_train_loss: 0.0376  avg_val_loss: 1.5432 F1: 0.610949  Accuracy: 0.700277 Recall@3: 0.850274 time: 2833s
2021-03-12 12:39:48,905 DEBUG   Epoch 61 - avg_train_loss: 0.0377  avg_val_loss: 1.5491 F1: 0.608732  Accuracy: 0.698858 Recall@3: 0.849260 time: 2836s
2021-03-12 13:26:49,107 DEBUG   Epoch 62 - avg_train_loss: 0.0369  avg_val_loss: 1.5436 F1: 0.609773  Accuracy: 0.702102 Recall@3: 0.851389 time: 2820s
2021-03-12 13:26:49,110 DEBUG   Epoch 62 - Save Best Accuracy: 0.702102 Model
2021-03-12 14:14:18,855 DEBUG   Epoch 63 - avg_train_loss: 0.0364  avg_val_loss: 1.5470 F1: 0.608389  Accuracy: 0.700480 Recall@3: 0.851355 time: 2850s
2021-03-12 15:01:41,218 DEBUG   Epoch 64 - avg_train_loss: 0.0359  avg_val_loss: 1.5498 F1: 0.608767  Accuracy: 0.700818 Recall@3: 0.850983 time: 2842s
2021-03-12 15:48:55,201 DEBUG   Epoch 65 - avg_train_loss: 0.0358  avg_val_loss: 1.5477 F1: 0.610173  Accuracy: 0.701392 Recall@3: 0.850747 time: 2834s
2021-03-12 16:36:09,516 DEBUG   Epoch 66 - avg_train_loss: 0.0352  avg_val_loss: 1.5501 F1: 0.607792  Accuracy: 0.700041 Recall@3: 0.850578 time: 2834s
2021-03-12 17:23:36,389 DEBUG   Epoch 67 - avg_train_loss: 0.0354  avg_val_loss: 1.5494 F1: 0.611399  Accuracy: 0.702440 Recall@3: 0.850443 time: 2847s
2021-03-12 17:23:36,390 DEBUG   Epoch 67 - Save Best Accuracy: 0.702440 Model
2021-03-12 18:10:55,354 DEBUG   Epoch 68 - avg_train_loss: 0.0352  avg_val_loss: 1.5496 F1: 0.611311  Accuracy: 0.702068 Recall@3: 0.851321 time: 2839s
2021-03-12 18:58:18,138 DEBUG   Epoch 69 - avg_train_loss: 0.0352  avg_val_loss: 1.5527 F1: 0.611090  Accuracy: 0.702102 Recall@3: 0.850645 time: 2843s
2021-03-12 19:45:36,439 DEBUG   Epoch 70 - avg_train_loss: 0.0345  avg_val_loss: 1.5537 F1: 0.611409  Accuracy: 0.701662 Recall@3: 0.851118 time: 2838s
2021-03-12 20:33:05,390 DEBUG   Epoch 71 - avg_train_loss: 0.0343  avg_val_loss: 1.5502 F1: 0.610705  Accuracy: 0.701831 Recall@3: 0.851592 time: 2849s
2021-03-12 21:21:22,504 DEBUG   Epoch 72 - avg_train_loss: 0.0342  avg_val_loss: 1.5504 F1: 0.610613  Accuracy: 0.701831 Recall@3: 0.851896 time: 2897s
2021-03-12 22:12:00,724 DEBUG   Epoch 73 - avg_train_loss: 0.0343  avg_val_loss: 1.5619 F1: 0.609710  Accuracy: 0.700885 Recall@3: 0.850983 time: 3038s
2021-03-12 23:02:52,079 DEBUG   Epoch 74 - avg_train_loss: 0.0341  avg_val_loss: 1.5538 F1: 0.611542  Accuracy: 0.702406 Recall@3: 0.851085 time: 3051s
2021-03-12 23:51:12,695 DEBUG   Epoch 75 - avg_train_loss: 0.0339  avg_val_loss: 1.5566 F1: 0.611843  Accuracy: 0.702338 Recall@3: 0.850003 time: 2901s
2021-03-13 00:39:11,845 DEBUG   Epoch 76 - avg_train_loss: 0.0336  avg_val_loss: 1.5584 F1: 0.609325  Accuracy: 0.701223 Recall@3: 0.850240 time: 2879s
2021-03-13 01:27:06,617 DEBUG   Epoch 77 - avg_train_loss: 0.0334  avg_val_loss: 1.5530 F1: 0.611029  Accuracy: 0.701460 Recall@3: 0.850645 time: 2875s
2021-03-13 02:14:51,008 DEBUG   Epoch 78 - avg_train_loss: 0.0332  avg_val_loss: 1.5538 F1: 0.611242  Accuracy: 0.701764 Recall@3: 0.850747 time: 2864s
2021-03-13 03:02:27,508 DEBUG   Epoch 79 - avg_train_loss: 0.0329  avg_val_loss: 1.5536 F1: 0.610436  Accuracy: 0.700919 Recall@3: 0.850848 time: 2856s
2021-03-13 03:50:08,763 DEBUG   Epoch 80 - avg_train_loss: 0.0323  avg_val_loss: 1.5574 F1: 0.610320  Accuracy: 0.702169 Recall@3: 0.851186 time: 2861s
2021-03-13 04:37:44,373 DEBUG   Epoch 81 - avg_train_loss: 0.0330  avg_val_loss: 1.5587 F1: 0.610953  Accuracy: 0.701595 Recall@3: 0.850983 time: 2856s
2021-03-13 05:25:30,218 DEBUG   Epoch 82 - avg_train_loss: 0.0328  avg_val_loss: 1.5562 F1: 0.611668  Accuracy: 0.701730 Recall@3: 0.851389 time: 2866s
2021-03-13 06:13:15,324 DEBUG   Epoch 83 - avg_train_loss: 0.0324  avg_val_loss: 1.5589 F1: 0.611955  Accuracy: 0.702507 Recall@3: 0.852031 time: 2865s
2021-03-13 06:13:15,326 DEBUG   Epoch 83 - Save Best Accuracy: 0.702507 Model
2021-03-13 07:00:51,208 DEBUG   Epoch 84 - avg_train_loss: 0.0326  avg_val_loss: 1.5556 F1: 0.611949  Accuracy: 0.701662 Recall@3: 0.851896 time: 2856s
2021-03-13 07:48:31,548 DEBUG   Epoch 85 - avg_train_loss: 0.0327  avg_val_loss: 1.5597 F1: 0.611880  Accuracy: 0.701291 Recall@3: 0.851693 time: 2860s
2021-03-13 08:36:12,239 DEBUG   Epoch 86 - avg_train_loss: 0.0323  avg_val_loss: 1.5577 F1: 0.612134  Accuracy: 0.702406 Recall@3: 0.851625 time: 2861s
2021-03-13 09:23:57,779 DEBUG   Epoch 87 - avg_train_loss: 0.0327  avg_val_loss: 1.5590 F1: 0.610766  Accuracy: 0.701798 Recall@3: 0.851051 time: 2866s
2021-03-13 10:11:52,089 DEBUG   Epoch 88 - avg_train_loss: 0.0322  avg_val_loss: 1.5554 F1: 0.612654  Accuracy: 0.703149 Recall@3: 0.851625 time: 2874s
2021-03-13 10:11:52,092 DEBUG   Epoch 88 - Save Best Accuracy: 0.703149 Model
2021-03-13 11:00:03,810 DEBUG   Epoch 89 - avg_train_loss: 0.0318  avg_val_loss: 1.5572 F1: 0.612525  Accuracy: 0.703217 Recall@3: 0.851862 time: 2892s
2021-03-13 11:00:03,811 DEBUG   Epoch 89 - Save Best Accuracy: 0.703217 Model
2021-03-13 11:47:47,208 DEBUG   Epoch 90 - avg_train_loss: 0.0315  avg_val_loss: 1.5584 F1: 0.611399  Accuracy: 0.702271 Recall@3: 0.851997 time: 2863s
2021-03-13 12:35:50,103 DEBUG   Epoch 91 - avg_train_loss: 0.0317  avg_val_loss: 1.5560 F1: 0.611074  Accuracy: 0.703048 Recall@3: 0.851896 time: 2883s
2021-03-13 13:23:45,483 DEBUG   Epoch 92 - avg_train_loss: 0.0321  avg_val_loss: 1.5538 F1: 0.611300  Accuracy: 0.703082 Recall@3: 0.851693 time: 2875s
2021-03-13 14:11:25,017 DEBUG   Epoch 93 - avg_train_loss: 0.0317  avg_val_loss: 1.5574 F1: 0.611697  Accuracy: 0.703014 Recall@3: 0.850476 time: 2860s
2021-03-13 14:58:57,009 DEBUG   Epoch 94 - avg_train_loss: 0.0320  avg_val_loss: 1.5591 F1: 0.611447  Accuracy: 0.702879 Recall@3: 0.851490 time: 2852s
2021-03-13 15:46:31,625 DEBUG   Epoch 95 - avg_train_loss: 0.0320  avg_val_loss: 1.5555 F1: 0.611111  Accuracy: 0.703048 Recall@3: 0.851321 time: 2855s
2021-03-13 16:34:06,262 DEBUG   Epoch 96 - avg_train_loss: 0.0312  avg_val_loss: 1.5564 F1: 0.611115  Accuracy: 0.702609 Recall@3: 0.850645 time: 2855s
2021-03-13 17:21:47,608 DEBUG   Epoch 97 - avg_train_loss: 0.0316  avg_val_loss: 1.5579 F1: 0.612093  Accuracy: 0.702575 Recall@3: 0.852098 time: 2861s
2021-03-13 18:09:31,800 DEBUG   Epoch 98 - avg_train_loss: 0.0317  avg_val_loss: 1.5564 F1: 0.612848  Accuracy: 0.702778 Recall@3: 0.851760 time: 2864s
2021-03-13 18:57:18,461 DEBUG   Epoch 99 - avg_train_loss: 0.0315  avg_val_loss: 1.5581 F1: 0.613454  Accuracy: 0.703758 Recall@3: 0.851794 time: 2867s
2021-03-13 18:57:18,462 DEBUG   Epoch 99 - Save Best Accuracy: 0.703758 Model
2021-03-13 19:44:51,050 DEBUG   Epoch 100 - avg_train_loss: 0.0313  avg_val_loss: 1.5573 F1: 0.611738  Accuracy: 0.703082 Recall@3: 0.850916 time: 2852s
2021-03-13 19:44:51,051 INFO [Train model] done in 287219 s.
