2021-01-20 09:44:36,921 INFO [Train model] start
2021-01-20 10:46:20,395 DEBUG   Epoch 1 - avg_train_loss: 0.6270  avg_val_loss: 1.7088 F1: 0.450250  Accuracy: 0.590931 Recall@3: 0.770257 time: 3702s
2021-01-20 10:46:20,396 DEBUG   Epoch 1 - Save Best Accuracy: 0.590931 Model
2021-01-20 10:46:20,887 DEBUG   Epoch 1 - Save Best Loss: 1.7088 Model
2021-01-20 11:48:59,786 DEBUG   Epoch 2 - avg_train_loss: 0.3417  avg_val_loss: 1.4718 F1: 0.525371  Accuracy: 0.634216 Recall@3: 0.812631 time: 3758s
2021-01-20 11:48:59,787 DEBUG   Epoch 2 - Save Best Accuracy: 0.634216 Model
2021-01-20 11:49:00,626 DEBUG   Epoch 2 - Save Best Loss: 1.4718 Model
2021-01-20 12:52:09,985 DEBUG   Epoch 3 - avg_train_loss: 0.2579  avg_val_loss: 1.3735 F1: 0.568853  Accuracy: 0.662026 Recall@3: 0.828681 time: 3789s
2021-01-20 12:52:09,986 DEBUG   Epoch 3 - Save Best Accuracy: 0.662026 Model
2021-01-20 12:52:10,685 DEBUG   Epoch 3 - Save Best Loss: 1.3735 Model
2021-01-20 13:55:30,570 DEBUG   Epoch 4 - avg_train_loss: 0.1985  avg_val_loss: 1.3616 F1: 0.575039  Accuracy: 0.670068 Recall@3: 0.837197 time: 3799s
2021-01-20 13:55:30,575 DEBUG   Epoch 4 - Save Best Accuracy: 0.670068 Model
2021-01-20 13:55:31,307 DEBUG   Epoch 4 - Save Best Loss: 1.3616 Model
2021-01-20 14:59:06,841 DEBUG   Epoch 5 - avg_train_loss: 0.1505  avg_val_loss: 1.4512 F1: 0.575931  Accuracy: 0.660742 Recall@3: 0.828208 time: 3815s
2021-01-20 16:02:05,344 DEBUG   Epoch 6 - avg_train_loss: 0.1162  avg_val_loss: 1.4437 F1: 0.587016  Accuracy: 0.668987 Recall@3: 0.836555 time: 3779s
2021-01-20 17:04:52,883 DEBUG   Epoch 7 - avg_train_loss: 0.0782  avg_val_loss: 1.4050 F1: 0.607908  Accuracy: 0.688383 Recall@3: 0.844090 time: 3768s
2021-01-20 17:04:52,884 DEBUG   Epoch 7 - Save Best Accuracy: 0.688383 Model
2021-01-20 18:07:59,296 DEBUG   Epoch 8 - avg_train_loss: 0.0510  avg_val_loss: 1.4346 F1: 0.611217  Accuracy: 0.690106 Recall@3: 0.849361 time: 3785s
2021-01-20 18:07:59,298 DEBUG   Epoch 8 - Save Best Accuracy: 0.690106 Model
2021-01-20 19:11:34,834 DEBUG   Epoch 9 - avg_train_loss: 0.0314  avg_val_loss: 1.4004 F1: 0.623941  Accuracy: 0.702237 Recall@3: 0.856998 time: 3815s
2021-01-20 19:11:34,835 DEBUG   Epoch 9 - Save Best Accuracy: 0.702237 Model
2021-01-20 20:14:37,703 DEBUG   Epoch 10 - avg_train_loss: 0.0221  avg_val_loss: 1.4278 F1: 0.629609  Accuracy: 0.706055 Recall@3: 0.856052 time: 3782s
2021-01-20 20:14:37,704 DEBUG   Epoch 10 - Save Best Accuracy: 0.706055 Model
2021-01-20 21:17:25,903 DEBUG   Epoch 11 - avg_train_loss: 0.0151  avg_val_loss: 1.4267 F1: 0.629457  Accuracy: 0.710009 Recall@3: 0.859296 time: 3767s
2021-01-20 21:17:25,905 DEBUG   Epoch 11 - Save Best Accuracy: 0.710009 Model
2021-01-20 22:20:23,306 DEBUG   Epoch 12 - avg_train_loss: 0.0147  avg_val_loss: 1.4927 F1: 0.619996  Accuracy: 0.701899 Recall@3: 0.852707 time: 3777s
2021-01-20 23:23:17,127 DEBUG   Epoch 13 - avg_train_loss: 0.1434  avg_val_loss: 1.6234 F1: 0.593132  Accuracy: 0.676488 Recall@3: 0.832230 time: 3774s
2021-01-21 00:26:09,057 DEBUG   Epoch 14 - avg_train_loss: 0.0227  avg_val_loss: 1.4873 F1: 0.627104  Accuracy: 0.706866 Recall@3: 0.854835 time: 3772s
2021-01-21 01:29:11,480 DEBUG   Epoch 15 - avg_train_loss: 0.0102  avg_val_loss: 1.4592 F1: 0.632317  Accuracy: 0.711597 Recall@3: 0.859904 time: 3782s
2021-01-21 01:29:11,482 DEBUG   Epoch 15 - Save Best Accuracy: 0.711597 Model
2021-01-21 02:31:59,909 DEBUG   Epoch 16 - avg_train_loss: 0.0089  avg_val_loss: 1.4525 F1: 0.638857  Accuracy: 0.717206 Recall@3: 0.862472 time: 3768s
2021-01-21 02:31:59,911 DEBUG   Epoch 16 - Save Best Accuracy: 0.717206 Model
2021-01-21 03:34:31,152 DEBUG   Epoch 17 - avg_train_loss: 0.0064  avg_val_loss: 1.4507 F1: 0.639034  Accuracy: 0.717308 Recall@3: 0.862844 time: 3751s
2021-01-21 03:34:31,154 DEBUG   Epoch 17 - Save Best Accuracy: 0.717308 Model
2021-01-21 04:37:23,063 DEBUG   Epoch 18 - avg_train_loss: 0.0057  avg_val_loss: 1.4555 F1: 0.639397  Accuracy: 0.717037 Recall@3: 0.863384 time: 3771s
2021-01-21 05:40:36,244 DEBUG   Epoch 19 - avg_train_loss: 0.0052  avg_val_loss: 1.4395 F1: 0.642868  Accuracy: 0.721937 Recall@3: 0.865682 time: 3793s
2021-01-21 05:40:36,246 DEBUG   Epoch 19 - Save Best Accuracy: 0.721937 Model
2021-01-21 06:43:14,401 DEBUG   Epoch 20 - avg_train_loss: 0.0097  avg_val_loss: 1.4577 F1: 0.643224  Accuracy: 0.720146 Recall@3: 0.863486 time: 3757s
2021-01-21 07:46:28,303 DEBUG   Epoch 21 - avg_train_loss: 0.0049  avg_val_loss: 1.4499 F1: 0.644251  Accuracy: 0.722917 Recall@3: 0.865953 time: 3794s
2021-01-21 07:46:28,305 DEBUG   Epoch 21 - Save Best Accuracy: 0.722917 Model
2021-01-21 08:49:29,243 DEBUG   Epoch 22 - avg_train_loss: 0.0042  avg_val_loss: 1.4441 F1: 0.645865  Accuracy: 0.724877 Recall@3: 0.865716 time: 3780s
2021-01-21 08:49:29,245 DEBUG   Epoch 22 - Save Best Accuracy: 0.724877 Model
2021-01-21 09:52:22,441 DEBUG   Epoch 23 - avg_train_loss: 0.0037  avg_val_loss: 1.4400 F1: 0.650633  Accuracy: 0.726431 Recall@3: 0.866628 time: 3772s
2021-01-21 09:52:22,442 DEBUG   Epoch 23 - Save Best Accuracy: 0.726431 Model
2021-01-21 10:55:44,341 DEBUG   Epoch 24 - avg_train_loss: 0.0035  avg_val_loss: 1.4329 F1: 0.651169  Accuracy: 0.727952 Recall@3: 0.868284 time: 3801s
2021-01-21 10:55:44,342 DEBUG   Epoch 24 - Save Best Accuracy: 0.727952 Model
2021-01-21 11:58:52,021 DEBUG   Epoch 25 - avg_train_loss: 0.0031  avg_val_loss: 1.4435 F1: 0.649873  Accuracy: 0.726803 Recall@3: 0.865851 time: 3787s
2021-01-21 13:01:31,724 DEBUG   Epoch 26 - avg_train_loss: 0.0032  avg_val_loss: 1.4360 F1: 0.650202  Accuracy: 0.726499 Recall@3: 0.867439 time: 3760s
2021-01-21 14:05:07,087 DEBUG   Epoch 27 - avg_train_loss: 0.0028  avg_val_loss: 1.4355 F1: 0.651268  Accuracy: 0.729472 Recall@3: 0.869264 time: 3815s
2021-01-21 14:05:07,089 DEBUG   Epoch 27 - Save Best Accuracy: 0.729472 Model
2021-01-21 15:08:14,105 DEBUG   Epoch 28 - avg_train_loss: 0.0028  avg_val_loss: 1.4400 F1: 0.650505  Accuracy: 0.727107 Recall@3: 0.868554 time: 3786s
2021-01-21 16:11:05,488 DEBUG   Epoch 29 - avg_train_loss: 0.0025  avg_val_loss: 1.4348 F1: 0.652930  Accuracy: 0.729371 Recall@3: 0.868656 time: 3771s
2021-01-21 17:14:12,066 DEBUG   Epoch 30 - avg_train_loss: 0.0026  avg_val_loss: 1.4378 F1: 0.652137  Accuracy: 0.728729 Recall@3: 0.869095 time: 3787s
2021-01-21 18:17:01,308 DEBUG   Epoch 31 - avg_train_loss: 0.0024  avg_val_loss: 1.4358 F1: 0.655437  Accuracy: 0.731094 Recall@3: 0.868081 time: 3769s
2021-01-21 18:17:01,309 DEBUG   Epoch 31 - Save Best Accuracy: 0.731094 Model
2021-01-21 19:19:49,556 DEBUG   Epoch 32 - avg_train_loss: 0.0024  avg_val_loss: 1.4405 F1: 0.652780  Accuracy: 0.729540 Recall@3: 0.869129 time: 3767s
2021-01-21 20:22:54,362 DEBUG   Epoch 33 - avg_train_loss: 0.0022  avg_val_loss: 1.4372 F1: 0.653592  Accuracy: 0.730216 Recall@3: 0.869670 time: 3785s
2021-01-21 21:25:38,378 DEBUG   Epoch 34 - avg_train_loss: 0.0022  avg_val_loss: 1.4366 F1: 0.654271  Accuracy: 0.730722 Recall@3: 0.869433 time: 3764s
2021-01-21 22:29:02,894 DEBUG   Epoch 35 - avg_train_loss: 0.0022  avg_val_loss: 1.4365 F1: 0.653619  Accuracy: 0.730553 Recall@3: 0.869906 time: 3805s
2021-01-21 23:44:34,184 DEBUG   Epoch 36 - avg_train_loss: 0.0019  avg_val_loss: 1.4376 F1: 0.653559  Accuracy: 0.730925 Recall@3: 0.868723 time: 4531s
2021-01-22 01:08:07,420 DEBUG   Epoch 37 - avg_train_loss: 0.0021  avg_val_loss: 1.4388 F1: 0.655308  Accuracy: 0.731635 Recall@3: 0.869230 time: 5013s
2021-01-22 01:08:07,422 DEBUG   Epoch 37 - Save Best Accuracy: 0.731635 Model
2021-01-22 02:31:27,295 DEBUG   Epoch 38 - avg_train_loss: 0.0021  avg_val_loss: 1.4369 F1: 0.655051  Accuracy: 0.731635 Recall@3: 0.869906 time: 4998s
2021-01-22 03:54:17,436 DEBUG   Epoch 39 - avg_train_loss: 0.0019  avg_val_loss: 1.4408 F1: 0.655578  Accuracy: 0.731128 Recall@3: 0.870007 time: 4970s
2021-01-22 05:16:45,651 DEBUG   Epoch 40 - avg_train_loss: 0.0019  avg_val_loss: 1.4356 F1: 0.655366  Accuracy: 0.731567 Recall@3: 0.869230 time: 4948s
2021-01-22 06:41:12,676 DEBUG   Epoch 41 - avg_train_loss: 0.0017  avg_val_loss: 1.4369 F1: 0.656861  Accuracy: 0.732615 Recall@3: 0.870717 time: 5067s
2021-01-22 06:41:12,678 DEBUG   Epoch 41 - Save Best Accuracy: 0.732615 Model
2021-01-22 08:04:54,265 DEBUG   Epoch 42 - avg_train_loss: 0.0016  avg_val_loss: 1.4364 F1: 0.658581  Accuracy: 0.733527 Recall@3: 0.870109 time: 5020s
2021-01-22 08:04:54,267 DEBUG   Epoch 42 - Save Best Accuracy: 0.733527 Model
2021-01-22 09:28:05,411 DEBUG   Epoch 43 - avg_train_loss: 0.0018  avg_val_loss: 1.4383 F1: 0.656595  Accuracy: 0.733291 Recall@3: 0.870818 time: 4985s
2021-01-22 10:51:55,050 DEBUG   Epoch 44 - avg_train_loss: 0.0017  avg_val_loss: 1.4344 F1: 0.655785  Accuracy: 0.733122 Recall@3: 0.871021 time: 5030s
2021-01-22 12:15:37,594 DEBUG   Epoch 45 - avg_train_loss: 0.0015  avg_val_loss: 1.4359 F1: 0.655660  Accuracy: 0.732784 Recall@3: 0.870683 time: 5023s
2021-01-22 13:36:14,815 DEBUG   Epoch 46 - avg_train_loss: 0.0016  avg_val_loss: 1.4384 F1: 0.656355  Accuracy: 0.733020 Recall@3: 0.870345 time: 4837s
2021-01-22 14:38:58,834 DEBUG   Epoch 47 - avg_train_loss: 0.0015  avg_val_loss: 1.4384 F1: 0.655924  Accuracy: 0.732649 Recall@3: 0.870109 time: 3764s
2021-01-22 15:41:50,152 DEBUG   Epoch 48 - avg_train_loss: 0.0015  avg_val_loss: 1.4369 F1: 0.656489  Accuracy: 0.733155 Recall@3: 0.870514 time: 3771s
2021-01-22 16:44:36,517 DEBUG   Epoch 49 - avg_train_loss: 0.0015  avg_val_loss: 1.4372 F1: 0.656453  Accuracy: 0.732986 Recall@3: 0.871325 time: 3766s
2021-01-22 17:47:31,078 DEBUG   Epoch 50 - avg_train_loss: 0.0015  avg_val_loss: 1.4375 F1: 0.655518  Accuracy: 0.732581 Recall@3: 0.870379 time: 3775s
2021-01-22 18:49:38,263 DEBUG   Epoch 51 - avg_train_loss: 0.0014  avg_val_loss: 1.4367 F1: 0.655739  Accuracy: 0.732480 Recall@3: 0.870717 time: 3727s
2021-01-22 19:52:36,741 DEBUG   Epoch 52 - avg_train_loss: 0.0015  avg_val_loss: 1.4371 F1: 0.656701  Accuracy: 0.732953 Recall@3: 0.870109 time: 3778s
2021-01-22 20:55:53,135 DEBUG   Epoch 53 - avg_train_loss: 0.0014  avg_val_loss: 1.4387 F1: 0.656206  Accuracy: 0.733291 Recall@3: 0.870582 time: 3796s
2021-01-22 21:57:53,997 DEBUG   Epoch 54 - avg_train_loss: 0.0013  avg_val_loss: 1.4381 F1: 0.657366  Accuracy: 0.733831 Recall@3: 0.871123 time: 3721s
2021-01-22 21:57:53,998 DEBUG   Epoch 54 - Save Best Accuracy: 0.733831 Model
2021-01-22 23:00:05,030 DEBUG   Epoch 55 - avg_train_loss: 0.0014  avg_val_loss: 1.4370 F1: 0.656527  Accuracy: 0.733358 Recall@3: 0.871123 time: 3730s
2021-01-23 00:03:13,440 DEBUG   Epoch 56 - avg_train_loss: 0.0014  avg_val_loss: 1.4380 F1: 0.656947  Accuracy: 0.733662 Recall@3: 0.871258 time: 3788s
2021-01-23 01:05:26,935 DEBUG   Epoch 57 - avg_train_loss: 0.0013  avg_val_loss: 1.4373 F1: 0.658879  Accuracy: 0.734406 Recall@3: 0.871393 time: 3733s
2021-01-23 01:05:26,937 DEBUG   Epoch 57 - Save Best Accuracy: 0.734406 Model
2021-01-23 02:07:41,706 DEBUG   Epoch 58 - avg_train_loss: 0.0015  avg_val_loss: 1.4383 F1: 0.658390  Accuracy: 0.734270 Recall@3: 0.871798 time: 3734s
2021-01-23 03:10:27,694 DEBUG   Epoch 59 - avg_train_loss: 0.0013  avg_val_loss: 1.4379 F1: 0.658041  Accuracy: 0.734068 Recall@3: 0.871393 time: 3766s
2021-01-23 04:12:17,908 DEBUG   Epoch 60 - avg_train_loss: 0.0013  avg_val_loss: 1.4374 F1: 0.658584  Accuracy: 0.734811 Recall@3: 0.871224 time: 3710s
2021-01-23 04:12:17,909 DEBUG   Epoch 60 - Save Best Accuracy: 0.734811 Model
2021-01-23 05:14:53,154 DEBUG   Epoch 61 - avg_train_loss: 0.0014  avg_val_loss: 1.4380 F1: 0.658271  Accuracy: 0.734338 Recall@3: 0.871089 time: 3754s
2021-01-23 06:17:48,447 DEBUG   Epoch 62 - avg_train_loss: 0.0014  avg_val_loss: 1.4386 F1: 0.657845  Accuracy: 0.734338 Recall@3: 0.871697 time: 3775s
2021-01-23 07:20:09,251 DEBUG   Epoch 63 - avg_train_loss: 0.0013  avg_val_loss: 1.4371 F1: 0.657516  Accuracy: 0.733797 Recall@3: 0.871663 time: 3741s
2021-01-23 08:22:32,938 DEBUG   Epoch 64 - avg_train_loss: 0.0013  avg_val_loss: 1.4372 F1: 0.658349  Accuracy: 0.734237 Recall@3: 0.871359 time: 3744s
2021-01-23 09:25:54,067 DEBUG   Epoch 65 - avg_train_loss: 0.0014  avg_val_loss: 1.4373 F1: 0.658481  Accuracy: 0.734575 Recall@3: 0.870852 time: 3801s
2021-01-23 10:28:17,392 DEBUG   Epoch 66 - avg_train_loss: 0.0013  avg_val_loss: 1.4367 F1: 0.657313  Accuracy: 0.733764 Recall@3: 0.871460 time: 3743s
2021-01-23 11:30:46,822 DEBUG   Epoch 67 - avg_train_loss: 0.0013  avg_val_loss: 1.4380 F1: 0.658349  Accuracy: 0.734203 Recall@3: 0.871021 time: 3749s
2021-01-23 12:33:38,890 DEBUG   Epoch 68 - avg_train_loss: 0.0013  avg_val_loss: 1.4387 F1: 0.657551  Accuracy: 0.734102 Recall@3: 0.871359 time: 3772s
2021-01-23 13:35:53,868 DEBUG   Epoch 69 - avg_train_loss: 0.0013  avg_val_loss: 1.4392 F1: 0.657794  Accuracy: 0.734338 Recall@3: 0.870582 time: 3735s
2021-01-23 14:38:42,025 DEBUG   Epoch 70 - avg_train_loss: 0.0013  avg_val_loss: 1.4392 F1: 0.657667  Accuracy: 0.734575 Recall@3: 0.871156 time: 3768s
2021-01-23 15:41:36,520 DEBUG   Epoch 71 - avg_train_loss: 0.0012  avg_val_loss: 1.4383 F1: 0.658221  Accuracy: 0.735284 Recall@3: 0.871021 time: 3774s
2021-01-23 15:41:36,522 DEBUG   Epoch 71 - Save Best Accuracy: 0.735284 Model
2021-01-23 16:44:58,874 DEBUG   Epoch 72 - avg_train_loss: 0.0012  avg_val_loss: 1.4387 F1: 0.657999  Accuracy: 0.734676 Recall@3: 0.871596 time: 3802s
2021-01-23 17:47:12,209 DEBUG   Epoch 73 - avg_train_loss: 0.0012  avg_val_loss: 1.4391 F1: 0.657406  Accuracy: 0.734203 Recall@3: 0.871156 time: 3733s
2021-01-23 18:50:40,315 DEBUG   Epoch 74 - avg_train_loss: 0.0012  avg_val_loss: 1.4384 F1: 0.657129  Accuracy: 0.734169 Recall@3: 0.872035 time: 3808s
2021-01-23 19:53:10,795 DEBUG   Epoch 75 - avg_train_loss: 0.0012  avg_val_loss: 1.4392 F1: 0.657602  Accuracy: 0.734135 Recall@3: 0.871731 time: 3750s
2021-01-23 20:56:04,912 DEBUG   Epoch 76 - avg_train_loss: 0.0012  avg_val_loss: 1.4383 F1: 0.658433  Accuracy: 0.734439 Recall@3: 0.871900 time: 3774s
2021-01-23 22:00:25,279 DEBUG   Epoch 77 - avg_train_loss: 0.0012  avg_val_loss: 1.4382 F1: 0.658455  Accuracy: 0.734845 Recall@3: 0.871427 time: 3860s
2021-01-23 23:05:54,664 DEBUG   Epoch 78 - avg_train_loss: 0.0013  avg_val_loss: 1.4387 F1: 0.658130  Accuracy: 0.734676 Recall@3: 0.871258 time: 3929s
2021-01-24 00:08:21,014 DEBUG   Epoch 79 - avg_train_loss: 0.0012  avg_val_loss: 1.4393 F1: 0.657308  Accuracy: 0.734102 Recall@3: 0.871359 time: 3746s
2021-01-24 01:11:40,603 DEBUG   Epoch 80 - avg_train_loss: 0.0012  avg_val_loss: 1.4387 F1: 0.657737  Accuracy: 0.734237 Recall@3: 0.871494 time: 3800s
2021-01-24 02:14:11,194 DEBUG   Epoch 81 - avg_train_loss: 0.0013  avg_val_loss: 1.4387 F1: 0.658160  Accuracy: 0.734237 Recall@3: 0.871765 time: 3751s
2021-01-24 03:16:44,231 DEBUG   Epoch 82 - avg_train_loss: 0.0012  avg_val_loss: 1.4388 F1: 0.657683  Accuracy: 0.734338 Recall@3: 0.871258 time: 3753s
2021-01-24 04:20:08,491 DEBUG   Epoch 83 - avg_train_loss: 0.0011  avg_val_loss: 1.4390 F1: 0.657345  Accuracy: 0.734676 Recall@3: 0.871359 time: 3804s
2021-01-24 05:22:53,002 DEBUG   Epoch 84 - avg_train_loss: 0.0012  avg_val_loss: 1.4386 F1: 0.657463  Accuracy: 0.734676 Recall@3: 0.871731 time: 3765s
2021-01-24 06:25:27,267 DEBUG   Epoch 85 - avg_train_loss: 0.0012  avg_val_loss: 1.4382 F1: 0.658059  Accuracy: 0.735352 Recall@3: 0.872102 time: 3754s
2021-01-24 06:25:27,268 DEBUG   Epoch 85 - Save Best Accuracy: 0.735352 Model
2021-01-24 07:28:11,013 DEBUG   Epoch 86 - avg_train_loss: 0.0011  avg_val_loss: 1.4381 F1: 0.658156  Accuracy: 0.734845 Recall@3: 0.871900 time: 3763s
2021-01-24 08:31:00,197 DEBUG   Epoch 87 - avg_train_loss: 0.0012  avg_val_loss: 1.4387 F1: 0.657862  Accuracy: 0.734676 Recall@3: 0.871697 time: 3769s
2021-01-24 09:33:32,843 DEBUG   Epoch 88 - avg_train_loss: 0.0012  avg_val_loss: 1.4385 F1: 0.657974  Accuracy: 0.734879 Recall@3: 0.871629 time: 3753s
2021-01-24 10:36:39,891 DEBUG   Epoch 89 - avg_train_loss: 0.0011  avg_val_loss: 1.4387 F1: 0.657809  Accuracy: 0.734710 Recall@3: 0.871765 time: 3787s
2021-01-24 11:38:55,371 DEBUG   Epoch 90 - avg_train_loss: 0.0011  avg_val_loss: 1.4384 F1: 0.657523  Accuracy: 0.734946 Recall@3: 0.871832 time: 3735s
2021-01-24 12:41:12,491 DEBUG   Epoch 91 - avg_train_loss: 0.0011  avg_val_loss: 1.4385 F1: 0.658017  Accuracy: 0.734710 Recall@3: 0.871866 time: 3737s
2021-01-24 13:43:42,906 DEBUG   Epoch 92 - avg_train_loss: 0.0012  avg_val_loss: 1.4383 F1: 0.658222  Accuracy: 0.734879 Recall@3: 0.871731 time: 3750s
2021-01-24 14:46:26,698 DEBUG   Epoch 93 - avg_train_loss: 0.0012  avg_val_loss: 1.4386 F1: 0.657862  Accuracy: 0.734710 Recall@3: 0.871697 time: 3764s
2021-01-24 15:48:37,361 DEBUG   Epoch 94 - avg_train_loss: 0.0012  avg_val_loss: 1.4388 F1: 0.657824  Accuracy: 0.734608 Recall@3: 0.871427 time: 3731s
2021-01-24 16:50:56,821 DEBUG   Epoch 95 - avg_train_loss: 0.0012  avg_val_loss: 1.4389 F1: 0.657882  Accuracy: 0.734777 Recall@3: 0.871359 time: 3739s
2021-01-24 17:53:42,809 DEBUG   Epoch 96 - avg_train_loss: 0.0012  avg_val_loss: 1.4389 F1: 0.657899  Accuracy: 0.734575 Recall@3: 0.871596 time: 3766s
2021-01-24 18:56:00,531 DEBUG   Epoch 97 - avg_train_loss: 0.0012  avg_val_loss: 1.4391 F1: 0.657927  Accuracy: 0.734676 Recall@3: 0.871629 time: 3738s
2021-01-24 19:58:33,146 DEBUG   Epoch 98 - avg_train_loss: 0.0011  avg_val_loss: 1.4388 F1: 0.657511  Accuracy: 0.734608 Recall@3: 0.871393 time: 3753s
2021-01-24 21:01:12,357 DEBUG   Epoch 99 - avg_train_loss: 0.0011  avg_val_loss: 1.4388 F1: 0.657353  Accuracy: 0.734541 Recall@3: 0.871494 time: 3759s
2021-01-24 22:03:56,310 DEBUG   Epoch 100 - avg_train_loss: 0.0011  avg_val_loss: 1.4388 F1: 0.657827  Accuracy: 0.734507 Recall@3: 0.871494 time: 3764s
2021-01-24 22:03:56,312 INFO [Train model] done in 389959 s.
