2021-03-10 11:55:31,107 INFO [Train model] start
2021-03-10 12:50:42,242 DEBUG   Epoch 1 - avg_train_loss: 0.2509  avg_val_loss: 2.3834 F1: 0.229316  Accuracy: 0.468811 Recall@3: 0.651314 time: 3310s
2021-03-10 12:50:42,243 DEBUG   Epoch 1 - Save Best Accuracy: 0.468811 Model
2021-03-10 12:50:42,330 DEBUG   Epoch 1 - Save Best Loss: 2.3834 Model
2021-03-10 13:47:01,003 DEBUG   Epoch 2 - avg_train_loss: 0.1476  avg_val_loss: 1.8256 F1: 0.369185  Accuracy: 0.565486 Recall@3: 0.750118 time: 3379s
2021-03-10 13:47:01,005 DEBUG   Epoch 2 - Save Best Accuracy: 0.565486 Model
2021-03-10 13:47:01,143 DEBUG   Epoch 2 - Save Best Loss: 1.8256 Model
2021-03-10 14:43:06,213 DEBUG   Epoch 3 - avg_train_loss: 0.1189  avg_val_loss: 1.5982 F1: 0.453150  Accuracy: 0.612489 Recall@3: 0.789890 time: 3365s
2021-03-10 14:43:06,215 DEBUG   Epoch 3 - Save Best Accuracy: 0.612489 Model
2021-03-10 14:43:06,279 DEBUG   Epoch 3 - Save Best Loss: 1.5982 Model
2021-03-10 15:38:47,048 DEBUG   Epoch 4 - avg_train_loss: 0.1029  avg_val_loss: 1.4627 F1: 0.500020  Accuracy: 0.641211 Recall@3: 0.813847 time: 3341s
2021-03-10 15:38:47,050 DEBUG   Epoch 4 - Save Best Accuracy: 0.641211 Model
2021-03-10 15:38:47,117 DEBUG   Epoch 4 - Save Best Loss: 1.4627 Model
2021-03-10 16:34:36,332 DEBUG   Epoch 5 - avg_train_loss: 0.0919  avg_val_loss: 1.3700 F1: 0.535225  Accuracy: 0.659999 Recall@3: 0.827499 time: 3349s
2021-03-10 16:34:36,334 DEBUG   Epoch 5 - Save Best Accuracy: 0.659999 Model
2021-03-10 16:34:36,467 DEBUG   Epoch 5 - Save Best Loss: 1.3700 Model
2021-03-10 17:30:20,606 DEBUG   Epoch 6 - avg_train_loss: 0.0839  avg_val_loss: 1.3192 F1: 0.549219  Accuracy: 0.673582 Recall@3: 0.836284 time: 3344s
2021-03-10 17:30:20,607 DEBUG   Epoch 6 - Save Best Accuracy: 0.673582 Model
2021-03-10 17:30:20,677 DEBUG   Epoch 6 - Save Best Loss: 1.3192 Model
2021-03-10 18:26:16,222 DEBUG   Epoch 7 - avg_train_loss: 0.0775  avg_val_loss: 1.2834 F1: 0.568990  Accuracy: 0.682571 Recall@3: 0.844022 time: 3355s
2021-03-10 18:26:16,223 DEBUG   Epoch 7 - Save Best Accuracy: 0.682571 Model
2021-03-10 18:26:16,291 DEBUG   Epoch 7 - Save Best Loss: 1.2834 Model
2021-03-10 19:22:24,661 DEBUG   Epoch 8 - avg_train_loss: 0.0730  avg_val_loss: 1.2823 F1: 0.574340  Accuracy: 0.684598 Recall@3: 0.844496 time: 3368s
2021-03-10 19:22:24,662 DEBUG   Epoch 8 - Save Best Accuracy: 0.684598 Model
2021-03-10 19:22:24,748 DEBUG   Epoch 8 - Save Best Loss: 1.2823 Model
2021-03-10 20:18:34,218 DEBUG   Epoch 9 - avg_train_loss: 0.0678  avg_val_loss: 1.2526 F1: 0.582224  Accuracy: 0.691998 Recall@3: 0.850274 time: 3369s
2021-03-10 20:18:34,220 DEBUG   Epoch 9 - Save Best Accuracy: 0.691998 Model
2021-03-10 20:18:34,312 DEBUG   Epoch 9 - Save Best Loss: 1.2526 Model
2021-03-10 21:14:51,662 DEBUG   Epoch 10 - avg_train_loss: 0.0644  avg_val_loss: 1.2344 F1: 0.590563  Accuracy: 0.695783 Recall@3: 0.854058 time: 3377s
2021-03-10 21:14:51,663 DEBUG   Epoch 10 - Save Best Accuracy: 0.695783 Model
2021-03-10 21:14:51,746 DEBUG   Epoch 10 - Save Best Loss: 1.2344 Model
2021-03-10 22:11:15,379 DEBUG   Epoch 11 - avg_train_loss: 0.0607  avg_val_loss: 1.2066 F1: 0.605335  Accuracy: 0.705988 Recall@3: 0.860681 time: 3384s
2021-03-10 22:11:15,380 DEBUG   Epoch 11 - Save Best Accuracy: 0.705988 Model
2021-03-10 22:11:15,477 DEBUG   Epoch 11 - Save Best Loss: 1.2066 Model
2021-03-10 23:07:24,360 DEBUG   Epoch 12 - avg_train_loss: 0.0579  avg_val_loss: 1.2057 F1: 0.609383  Accuracy: 0.708421 Recall@3: 0.861120 time: 3369s
2021-03-10 23:07:24,370 DEBUG   Epoch 12 - Save Best Accuracy: 0.708421 Model
2021-03-10 23:07:24,478 DEBUG   Epoch 12 - Save Best Loss: 1.2057 Model
2021-03-11 00:03:52,925 DEBUG   Epoch 13 - avg_train_loss: 0.0545  avg_val_loss: 1.2092 F1: 0.612776  Accuracy: 0.708117 Recall@3: 0.860715 time: 3388s
2021-03-11 01:00:32,886 DEBUG   Epoch 14 - avg_train_loss: 0.0525  avg_val_loss: 1.2121 F1: 0.615003  Accuracy: 0.709975 Recall@3: 0.863384 time: 3400s
2021-03-11 01:00:32,888 DEBUG   Epoch 14 - Save Best Accuracy: 0.709975 Model
2021-03-11 01:56:58,041 DEBUG   Epoch 15 - avg_train_loss: 0.0484  avg_val_loss: 1.1749 F1: 0.625045  Accuracy: 0.719538 Recall@3: 0.869332 time: 3385s
2021-03-11 01:56:58,042 DEBUG   Epoch 15 - Save Best Accuracy: 0.719538 Model
2021-03-11 01:56:58,161 DEBUG   Epoch 15 - Save Best Loss: 1.1749 Model
2021-03-11 02:53:33,226 DEBUG   Epoch 16 - avg_train_loss: 0.0459  avg_val_loss: 1.1694 F1: 0.620590  Accuracy: 0.719808 Recall@3: 0.869703 time: 3395s
2021-03-11 02:53:33,228 DEBUG   Epoch 16 - Save Best Accuracy: 0.719808 Model
2021-03-11 02:53:33,316 DEBUG   Epoch 16 - Save Best Loss: 1.1694 Model
2021-03-11 03:49:43,000 DEBUG   Epoch 17 - avg_train_loss: 0.0438  avg_val_loss: 1.1628 F1: 0.628192  Accuracy: 0.722782 Recall@3: 0.872204 time: 3370s
2021-03-11 03:49:43,001 DEBUG   Epoch 17 - Save Best Accuracy: 0.722782 Model
2021-03-11 03:49:43,093 DEBUG   Epoch 17 - Save Best Loss: 1.1628 Model
2021-03-11 04:46:09,977 DEBUG   Epoch 18 - avg_train_loss: 0.0420  avg_val_loss: 1.1703 F1: 0.632494  Accuracy: 0.725046 Recall@3: 0.872981 time: 3387s
2021-03-11 04:46:09,978 DEBUG   Epoch 18 - Save Best Accuracy: 0.725046 Model
2021-03-11 05:42:36,211 DEBUG   Epoch 19 - avg_train_loss: 0.0402  avg_val_loss: 1.2145 F1: 0.626908  Accuracy: 0.718389 Recall@3: 0.868014 time: 3386s
2021-03-11 06:38:30,596 DEBUG   Epoch 20 - avg_train_loss: 0.0372  avg_val_loss: 1.1800 F1: 0.637936  Accuracy: 0.727377 Recall@3: 0.872711 time: 3354s
2021-03-11 06:38:30,598 DEBUG   Epoch 20 - Save Best Accuracy: 0.727377 Model
2021-03-11 07:34:48,346 DEBUG   Epoch 21 - avg_train_loss: 0.0353  avg_val_loss: 1.1901 F1: 0.635293  Accuracy: 0.725721 Recall@3: 0.871494 time: 3378s
2021-03-11 08:30:52,946 DEBUG   Epoch 22 - avg_train_loss: 0.0327  avg_val_loss: 1.1904 F1: 0.639779  Accuracy: 0.731905 Recall@3: 0.874434 time: 3365s
2021-03-11 08:30:52,948 DEBUG   Epoch 22 - Save Best Accuracy: 0.731905 Model
2021-03-11 09:27:21,500 DEBUG   Epoch 23 - avg_train_loss: 0.0312  avg_val_loss: 1.2033 F1: 0.641919  Accuracy: 0.732209 Recall@3: 0.875245 time: 3388s
2021-03-11 09:27:21,501 DEBUG   Epoch 23 - Save Best Accuracy: 0.732209 Model
2021-03-11 10:23:37,533 DEBUG   Epoch 24 - avg_train_loss: 0.0293  avg_val_loss: 1.2017 F1: 0.646593  Accuracy: 0.733831 Recall@3: 0.875786 time: 3376s
2021-03-11 10:23:37,534 DEBUG   Epoch 24 - Save Best Accuracy: 0.733831 Model
2021-03-11 11:19:54,224 DEBUG   Epoch 25 - avg_train_loss: 0.0285  avg_val_loss: 1.2019 F1: 0.645676  Accuracy: 0.735521 Recall@3: 0.878658 time: 3377s
2021-03-11 11:19:54,226 DEBUG   Epoch 25 - Save Best Accuracy: 0.735521 Model
2021-03-11 12:15:56,675 DEBUG   Epoch 26 - avg_train_loss: 0.0263  avg_val_loss: 1.1977 F1: 0.650444  Accuracy: 0.738021 Recall@3: 0.879908 time: 3362s
2021-03-11 12:15:56,677 DEBUG   Epoch 26 - Save Best Accuracy: 0.738021 Model
2021-03-11 13:11:59,179 DEBUG   Epoch 27 - avg_train_loss: 0.0253  avg_val_loss: 1.2109 F1: 0.647762  Accuracy: 0.735656 Recall@3: 0.877813 time: 3362s
2021-03-11 14:08:09,447 DEBUG   Epoch 28 - avg_train_loss: 0.0239  avg_val_loss: 1.1812 F1: 0.654122  Accuracy: 0.740015 Recall@3: 0.882240 time: 3370s
2021-03-11 14:08:09,450 DEBUG   Epoch 28 - Save Best Accuracy: 0.740015 Model
2021-03-11 15:04:28,838 DEBUG   Epoch 29 - avg_train_loss: 0.0228  avg_val_loss: 1.2277 F1: 0.649978  Accuracy: 0.737582 Recall@3: 0.877779 time: 3378s
2021-03-11 16:00:58,713 DEBUG   Epoch 30 - avg_train_loss: 0.0216  avg_val_loss: 1.2215 F1: 0.651276  Accuracy: 0.739440 Recall@3: 0.880550 time: 3390s
2021-03-11 16:57:15,265 DEBUG   Epoch 31 - avg_train_loss: 0.0206  avg_val_loss: 1.2237 F1: 0.656044  Accuracy: 0.742448 Recall@3: 0.880820 time: 3377s
2021-03-11 16:57:15,266 DEBUG   Epoch 31 - Save Best Accuracy: 0.742448 Model
2021-03-11 17:53:20,595 DEBUG   Epoch 32 - avg_train_loss: 0.0198  avg_val_loss: 1.2289 F1: 0.656068  Accuracy: 0.743259 Recall@3: 0.881294 time: 3365s
2021-03-11 17:53:20,596 DEBUG   Epoch 32 - Save Best Accuracy: 0.743259 Model
2021-03-11 18:49:30,569 DEBUG   Epoch 33 - avg_train_loss: 0.0194  avg_val_loss: 1.2327 F1: 0.657797  Accuracy: 0.742380 Recall@3: 0.881226 time: 3370s
2021-03-11 19:45:59,683 DEBUG   Epoch 34 - avg_train_loss: 0.0178  avg_val_loss: 1.2327 F1: 0.661000  Accuracy: 0.745117 Recall@3: 0.882578 time: 3389s
2021-03-11 19:45:59,685 DEBUG   Epoch 34 - Save Best Accuracy: 0.745117 Model
2021-03-11 20:42:33,768 DEBUG   Epoch 35 - avg_train_loss: 0.0176  avg_val_loss: 1.2439 F1: 0.657983  Accuracy: 0.742414 Recall@3: 0.880483 time: 3394s
2021-03-11 21:41:38,454 DEBUG   Epoch 36 - avg_train_loss: 0.0168  avg_val_loss: 1.2476 F1: 0.662681  Accuracy: 0.745725 Recall@3: 0.882172 time: 3545s
2021-03-11 21:41:38,456 DEBUG   Epoch 36 - Save Best Accuracy: 0.745725 Model
2021-03-11 22:43:25,246 DEBUG   Epoch 37 - avg_train_loss: 0.0165  avg_val_loss: 1.2535 F1: 0.661183  Accuracy: 0.744070 Recall@3: 0.882307 time: 3707s
2021-03-11 23:45:47,351 DEBUG   Epoch 38 - avg_train_loss: 0.0159  avg_val_loss: 1.2595 F1: 0.660639  Accuracy: 0.746942 Recall@3: 0.883186 time: 3742s
2021-03-11 23:45:47,352 DEBUG   Epoch 38 - Save Best Accuracy: 0.746942 Model
2021-03-12 00:48:23,420 DEBUG   Epoch 39 - avg_train_loss: 0.0151  avg_val_loss: 1.2629 F1: 0.662204  Accuracy: 0.746401 Recall@3: 0.883051 time: 3756s
2021-03-12 01:50:58,872 DEBUG   Epoch 40 - avg_train_loss: 0.0147  avg_val_loss: 1.2637 F1: 0.659092  Accuracy: 0.744712 Recall@3: 0.883794 time: 3755s
2021-03-12 02:53:27,963 DEBUG   Epoch 41 - avg_train_loss: 0.0145  avg_val_loss: 1.2694 F1: 0.661540  Accuracy: 0.747043 Recall@3: 0.882983 time: 3749s
2021-03-12 02:53:27,964 DEBUG   Epoch 41 - Save Best Accuracy: 0.747043 Model
2021-03-12 03:55:41,619 DEBUG   Epoch 42 - avg_train_loss: 0.0137  avg_val_loss: 1.2604 F1: 0.663850  Accuracy: 0.747719 Recall@3: 0.884504 time: 3734s
2021-03-12 03:55:41,621 DEBUG   Epoch 42 - Save Best Accuracy: 0.747719 Model
2021-03-12 04:52:03,523 DEBUG   Epoch 43 - avg_train_loss: 0.0134  avg_val_loss: 1.2800 F1: 0.658238  Accuracy: 0.745219 Recall@3: 0.883659 time: 3382s
2021-03-12 05:48:57,557 DEBUG   Epoch 44 - avg_train_loss: 0.0132  avg_val_loss: 1.2718 F1: 0.662268  Accuracy: 0.747922 Recall@3: 0.885957 time: 3414s
2021-03-12 05:48:57,558 DEBUG   Epoch 44 - Save Best Accuracy: 0.747922 Model
2021-03-12 06:45:33,266 DEBUG   Epoch 45 - avg_train_loss: 0.0129  avg_val_loss: 1.2742 F1: 0.662613  Accuracy: 0.746232 Recall@3: 0.884402 time: 3396s
2021-03-12 07:42:00,736 DEBUG   Epoch 46 - avg_train_loss: 0.0126  avg_val_loss: 1.2864 F1: 0.660701  Accuracy: 0.747212 Recall@3: 0.884335 time: 3387s
2021-03-12 08:38:15,885 DEBUG   Epoch 47 - avg_train_loss: 0.0122  avg_val_loss: 1.2846 F1: 0.663068  Accuracy: 0.747787 Recall@3: 0.884132 time: 3375s
2021-03-12 09:34:18,080 DEBUG   Epoch 48 - avg_train_loss: 0.0119  avg_val_loss: 1.2870 F1: 0.664205  Accuracy: 0.748429 Recall@3: 0.883220 time: 3362s
2021-03-12 09:34:18,081 DEBUG   Epoch 48 - Save Best Accuracy: 0.748429 Model
2021-03-12 10:30:40,382 DEBUG   Epoch 49 - avg_train_loss: 0.0116  avg_val_loss: 1.2941 F1: 0.663114  Accuracy: 0.748260 Recall@3: 0.883895 time: 3382s
2021-03-12 11:27:01,365 DEBUG   Epoch 50 - avg_train_loss: 0.0115  avg_val_loss: 1.2861 F1: 0.663357  Accuracy: 0.748665 Recall@3: 0.885821 time: 3381s
2021-03-12 11:27:01,368 DEBUG   Epoch 50 - Save Best Accuracy: 0.748665 Model
2021-03-12 12:23:25,722 DEBUG   Epoch 51 - avg_train_loss: 0.0112  avg_val_loss: 1.2936 F1: 0.663509  Accuracy: 0.747618 Recall@3: 0.885416 time: 3384s
2021-03-12 13:19:50,975 DEBUG   Epoch 52 - avg_train_loss: 0.0110  avg_val_loss: 1.3027 F1: 0.665451  Accuracy: 0.748598 Recall@3: 0.885179 time: 3385s
2021-03-12 14:15:55,933 DEBUG   Epoch 53 - avg_train_loss: 0.0108  avg_val_loss: 1.2934 F1: 0.667285  Accuracy: 0.749679 Recall@3: 0.885788 time: 3365s
2021-03-12 14:15:55,934 DEBUG   Epoch 53 - Save Best Accuracy: 0.749679 Model
2021-03-12 15:12:07,819 DEBUG   Epoch 54 - avg_train_loss: 0.0108  avg_val_loss: 1.2951 F1: 0.665030  Accuracy: 0.748733 Recall@3: 0.885754 time: 3372s
2021-03-12 16:08:34,014 DEBUG   Epoch 55 - avg_train_loss: 0.0105  avg_val_loss: 1.2979 F1: 0.666782  Accuracy: 0.749037 Recall@3: 0.884977 time: 3386s
2021-03-12 17:04:55,909 DEBUG   Epoch 56 - avg_train_loss: 0.0103  avg_val_loss: 1.2926 F1: 0.666374  Accuracy: 0.748260 Recall@3: 0.886193 time: 3382s
2021-03-12 18:01:20,130 DEBUG   Epoch 57 - avg_train_loss: 0.0102  avg_val_loss: 1.3072 F1: 0.666237  Accuracy: 0.749307 Recall@3: 0.884977 time: 3384s
2021-03-12 18:57:51,833 DEBUG   Epoch 58 - avg_train_loss: 0.0101  avg_val_loss: 1.3018 F1: 0.664812  Accuracy: 0.748327 Recall@3: 0.885686 time: 3392s
2021-03-12 19:54:20,537 DEBUG   Epoch 59 - avg_train_loss: 0.0099  avg_val_loss: 1.2942 F1: 0.665582  Accuracy: 0.749240 Recall@3: 0.884875 time: 3389s
2021-03-12 20:50:56,790 DEBUG   Epoch 60 - avg_train_loss: 0.0098  avg_val_loss: 1.3010 F1: 0.667968  Accuracy: 0.750253 Recall@3: 0.885247 time: 3396s
2021-03-12 20:50:56,792 DEBUG   Epoch 60 - Save Best Accuracy: 0.750253 Model
2021-03-12 21:49:38,444 DEBUG   Epoch 61 - avg_train_loss: 0.0098  avg_val_loss: 1.2997 F1: 0.668160  Accuracy: 0.749949 Recall@3: 0.886430 time: 3522s
2021-03-12 22:49:05,846 DEBUG   Epoch 62 - avg_train_loss: 0.0096  avg_val_loss: 1.3009 F1: 0.669710  Accuracy: 0.751267 Recall@3: 0.886768 time: 3567s
2021-03-12 22:49:05,855 DEBUG   Epoch 62 - Save Best Accuracy: 0.751267 Model
2021-03-12 23:47:27,042 DEBUG   Epoch 63 - avg_train_loss: 0.0095  avg_val_loss: 1.3093 F1: 0.668134  Accuracy: 0.749679 Recall@3: 0.885855 time: 3501s
2021-03-13 00:44:40,568 DEBUG   Epoch 64 - avg_train_loss: 0.0094  avg_val_loss: 1.3020 F1: 0.668257  Accuracy: 0.749848 Recall@3: 0.886700 time: 3434s
2021-03-13 01:41:32,654 DEBUG   Epoch 65 - avg_train_loss: 0.0096  avg_val_loss: 1.3044 F1: 0.668758  Accuracy: 0.750591 Recall@3: 0.886463 time: 3412s
2021-03-13 02:38:24,913 DEBUG   Epoch 66 - avg_train_loss: 0.0094  avg_val_loss: 1.3080 F1: 0.667298  Accuracy: 0.750524 Recall@3: 0.885957 time: 3412s
2021-03-13 03:35:22,461 DEBUG   Epoch 67 - avg_train_loss: 0.0094  avg_val_loss: 1.3067 F1: 0.669224  Accuracy: 0.751504 Recall@3: 0.885686 time: 3418s
2021-03-13 03:35:22,463 DEBUG   Epoch 67 - Save Best Accuracy: 0.751504 Model
2021-03-13 04:32:16,553 DEBUG   Epoch 68 - avg_train_loss: 0.0091  avg_val_loss: 1.3059 F1: 0.671862  Accuracy: 0.751842 Recall@3: 0.886396 time: 3414s
2021-03-13 04:32:16,555 DEBUG   Epoch 68 - Save Best Accuracy: 0.751842 Model
2021-03-13 05:28:49,377 DEBUG   Epoch 69 - avg_train_loss: 0.0092  avg_val_loss: 1.3090 F1: 0.669680  Accuracy: 0.751233 Recall@3: 0.886869 time: 3393s
2021-03-13 06:25:32,299 DEBUG   Epoch 70 - avg_train_loss: 0.0091  avg_val_loss: 1.3115 F1: 0.670667  Accuracy: 0.751369 Recall@3: 0.886362 time: 3403s
2021-03-13 07:22:29,379 DEBUG   Epoch 71 - avg_train_loss: 0.0089  avg_val_loss: 1.3166 F1: 0.667772  Accuracy: 0.751200 Recall@3: 0.886159 time: 3417s
2021-03-13 08:19:30,539 DEBUG   Epoch 72 - avg_train_loss: 0.0088  avg_val_loss: 1.3151 F1: 0.669429  Accuracy: 0.750389 Recall@3: 0.887038 time: 3421s
2021-03-13 09:16:28,187 DEBUG   Epoch 73 - avg_train_loss: 0.0089  avg_val_loss: 1.3164 F1: 0.670700  Accuracy: 0.752348 Recall@3: 0.886396 time: 3418s
2021-03-13 09:16:28,190 DEBUG   Epoch 73 - Save Best Accuracy: 0.752348 Model
2021-03-13 10:13:02,175 DEBUG   Epoch 74 - avg_train_loss: 0.0087  avg_val_loss: 1.3162 F1: 0.669669  Accuracy: 0.751909 Recall@3: 0.886801 time: 3394s
2021-03-13 11:10:28,462 DEBUG   Epoch 75 - avg_train_loss: 0.0087  avg_val_loss: 1.3131 F1: 0.668883  Accuracy: 0.751605 Recall@3: 0.886835 time: 3446s
2021-03-13 12:07:38,626 DEBUG   Epoch 76 - avg_train_loss: 0.0088  avg_val_loss: 1.3155 F1: 0.669077  Accuracy: 0.751571 Recall@3: 0.886497 time: 3430s
2021-03-13 13:04:53,069 DEBUG   Epoch 77 - avg_train_loss: 0.0087  avg_val_loss: 1.3133 F1: 0.670046  Accuracy: 0.752585 Recall@3: 0.887579 time: 3434s
2021-03-13 13:04:53,074 DEBUG   Epoch 77 - Save Best Accuracy: 0.752585 Model
2021-03-13 14:01:54,822 DEBUG   Epoch 78 - avg_train_loss: 0.0087  avg_val_loss: 1.3134 F1: 0.669574  Accuracy: 0.752281 Recall@3: 0.887781 time: 3422s
2021-03-13 14:59:08,486 DEBUG   Epoch 79 - avg_train_loss: 0.0088  avg_val_loss: 1.3134 F1: 0.669826  Accuracy: 0.752044 Recall@3: 0.887342 time: 3434s
2021-03-13 15:56:20,043 DEBUG   Epoch 80 - avg_train_loss: 0.0087  avg_val_loss: 1.3182 F1: 0.668990  Accuracy: 0.751639 Recall@3: 0.887173 time: 3432s
2021-03-13 16:53:27,409 DEBUG   Epoch 81 - avg_train_loss: 0.0086  avg_val_loss: 1.3178 F1: 0.669754  Accuracy: 0.752653 Recall@3: 0.887274 time: 3427s
2021-03-13 16:53:27,411 DEBUG   Epoch 81 - Save Best Accuracy: 0.752653 Model
2021-03-13 17:50:30,180 DEBUG   Epoch 82 - avg_train_loss: 0.0086  avg_val_loss: 1.3151 F1: 0.667845  Accuracy: 0.750591 Recall@3: 0.887173 time: 3423s
2021-03-13 18:47:32,795 DEBUG   Epoch 83 - avg_train_loss: 0.0085  avg_val_loss: 1.3195 F1: 0.668464  Accuracy: 0.751909 Recall@3: 0.887173 time: 3423s
2021-03-13 19:44:36,995 DEBUG   Epoch 84 - avg_train_loss: 0.0085  avg_val_loss: 1.3085 F1: 0.670531  Accuracy: 0.752416 Recall@3: 0.886700 time: 3424s
2021-03-13 20:26:39,768 DEBUG   Epoch 85 - avg_train_loss: 0.0084  avg_val_loss: 1.3134 F1: 0.671042  Accuracy: 0.751808 Recall@3: 0.887274 time: 2523s
2021-03-13 21:08:40,303 DEBUG   Epoch 86 - avg_train_loss: 0.0082  avg_val_loss: 1.3139 F1: 0.668461  Accuracy: 0.752044 Recall@3: 0.887680 time: 2521s
2021-03-13 21:50:44,210 DEBUG   Epoch 87 - avg_train_loss: 0.0084  avg_val_loss: 1.3182 F1: 0.668910  Accuracy: 0.751031 Recall@3: 0.886565 time: 2524s
2021-03-13 22:32:46,499 DEBUG   Epoch 88 - avg_train_loss: 0.0084  avg_val_loss: 1.3178 F1: 0.669002  Accuracy: 0.751977 Recall@3: 0.887477 time: 2522s
2021-03-13 23:14:51,903 DEBUG   Epoch 89 - avg_train_loss: 0.0082  avg_val_loss: 1.3141 F1: 0.669778  Accuracy: 0.752416 Recall@3: 0.887105 time: 2525s
2021-03-13 23:56:49,121 DEBUG   Epoch 90 - avg_train_loss: 0.0082  avg_val_loss: 1.3193 F1: 0.669960  Accuracy: 0.751842 Recall@3: 0.887105 time: 2517s
2021-03-14 00:38:54,017 DEBUG   Epoch 91 - avg_train_loss: 0.0084  avg_val_loss: 1.3164 F1: 0.668323  Accuracy: 0.752044 Recall@3: 0.886768 time: 2525s
2021-03-14 01:20:55,337 DEBUG   Epoch 92 - avg_train_loss: 0.0082  avg_val_loss: 1.3114 F1: 0.669687  Accuracy: 0.752011 Recall@3: 0.886768 time: 2521s
2021-03-14 02:02:52,095 DEBUG   Epoch 93 - avg_train_loss: 0.0082  avg_val_loss: 1.3201 F1: 0.670206  Accuracy: 0.752416 Recall@3: 0.886666 time: 2517s
2021-03-14 02:44:51,525 DEBUG   Epoch 94 - avg_train_loss: 0.0081  avg_val_loss: 1.3182 F1: 0.670089  Accuracy: 0.752686 Recall@3: 0.886531 time: 2519s
2021-03-14 02:44:51,527 DEBUG   Epoch 94 - Save Best Accuracy: 0.752686 Model
2021-03-14 03:26:54,694 DEBUG   Epoch 95 - avg_train_loss: 0.0081  avg_val_loss: 1.3188 F1: 0.669089  Accuracy: 0.752484 Recall@3: 0.887241 time: 2523s
2021-03-14 04:08:53,261 DEBUG   Epoch 96 - avg_train_loss: 0.0080  avg_val_loss: 1.3136 F1: 0.669667  Accuracy: 0.751875 Recall@3: 0.887072 time: 2519s
2021-03-14 04:50:55,241 DEBUG   Epoch 97 - avg_train_loss: 0.0081  avg_val_loss: 1.3168 F1: 0.670161  Accuracy: 0.752517 Recall@3: 0.887207 time: 2522s
2021-03-14 05:32:56,752 DEBUG   Epoch 98 - avg_train_loss: 0.0081  avg_val_loss: 1.3190 F1: 0.669677  Accuracy: 0.752044 Recall@3: 0.886937 time: 2522s
2021-03-14 06:14:59,585 DEBUG   Epoch 99 - avg_train_loss: 0.0081  avg_val_loss: 1.3146 F1: 0.670513  Accuracy: 0.752213 Recall@3: 0.886565 time: 2523s
2021-03-14 06:56:57,967 DEBUG   Epoch 100 - avg_train_loss: 0.0079  avg_val_loss: 1.3203 F1: 0.670866  Accuracy: 0.752044 Recall@3: 0.886937 time: 2518s
2021-03-14 06:56:57,969 INFO [Train model] done in 327687 s.
