2021-06-07 11:45:52,310 INFO [Train model] start
2021-06-07 12:46:27,003 DEBUG   Epoch 1 - avg_train_loss: 0.2519  avg_val_loss: 2.3631 F1: 0.233609  Accuracy: 0.472224 Recall@3: 0.654829 time: 3633s
2021-06-07 12:46:27,004 DEBUG   Epoch 1 - Save Best Accuracy: 0.472224 Model
2021-06-07 12:46:27,068 DEBUG   Epoch 1 - Save Best Loss: 2.3631 Model
2021-06-07 13:46:52,406 DEBUG   Epoch 2 - avg_train_loss: 0.1459  avg_val_loss: 1.7867 F1: 0.380760  Accuracy: 0.573292 Recall@3: 0.755930 time: 3625s
2021-06-07 13:46:52,407 DEBUG   Epoch 2 - Save Best Accuracy: 0.573292 Model
2021-06-07 13:46:52,513 DEBUG   Epoch 2 - Save Best Loss: 1.7867 Model
2021-06-07 14:47:27,275 DEBUG   Epoch 3 - avg_train_loss: 0.1170  avg_val_loss: 1.5572 F1: 0.458232  Accuracy: 0.619754 Recall@3: 0.796817 time: 3635s
2021-06-07 14:47:27,276 DEBUG   Epoch 3 - Save Best Accuracy: 0.619754 Model
2021-06-07 14:47:27,337 DEBUG   Epoch 3 - Save Best Loss: 1.5572 Model
2021-06-07 15:48:34,266 DEBUG   Epoch 4 - avg_train_loss: 0.1019  avg_val_loss: 1.4516 F1: 0.507385  Accuracy: 0.645570 Recall@3: 0.814996 time: 3667s
2021-06-07 15:48:34,270 DEBUG   Epoch 4 - Save Best Accuracy: 0.645570 Model
2021-06-07 15:48:34,392 DEBUG   Epoch 4 - Save Best Loss: 1.4516 Model
2021-06-07 16:49:39,669 DEBUG   Epoch 5 - avg_train_loss: 0.0898  avg_val_loss: 1.3670 F1: 0.533696  Accuracy: 0.664087 Recall@3: 0.830810 time: 3665s
2021-06-07 16:49:39,672 DEBUG   Epoch 5 - Save Best Accuracy: 0.664087 Model
2021-06-07 16:49:39,777 DEBUG   Epoch 5 - Save Best Loss: 1.3670 Model
2021-06-07 17:50:18,376 DEBUG   Epoch 6 - avg_train_loss: 0.0831  avg_val_loss: 1.3262 F1: 0.550950  Accuracy: 0.672535 Recall@3: 0.835879 time: 3639s
2021-06-07 17:50:18,377 DEBUG   Epoch 6 - Save Best Accuracy: 0.672535 Model
2021-06-07 17:50:18,449 DEBUG   Epoch 6 - Save Best Loss: 1.3262 Model
2021-06-07 18:51:22,521 DEBUG   Epoch 7 - avg_train_loss: 0.0769  avg_val_loss: 1.3314 F1: 0.554646  Accuracy: 0.672670 Recall@3: 0.836926 time: 3664s
2021-06-07 18:51:22,523 DEBUG   Epoch 7 - Save Best Accuracy: 0.672670 Model
2021-06-07 19:52:31,565 DEBUG   Epoch 8 - avg_train_loss: 0.0714  avg_val_loss: 1.3106 F1: 0.566786  Accuracy: 0.679090 Recall@3: 0.840610 time: 3669s
2021-06-07 19:52:31,568 DEBUG   Epoch 8 - Save Best Accuracy: 0.679090 Model
2021-06-07 19:52:31,702 DEBUG   Epoch 8 - Save Best Loss: 1.3106 Model
2021-06-07 20:53:44,809 DEBUG   Epoch 9 - avg_train_loss: 0.0674  avg_val_loss: 1.2189 F1: 0.595147  Accuracy: 0.700176 Recall@3: 0.856424 time: 3673s
2021-06-07 20:53:44,813 DEBUG   Epoch 9 - Save Best Accuracy: 0.700176 Model
2021-06-07 20:53:44,915 DEBUG   Epoch 9 - Save Best Loss: 1.2189 Model
2021-06-07 21:54:49,790 DEBUG   Epoch 10 - avg_train_loss: 0.0636  avg_val_loss: 1.2256 F1: 0.591571  Accuracy: 0.697574 Recall@3: 0.853720 time: 3665s
2021-06-07 22:56:15,186 DEBUG   Epoch 11 - avg_train_loss: 0.0601  avg_val_loss: 1.1865 F1: 0.614857  Accuracy: 0.710752 Recall@3: 0.861864 time: 3685s
2021-06-07 22:56:15,187 DEBUG   Epoch 11 - Save Best Accuracy: 0.710752 Model
2021-06-07 22:56:15,282 DEBUG   Epoch 11 - Save Best Loss: 1.1865 Model
2021-06-07 23:57:32,243 DEBUG   Epoch 12 - avg_train_loss: 0.0566  avg_val_loss: 1.2018 F1: 0.606731  Accuracy: 0.708522 Recall@3: 0.861087 time: 3677s
2021-06-08 00:58:36,308 DEBUG   Epoch 13 - avg_train_loss: 0.0539  avg_val_loss: 1.1934 F1: 0.610859  Accuracy: 0.710549 Recall@3: 0.864635 time: 3664s
2021-06-08 01:59:33,469 DEBUG   Epoch 14 - avg_train_loss: 0.0495  avg_val_loss: 1.1770 F1: 0.618434  Accuracy: 0.717848 Recall@3: 0.866122 time: 3657s
2021-06-08 01:59:33,471 DEBUG   Epoch 14 - Save Best Accuracy: 0.717848 Model
2021-06-08 01:59:33,621 DEBUG   Epoch 14 - Save Best Loss: 1.1770 Model
2021-06-08 03:00:40,405 DEBUG   Epoch 15 - avg_train_loss: 0.0478  avg_val_loss: 1.1613 F1: 0.629037  Accuracy: 0.721869 Recall@3: 0.872440 time: 3667s
2021-06-08 03:00:40,410 DEBUG   Epoch 15 - Save Best Accuracy: 0.721869 Model
2021-06-08 03:00:40,507 DEBUG   Epoch 15 - Save Best Loss: 1.1613 Model
2021-06-08 04:01:53,668 DEBUG   Epoch 16 - avg_train_loss: 0.0458  avg_val_loss: 1.1766 F1: 0.626730  Accuracy: 0.722342 Recall@3: 0.869703 time: 3673s
2021-06-08 04:01:53,670 DEBUG   Epoch 16 - Save Best Accuracy: 0.722342 Model
2021-06-08 05:02:46,002 DEBUG   Epoch 17 - avg_train_loss: 0.0431  avg_val_loss: 1.1788 F1: 0.626188  Accuracy: 0.723660 Recall@3: 0.872542 time: 3652s
2021-06-08 05:02:46,003 DEBUG   Epoch 17 - Save Best Accuracy: 0.723660 Model
2021-06-08 06:03:53,449 DEBUG   Epoch 18 - avg_train_loss: 0.0409  avg_val_loss: 1.1731 F1: 0.639777  Accuracy: 0.729067 Recall@3: 0.873386 time: 3667s
2021-06-08 06:03:53,451 DEBUG   Epoch 18 - Save Best Accuracy: 0.729067 Model
2021-06-08 07:04:56,240 DEBUG   Epoch 19 - avg_train_loss: 0.0389  avg_val_loss: 1.1681 F1: 0.633502  Accuracy: 0.729337 Recall@3: 0.874806 time: 3663s
2021-06-08 07:04:56,241 DEBUG   Epoch 19 - Save Best Accuracy: 0.729337 Model
2021-06-08 08:05:56,485 DEBUG   Epoch 20 - avg_train_loss: 0.0358  avg_val_loss: 1.1732 F1: 0.642186  Accuracy: 0.733020 Recall@3: 0.877171 time: 3660s
2021-06-08 08:05:56,488 DEBUG   Epoch 20 - Save Best Accuracy: 0.733020 Model
2021-06-08 09:06:55,364 DEBUG   Epoch 21 - avg_train_loss: 0.0339  avg_val_loss: 1.1713 F1: 0.640291  Accuracy: 0.734169 Recall@3: 0.877171 time: 3659s
2021-06-08 09:06:55,366 DEBUG   Epoch 21 - Save Best Accuracy: 0.734169 Model
2021-06-08 10:07:31,796 DEBUG   Epoch 22 - avg_train_loss: 0.0320  avg_val_loss: 1.1643 F1: 0.644696  Accuracy: 0.735825 Recall@3: 0.878455 time: 3636s
2021-06-08 10:07:31,797 DEBUG   Epoch 22 - Save Best Accuracy: 0.735825 Model
2021-06-08 11:08:34,046 DEBUG   Epoch 23 - avg_train_loss: 0.0307  avg_val_loss: 1.1895 F1: 0.643558  Accuracy: 0.734912 Recall@3: 0.878083 time: 3662s
2021-06-08 12:09:41,378 DEBUG   Epoch 24 - avg_train_loss: 0.0288  avg_val_loss: 1.1746 F1: 0.651165  Accuracy: 0.741096 Recall@3: 0.880651 time: 3667s
2021-06-08 12:09:41,380 DEBUG   Epoch 24 - Save Best Accuracy: 0.741096 Model
2021-06-08 13:10:53,486 DEBUG   Epoch 25 - avg_train_loss: 0.0275  avg_val_loss: 1.2013 F1: 0.648873  Accuracy: 0.737075 Recall@3: 0.879030 time: 3672s
2021-06-08 14:11:43,518 DEBUG   Epoch 26 - avg_train_loss: 0.0258  avg_val_loss: 1.1798 F1: 0.652591  Accuracy: 0.742279 Recall@3: 0.880854 time: 3650s
2021-06-08 14:11:43,519 DEBUG   Epoch 26 - Save Best Accuracy: 0.742279 Model
2021-06-08 15:12:18,016 DEBUG   Epoch 27 - avg_train_loss: 0.0248  avg_val_loss: 1.1950 F1: 0.651251  Accuracy: 0.741840 Recall@3: 0.882848 time: 3634s
2021-06-08 16:13:07,826 DEBUG   Epoch 28 - avg_train_loss: 0.0234  avg_val_loss: 1.1978 F1: 0.653851  Accuracy: 0.742042 Recall@3: 0.881260 time: 3650s
2021-06-08 17:14:01,457 DEBUG   Epoch 29 - avg_train_loss: 0.0228  avg_val_loss: 1.2166 F1: 0.652808  Accuracy: 0.740758 Recall@3: 0.880212 time: 3654s
2021-06-08 18:14:59,089 DEBUG   Epoch 30 - avg_train_loss: 0.0215  avg_val_loss: 1.2165 F1: 0.652720  Accuracy: 0.742245 Recall@3: 0.882882 time: 3658s
2021-06-08 19:15:49,296 DEBUG   Epoch 31 - avg_train_loss: 0.0211  avg_val_loss: 1.2043 F1: 0.656274  Accuracy: 0.745252 Recall@3: 0.883422 time: 3650s
2021-06-08 19:15:49,298 DEBUG   Epoch 31 - Save Best Accuracy: 0.745252 Model
2021-06-08 20:16:38,901 DEBUG   Epoch 32 - avg_train_loss: 0.0196  avg_val_loss: 1.2128 F1: 0.656725  Accuracy: 0.746063 Recall@3: 0.884571 time: 3649s
2021-06-08 20:16:38,913 DEBUG   Epoch 32 - Save Best Accuracy: 0.746063 Model
2021-06-08 21:17:14,813 DEBUG   Epoch 33 - avg_train_loss: 0.0191  avg_val_loss: 1.2343 F1: 0.654928  Accuracy: 0.743766 Recall@3: 0.882104 time: 3636s
2021-06-08 22:17:41,082 DEBUG   Epoch 34 - avg_train_loss: 0.0182  avg_val_loss: 1.2281 F1: 0.659204  Accuracy: 0.745793 Recall@3: 0.885382 time: 3626s
2021-06-08 23:18:11,085 DEBUG   Epoch 35 - avg_train_loss: 0.0177  avg_val_loss: 1.2316 F1: 0.661583  Accuracy: 0.747753 Recall@3: 0.883220 time: 3630s
2021-06-08 23:18:11,086 DEBUG   Epoch 35 - Save Best Accuracy: 0.747753 Model
2021-06-09 00:18:47,196 DEBUG   Epoch 36 - avg_train_loss: 0.0171  avg_val_loss: 1.2417 F1: 0.662716  Accuracy: 0.747922 Recall@3: 0.884335 time: 3636s
2021-06-09 00:18:47,197 DEBUG   Epoch 36 - Save Best Accuracy: 0.747922 Model
2021-06-09 01:19:50,440 DEBUG   Epoch 37 - avg_train_loss: 0.0165  avg_val_loss: 1.2445 F1: 0.660717  Accuracy: 0.747314 Recall@3: 0.882983 time: 3663s
2021-06-09 02:20:30,179 DEBUG   Epoch 38 - avg_train_loss: 0.0163  avg_val_loss: 1.2476 F1: 0.661652  Accuracy: 0.747178 Recall@3: 0.884875 time: 3640s
2021-06-09 03:21:37,592 DEBUG   Epoch 39 - avg_train_loss: 0.0157  avg_val_loss: 1.2476 F1: 0.657893  Accuracy: 0.746638 Recall@3: 0.883152 time: 3667s
2021-06-09 04:22:40,288 DEBUG   Epoch 40 - avg_train_loss: 0.0150  avg_val_loss: 1.2555 F1: 0.663203  Accuracy: 0.749341 Recall@3: 0.885179 time: 3663s
2021-06-09 04:22:40,290 DEBUG   Epoch 40 - Save Best Accuracy: 0.749341 Model
2021-06-09 05:23:37,303 DEBUG   Epoch 41 - avg_train_loss: 0.0146  avg_val_loss: 1.2552 F1: 0.661183  Accuracy: 0.748327 Recall@3: 0.885889 time: 3657s
2021-06-09 06:24:26,108 DEBUG   Epoch 42 - avg_train_loss: 0.0141  avg_val_loss: 1.2546 F1: 0.663940  Accuracy: 0.749611 Recall@3: 0.885315 time: 3649s
2021-06-09 06:24:26,110 DEBUG   Epoch 42 - Save Best Accuracy: 0.749611 Model
2021-06-09 07:25:34,641 DEBUG   Epoch 43 - avg_train_loss: 0.0140  avg_val_loss: 1.2567 F1: 0.662614  Accuracy: 0.750625 Recall@3: 0.885416 time: 3668s
2021-06-09 07:25:34,643 DEBUG   Epoch 43 - Save Best Accuracy: 0.750625 Model
2021-06-09 08:26:41,692 DEBUG   Epoch 44 - avg_train_loss: 0.0132  avg_val_loss: 1.2612 F1: 0.665986  Accuracy: 0.751740 Recall@3: 0.885652 time: 3667s
2021-06-09 08:26:41,695 DEBUG   Epoch 44 - Save Best Accuracy: 0.751740 Model
2021-06-09 09:27:36,616 DEBUG   Epoch 45 - avg_train_loss: 0.0135  avg_val_loss: 1.2649 F1: 0.664407  Accuracy: 0.750693 Recall@3: 0.885315 time: 3655s
2021-06-09 10:28:35,125 DEBUG   Epoch 46 - avg_train_loss: 0.0130  avg_val_loss: 1.2786 F1: 0.665417  Accuracy: 0.751301 Recall@3: 0.885686 time: 3659s
2021-06-09 11:29:32,287 DEBUG   Epoch 47 - avg_train_loss: 0.0128  avg_val_loss: 1.2726 F1: 0.662158  Accuracy: 0.749544 Recall@3: 0.885450 time: 3657s
2021-06-09 12:29:50,694 DEBUG   Epoch 48 - avg_train_loss: 0.0124  avg_val_loss: 1.2722 F1: 0.667680  Accuracy: 0.752011 Recall@3: 0.886700 time: 3618s
2021-06-09 12:29:50,696 DEBUG   Epoch 48 - Save Best Accuracy: 0.752011 Model
2021-06-09 13:30:43,505 DEBUG   Epoch 49 - avg_train_loss: 0.0124  avg_val_loss: 1.2732 F1: 0.664624  Accuracy: 0.750760 Recall@3: 0.885517 time: 3653s
2021-06-09 14:31:26,399 DEBUG   Epoch 50 - avg_train_loss: 0.0119  avg_val_loss: 1.2783 F1: 0.665959  Accuracy: 0.751233 Recall@3: 0.886463 time: 3643s
2021-06-09 15:32:24,103 DEBUG   Epoch 51 - avg_train_loss: 0.0117  avg_val_loss: 1.2766 F1: 0.667647  Accuracy: 0.751977 Recall@3: 0.884673 time: 3658s
2021-06-09 16:33:14,240 DEBUG   Epoch 52 - avg_train_loss: 0.0116  avg_val_loss: 1.2712 F1: 0.668811  Accuracy: 0.752179 Recall@3: 0.886599 time: 3650s
2021-06-09 16:33:14,262 DEBUG   Epoch 52 - Save Best Accuracy: 0.752179 Model
2021-06-09 17:33:46,680 DEBUG   Epoch 53 - avg_train_loss: 0.0113  avg_val_loss: 1.2729 F1: 0.666785  Accuracy: 0.752484 Recall@3: 0.886159 time: 3632s
2021-06-09 17:33:46,681 DEBUG   Epoch 53 - Save Best Accuracy: 0.752484 Model
2021-06-09 18:34:49,586 DEBUG   Epoch 54 - avg_train_loss: 0.0112  avg_val_loss: 1.2783 F1: 0.667690  Accuracy: 0.751470 Recall@3: 0.886497 time: 3663s
2021-06-09 19:36:00,417 DEBUG   Epoch 55 - avg_train_loss: 0.0111  avg_val_loss: 1.2886 F1: 0.668040  Accuracy: 0.751808 Recall@3: 0.885247 time: 3671s
2021-06-09 20:37:05,206 DEBUG   Epoch 56 - avg_train_loss: 0.0108  avg_val_loss: 1.2869 F1: 0.668462  Accuracy: 0.752484 Recall@3: 0.885686 time: 3665s
2021-06-09 21:38:00,572 DEBUG   Epoch 57 - avg_train_loss: 0.0109  avg_val_loss: 1.2847 F1: 0.669237  Accuracy: 0.753464 Recall@3: 0.886362 time: 3655s
2021-06-09 21:38:00,575 DEBUG   Epoch 57 - Save Best Accuracy: 0.753464 Model
2021-06-09 22:38:26,608 DEBUG   Epoch 58 - avg_train_loss: 0.0106  avg_val_loss: 1.2887 F1: 0.669063  Accuracy: 0.752585 Recall@3: 0.886768 time: 3626s
2021-06-09 23:39:28,207 DEBUG   Epoch 59 - avg_train_loss: 0.0107  avg_val_loss: 1.2889 F1: 0.668302  Accuracy: 0.753734 Recall@3: 0.886768 time: 3662s
2021-06-09 23:39:28,208 DEBUG   Epoch 59 - Save Best Accuracy: 0.753734 Model
2021-06-10 00:40:32,912 DEBUG   Epoch 60 - avg_train_loss: 0.0104  avg_val_loss: 1.2834 F1: 0.667441  Accuracy: 0.752179 Recall@3: 0.885416 time: 3665s
2021-06-10 01:41:35,116 DEBUG   Epoch 61 - avg_train_loss: 0.0104  avg_val_loss: 1.2868 F1: 0.669541  Accuracy: 0.753126 Recall@3: 0.886632 time: 3662s
2021-06-10 02:42:34,651 DEBUG   Epoch 62 - avg_train_loss: 0.0103  avg_val_loss: 1.2918 F1: 0.667772  Accuracy: 0.751943 Recall@3: 0.886531 time: 3660s
2021-06-10 03:43:36,810 DEBUG   Epoch 63 - avg_train_loss: 0.0102  avg_val_loss: 1.2892 F1: 0.669378  Accuracy: 0.752889 Recall@3: 0.887004 time: 3662s
2021-06-10 04:44:21,442 DEBUG   Epoch 64 - avg_train_loss: 0.0098  avg_val_loss: 1.2953 F1: 0.667760  Accuracy: 0.752720 Recall@3: 0.886869 time: 3645s
2021-06-10 05:45:01,384 DEBUG   Epoch 65 - avg_train_loss: 0.0101  avg_val_loss: 1.2942 F1: 0.668619  Accuracy: 0.752484 Recall@3: 0.886497 time: 3640s
2021-06-10 06:45:22,972 DEBUG   Epoch 66 - avg_train_loss: 0.0099  avg_val_loss: 1.2930 F1: 0.669114  Accuracy: 0.752822 Recall@3: 0.887781 time: 3622s
2021-06-10 07:45:54,640 DEBUG   Epoch 67 - avg_train_loss: 0.0098  avg_val_loss: 1.2959 F1: 0.668884  Accuracy: 0.752889 Recall@3: 0.885923 time: 3632s
2021-06-10 08:46:31,564 DEBUG   Epoch 68 - avg_train_loss: 0.0099  avg_val_loss: 1.2902 F1: 0.669061  Accuracy: 0.753497 Recall@3: 0.887173 time: 3637s
2021-06-10 09:42:18,385 DEBUG   Epoch 69 - avg_train_loss: 0.0098  avg_val_loss: 1.3007 F1: 0.669563  Accuracy: 0.754443 Recall@3: 0.887038 time: 3347s
2021-06-10 09:42:18,386 DEBUG   Epoch 69 - Save Best Accuracy: 0.754443 Model
2021-06-10 10:36:59,407 DEBUG   Epoch 70 - avg_train_loss: 0.0095  avg_val_loss: 1.3099 F1: 0.667813  Accuracy: 0.752551 Recall@3: 0.885990 time: 3281s
2021-06-10 11:31:32,749 DEBUG   Epoch 71 - avg_train_loss: 0.0095  avg_val_loss: 1.2993 F1: 0.669879  Accuracy: 0.753328 Recall@3: 0.887072 time: 3273s
2021-06-10 12:26:00,851 DEBUG   Epoch 72 - avg_train_loss: 0.0095  avg_val_loss: 1.3025 F1: 0.666527  Accuracy: 0.752686 Recall@3: 0.887038 time: 3268s
2021-06-10 13:20:29,022 DEBUG   Epoch 73 - avg_train_loss: 0.0094  avg_val_loss: 1.3043 F1: 0.669944  Accuracy: 0.753531 Recall@3: 0.886531 time: 3268s
2021-06-10 14:14:58,057 DEBUG   Epoch 74 - avg_train_loss: 0.0094  avg_val_loss: 1.3005 F1: 0.669987  Accuracy: 0.753869 Recall@3: 0.887680 time: 3269s
2021-06-10 15:09:24,839 DEBUG   Epoch 75 - avg_train_loss: 0.0094  avg_val_loss: 1.3028 F1: 0.667120  Accuracy: 0.753159 Recall@3: 0.887038 time: 3267s
2021-06-10 16:03:51,424 DEBUG   Epoch 76 - avg_train_loss: 0.0091  avg_val_loss: 1.2989 F1: 0.669203  Accuracy: 0.753531 Recall@3: 0.887105 time: 3267s
2021-06-10 16:57:42,425 DEBUG   Epoch 77 - avg_train_loss: 0.0093  avg_val_loss: 1.3009 F1: 0.669277  Accuracy: 0.753126 Recall@3: 0.887274 time: 3231s
2021-06-10 17:50:47,974 DEBUG   Epoch 78 - avg_train_loss: 0.0093  avg_val_loss: 1.3045 F1: 0.668104  Accuracy: 0.752517 Recall@3: 0.885889 time: 3186s
2021-06-10 18:43:56,586 DEBUG   Epoch 79 - avg_train_loss: 0.0093  avg_val_loss: 1.3035 F1: 0.669764  Accuracy: 0.754342 Recall@3: 0.887004 time: 3189s
2021-06-10 19:37:01,553 DEBUG   Epoch 80 - avg_train_loss: 0.0091  avg_val_loss: 1.3060 F1: 0.667865  Accuracy: 0.753632 Recall@3: 0.886937 time: 3185s
2021-06-10 20:30:06,060 DEBUG   Epoch 81 - avg_train_loss: 0.0091  avg_val_loss: 1.3022 F1: 0.671131  Accuracy: 0.754443 Recall@3: 0.886632 time: 3185s
2021-06-10 21:23:10,737 DEBUG   Epoch 82 - avg_train_loss: 0.0088  avg_val_loss: 1.3034 F1: 0.670043  Accuracy: 0.753937 Recall@3: 0.886666 time: 3185s
2021-06-10 22:16:15,744 DEBUG   Epoch 83 - avg_train_loss: 0.0091  avg_val_loss: 1.3055 F1: 0.669026  Accuracy: 0.754275 Recall@3: 0.886970 time: 3185s
2021-06-10 23:09:20,248 DEBUG   Epoch 84 - avg_train_loss: 0.0091  avg_val_loss: 1.3052 F1: 0.668779  Accuracy: 0.753362 Recall@3: 0.887038 time: 3185s
2021-06-11 00:02:24,740 DEBUG   Epoch 85 - avg_train_loss: 0.0089  avg_val_loss: 1.3034 F1: 0.671907  Accuracy: 0.754917 Recall@3: 0.887410 time: 3184s
2021-06-11 00:02:24,741 DEBUG   Epoch 85 - Save Best Accuracy: 0.754917 Model
2021-06-11 00:55:28,504 DEBUG   Epoch 86 - avg_train_loss: 0.0088  avg_val_loss: 1.3023 F1: 0.670363  Accuracy: 0.754004 Recall@3: 0.887173 time: 3184s
2021-06-11 01:48:31,281 DEBUG   Epoch 87 - avg_train_loss: 0.0088  avg_val_loss: 1.2968 F1: 0.669514  Accuracy: 0.753903 Recall@3: 0.887038 time: 3183s
2021-06-11 02:41:35,044 DEBUG   Epoch 88 - avg_train_loss: 0.0089  avg_val_loss: 1.3086 F1: 0.670302  Accuracy: 0.754004 Recall@3: 0.886768 time: 3184s
2021-06-11 03:34:38,102 DEBUG   Epoch 89 - avg_train_loss: 0.0089  avg_val_loss: 1.3078 F1: 0.671109  Accuracy: 0.754579 Recall@3: 0.886937 time: 3183s
2021-06-11 04:27:41,834 DEBUG   Epoch 90 - avg_train_loss: 0.0087  avg_val_loss: 1.3077 F1: 0.670458  Accuracy: 0.753700 Recall@3: 0.886666 time: 3184s
2021-06-11 05:20:44,569 DEBUG   Epoch 91 - avg_train_loss: 0.0088  avg_val_loss: 1.3090 F1: 0.669396  Accuracy: 0.753531 Recall@3: 0.886599 time: 3183s
2021-06-11 06:13:46,074 DEBUG   Epoch 92 - avg_train_loss: 0.0087  avg_val_loss: 1.3080 F1: 0.670723  Accuracy: 0.753768 Recall@3: 0.886835 time: 3182s
2021-06-11 07:06:46,392 DEBUG   Epoch 93 - avg_train_loss: 0.0088  avg_val_loss: 1.3066 F1: 0.670300  Accuracy: 0.753835 Recall@3: 0.886565 time: 3180s
2021-06-11 07:59:48,810 DEBUG   Epoch 94 - avg_train_loss: 0.0088  avg_val_loss: 1.3067 F1: 0.671280  Accuracy: 0.753937 Recall@3: 0.886903 time: 3182s
2021-06-11 08:52:50,918 DEBUG   Epoch 95 - avg_train_loss: 0.0089  avg_val_loss: 1.3087 F1: 0.672722  Accuracy: 0.754612 Recall@3: 0.887139 time: 3182s
2021-06-11 09:45:53,797 DEBUG   Epoch 96 - avg_train_loss: 0.0087  avg_val_loss: 1.3069 F1: 0.668674  Accuracy: 0.753193 Recall@3: 0.887274 time: 3183s
2021-06-11 10:38:54,593 DEBUG   Epoch 97 - avg_train_loss: 0.0089  avg_val_loss: 1.3045 F1: 0.670455  Accuracy: 0.754376 Recall@3: 0.887714 time: 3181s
2021-06-11 11:31:55,466 DEBUG   Epoch 98 - avg_train_loss: 0.0088  avg_val_loss: 1.3089 F1: 0.671443  Accuracy: 0.754477 Recall@3: 0.887308 time: 3181s
2021-06-11 12:24:56,070 DEBUG   Epoch 99 - avg_train_loss: 0.0086  avg_val_loss: 1.3066 F1: 0.670710  Accuracy: 0.754038 Recall@3: 0.887443 time: 3181s
2021-06-11 13:17:57,905 DEBUG   Epoch 100 - avg_train_loss: 0.0087  avg_val_loss: 1.3126 F1: 0.669771  Accuracy: 0.753464 Recall@3: 0.886700 time: 3182s
2021-06-11 13:17:57,906 INFO [Train model] done in 351126 s.
