2021-06-13 19:27:54,889 INFO [Train model] start
2021-06-13 20:18:47,724 DEBUG   Epoch 1 - avg_train_loss: 0.8791  avg_val_loss: 2.0038 F1: 0.302268  Accuracy: 0.529668 Recall@3: 0.721836 time: 3052s
2021-06-13 20:18:47,725 DEBUG   Epoch 1 - Save Best Accuracy: 0.529668 Model
2021-06-13 20:18:47,818 DEBUG   Epoch 1 - Save Best Loss: 2.0038 Model
2021-06-13 21:09:20,050 DEBUG   Epoch 2 - avg_train_loss: 0.4824  avg_val_loss: 1.5541 F1: 0.447527  Accuracy: 0.619788 Recall@3: 0.797222 time: 3032s
2021-06-13 21:09:20,051 DEBUG   Epoch 2 - Save Best Accuracy: 0.619788 Model
2021-06-13 21:09:20,178 DEBUG   Epoch 2 - Save Best Loss: 1.5541 Model
2021-06-13 21:59:58,356 DEBUG   Epoch 3 - avg_train_loss: 0.3791  avg_val_loss: 1.3603 F1: 0.520209  Accuracy: 0.662296 Recall@3: 0.829763 time: 3038s
2021-06-13 21:59:58,357 DEBUG   Epoch 3 - Save Best Accuracy: 0.662296 Model
2021-06-13 21:59:58,480 DEBUG   Epoch 3 - Save Best Loss: 1.3603 Model
2021-06-13 22:50:36,484 DEBUG   Epoch 4 - avg_train_loss: 0.3240  avg_val_loss: 1.2589 F1: 0.555711  Accuracy: 0.683652 Recall@3: 0.846422 time: 3038s
2021-06-13 22:50:36,485 DEBUG   Epoch 4 - Save Best Accuracy: 0.683652 Model
2021-06-13 22:50:36,607 DEBUG   Epoch 4 - Save Best Loss: 1.2589 Model
2021-06-13 23:41:16,366 DEBUG   Epoch 5 - avg_train_loss: 0.2838  avg_val_loss: 1.1884 F1: 0.580514  Accuracy: 0.700581 Recall@3: 0.856491 time: 3040s
2021-06-13 23:41:16,368 DEBUG   Epoch 5 - Save Best Accuracy: 0.700581 Model
2021-06-13 23:41:16,498 DEBUG   Epoch 5 - Save Best Loss: 1.1884 Model
2021-06-14 00:31:59,436 DEBUG   Epoch 6 - avg_train_loss: 0.2554  avg_val_loss: 1.1662 F1: 0.597073  Accuracy: 0.705075 Recall@3: 0.864195 time: 3043s
2021-06-14 00:31:59,437 DEBUG   Epoch 6 - Save Best Accuracy: 0.705075 Model
2021-06-14 00:31:59,557 DEBUG   Epoch 6 - Save Best Loss: 1.1662 Model
2021-06-14 01:22:42,731 DEBUG   Epoch 7 - avg_train_loss: 0.2336  avg_val_loss: 1.1505 F1: 0.604855  Accuracy: 0.709401 Recall@3: 0.866764 time: 3043s
2021-06-14 01:22:42,732 DEBUG   Epoch 7 - Save Best Accuracy: 0.709401 Model
2021-06-14 01:22:42,856 DEBUG   Epoch 7 - Save Best Loss: 1.1505 Model
2021-06-14 02:13:25,699 DEBUG   Epoch 8 - avg_train_loss: 0.2123  avg_val_loss: 1.1268 F1: 0.615482  Accuracy: 0.719538 Recall@3: 0.868014 time: 3043s
2021-06-14 02:13:25,700 DEBUG   Epoch 8 - Save Best Accuracy: 0.719538 Model
2021-06-14 02:13:25,823 DEBUG   Epoch 8 - Save Best Loss: 1.1268 Model
2021-06-14 03:04:08,228 DEBUG   Epoch 9 - avg_train_loss: 0.1957  avg_val_loss: 1.1111 F1: 0.625741  Accuracy: 0.723998 Recall@3: 0.872001 time: 3042s
2021-06-14 03:04:08,229 DEBUG   Epoch 9 - Save Best Accuracy: 0.723998 Model
2021-06-14 03:04:08,371 DEBUG   Epoch 9 - Save Best Loss: 1.1111 Model
2021-06-14 03:54:52,853 DEBUG   Epoch 10 - avg_train_loss: 0.1810  avg_val_loss: 1.0680 F1: 0.635868  Accuracy: 0.734879 Recall@3: 0.879097 time: 3044s
2021-06-14 03:54:52,855 DEBUG   Epoch 10 - Save Best Accuracy: 0.734879 Model
2021-06-14 03:54:52,979 DEBUG   Epoch 10 - Save Best Loss: 1.0680 Model
2021-06-14 04:45:34,562 DEBUG   Epoch 11 - avg_train_loss: 0.1678  avg_val_loss: 1.0999 F1: 0.633435  Accuracy: 0.730182 Recall@3: 0.878556 time: 3041s
2021-06-14 05:36:18,491 DEBUG   Epoch 12 - avg_train_loss: 0.1541  avg_val_loss: 1.0977 F1: 0.636093  Accuracy: 0.730824 Recall@3: 0.881057 time: 3044s
2021-06-14 06:27:01,636 DEBUG   Epoch 13 - avg_train_loss: 0.1373  avg_val_loss: 1.0811 F1: 0.645132  Accuracy: 0.738731 Recall@3: 0.883456 time: 3043s
2021-06-14 06:27:01,638 DEBUG   Epoch 13 - Save Best Accuracy: 0.738731 Model
2021-06-14 07:17:43,818 DEBUG   Epoch 14 - avg_train_loss: 0.1262  avg_val_loss: 1.0809 F1: 0.649482  Accuracy: 0.740995 Recall@3: 0.885788 time: 3042s
2021-06-14 07:17:43,819 DEBUG   Epoch 14 - Save Best Accuracy: 0.740995 Model
2021-06-14 08:08:24,965 DEBUG   Epoch 15 - avg_train_loss: 0.1122  avg_val_loss: 1.0914 F1: 0.654037  Accuracy: 0.742921 Recall@3: 0.886396 time: 3041s
2021-06-14 08:08:24,966 DEBUG   Epoch 15 - Save Best Accuracy: 0.742921 Model
2021-06-14 08:59:10,514 DEBUG   Epoch 16 - avg_train_loss: 0.1027  avg_val_loss: 1.0755 F1: 0.661346  Accuracy: 0.750287 Recall@3: 0.889032 time: 3045s
2021-06-14 08:59:10,515 DEBUG   Epoch 16 - Save Best Accuracy: 0.750287 Model
2021-06-14 09:49:56,961 DEBUG   Epoch 17 - avg_train_loss: 0.0922  avg_val_loss: 1.1102 F1: 0.654758  Accuracy: 0.743901 Recall@3: 0.884774 time: 3046s
2021-06-14 10:40:40,205 DEBUG   Epoch 18 - avg_train_loss: 0.0858  avg_val_loss: 1.0761 F1: 0.664796  Accuracy: 0.751335 Recall@3: 0.892208 time: 3043s
2021-06-14 10:40:40,207 DEBUG   Epoch 18 - Save Best Accuracy: 0.751335 Model
2021-06-14 11:31:22,290 DEBUG   Epoch 19 - avg_train_loss: 0.0758  avg_val_loss: 1.0870 F1: 0.666354  Accuracy: 0.753464 Recall@3: 0.891059 time: 3042s
2021-06-14 11:31:22,291 DEBUG   Epoch 19 - Save Best Accuracy: 0.753464 Model
2021-06-14 12:22:04,729 DEBUG   Epoch 20 - avg_train_loss: 0.0708  avg_val_loss: 1.1058 F1: 0.667781  Accuracy: 0.752720 Recall@3: 0.890316 time: 3042s
2021-06-14 13:12:45,789 DEBUG   Epoch 21 - avg_train_loss: 0.0631  avg_val_loss: 1.1149 F1: 0.673206  Accuracy: 0.757991 Recall@3: 0.891667 time: 3041s
2021-06-14 13:12:45,790 DEBUG   Epoch 21 - Save Best Accuracy: 0.757991 Model
2021-06-14 14:03:26,219 DEBUG   Epoch 22 - avg_train_loss: 0.0586  avg_val_loss: 1.1313 F1: 0.673142  Accuracy: 0.755525 Recall@3: 0.892039 time: 3040s
2021-06-14 14:54:09,191 DEBUG   Epoch 23 - avg_train_loss: 0.0532  avg_val_loss: 1.1268 F1: 0.679441  Accuracy: 0.760053 Recall@3: 0.894134 time: 3043s
2021-06-14 14:54:09,192 DEBUG   Epoch 23 - Save Best Accuracy: 0.760053 Model
2021-06-14 15:44:52,078 DEBUG   Epoch 24 - avg_train_loss: 0.0499  avg_val_loss: 1.1443 F1: 0.672986  Accuracy: 0.757586 Recall@3: 0.892647 time: 3043s
2021-06-14 16:35:32,069 DEBUG   Epoch 25 - avg_train_loss: 0.0448  avg_val_loss: 1.1435 F1: 0.681171  Accuracy: 0.760931 Recall@3: 0.893424 time: 3040s
2021-06-14 16:35:32,070 DEBUG   Epoch 25 - Save Best Accuracy: 0.760931 Model
2021-06-14 17:26:14,687 DEBUG   Epoch 26 - avg_train_loss: 0.0424  avg_val_loss: 1.1535 F1: 0.678565  Accuracy: 0.760357 Recall@3: 0.893830 time: 3042s
2021-06-14 18:16:55,353 DEBUG   Epoch 27 - avg_train_loss: 0.0388  avg_val_loss: 1.1616 F1: 0.680153  Accuracy: 0.762824 Recall@3: 0.894979 time: 3041s
2021-06-14 18:16:55,354 DEBUG   Epoch 27 - Save Best Accuracy: 0.762824 Model
2021-06-14 19:07:36,688 DEBUG   Epoch 28 - avg_train_loss: 0.0366  avg_val_loss: 1.1735 F1: 0.681153  Accuracy: 0.762215 Recall@3: 0.895350 time: 3041s
2021-06-14 19:58:20,719 DEBUG   Epoch 29 - avg_train_loss: 0.0341  avg_val_loss: 1.1626 F1: 0.685491  Accuracy: 0.766980 Recall@3: 0.896263 time: 3044s
2021-06-14 19:58:20,720 DEBUG   Epoch 29 - Save Best Accuracy: 0.766980 Model
2021-06-14 20:49:03,695 DEBUG   Epoch 30 - avg_train_loss: 0.0321  avg_val_loss: 1.1700 F1: 0.681786  Accuracy: 0.763702 Recall@3: 0.895959 time: 3043s
2021-06-14 21:39:43,875 DEBUG   Epoch 31 - avg_train_loss: 0.0298  avg_val_loss: 1.1778 F1: 0.688899  Accuracy: 0.767419 Recall@3: 0.895283 time: 3040s
2021-06-14 21:39:43,876 DEBUG   Epoch 31 - Save Best Accuracy: 0.767419 Model
2021-06-14 22:30:24,901 DEBUG   Epoch 32 - avg_train_loss: 0.0284  avg_val_loss: 1.1821 F1: 0.686546  Accuracy: 0.767014 Recall@3: 0.895587 time: 3041s
2021-06-14 23:21:04,948 DEBUG   Epoch 33 - avg_train_loss: 0.0270  avg_val_loss: 1.1789 F1: 0.688855  Accuracy: 0.767588 Recall@3: 0.897141 time: 3040s
2021-06-14 23:21:04,949 DEBUG   Epoch 33 - Save Best Accuracy: 0.767588 Model
2021-06-15 00:11:42,665 DEBUG   Epoch 34 - avg_train_loss: 0.0256  avg_val_loss: 1.1922 F1: 0.687289  Accuracy: 0.768433 Recall@3: 0.897648 time: 3038s
2021-06-15 00:11:42,666 DEBUG   Epoch 34 - Save Best Accuracy: 0.768433 Model
2021-06-15 01:02:23,040 DEBUG   Epoch 35 - avg_train_loss: 0.0239  avg_val_loss: 1.1861 F1: 0.685816  Accuracy: 0.768771 Recall@3: 0.898628 time: 3040s
2021-06-15 01:02:23,041 DEBUG   Epoch 35 - Save Best Accuracy: 0.768771 Model
2021-06-15 01:53:02,686 DEBUG   Epoch 36 - avg_train_loss: 0.0236  avg_val_loss: 1.2006 F1: 0.686457  Accuracy: 0.767926 Recall@3: 0.897412 time: 3040s
2021-06-15 02:43:43,114 DEBUG   Epoch 37 - avg_train_loss: 0.0225  avg_val_loss: 1.1963 F1: 0.688342  Accuracy: 0.768906 Recall@3: 0.898189 time: 3040s
2021-06-15 02:43:43,115 DEBUG   Epoch 37 - Save Best Accuracy: 0.768906 Model
2021-06-15 03:34:23,923 DEBUG   Epoch 38 - avg_train_loss: 0.0215  avg_val_loss: 1.1969 F1: 0.688774  Accuracy: 0.768973 Recall@3: 0.898121 time: 3041s
2021-06-15 03:34:23,923 DEBUG   Epoch 38 - Save Best Accuracy: 0.768973 Model
2021-06-15 04:25:05,380 DEBUG   Epoch 39 - avg_train_loss: 0.0204  avg_val_loss: 1.1991 F1: 0.692825  Accuracy: 0.771440 Recall@3: 0.900115 time: 3041s
2021-06-15 04:25:05,381 DEBUG   Epoch 39 - Save Best Accuracy: 0.771440 Model
2021-06-15 05:15:47,429 DEBUG   Epoch 40 - avg_train_loss: 0.0203  avg_val_loss: 1.2028 F1: 0.692470  Accuracy: 0.771710 Recall@3: 0.898729 time: 3042s
2021-06-15 05:15:47,430 DEBUG   Epoch 40 - Save Best Accuracy: 0.771710 Model
2021-06-15 06:06:29,759 DEBUG   Epoch 41 - avg_train_loss: 0.0193  avg_val_loss: 1.1993 F1: 0.690552  Accuracy: 0.771744 Recall@3: 0.899169 time: 3042s
2021-06-15 06:06:29,760 DEBUG   Epoch 41 - Save Best Accuracy: 0.771744 Model
2021-06-15 06:57:08,947 DEBUG   Epoch 42 - avg_train_loss: 0.0186  avg_val_loss: 1.2090 F1: 0.694985  Accuracy: 0.773839 Recall@3: 0.898121 time: 3039s
2021-06-15 06:57:08,948 DEBUG   Epoch 42 - Save Best Accuracy: 0.773839 Model
2021-06-15 07:47:50,823 DEBUG   Epoch 43 - avg_train_loss: 0.0179  avg_val_loss: 1.2136 F1: 0.689435  Accuracy: 0.771913 Recall@3: 0.898966 time: 3042s
2021-06-15 08:38:32,696 DEBUG   Epoch 44 - avg_train_loss: 0.0179  avg_val_loss: 1.2124 F1: 0.691942  Accuracy: 0.772724 Recall@3: 0.899574 time: 3042s
2021-06-15 09:29:14,244 DEBUG   Epoch 45 - avg_train_loss: 0.0173  avg_val_loss: 1.2089 F1: 0.693386  Accuracy: 0.772319 Recall@3: 0.899473 time: 3042s
2021-06-15 10:19:54,297 DEBUG   Epoch 46 - avg_train_loss: 0.0170  avg_val_loss: 1.2137 F1: 0.691540  Accuracy: 0.771643 Recall@3: 0.899067 time: 3040s
2021-06-15 11:10:35,587 DEBUG   Epoch 47 - avg_train_loss: 0.0166  avg_val_loss: 1.2140 F1: 0.692649  Accuracy: 0.772386 Recall@3: 0.899608 time: 3041s
2021-06-15 12:01:14,111 DEBUG   Epoch 48 - avg_train_loss: 0.0163  avg_val_loss: 1.2143 F1: 0.693336  Accuracy: 0.773332 Recall@3: 0.899439 time: 3039s
2021-06-15 12:51:54,219 DEBUG   Epoch 49 - avg_train_loss: 0.0156  avg_val_loss: 1.2183 F1: 0.692253  Accuracy: 0.772386 Recall@3: 0.898797 time: 3040s
2021-06-15 13:42:33,302 DEBUG   Epoch 50 - avg_train_loss: 0.0156  avg_val_loss: 1.2149 F1: 0.692484  Accuracy: 0.772623 Recall@3: 0.899574 time: 3039s
2021-06-15 14:33:21,597 DEBUG   Epoch 51 - avg_train_loss: 0.0153  avg_val_loss: 1.2206 F1: 0.692495  Accuracy: 0.772927 Recall@3: 0.899236 time: 3048s
2021-06-15 15:24:01,221 DEBUG   Epoch 52 - avg_train_loss: 0.0149  avg_val_loss: 1.2200 F1: 0.694732  Accuracy: 0.773704 Recall@3: 0.899135 time: 3040s
2021-06-15 16:14:42,470 DEBUG   Epoch 53 - avg_train_loss: 0.0143  avg_val_loss: 1.2191 F1: 0.696077  Accuracy: 0.773839 Recall@3: 0.901298 time: 3041s
2021-06-15 17:05:23,636 DEBUG   Epoch 54 - avg_train_loss: 0.0143  avg_val_loss: 1.2206 F1: 0.694665  Accuracy: 0.773434 Recall@3: 0.899845 time: 3041s
2021-06-15 17:56:05,135 DEBUG   Epoch 55 - avg_train_loss: 0.0143  avg_val_loss: 1.2238 F1: 0.695039  Accuracy: 0.773806 Recall@3: 0.900014 time: 3041s
2021-06-15 18:46:45,783 DEBUG   Epoch 56 - avg_train_loss: 0.0138  avg_val_loss: 1.2224 F1: 0.694039  Accuracy: 0.773941 Recall@3: 0.899912 time: 3041s
2021-06-15 18:46:45,784 DEBUG   Epoch 56 - Save Best Accuracy: 0.773941 Model
2021-06-15 19:37:27,101 DEBUG   Epoch 57 - avg_train_loss: 0.0139  avg_val_loss: 1.2214 F1: 0.694818  Accuracy: 0.774616 Recall@3: 0.900250 time: 3041s
2021-06-15 19:37:27,102 DEBUG   Epoch 57 - Save Best Accuracy: 0.774616 Model
2021-06-15 20:28:10,113 DEBUG   Epoch 58 - avg_train_loss: 0.0134  avg_val_loss: 1.2252 F1: 0.696617  Accuracy: 0.774515 Recall@3: 0.901129 time: 3043s
2021-06-15 21:18:51,739 DEBUG   Epoch 59 - avg_train_loss: 0.0136  avg_val_loss: 1.2232 F1: 0.697029  Accuracy: 0.774515 Recall@3: 0.900656 time: 3042s
2021-06-15 22:09:33,597 DEBUG   Epoch 60 - avg_train_loss: 0.0132  avg_val_loss: 1.2242 F1: 0.696618  Accuracy: 0.775765 Recall@3: 0.899878 time: 3042s
2021-06-15 22:09:33,598 DEBUG   Epoch 60 - Save Best Accuracy: 0.775765 Model
2021-06-15 23:00:13,883 DEBUG   Epoch 61 - avg_train_loss: 0.0132  avg_val_loss: 1.2247 F1: 0.698200  Accuracy: 0.777016 Recall@3: 0.899946 time: 3040s
2021-06-15 23:00:13,884 DEBUG   Epoch 61 - Save Best Accuracy: 0.777016 Model
2021-06-15 23:50:58,345 DEBUG   Epoch 62 - avg_train_loss: 0.0131  avg_val_loss: 1.2270 F1: 0.696914  Accuracy: 0.775630 Recall@3: 0.899608 time: 3044s
2021-06-16 00:41:40,530 DEBUG   Epoch 63 - avg_train_loss: 0.0128  avg_val_loss: 1.2268 F1: 0.696603  Accuracy: 0.775360 Recall@3: 0.900284 time: 3042s
2021-06-16 01:32:21,839 DEBUG   Epoch 64 - avg_train_loss: 0.0128  avg_val_loss: 1.2247 F1: 0.697622  Accuracy: 0.776272 Recall@3: 0.900182 time: 3041s
2021-06-16 02:23:01,005 DEBUG   Epoch 65 - avg_train_loss: 0.0126  avg_val_loss: 1.2235 F1: 0.696958  Accuracy: 0.776306 Recall@3: 0.900487 time: 3039s
2021-06-16 03:13:42,110 DEBUG   Epoch 66 - avg_train_loss: 0.0129  avg_val_loss: 1.2337 F1: 0.697222  Accuracy: 0.775732 Recall@3: 0.900081 time: 3041s
2021-06-16 04:04:24,283 DEBUG   Epoch 67 - avg_train_loss: 0.0125  avg_val_loss: 1.2280 F1: 0.697345  Accuracy: 0.776103 Recall@3: 0.900858 time: 3042s
2021-06-16 04:55:05,442 DEBUG   Epoch 68 - avg_train_loss: 0.0125  avg_val_loss: 1.2288 F1: 0.698187  Accuracy: 0.776272 Recall@3: 0.900115 time: 3041s
2021-06-16 05:45:44,460 DEBUG   Epoch 69 - avg_train_loss: 0.0121  avg_val_loss: 1.2354 F1: 0.698027  Accuracy: 0.775630 Recall@3: 0.900520 time: 3039s
2021-06-16 06:36:27,867 DEBUG   Epoch 70 - avg_train_loss: 0.0121  avg_val_loss: 1.2306 F1: 0.697781  Accuracy: 0.776205 Recall@3: 0.900318 time: 3043s
2021-06-16 07:27:10,498 DEBUG   Epoch 71 - avg_train_loss: 0.0124  avg_val_loss: 1.2307 F1: 0.698778  Accuracy: 0.776711 Recall@3: 0.900250 time: 3043s
2021-06-16 08:17:51,261 DEBUG   Epoch 72 - avg_train_loss: 0.0121  avg_val_loss: 1.2287 F1: 0.699554  Accuracy: 0.777286 Recall@3: 0.900351 time: 3041s
2021-06-16 08:17:51,262 DEBUG   Epoch 72 - Save Best Accuracy: 0.777286 Model
2021-06-16 09:08:33,658 DEBUG   Epoch 73 - avg_train_loss: 0.0118  avg_val_loss: 1.2342 F1: 0.699077  Accuracy: 0.776137 Recall@3: 0.899777 time: 3042s
2021-06-16 09:59:16,483 DEBUG   Epoch 74 - avg_train_loss: 0.0119  avg_val_loss: 1.2309 F1: 0.698945  Accuracy: 0.776576 Recall@3: 0.899946 time: 3043s
2021-06-16 10:49:59,752 DEBUG   Epoch 75 - avg_train_loss: 0.0119  avg_val_loss: 1.2338 F1: 0.699025  Accuracy: 0.775596 Recall@3: 0.900554 time: 3043s
2021-06-16 11:40:41,181 DEBUG   Epoch 76 - avg_train_loss: 0.0117  avg_val_loss: 1.2330 F1: 0.697653  Accuracy: 0.775934 Recall@3: 0.900993 time: 3041s
2021-06-16 12:31:22,658 DEBUG   Epoch 77 - avg_train_loss: 0.0118  avg_val_loss: 1.2340 F1: 0.697350  Accuracy: 0.775461 Recall@3: 0.899709 time: 3041s
2021-06-16 13:22:04,973 DEBUG   Epoch 78 - avg_train_loss: 0.0116  avg_val_loss: 1.2360 F1: 0.698209  Accuracy: 0.775495 Recall@3: 0.900656 time: 3042s
2021-06-16 14:12:46,133 DEBUG   Epoch 79 - avg_train_loss: 0.0113  avg_val_loss: 1.2357 F1: 0.698699  Accuracy: 0.776374 Recall@3: 0.900453 time: 3041s
2021-06-16 15:03:29,569 DEBUG   Epoch 80 - avg_train_loss: 0.0116  avg_val_loss: 1.2352 F1: 0.699580  Accuracy: 0.776982 Recall@3: 0.900081 time: 3043s
2021-06-16 15:54:13,526 DEBUG   Epoch 81 - avg_train_loss: 0.0115  avg_val_loss: 1.2345 F1: 0.698364  Accuracy: 0.776475 Recall@3: 0.900047 time: 3044s
2021-06-16 16:44:54,932 DEBUG   Epoch 82 - avg_train_loss: 0.0114  avg_val_loss: 1.2384 F1: 0.698646  Accuracy: 0.776238 Recall@3: 0.900487 time: 3041s
2021-06-16 17:35:37,554 DEBUG   Epoch 83 - avg_train_loss: 0.0116  avg_val_loss: 1.2369 F1: 0.698177  Accuracy: 0.776069 Recall@3: 0.900926 time: 3043s
2021-06-16 18:26:15,436 DEBUG   Epoch 84 - avg_train_loss: 0.0117  avg_val_loss: 1.2389 F1: 0.698915  Accuracy: 0.776069 Recall@3: 0.900858 time: 3038s
2021-06-16 19:16:54,516 DEBUG   Epoch 85 - avg_train_loss: 0.0115  avg_val_loss: 1.2344 F1: 0.699314  Accuracy: 0.776137 Recall@3: 0.901061 time: 3039s
2021-06-16 20:07:32,383 DEBUG   Epoch 86 - avg_train_loss: 0.0115  avg_val_loss: 1.2391 F1: 0.698641  Accuracy: 0.776036 Recall@3: 0.900351 time: 3038s
2021-06-16 20:58:11,143 DEBUG   Epoch 87 - avg_train_loss: 0.0115  avg_val_loss: 1.2362 F1: 0.698672  Accuracy: 0.776407 Recall@3: 0.900419 time: 3039s
2021-06-16 21:48:50,393 DEBUG   Epoch 88 - avg_train_loss: 0.0115  avg_val_loss: 1.2338 F1: 0.699632  Accuracy: 0.776576 Recall@3: 0.900791 time: 3039s
2021-06-16 22:39:32,271 DEBUG   Epoch 89 - avg_train_loss: 0.0112  avg_val_loss: 1.2362 F1: 0.698688  Accuracy: 0.776306 Recall@3: 0.900757 time: 3042s
2021-06-16 23:30:13,488 DEBUG   Epoch 90 - avg_train_loss: 0.0112  avg_val_loss: 1.2378 F1: 0.698519  Accuracy: 0.775461 Recall@3: 0.900351 time: 3041s
2021-06-17 00:20:51,565 DEBUG   Epoch 91 - avg_train_loss: 0.0114  avg_val_loss: 1.2353 F1: 0.700538  Accuracy: 0.777151 Recall@3: 0.900149 time: 3038s
2021-06-17 01:11:31,218 DEBUG   Epoch 92 - avg_train_loss: 0.0111  avg_val_loss: 1.2389 F1: 0.700094  Accuracy: 0.776711 Recall@3: 0.900453 time: 3040s
2021-06-17 02:02:12,935 DEBUG   Epoch 93 - avg_train_loss: 0.0112  avg_val_loss: 1.2391 F1: 0.698847  Accuracy: 0.775461 Recall@3: 0.900047 time: 3042s
2021-06-17 02:52:54,600 DEBUG   Epoch 94 - avg_train_loss: 0.0111  avg_val_loss: 1.2414 F1: 0.698671  Accuracy: 0.775563 Recall@3: 0.900351 time: 3042s
2021-06-17 03:43:34,338 DEBUG   Epoch 95 - avg_train_loss: 0.0112  avg_val_loss: 1.2368 F1: 0.700210  Accuracy: 0.776948 Recall@3: 0.900656 time: 3040s
2021-06-17 04:34:13,986 DEBUG   Epoch 96 - avg_train_loss: 0.0114  avg_val_loss: 1.2379 F1: 0.698920  Accuracy: 0.776610 Recall@3: 0.900284 time: 3040s
2021-06-17 05:24:54,350 DEBUG   Epoch 97 - avg_train_loss: 0.0112  avg_val_loss: 1.2387 F1: 0.699538  Accuracy: 0.776238 Recall@3: 0.900824 time: 3040s
2021-06-17 06:15:32,041 DEBUG   Epoch 98 - avg_train_loss: 0.0111  avg_val_loss: 1.2369 F1: 0.698966  Accuracy: 0.775901 Recall@3: 0.900385 time: 3038s
2021-06-17 07:06:09,501 DEBUG   Epoch 99 - avg_train_loss: 0.0110  avg_val_loss: 1.2410 F1: 0.698292  Accuracy: 0.775698 Recall@3: 0.900791 time: 3037s
2021-06-17 07:56:47,675 DEBUG   Epoch 100 - avg_train_loss: 0.0112  avg_val_loss: 1.2379 F1: 0.699111  Accuracy: 0.775934 Recall@3: 0.900689 time: 3038s
2021-06-17 07:56:47,676 INFO [Train model] done in 304133 s.
