2021-05-27 09:44:45,607 INFO [Train model] start
2021-05-27 10:17:54,071 DEBUG   Epoch 1 - avg_train_loss: 3.7593  avg_val_loss: 2.4784 F1: 0.241963  Accuracy: 0.442319 Recall@3: 0.636041 time: 1987s
2021-05-27 10:17:54,072 DEBUG   Epoch 1 - Save Best Accuracy: 0.442319 Model
2021-05-27 10:17:54,130 DEBUG   Epoch 1 - Save Best Loss: 2.4784 Model
2021-05-27 10:55:55,019 DEBUG   Epoch 2 - avg_train_loss: 2.2378  avg_val_loss: 2.0415 F1: 0.359336  Accuracy: 0.519396 Recall@3: 0.712847 time: 2281s
2021-05-27 10:55:55,023 DEBUG   Epoch 2 - Save Best Accuracy: 0.519396 Model
2021-05-27 10:55:55,095 DEBUG   Epoch 2 - Save Best Loss: 2.0415 Model
2021-05-27 11:34:32,401 DEBUG   Epoch 3 - avg_train_loss: 1.8398  avg_val_loss: 1.8123 F1: 0.420871  Accuracy: 0.566399 Recall@3: 0.751842 time: 2317s
2021-05-27 11:34:32,414 DEBUG   Epoch 3 - Save Best Accuracy: 0.566399 Model
2021-05-27 11:34:32,586 DEBUG   Epoch 3 - Save Best Loss: 1.8123 Model
2021-05-27 12:14:09,783 DEBUG   Epoch 4 - avg_train_loss: 1.6100  avg_val_loss: 1.7410 F1: 0.448572  Accuracy: 0.579036 Recall@3: 0.762452 time: 2377s
2021-05-27 12:14:09,784 DEBUG   Epoch 4 - Save Best Accuracy: 0.579036 Model
2021-05-27 12:14:09,857 DEBUG   Epoch 4 - Save Best Loss: 1.7410 Model
2021-05-27 12:53:42,767 DEBUG   Epoch 5 - avg_train_loss: 1.4500  avg_val_loss: 1.6588 F1: 0.473655  Accuracy: 0.599277 Recall@3: 0.780057 time: 2373s
2021-05-27 12:53:42,770 DEBUG   Epoch 5 - Save Best Accuracy: 0.599277 Model
2021-05-27 12:53:42,862 DEBUG   Epoch 5 - Save Best Loss: 1.6588 Model
2021-05-27 13:32:55,434 DEBUG   Epoch 6 - avg_train_loss: 1.3280  avg_val_loss: 1.5457 F1: 0.509640  Accuracy: 0.623809 Recall@3: 0.799182 time: 2352s
2021-05-27 13:32:55,442 DEBUG   Epoch 6 - Save Best Accuracy: 0.623809 Model
2021-05-27 13:32:55,520 DEBUG   Epoch 6 - Save Best Loss: 1.5457 Model
2021-05-27 14:11:37,893 DEBUG   Epoch 7 - avg_train_loss: 1.2244  avg_val_loss: 1.5143 F1: 0.518341  Accuracy: 0.628945 Recall@3: 0.804048 time: 2322s
2021-05-27 14:11:37,896 DEBUG   Epoch 7 - Save Best Accuracy: 0.628945 Model
2021-05-27 14:11:37,974 DEBUG   Epoch 7 - Save Best Loss: 1.5143 Model
2021-05-27 14:50:46,287 DEBUG   Epoch 8 - avg_train_loss: 1.1361  avg_val_loss: 1.5275 F1: 0.522407  Accuracy: 0.630499 Recall@3: 0.803710 time: 2348s
2021-05-27 14:50:46,289 DEBUG   Epoch 8 - Save Best Accuracy: 0.630499 Model
2021-05-27 15:29:25,012 DEBUG   Epoch 9 - avg_train_loss: 1.0615  avg_val_loss: 1.5152 F1: 0.525903  Accuracy: 0.633236 Recall@3: 0.809421 time: 2319s
2021-05-27 15:29:25,014 DEBUG   Epoch 9 - Save Best Accuracy: 0.633236 Model
2021-05-27 16:07:58,123 DEBUG   Epoch 10 - avg_train_loss: 0.9608  avg_val_loss: 1.4789 F1: 0.535472  Accuracy: 0.643306 Recall@3: 0.812699 time: 2313s
2021-05-27 16:07:58,125 DEBUG   Epoch 10 - Save Best Accuracy: 0.643306 Model
2021-05-27 16:07:58,237 DEBUG   Epoch 10 - Save Best Loss: 1.4789 Model
2021-05-27 16:47:11,953 DEBUG   Epoch 11 - avg_train_loss: 0.9006  avg_val_loss: 1.4406 F1: 0.550418  Accuracy: 0.653409 Recall@3: 0.822971 time: 2354s
2021-05-27 16:47:11,954 DEBUG   Epoch 11 - Save Best Accuracy: 0.653409 Model
2021-05-27 16:47:12,051 DEBUG   Epoch 11 - Save Best Loss: 1.4406 Model
2021-05-27 17:26:56,146 DEBUG   Epoch 12 - avg_train_loss: 0.8488  avg_val_loss: 1.4734 F1: 0.546965  Accuracy: 0.648882 Recall@3: 0.819693 time: 2384s
2021-05-27 18:06:09,546 DEBUG   Epoch 13 - avg_train_loss: 0.8002  avg_val_loss: 1.4607 F1: 0.547370  Accuracy: 0.652362 Recall@3: 0.820572 time: 2353s
2021-05-27 18:45:58,684 DEBUG   Epoch 14 - avg_train_loss: 0.7247  avg_val_loss: 1.4290 F1: 0.561682  Accuracy: 0.664222 Recall@3: 0.829290 time: 2389s
2021-05-27 18:45:58,685 DEBUG   Epoch 14 - Save Best Accuracy: 0.664222 Model
2021-05-27 18:45:58,738 DEBUG   Epoch 14 - Save Best Loss: 1.4290 Model
2021-05-27 19:26:07,852 DEBUG   Epoch 15 - avg_train_loss: 0.6849  avg_val_loss: 1.4290 F1: 0.560967  Accuracy: 0.661114 Recall@3: 0.828039 time: 2409s
2021-05-27 19:26:07,854 DEBUG   Epoch 15 - Save Best Loss: 1.4290 Model
2021-05-27 20:05:28,666 DEBUG   Epoch 16 - avg_train_loss: 0.6494  avg_val_loss: 1.4587 F1: 0.565020  Accuracy: 0.660911 Recall@3: 0.827938 time: 2361s
2021-05-27 20:37:09,326 DEBUG   Epoch 17 - avg_train_loss: 0.5906  avg_val_loss: 1.3926 F1: 0.579261  Accuracy: 0.674056 Recall@3: 0.838278 time: 1901s
2021-05-27 20:37:09,327 DEBUG   Epoch 17 - Save Best Accuracy: 0.674056 Model
2021-05-27 20:37:09,388 DEBUG   Epoch 17 - Save Best Loss: 1.3926 Model
2021-05-27 21:04:25,391 DEBUG   Epoch 18 - avg_train_loss: 0.5610  avg_val_loss: 1.4331 F1: 0.574820  Accuracy: 0.671927 Recall@3: 0.832398 time: 1636s
2021-05-27 21:31:36,487 DEBUG   Epoch 19 - avg_train_loss: 0.5309  avg_val_loss: 1.4388 F1: 0.572216  Accuracy: 0.668413 Recall@3: 0.833987 time: 1631s
2021-05-27 21:58:46,960 DEBUG   Epoch 20 - avg_train_loss: 0.4892  avg_val_loss: 1.4276 F1: 0.578641  Accuracy: 0.676320 Recall@3: 0.839157 time: 1630s
2021-05-27 21:58:46,961 DEBUG   Epoch 20 - Save Best Accuracy: 0.676320 Model
2021-05-27 22:26:12,263 DEBUG   Epoch 21 - avg_train_loss: 0.4614  avg_val_loss: 1.4337 F1: 0.584078  Accuracy: 0.678279 Recall@3: 0.838785 time: 1645s
2021-05-27 22:26:12,265 DEBUG   Epoch 21 - Save Best Accuracy: 0.678279 Model
2021-05-27 22:53:34,464 DEBUG   Epoch 22 - avg_train_loss: 0.4247  avg_val_loss: 1.4336 F1: 0.589533  Accuracy: 0.680205 Recall@3: 0.840711 time: 1642s
2021-05-27 22:53:34,465 DEBUG   Epoch 22 - Save Best Accuracy: 0.680205 Model
2021-05-27 23:20:53,809 DEBUG   Epoch 23 - avg_train_loss: 0.4028  avg_val_loss: 1.4439 F1: 0.584569  Accuracy: 0.679530 Recall@3: 0.839900 time: 1639s
2021-05-27 23:48:07,268 DEBUG   Epoch 24 - avg_train_loss: 0.3696  avg_val_loss: 1.4462 F1: 0.591433  Accuracy: 0.682233 Recall@3: 0.843651 time: 1633s
2021-05-27 23:48:07,269 DEBUG   Epoch 24 - Save Best Accuracy: 0.682233 Model
2021-05-28 00:15:32,716 DEBUG   Epoch 25 - avg_train_loss: 0.3558  avg_val_loss: 1.4698 F1: 0.588723  Accuracy: 0.679158 Recall@3: 0.839021 time: 1645s
2021-05-28 00:42:55,411 DEBUG   Epoch 26 - avg_train_loss: 0.3255  avg_val_loss: 1.4469 F1: 0.593685  Accuracy: 0.686592 Recall@3: 0.844225 time: 1643s
2021-05-28 00:42:55,413 DEBUG   Epoch 26 - Save Best Accuracy: 0.686592 Model
2021-05-28 01:10:16,294 DEBUG   Epoch 27 - avg_train_loss: 0.3125  avg_val_loss: 1.4532 F1: 0.595195  Accuracy: 0.687842 Recall@3: 0.844867 time: 1641s
2021-05-28 01:10:16,296 DEBUG   Epoch 27 - Save Best Accuracy: 0.687842 Model
2021-05-28 01:37:25,744 DEBUG   Epoch 28 - avg_train_loss: 0.2920  avg_val_loss: 1.4470 F1: 0.597635  Accuracy: 0.690343 Recall@3: 0.845205 time: 1629s
2021-05-28 01:37:25,746 DEBUG   Epoch 28 - Save Best Accuracy: 0.690343 Model
2021-05-28 02:04:53,772 DEBUG   Epoch 29 - avg_train_loss: 0.2816  avg_val_loss: 1.4816 F1: 0.594960  Accuracy: 0.689059 Recall@3: 0.844293 time: 1648s
2021-05-28 02:32:12,739 DEBUG   Epoch 30 - avg_train_loss: 0.2622  avg_val_loss: 1.4616 F1: 0.599369  Accuracy: 0.689295 Recall@3: 0.845611 time: 1639s
2021-05-28 02:59:30,180 DEBUG   Epoch 31 - avg_train_loss: 0.2547  avg_val_loss: 1.4776 F1: 0.598993  Accuracy: 0.689734 Recall@3: 0.843820 time: 1637s
2021-05-28 03:26:58,737 DEBUG   Epoch 32 - avg_train_loss: 0.2383  avg_val_loss: 1.4707 F1: 0.602645  Accuracy: 0.694668 Recall@3: 0.847773 time: 1649s
2021-05-28 03:26:58,749 DEBUG   Epoch 32 - Save Best Accuracy: 0.694668 Model
2021-05-28 03:54:17,253 DEBUG   Epoch 33 - avg_train_loss: 0.2300  avg_val_loss: 1.4765 F1: 0.603680  Accuracy: 0.693451 Recall@3: 0.849023 time: 1638s
2021-05-28 04:21:30,376 DEBUG   Epoch 34 - avg_train_loss: 0.2175  avg_val_loss: 1.4936 F1: 0.602651  Accuracy: 0.692843 Recall@3: 0.848111 time: 1633s
2021-05-28 04:48:47,407 DEBUG   Epoch 35 - avg_train_loss: 0.2108  avg_val_loss: 1.4867 F1: 0.602871  Accuracy: 0.692640 Recall@3: 0.846388 time: 1637s
2021-05-28 05:16:14,443 DEBUG   Epoch 36 - avg_train_loss: 0.2016  avg_val_loss: 1.4813 F1: 0.604851  Accuracy: 0.695715 Recall@3: 0.849970 time: 1647s
2021-05-28 05:16:14,445 DEBUG   Epoch 36 - Save Best Accuracy: 0.695715 Model
2021-05-28 05:43:50,099 DEBUG   Epoch 37 - avg_train_loss: 0.1946  avg_val_loss: 1.5041 F1: 0.598504  Accuracy: 0.691897 Recall@3: 0.847908 time: 1656s
2021-05-28 06:11:19,795 DEBUG   Epoch 38 - avg_train_loss: 0.1856  avg_val_loss: 1.4971 F1: 0.606012  Accuracy: 0.695310 Recall@3: 0.847604 time: 1650s
2021-05-28 06:38:47,448 DEBUG   Epoch 39 - avg_train_loss: 0.1816  avg_val_loss: 1.4962 F1: 0.604123  Accuracy: 0.695073 Recall@3: 0.849091 time: 1648s
2021-05-28 07:05:57,734 DEBUG   Epoch 40 - avg_train_loss: 0.1748  avg_val_loss: 1.4962 F1: 0.605151  Accuracy: 0.696898 Recall@3: 0.849091 time: 1630s
2021-05-28 07:05:57,736 DEBUG   Epoch 40 - Save Best Accuracy: 0.696898 Model
2021-05-28 07:33:37,634 DEBUG   Epoch 41 - avg_train_loss: 0.1711  avg_val_loss: 1.5004 F1: 0.605516  Accuracy: 0.696222 Recall@3: 0.848010 time: 1660s
2021-05-28 08:00:45,618 DEBUG   Epoch 42 - avg_train_loss: 0.1648  avg_val_loss: 1.5028 F1: 0.604967  Accuracy: 0.697236 Recall@3: 0.849429 time: 1628s
2021-05-28 08:00:45,620 DEBUG   Epoch 42 - Save Best Accuracy: 0.697236 Model
2021-05-28 08:28:27,277 DEBUG   Epoch 43 - avg_train_loss: 0.1623  avg_val_loss: 1.5070 F1: 0.606122  Accuracy: 0.696526 Recall@3: 0.849023 time: 1662s
2021-05-28 08:55:46,212 DEBUG   Epoch 44 - avg_train_loss: 0.1555  avg_val_loss: 1.5072 F1: 0.604254  Accuracy: 0.696729 Recall@3: 0.850003 time: 1639s
2021-05-28 09:23:03,744 DEBUG   Epoch 45 - avg_train_loss: 0.1546  avg_val_loss: 1.5193 F1: 0.607849  Accuracy: 0.697946 Recall@3: 0.850341 time: 1638s
2021-05-28 09:23:03,745 DEBUG   Epoch 45 - Save Best Accuracy: 0.697946 Model
2021-05-28 09:50:20,460 DEBUG   Epoch 46 - avg_train_loss: 0.1505  avg_val_loss: 1.5115 F1: 0.607007  Accuracy: 0.698283 Recall@3: 0.851254 time: 1637s
2021-05-28 09:50:20,466 DEBUG   Epoch 46 - Save Best Accuracy: 0.698283 Model
2021-05-28 10:17:53,529 DEBUG   Epoch 47 - avg_train_loss: 0.1460  avg_val_loss: 1.5170 F1: 0.608580  Accuracy: 0.699399 Recall@3: 0.850544 time: 1653s
2021-05-28 10:17:53,530 DEBUG   Epoch 47 - Save Best Accuracy: 0.699399 Model
2021-05-28 10:45:02,682 DEBUG   Epoch 48 - avg_train_loss: 0.1424  avg_val_loss: 1.5200 F1: 0.605253  Accuracy: 0.698959 Recall@3: 0.850578 time: 1629s
2021-05-28 11:12:10,502 DEBUG   Epoch 49 - avg_train_loss: 0.1400  avg_val_loss: 1.5174 F1: 0.608151  Accuracy: 0.698824 Recall@3: 0.850848 time: 1628s
2021-05-28 11:39:36,593 DEBUG   Epoch 50 - avg_train_loss: 0.1373  avg_val_loss: 1.5290 F1: 0.608705  Accuracy: 0.697608 Recall@3: 0.849936 time: 1646s
2021-05-28 12:06:44,854 DEBUG   Epoch 51 - avg_train_loss: 0.1355  avg_val_loss: 1.5264 F1: 0.610807  Accuracy: 0.700547 Recall@3: 0.850172 time: 1628s
2021-05-28 12:06:44,855 DEBUG   Epoch 51 - Save Best Accuracy: 0.700547 Model
2021-05-28 12:34:30,530 DEBUG   Epoch 52 - avg_train_loss: 0.1328  avg_val_loss: 1.5234 F1: 0.610491  Accuracy: 0.701460 Recall@3: 0.850341 time: 1666s
2021-05-28 12:34:30,532 DEBUG   Epoch 52 - Save Best Accuracy: 0.701460 Model
2021-05-28 13:01:46,871 DEBUG   Epoch 53 - avg_train_loss: 0.1316  avg_val_loss: 1.5226 F1: 0.608951  Accuracy: 0.700142 Recall@3: 0.850713 time: 1636s
2021-05-28 13:29:07,354 DEBUG   Epoch 54 - avg_train_loss: 0.1278  avg_val_loss: 1.5256 F1: 0.609795  Accuracy: 0.701865 Recall@3: 0.850747 time: 1640s
2021-05-28 13:29:07,356 DEBUG   Epoch 54 - Save Best Accuracy: 0.701865 Model
2021-05-28 13:56:26,539 DEBUG   Epoch 55 - avg_train_loss: 0.1265  avg_val_loss: 1.5283 F1: 0.610737  Accuracy: 0.701156 Recall@3: 0.850950 time: 1639s
2021-05-28 14:23:36,155 DEBUG   Epoch 56 - avg_train_loss: 0.1255  avg_val_loss: 1.5260 F1: 0.609096  Accuracy: 0.700784 Recall@3: 0.851490 time: 1630s
2021-05-28 14:50:49,022 DEBUG   Epoch 57 - avg_train_loss: 0.1230  avg_val_loss: 1.5344 F1: 0.608558  Accuracy: 0.700277 Recall@3: 0.850139 time: 1633s
2021-05-28 15:18:03,198 DEBUG   Epoch 58 - avg_train_loss: 0.1221  avg_val_loss: 1.5353 F1: 0.610615  Accuracy: 0.701696 Recall@3: 0.850916 time: 1634s
2021-05-28 15:45:40,282 DEBUG   Epoch 59 - avg_train_loss: 0.1195  avg_val_loss: 1.5330 F1: 0.608743  Accuracy: 0.700683 Recall@3: 0.851220 time: 1657s
2021-05-28 16:12:47,602 DEBUG   Epoch 60 - avg_train_loss: 0.1191  avg_val_loss: 1.5291 F1: 0.609535  Accuracy: 0.700615 Recall@3: 0.851963 time: 1627s
2021-05-28 16:40:05,978 DEBUG   Epoch 61 - avg_train_loss: 0.1175  avg_val_loss: 1.5363 F1: 0.610305  Accuracy: 0.701156 Recall@3: 0.851558 time: 1638s
2021-05-28 17:07:34,117 DEBUG   Epoch 62 - avg_train_loss: 0.1159  avg_val_loss: 1.5332 F1: 0.611065  Accuracy: 0.702271 Recall@3: 0.852234 time: 1648s
2021-05-28 17:07:34,118 DEBUG   Epoch 62 - Save Best Accuracy: 0.702271 Model
2021-05-28 17:35:04,614 DEBUG   Epoch 63 - avg_train_loss: 0.1167  avg_val_loss: 1.5343 F1: 0.610884  Accuracy: 0.701325 Recall@3: 0.852031 time: 1650s
2021-05-28 18:02:16,308 DEBUG   Epoch 64 - avg_train_loss: 0.1133  avg_val_loss: 1.5330 F1: 0.611734  Accuracy: 0.702642 Recall@3: 0.852031 time: 1632s
2021-05-28 18:02:16,310 DEBUG   Epoch 64 - Save Best Accuracy: 0.702642 Model
2021-05-28 18:29:34,213 DEBUG   Epoch 65 - avg_train_loss: 0.1138  avg_val_loss: 1.5402 F1: 0.611225  Accuracy: 0.702102 Recall@3: 0.852639 time: 1638s
2021-05-28 18:56:58,658 DEBUG   Epoch 66 - avg_train_loss: 0.1119  avg_val_loss: 1.5365 F1: 0.612272  Accuracy: 0.701595 Recall@3: 0.851389 time: 1644s
2021-05-28 19:24:17,684 DEBUG   Epoch 67 - avg_train_loss: 0.1124  avg_val_loss: 1.5397 F1: 0.611517  Accuracy: 0.702203 Recall@3: 0.851152 time: 1639s
2021-05-28 19:51:42,146 DEBUG   Epoch 68 - avg_train_loss: 0.1101  avg_val_loss: 1.5380 F1: 0.612746  Accuracy: 0.702271 Recall@3: 0.851254 time: 1644s
2021-05-28 20:18:58,724 DEBUG   Epoch 69 - avg_train_loss: 0.1098  avg_val_loss: 1.5402 F1: 0.612558  Accuracy: 0.702406 Recall@3: 0.851152 time: 1637s
2021-05-28 20:46:22,804 DEBUG   Epoch 70 - avg_train_loss: 0.1094  avg_val_loss: 1.5429 F1: 0.610833  Accuracy: 0.701831 Recall@3: 0.850950 time: 1644s
2021-05-28 21:13:40,704 DEBUG   Epoch 71 - avg_train_loss: 0.1089  avg_val_loss: 1.5401 F1: 0.613116  Accuracy: 0.703251 Recall@3: 0.850950 time: 1638s
2021-05-28 21:13:40,705 DEBUG   Epoch 71 - Save Best Accuracy: 0.703251 Model
2021-05-28 21:41:03,190 DEBUG   Epoch 72 - avg_train_loss: 0.1089  avg_val_loss: 1.5444 F1: 0.612490  Accuracy: 0.702203 Recall@3: 0.850409 time: 1642s
2021-05-28 22:08:24,966 DEBUG   Epoch 73 - avg_train_loss: 0.1081  avg_val_loss: 1.5434 F1: 0.611882  Accuracy: 0.701899 Recall@3: 0.852436 time: 1642s
2021-05-28 22:35:50,452 DEBUG   Epoch 74 - avg_train_loss: 0.1073  avg_val_loss: 1.5450 F1: 0.613178  Accuracy: 0.702980 Recall@3: 0.851254 time: 1645s
2021-05-28 23:03:30,707 DEBUG   Epoch 75 - avg_train_loss: 0.1068  avg_val_loss: 1.5426 F1: 0.612264  Accuracy: 0.701899 Recall@3: 0.851828 time: 1660s
2021-05-28 23:30:46,453 DEBUG   Epoch 76 - avg_train_loss: 0.1066  avg_val_loss: 1.5405 F1: 0.613435  Accuracy: 0.702507 Recall@3: 0.851456 time: 1636s
2021-05-28 23:58:12,503 DEBUG   Epoch 77 - avg_train_loss: 0.1053  avg_val_loss: 1.5412 F1: 0.612456  Accuracy: 0.702136 Recall@3: 0.852538 time: 1646s
2021-05-29 00:25:27,368 DEBUG   Epoch 78 - avg_train_loss: 0.1054  avg_val_loss: 1.5455 F1: 0.612750  Accuracy: 0.702305 Recall@3: 0.852098 time: 1635s
2021-05-29 00:52:55,850 DEBUG   Epoch 79 - avg_train_loss: 0.1058  avg_val_loss: 1.5465 F1: 0.613338  Accuracy: 0.702507 Recall@3: 0.852538 time: 1648s
2021-05-29 01:20:10,615 DEBUG   Epoch 80 - avg_train_loss: 0.1039  avg_val_loss: 1.5441 F1: 0.614039  Accuracy: 0.702102 Recall@3: 0.852031 time: 1635s
2021-05-29 01:47:28,101 DEBUG   Epoch 81 - avg_train_loss: 0.1059  avg_val_loss: 1.5466 F1: 0.612040  Accuracy: 0.702913 Recall@3: 0.852335 time: 1637s
2021-05-29 02:14:38,720 DEBUG   Epoch 82 - avg_train_loss: 0.1035  avg_val_loss: 1.5433 F1: 0.612523  Accuracy: 0.703115 Recall@3: 0.852132 time: 1631s
2021-05-29 02:42:06,912 DEBUG   Epoch 83 - avg_train_loss: 0.1045  avg_val_loss: 1.5461 F1: 0.612685  Accuracy: 0.702744 Recall@3: 0.851929 time: 1648s
2021-05-29 03:09:33,928 DEBUG   Epoch 84 - avg_train_loss: 0.1045  avg_val_loss: 1.5447 F1: 0.613191  Accuracy: 0.702778 Recall@3: 0.852098 time: 1647s
2021-05-29 03:36:54,170 DEBUG   Epoch 85 - avg_train_loss: 0.1034  avg_val_loss: 1.5474 F1: 0.612469  Accuracy: 0.702372 Recall@3: 0.851862 time: 1640s
2021-05-29 04:04:21,533 DEBUG   Epoch 86 - avg_train_loss: 0.1024  avg_val_loss: 1.5461 F1: 0.612895  Accuracy: 0.702642 Recall@3: 0.852267 time: 1647s
2021-05-29 04:31:19,603 DEBUG   Epoch 87 - avg_train_loss: 0.1023  avg_val_loss: 1.5444 F1: 0.612951  Accuracy: 0.703014 Recall@3: 0.852301 time: 1618s
2021-05-29 04:58:48,268 DEBUG   Epoch 88 - avg_train_loss: 0.1034  avg_val_loss: 1.5472 F1: 0.612182  Accuracy: 0.702203 Recall@3: 0.851828 time: 1649s
2021-05-29 05:26:03,849 DEBUG   Epoch 89 - avg_train_loss: 0.1016  avg_val_loss: 1.5458 F1: 0.611174  Accuracy: 0.702203 Recall@3: 0.851896 time: 1636s
2021-05-29 05:53:18,602 DEBUG   Epoch 90 - avg_train_loss: 0.1010  avg_val_loss: 1.5456 F1: 0.613251  Accuracy: 0.703251 Recall@3: 0.851929 time: 1635s
2021-05-29 06:20:28,262 DEBUG   Epoch 91 - avg_train_loss: 0.1003  avg_val_loss: 1.5465 F1: 0.614294  Accuracy: 0.703352 Recall@3: 0.851693 time: 1630s
2021-05-29 06:20:28,263 DEBUG   Epoch 91 - Save Best Accuracy: 0.703352 Model
2021-05-29 06:47:54,119 DEBUG   Epoch 92 - avg_train_loss: 0.1012  avg_val_loss: 1.5485 F1: 0.612542  Accuracy: 0.702541 Recall@3: 0.851558 time: 1646s
2021-05-29 07:15:17,709 DEBUG   Epoch 93 - avg_train_loss: 0.1020  avg_val_loss: 1.5481 F1: 0.613385  Accuracy: 0.703453 Recall@3: 0.852031 time: 1644s
2021-05-29 07:15:17,710 DEBUG   Epoch 93 - Save Best Accuracy: 0.703453 Model
2021-05-29 07:42:38,683 DEBUG   Epoch 94 - avg_train_loss: 0.1002  avg_val_loss: 1.5472 F1: 0.613445  Accuracy: 0.703386 Recall@3: 0.852234 time: 1641s
2021-05-29 08:10:01,007 DEBUG   Epoch 95 - avg_train_loss: 0.1001  avg_val_loss: 1.5492 F1: 0.614093  Accuracy: 0.703622 Recall@3: 0.852132 time: 1642s
2021-05-29 08:10:01,010 DEBUG   Epoch 95 - Save Best Accuracy: 0.703622 Model
2021-05-29 08:37:26,228 DEBUG   Epoch 96 - avg_train_loss: 0.1002  avg_val_loss: 1.5447 F1: 0.612979  Accuracy: 0.703420 Recall@3: 0.852200 time: 1645s
2021-05-29 09:04:49,874 DEBUG   Epoch 97 - avg_train_loss: 0.1010  avg_val_loss: 1.5449 F1: 0.612886  Accuracy: 0.702845 Recall@3: 0.851558 time: 1644s
2021-05-29 09:32:12,650 DEBUG   Epoch 98 - avg_train_loss: 0.0998  avg_val_loss: 1.5500 F1: 0.613052  Accuracy: 0.703420 Recall@3: 0.852740 time: 1643s
2021-05-29 09:59:42,336 DEBUG   Epoch 99 - avg_train_loss: 0.1004  avg_val_loss: 1.5490 F1: 0.612445  Accuracy: 0.702744 Recall@3: 0.852571 time: 1650s
2021-05-29 10:27:11,602 DEBUG   Epoch 100 - avg_train_loss: 0.1007  avg_val_loss: 1.5484 F1: 0.612702  Accuracy: 0.703251 Recall@3: 0.851929 time: 1649s
2021-05-29 10:27:11,604 INFO [Train model] done in 175346 s.
