2021-05-31 14:32:32,317 INFO [Train model] start
2021-05-31 15:17:46,663 DEBUG   Epoch 1 - avg_train_loss: 0.9317  avg_val_loss: 2.3160 F1: 0.262842  Accuracy: 0.471650 Recall@3: 0.664189 time: 2713s
2021-05-31 15:17:46,665 DEBUG   Epoch 1 - Save Best Accuracy: 0.471650 Model
2021-05-31 15:17:46,788 DEBUG   Epoch 1 - Save Best Loss: 2.3160 Model
2021-05-31 16:06:16,533 DEBUG   Epoch 2 - avg_train_loss: 0.5533  avg_val_loss: 1.8471 F1: 0.386874  Accuracy: 0.554673 Recall@3: 0.745962 time: 2910s
2021-05-31 16:06:16,535 DEBUG   Epoch 2 - Save Best Accuracy: 0.554673 Model
2021-05-31 16:06:16,697 DEBUG   Epoch 2 - Save Best Loss: 1.8471 Model
2021-05-31 16:55:07,068 DEBUG   Epoch 3 - avg_train_loss: 0.4475  avg_val_loss: 1.6572 F1: 0.458001  Accuracy: 0.598871 Recall@3: 0.779685 time: 2930s
2021-05-31 16:55:07,069 DEBUG   Epoch 3 - Save Best Accuracy: 0.598871 Model
2021-05-31 16:55:07,248 DEBUG   Epoch 3 - Save Best Loss: 1.6572 Model
2021-05-31 17:44:13,766 DEBUG   Epoch 4 - avg_train_loss: 0.3889  avg_val_loss: 1.5389 F1: 0.489616  Accuracy: 0.621950 Recall@3: 0.799351 time: 2946s
2021-05-31 17:44:13,768 DEBUG   Epoch 4 - Save Best Accuracy: 0.621950 Model
2021-05-31 17:44:14,008 DEBUG   Epoch 4 - Save Best Loss: 1.5389 Model
2021-05-31 18:33:10,764 DEBUG   Epoch 5 - avg_train_loss: 0.3448  avg_val_loss: 1.4476 F1: 0.520913  Accuracy: 0.641346 Recall@3: 0.815875 time: 2937s
2021-05-31 18:33:10,766 DEBUG   Epoch 5 - Save Best Accuracy: 0.641346 Model
2021-05-31 18:33:10,931 DEBUG   Epoch 5 - Save Best Loss: 1.4476 Model
2021-05-31 19:22:21,943 DEBUG   Epoch 6 - avg_train_loss: 0.3133  avg_val_loss: 1.4136 F1: 0.534026  Accuracy: 0.648611 Recall@3: 0.822126 time: 2951s
2021-05-31 19:22:21,944 DEBUG   Epoch 6 - Save Best Accuracy: 0.648611 Model
2021-05-31 19:22:22,099 DEBUG   Epoch 6 - Save Best Loss: 1.4136 Model
2021-05-31 20:11:44,997 DEBUG   Epoch 7 - avg_train_loss: 0.2887  avg_val_loss: 1.3844 F1: 0.547814  Accuracy: 0.657295 Recall@3: 0.824998 time: 2963s
2021-05-31 20:11:44,998 DEBUG   Epoch 7 - Save Best Accuracy: 0.657295 Model
2021-05-31 20:11:45,166 DEBUG   Epoch 7 - Save Best Loss: 1.3844 Model
2021-05-31 21:00:53,172 DEBUG   Epoch 8 - avg_train_loss: 0.2653  avg_val_loss: 1.3791 F1: 0.554678  Accuracy: 0.662060 Recall@3: 0.830303 time: 2948s
2021-05-31 21:00:53,174 DEBUG   Epoch 8 - Save Best Accuracy: 0.662060 Model
2021-05-31 21:00:53,328 DEBUG   Epoch 8 - Save Best Loss: 1.3791 Model
2021-05-31 21:50:08,561 DEBUG   Epoch 9 - avg_train_loss: 0.2448  avg_val_loss: 1.3574 F1: 0.565668  Accuracy: 0.669426 Recall@3: 0.833615 time: 2955s
2021-05-31 21:50:08,563 DEBUG   Epoch 9 - Save Best Accuracy: 0.669426 Model
2021-05-31 21:50:08,709 DEBUG   Epoch 9 - Save Best Loss: 1.3574 Model
2021-05-31 22:39:23,554 DEBUG   Epoch 10 - avg_train_loss: 0.2286  avg_val_loss: 1.3411 F1: 0.569379  Accuracy: 0.672603 Recall@3: 0.837197 time: 2955s
2021-05-31 22:39:23,563 DEBUG   Epoch 10 - Save Best Accuracy: 0.672603 Model
2021-05-31 22:39:23,728 DEBUG   Epoch 10 - Save Best Loss: 1.3411 Model
2021-05-31 23:28:30,235 DEBUG   Epoch 11 - avg_train_loss: 0.2142  avg_val_loss: 1.3517 F1: 0.574215  Accuracy: 0.675610 Recall@3: 0.837129 time: 2946s
2021-05-31 23:28:30,237 DEBUG   Epoch 11 - Save Best Accuracy: 0.675610 Model
2021-06-01 00:18:04,290 DEBUG   Epoch 12 - avg_train_loss: 0.1976  avg_val_loss: 1.3635 F1: 0.573729  Accuracy: 0.672670 Recall@3: 0.838312 time: 2974s
2021-06-01 01:03:13,034 DEBUG   Epoch 13 - avg_train_loss: 0.1777  avg_val_loss: 1.3069 F1: 0.589672  Accuracy: 0.686795 Recall@3: 0.846286 time: 2709s
2021-06-01 01:03:13,036 DEBUG   Epoch 13 - Save Best Accuracy: 0.686795 Model
2021-06-01 01:03:13,171 DEBUG   Epoch 13 - Save Best Loss: 1.3069 Model
2021-06-01 01:42:27,587 DEBUG   Epoch 14 - avg_train_loss: 0.1644  avg_val_loss: 1.3393 F1: 0.589026  Accuracy: 0.684564 Recall@3: 0.846624 time: 2354s
2021-06-01 02:21:42,130 DEBUG   Epoch 15 - avg_train_loss: 0.1542  avg_val_loss: 1.3513 F1: 0.589647  Accuracy: 0.685578 Recall@3: 0.845002 time: 2355s
2021-06-01 02:59:29,727 DEBUG   Epoch 16 - avg_train_loss: 0.1387  avg_val_loss: 1.3179 F1: 0.603783  Accuracy: 0.697101 Recall@3: 0.850105 time: 2268s
2021-06-01 02:59:29,729 DEBUG   Epoch 16 - Save Best Accuracy: 0.697101 Model
2021-06-01 03:37:17,123 DEBUG   Epoch 17 - avg_train_loss: 0.1295  avg_val_loss: 1.3437 F1: 0.598810  Accuracy: 0.690985 Recall@3: 0.849294 time: 2267s
2021-06-01 04:15:01,600 DEBUG   Epoch 18 - avg_train_loss: 0.1156  avg_val_loss: 1.3399 F1: 0.598811  Accuracy: 0.695546 Recall@3: 0.851727 time: 2264s
2021-06-01 04:52:45,931 DEBUG   Epoch 19 - avg_train_loss: 0.1081  avg_val_loss: 1.3347 F1: 0.606123  Accuracy: 0.698419 Recall@3: 0.854430 time: 2264s
2021-06-01 04:52:45,932 DEBUG   Epoch 19 - Save Best Accuracy: 0.698419 Model
2021-06-01 05:30:30,651 DEBUG   Epoch 20 - avg_train_loss: 0.0979  avg_val_loss: 1.3482 F1: 0.605985  Accuracy: 0.700074 Recall@3: 0.855883 time: 2265s
2021-06-01 05:30:30,652 DEBUG   Epoch 20 - Save Best Accuracy: 0.700074 Model
2021-06-01 06:08:14,746 DEBUG   Epoch 21 - avg_train_loss: 0.0906  avg_val_loss: 1.3594 F1: 0.613568  Accuracy: 0.703893 Recall@3: 0.855241 time: 2264s
2021-06-01 06:08:14,747 DEBUG   Epoch 21 - Save Best Accuracy: 0.703893 Model
2021-06-01 06:46:00,656 DEBUG   Epoch 22 - avg_train_loss: 0.0815  avg_val_loss: 1.3585 F1: 0.613291  Accuracy: 0.704974 Recall@3: 0.857877 time: 2266s
2021-06-01 06:46:00,657 DEBUG   Epoch 22 - Save Best Accuracy: 0.704974 Model
2021-06-01 07:23:44,964 DEBUG   Epoch 23 - avg_train_loss: 0.0755  avg_val_loss: 1.3724 F1: 0.616130  Accuracy: 0.706359 Recall@3: 0.858485 time: 2264s
2021-06-01 07:23:44,965 DEBUG   Epoch 23 - Save Best Accuracy: 0.706359 Model
2021-06-01 08:01:34,912 DEBUG   Epoch 24 - avg_train_loss: 0.0704  avg_val_loss: 1.3788 F1: 0.618525  Accuracy: 0.710380 Recall@3: 0.858316 time: 2270s
2021-06-01 08:01:34,913 DEBUG   Epoch 24 - Save Best Accuracy: 0.710380 Model
2021-06-01 08:39:20,037 DEBUG   Epoch 25 - avg_train_loss: 0.0655  avg_val_loss: 1.3778 F1: 0.621140  Accuracy: 0.711631 Recall@3: 0.859668 time: 2265s
2021-06-01 08:39:20,038 DEBUG   Epoch 25 - Save Best Accuracy: 0.711631 Model
2021-06-01 09:17:07,848 DEBUG   Epoch 26 - avg_train_loss: 0.0604  avg_val_loss: 1.3860 F1: 0.620052  Accuracy: 0.713354 Recall@3: 0.862303 time: 2268s
2021-06-01 09:17:07,850 DEBUG   Epoch 26 - Save Best Accuracy: 0.713354 Model
2021-06-01 09:54:50,626 DEBUG   Epoch 27 - avg_train_loss: 0.0571  avg_val_loss: 1.4163 F1: 0.618983  Accuracy: 0.709840 Recall@3: 0.857336 time: 2263s
2021-06-01 10:32:35,280 DEBUG   Epoch 28 - avg_train_loss: 0.0520  avg_val_loss: 1.4036 F1: 0.618320  Accuracy: 0.713557 Recall@3: 0.862202 time: 2265s
2021-06-01 10:32:35,282 DEBUG   Epoch 28 - Save Best Accuracy: 0.713557 Model
2021-06-01 11:10:19,886 DEBUG   Epoch 29 - avg_train_loss: 0.0500  avg_val_loss: 1.4171 F1: 0.622888  Accuracy: 0.712644 Recall@3: 0.860174 time: 2264s
2021-06-01 11:48:04,222 DEBUG   Epoch 30 - avg_train_loss: 0.0459  avg_val_loss: 1.4172 F1: 0.623696  Accuracy: 0.715179 Recall@3: 0.862641 time: 2264s
2021-06-01 11:48:04,224 DEBUG   Epoch 30 - Save Best Accuracy: 0.715179 Model
2021-06-01 12:25:47,828 DEBUG   Epoch 31 - avg_train_loss: 0.0440  avg_val_loss: 1.4165 F1: 0.626269  Accuracy: 0.715753 Recall@3: 0.863790 time: 2263s
2021-06-01 12:25:47,829 DEBUG   Epoch 31 - Save Best Accuracy: 0.715753 Model
2021-06-01 13:03:30,941 DEBUG   Epoch 32 - avg_train_loss: 0.0411  avg_val_loss: 1.4273 F1: 0.623302  Accuracy: 0.715787 Recall@3: 0.862607 time: 2263s
2021-06-01 13:03:30,943 DEBUG   Epoch 32 - Save Best Accuracy: 0.715787 Model
2021-06-01 13:41:15,929 DEBUG   Epoch 33 - avg_train_loss: 0.0389  avg_val_loss: 1.4494 F1: 0.623142  Accuracy: 0.715449 Recall@3: 0.862168 time: 2265s
2021-06-01 14:19:00,075 DEBUG   Epoch 34 - avg_train_loss: 0.0368  avg_val_loss: 1.4436 F1: 0.621837  Accuracy: 0.714908 Recall@3: 0.862709 time: 2264s
2021-06-01 14:56:45,992 DEBUG   Epoch 35 - avg_train_loss: 0.0354  avg_val_loss: 1.4424 F1: 0.624360  Accuracy: 0.716868 Recall@3: 0.864331 time: 2266s
2021-06-01 14:56:45,994 DEBUG   Epoch 35 - Save Best Accuracy: 0.716868 Model
2021-06-01 15:34:32,698 DEBUG   Epoch 36 - avg_train_loss: 0.0341  avg_val_loss: 1.4459 F1: 0.623283  Accuracy: 0.716868 Recall@3: 0.864229 time: 2267s
2021-06-01 16:12:16,455 DEBUG   Epoch 37 - avg_train_loss: 0.0321  avg_val_loss: 1.4544 F1: 0.627916  Accuracy: 0.718456 Recall@3: 0.865648 time: 2264s
2021-06-01 16:12:16,456 DEBUG   Epoch 37 - Save Best Accuracy: 0.718456 Model
2021-06-01 16:50:01,916 DEBUG   Epoch 38 - avg_train_loss: 0.0303  avg_val_loss: 1.4577 F1: 0.625774  Accuracy: 0.717983 Recall@3: 0.864466 time: 2265s
2021-06-01 17:27:46,543 DEBUG   Epoch 39 - avg_train_loss: 0.0293  avg_val_loss: 1.4624 F1: 0.627622  Accuracy: 0.718490 Recall@3: 0.864635 time: 2265s
2021-06-01 17:27:46,545 DEBUG   Epoch 39 - Save Best Accuracy: 0.718490 Model
2021-06-01 18:05:33,087 DEBUG   Epoch 40 - avg_train_loss: 0.0284  avg_val_loss: 1.4657 F1: 0.626845  Accuracy: 0.719065 Recall@3: 0.864770 time: 2266s
2021-06-01 18:05:33,088 DEBUG   Epoch 40 - Save Best Accuracy: 0.719065 Model
2021-06-01 18:43:19,563 DEBUG   Epoch 41 - avg_train_loss: 0.0275  avg_val_loss: 1.4787 F1: 0.625641  Accuracy: 0.717679 Recall@3: 0.865648 time: 2266s
2021-06-01 19:21:10,304 DEBUG   Epoch 42 - avg_train_loss: 0.0262  avg_val_loss: 1.4704 F1: 0.625497  Accuracy: 0.718423 Recall@3: 0.865784 time: 2271s
2021-06-01 19:58:58,263 DEBUG   Epoch 43 - avg_train_loss: 0.0257  avg_val_loss: 1.4743 F1: 0.631352  Accuracy: 0.721058 Recall@3: 0.864871 time: 2268s
2021-06-01 19:58:58,265 DEBUG   Epoch 43 - Save Best Accuracy: 0.721058 Model
2021-06-01 20:36:43,122 DEBUG   Epoch 44 - avg_train_loss: 0.0252  avg_val_loss: 1.4734 F1: 0.628378  Accuracy: 0.720720 Recall@3: 0.864770 time: 2265s
2021-06-01 21:14:32,254 DEBUG   Epoch 45 - avg_train_loss: 0.0244  avg_val_loss: 1.4749 F1: 0.630337  Accuracy: 0.723559 Recall@3: 0.865175 time: 2269s
2021-06-01 21:14:32,255 DEBUG   Epoch 45 - Save Best Accuracy: 0.723559 Model
2021-06-01 21:52:25,573 DEBUG   Epoch 46 - avg_train_loss: 0.0236  avg_val_loss: 1.4815 F1: 0.626731  Accuracy: 0.720788 Recall@3: 0.865682 time: 2273s
2021-06-01 22:30:15,736 DEBUG   Epoch 47 - avg_train_loss: 0.0231  avg_val_loss: 1.4829 F1: 0.629356  Accuracy: 0.721329 Recall@3: 0.865344 time: 2270s
2021-06-01 23:08:05,429 DEBUG   Epoch 48 - avg_train_loss: 0.0229  avg_val_loss: 1.4799 F1: 0.630477  Accuracy: 0.722951 Recall@3: 0.865986 time: 2270s
2021-06-01 23:45:52,371 DEBUG   Epoch 49 - avg_train_loss: 0.0219  avg_val_loss: 1.4821 F1: 0.627129  Accuracy: 0.720754 Recall@3: 0.866054 time: 2267s
2021-06-02 00:23:45,368 DEBUG   Epoch 50 - avg_train_loss: 0.0215  avg_val_loss: 1.4808 F1: 0.629172  Accuracy: 0.721802 Recall@3: 0.867541 time: 2273s
2021-06-02 01:01:30,552 DEBUG   Epoch 51 - avg_train_loss: 0.0211  avg_val_loss: 1.4886 F1: 0.629564  Accuracy: 0.722748 Recall@3: 0.865615 time: 2265s
2021-06-02 01:39:15,965 DEBUG   Epoch 52 - avg_train_loss: 0.0208  avg_val_loss: 1.4843 F1: 0.629336  Accuracy: 0.721768 Recall@3: 0.865750 time: 2265s
2021-06-02 02:17:03,342 DEBUG   Epoch 53 - avg_train_loss: 0.0200  avg_val_loss: 1.4869 F1: 0.630399  Accuracy: 0.721937 Recall@3: 0.865986 time: 2267s
2021-06-02 02:54:51,150 DEBUG   Epoch 54 - avg_train_loss: 0.0198  avg_val_loss: 1.4913 F1: 0.632490  Accuracy: 0.722444 Recall@3: 0.865885 time: 2268s
2021-06-02 03:32:37,108 DEBUG   Epoch 55 - avg_train_loss: 0.0201  avg_val_loss: 1.4940 F1: 0.630606  Accuracy: 0.721464 Recall@3: 0.866865 time: 2266s
2021-06-02 04:10:22,028 DEBUG   Epoch 56 - avg_train_loss: 0.0193  avg_val_loss: 1.4907 F1: 0.631235  Accuracy: 0.722545 Recall@3: 0.866696 time: 2265s
2021-06-02 04:48:06,265 DEBUG   Epoch 57 - avg_train_loss: 0.0194  avg_val_loss: 1.4926 F1: 0.632874  Accuracy: 0.722849 Recall@3: 0.868284 time: 2264s
2021-06-02 05:25:51,984 DEBUG   Epoch 58 - avg_train_loss: 0.0186  avg_val_loss: 1.4897 F1: 0.630741  Accuracy: 0.723660 Recall@3: 0.867946 time: 2266s
2021-06-02 05:25:51,986 DEBUG   Epoch 58 - Save Best Accuracy: 0.723660 Model
2021-06-02 06:03:38,199 DEBUG   Epoch 59 - avg_train_loss: 0.0184  avg_val_loss: 1.4953 F1: 0.629224  Accuracy: 0.722342 Recall@3: 0.866831 time: 2266s
2021-06-02 06:41:23,174 DEBUG   Epoch 60 - avg_train_loss: 0.0183  avg_val_loss: 1.4941 F1: 0.631759  Accuracy: 0.723626 Recall@3: 0.866628 time: 2265s
2021-06-02 07:19:07,255 DEBUG   Epoch 61 - avg_train_loss: 0.0179  avg_val_loss: 1.4926 F1: 0.631424  Accuracy: 0.723424 Recall@3: 0.866290 time: 2264s
2021-06-02 07:56:51,245 DEBUG   Epoch 62 - avg_train_loss: 0.0180  avg_val_loss: 1.4934 F1: 0.632402  Accuracy: 0.724471 Recall@3: 0.866595 time: 2264s
2021-06-02 07:56:51,247 DEBUG   Epoch 62 - Save Best Accuracy: 0.724471 Model
2021-06-02 08:34:34,692 DEBUG   Epoch 63 - avg_train_loss: 0.0179  avg_val_loss: 1.4991 F1: 0.631835  Accuracy: 0.723356 Recall@3: 0.868149 time: 2263s
2021-06-02 09:12:17,855 DEBUG   Epoch 64 - avg_train_loss: 0.0174  avg_val_loss: 1.4989 F1: 0.634274  Accuracy: 0.723694 Recall@3: 0.869196 time: 2263s
2021-06-02 09:50:01,625 DEBUG   Epoch 65 - avg_train_loss: 0.0178  avg_val_loss: 1.4980 F1: 0.632251  Accuracy: 0.723660 Recall@3: 0.867845 time: 2264s
2021-06-02 10:27:47,453 DEBUG   Epoch 66 - avg_train_loss: 0.0174  avg_val_loss: 1.5019 F1: 0.633166  Accuracy: 0.724201 Recall@3: 0.867237 time: 2266s
2021-06-02 11:05:31,205 DEBUG   Epoch 67 - avg_train_loss: 0.0174  avg_val_loss: 1.4963 F1: 0.635092  Accuracy: 0.726026 Recall@3: 0.867743 time: 2264s
2021-06-02 11:05:31,206 DEBUG   Epoch 67 - Save Best Accuracy: 0.726026 Model
2021-06-02 11:43:16,734 DEBUG   Epoch 68 - avg_train_loss: 0.0172  avg_val_loss: 1.5026 F1: 0.634841  Accuracy: 0.724674 Recall@3: 0.866595 time: 2265s
2021-06-02 12:21:03,764 DEBUG   Epoch 69 - avg_train_loss: 0.0167  avg_val_loss: 1.5051 F1: 0.634174  Accuracy: 0.724370 Recall@3: 0.867304 time: 2267s
2021-06-02 12:58:50,635 DEBUG   Epoch 70 - avg_train_loss: 0.0166  avg_val_loss: 1.4986 F1: 0.634491  Accuracy: 0.724877 Recall@3: 0.867676 time: 2267s
2021-06-02 13:36:33,183 DEBUG   Epoch 71 - avg_train_loss: 0.0166  avg_val_loss: 1.5036 F1: 0.635275  Accuracy: 0.725113 Recall@3: 0.867101 time: 2263s
2021-06-02 14:14:17,399 DEBUG   Epoch 72 - avg_train_loss: 0.0165  avg_val_loss: 1.5069 F1: 0.633712  Accuracy: 0.724606 Recall@3: 0.867237 time: 2264s
2021-06-02 14:52:03,042 DEBUG   Epoch 73 - avg_train_loss: 0.0162  avg_val_loss: 1.5066 F1: 0.634609  Accuracy: 0.725113 Recall@3: 0.867642 time: 2266s
2021-06-02 15:29:47,344 DEBUG   Epoch 74 - avg_train_loss: 0.0163  avg_val_loss: 1.5024 F1: 0.635014  Accuracy: 0.725147 Recall@3: 0.867000 time: 2264s
2021-06-02 16:07:31,911 DEBUG   Epoch 75 - avg_train_loss: 0.0162  avg_val_loss: 1.5085 F1: 0.634014  Accuracy: 0.724539 Recall@3: 0.866865 time: 2265s
2021-06-02 16:45:20,206 DEBUG   Epoch 76 - avg_train_loss: 0.0162  avg_val_loss: 1.5044 F1: 0.633288  Accuracy: 0.724674 Recall@3: 0.867473 time: 2268s
2021-06-02 17:23:04,285 DEBUG   Epoch 77 - avg_train_loss: 0.0162  avg_val_loss: 1.5085 F1: 0.633417  Accuracy: 0.724404 Recall@3: 0.867203 time: 2264s
2021-06-02 18:00:49,096 DEBUG   Epoch 78 - avg_train_loss: 0.0160  avg_val_loss: 1.5092 F1: 0.634457  Accuracy: 0.724843 Recall@3: 0.867372 time: 2265s
2021-06-02 18:38:32,790 DEBUG   Epoch 79 - avg_train_loss: 0.0159  avg_val_loss: 1.5062 F1: 0.633345  Accuracy: 0.724877 Recall@3: 0.867879 time: 2264s
2021-06-02 19:16:18,513 DEBUG   Epoch 80 - avg_train_loss: 0.0159  avg_val_loss: 1.5095 F1: 0.634640  Accuracy: 0.725248 Recall@3: 0.866764 time: 2266s
2021-06-02 19:54:03,148 DEBUG   Epoch 81 - avg_train_loss: 0.0161  avg_val_loss: 1.5102 F1: 0.633071  Accuracy: 0.725316 Recall@3: 0.867710 time: 2265s
2021-06-02 20:31:48,592 DEBUG   Epoch 82 - avg_train_loss: 0.0159  avg_val_loss: 1.5148 F1: 0.632773  Accuracy: 0.724505 Recall@3: 0.867507 time: 2265s
2021-06-02 21:09:33,439 DEBUG   Epoch 83 - avg_train_loss: 0.0157  avg_val_loss: 1.5095 F1: 0.632796  Accuracy: 0.724302 Recall@3: 0.867406 time: 2265s
2021-06-02 21:47:19,745 DEBUG   Epoch 84 - avg_train_loss: 0.0159  avg_val_loss: 1.5124 F1: 0.632972  Accuracy: 0.724742 Recall@3: 0.867912 time: 2266s
2021-06-02 22:25:04,426 DEBUG   Epoch 85 - avg_train_loss: 0.0155  avg_val_loss: 1.5073 F1: 0.632898  Accuracy: 0.724742 Recall@3: 0.866764 time: 2265s
2021-06-02 23:02:47,746 DEBUG   Epoch 86 - avg_train_loss: 0.0155  avg_val_loss: 1.5131 F1: 0.634013  Accuracy: 0.724370 Recall@3: 0.867034 time: 2263s
2021-06-02 23:40:31,726 DEBUG   Epoch 87 - avg_train_loss: 0.0156  avg_val_loss: 1.5076 F1: 0.633509  Accuracy: 0.725181 Recall@3: 0.867710 time: 2264s
2021-06-03 00:18:15,802 DEBUG   Epoch 88 - avg_train_loss: 0.0158  avg_val_loss: 1.5120 F1: 0.634092  Accuracy: 0.724573 Recall@3: 0.867406 time: 2264s
2021-06-03 00:55:59,417 DEBUG   Epoch 89 - avg_train_loss: 0.0150  avg_val_loss: 1.5094 F1: 0.634178  Accuracy: 0.724978 Recall@3: 0.867608 time: 2264s
2021-06-03 01:33:43,826 DEBUG   Epoch 90 - avg_train_loss: 0.0154  avg_val_loss: 1.5116 F1: 0.634058  Accuracy: 0.724978 Recall@3: 0.867980 time: 2264s
2021-06-03 02:11:27,682 DEBUG   Epoch 91 - avg_train_loss: 0.0152  avg_val_loss: 1.5092 F1: 0.633880  Accuracy: 0.725012 Recall@3: 0.867372 time: 2264s
2021-06-03 02:49:11,829 DEBUG   Epoch 92 - avg_train_loss: 0.0155  avg_val_loss: 1.5133 F1: 0.633363  Accuracy: 0.725316 Recall@3: 0.868048 time: 2264s
2021-06-03 03:26:58,424 DEBUG   Epoch 93 - avg_train_loss: 0.0154  avg_val_loss: 1.5139 F1: 0.633948  Accuracy: 0.724437 Recall@3: 0.867777 time: 2267s
2021-06-03 04:04:42,132 DEBUG   Epoch 94 - avg_train_loss: 0.0152  avg_val_loss: 1.5125 F1: 0.634804  Accuracy: 0.724877 Recall@3: 0.867980 time: 2264s
2021-06-03 04:42:29,450 DEBUG   Epoch 95 - avg_train_loss: 0.0153  avg_val_loss: 1.5105 F1: 0.634475  Accuracy: 0.725113 Recall@3: 0.867068 time: 2267s
2021-06-03 05:20:13,607 DEBUG   Epoch 96 - avg_train_loss: 0.0155  avg_val_loss: 1.5121 F1: 0.635323  Accuracy: 0.725248 Recall@3: 0.866662 time: 2264s
2021-06-03 05:57:58,882 DEBUG   Epoch 97 - avg_train_loss: 0.0154  avg_val_loss: 1.5125 F1: 0.633925  Accuracy: 0.724404 Recall@3: 0.867473 time: 2265s
2021-06-03 06:35:42,741 DEBUG   Epoch 98 - avg_train_loss: 0.0152  avg_val_loss: 1.5094 F1: 0.634836  Accuracy: 0.724640 Recall@3: 0.867270 time: 2264s
2021-06-03 07:13:27,863 DEBUG   Epoch 99 - avg_train_loss: 0.0151  avg_val_loss: 1.5137 F1: 0.633645  Accuracy: 0.724505 Recall@3: 0.867575 time: 2265s
2021-06-03 07:51:12,849 DEBUG   Epoch 100 - avg_train_loss: 0.0150  avg_val_loss: 1.5111 F1: 0.634421  Accuracy: 0.725113 Recall@3: 0.867743 time: 2265s
2021-06-03 07:51:12,851 INFO [Train model] done in 235121 s.
