2021-07-16 16:46:33,849 INFO [Train model] start
2021-07-16 17:48:25,416 DEBUG   Epoch 1 - avg_train_loss: 0.8969  avg_val_loss: 2.2537 F1: 0.242564  Accuracy: 0.475738 Recall@3: 0.667196 time: 3711s
2021-07-16 17:48:25,418 DEBUG   Epoch 1 - Save Best Accuracy: 0.475738 Model
2021-07-16 17:48:25,705 DEBUG   Epoch 1 - Save Best Loss: 2.2537 Model
2021-07-16 18:50:15,192 DEBUG   Epoch 2 - avg_train_loss: 0.4985  avg_val_loss: 1.7133 F1: 0.382917  Accuracy: 0.578462 Recall@3: 0.766912 time: 3709s
2021-07-16 18:50:15,193 DEBUG   Epoch 2 - Save Best Accuracy: 0.578462 Model
2021-07-16 18:50:15,651 DEBUG   Epoch 2 - Save Best Loss: 1.7133 Model
2021-07-16 19:52:00,160 DEBUG   Epoch 3 - avg_train_loss: 0.3847  avg_val_loss: 1.5261 F1: 0.455058  Accuracy: 0.617051 Recall@3: 0.804893 time: 3704s
2021-07-16 19:52:00,161 DEBUG   Epoch 3 - Save Best Accuracy: 0.617051 Model
2021-07-16 19:52:00,622 DEBUG   Epoch 3 - Save Best Loss: 1.5261 Model
2021-07-16 20:53:45,807 DEBUG   Epoch 4 - avg_train_loss: 0.3208  avg_val_loss: 1.3940 F1: 0.506262  Accuracy: 0.647834 Recall@3: 0.824322 time: 3705s
2021-07-16 20:53:45,809 DEBUG   Epoch 4 - Save Best Accuracy: 0.647834 Model
2021-07-16 20:53:46,268 DEBUG   Epoch 4 - Save Best Loss: 1.3940 Model
2021-07-16 21:55:36,959 DEBUG   Epoch 5 - avg_train_loss: 0.2775  avg_val_loss: 1.3009 F1: 0.539954  Accuracy: 0.672603 Recall@3: 0.841691 time: 3710s
2021-07-16 21:55:36,960 DEBUG   Epoch 5 - Save Best Accuracy: 0.672603 Model
2021-07-16 21:55:37,419 DEBUG   Epoch 5 - Save Best Loss: 1.3009 Model
2021-07-16 22:57:31,605 DEBUG   Epoch 6 - avg_train_loss: 0.2446  avg_val_loss: 1.2781 F1: 0.561025  Accuracy: 0.681929 Recall@3: 0.846861 time: 3714s
2021-07-16 22:57:31,606 DEBUG   Epoch 6 - Save Best Accuracy: 0.681929 Model
2021-07-16 22:57:32,065 DEBUG   Epoch 6 - Save Best Loss: 1.2781 Model
2021-07-16 23:59:27,578 DEBUG   Epoch 7 - avg_train_loss: 0.2157  avg_val_loss: 1.2498 F1: 0.579537  Accuracy: 0.688923 Recall@3: 0.851287 time: 3715s
2021-07-16 23:59:27,579 DEBUG   Epoch 7 - Save Best Accuracy: 0.688923 Model
2021-07-16 23:59:28,037 DEBUG   Epoch 7 - Save Best Loss: 1.2498 Model
2021-07-17 01:01:28,140 DEBUG   Epoch 8 - avg_train_loss: 0.1918  avg_val_loss: 1.2699 F1: 0.574878  Accuracy: 0.688788 Recall@3: 0.851862 time: 3720s
2021-07-17 02:03:28,040 DEBUG   Epoch 9 - avg_train_loss: 0.1707  avg_val_loss: 1.2390 F1: 0.591325  Accuracy: 0.697168 Recall@3: 0.858350 time: 3720s
2021-07-17 02:03:28,041 DEBUG   Epoch 9 - Save Best Accuracy: 0.697168 Model
2021-07-17 02:03:28,578 DEBUG   Epoch 9 - Save Best Loss: 1.2390 Model
2021-07-17 03:05:27,475 DEBUG   Epoch 10 - avg_train_loss: 0.1504  avg_val_loss: 1.2440 F1: 0.593075  Accuracy: 0.701325 Recall@3: 0.860310 time: 3718s
2021-07-17 03:05:27,477 DEBUG   Epoch 10 - Save Best Accuracy: 0.701325 Model
2021-07-17 04:07:23,626 DEBUG   Epoch 11 - avg_train_loss: 0.1335  avg_val_loss: 1.2475 F1: 0.601138  Accuracy: 0.705143 Recall@3: 0.862100 time: 3716s
2021-07-17 04:07:23,627 DEBUG   Epoch 11 - Save Best Accuracy: 0.705143 Model
2021-07-17 05:09:20,805 DEBUG   Epoch 12 - avg_train_loss: 0.1081  avg_val_loss: 1.2181 F1: 0.617739  Accuracy: 0.715888 Recall@3: 0.867034 time: 3717s
2021-07-17 05:09:20,806 DEBUG   Epoch 12 - Save Best Accuracy: 0.715888 Model
2021-07-17 05:09:21,264 DEBUG   Epoch 12 - Save Best Loss: 1.2181 Model
2021-07-17 06:11:17,488 DEBUG   Epoch 13 - avg_train_loss: 0.0935  avg_val_loss: 1.2572 F1: 0.617153  Accuracy: 0.713354 Recall@3: 0.867338 time: 3716s
2021-07-17 07:13:11,337 DEBUG   Epoch 14 - avg_train_loss: 0.0820  avg_val_loss: 1.2890 F1: 0.615026  Accuracy: 0.713793 Recall@3: 0.866730 time: 3714s
2021-07-17 08:15:07,046 DEBUG   Epoch 15 - avg_train_loss: 0.0650  avg_val_loss: 1.2631 F1: 0.630913  Accuracy: 0.722038 Recall@3: 0.872440 time: 3716s
2021-07-17 08:15:07,047 DEBUG   Epoch 15 - Save Best Accuracy: 0.722038 Model
2021-07-17 09:17:05,198 DEBUG   Epoch 16 - avg_train_loss: 0.0554  avg_val_loss: 1.2706 F1: 0.636054  Accuracy: 0.727647 Recall@3: 0.874366 time: 3718s
2021-07-17 09:17:05,199 DEBUG   Epoch 16 - Save Best Accuracy: 0.727647 Model
2021-07-17 10:19:06,991 DEBUG   Epoch 17 - avg_train_loss: 0.0421  avg_val_loss: 1.2899 F1: 0.639773  Accuracy: 0.731229 Recall@3: 0.874299 time: 3721s
2021-07-17 10:19:06,992 DEBUG   Epoch 17 - Save Best Accuracy: 0.731229 Model
2021-07-17 11:21:02,260 DEBUG   Epoch 18 - avg_train_loss: 0.0357  avg_val_loss: 1.3180 F1: 0.638691  Accuracy: 0.728425 Recall@3: 0.874873 time: 3715s
2021-07-17 12:23:00,145 DEBUG   Epoch 19 - avg_train_loss: 0.0280  avg_val_loss: 1.3113 F1: 0.644608  Accuracy: 0.734372 Recall@3: 0.876867 time: 3718s
2021-07-17 12:23:00,146 DEBUG   Epoch 19 - Save Best Accuracy: 0.734372 Model
2021-07-17 13:24:54,708 DEBUG   Epoch 20 - avg_train_loss: 0.0241  avg_val_loss: 1.3172 F1: 0.645095  Accuracy: 0.734406 Recall@3: 0.877577 time: 3714s
2021-07-17 13:24:54,708 DEBUG   Epoch 20 - Save Best Accuracy: 0.734406 Model
2021-07-17 14:26:49,048 DEBUG   Epoch 21 - avg_train_loss: 0.0187  avg_val_loss: 1.3236 F1: 0.649118  Accuracy: 0.737514 Recall@3: 0.878489 time: 3714s
2021-07-17 14:26:49,050 DEBUG   Epoch 21 - Save Best Accuracy: 0.737514 Model
2021-07-17 15:28:41,794 DEBUG   Epoch 22 - avg_train_loss: 0.0169  avg_val_loss: 1.3331 F1: 0.647577  Accuracy: 0.739339 Recall@3: 0.881665 time: 3712s
2021-07-17 15:28:41,795 DEBUG   Epoch 22 - Save Best Accuracy: 0.739339 Model
2021-07-17 16:30:35,039 DEBUG   Epoch 23 - avg_train_loss: 0.0133  avg_val_loss: 1.3396 F1: 0.651233  Accuracy: 0.740657 Recall@3: 0.878050 time: 3713s
2021-07-17 16:30:35,041 DEBUG   Epoch 23 - Save Best Accuracy: 0.740657 Model
2021-07-17 17:32:29,073 DEBUG   Epoch 24 - avg_train_loss: 0.0122  avg_val_loss: 1.3467 F1: 0.653614  Accuracy: 0.742684 Recall@3: 0.882578 time: 3713s
2021-07-17 17:32:29,074 DEBUG   Epoch 24 - Save Best Accuracy: 0.742684 Model
2021-07-17 18:34:22,295 DEBUG   Epoch 25 - avg_train_loss: 0.0101  avg_val_loss: 1.3646 F1: 0.653643  Accuracy: 0.742144 Recall@3: 0.879908 time: 3713s
2021-07-17 19:36:14,691 DEBUG   Epoch 26 - avg_train_loss: 0.0091  avg_val_loss: 1.3638 F1: 0.657047  Accuracy: 0.744205 Recall@3: 0.881969 time: 3712s
2021-07-17 19:36:14,692 DEBUG   Epoch 26 - Save Best Accuracy: 0.744205 Model
2021-07-17 20:38:08,725 DEBUG   Epoch 27 - avg_train_loss: 0.0079  avg_val_loss: 1.3848 F1: 0.654778  Accuracy: 0.745624 Recall@3: 0.883118 time: 3713s
2021-07-17 20:38:08,726 DEBUG   Epoch 27 - Save Best Accuracy: 0.745624 Model
2021-07-17 21:40:02,786 DEBUG   Epoch 28 - avg_train_loss: 0.0072  avg_val_loss: 1.3787 F1: 0.658620  Accuracy: 0.745894 Recall@3: 0.883287 time: 3714s
2021-07-17 21:40:02,788 DEBUG   Epoch 28 - Save Best Accuracy: 0.745894 Model
2021-07-17 22:41:57,842 DEBUG   Epoch 29 - avg_train_loss: 0.0065  avg_val_loss: 1.3786 F1: 0.660407  Accuracy: 0.747821 Recall@3: 0.883828 time: 3714s
2021-07-17 22:41:57,843 DEBUG   Epoch 29 - Save Best Accuracy: 0.747821 Model
2021-07-17 23:43:51,666 DEBUG   Epoch 30 - avg_train_loss: 0.0063  avg_val_loss: 1.3729 F1: 0.661690  Accuracy: 0.749071 Recall@3: 0.884808 time: 3713s
2021-07-17 23:43:51,667 DEBUG   Epoch 30 - Save Best Accuracy: 0.749071 Model
2021-07-18 00:45:43,580 DEBUG   Epoch 31 - avg_train_loss: 0.0056  avg_val_loss: 1.3924 F1: 0.658532  Accuracy: 0.747347 Recall@3: 0.883693 time: 3711s
2021-07-18 01:47:34,731 DEBUG   Epoch 32 - avg_train_loss: 0.0053  avg_val_loss: 1.3813 F1: 0.662194  Accuracy: 0.750152 Recall@3: 0.885450 time: 3711s
2021-07-18 01:47:34,732 DEBUG   Epoch 32 - Save Best Accuracy: 0.750152 Model
2021-07-18 02:49:26,581 DEBUG   Epoch 33 - avg_train_loss: 0.0049  avg_val_loss: 1.3920 F1: 0.663405  Accuracy: 0.750693 Recall@3: 0.884740 time: 3711s
2021-07-18 02:49:26,582 DEBUG   Epoch 33 - Save Best Accuracy: 0.750693 Model
2021-07-18 03:51:18,750 DEBUG   Epoch 34 - avg_train_loss: 0.0045  avg_val_loss: 1.3927 F1: 0.665267  Accuracy: 0.752990 Recall@3: 0.886396 time: 3712s
2021-07-18 03:51:18,751 DEBUG   Epoch 34 - Save Best Accuracy: 0.752990 Model
2021-07-18 04:53:08,203 DEBUG   Epoch 35 - avg_train_loss: 0.0042  avg_val_loss: 1.3986 F1: 0.661699  Accuracy: 0.750524 Recall@3: 0.885551 time: 3709s
2021-07-18 05:54:58,041 DEBUG   Epoch 36 - avg_train_loss: 0.0041  avg_val_loss: 1.4165 F1: 0.661282  Accuracy: 0.750220 Recall@3: 0.883152 time: 3710s
2021-07-18 06:56:48,449 DEBUG   Epoch 37 - avg_train_loss: 0.0038  avg_val_loss: 1.3896 F1: 0.664552  Accuracy: 0.752551 Recall@3: 0.887004 time: 3710s
2021-07-18 07:58:39,570 DEBUG   Epoch 38 - avg_train_loss: 0.0036  avg_val_loss: 1.4011 F1: 0.661345  Accuracy: 0.751639 Recall@3: 0.885213 time: 3711s
2021-07-18 09:00:29,528 DEBUG   Epoch 39 - avg_train_loss: 0.0035  avg_val_loss: 1.4147 F1: 0.661633  Accuracy: 0.751571 Recall@3: 0.885247 time: 3710s
2021-07-18 10:02:21,010 DEBUG   Epoch 40 - avg_train_loss: 0.0034  avg_val_loss: 1.4061 F1: 0.665089  Accuracy: 0.752686 Recall@3: 0.886497 time: 3711s
2021-07-18 11:04:13,698 DEBUG   Epoch 41 - avg_train_loss: 0.0032  avg_val_loss: 1.4198 F1: 0.664704  Accuracy: 0.752754 Recall@3: 0.885619 time: 3713s
2021-07-18 12:06:06,083 DEBUG   Epoch 42 - avg_train_loss: 0.0032  avg_val_loss: 1.4183 F1: 0.665120  Accuracy: 0.751740 Recall@3: 0.884368 time: 3712s
2021-07-18 13:08:04,215 DEBUG   Epoch 43 - avg_train_loss: 0.0030  avg_val_loss: 1.4201 F1: 0.666915  Accuracy: 0.755592 Recall@3: 0.886227 time: 3718s
2021-07-18 13:08:04,217 DEBUG   Epoch 43 - Save Best Accuracy: 0.755592 Model
2021-07-18 14:09:56,953 DEBUG   Epoch 44 - avg_train_loss: 0.0031  avg_val_loss: 1.4325 F1: 0.663076  Accuracy: 0.751842 Recall@3: 0.884842 time: 3712s
2021-07-18 15:11:48,015 DEBUG   Epoch 45 - avg_train_loss: 0.0028  avg_val_loss: 1.4246 F1: 0.665835  Accuracy: 0.753531 Recall@3: 0.886599 time: 3711s
2021-07-18 16:13:39,635 DEBUG   Epoch 46 - avg_train_loss: 0.0030  avg_val_loss: 1.3965 F1: 0.669766  Accuracy: 0.755356 Recall@3: 0.887038 time: 3712s
2021-07-18 17:15:27,652 DEBUG   Epoch 47 - avg_train_loss: 0.0028  avg_val_loss: 1.4190 F1: 0.666555  Accuracy: 0.754173 Recall@3: 0.885720 time: 3708s
2021-07-18 18:17:12,155 DEBUG   Epoch 48 - avg_train_loss: 0.0025  avg_val_loss: 1.4101 F1: 0.666149  Accuracy: 0.754072 Recall@3: 0.885788 time: 3705s
2021-07-18 19:19:00,812 DEBUG   Epoch 49 - avg_train_loss: 0.0026  avg_val_loss: 1.4117 F1: 0.667305  Accuracy: 0.754275 Recall@3: 0.886193 time: 3709s
2021-07-18 20:20:48,932 DEBUG   Epoch 50 - avg_train_loss: 0.0026  avg_val_loss: 1.4262 F1: 0.663859  Accuracy: 0.752416 Recall@3: 0.885585 time: 3708s
2021-07-18 21:22:36,983 DEBUG   Epoch 51 - avg_train_loss: 0.0026  avg_val_loss: 1.4255 F1: 0.663420  Accuracy: 0.752855 Recall@3: 0.886362 time: 3708s
2021-07-18 22:24:25,933 DEBUG   Epoch 52 - avg_train_loss: 0.0025  avg_val_loss: 1.4221 F1: 0.666210  Accuracy: 0.754207 Recall@3: 0.887173 time: 3709s
2021-07-18 23:26:15,496 DEBUG   Epoch 53 - avg_train_loss: 0.0024  avg_val_loss: 1.4269 F1: 0.667547  Accuracy: 0.754883 Recall@3: 0.884977 time: 3710s
2021-07-19 00:28:05,613 DEBUG   Epoch 54 - avg_train_loss: 0.0024  avg_val_loss: 1.4318 F1: 0.665208  Accuracy: 0.754477 Recall@3: 0.886430 time: 3710s
2021-07-19 01:29:55,988 DEBUG   Epoch 55 - avg_train_loss: 0.0023  avg_val_loss: 1.4236 F1: 0.665667  Accuracy: 0.754646 Recall@3: 0.886058 time: 3710s
2021-07-19 02:31:45,019 DEBUG   Epoch 56 - avg_train_loss: 0.0024  avg_val_loss: 1.4373 F1: 0.667502  Accuracy: 0.754477 Recall@3: 0.885247 time: 3709s
2021-07-19 03:33:33,277 DEBUG   Epoch 57 - avg_train_loss: 0.0023  avg_val_loss: 1.4327 F1: 0.665002  Accuracy: 0.754511 Recall@3: 0.887815 time: 3708s
2021-07-19 04:35:23,474 DEBUG   Epoch 58 - avg_train_loss: 0.0022  avg_val_loss: 1.4405 F1: 0.663635  Accuracy: 0.752653 Recall@3: 0.885889 time: 3710s
2021-07-19 05:37:13,595 DEBUG   Epoch 59 - avg_train_loss: 0.0022  avg_val_loss: 1.4235 F1: 0.667195  Accuracy: 0.754410 Recall@3: 0.885450 time: 3710s
2021-07-19 06:39:03,305 DEBUG   Epoch 60 - avg_train_loss: 0.0021  avg_val_loss: 1.4279 F1: 0.666806  Accuracy: 0.753937 Recall@3: 0.886261 time: 3710s
2021-07-19 07:40:51,837 DEBUG   Epoch 61 - avg_train_loss: 0.0022  avg_val_loss: 1.4277 F1: 0.669195  Accuracy: 0.755795 Recall@3: 0.887207 time: 3709s
2021-07-19 07:40:51,838 DEBUG   Epoch 61 - Save Best Accuracy: 0.755795 Model
2021-07-19 08:42:40,764 DEBUG   Epoch 62 - avg_train_loss: 0.0021  avg_val_loss: 1.4483 F1: 0.664670  Accuracy: 0.754308 Recall@3: 0.885788 time: 3708s
2021-07-19 09:44:32,728 DEBUG   Epoch 63 - avg_train_loss: 0.0022  avg_val_loss: 1.4512 F1: 0.666556  Accuracy: 0.755390 Recall@3: 0.886328 time: 3712s
2021-07-19 10:46:42,320 DEBUG   Epoch 64 - avg_train_loss: 0.0022  avg_val_loss: 1.4313 F1: 0.666037  Accuracy: 0.754139 Recall@3: 0.886937 time: 3730s
2021-07-19 11:48:35,264 DEBUG   Epoch 65 - avg_train_loss: 0.0020  avg_val_loss: 1.4413 F1: 0.667917  Accuracy: 0.755288 Recall@3: 0.887579 time: 3713s
2021-07-19 12:50:33,143 DEBUG   Epoch 66 - avg_train_loss: 0.0021  avg_val_loss: 1.4380 F1: 0.670159  Accuracy: 0.755930 Recall@3: 0.885821 time: 3718s
2021-07-19 12:50:33,144 DEBUG   Epoch 66 - Save Best Accuracy: 0.755930 Model
2021-07-19 13:52:36,643 DEBUG   Epoch 67 - avg_train_loss: 0.0021  avg_val_loss: 1.4383 F1: 0.667882  Accuracy: 0.755390 Recall@3: 0.887443 time: 3723s
2021-07-19 14:54:39,748 DEBUG   Epoch 68 - avg_train_loss: 0.0022  avg_val_loss: 1.4275 F1: 0.668598  Accuracy: 0.755694 Recall@3: 0.887984 time: 3723s
2021-07-19 15:56:43,565 DEBUG   Epoch 69 - avg_train_loss: 0.0020  avg_val_loss: 1.4388 F1: 0.669695  Accuracy: 0.755221 Recall@3: 0.885517 time: 3724s
2021-07-19 16:58:47,283 DEBUG   Epoch 70 - avg_train_loss: 0.0020  avg_val_loss: 1.4404 F1: 0.667670  Accuracy: 0.754173 Recall@3: 0.886295 time: 3724s
2021-07-19 18:00:50,878 DEBUG   Epoch 71 - avg_train_loss: 0.0019  avg_val_loss: 1.4442 F1: 0.668919  Accuracy: 0.755660 Recall@3: 0.885754 time: 3724s
2021-07-19 19:02:56,012 DEBUG   Epoch 72 - avg_train_loss: 0.0020  avg_val_loss: 1.4372 F1: 0.667952  Accuracy: 0.755254 Recall@3: 0.887004 time: 3725s
2021-07-19 20:05:00,248 DEBUG   Epoch 73 - avg_train_loss: 0.0020  avg_val_loss: 1.4322 F1: 0.668338  Accuracy: 0.756268 Recall@3: 0.886869 time: 3724s
2021-07-19 20:05:00,250 DEBUG   Epoch 73 - Save Best Accuracy: 0.756268 Model
2021-07-19 21:07:03,896 DEBUG   Epoch 74 - avg_train_loss: 0.0019  avg_val_loss: 1.4244 F1: 0.665390  Accuracy: 0.755085 Recall@3: 0.887680 time: 3723s
2021-07-19 22:09:07,173 DEBUG   Epoch 75 - avg_train_loss: 0.0019  avg_val_loss: 1.4390 F1: 0.668478  Accuracy: 0.756302 Recall@3: 0.887105 time: 3723s
2021-07-19 22:09:07,175 DEBUG   Epoch 75 - Save Best Accuracy: 0.756302 Model
2021-07-19 23:11:11,551 DEBUG   Epoch 76 - avg_train_loss: 0.0020  avg_val_loss: 1.4435 F1: 0.667548  Accuracy: 0.755626 Recall@3: 0.886159 time: 3724s
2021-07-20 00:13:15,580 DEBUG   Epoch 77 - avg_train_loss: 0.0019  avg_val_loss: 1.4330 F1: 0.670837  Accuracy: 0.757012 Recall@3: 0.886463 time: 3724s
2021-07-20 00:13:15,582 DEBUG   Epoch 77 - Save Best Accuracy: 0.757012 Model
2021-07-20 01:15:17,918 DEBUG   Epoch 78 - avg_train_loss: 0.0019  avg_val_loss: 1.4483 F1: 0.667565  Accuracy: 0.756437 Recall@3: 0.886159 time: 3722s
2021-07-20 02:17:21,792 DEBUG   Epoch 79 - avg_train_loss: 0.0019  avg_val_loss: 1.4547 F1: 0.670577  Accuracy: 0.756099 Recall@3: 0.886362 time: 3724s
2021-07-20 03:19:21,934 DEBUG   Epoch 80 - avg_train_loss: 0.0019  avg_val_loss: 1.4484 F1: 0.667948  Accuracy: 0.755964 Recall@3: 0.886497 time: 3720s
2021-07-20 04:21:24,649 DEBUG   Epoch 81 - avg_train_loss: 0.0019  avg_val_loss: 1.4496 F1: 0.668123  Accuracy: 0.755998 Recall@3: 0.885720 time: 3723s
2021-07-20 05:23:26,643 DEBUG   Epoch 82 - avg_train_loss: 0.0019  avg_val_loss: 1.4371 F1: 0.667205  Accuracy: 0.755795 Recall@3: 0.887207 time: 3722s
2021-07-20 06:25:25,703 DEBUG   Epoch 83 - avg_train_loss: 0.0018  avg_val_loss: 1.4366 F1: 0.669052  Accuracy: 0.755930 Recall@3: 0.886362 time: 3719s
2021-07-20 07:27:24,498 DEBUG   Epoch 84 - avg_train_loss: 0.0019  avg_val_loss: 1.4440 F1: 0.665828  Accuracy: 0.754410 Recall@3: 0.885619 time: 3719s
2021-07-20 08:29:22,357 DEBUG   Epoch 85 - avg_train_loss: 0.0019  avg_val_loss: 1.4449 F1: 0.668687  Accuracy: 0.757248 Recall@3: 0.887173 time: 3718s
2021-07-20 08:29:22,359 DEBUG   Epoch 85 - Save Best Accuracy: 0.757248 Model
2021-07-20 09:31:22,330 DEBUG   Epoch 86 - avg_train_loss: 0.0018  avg_val_loss: 1.4560 F1: 0.665232  Accuracy: 0.754984 Recall@3: 0.885720 time: 3719s
2021-07-20 10:33:22,757 DEBUG   Epoch 87 - avg_train_loss: 0.0019  avg_val_loss: 1.4339 F1: 0.668087  Accuracy: 0.756065 Recall@3: 0.886295 time: 3720s
2021-07-20 11:35:22,792 DEBUG   Epoch 88 - avg_train_loss: 0.0019  avg_val_loss: 1.4355 F1: 0.667897  Accuracy: 0.756201 Recall@3: 0.887139 time: 3720s
2021-07-20 12:37:23,888 DEBUG   Epoch 89 - avg_train_loss: 0.0018  avg_val_loss: 1.4423 F1: 0.669270  Accuracy: 0.756640 Recall@3: 0.886835 time: 3721s
2021-07-20 13:39:23,424 DEBUG   Epoch 90 - avg_train_loss: 0.0019  avg_val_loss: 1.4450 F1: 0.672453  Accuracy: 0.757181 Recall@3: 0.886362 time: 3720s
2021-07-20 14:41:19,148 DEBUG   Epoch 91 - avg_train_loss: 0.0018  avg_val_loss: 1.4477 F1: 0.666624  Accuracy: 0.755660 Recall@3: 0.886159 time: 3716s
2021-07-20 15:43:16,995 DEBUG   Epoch 92 - avg_train_loss: 0.0019  avg_val_loss: 1.4335 F1: 0.670676  Accuracy: 0.756910 Recall@3: 0.886497 time: 3718s
2021-07-20 16:45:15,085 DEBUG   Epoch 93 - avg_train_loss: 0.0017  avg_val_loss: 1.4411 F1: 0.669144  Accuracy: 0.755829 Recall@3: 0.885821 time: 3718s
2021-07-20 17:47:13,455 DEBUG   Epoch 94 - avg_train_loss: 0.0018  avg_val_loss: 1.4387 F1: 0.667244  Accuracy: 0.755964 Recall@3: 0.886734 time: 3718s
2021-07-20 18:49:12,084 DEBUG   Epoch 95 - avg_train_loss: 0.0017  avg_val_loss: 1.4379 F1: 0.669659  Accuracy: 0.755660 Recall@3: 0.886193 time: 3719s
2021-07-20 19:51:10,079 DEBUG   Epoch 96 - avg_train_loss: 0.0019  avg_val_loss: 1.4325 F1: 0.667480  Accuracy: 0.754714 Recall@3: 0.885585 time: 3718s
2021-07-20 20:53:08,630 DEBUG   Epoch 97 - avg_train_loss: 0.0018  avg_val_loss: 1.4351 F1: 0.669961  Accuracy: 0.757113 Recall@3: 0.888153 time: 3719s
2021-07-20 21:55:07,276 DEBUG   Epoch 98 - avg_train_loss: 0.0018  avg_val_loss: 1.4557 F1: 0.668246  Accuracy: 0.755964 Recall@3: 0.886362 time: 3719s
2021-07-20 22:57:04,500 DEBUG   Epoch 99 - avg_train_loss: 0.0018  avg_val_loss: 1.4561 F1: 0.666101  Accuracy: 0.754950 Recall@3: 0.885078 time: 3717s
2021-07-20 23:59:03,536 DEBUG   Epoch 100 - avg_train_loss: 0.0018  avg_val_loss: 1.4613 F1: 0.665573  Accuracy: 0.754275 Recall@3: 0.885754 time: 3719s
2021-07-20 23:59:03,537 INFO [Train model] done in 371550 s.
