2021-06-08 07:53:40,641 INFO [Train model] start
2021-06-08 09:11:45,391 DEBUG   Epoch 1 - avg_train_loss: 0.6827  avg_val_loss: 1.6644 F1: 0.423687  Accuracy: 0.593195 Recall@3: 0.778435 time: 4684s
2021-06-08 09:11:45,392 DEBUG   Epoch 1 - Save Best Accuracy: 0.593195 Model
2021-06-08 09:11:45,631 DEBUG   Epoch 1 - Save Best Loss: 1.6644 Model
2021-06-08 10:29:52,087 DEBUG   Epoch 2 - avg_train_loss: 0.3716  avg_val_loss: 1.3684 F1: 0.538463  Accuracy: 0.659526 Recall@3: 0.830912 time: 4686s
2021-06-08 10:29:52,088 DEBUG   Epoch 2 - Save Best Accuracy: 0.659526 Model
2021-06-08 10:29:52,492 DEBUG   Epoch 2 - Save Best Loss: 1.3684 Model
2021-06-08 11:47:58,839 DEBUG   Epoch 3 - avg_train_loss: 0.2866  avg_val_loss: 1.2173 F1: 0.582914  Accuracy: 0.694600 Recall@3: 0.855646 time: 4686s
2021-06-08 11:47:58,841 DEBUG   Epoch 3 - Save Best Accuracy: 0.694600 Model
2021-06-08 11:47:59,239 DEBUG   Epoch 3 - Save Best Loss: 1.2173 Model
2021-06-08 13:06:09,532 DEBUG   Epoch 4 - avg_train_loss: 0.2364  avg_val_loss: 1.1581 F1: 0.613581  Accuracy: 0.711833 Recall@3: 0.866189 time: 4690s
2021-06-08 13:06:09,533 DEBUG   Epoch 4 - Save Best Accuracy: 0.711833 Model
2021-06-08 13:06:09,921 DEBUG   Epoch 4 - Save Best Loss: 1.1581 Model
2021-06-08 14:24:19,291 DEBUG   Epoch 5 - avg_train_loss: 0.1990  avg_val_loss: 1.1262 F1: 0.628448  Accuracy: 0.724742 Recall@3: 0.874806 time: 4689s
2021-06-08 14:24:19,293 DEBUG   Epoch 5 - Save Best Accuracy: 0.724742 Model
2021-06-08 14:24:19,689 DEBUG   Epoch 5 - Save Best Loss: 1.1262 Model
2021-06-08 15:42:29,373 DEBUG   Epoch 6 - avg_train_loss: 0.1678  avg_val_loss: 1.0922 F1: 0.637700  Accuracy: 0.731770 Recall@3: 0.879503 time: 4689s
2021-06-08 15:42:29,374 DEBUG   Epoch 6 - Save Best Accuracy: 0.731770 Model
2021-06-08 15:42:29,772 DEBUG   Epoch 6 - Save Best Loss: 1.0922 Model
2021-06-08 17:00:40,759 DEBUG   Epoch 7 - avg_train_loss: 0.1432  avg_val_loss: 1.1034 F1: 0.647222  Accuracy: 0.735386 Recall@3: 0.882679 time: 4691s
2021-06-08 17:00:40,761 DEBUG   Epoch 7 - Save Best Accuracy: 0.735386 Model
2021-06-08 18:18:52,064 DEBUG   Epoch 8 - avg_train_loss: 0.1221  avg_val_loss: 1.0973 F1: 0.653518  Accuracy: 0.740758 Recall@3: 0.883084 time: 4691s
2021-06-08 18:18:52,065 DEBUG   Epoch 8 - Save Best Accuracy: 0.740758 Model
2021-06-08 19:37:03,253 DEBUG   Epoch 9 - avg_train_loss: 0.0951  avg_val_loss: 1.0966 F1: 0.663175  Accuracy: 0.749105 Recall@3: 0.887748 time: 4691s
2021-06-08 19:37:03,254 DEBUG   Epoch 9 - Save Best Accuracy: 0.749105 Model
2021-06-08 20:55:13,982 DEBUG   Epoch 10 - avg_train_loss: 0.0793  avg_val_loss: 1.1178 F1: 0.667699  Accuracy: 0.751875 Recall@3: 0.889471 time: 4690s
2021-06-08 20:55:13,982 DEBUG   Epoch 10 - Save Best Accuracy: 0.751875 Model
2021-06-08 22:13:25,724 DEBUG   Epoch 11 - avg_train_loss: 0.0609  avg_val_loss: 1.1292 F1: 0.669890  Accuracy: 0.755322 Recall@3: 0.891566 time: 4691s
2021-06-08 22:13:25,725 DEBUG   Epoch 11 - Save Best Accuracy: 0.755322 Model
2021-06-08 23:31:37,623 DEBUG   Epoch 12 - avg_train_loss: 0.0511  avg_val_loss: 1.1362 F1: 0.673787  Accuracy: 0.757451 Recall@3: 0.893154 time: 4692s
2021-06-08 23:31:37,624 DEBUG   Epoch 12 - Save Best Accuracy: 0.757451 Model
2021-06-09 00:49:47,794 DEBUG   Epoch 13 - avg_train_loss: 0.0398  avg_val_loss: 1.1351 F1: 0.678611  Accuracy: 0.760560 Recall@3: 0.893999 time: 4690s
2021-06-09 00:49:47,795 DEBUG   Epoch 13 - Save Best Accuracy: 0.760560 Model
2021-06-09 02:07:56,145 DEBUG   Epoch 14 - avg_train_loss: 0.0333  avg_val_loss: 1.1686 F1: 0.680170  Accuracy: 0.764648 Recall@3: 0.895418 time: 4688s
2021-06-09 02:07:56,146 DEBUG   Epoch 14 - Save Best Accuracy: 0.764648 Model
2021-06-09 03:26:05,777 DEBUG   Epoch 15 - avg_train_loss: 0.0260  avg_val_loss: 1.1759 F1: 0.689657  Accuracy: 0.768771 Recall@3: 0.897885 time: 4689s
2021-06-09 03:26:05,778 DEBUG   Epoch 15 - Save Best Accuracy: 0.768771 Model
2021-06-09 04:44:16,503 DEBUG   Epoch 16 - avg_train_loss: 0.0224  avg_val_loss: 1.1793 F1: 0.687591  Accuracy: 0.767453 Recall@3: 0.897614 time: 4690s
2021-06-09 06:02:28,288 DEBUG   Epoch 17 - avg_train_loss: 0.0180  avg_val_loss: 1.1937 F1: 0.696989  Accuracy: 0.772150 Recall@3: 0.897648 time: 4692s
2021-06-09 06:02:28,290 DEBUG   Epoch 17 - Save Best Accuracy: 0.772150 Model
2021-06-09 07:20:40,315 DEBUG   Epoch 18 - avg_train_loss: 0.0160  avg_val_loss: 1.2028 F1: 0.694749  Accuracy: 0.772657 Recall@3: 0.899236 time: 4692s
2021-06-09 07:20:40,316 DEBUG   Epoch 18 - Save Best Accuracy: 0.772657 Model
2021-06-09 08:38:41,121 DEBUG   Epoch 19 - avg_train_loss: 0.0134  avg_val_loss: 1.2276 F1: 0.695338  Accuracy: 0.773637 Recall@3: 0.900453 time: 4680s
2021-06-09 08:38:41,122 DEBUG   Epoch 19 - Save Best Accuracy: 0.773637 Model
2021-06-09 09:56:29,341 DEBUG   Epoch 20 - avg_train_loss: 0.0118  avg_val_loss: 1.2067 F1: 0.694826  Accuracy: 0.774887 Recall@3: 0.900351 time: 4668s
2021-06-09 09:56:29,342 DEBUG   Epoch 20 - Save Best Accuracy: 0.774887 Model
2021-06-09 11:14:17,056 DEBUG   Epoch 21 - avg_train_loss: 0.0103  avg_val_loss: 1.2173 F1: 0.698491  Accuracy: 0.778300 Recall@3: 0.903730 time: 4667s
2021-06-09 11:14:17,057 DEBUG   Epoch 21 - Save Best Accuracy: 0.778300 Model
2021-06-09 12:32:04,047 DEBUG   Epoch 22 - avg_train_loss: 0.0093  avg_val_loss: 1.2435 F1: 0.697584  Accuracy: 0.777522 Recall@3: 0.900757 time: 4667s
2021-06-09 13:49:50,946 DEBUG   Epoch 23 - avg_train_loss: 0.0082  avg_val_loss: 1.2319 F1: 0.701806  Accuracy: 0.778469 Recall@3: 0.900993 time: 4667s
2021-06-09 13:49:50,947 DEBUG   Epoch 23 - Save Best Accuracy: 0.778469 Model
2021-06-09 15:07:46,573 DEBUG   Epoch 24 - avg_train_loss: 0.0075  avg_val_loss: 1.2533 F1: 0.696773  Accuracy: 0.776272 Recall@3: 0.902446 time: 4675s
2021-06-09 16:25:34,455 DEBUG   Epoch 25 - avg_train_loss: 0.0066  avg_val_loss: 1.2370 F1: 0.701441  Accuracy: 0.779482 Recall@3: 0.902920 time: 4668s
2021-06-09 16:25:34,456 DEBUG   Epoch 25 - Save Best Accuracy: 0.779482 Model
2021-06-09 17:43:22,913 DEBUG   Epoch 26 - avg_train_loss: 0.0063  avg_val_loss: 1.2628 F1: 0.699578  Accuracy: 0.778333 Recall@3: 0.902176 time: 4668s
2021-06-09 19:01:11,942 DEBUG   Epoch 27 - avg_train_loss: 0.0057  avg_val_loss: 1.2587 F1: 0.701213  Accuracy: 0.779280 Recall@3: 0.902920 time: 4669s
2021-06-09 20:19:02,298 DEBUG   Epoch 28 - avg_train_loss: 0.0053  avg_val_loss: 1.2650 F1: 0.702721  Accuracy: 0.779685 Recall@3: 0.902920 time: 4670s
2021-06-09 20:19:02,299 DEBUG   Epoch 28 - Save Best Accuracy: 0.779685 Model
2021-06-09 21:36:50,809 DEBUG   Epoch 29 - avg_train_loss: 0.0051  avg_val_loss: 1.2624 F1: 0.700811  Accuracy: 0.781442 Recall@3: 0.903460 time: 4668s
2021-06-09 21:36:50,810 DEBUG   Epoch 29 - Save Best Accuracy: 0.781442 Model
2021-06-09 22:54:39,337 DEBUG   Epoch 30 - avg_train_loss: 0.0046  avg_val_loss: 1.2860 F1: 0.702134  Accuracy: 0.781341 Recall@3: 0.904440 time: 4668s
2021-06-10 00:12:28,456 DEBUG   Epoch 31 - avg_train_loss: 0.0044  avg_val_loss: 1.2752 F1: 0.706471  Accuracy: 0.783132 Recall@3: 0.902920 time: 4669s
2021-06-10 00:12:28,457 DEBUG   Epoch 31 - Save Best Accuracy: 0.783132 Model
2021-06-10 01:30:17,818 DEBUG   Epoch 32 - avg_train_loss: 0.0044  avg_val_loss: 1.2573 F1: 0.705711  Accuracy: 0.784720 Recall@3: 0.903629 time: 4669s
2021-06-10 01:30:17,819 DEBUG   Epoch 32 - Save Best Accuracy: 0.784720 Model
2021-06-10 02:48:06,734 DEBUG   Epoch 33 - avg_train_loss: 0.0042  avg_val_loss: 1.2758 F1: 0.706655  Accuracy: 0.783875 Recall@3: 0.904136 time: 4669s
2021-06-10 04:05:54,563 DEBUG   Epoch 34 - avg_train_loss: 0.0037  avg_val_loss: 1.2728 F1: 0.705064  Accuracy: 0.784010 Recall@3: 0.903629 time: 4668s
2021-06-10 05:23:43,010 DEBUG   Epoch 35 - avg_train_loss: 0.0036  avg_val_loss: 1.2797 F1: 0.706842  Accuracy: 0.784619 Recall@3: 0.903832 time: 4668s
2021-06-10 06:41:29,599 DEBUG   Epoch 36 - avg_train_loss: 0.0036  avg_val_loss: 1.2748 F1: 0.705258  Accuracy: 0.783605 Recall@3: 0.904710 time: 4667s
2021-06-10 07:59:14,609 DEBUG   Epoch 37 - avg_train_loss: 0.0034  avg_val_loss: 1.3017 F1: 0.703979  Accuracy: 0.784281 Recall@3: 0.904710 time: 4665s
2021-06-10 09:17:01,878 DEBUG   Epoch 38 - avg_train_loss: 0.0034  avg_val_loss: 1.2815 F1: 0.704055  Accuracy: 0.783841 Recall@3: 0.905116 time: 4667s
2021-06-10 10:34:50,134 DEBUG   Epoch 39 - avg_train_loss: 0.0032  avg_val_loss: 1.2775 F1: 0.708630  Accuracy: 0.786072 Recall@3: 0.905521 time: 4668s
2021-06-10 10:34:50,135 DEBUG   Epoch 39 - Save Best Accuracy: 0.786072 Model
2021-06-10 11:52:40,700 DEBUG   Epoch 40 - avg_train_loss: 0.0031  avg_val_loss: 1.2957 F1: 0.705089  Accuracy: 0.783436 Recall@3: 0.903933 time: 4670s
2021-06-10 13:10:28,394 DEBUG   Epoch 41 - avg_train_loss: 0.0029  avg_val_loss: 1.2873 F1: 0.706146  Accuracy: 0.785159 Recall@3: 0.906062 time: 4668s
2021-06-10 14:28:18,389 DEBUG   Epoch 42 - avg_train_loss: 0.0028  avg_val_loss: 1.2927 F1: 0.704881  Accuracy: 0.784990 Recall@3: 0.905454 time: 4670s
2021-06-10 15:46:06,554 DEBUG   Epoch 43 - avg_train_loss: 0.0027  avg_val_loss: 1.2891 F1: 0.706971  Accuracy: 0.784720 Recall@3: 0.905015 time: 4668s
2021-06-10 17:03:55,282 DEBUG   Epoch 44 - avg_train_loss: 0.0027  avg_val_loss: 1.3010 F1: 0.705532  Accuracy: 0.786207 Recall@3: 0.905657 time: 4669s
2021-06-10 17:03:55,283 DEBUG   Epoch 44 - Save Best Accuracy: 0.786207 Model
2021-06-10 18:21:43,892 DEBUG   Epoch 45 - avg_train_loss: 0.0027  avg_val_loss: 1.2993 F1: 0.705619  Accuracy: 0.784314 Recall@3: 0.905420 time: 4668s
2021-06-10 19:39:32,772 DEBUG   Epoch 46 - avg_train_loss: 0.0027  avg_val_loss: 1.2923 F1: 0.705601  Accuracy: 0.784889 Recall@3: 0.905150 time: 4669s
2021-06-10 20:57:22,022 DEBUG   Epoch 47 - avg_train_loss: 0.0025  avg_val_loss: 1.2966 F1: 0.706982  Accuracy: 0.785396 Recall@3: 0.906299 time: 4669s
2021-06-10 22:15:10,576 DEBUG   Epoch 48 - avg_train_loss: 0.0026  avg_val_loss: 1.2930 F1: 0.707891  Accuracy: 0.785497 Recall@3: 0.905420 time: 4669s
2021-06-10 23:32:59,358 DEBUG   Epoch 49 - avg_train_loss: 0.0025  avg_val_loss: 1.2882 F1: 0.707512  Accuracy: 0.785531 Recall@3: 0.905657 time: 4669s
2021-06-11 00:50:47,060 DEBUG   Epoch 50 - avg_train_loss: 0.0025  avg_val_loss: 1.3071 F1: 0.708845  Accuracy: 0.786376 Recall@3: 0.905589 time: 4668s
2021-06-11 00:50:47,061 DEBUG   Epoch 50 - Save Best Accuracy: 0.786376 Model
2021-06-11 02:08:36,750 DEBUG   Epoch 51 - avg_train_loss: 0.0023  avg_val_loss: 1.2955 F1: 0.709972  Accuracy: 0.787389 Recall@3: 0.905859 time: 4669s
2021-06-11 02:08:36,752 DEBUG   Epoch 51 - Save Best Accuracy: 0.787389 Model
2021-06-11 03:26:25,575 DEBUG   Epoch 52 - avg_train_loss: 0.0024  avg_val_loss: 1.2949 F1: 0.709877  Accuracy: 0.787896 Recall@3: 0.906434 time: 4668s
2021-06-11 03:26:25,576 DEBUG   Epoch 52 - Save Best Accuracy: 0.787896 Model
2021-06-11 04:44:15,305 DEBUG   Epoch 53 - avg_train_loss: 0.0023  avg_val_loss: 1.3224 F1: 0.705624  Accuracy: 0.784686 Recall@3: 0.904102 time: 4669s
2021-06-11 06:02:05,389 DEBUG   Epoch 54 - avg_train_loss: 0.0023  avg_val_loss: 1.2951 F1: 0.708769  Accuracy: 0.786207 Recall@3: 0.905386 time: 4670s
2021-06-11 07:19:57,046 DEBUG   Epoch 55 - avg_train_loss: 0.0023  avg_val_loss: 1.3019 F1: 0.708531  Accuracy: 0.785801 Recall@3: 0.905893 time: 4672s
2021-06-11 08:37:49,666 DEBUG   Epoch 56 - avg_train_loss: 0.0024  avg_val_loss: 1.2945 F1: 0.707832  Accuracy: 0.785531 Recall@3: 0.905555 time: 4673s
2021-06-11 09:55:41,101 DEBUG   Epoch 57 - avg_train_loss: 0.0022  avg_val_loss: 1.3056 F1: 0.706931  Accuracy: 0.784923 Recall@3: 0.905657 time: 4671s
2021-06-11 11:13:33,256 DEBUG   Epoch 58 - avg_train_loss: 0.0022  avg_val_loss: 1.3057 F1: 0.708599  Accuracy: 0.786612 Recall@3: 0.905420 time: 4672s
2021-06-11 12:31:26,195 DEBUG   Epoch 59 - avg_train_loss: 0.0021  avg_val_loss: 1.3054 F1: 0.709304  Accuracy: 0.785666 Recall@3: 0.905352 time: 4673s
2021-06-11 13:49:17,770 DEBUG   Epoch 60 - avg_train_loss: 0.0021  avg_val_loss: 1.3188 F1: 0.707944  Accuracy: 0.786545 Recall@3: 0.905116 time: 4672s
2021-06-11 15:07:07,515 DEBUG   Epoch 61 - avg_train_loss: 0.0021  avg_val_loss: 1.2991 F1: 0.710212  Accuracy: 0.787018 Recall@3: 0.905961 time: 4670s
2021-06-11 16:25:00,587 DEBUG   Epoch 62 - avg_train_loss: 0.0021  avg_val_loss: 1.2947 F1: 0.710294  Accuracy: 0.787153 Recall@3: 0.906163 time: 4673s
2021-06-11 17:42:58,814 DEBUG   Epoch 63 - avg_train_loss: 0.0022  avg_val_loss: 1.3083 F1: 0.707626  Accuracy: 0.785294 Recall@3: 0.904710 time: 4678s
2021-06-11 19:00:56,049 DEBUG   Epoch 64 - avg_train_loss: 0.0021  avg_val_loss: 1.3163 F1: 0.711090  Accuracy: 0.786511 Recall@3: 0.905386 time: 4677s
2021-06-11 20:18:47,852 DEBUG   Epoch 65 - avg_train_loss: 0.0020  avg_val_loss: 1.3330 F1: 0.708761  Accuracy: 0.786612 Recall@3: 0.905319 time: 4672s
2021-06-11 21:36:42,603 DEBUG   Epoch 66 - avg_train_loss: 0.0022  avg_val_loss: 1.3081 F1: 0.709051  Accuracy: 0.786038 Recall@3: 0.905183 time: 4675s
2021-06-11 22:54:39,557 DEBUG   Epoch 67 - avg_train_loss: 0.0020  avg_val_loss: 1.3137 F1: 0.710287  Accuracy: 0.787018 Recall@3: 0.905994 time: 4677s
2021-06-12 00:12:36,735 DEBUG   Epoch 68 - avg_train_loss: 0.0021  avg_val_loss: 1.3117 F1: 0.709078  Accuracy: 0.786173 Recall@3: 0.904541 time: 4677s
2021-06-12 01:30:25,674 DEBUG   Epoch 69 - avg_train_loss: 0.0020  avg_val_loss: 1.3227 F1: 0.707883  Accuracy: 0.786646 Recall@3: 0.905285 time: 4669s
2021-06-12 02:48:14,539 DEBUG   Epoch 70 - avg_train_loss: 0.0019  avg_val_loss: 1.3144 F1: 0.707240  Accuracy: 0.785767 Recall@3: 0.905488 time: 4669s
2021-06-12 04:06:05,934 DEBUG   Epoch 71 - avg_train_loss: 0.0021  avg_val_loss: 1.3083 F1: 0.710255  Accuracy: 0.787288 Recall@3: 0.904981 time: 4671s
2021-06-12 05:23:55,708 DEBUG   Epoch 72 - avg_train_loss: 0.0020  avg_val_loss: 1.3164 F1: 0.709724  Accuracy: 0.787220 Recall@3: 0.905285 time: 4670s
2021-06-12 06:41:45,500 DEBUG   Epoch 73 - avg_train_loss: 0.0020  avg_val_loss: 1.3125 F1: 0.710747  Accuracy: 0.787795 Recall@3: 0.906130 time: 4670s
2021-06-12 07:59:33,646 DEBUG   Epoch 74 - avg_train_loss: 0.0020  avg_val_loss: 1.3079 F1: 0.708112  Accuracy: 0.786815 Recall@3: 0.905792 time: 4668s
2021-06-12 09:17:35,535 DEBUG   Epoch 75 - avg_train_loss: 0.0019  avg_val_loss: 1.3156 F1: 0.708890  Accuracy: 0.787153 Recall@3: 0.906231 time: 4682s
2021-06-12 10:35:41,688 DEBUG   Epoch 76 - avg_train_loss: 0.0020  avg_val_loss: 1.3098 F1: 0.707910  Accuracy: 0.786849 Recall@3: 0.904981 time: 4686s
2021-06-12 11:53:47,899 DEBUG   Epoch 77 - avg_train_loss: 0.0020  avg_val_loss: 1.3400 F1: 0.706012  Accuracy: 0.784551 Recall@3: 0.905994 time: 4686s
2021-06-12 13:11:55,690 DEBUG   Epoch 78 - avg_train_loss: 0.0019  avg_val_loss: 1.3260 F1: 0.709089  Accuracy: 0.787592 Recall@3: 0.906434 time: 4688s
2021-06-12 14:29:53,733 DEBUG   Epoch 79 - avg_train_loss: 0.0020  avg_val_loss: 1.3108 F1: 0.709374  Accuracy: 0.786072 Recall@3: 0.906299 time: 4678s
2021-06-12 15:47:48,679 DEBUG   Epoch 80 - avg_train_loss: 0.0019  avg_val_loss: 1.3160 F1: 0.709058  Accuracy: 0.787491 Recall@3: 0.905657 time: 4675s
2021-06-12 17:05:40,328 DEBUG   Epoch 81 - avg_train_loss: 0.0019  avg_val_loss: 1.3081 F1: 0.709349  Accuracy: 0.787085 Recall@3: 0.905657 time: 4672s
2021-06-12 18:23:37,628 DEBUG   Epoch 82 - avg_train_loss: 0.0020  avg_val_loss: 1.3104 F1: 0.709288  Accuracy: 0.787322 Recall@3: 0.905116 time: 4677s
2021-06-12 19:41:30,080 DEBUG   Epoch 83 - avg_train_loss: 0.0019  avg_val_loss: 1.3245 F1: 0.707477  Accuracy: 0.786714 Recall@3: 0.905657 time: 4672s
2021-06-12 20:59:18,654 DEBUG   Epoch 84 - avg_train_loss: 0.0019  avg_val_loss: 1.3121 F1: 0.711335  Accuracy: 0.787998 Recall@3: 0.905994 time: 4669s
2021-06-12 20:59:18,655 DEBUG   Epoch 84 - Save Best Accuracy: 0.787998 Model
2021-06-12 22:17:06,945 DEBUG   Epoch 85 - avg_train_loss: 0.0019  avg_val_loss: 1.3180 F1: 0.708272  Accuracy: 0.787119 Recall@3: 0.906332 time: 4668s
2021-06-12 23:34:55,136 DEBUG   Epoch 86 - avg_train_loss: 0.0019  avg_val_loss: 1.3116 F1: 0.710848  Accuracy: 0.787187 Recall@3: 0.906197 time: 4668s
2021-06-13 00:52:44,276 DEBUG   Epoch 87 - avg_train_loss: 0.0020  avg_val_loss: 1.3222 F1: 0.709256  Accuracy: 0.786443 Recall@3: 0.905657 time: 4669s
2021-06-13 02:10:31,313 DEBUG   Epoch 88 - avg_train_loss: 0.0019  avg_val_loss: 1.3221 F1: 0.708271  Accuracy: 0.786747 Recall@3: 0.906163 time: 4667s
2021-06-13 03:28:19,772 DEBUG   Epoch 89 - avg_train_loss: 0.0020  avg_val_loss: 1.3218 F1: 0.708116  Accuracy: 0.786646 Recall@3: 0.905420 time: 4668s
2021-06-13 04:46:07,746 DEBUG   Epoch 90 - avg_train_loss: 0.0019  avg_val_loss: 1.3171 F1: 0.709064  Accuracy: 0.787288 Recall@3: 0.905961 time: 4668s
2021-06-13 06:03:56,407 DEBUG   Epoch 91 - avg_train_loss: 0.0019  avg_val_loss: 1.3167 F1: 0.709610  Accuracy: 0.787389 Recall@3: 0.906231 time: 4669s
2021-06-13 07:21:42,678 DEBUG   Epoch 92 - avg_train_loss: 0.0019  avg_val_loss: 1.3137 F1: 0.709251  Accuracy: 0.787356 Recall@3: 0.906636 time: 4666s
2021-06-13 08:39:28,570 DEBUG   Epoch 93 - avg_train_loss: 0.0018  avg_val_loss: 1.3240 F1: 0.706888  Accuracy: 0.786072 Recall@3: 0.906535 time: 4666s
2021-06-13 09:57:17,438 DEBUG   Epoch 94 - avg_train_loss: 0.0020  avg_val_loss: 1.3272 F1: 0.710162  Accuracy: 0.787254 Recall@3: 0.905521 time: 4669s
2021-06-13 11:15:05,069 DEBUG   Epoch 95 - avg_train_loss: 0.0018  avg_val_loss: 1.3224 F1: 0.707125  Accuracy: 0.786342 Recall@3: 0.905319 time: 4668s
2021-06-13 12:32:53,066 DEBUG   Epoch 96 - avg_train_loss: 0.0018  avg_val_loss: 1.3242 F1: 0.707940  Accuracy: 0.786950 Recall@3: 0.906197 time: 4668s
2021-06-13 13:50:42,471 DEBUG   Epoch 97 - avg_train_loss: 0.0018  avg_val_loss: 1.3219 F1: 0.709760  Accuracy: 0.787187 Recall@3: 0.905488 time: 4669s
2021-06-13 15:08:29,877 DEBUG   Epoch 98 - avg_train_loss: 0.0019  avg_val_loss: 1.3123 F1: 0.707882  Accuracy: 0.787254 Recall@3: 0.906062 time: 4667s
2021-06-13 16:26:18,122 DEBUG   Epoch 99 - avg_train_loss: 0.0020  avg_val_loss: 1.3255 F1: 0.709801  Accuracy: 0.786545 Recall@3: 0.905961 time: 4668s
2021-06-13 17:44:04,233 DEBUG   Epoch 100 - avg_train_loss: 0.0019  avg_val_loss: 1.3273 F1: 0.708179  Accuracy: 0.787153 Recall@3: 0.905420 time: 4666s
2021-06-13 17:44:04,234 INFO [Train model] done in 467424 s.
