2021-06-06 22:24:41,072 INFO [Train model] start
2021-06-06 23:15:52,904 DEBUG   Epoch 1 - avg_train_loss: 0.7547  avg_val_loss: 1.9475 F1: 0.368310  Accuracy: 0.535919 Recall@3: 0.729405 time: 3069s
2021-06-06 23:15:52,906 DEBUG   Epoch 1 - Save Best Accuracy: 0.535919 Model
2021-06-06 23:15:53,236 DEBUG   Epoch 1 - Save Best Loss: 1.9475 Model
2021-06-07 00:01:50,838 DEBUG   Epoch 2 - avg_train_loss: 0.4409  avg_val_loss: 1.6362 F1: 0.472761  Accuracy: 0.599953 Recall@3: 0.781915 time: 2757s
2021-06-07 00:01:50,839 DEBUG   Epoch 2 - Save Best Accuracy: 0.599953 Model
2021-06-07 00:01:51,196 DEBUG   Epoch 2 - Save Best Loss: 1.6362 Model
2021-06-07 00:44:19,108 DEBUG   Epoch 3 - avg_train_loss: 0.3476  avg_val_loss: 1.4794 F1: 0.514976  Accuracy: 0.636311 Recall@3: 0.809657 time: 2548s
2021-06-07 00:44:19,110 DEBUG   Epoch 3 - Save Best Accuracy: 0.636311 Model
2021-06-07 00:44:19,490 DEBUG   Epoch 3 - Save Best Loss: 1.4794 Model
2021-06-07 01:26:54,367 DEBUG   Epoch 4 - avg_train_loss: 0.2893  avg_val_loss: 1.3817 F1: 0.553797  Accuracy: 0.660607 Recall@3: 0.829492 time: 2555s
2021-06-07 01:26:54,368 DEBUG   Epoch 4 - Save Best Accuracy: 0.660607 Model
2021-06-07 01:26:54,736 DEBUG   Epoch 4 - Save Best Loss: 1.3817 Model
2021-06-07 02:09:26,937 DEBUG   Epoch 5 - avg_train_loss: 0.2474  avg_val_loss: 1.3785 F1: 0.558141  Accuracy: 0.663040 Recall@3: 0.832601 time: 2552s
2021-06-07 02:09:26,939 DEBUG   Epoch 5 - Save Best Accuracy: 0.663040 Model
2021-06-07 02:09:27,337 DEBUG   Epoch 5 - Save Best Loss: 1.3785 Model
2021-06-07 02:51:48,950 DEBUG   Epoch 6 - avg_train_loss: 0.2127  avg_val_loss: 1.3340 F1: 0.580295  Accuracy: 0.678516 Recall@3: 0.842738 time: 2541s
2021-06-07 02:51:48,951 DEBUG   Epoch 6 - Save Best Accuracy: 0.678516 Model
2021-06-07 02:51:49,675 DEBUG   Epoch 6 - Save Best Loss: 1.3340 Model
2021-06-07 03:34:15,309 DEBUG   Epoch 7 - avg_train_loss: 0.1823  avg_val_loss: 1.3187 F1: 0.581970  Accuracy: 0.680205 Recall@3: 0.848652 time: 2545s
2021-06-07 03:34:15,310 DEBUG   Epoch 7 - Save Best Accuracy: 0.680205 Model
2021-06-07 03:34:15,732 DEBUG   Epoch 7 - Save Best Loss: 1.3187 Model
2021-06-07 04:16:27,677 DEBUG   Epoch 8 - avg_train_loss: 0.1572  avg_val_loss: 1.3277 F1: 0.591990  Accuracy: 0.688518 Recall@3: 0.847638 time: 2532s
2021-06-07 04:16:27,679 DEBUG   Epoch 8 - Save Best Accuracy: 0.688518 Model
2021-06-07 04:58:25,121 DEBUG   Epoch 9 - avg_train_loss: 0.1356  avg_val_loss: 1.3209 F1: 0.600696  Accuracy: 0.695276 Recall@3: 0.854903 time: 2517s
2021-06-07 04:58:25,122 DEBUG   Epoch 9 - Save Best Accuracy: 0.695276 Model
2021-06-07 05:40:09,586 DEBUG   Epoch 10 - avg_train_loss: 0.1074  avg_val_loss: 1.3586 F1: 0.609702  Accuracy: 0.700007 Recall@3: 0.856525 time: 2504s
2021-06-07 05:40:09,587 DEBUG   Epoch 10 - Save Best Accuracy: 0.700007 Model
2021-06-07 06:21:30,569 DEBUG   Epoch 11 - avg_train_loss: 0.0899  avg_val_loss: 1.3547 F1: 0.615498  Accuracy: 0.703994 Recall@3: 0.857640 time: 2481s
2021-06-07 06:21:30,570 DEBUG   Epoch 11 - Save Best Accuracy: 0.703994 Model
2021-06-07 07:02:47,122 DEBUG   Epoch 12 - avg_train_loss: 0.0719  avg_val_loss: 1.3702 F1: 0.619595  Accuracy: 0.708927 Recall@3: 0.859972 time: 2476s
2021-06-07 07:02:47,124 DEBUG   Epoch 12 - Save Best Accuracy: 0.708927 Model
2021-06-07 07:44:04,539 DEBUG   Epoch 13 - avg_train_loss: 0.0600  avg_val_loss: 1.3967 F1: 0.620192  Accuracy: 0.709603 Recall@3: 0.859465 time: 2477s
2021-06-07 07:44:04,540 DEBUG   Epoch 13 - Save Best Accuracy: 0.709603 Model
2021-06-07 08:25:22,329 DEBUG   Epoch 14 - avg_train_loss: 0.0472  avg_val_loss: 1.4112 F1: 0.623962  Accuracy: 0.710921 Recall@3: 0.863047 time: 2477s
2021-06-07 08:25:22,330 DEBUG   Epoch 14 - Save Best Accuracy: 0.710921 Model
2021-06-07 09:06:37,554 DEBUG   Epoch 15 - avg_train_loss: 0.0409  avg_val_loss: 1.4212 F1: 0.635549  Accuracy: 0.716834 Recall@3: 0.863418 time: 2475s
2021-06-07 09:06:37,554 DEBUG   Epoch 15 - Save Best Accuracy: 0.716834 Model
2021-06-07 09:47:45,602 DEBUG   Epoch 16 - avg_train_loss: 0.0334  avg_val_loss: 1.4338 F1: 0.633131  Accuracy: 0.718828 Recall@3: 0.864432 time: 2467s
2021-06-07 09:47:45,603 DEBUG   Epoch 16 - Save Best Accuracy: 0.718828 Model
2021-06-07 10:28:54,384 DEBUG   Epoch 17 - avg_train_loss: 0.0286  avg_val_loss: 1.4543 F1: 0.632712  Accuracy: 0.719673 Recall@3: 0.866155 time: 2468s
2021-06-07 10:28:54,385 DEBUG   Epoch 17 - Save Best Accuracy: 0.719673 Model
2021-06-07 11:09:53,760 DEBUG   Epoch 18 - avg_train_loss: 0.0233  avg_val_loss: 1.4649 F1: 0.640743  Accuracy: 0.723187 Recall@3: 0.865750 time: 2459s
2021-06-07 11:09:53,761 DEBUG   Epoch 18 - Save Best Accuracy: 0.723187 Model
2021-06-07 11:53:18,293 DEBUG   Epoch 19 - avg_train_loss: 0.0210  avg_val_loss: 1.4786 F1: 0.637324  Accuracy: 0.721565 Recall@3: 0.867541 time: 2604s
2021-06-07 12:42:58,373 DEBUG   Epoch 20 - avg_train_loss: 0.0178  avg_val_loss: 1.4728 F1: 0.639063  Accuracy: 0.725789 Recall@3: 0.870312 time: 2980s
2021-06-07 12:42:58,374 DEBUG   Epoch 20 - Save Best Accuracy: 0.725789 Model
2021-06-07 13:33:00,037 DEBUG   Epoch 21 - avg_train_loss: 0.0161  avg_val_loss: 1.4833 F1: 0.642765  Accuracy: 0.726194 Recall@3: 0.869365 time: 3001s
2021-06-07 13:33:00,040 DEBUG   Epoch 21 - Save Best Accuracy: 0.726194 Model
2021-06-07 14:23:33,681 DEBUG   Epoch 22 - avg_train_loss: 0.0142  avg_val_loss: 1.5107 F1: 0.640998  Accuracy: 0.727783 Recall@3: 0.871697 time: 3033s
2021-06-07 14:23:33,685 DEBUG   Epoch 22 - Save Best Accuracy: 0.727783 Model
2021-06-07 15:14:16,351 DEBUG   Epoch 23 - avg_train_loss: 0.0126  avg_val_loss: 1.5049 F1: 0.643934  Accuracy: 0.727783 Recall@3: 0.872102 time: 3042s
2021-06-07 16:05:02,002 DEBUG   Epoch 24 - avg_train_loss: 0.0111  avg_val_loss: 1.5137 F1: 0.646614  Accuracy: 0.730249 Recall@3: 0.870481 time: 3046s
2021-06-07 16:05:02,004 DEBUG   Epoch 24 - Save Best Accuracy: 0.730249 Model
2021-06-07 16:55:54,867 DEBUG   Epoch 25 - avg_train_loss: 0.0103  avg_val_loss: 1.5170 F1: 0.647560  Accuracy: 0.732311 Recall@3: 0.870176 time: 3052s
2021-06-07 16:55:54,876 DEBUG   Epoch 25 - Save Best Accuracy: 0.732311 Model
2021-06-07 17:46:49,502 DEBUG   Epoch 26 - avg_train_loss: 0.0092  avg_val_loss: 1.5152 F1: 0.653475  Accuracy: 0.735183 Recall@3: 0.872170 time: 3054s
2021-06-07 17:46:49,506 DEBUG   Epoch 26 - Save Best Accuracy: 0.735183 Model
2021-06-07 18:38:51,337 DEBUG   Epoch 27 - avg_train_loss: 0.0089  avg_val_loss: 1.5263 F1: 0.648292  Accuracy: 0.731635 Recall@3: 0.872812 time: 3121s
2021-06-07 19:30:44,613 DEBUG   Epoch 28 - avg_train_loss: 0.0076  avg_val_loss: 1.5258 F1: 0.650686  Accuracy: 0.734608 Recall@3: 0.873860 time: 3113s
2021-06-07 20:22:31,999 DEBUG   Epoch 29 - avg_train_loss: 0.0077  avg_val_loss: 1.5362 F1: 0.649535  Accuracy: 0.733764 Recall@3: 0.872576 time: 3107s
2021-06-07 21:14:06,088 DEBUG   Epoch 30 - avg_train_loss: 0.0072  avg_val_loss: 1.5501 F1: 0.649872  Accuracy: 0.735588 Recall@3: 0.872913 time: 3094s
2021-06-07 21:14:06,089 DEBUG   Epoch 30 - Save Best Accuracy: 0.735588 Model
2021-06-07 22:05:51,593 DEBUG   Epoch 31 - avg_train_loss: 0.0066  avg_val_loss: 1.5550 F1: 0.649196  Accuracy: 0.733122 Recall@3: 0.873589 time: 3105s
2021-06-07 22:56:34,618 DEBUG   Epoch 32 - avg_train_loss: 0.0063  avg_val_loss: 1.5346 F1: 0.653020  Accuracy: 0.735149 Recall@3: 0.875110 time: 3043s
2021-06-07 23:48:10,196 DEBUG   Epoch 33 - avg_train_loss: 0.0058  avg_val_loss: 1.5423 F1: 0.649829  Accuracy: 0.734541 Recall@3: 0.874637 time: 3096s
2021-06-08 00:39:47,905 DEBUG   Epoch 34 - avg_train_loss: 0.0054  avg_val_loss: 1.5560 F1: 0.653018  Accuracy: 0.735588 Recall@3: 0.873386 time: 3098s
2021-06-08 01:32:07,308 DEBUG   Epoch 35 - avg_train_loss: 0.0051  avg_val_loss: 1.5485 F1: 0.652511  Accuracy: 0.736298 Recall@3: 0.872407 time: 3139s
2021-06-08 01:32:07,308 DEBUG   Epoch 35 - Save Best Accuracy: 0.736298 Model
2021-06-08 02:23:54,609 DEBUG   Epoch 36 - avg_train_loss: 0.0053  avg_val_loss: 1.5579 F1: 0.653358  Accuracy: 0.737345 Recall@3: 0.875211 time: 3107s
2021-06-08 02:23:54,610 DEBUG   Epoch 36 - Save Best Accuracy: 0.737345 Model
2021-06-08 03:15:19,115 DEBUG   Epoch 37 - avg_train_loss: 0.0051  avg_val_loss: 1.5764 F1: 0.655205  Accuracy: 0.735926 Recall@3: 0.875076 time: 3084s
2021-06-08 04:06:57,747 DEBUG   Epoch 38 - avg_train_loss: 0.0048  avg_val_loss: 1.5449 F1: 0.657877  Accuracy: 0.738900 Recall@3: 0.876495 time: 3099s
2021-06-08 04:06:57,749 DEBUG   Epoch 38 - Save Best Accuracy: 0.738900 Model
2021-06-08 04:58:39,910 DEBUG   Epoch 39 - avg_train_loss: 0.0046  avg_val_loss: 1.5567 F1: 0.655213  Accuracy: 0.737278 Recall@3: 0.875448 time: 3101s
2021-06-08 05:49:56,052 DEBUG   Epoch 40 - avg_train_loss: 0.0046  avg_val_loss: 1.5775 F1: 0.654409  Accuracy: 0.737312 Recall@3: 0.874907 time: 3076s
2021-06-08 06:40:37,740 DEBUG   Epoch 41 - avg_train_loss: 0.0042  avg_val_loss: 1.5632 F1: 0.657361  Accuracy: 0.738697 Recall@3: 0.875786 time: 3042s
2021-06-08 07:31:40,516 DEBUG   Epoch 42 - avg_train_loss: 0.0039  avg_val_loss: 1.5779 F1: 0.658265  Accuracy: 0.738123 Recall@3: 0.875853 time: 3063s
2021-06-08 08:22:11,161 DEBUG   Epoch 43 - avg_train_loss: 0.0039  avg_val_loss: 1.5674 F1: 0.655912  Accuracy: 0.737345 Recall@3: 0.875617 time: 3031s
2021-06-08 09:12:59,062 DEBUG   Epoch 44 - avg_train_loss: 0.0040  avg_val_loss: 1.5844 F1: 0.656582  Accuracy: 0.738596 Recall@3: 0.876157 time: 3048s
2021-06-08 10:03:50,536 DEBUG   Epoch 45 - avg_train_loss: 0.0038  avg_val_loss: 1.5761 F1: 0.655453  Accuracy: 0.737514 Recall@3: 0.875718 time: 3051s
2021-06-08 10:54:24,432 DEBUG   Epoch 46 - avg_train_loss: 0.0037  avg_val_loss: 1.5787 F1: 0.657004  Accuracy: 0.739238 Recall@3: 0.876630 time: 3034s
2021-06-08 10:54:24,433 DEBUG   Epoch 46 - Save Best Accuracy: 0.739238 Model
2021-06-08 11:45:00,003 DEBUG   Epoch 47 - avg_train_loss: 0.0037  avg_val_loss: 1.5763 F1: 0.659625  Accuracy: 0.741333 Recall@3: 0.876394 time: 3035s
2021-06-08 11:45:00,005 DEBUG   Epoch 47 - Save Best Accuracy: 0.741333 Model
2021-06-08 12:35:47,708 DEBUG   Epoch 48 - avg_train_loss: 0.0035  avg_val_loss: 1.5674 F1: 0.658254  Accuracy: 0.739542 Recall@3: 0.876597 time: 3043s
2021-06-08 13:26:29,038 DEBUG   Epoch 49 - avg_train_loss: 0.0036  avg_val_loss: 1.5778 F1: 0.658348  Accuracy: 0.740218 Recall@3: 0.875718 time: 3041s
2021-06-08 14:16:49,545 DEBUG   Epoch 50 - avg_train_loss: 0.0034  avg_val_loss: 1.5857 F1: 0.659438  Accuracy: 0.741198 Recall@3: 0.876664 time: 3021s
2021-06-08 15:07:34,106 DEBUG   Epoch 51 - avg_train_loss: 0.0032  avg_val_loss: 1.5732 F1: 0.659828  Accuracy: 0.741569 Recall@3: 0.876766 time: 3045s
2021-06-08 15:07:34,107 DEBUG   Epoch 51 - Save Best Accuracy: 0.741569 Model
2021-06-08 15:58:25,319 DEBUG   Epoch 52 - avg_train_loss: 0.0032  avg_val_loss: 1.5647 F1: 0.658654  Accuracy: 0.741062 Recall@3: 0.877543 time: 3051s
2021-06-08 16:49:26,242 DEBUG   Epoch 53 - avg_train_loss: 0.0034  avg_val_loss: 1.6059 F1: 0.656817  Accuracy: 0.740623 Recall@3: 0.875718 time: 3061s
2021-06-08 17:40:58,148 DEBUG   Epoch 54 - avg_train_loss: 0.0032  avg_val_loss: 1.5804 F1: 0.657818  Accuracy: 0.739913 Recall@3: 0.876968 time: 3092s
2021-06-08 18:32:25,705 DEBUG   Epoch 55 - avg_train_loss: 0.0033  avg_val_loss: 1.5713 F1: 0.656791  Accuracy: 0.740623 Recall@3: 0.876732 time: 3088s
2021-06-08 19:24:41,736 DEBUG   Epoch 56 - avg_train_loss: 0.0032  avg_val_loss: 1.5784 F1: 0.656727  Accuracy: 0.739947 Recall@3: 0.876968 time: 3136s
2021-06-08 20:16:37,714 DEBUG   Epoch 57 - avg_train_loss: 0.0031  avg_val_loss: 1.5765 F1: 0.655593  Accuracy: 0.739136 Recall@3: 0.876597 time: 3116s
2021-06-08 21:08:13,425 DEBUG   Epoch 58 - avg_train_loss: 0.0029  avg_val_loss: 1.5789 F1: 0.659749  Accuracy: 0.740961 Recall@3: 0.877881 time: 3096s
2021-06-08 21:59:38,123 DEBUG   Epoch 59 - avg_train_loss: 0.0031  avg_val_loss: 1.5795 F1: 0.658100  Accuracy: 0.740218 Recall@3: 0.877745 time: 3085s
2021-06-08 22:51:37,901 DEBUG   Epoch 60 - avg_train_loss: 0.0030  avg_val_loss: 1.5982 F1: 0.658134  Accuracy: 0.741806 Recall@3: 0.876022 time: 3120s
2021-06-08 22:51:37,903 DEBUG   Epoch 60 - Save Best Accuracy: 0.741806 Model
2021-06-08 23:43:47,462 DEBUG   Epoch 61 - avg_train_loss: 0.0029  avg_val_loss: 1.5749 F1: 0.658446  Accuracy: 0.740353 Recall@3: 0.877374 time: 3129s
2021-06-09 00:35:56,992 DEBUG   Epoch 62 - avg_train_loss: 0.0030  avg_val_loss: 1.5667 F1: 0.657516  Accuracy: 0.741096 Recall@3: 0.877070 time: 3130s
2021-06-09 01:27:15,587 DEBUG   Epoch 63 - avg_train_loss: 0.0030  avg_val_loss: 1.5781 F1: 0.658917  Accuracy: 0.740893 Recall@3: 0.876597 time: 3079s
2021-06-09 02:18:42,766 DEBUG   Epoch 64 - avg_train_loss: 0.0028  avg_val_loss: 1.5874 F1: 0.660204  Accuracy: 0.741603 Recall@3: 0.877914 time: 3087s
2021-06-09 03:10:26,079 DEBUG   Epoch 65 - avg_train_loss: 0.0026  avg_val_loss: 1.6143 F1: 0.660829  Accuracy: 0.742819 Recall@3: 0.876191 time: 3103s
2021-06-09 03:10:26,084 DEBUG   Epoch 65 - Save Best Accuracy: 0.742819 Model
2021-06-09 04:02:37,082 DEBUG   Epoch 66 - avg_train_loss: 0.0030  avg_val_loss: 1.5910 F1: 0.660461  Accuracy: 0.740724 Recall@3: 0.876259 time: 3130s
2021-06-09 04:54:33,104 DEBUG   Epoch 67 - avg_train_loss: 0.0028  avg_val_loss: 1.6012 F1: 0.659324  Accuracy: 0.740995 Recall@3: 0.876461 time: 3116s
2021-06-09 05:45:56,254 DEBUG   Epoch 68 - avg_train_loss: 0.0028  avg_val_loss: 1.5806 F1: 0.659518  Accuracy: 0.741400 Recall@3: 0.875448 time: 3083s
2021-06-09 06:36:36,055 DEBUG   Epoch 69 - avg_train_loss: 0.0027  avg_val_loss: 1.5943 F1: 0.659095  Accuracy: 0.741603 Recall@3: 0.876428 time: 3040s
2021-06-09 07:26:35,442 DEBUG   Epoch 70 - avg_train_loss: 0.0027  avg_val_loss: 1.5850 F1: 0.657469  Accuracy: 0.741873 Recall@3: 0.877171 time: 2999s
2021-06-09 08:16:58,511 DEBUG   Epoch 71 - avg_train_loss: 0.0028  avg_val_loss: 1.5866 F1: 0.656573  Accuracy: 0.740150 Recall@3: 0.876968 time: 3023s
2021-06-09 09:07:13,124 DEBUG   Epoch 72 - avg_train_loss: 0.0027  avg_val_loss: 1.6027 F1: 0.657118  Accuracy: 0.740420 Recall@3: 0.876597 time: 3015s
2021-06-09 09:57:09,814 DEBUG   Epoch 73 - avg_train_loss: 0.0028  avg_val_loss: 1.5851 F1: 0.659117  Accuracy: 0.741535 Recall@3: 0.877543 time: 2997s
2021-06-09 10:47:01,299 DEBUG   Epoch 74 - avg_train_loss: 0.0027  avg_val_loss: 1.5899 F1: 0.660163  Accuracy: 0.741907 Recall@3: 0.876698 time: 2991s
2021-06-09 11:36:51,957 DEBUG   Epoch 75 - avg_train_loss: 0.0027  avg_val_loss: 1.5819 F1: 0.661302  Accuracy: 0.742955 Recall@3: 0.877103 time: 2991s
2021-06-09 11:36:51,958 DEBUG   Epoch 75 - Save Best Accuracy: 0.742955 Model
2021-06-09 12:27:12,396 DEBUG   Epoch 76 - avg_train_loss: 0.0028  avg_val_loss: 1.5907 F1: 0.661107  Accuracy: 0.741671 Recall@3: 0.877813 time: 3020s
2021-06-09 13:17:09,203 DEBUG   Epoch 77 - avg_train_loss: 0.0026  avg_val_loss: 1.6049 F1: 0.657408  Accuracy: 0.739609 Recall@3: 0.876630 time: 2997s
2021-06-09 14:07:13,200 DEBUG   Epoch 78 - avg_train_loss: 0.0026  avg_val_loss: 1.6031 F1: 0.659817  Accuracy: 0.742076 Recall@3: 0.877577 time: 3004s
2021-06-09 14:57:01,004 DEBUG   Epoch 79 - avg_train_loss: 0.0027  avg_val_loss: 1.5933 F1: 0.659534  Accuracy: 0.741468 Recall@3: 0.877103 time: 2988s
2021-06-09 15:47:09,416 DEBUG   Epoch 80 - avg_train_loss: 0.0026  avg_val_loss: 1.5859 F1: 0.659206  Accuracy: 0.741671 Recall@3: 0.876968 time: 3008s
2021-06-09 16:37:40,224 DEBUG   Epoch 81 - avg_train_loss: 0.0027  avg_val_loss: 1.5864 F1: 0.658499  Accuracy: 0.740995 Recall@3: 0.877948 time: 3031s
2021-06-09 17:28:45,934 DEBUG   Epoch 82 - avg_train_loss: 0.0027  avg_val_loss: 1.5781 F1: 0.659982  Accuracy: 0.742245 Recall@3: 0.877712 time: 3066s
2021-06-09 18:20:26,713 DEBUG   Epoch 83 - avg_train_loss: 0.0026  avg_val_loss: 1.6134 F1: 0.659340  Accuracy: 0.742009 Recall@3: 0.877779 time: 3101s
2021-06-09 19:11:17,633 DEBUG   Epoch 84 - avg_train_loss: 0.0026  avg_val_loss: 1.5877 F1: 0.659965  Accuracy: 0.741603 Recall@3: 0.876732 time: 3051s
2021-06-09 20:02:23,525 DEBUG   Epoch 85 - avg_train_loss: 0.0025  avg_val_loss: 1.5954 F1: 0.659098  Accuracy: 0.742009 Recall@3: 0.878421 time: 3066s
2021-06-09 20:54:10,129 DEBUG   Epoch 86 - avg_train_loss: 0.0028  avg_val_loss: 1.5771 F1: 0.661121  Accuracy: 0.741907 Recall@3: 0.877577 time: 3107s
2021-06-09 21:46:06,195 DEBUG   Epoch 87 - avg_train_loss: 0.0026  avg_val_loss: 1.6025 F1: 0.660602  Accuracy: 0.741637 Recall@3: 0.877408 time: 3116s
2021-06-09 22:38:25,603 DEBUG   Epoch 88 - avg_train_loss: 0.0025  avg_val_loss: 1.5950 F1: 0.660297  Accuracy: 0.741333 Recall@3: 0.876935 time: 3139s
2021-06-09 23:29:57,396 DEBUG   Epoch 89 - avg_train_loss: 0.0026  avg_val_loss: 1.6033 F1: 0.659837  Accuracy: 0.740961 Recall@3: 0.877779 time: 3092s
2021-06-10 00:21:27,791 DEBUG   Epoch 90 - avg_train_loss: 0.0025  avg_val_loss: 1.5939 F1: 0.659196  Accuracy: 0.740420 Recall@3: 0.876225 time: 3090s
2021-06-10 01:12:54,573 DEBUG   Epoch 91 - avg_train_loss: 0.0025  avg_val_loss: 1.5953 F1: 0.660308  Accuracy: 0.741941 Recall@3: 0.877847 time: 3087s
2021-06-10 02:04:39,776 DEBUG   Epoch 92 - avg_train_loss: 0.0026  avg_val_loss: 1.5883 F1: 0.658693  Accuracy: 0.741468 Recall@3: 0.877914 time: 3105s
2021-06-10 02:56:21,575 DEBUG   Epoch 93 - avg_train_loss: 0.0024  avg_val_loss: 1.6002 F1: 0.658055  Accuracy: 0.740792 Recall@3: 0.877103 time: 3102s
2021-06-10 03:47:39,286 DEBUG   Epoch 94 - avg_train_loss: 0.0027  avg_val_loss: 1.5947 F1: 0.659900  Accuracy: 0.741603 Recall@3: 0.877644 time: 3078s
2021-06-10 04:39:05,801 DEBUG   Epoch 95 - avg_train_loss: 0.0025  avg_val_loss: 1.6022 F1: 0.660053  Accuracy: 0.742110 Recall@3: 0.876968 time: 3087s
2021-06-10 05:30:38,491 DEBUG   Epoch 96 - avg_train_loss: 0.0025  avg_val_loss: 1.6075 F1: 0.660245  Accuracy: 0.742380 Recall@3: 0.877813 time: 3093s
2021-06-10 06:22:35,958 DEBUG   Epoch 97 - avg_train_loss: 0.0025  avg_val_loss: 1.6040 F1: 0.659324  Accuracy: 0.741400 Recall@3: 0.877745 time: 3117s
2021-06-10 07:14:23,170 DEBUG   Epoch 98 - avg_train_loss: 0.0027  avg_val_loss: 1.5888 F1: 0.659513  Accuracy: 0.741535 Recall@3: 0.877272 time: 3107s
2021-06-10 08:05:50,297 DEBUG   Epoch 99 - avg_train_loss: 0.0025  avg_val_loss: 1.6036 F1: 0.660860  Accuracy: 0.741975 Recall@3: 0.877847 time: 3087s
2021-06-10 08:57:02,037 DEBUG   Epoch 100 - avg_train_loss: 0.0025  avg_val_loss: 1.6023 F1: 0.659649  Accuracy: 0.742549 Recall@3: 0.877813 time: 3072s
2021-06-10 08:57:02,040 INFO [Train model] done in 297141 s.
