2021-06-11 17:36:56,536 INFO [Train model] start
2021-06-11 18:18:29,130 DEBUG   Epoch 1 - avg_train_loss: 0.6233  avg_val_loss: 1.6840 F1: 0.445483  Accuracy: 0.595121 Recall@3: 0.776678 time: 2491s
2021-06-11 18:18:29,132 DEBUG   Epoch 1 - Save Best Accuracy: 0.595121 Model
2021-06-11 18:18:29,513 DEBUG   Epoch 1 - Save Best Loss: 1.6840 Model
2021-06-11 19:01:25,262 DEBUG   Epoch 2 - avg_train_loss: 0.3415  avg_val_loss: 1.4624 F1: 0.531166  Accuracy: 0.637798 Recall@3: 0.814692 time: 2575s
2021-06-11 19:01:25,263 DEBUG   Epoch 2 - Save Best Accuracy: 0.637798 Model
2021-06-11 19:01:26,334 DEBUG   Epoch 2 - Save Best Loss: 1.4624 Model
2021-06-11 19:44:04,914 DEBUG   Epoch 3 - avg_train_loss: 0.2544  avg_val_loss: 1.3936 F1: 0.558500  Accuracy: 0.656349 Recall@3: 0.828073 time: 2558s
2021-06-11 19:44:04,915 DEBUG   Epoch 3 - Save Best Accuracy: 0.656349 Model
2021-06-11 19:44:05,592 DEBUG   Epoch 3 - Save Best Loss: 1.3936 Model
2021-06-11 20:27:05,718 DEBUG   Epoch 4 - avg_train_loss: 0.1972  avg_val_loss: 1.3596 F1: 0.578067  Accuracy: 0.668345 Recall@3: 0.837873 time: 2580s
2021-06-11 20:27:05,719 DEBUG   Epoch 4 - Save Best Accuracy: 0.668345 Model
2021-06-11 20:27:06,326 DEBUG   Epoch 4 - Save Best Loss: 1.3596 Model
2021-06-11 21:10:22,637 DEBUG   Epoch 5 - avg_train_loss: 0.1483  avg_val_loss: 1.4068 F1: 0.585201  Accuracy: 0.668548 Recall@3: 0.835000 time: 2596s
2021-06-11 21:10:22,639 DEBUG   Epoch 5 - Save Best Accuracy: 0.668548 Model
2021-06-11 21:53:38,806 DEBUG   Epoch 6 - avg_train_loss: 0.1107  avg_val_loss: 1.4119 F1: 0.592534  Accuracy: 0.677536 Recall@3: 0.843583 time: 2596s
2021-06-11 21:53:38,807 DEBUG   Epoch 6 - Save Best Accuracy: 0.677536 Model
2021-06-11 22:37:02,126 DEBUG   Epoch 7 - avg_train_loss: 0.0720  avg_val_loss: 1.4036 F1: 0.611429  Accuracy: 0.687437 Recall@3: 0.846219 time: 2603s
2021-06-11 22:37:02,127 DEBUG   Epoch 7 - Save Best Accuracy: 0.687437 Model
2021-06-11 23:20:47,279 DEBUG   Epoch 8 - avg_train_loss: 0.0502  avg_val_loss: 1.4268 F1: 0.609810  Accuracy: 0.690072 Recall@3: 0.850071 time: 2625s
2021-06-11 23:20:47,280 DEBUG   Epoch 8 - Save Best Accuracy: 0.690072 Model
2021-06-12 00:04:16,225 DEBUG   Epoch 9 - avg_train_loss: 0.0307  avg_val_loss: 1.4054 F1: 0.623793  Accuracy: 0.701629 Recall@3: 0.854734 time: 2608s
2021-06-12 00:04:16,226 DEBUG   Epoch 9 - Save Best Accuracy: 0.701629 Model
2021-06-12 00:47:36,009 DEBUG   Epoch 10 - avg_train_loss: 0.0220  avg_val_loss: 1.4007 F1: 0.627968  Accuracy: 0.707306 Recall@3: 0.859397 time: 2599s
2021-06-12 00:47:36,011 DEBUG   Epoch 10 - Save Best Accuracy: 0.707306 Model
2021-06-12 01:30:43,142 DEBUG   Epoch 11 - avg_train_loss: 0.0148  avg_val_loss: 1.4056 F1: 0.632924  Accuracy: 0.710989 Recall@3: 0.861357 time: 2586s
2021-06-12 01:30:43,150 DEBUG   Epoch 11 - Save Best Accuracy: 0.710989 Model
2021-06-12 02:14:18,460 DEBUG   Epoch 12 - avg_train_loss: 0.0120  avg_val_loss: 1.4026 F1: 0.635292  Accuracy: 0.713591 Recall@3: 0.864398 time: 2614s
2021-06-12 02:14:18,461 DEBUG   Epoch 12 - Save Best Accuracy: 0.713591 Model
2021-06-12 02:57:41,849 DEBUG   Epoch 13 - avg_train_loss: 0.0088  avg_val_loss: 1.4044 F1: 0.636231  Accuracy: 0.716057 Recall@3: 0.864770 time: 2603s
2021-06-12 02:57:41,850 DEBUG   Epoch 13 - Save Best Accuracy: 0.716057 Model
2021-06-12 03:40:40,096 DEBUG   Epoch 14 - avg_train_loss: 0.0079  avg_val_loss: 1.3993 F1: 0.642002  Accuracy: 0.720450 Recall@3: 0.865885 time: 2578s
2021-06-12 03:40:40,096 DEBUG   Epoch 14 - Save Best Accuracy: 0.720450 Model
2021-06-12 04:24:46,441 DEBUG   Epoch 15 - avg_train_loss: 0.0065  avg_val_loss: 1.4023 F1: 0.641463  Accuracy: 0.721396 Recall@3: 0.867169 time: 2646s
2021-06-12 04:24:46,442 DEBUG   Epoch 15 - Save Best Accuracy: 0.721396 Model
2021-06-12 05:08:40,492 DEBUG   Epoch 16 - avg_train_loss: 0.0058  avg_val_loss: 1.3946 F1: 0.644695  Accuracy: 0.724640 Recall@3: 0.870785 time: 2633s
2021-06-12 05:08:40,494 DEBUG   Epoch 16 - Save Best Accuracy: 0.724640 Model
2021-06-12 05:53:17,035 DEBUG   Epoch 17 - avg_train_loss: 0.0049  avg_val_loss: 1.4093 F1: 0.641276  Accuracy: 0.721430 Recall@3: 0.867237 time: 2675s
2021-06-12 06:37:13,474 DEBUG   Epoch 18 - avg_train_loss: 0.0048  avg_val_loss: 1.3996 F1: 0.645566  Accuracy: 0.725789 Recall@3: 0.871494 time: 2636s
2021-06-12 06:37:13,475 DEBUG   Epoch 18 - Save Best Accuracy: 0.725789 Model
2021-06-12 07:21:40,688 DEBUG   Epoch 19 - avg_train_loss: 0.0042  avg_val_loss: 1.4041 F1: 0.649732  Accuracy: 0.728290 Recall@3: 0.869974 time: 2667s
2021-06-12 07:21:40,689 DEBUG   Epoch 19 - Save Best Accuracy: 0.728290 Model
2021-06-12 08:05:57,296 DEBUG   Epoch 20 - avg_train_loss: 0.0039  avg_val_loss: 1.4064 F1: 0.645732  Accuracy: 0.725823 Recall@3: 0.871055 time: 2656s
2021-06-12 08:52:17,001 DEBUG   Epoch 21 - avg_train_loss: 0.0037  avg_val_loss: 1.4053 F1: 0.646974  Accuracy: 0.726803 Recall@3: 0.870818 time: 2780s
2021-06-12 09:34:36,821 DEBUG   Epoch 22 - avg_train_loss: 0.0036  avg_val_loss: 1.4080 F1: 0.648037  Accuracy: 0.728121 Recall@3: 0.870582 time: 2540s
2021-06-12 10:12:47,923 DEBUG   Epoch 23 - avg_train_loss: 0.0035  avg_val_loss: 1.4037 F1: 0.651009  Accuracy: 0.729236 Recall@3: 0.871697 time: 2291s
2021-06-12 10:12:47,924 DEBUG   Epoch 23 - Save Best Accuracy: 0.729236 Model
2021-06-12 10:51:21,128 DEBUG   Epoch 24 - avg_train_loss: 0.0030  avg_val_loss: 1.4113 F1: 0.651186  Accuracy: 0.728357 Recall@3: 0.871460 time: 2313s
2021-06-12 11:30:04,885 DEBUG   Epoch 25 - avg_train_loss: 0.0028  avg_val_loss: 1.4050 F1: 0.652115  Accuracy: 0.730891 Recall@3: 0.871427 time: 2324s
2021-06-12 11:30:04,886 DEBUG   Epoch 25 - Save Best Accuracy: 0.730891 Model
2021-06-12 12:08:42,950 DEBUG   Epoch 26 - avg_train_loss: 0.0030  avg_val_loss: 1.4026 F1: 0.651347  Accuracy: 0.731263 Recall@3: 0.873893 time: 2316s
2021-06-12 12:08:42,951 DEBUG   Epoch 26 - Save Best Accuracy: 0.731263 Model
2021-06-12 12:47:23,069 DEBUG   Epoch 27 - avg_train_loss: 0.0027  avg_val_loss: 1.4070 F1: 0.652386  Accuracy: 0.730858 Recall@3: 0.872778 time: 2319s
2021-06-12 13:25:56,334 DEBUG   Epoch 28 - avg_train_loss: 0.0028  avg_val_loss: 1.4045 F1: 0.654999  Accuracy: 0.732817 Recall@3: 0.872880 time: 2313s
2021-06-12 13:25:56,335 DEBUG   Epoch 28 - Save Best Accuracy: 0.732817 Model
2021-06-12 14:04:38,489 DEBUG   Epoch 29 - avg_train_loss: 0.0025  avg_val_loss: 1.4085 F1: 0.655723  Accuracy: 0.733291 Recall@3: 0.872913 time: 2322s
2021-06-12 14:04:38,491 DEBUG   Epoch 29 - Save Best Accuracy: 0.733291 Model
2021-06-12 14:43:22,419 DEBUG   Epoch 30 - avg_train_loss: 0.0023  avg_val_loss: 1.4033 F1: 0.653885  Accuracy: 0.732344 Recall@3: 0.872913 time: 2323s
2021-06-12 15:21:56,204 DEBUG   Epoch 31 - avg_train_loss: 0.0023  avg_val_loss: 1.4048 F1: 0.655566  Accuracy: 0.732817 Recall@3: 0.874502 time: 2314s
2021-06-12 16:00:40,350 DEBUG   Epoch 32 - avg_train_loss: 0.0021  avg_val_loss: 1.4065 F1: 0.652099  Accuracy: 0.731432 Recall@3: 0.873589 time: 2324s
2021-06-12 16:39:17,441 DEBUG   Epoch 33 - avg_train_loss: 0.0021  avg_val_loss: 1.4066 F1: 0.652779  Accuracy: 0.732851 Recall@3: 0.874029 time: 2317s
2021-06-12 17:17:49,658 DEBUG   Epoch 34 - avg_train_loss: 0.0022  avg_val_loss: 1.4093 F1: 0.653949  Accuracy: 0.732108 Recall@3: 0.873995 time: 2312s
2021-06-12 17:56:20,608 DEBUG   Epoch 35 - avg_train_loss: 0.0020  avg_val_loss: 1.4088 F1: 0.655208  Accuracy: 0.733392 Recall@3: 0.873218 time: 2311s
2021-06-12 17:56:20,609 DEBUG   Epoch 35 - Save Best Accuracy: 0.733392 Model
2021-06-12 18:34:36,663 DEBUG   Epoch 36 - avg_train_loss: 0.0021  avg_val_loss: 1.4079 F1: 0.654205  Accuracy: 0.733662 Recall@3: 0.873724 time: 2295s
2021-06-12 18:34:36,664 DEBUG   Epoch 36 - Save Best Accuracy: 0.733662 Model
2021-06-12 19:12:49,918 DEBUG   Epoch 37 - avg_train_loss: 0.0020  avg_val_loss: 1.4068 F1: 0.654536  Accuracy: 0.733122 Recall@3: 0.873826 time: 2292s
2021-06-12 19:51:26,796 DEBUG   Epoch 38 - avg_train_loss: 0.0018  avg_val_loss: 1.4071 F1: 0.651856  Accuracy: 0.732175 Recall@3: 0.874265 time: 2317s
2021-06-12 20:29:48,124 DEBUG   Epoch 39 - avg_train_loss: 0.0018  avg_val_loss: 1.4060 F1: 0.655069  Accuracy: 0.733088 Recall@3: 0.874569 time: 2301s
2021-06-12 21:07:54,110 DEBUG   Epoch 40 - avg_train_loss: 0.0017  avg_val_loss: 1.4091 F1: 0.654853  Accuracy: 0.733426 Recall@3: 0.874062 time: 2286s
2021-06-12 21:45:01,898 DEBUG   Epoch 41 - avg_train_loss: 0.0018  avg_val_loss: 1.4130 F1: 0.653960  Accuracy: 0.733662 Recall@3: 0.873116 time: 2228s
2021-06-12 22:22:10,733 DEBUG   Epoch 42 - avg_train_loss: 0.0017  avg_val_loss: 1.4083 F1: 0.653438  Accuracy: 0.733392 Recall@3: 0.873251 time: 2229s
2021-06-12 22:59:31,878 DEBUG   Epoch 43 - avg_train_loss: 0.0017  avg_val_loss: 1.4108 F1: 0.654574  Accuracy: 0.733257 Recall@3: 0.873860 time: 2241s
2021-06-12 23:36:37,008 DEBUG   Epoch 44 - avg_train_loss: 0.0016  avg_val_loss: 1.4109 F1: 0.655309  Accuracy: 0.734473 Recall@3: 0.874333 time: 2225s
2021-06-12 23:36:37,009 DEBUG   Epoch 44 - Save Best Accuracy: 0.734473 Model
2021-06-13 00:13:37,540 DEBUG   Epoch 45 - avg_train_loss: 0.0016  avg_val_loss: 1.4092 F1: 0.655600  Accuracy: 0.734879 Recall@3: 0.874839 time: 2220s
2021-06-13 00:13:37,542 DEBUG   Epoch 45 - Save Best Accuracy: 0.734879 Model
2021-06-13 00:50:38,390 DEBUG   Epoch 46 - avg_train_loss: 0.0016  avg_val_loss: 1.4081 F1: 0.655589  Accuracy: 0.733966 Recall@3: 0.875245 time: 2220s
2021-06-13 01:27:36,302 DEBUG   Epoch 47 - avg_train_loss: 0.0015  avg_val_loss: 1.4064 F1: 0.656331  Accuracy: 0.735048 Recall@3: 0.874704 time: 2218s
2021-06-13 01:27:36,304 DEBUG   Epoch 47 - Save Best Accuracy: 0.735048 Model
2021-06-13 02:04:33,294 DEBUG   Epoch 48 - avg_train_loss: 0.0015  avg_val_loss: 1.4076 F1: 0.653645  Accuracy: 0.733291 Recall@3: 0.875549 time: 2217s
2021-06-13 02:41:11,212 DEBUG   Epoch 49 - avg_train_loss: 0.0015  avg_val_loss: 1.4088 F1: 0.655182  Accuracy: 0.734608 Recall@3: 0.875177 time: 2198s
2021-06-13 03:17:57,331 DEBUG   Epoch 50 - avg_train_loss: 0.0015  avg_val_loss: 1.4072 F1: 0.655551  Accuracy: 0.734912 Recall@3: 0.874468 time: 2206s
2021-06-13 03:54:47,732 DEBUG   Epoch 51 - avg_train_loss: 0.0015  avg_val_loss: 1.4082 F1: 0.657606  Accuracy: 0.735690 Recall@3: 0.874772 time: 2210s
2021-06-13 03:54:47,733 DEBUG   Epoch 51 - Save Best Accuracy: 0.735690 Model
2021-06-13 04:31:20,399 DEBUG   Epoch 52 - avg_train_loss: 0.0015  avg_val_loss: 1.4087 F1: 0.656308  Accuracy: 0.734946 Recall@3: 0.875177 time: 2192s
2021-06-13 05:08:12,556 DEBUG   Epoch 53 - avg_train_loss: 0.0014  avg_val_loss: 1.4074 F1: 0.655418  Accuracy: 0.735149 Recall@3: 0.875211 time: 2212s
2021-06-13 05:45:16,100 DEBUG   Epoch 54 - avg_train_loss: 0.0014  avg_val_loss: 1.4099 F1: 0.654387  Accuracy: 0.734439 Recall@3: 0.874873 time: 2224s
2021-06-13 06:22:08,353 DEBUG   Epoch 55 - avg_train_loss: 0.0014  avg_val_loss: 1.4095 F1: 0.655727  Accuracy: 0.734912 Recall@3: 0.875921 time: 2212s
2021-06-13 06:58:51,862 DEBUG   Epoch 56 - avg_train_loss: 0.0014  avg_val_loss: 1.4093 F1: 0.655543  Accuracy: 0.734811 Recall@3: 0.875414 time: 2204s
2021-06-13 07:35:30,070 DEBUG   Epoch 57 - avg_train_loss: 0.0014  avg_val_loss: 1.4100 F1: 0.654462  Accuracy: 0.734439 Recall@3: 0.875819 time: 2198s
2021-06-13 08:12:06,149 DEBUG   Epoch 58 - avg_train_loss: 0.0013  avg_val_loss: 1.4111 F1: 0.654607  Accuracy: 0.734676 Recall@3: 0.876056 time: 2196s
2021-06-13 08:48:55,254 DEBUG   Epoch 59 - avg_train_loss: 0.0014  avg_val_loss: 1.4103 F1: 0.655957  Accuracy: 0.734879 Recall@3: 0.875617 time: 2209s
2021-06-13 09:25:41,581 DEBUG   Epoch 60 - avg_train_loss: 0.0013  avg_val_loss: 1.4101 F1: 0.655721  Accuracy: 0.734946 Recall@3: 0.876090 time: 2206s
2021-06-13 10:02:37,763 DEBUG   Epoch 61 - avg_train_loss: 0.0014  avg_val_loss: 1.4116 F1: 0.655176  Accuracy: 0.734541 Recall@3: 0.875684 time: 2216s
2021-06-13 10:39:37,776 DEBUG   Epoch 62 - avg_train_loss: 0.0013  avg_val_loss: 1.4111 F1: 0.655637  Accuracy: 0.735217 Recall@3: 0.875313 time: 2220s
2021-06-13 11:16:15,606 DEBUG   Epoch 63 - avg_train_loss: 0.0014  avg_val_loss: 1.4103 F1: 0.655427  Accuracy: 0.735453 Recall@3: 0.875786 time: 2198s
2021-06-13 11:53:00,882 DEBUG   Epoch 64 - avg_train_loss: 0.0013  avg_val_loss: 1.4109 F1: 0.656031  Accuracy: 0.735791 Recall@3: 0.875955 time: 2205s
2021-06-13 11:53:00,883 DEBUG   Epoch 64 - Save Best Accuracy: 0.735791 Model
2021-06-13 12:29:51,722 DEBUG   Epoch 65 - avg_train_loss: 0.0012  avg_val_loss: 1.4110 F1: 0.655278  Accuracy: 0.734845 Recall@3: 0.875583 time: 2210s
2021-06-13 13:06:45,158 DEBUG   Epoch 66 - avg_train_loss: 0.0013  avg_val_loss: 1.4109 F1: 0.656678  Accuracy: 0.735859 Recall@3: 0.875988 time: 2213s
2021-06-13 13:06:45,160 DEBUG   Epoch 66 - Save Best Accuracy: 0.735859 Model
2021-06-13 13:43:39,298 DEBUG   Epoch 67 - avg_train_loss: 0.0013  avg_val_loss: 1.4095 F1: 0.655340  Accuracy: 0.735588 Recall@3: 0.876191 time: 2212s
2021-06-13 14:20:26,592 DEBUG   Epoch 68 - avg_train_loss: 0.0013  avg_val_loss: 1.4098 F1: 0.655967  Accuracy: 0.735622 Recall@3: 0.875853 time: 2207s
2021-06-13 14:57:04,662 DEBUG   Epoch 69 - avg_train_loss: 0.0012  avg_val_loss: 1.4106 F1: 0.655784  Accuracy: 0.735419 Recall@3: 0.876090 time: 2198s
2021-06-13 15:33:24,118 DEBUG   Epoch 70 - avg_train_loss: 0.0013  avg_val_loss: 1.4103 F1: 0.656298  Accuracy: 0.735588 Recall@3: 0.875549 time: 2179s
2021-06-13 16:09:41,632 DEBUG   Epoch 71 - avg_train_loss: 0.0012  avg_val_loss: 1.4111 F1: 0.656619  Accuracy: 0.735791 Recall@3: 0.875144 time: 2178s
2021-06-13 16:46:19,346 DEBUG   Epoch 72 - avg_train_loss: 0.0014  avg_val_loss: 1.4109 F1: 0.656190  Accuracy: 0.735419 Recall@3: 0.875617 time: 2198s
2021-06-13 17:22:44,614 DEBUG   Epoch 73 - avg_train_loss: 0.0012  avg_val_loss: 1.4108 F1: 0.656124  Accuracy: 0.736028 Recall@3: 0.875279 time: 2185s
2021-06-13 17:22:44,616 DEBUG   Epoch 73 - Save Best Accuracy: 0.736028 Model
2021-06-13 17:59:04,271 DEBUG   Epoch 74 - avg_train_loss: 0.0013  avg_val_loss: 1.4108 F1: 0.656330  Accuracy: 0.735723 Recall@3: 0.875482 time: 2179s
2021-06-13 18:35:15,412 DEBUG   Epoch 75 - avg_train_loss: 0.0012  avg_val_loss: 1.4106 F1: 0.656319  Accuracy: 0.735859 Recall@3: 0.875853 time: 2171s
2021-06-13 19:11:19,919 DEBUG   Epoch 76 - avg_train_loss: 0.0012  avg_val_loss: 1.4109 F1: 0.656073  Accuracy: 0.735521 Recall@3: 0.875786 time: 2165s
2021-06-13 19:47:23,061 DEBUG   Epoch 77 - avg_train_loss: 0.0012  avg_val_loss: 1.4109 F1: 0.655593  Accuracy: 0.735555 Recall@3: 0.875921 time: 2163s
2021-06-13 20:23:46,047 DEBUG   Epoch 78 - avg_train_loss: 0.0012  avg_val_loss: 1.4109 F1: 0.655675  Accuracy: 0.735487 Recall@3: 0.875887 time: 2183s
2021-06-13 20:59:57,372 DEBUG   Epoch 79 - avg_train_loss: 0.0012  avg_val_loss: 1.4110 F1: 0.655638  Accuracy: 0.734980 Recall@3: 0.875955 time: 2171s
2021-06-13 21:36:09,011 DEBUG   Epoch 80 - avg_train_loss: 0.0012  avg_val_loss: 1.4116 F1: 0.655360  Accuracy: 0.734980 Recall@3: 0.875988 time: 2172s
2021-06-13 22:12:31,566 DEBUG   Epoch 81 - avg_train_loss: 0.0012  avg_val_loss: 1.4118 F1: 0.655517  Accuracy: 0.734845 Recall@3: 0.875853 time: 2183s
2021-06-13 22:48:51,188 DEBUG   Epoch 82 - avg_train_loss: 0.0012  avg_val_loss: 1.4115 F1: 0.656109  Accuracy: 0.735521 Recall@3: 0.875650 time: 2180s
2021-06-13 23:25:04,166 DEBUG   Epoch 83 - avg_train_loss: 0.0013  avg_val_loss: 1.4115 F1: 0.656391  Accuracy: 0.736061 Recall@3: 0.875617 time: 2173s
2021-06-13 23:25:04,169 DEBUG   Epoch 83 - Save Best Accuracy: 0.736061 Model
2021-06-14 00:01:40,950 DEBUG   Epoch 84 - avg_train_loss: 0.0013  avg_val_loss: 1.4114 F1: 0.655451  Accuracy: 0.735183 Recall@3: 0.875853 time: 2196s
2021-06-14 00:38:14,488 DEBUG   Epoch 85 - avg_train_loss: 0.0013  avg_val_loss: 1.4119 F1: 0.655523  Accuracy: 0.735386 Recall@3: 0.875853 time: 2194s
2021-06-14 01:14:39,409 DEBUG   Epoch 86 - avg_train_loss: 0.0012  avg_val_loss: 1.4119 F1: 0.655951  Accuracy: 0.735622 Recall@3: 0.875853 time: 2185s
2021-06-14 01:50:56,668 DEBUG   Epoch 87 - avg_train_loss: 0.0012  avg_val_loss: 1.4117 F1: 0.655868  Accuracy: 0.735183 Recall@3: 0.875988 time: 2177s
2021-06-14 02:27:18,231 DEBUG   Epoch 88 - avg_train_loss: 0.0012  avg_val_loss: 1.4121 F1: 0.655899  Accuracy: 0.735386 Recall@3: 0.875988 time: 2182s
2021-06-14 03:03:31,759 DEBUG   Epoch 89 - avg_train_loss: 0.0012  avg_val_loss: 1.4123 F1: 0.656067  Accuracy: 0.735284 Recall@3: 0.875718 time: 2174s
2021-06-14 03:39:53,684 DEBUG   Epoch 90 - avg_train_loss: 0.0011  avg_val_loss: 1.4120 F1: 0.655793  Accuracy: 0.735453 Recall@3: 0.875786 time: 2182s
2021-06-14 04:16:08,076 DEBUG   Epoch 91 - avg_train_loss: 0.0012  avg_val_loss: 1.4121 F1: 0.656035  Accuracy: 0.735656 Recall@3: 0.875650 time: 2174s
2021-06-14 04:52:05,396 DEBUG   Epoch 92 - avg_train_loss: 0.0011  avg_val_loss: 1.4120 F1: 0.656353  Accuracy: 0.735690 Recall@3: 0.875650 time: 2157s
2021-06-14 05:28:15,495 DEBUG   Epoch 93 - avg_train_loss: 0.0012  avg_val_loss: 1.4121 F1: 0.656304  Accuracy: 0.735622 Recall@3: 0.875684 time: 2170s
2021-06-14 06:04:03,855 DEBUG   Epoch 94 - avg_train_loss: 0.0012  avg_val_loss: 1.4121 F1: 0.656870  Accuracy: 0.735690 Recall@3: 0.875853 time: 2148s
2021-06-14 06:39:42,171 DEBUG   Epoch 95 - avg_train_loss: 0.0012  avg_val_loss: 1.4120 F1: 0.656375  Accuracy: 0.735419 Recall@3: 0.875819 time: 2138s
2021-06-14 07:15:18,234 DEBUG   Epoch 96 - avg_train_loss: 0.0012  avg_val_loss: 1.4121 F1: 0.655798  Accuracy: 0.735318 Recall@3: 0.875921 time: 2136s
2021-06-14 07:50:52,337 DEBUG   Epoch 97 - avg_train_loss: 0.0013  avg_val_loss: 1.4121 F1: 0.655547  Accuracy: 0.735115 Recall@3: 0.876022 time: 2134s
2021-06-14 08:26:24,789 DEBUG   Epoch 98 - avg_train_loss: 0.0012  avg_val_loss: 1.4122 F1: 0.656366  Accuracy: 0.735622 Recall@3: 0.875684 time: 2132s
2021-06-14 09:01:52,181 DEBUG   Epoch 99 - avg_train_loss: 0.0012  avg_val_loss: 1.4123 F1: 0.655767  Accuracy: 0.735284 Recall@3: 0.875482 time: 2127s
2021-06-14 09:37:23,964 DEBUG   Epoch 100 - avg_train_loss: 0.0013  avg_val_loss: 1.4122 F1: 0.655373  Accuracy: 0.735115 Recall@3: 0.875515 time: 2132s
2021-06-14 09:37:23,966 INFO [Train model] done in 230427 s.
