2021-05-24 14:37:03,048 INFO [Train model] start
2021-05-24 19:44:47,915 DEBUG   Epoch 1 - avg_train_loss: 0.0313  avg_val_loss: 1.3090 F1: 0.568503  Accuracy: 0.672873 Recall@3: 0.842400 time: 18464s
2021-05-24 19:44:47,917 DEBUG   Epoch 1 - Save Best Accuracy: 0.672873 Model
2021-05-24 19:44:49,189 DEBUG   Epoch 1 - Save Best Loss: 1.3090 Model
2021-05-25 00:53:24,101 DEBUG   Epoch 2 - avg_train_loss: 0.0149  avg_val_loss: 1.1470 F1: 0.626416  Accuracy: 0.710752 Recall@3: 0.868352 time: 18514s
2021-05-25 00:53:24,102 DEBUG   Epoch 2 - Save Best Accuracy: 0.710752 Model
2021-05-25 00:53:26,363 DEBUG   Epoch 2 - Save Best Loss: 1.1470 Model
2021-05-25 06:01:46,328 DEBUG   Epoch 3 - avg_train_loss: 0.0092  avg_val_loss: 1.1349 F1: 0.649801  Accuracy: 0.727816 Recall@3: 0.875482 time: 18498s
2021-05-25 06:01:46,330 DEBUG   Epoch 3 - Save Best Accuracy: 0.727816 Model
2021-05-25 06:01:48,415 DEBUG   Epoch 3 - Save Best Loss: 1.1349 Model
2021-05-25 11:09:18,396 DEBUG   Epoch 4 - avg_train_loss: 0.0056  avg_val_loss: 1.1742 F1: 0.654333  Accuracy: 0.727580 Recall@3: 0.877745 time: 18448s
2021-05-25 16:16:53,231 DEBUG   Epoch 5 - avg_train_loss: 0.0033  avg_val_loss: 1.2009 F1: 0.666931  Accuracy: 0.737109 Recall@3: 0.883490 time: 18455s
2021-05-25 16:16:53,232 DEBUG   Epoch 5 - Save Best Accuracy: 0.737109 Model
2021-05-25 21:24:25,174 DEBUG   Epoch 6 - avg_train_loss: 0.0017  avg_val_loss: 1.1451 F1: 0.694652  Accuracy: 0.759478 Recall@3: 0.890552 time: 18450s
2021-05-25 21:24:25,176 DEBUG   Epoch 6 - Save Best Accuracy: 0.759478 Model
2021-05-26 02:32:01,811 DEBUG   Epoch 7 - avg_train_loss: 0.0011  avg_val_loss: 1.1964 F1: 0.689626  Accuracy: 0.756944 Recall@3: 0.889099 time: 18454s
2021-05-26 07:39:49,612 DEBUG   Epoch 8 - avg_train_loss: 0.0007  avg_val_loss: 1.1413 F1: 0.709327  Accuracy: 0.773704 Recall@3: 0.900047 time: 18468s
2021-05-26 07:39:49,614 DEBUG   Epoch 8 - Save Best Accuracy: 0.773704 Model
2021-05-26 12:47:37,376 DEBUG   Epoch 9 - avg_train_loss: 0.0004  avg_val_loss: 1.1349 F1: 0.713372  Accuracy: 0.778198 Recall@3: 0.900081 time: 18466s
2021-05-26 12:47:37,377 DEBUG   Epoch 9 - Save Best Accuracy: 0.778198 Model
2021-05-26 17:55:32,837 DEBUG   Epoch 10 - avg_train_loss: 0.0003  avg_val_loss: 1.1040 F1: 0.723421  Accuracy: 0.785936 Recall@3: 0.905792 time: 18473s
2021-05-26 17:55:32,838 DEBUG   Epoch 10 - Save Best Accuracy: 0.785936 Model
2021-05-26 17:55:35,042 DEBUG   Epoch 10 - Save Best Loss: 1.1040 Model
2021-05-26 23:04:05,879 DEBUG   Epoch 11 - avg_train_loss: 0.0002  avg_val_loss: 1.0942 F1: 0.727849  Accuracy: 0.790870 Recall@3: 0.908360 time: 18509s
2021-05-26 23:04:05,880 DEBUG   Epoch 11 - Save Best Accuracy: 0.790870 Model
2021-05-26 23:04:08,075 DEBUG   Epoch 11 - Save Best Loss: 1.0942 Model
2021-05-27 04:13:05,169 DEBUG   Epoch 12 - avg_train_loss: 0.0002  avg_val_loss: 1.0994 F1: 0.725827  Accuracy: 0.789079 Recall@3: 0.908934 time: 18535s
2021-05-27 09:20:32,018 DEBUG   Epoch 13 - avg_train_loss: 0.0002  avg_val_loss: 1.1044 F1: 0.728037  Accuracy: 0.791546 Recall@3: 0.908563 time: 18447s
2021-05-27 09:20:32,019 DEBUG   Epoch 13 - Save Best Accuracy: 0.791546 Model
2021-05-27 14:28:16,493 DEBUG   Epoch 14 - avg_train_loss: 0.0002  avg_val_loss: 1.1040 F1: 0.726511  Accuracy: 0.791275 Recall@3: 0.908394 time: 18462s
2021-05-27 19:36:12,730 DEBUG   Epoch 15 - avg_train_loss: 0.0001  avg_val_loss: 1.0956 F1: 0.728504  Accuracy: 0.792154 Recall@3: 0.911300 time: 18476s
2021-05-27 19:36:12,731 DEBUG   Epoch 15 - Save Best Accuracy: 0.792154 Model
2021-05-28 00:44:04,357 DEBUG   Epoch 16 - avg_train_loss: 0.0001  avg_val_loss: 1.0971 F1: 0.733248  Accuracy: 0.795263 Recall@3: 0.911333 time: 18469s
2021-05-28 00:44:04,359 DEBUG   Epoch 16 - Save Best Accuracy: 0.795263 Model
2021-05-28 05:51:49,978 DEBUG   Epoch 17 - avg_train_loss: 0.0001  avg_val_loss: 1.1009 F1: 0.730459  Accuracy: 0.793674 Recall@3: 0.910860 time: 18463s
2021-05-28 11:00:50,023 DEBUG   Epoch 18 - avg_train_loss: 0.0001  avg_val_loss: 1.0942 F1: 0.732928  Accuracy: 0.795702 Recall@3: 0.912381 time: 18540s
2021-05-28 11:00:50,024 DEBUG   Epoch 18 - Save Best Accuracy: 0.795702 Model
2021-05-28 11:00:52,234 DEBUG   Epoch 18 - Save Best Loss: 1.0942 Model
2021-05-28 16:09:44,538 DEBUG   Epoch 19 - avg_train_loss: 0.0001  avg_val_loss: 1.0984 F1: 0.730882  Accuracy: 0.794418 Recall@3: 0.912144 time: 18530s
2021-05-28 21:16:51,960 DEBUG   Epoch 20 - avg_train_loss: 0.0001  avg_val_loss: 1.0895 F1: 0.737031  Accuracy: 0.799317 Recall@3: 0.912854 time: 18427s
2021-05-28 21:16:51,962 DEBUG   Epoch 20 - Save Best Accuracy: 0.799317 Model
2021-05-28 21:16:54,059 DEBUG   Epoch 20 - Save Best Loss: 1.0895 Model
2021-05-29 02:21:09,102 DEBUG   Epoch 21 - avg_train_loss: 0.0001  avg_val_loss: 1.0879 F1: 0.734138  Accuracy: 0.797527 Recall@3: 0.912820 time: 18253s
2021-05-29 02:21:09,104 DEBUG   Epoch 21 - Save Best Loss: 1.0879 Model
2021-05-29 07:26:18,697 DEBUG   Epoch 22 - avg_train_loss: 0.0001  avg_val_loss: 1.0897 F1: 0.732833  Accuracy: 0.797493 Recall@3: 0.912820 time: 18307s
2021-05-29 12:31:26,207 DEBUG   Epoch 23 - avg_train_loss: 0.0001  avg_val_loss: 1.0977 F1: 0.729798  Accuracy: 0.794688 Recall@3: 0.911435 time: 18308s
2021-05-29 17:36:44,492 DEBUG   Epoch 24 - avg_train_loss: 0.0001  avg_val_loss: 1.0868 F1: 0.736892  Accuracy: 0.799622 Recall@3: 0.914206 time: 18318s
2021-05-29 17:36:44,494 DEBUG   Epoch 24 - Save Best Accuracy: 0.799622 Model
2021-05-29 17:36:46,585 DEBUG   Epoch 24 - Save Best Loss: 1.0868 Model
2021-05-29 22:41:15,821 DEBUG   Epoch 25 - avg_train_loss: 0.0001  avg_val_loss: 1.0843 F1: 0.736947  Accuracy: 0.800264 Recall@3: 0.914611 time: 18267s
2021-05-29 22:41:15,822 DEBUG   Epoch 25 - Save Best Accuracy: 0.800264 Model
2021-05-29 22:41:17,910 DEBUG   Epoch 25 - Save Best Loss: 1.0843 Model
2021-05-30 03:45:39,129 DEBUG   Epoch 26 - avg_train_loss: 0.0001  avg_val_loss: 1.0846 F1: 0.738009  Accuracy: 0.800601 Recall@3: 0.913631 time: 18259s
2021-05-30 03:45:39,130 DEBUG   Epoch 26 - Save Best Accuracy: 0.800601 Model
2021-05-30 08:50:45,001 DEBUG   Epoch 27 - avg_train_loss: 0.0001  avg_val_loss: 1.0922 F1: 0.737202  Accuracy: 0.799148 Recall@3: 0.912685 time: 18304s
2021-05-30 13:55:41,220 DEBUG   Epoch 28 - avg_train_loss: 0.0001  avg_val_loss: 1.0869 F1: 0.737242  Accuracy: 0.800399 Recall@3: 0.914577 time: 18296s
2021-05-30 19:00:43,916 DEBUG   Epoch 29 - avg_train_loss: 0.0001  avg_val_loss: 1.0864 F1: 0.738908  Accuracy: 0.801007 Recall@3: 0.913733 time: 18303s
2021-05-30 19:00:43,917 DEBUG   Epoch 29 - Save Best Accuracy: 0.801007 Model
2021-05-31 00:04:47,309 DEBUG   Epoch 30 - avg_train_loss: 0.0001  avg_val_loss: 1.0869 F1: 0.738706  Accuracy: 0.800162 Recall@3: 0.914712 time: 18241s
2021-05-31 05:09:42,410 DEBUG   Epoch 31 - avg_train_loss: 0.0001  avg_val_loss: 1.0874 F1: 0.739482  Accuracy: 0.801345 Recall@3: 0.915321 time: 18295s
2021-05-31 05:09:42,411 DEBUG   Epoch 31 - Save Best Accuracy: 0.801345 Model
2021-05-31 10:13:49,810 DEBUG   Epoch 32 - avg_train_loss: 0.0001  avg_val_loss: 1.0853 F1: 0.739555  Accuracy: 0.801818 Recall@3: 0.914510 time: 18245s
2021-05-31 10:13:49,811 DEBUG   Epoch 32 - Save Best Accuracy: 0.801818 Model
2021-05-31 15:18:03,125 DEBUG   Epoch 33 - avg_train_loss: 0.0001  avg_val_loss: 1.0956 F1: 0.737770  Accuracy: 0.800196 Recall@3: 0.914273 time: 18251s
2021-05-31 20:24:39,081 DEBUG   Epoch 34 - avg_train_loss: 0.0000  avg_val_loss: 1.0924 F1: 0.738517  Accuracy: 0.800128 Recall@3: 0.914983 time: 18396s
2021-06-01 01:31:21,863 DEBUG   Epoch 35 - avg_train_loss: 0.0001  avg_val_loss: 1.0957 F1: 0.737763  Accuracy: 0.800331 Recall@3: 0.914273 time: 18403s
2021-06-01 06:38:25,172 DEBUG   Epoch 36 - avg_train_loss: 0.0001  avg_val_loss: 1.0904 F1: 0.738680  Accuracy: 0.801142 Recall@3: 0.914949 time: 18423s
2021-06-01 11:45:23,828 DEBUG   Epoch 37 - avg_train_loss: 0.0000  avg_val_loss: 1.0928 F1: 0.738555  Accuracy: 0.801548 Recall@3: 0.914476 time: 18419s
2021-06-01 16:52:44,996 DEBUG   Epoch 38 - avg_train_loss: 0.0000  avg_val_loss: 1.0909 F1: 0.739246  Accuracy: 0.801514 Recall@3: 0.915084 time: 18441s
2021-06-01 22:00:01,661 DEBUG   Epoch 39 - avg_train_loss: 0.0000  avg_val_loss: 1.0894 F1: 0.740608  Accuracy: 0.802088 Recall@3: 0.915422 time: 18437s
2021-06-01 22:00:01,662 DEBUG   Epoch 39 - Save Best Accuracy: 0.802088 Model
2021-06-02 03:07:15,043 DEBUG   Epoch 40 - avg_train_loss: 0.0000  avg_val_loss: 1.0907 F1: 0.740479  Accuracy: 0.802223 Recall@3: 0.914375 time: 18431s
2021-06-02 03:07:15,044 DEBUG   Epoch 40 - Save Best Accuracy: 0.802223 Model
2021-06-02 08:14:01,130 DEBUG   Epoch 41 - avg_train_loss: 0.0000  avg_val_loss: 1.0895 F1: 0.739630  Accuracy: 0.802359 Recall@3: 0.915050 time: 18404s
2021-06-02 08:14:01,131 DEBUG   Epoch 41 - Save Best Accuracy: 0.802359 Model
2021-06-02 13:20:37,372 DEBUG   Epoch 42 - avg_train_loss: 0.0000  avg_val_loss: 1.0876 F1: 0.741862  Accuracy: 0.804251 Recall@3: 0.915523 time: 18394s
2021-06-02 13:20:37,374 DEBUG   Epoch 42 - Save Best Accuracy: 0.804251 Model
2021-06-02 18:27:25,664 DEBUG   Epoch 43 - avg_train_loss: 0.0000  avg_val_loss: 1.0887 F1: 0.738791  Accuracy: 0.802426 Recall@3: 0.914375 time: 18406s
2021-06-02 23:34:14,161 DEBUG   Epoch 44 - avg_train_loss: 0.0000  avg_val_loss: 1.0890 F1: 0.740899  Accuracy: 0.803136 Recall@3: 0.914780 time: 18408s
2021-06-03 04:40:41,839 DEBUG   Epoch 45 - avg_train_loss: 0.0001  avg_val_loss: 1.0871 F1: 0.741698  Accuracy: 0.804318 Recall@3: 0.915354 time: 18388s
2021-06-03 04:40:41,840 DEBUG   Epoch 45 - Save Best Accuracy: 0.804318 Model
2021-06-03 09:47:24,505 DEBUG   Epoch 46 - avg_train_loss: 0.0000  avg_val_loss: 1.0865 F1: 0.742089  Accuracy: 0.804724 Recall@3: 0.915895 time: 18401s
2021-06-03 09:47:24,507 DEBUG   Epoch 46 - Save Best Accuracy: 0.804724 Model
2021-06-03 14:54:21,206 DEBUG   Epoch 47 - avg_train_loss: 0.0000  avg_val_loss: 1.0873 F1: 0.742368  Accuracy: 0.804487 Recall@3: 0.915422 time: 18415s
2021-06-03 20:01:50,605 DEBUG   Epoch 48 - avg_train_loss: 0.0000  avg_val_loss: 1.0895 F1: 0.741674  Accuracy: 0.803339 Recall@3: 0.915625 time: 18449s
2021-06-04 01:08:34,631 DEBUG   Epoch 49 - avg_train_loss: 0.0000  avg_val_loss: 1.0897 F1: 0.742162  Accuracy: 0.804217 Recall@3: 0.915084 time: 18404s
2021-06-04 06:15:26,711 DEBUG   Epoch 50 - avg_train_loss: 0.0000  avg_val_loss: 1.0883 F1: 0.742035  Accuracy: 0.804623 Recall@3: 0.915354 time: 18412s
2021-06-04 11:22:28,426 DEBUG   Epoch 51 - avg_train_loss: 0.0000  avg_val_loss: 1.0893 F1: 0.742161  Accuracy: 0.804149 Recall@3: 0.915557 time: 18422s
2021-06-04 16:29:22,591 DEBUG   Epoch 52 - avg_train_loss: 0.0000  avg_val_loss: 1.0891 F1: 0.743254  Accuracy: 0.804893 Recall@3: 0.915354 time: 18414s
2021-06-04 16:29:22,592 DEBUG   Epoch 52 - Save Best Accuracy: 0.804893 Model
2021-06-04 21:36:14,153 DEBUG   Epoch 53 - avg_train_loss: 0.0000  avg_val_loss: 1.0886 F1: 0.742336  Accuracy: 0.804656 Recall@3: 0.915659 time: 18409s
2021-06-05 02:42:58,921 DEBUG   Epoch 54 - avg_train_loss: 0.0000  avg_val_loss: 1.0894 F1: 0.742672  Accuracy: 0.804623 Recall@3: 0.915354 time: 18405s
2021-06-05 07:49:49,837 DEBUG   Epoch 55 - avg_train_loss: 0.0000  avg_val_loss: 1.0893 F1: 0.742441  Accuracy: 0.804521 Recall@3: 0.915152 time: 18411s
2021-06-05 12:57:08,138 DEBUG   Epoch 56 - avg_train_loss: 0.0000  avg_val_loss: 1.0887 F1: 0.741197  Accuracy: 0.803812 Recall@3: 0.916064 time: 18438s
2021-06-05 18:04:46,458 DEBUG   Epoch 57 - avg_train_loss: 0.0000  avg_val_loss: 1.0890 F1: 0.741852  Accuracy: 0.803947 Recall@3: 0.916064 time: 18458s
2021-06-05 23:12:08,021 DEBUG   Epoch 58 - avg_train_loss: 0.0000  avg_val_loss: 1.0896 F1: 0.742050  Accuracy: 0.803879 Recall@3: 0.915895 time: 18442s
2021-06-06 04:19:29,147 DEBUG   Epoch 59 - avg_train_loss: 0.0000  avg_val_loss: 1.0897 F1: 0.742885  Accuracy: 0.804521 Recall@3: 0.916199 time: 18441s
2021-06-06 09:26:19,311 DEBUG   Epoch 60 - avg_train_loss: 0.0000  avg_val_loss: 1.0902 F1: 0.743026  Accuracy: 0.804656 Recall@3: 0.915861 time: 18410s
2021-06-06 14:32:57,638 DEBUG   Epoch 61 - avg_train_loss: 0.0000  avg_val_loss: 1.0903 F1: 0.742374  Accuracy: 0.804792 Recall@3: 0.915963 time: 18398s
2021-06-06 19:39:50,749 DEBUG   Epoch 62 - avg_train_loss: 0.0000  avg_val_loss: 1.0901 F1: 0.743719  Accuracy: 0.804792 Recall@3: 0.916098 time: 18413s
2021-06-07 00:46:33,686 DEBUG   Epoch 63 - avg_train_loss: 0.0000  avg_val_loss: 1.0899 F1: 0.743804  Accuracy: 0.805062 Recall@3: 0.916436 time: 18403s
2021-06-07 00:46:33,687 DEBUG   Epoch 63 - Save Best Accuracy: 0.805062 Model
2021-06-07 05:53:20,736 DEBUG   Epoch 64 - avg_train_loss: 0.0000  avg_val_loss: 1.0906 F1: 0.742995  Accuracy: 0.804183 Recall@3: 0.916334 time: 18405s
2021-06-07 10:58:54,490 DEBUG   Epoch 65 - avg_train_loss: 0.0000  avg_val_loss: 1.0905 F1: 0.742455  Accuracy: 0.803981 Recall@3: 0.916334 time: 18334s
2021-06-07 16:06:32,006 DEBUG   Epoch 66 - avg_train_loss: 0.0000  avg_val_loss: 1.0904 F1: 0.742599  Accuracy: 0.804048 Recall@3: 0.916233 time: 18458s
2021-06-07 21:14:11,429 DEBUG   Epoch 67 - avg_train_loss: 0.0000  avg_val_loss: 1.0902 F1: 0.742684  Accuracy: 0.804318 Recall@3: 0.915963 time: 18459s
2021-06-08 02:21:48,113 DEBUG   Epoch 68 - avg_train_loss: 0.0000  avg_val_loss: 1.0904 F1: 0.742845  Accuracy: 0.804352 Recall@3: 0.915895 time: 18457s
2021-06-08 07:28:35,647 DEBUG   Epoch 69 - avg_train_loss: 0.0000  avg_val_loss: 1.0902 F1: 0.742496  Accuracy: 0.804386 Recall@3: 0.916064 time: 18408s
2021-06-08 12:35:26,313 DEBUG   Epoch 70 - avg_train_loss: 0.0000  avg_val_loss: 1.0905 F1: 0.742041  Accuracy: 0.804116 Recall@3: 0.916064 time: 18411s
2021-06-08 17:42:29,161 DEBUG   Epoch 71 - avg_train_loss: 0.0000  avg_val_loss: 1.0898 F1: 0.742509  Accuracy: 0.804487 Recall@3: 0.916132 time: 18423s
2021-06-08 22:49:21,553 DEBUG   Epoch 72 - avg_train_loss: 0.0000  avg_val_loss: 1.0905 F1: 0.741881  Accuracy: 0.804149 Recall@3: 0.916098 time: 18412s
2021-06-09 03:56:05,821 DEBUG   Epoch 73 - avg_train_loss: 0.0000  avg_val_loss: 1.0902 F1: 0.742514  Accuracy: 0.804352 Recall@3: 0.916132 time: 18404s
2021-06-09 09:02:48,208 DEBUG   Epoch 74 - avg_train_loss: 0.0000  avg_val_loss: 1.0907 F1: 0.742268  Accuracy: 0.804318 Recall@3: 0.916267 time: 18402s
2021-06-09 14:06:46,172 DEBUG   Epoch 75 - avg_train_loss: 0.0000  avg_val_loss: 1.0904 F1: 0.742921  Accuracy: 0.804555 Recall@3: 0.916165 time: 18238s
2021-06-09 19:10:52,335 DEBUG   Epoch 76 - avg_train_loss: 0.0000  avg_val_loss: 1.0902 F1: 0.742851  Accuracy: 0.804420 Recall@3: 0.916233 time: 18246s
2021-06-10 00:16:34,966 DEBUG   Epoch 77 - avg_train_loss: 0.0000  avg_val_loss: 1.0904 F1: 0.742723  Accuracy: 0.804386 Recall@3: 0.916368 time: 18343s
2021-06-10 05:22:19,527 DEBUG   Epoch 78 - avg_train_loss: 0.0000  avg_val_loss: 1.0903 F1: 0.743052  Accuracy: 0.804690 Recall@3: 0.916470 time: 18345s
2021-06-10 10:26:15,923 DEBUG   Epoch 79 - avg_train_loss: 0.0000  avg_val_loss: 1.0906 F1: 0.742512  Accuracy: 0.804352 Recall@3: 0.916537 time: 18236s
2021-06-10 15:31:59,848 DEBUG   Epoch 80 - avg_train_loss: 0.0000  avg_val_loss: 1.0906 F1: 0.743105  Accuracy: 0.804623 Recall@3: 0.916537 time: 18344s
2021-06-10 20:36:24,426 DEBUG   Epoch 81 - avg_train_loss: 0.0000  avg_val_loss: 1.0906 F1: 0.742920  Accuracy: 0.804521 Recall@3: 0.916199 time: 18265s
2021-06-11 01:41:58,898 DEBUG   Epoch 82 - avg_train_loss: 0.0000  avg_val_loss: 1.0906 F1: 0.742431  Accuracy: 0.804420 Recall@3: 0.916199 time: 18334s
2021-06-11 06:45:58,723 DEBUG   Epoch 83 - avg_train_loss: 0.0000  avg_val_loss: 1.0905 F1: 0.742594  Accuracy: 0.804521 Recall@3: 0.916233 time: 18240s
2021-06-11 11:50:04,202 DEBUG   Epoch 84 - avg_train_loss: 0.0000  avg_val_loss: 1.0904 F1: 0.742464  Accuracy: 0.804420 Recall@3: 0.916165 time: 18245s
2021-06-11 16:55:47,265 DEBUG   Epoch 85 - avg_train_loss: 0.0000  avg_val_loss: 1.0904 F1: 0.742834  Accuracy: 0.804454 Recall@3: 0.916368 time: 18343s
2021-06-11 22:01:30,468 DEBUG   Epoch 86 - avg_train_loss: 0.0000  avg_val_loss: 1.0904 F1: 0.743056  Accuracy: 0.804623 Recall@3: 0.916503 time: 18343s
2021-06-12 03:07:09,197 DEBUG   Epoch 87 - avg_train_loss: 0.0000  avg_val_loss: 1.0904 F1: 0.742675  Accuracy: 0.804318 Recall@3: 0.916470 time: 18339s
2021-06-12 08:11:11,903 DEBUG   Epoch 88 - avg_train_loss: 0.0000  avg_val_loss: 1.0900 F1: 0.742841  Accuracy: 0.804454 Recall@3: 0.916402 time: 18243s
2021-06-12 13:17:22,260 DEBUG   Epoch 89 - avg_train_loss: 0.0000  avg_val_loss: 1.0900 F1: 0.742812  Accuracy: 0.804386 Recall@3: 0.916470 time: 18370s
2021-06-12 18:23:00,031 DEBUG   Epoch 90 - avg_train_loss: 0.0000  avg_val_loss: 1.0901 F1: 0.743099  Accuracy: 0.804555 Recall@3: 0.916571 time: 18338s
2021-06-12 23:28:28,887 DEBUG   Epoch 91 - avg_train_loss: 0.0000  avg_val_loss: 1.0899 F1: 0.743013  Accuracy: 0.804420 Recall@3: 0.916571 time: 18329s
2021-06-13 04:33:57,718 DEBUG   Epoch 92 - avg_train_loss: 0.0000  avg_val_loss: 1.0899 F1: 0.743015  Accuracy: 0.804555 Recall@3: 0.916503 time: 18329s
2021-06-13 09:39:13,437 DEBUG   Epoch 93 - avg_train_loss: 0.0000  avg_val_loss: 1.0898 F1: 0.743213  Accuracy: 0.804589 Recall@3: 0.916503 time: 18316s
2021-06-13 14:42:59,470 DEBUG   Epoch 94 - avg_train_loss: 0.0000  avg_val_loss: 1.0898 F1: 0.743313  Accuracy: 0.804623 Recall@3: 0.916470 time: 18226s
2021-06-13 19:47:37,962 DEBUG   Epoch 95 - avg_train_loss: 0.0000  avg_val_loss: 1.0900 F1: 0.743279  Accuracy: 0.804521 Recall@3: 0.916605 time: 18278s
2021-06-14 00:51:01,805 DEBUG   Epoch 96 - avg_train_loss: 0.0000  avg_val_loss: 1.0899 F1: 0.743199  Accuracy: 0.804623 Recall@3: 0.916706 time: 18204s
2021-06-14 05:54:31,736 DEBUG   Epoch 97 - avg_train_loss: 0.0000  avg_val_loss: 1.0900 F1: 0.743362  Accuracy: 0.804656 Recall@3: 0.916639 time: 18210s
2021-06-14 10:58:10,192 DEBUG   Epoch 98 - avg_train_loss: 0.0000  avg_val_loss: 1.0901 F1: 0.743076  Accuracy: 0.804555 Recall@3: 0.916639 time: 18218s
2021-06-14 16:03:50,332 DEBUG   Epoch 99 - avg_train_loss: 0.0000  avg_val_loss: 1.0901 F1: 0.743068  Accuracy: 0.804521 Recall@3: 0.916639 time: 18340s
2021-06-14 21:09:34,721 DEBUG   Epoch 100 - avg_train_loss: 0.0000  avg_val_loss: 1.0900 F1: 0.743083  Accuracy: 0.804487 Recall@3: 0.916774 time: 18344s
2021-06-14 21:09:34,723 INFO [Train model] done in 1837952 s.
