2021-06-17 08:43:40,445 INFO [Train model] start
2021-06-17 10:05:59,176 DEBUG   Epoch 1 - avg_train_loss: 0.5960  avg_val_loss: 1.6880 F1: 0.469874  Accuracy: 0.594174 Recall@3: 0.773839 time: 4938s
2021-06-17 10:05:59,178 DEBUG   Epoch 1 - Save Best Accuracy: 0.594174 Model
2021-06-17 10:06:00,473 DEBUG   Epoch 1 - Save Best Loss: 1.6880 Model
2021-06-17 11:28:18,326 DEBUG   Epoch 2 - avg_train_loss: 0.3074  avg_val_loss: 1.3925 F1: 0.550978  Accuracy: 0.652767 Recall@3: 0.826046 time: 4936s
2021-06-17 11:28:18,327 DEBUG   Epoch 2 - Save Best Accuracy: 0.652767 Model
2021-06-17 11:28:20,441 DEBUG   Epoch 2 - Save Best Loss: 1.3925 Model
2021-06-17 12:50:39,140 DEBUG   Epoch 3 - avg_train_loss: 0.1998  avg_val_loss: 1.3042 F1: 0.596169  Accuracy: 0.679259 Recall@3: 0.844360 time: 4937s
2021-06-17 12:50:39,141 DEBUG   Epoch 3 - Save Best Accuracy: 0.679259 Model
2021-06-17 12:50:41,343 DEBUG   Epoch 3 - Save Best Loss: 1.3042 Model
2021-06-17 14:13:01,476 DEBUG   Epoch 4 - avg_train_loss: 0.1275  avg_val_loss: 1.3288 F1: 0.600888  Accuracy: 0.683551 Recall@3: 0.844496 time: 4938s
2021-06-17 14:13:01,478 DEBUG   Epoch 4 - Save Best Accuracy: 0.683551 Model
2021-06-17 15:35:21,662 DEBUG   Epoch 5 - avg_train_loss: 0.0754  avg_val_loss: 1.3598 F1: 0.611440  Accuracy: 0.688484 Recall@3: 0.849936 time: 4938s
2021-06-17 15:35:21,663 DEBUG   Epoch 5 - Save Best Accuracy: 0.688484 Model
2021-06-17 16:57:46,752 DEBUG   Epoch 6 - avg_train_loss: 0.0376  avg_val_loss: 1.3141 F1: 0.629603  Accuracy: 0.707914 Recall@3: 0.861391 time: 4943s
2021-06-17 16:57:46,753 DEBUG   Epoch 6 - Save Best Accuracy: 0.707914 Model
2021-06-17 18:20:12,024 DEBUG   Epoch 7 - avg_train_loss: 0.0224  avg_val_loss: 1.3153 F1: 0.637516  Accuracy: 0.714604 Recall@3: 0.865142 time: 4943s
2021-06-17 18:20:12,025 DEBUG   Epoch 7 - Save Best Accuracy: 0.714604 Model
2021-06-17 19:42:26,310 DEBUG   Epoch 8 - avg_train_loss: 0.0132  avg_val_loss: 1.2797 F1: 0.653588  Accuracy: 0.727310 Recall@3: 0.870514 time: 4932s
2021-06-17 19:42:26,311 DEBUG   Epoch 8 - Save Best Accuracy: 0.727310 Model
2021-06-17 19:42:28,341 DEBUG   Epoch 8 - Save Best Loss: 1.2797 Model
2021-06-17 21:04:18,456 DEBUG   Epoch 9 - avg_train_loss: 0.0090  avg_val_loss: 1.2682 F1: 0.658773  Accuracy: 0.733628 Recall@3: 0.875617 time: 4908s
2021-06-17 21:04:18,457 DEBUG   Epoch 9 - Save Best Accuracy: 0.733628 Model
2021-06-17 21:04:20,503 DEBUG   Epoch 9 - Save Best Loss: 1.2682 Model
2021-06-17 22:26:09,657 DEBUG   Epoch 10 - avg_train_loss: 0.0071  avg_val_loss: 1.2762 F1: 0.659629  Accuracy: 0.735250 Recall@3: 0.873724 time: 4907s
2021-06-17 22:26:09,659 DEBUG   Epoch 10 - Save Best Accuracy: 0.735250 Model
2021-06-17 23:48:00,061 DEBUG   Epoch 11 - avg_train_loss: 0.0060  avg_val_loss: 1.2836 F1: 0.656796  Accuracy: 0.735217 Recall@3: 0.873927 time: 4908s
2021-06-18 01:09:49,333 DEBUG   Epoch 12 - avg_train_loss: 0.0051  avg_val_loss: 1.2803 F1: 0.661089  Accuracy: 0.738089 Recall@3: 0.876292 time: 4909s
2021-06-18 01:09:49,334 DEBUG   Epoch 12 - Save Best Accuracy: 0.738089 Model
2021-06-18 02:31:40,542 DEBUG   Epoch 13 - avg_train_loss: 0.0046  avg_val_loss: 1.2745 F1: 0.665964  Accuracy: 0.741164 Recall@3: 0.876428 time: 4909s
2021-06-18 02:31:40,543 DEBUG   Epoch 13 - Save Best Accuracy: 0.741164 Model
2021-06-18 03:53:29,089 DEBUG   Epoch 14 - avg_train_loss: 0.0038  avg_val_loss: 1.2676 F1: 0.666825  Accuracy: 0.741299 Recall@3: 0.877813 time: 4906s
2021-06-18 03:53:29,090 DEBUG   Epoch 14 - Save Best Accuracy: 0.741299 Model
2021-06-18 03:53:31,166 DEBUG   Epoch 14 - Save Best Loss: 1.2676 Model
2021-06-18 05:15:20,832 DEBUG   Epoch 15 - avg_train_loss: 0.0035  avg_val_loss: 1.2807 F1: 0.668424  Accuracy: 0.740657 Recall@3: 0.877509 time: 4908s
2021-06-18 06:37:12,647 DEBUG   Epoch 16 - avg_train_loss: 0.0034  avg_val_loss: 1.2734 F1: 0.668592  Accuracy: 0.744441 Recall@3: 0.876630 time: 4912s
2021-06-18 06:37:12,648 DEBUG   Epoch 16 - Save Best Accuracy: 0.744441 Model
2021-06-18 07:59:03,854 DEBUG   Epoch 17 - avg_train_loss: 0.0031  avg_val_loss: 1.2690 F1: 0.670201  Accuracy: 0.745523 Recall@3: 0.880111 time: 4909s
2021-06-18 07:59:03,856 DEBUG   Epoch 17 - Save Best Accuracy: 0.745523 Model
2021-06-18 09:20:55,267 DEBUG   Epoch 18 - avg_train_loss: 0.0029  avg_val_loss: 1.2733 F1: 0.670044  Accuracy: 0.744813 Recall@3: 0.880820 time: 4909s
2021-06-18 10:42:43,377 DEBUG   Epoch 19 - avg_train_loss: 0.0027  avg_val_loss: 1.2848 F1: 0.666567  Accuracy: 0.743462 Recall@3: 0.877374 time: 4908s
2021-06-18 12:04:31,494 DEBUG   Epoch 20 - avg_train_loss: 0.0025  avg_val_loss: 1.2786 F1: 0.672223  Accuracy: 0.746705 Recall@3: 0.879063 time: 4908s
2021-06-18 12:04:31,495 DEBUG   Epoch 20 - Save Best Accuracy: 0.746705 Model
2021-06-18 13:26:18,979 DEBUG   Epoch 21 - avg_train_loss: 0.0022  avg_val_loss: 1.2755 F1: 0.674288  Accuracy: 0.748598 Recall@3: 0.879570 time: 4905s
2021-06-18 13:26:18,980 DEBUG   Epoch 21 - Save Best Accuracy: 0.748598 Model
2021-06-18 14:48:22,898 DEBUG   Epoch 22 - avg_train_loss: 0.0021  avg_val_loss: 1.2734 F1: 0.673433  Accuracy: 0.748395 Recall@3: 0.881023 time: 4922s
2021-06-18 16:10:40,749 DEBUG   Epoch 23 - avg_train_loss: 0.0021  avg_val_loss: 1.2724 F1: 0.672416  Accuracy: 0.748158 Recall@3: 0.880280 time: 4938s
2021-06-18 17:33:14,526 DEBUG   Epoch 24 - avg_train_loss: 0.0019  avg_val_loss: 1.2746 F1: 0.673815  Accuracy: 0.747922 Recall@3: 0.880651 time: 4954s
2021-06-18 18:55:42,427 DEBUG   Epoch 25 - avg_train_loss: 0.0018  avg_val_loss: 1.2702 F1: 0.674559  Accuracy: 0.749105 Recall@3: 0.881462 time: 4948s
2021-06-18 18:55:42,430 DEBUG   Epoch 25 - Save Best Accuracy: 0.749105 Model
2021-06-18 20:18:10,574 DEBUG   Epoch 26 - avg_train_loss: 0.0019  avg_val_loss: 1.2781 F1: 0.669761  Accuracy: 0.747956 Recall@3: 0.880550 time: 4946s
2021-06-18 21:40:40,654 DEBUG   Epoch 27 - avg_train_loss: 0.0017  avg_val_loss: 1.2730 F1: 0.674081  Accuracy: 0.750051 Recall@3: 0.882003 time: 4950s
2021-06-18 21:40:40,656 DEBUG   Epoch 27 - Save Best Accuracy: 0.750051 Model
2021-06-18 23:03:04,205 DEBUG   Epoch 28 - avg_train_loss: 0.0016  avg_val_loss: 1.2735 F1: 0.673650  Accuracy: 0.750017 Recall@3: 0.881733 time: 4941s
2021-06-19 00:25:15,116 DEBUG   Epoch 29 - avg_train_loss: 0.0016  avg_val_loss: 1.2683 F1: 0.676254  Accuracy: 0.750625 Recall@3: 0.882375 time: 4931s
2021-06-19 00:25:15,117 DEBUG   Epoch 29 - Save Best Accuracy: 0.750625 Model
2021-06-19 01:47:31,072 DEBUG   Epoch 30 - avg_train_loss: 0.0015  avg_val_loss: 1.2732 F1: 0.672395  Accuracy: 0.749206 Recall@3: 0.882442 time: 4934s
2021-06-19 03:09:50,733 DEBUG   Epoch 31 - avg_train_loss: 0.0014  avg_val_loss: 1.2735 F1: 0.673326  Accuracy: 0.749780 Recall@3: 0.881158 time: 4940s
2021-06-19 04:31:59,473 DEBUG   Epoch 32 - avg_train_loss: 0.0014  avg_val_loss: 1.2723 F1: 0.673205  Accuracy: 0.749713 Recall@3: 0.883051 time: 4929s
2021-06-19 05:53:55,106 DEBUG   Epoch 33 - avg_train_loss: 0.0013  avg_val_loss: 1.2728 F1: 0.672362  Accuracy: 0.750726 Recall@3: 0.882983 time: 4916s
2021-06-19 05:53:55,107 DEBUG   Epoch 33 - Save Best Accuracy: 0.750726 Model
2021-06-19 07:15:45,952 DEBUG   Epoch 34 - avg_train_loss: 0.0013  avg_val_loss: 1.2773 F1: 0.672905  Accuracy: 0.750355 Recall@3: 0.881158 time: 4909s
2021-06-19 08:37:34,161 DEBUG   Epoch 35 - avg_train_loss: 0.0014  avg_val_loss: 1.2759 F1: 0.674704  Accuracy: 0.751639 Recall@3: 0.883084 time: 4908s
2021-06-19 08:37:34,162 DEBUG   Epoch 35 - Save Best Accuracy: 0.751639 Model
2021-06-19 09:59:25,052 DEBUG   Epoch 36 - avg_train_loss: 0.0014  avg_val_loss: 1.2730 F1: 0.674457  Accuracy: 0.751098 Recall@3: 0.883456 time: 4909s
2021-06-19 11:21:13,442 DEBUG   Epoch 37 - avg_train_loss: 0.0012  avg_val_loss: 1.2726 F1: 0.673540  Accuracy: 0.751369 Recall@3: 0.883118 time: 4908s
2021-06-19 12:43:10,824 DEBUG   Epoch 38 - avg_train_loss: 0.0011  avg_val_loss: 1.2727 F1: 0.675163  Accuracy: 0.751774 Recall@3: 0.882240 time: 4917s
2021-06-19 12:43:10,825 DEBUG   Epoch 38 - Save Best Accuracy: 0.751774 Model
2021-06-19 14:05:02,640 DEBUG   Epoch 39 - avg_train_loss: 0.0011  avg_val_loss: 1.2719 F1: 0.675622  Accuracy: 0.752078 Recall@3: 0.883084 time: 4910s
2021-06-19 14:05:02,641 DEBUG   Epoch 39 - Save Best Accuracy: 0.752078 Model
2021-06-19 15:26:53,747 DEBUG   Epoch 40 - avg_train_loss: 0.0012  avg_val_loss: 1.2721 F1: 0.673438  Accuracy: 0.751301 Recall@3: 0.883152 time: 4909s
2021-06-19 16:48:44,031 DEBUG   Epoch 41 - avg_train_loss: 0.0010  avg_val_loss: 1.2748 F1: 0.673952  Accuracy: 0.751808 Recall@3: 0.883287 time: 4910s
2021-06-19 18:10:33,068 DEBUG   Epoch 42 - avg_train_loss: 0.0011  avg_val_loss: 1.2749 F1: 0.673751  Accuracy: 0.751605 Recall@3: 0.883118 time: 4909s
2021-06-19 19:32:22,228 DEBUG   Epoch 43 - avg_train_loss: 0.0010  avg_val_loss: 1.2740 F1: 0.673455  Accuracy: 0.751436 Recall@3: 0.883456 time: 4909s
2021-06-19 20:54:11,718 DEBUG   Epoch 44 - avg_train_loss: 0.0011  avg_val_loss: 1.2744 F1: 0.675787  Accuracy: 0.752213 Recall@3: 0.883287 time: 4909s
2021-06-19 20:54:11,719 DEBUG   Epoch 44 - Save Best Accuracy: 0.752213 Model
2021-06-19 22:16:07,484 DEBUG   Epoch 45 - avg_train_loss: 0.0010  avg_val_loss: 1.2751 F1: 0.672895  Accuracy: 0.751200 Recall@3: 0.883726 time: 4914s
2021-06-19 23:37:56,473 DEBUG   Epoch 46 - avg_train_loss: 0.0010  avg_val_loss: 1.2760 F1: 0.672961  Accuracy: 0.751098 Recall@3: 0.883490 time: 4909s
2021-06-20 00:59:46,095 DEBUG   Epoch 47 - avg_train_loss: 0.0010  avg_val_loss: 1.2759 F1: 0.673297  Accuracy: 0.751402 Recall@3: 0.883287 time: 4910s
2021-06-20 02:21:38,641 DEBUG   Epoch 48 - avg_train_loss: 0.0010  avg_val_loss: 1.2748 F1: 0.674082  Accuracy: 0.751977 Recall@3: 0.883152 time: 4913s
2021-06-20 03:43:27,374 DEBUG   Epoch 49 - avg_train_loss: 0.0010  avg_val_loss: 1.2736 F1: 0.674337  Accuracy: 0.753126 Recall@3: 0.883625 time: 4909s
2021-06-20 03:43:27,376 DEBUG   Epoch 49 - Save Best Accuracy: 0.753126 Model
2021-06-20 05:05:19,829 DEBUG   Epoch 50 - avg_train_loss: 0.0009  avg_val_loss: 1.2745 F1: 0.674093  Accuracy: 0.752517 Recall@3: 0.883625 time: 4910s
2021-06-20 06:27:10,559 DEBUG   Epoch 51 - avg_train_loss: 0.0008  avg_val_loss: 1.2749 F1: 0.674221  Accuracy: 0.752450 Recall@3: 0.883152 time: 4911s
2021-06-20 07:49:11,420 DEBUG   Epoch 52 - avg_train_loss: 0.0009  avg_val_loss: 1.2762 F1: 0.674781  Accuracy: 0.752011 Recall@3: 0.883693 time: 4921s
2021-06-20 09:11:01,729 DEBUG   Epoch 53 - avg_train_loss: 0.0009  avg_val_loss: 1.2768 F1: 0.674065  Accuracy: 0.752382 Recall@3: 0.883862 time: 4910s
2021-06-20 10:32:51,799 DEBUG   Epoch 54 - avg_train_loss: 0.0009  avg_val_loss: 1.2758 F1: 0.674679  Accuracy: 0.752754 Recall@3: 0.883321 time: 4910s
2021-06-20 11:54:43,657 DEBUG   Epoch 55 - avg_train_loss: 0.0009  avg_val_loss: 1.2773 F1: 0.674658  Accuracy: 0.752551 Recall@3: 0.883895 time: 4912s
2021-06-20 13:16:39,071 DEBUG   Epoch 56 - avg_train_loss: 0.0009  avg_val_loss: 1.2761 F1: 0.675130  Accuracy: 0.752754 Recall@3: 0.884064 time: 4915s
2021-06-20 14:38:31,550 DEBUG   Epoch 57 - avg_train_loss: 0.0008  avg_val_loss: 1.2764 F1: 0.674998  Accuracy: 0.752382 Recall@3: 0.884064 time: 4912s
2021-06-20 16:00:23,158 DEBUG   Epoch 58 - avg_train_loss: 0.0009  avg_val_loss: 1.2762 F1: 0.676087  Accuracy: 0.752957 Recall@3: 0.884368 time: 4912s
2021-06-20 17:22:13,882 DEBUG   Epoch 59 - avg_train_loss: 0.0009  avg_val_loss: 1.2769 F1: 0.675511  Accuracy: 0.752281 Recall@3: 0.883929 time: 4911s
2021-06-20 18:44:05,717 DEBUG   Epoch 60 - avg_train_loss: 0.0009  avg_val_loss: 1.2777 F1: 0.675108  Accuracy: 0.752619 Recall@3: 0.883693 time: 4912s
2021-06-20 20:05:57,151 DEBUG   Epoch 61 - avg_train_loss: 0.0009  avg_val_loss: 1.2781 F1: 0.675688  Accuracy: 0.752416 Recall@3: 0.883625 time: 4911s
2021-06-20 21:27:48,881 DEBUG   Epoch 62 - avg_train_loss: 0.0008  avg_val_loss: 1.2786 F1: 0.675781  Accuracy: 0.752450 Recall@3: 0.883321 time: 4912s
2021-06-20 22:49:39,276 DEBUG   Epoch 63 - avg_train_loss: 0.0008  avg_val_loss: 1.2782 F1: 0.675261  Accuracy: 0.752044 Recall@3: 0.883253 time: 4910s
2021-06-21 00:11:30,431 DEBUG   Epoch 64 - avg_train_loss: 0.0008  avg_val_loss: 1.2787 F1: 0.675095  Accuracy: 0.752416 Recall@3: 0.883287 time: 4911s
2021-06-21 01:33:21,333 DEBUG   Epoch 65 - avg_train_loss: 0.0008  avg_val_loss: 1.2781 F1: 0.674535  Accuracy: 0.752247 Recall@3: 0.883389 time: 4911s
2021-06-21 02:55:16,627 DEBUG   Epoch 66 - avg_train_loss: 0.0008  avg_val_loss: 1.2782 F1: 0.674951  Accuracy: 0.752551 Recall@3: 0.883321 time: 4915s
2021-06-21 04:17:06,141 DEBUG   Epoch 67 - avg_train_loss: 0.0008  avg_val_loss: 1.2787 F1: 0.674863  Accuracy: 0.752382 Recall@3: 0.883422 time: 4910s
2021-06-21 05:38:55,732 DEBUG   Epoch 68 - avg_train_loss: 0.0008  avg_val_loss: 1.2776 F1: 0.675048  Accuracy: 0.752517 Recall@3: 0.883490 time: 4910s
2021-06-21 07:00:46,159 DEBUG   Epoch 69 - avg_train_loss: 0.0008  avg_val_loss: 1.2781 F1: 0.675044  Accuracy: 0.752416 Recall@3: 0.883490 time: 4910s
2021-06-21 08:22:36,024 DEBUG   Epoch 70 - avg_train_loss: 0.0008  avg_val_loss: 1.2778 F1: 0.675218  Accuracy: 0.752416 Recall@3: 0.883726 time: 4910s
2021-06-21 09:44:23,970 DEBUG   Epoch 71 - avg_train_loss: 0.0008  avg_val_loss: 1.2780 F1: 0.674559  Accuracy: 0.752044 Recall@3: 0.883490 time: 4908s
2021-06-21 11:06:15,266 DEBUG   Epoch 72 - avg_train_loss: 0.0008  avg_val_loss: 1.2785 F1: 0.675175  Accuracy: 0.752416 Recall@3: 0.883693 time: 4911s
2021-06-21 12:28:05,817 DEBUG   Epoch 73 - avg_train_loss: 0.0008  avg_val_loss: 1.2782 F1: 0.676179  Accuracy: 0.752822 Recall@3: 0.883828 time: 4911s
2021-06-21 13:49:56,368 DEBUG   Epoch 74 - avg_train_loss: 0.0008  avg_val_loss: 1.2782 F1: 0.675854  Accuracy: 0.752889 Recall@3: 0.883591 time: 4911s
2021-06-21 15:11:48,362 DEBUG   Epoch 75 - avg_train_loss: 0.0008  avg_val_loss: 1.2782 F1: 0.675845  Accuracy: 0.752585 Recall@3: 0.883389 time: 4912s
2021-06-21 16:33:39,554 DEBUG   Epoch 76 - avg_train_loss: 0.0007  avg_val_loss: 1.2782 F1: 0.675990  Accuracy: 0.752686 Recall@3: 0.883524 time: 4911s
2021-06-21 17:55:30,360 DEBUG   Epoch 77 - avg_train_loss: 0.0008  avg_val_loss: 1.2777 F1: 0.675782  Accuracy: 0.753058 Recall@3: 0.883524 time: 4911s
2021-06-21 19:17:22,074 DEBUG   Epoch 78 - avg_train_loss: 0.0008  avg_val_loss: 1.2772 F1: 0.675322  Accuracy: 0.752990 Recall@3: 0.883794 time: 4912s
2021-06-21 20:39:11,782 DEBUG   Epoch 79 - avg_train_loss: 0.0008  avg_val_loss: 1.2776 F1: 0.675443  Accuracy: 0.752788 Recall@3: 0.883389 time: 4910s
2021-06-21 22:01:00,301 DEBUG   Epoch 80 - avg_train_loss: 0.0008  avg_val_loss: 1.2773 F1: 0.675691  Accuracy: 0.753126 Recall@3: 0.883591 time: 4909s
2021-06-21 23:22:47,866 DEBUG   Epoch 81 - avg_train_loss: 0.0007  avg_val_loss: 1.2775 F1: 0.675482  Accuracy: 0.752990 Recall@3: 0.883524 time: 4908s
2021-06-22 00:44:34,350 DEBUG   Epoch 82 - avg_train_loss: 0.0008  avg_val_loss: 1.2779 F1: 0.675369  Accuracy: 0.752990 Recall@3: 0.883659 time: 4906s
2021-06-22 02:06:18,448 DEBUG   Epoch 83 - avg_train_loss: 0.0008  avg_val_loss: 1.2778 F1: 0.675814  Accuracy: 0.753024 Recall@3: 0.883625 time: 4904s
2021-06-22 03:28:05,443 DEBUG   Epoch 84 - avg_train_loss: 0.0008  avg_val_loss: 1.2780 F1: 0.675704  Accuracy: 0.753058 Recall@3: 0.883557 time: 4907s
2021-06-22 04:49:51,795 DEBUG   Epoch 85 - avg_train_loss: 0.0008  avg_val_loss: 1.2782 F1: 0.675613  Accuracy: 0.753058 Recall@3: 0.883321 time: 4906s
2021-06-22 06:11:41,211 DEBUG   Epoch 86 - avg_train_loss: 0.0008  avg_val_loss: 1.2782 F1: 0.675273  Accuracy: 0.752788 Recall@3: 0.883456 time: 4909s
2021-06-22 07:33:30,141 DEBUG   Epoch 87 - avg_train_loss: 0.0008  avg_val_loss: 1.2779 F1: 0.675156  Accuracy: 0.752855 Recall@3: 0.883490 time: 4909s
2021-06-22 08:55:20,904 DEBUG   Epoch 88 - avg_train_loss: 0.0008  avg_val_loss: 1.2779 F1: 0.674793  Accuracy: 0.752855 Recall@3: 0.883794 time: 4911s
2021-06-22 10:17:09,765 DEBUG   Epoch 89 - avg_train_loss: 0.0007  avg_val_loss: 1.2781 F1: 0.675032  Accuracy: 0.752653 Recall@3: 0.883456 time: 4909s
2021-06-22 11:38:55,778 DEBUG   Epoch 90 - avg_train_loss: 0.0008  avg_val_loss: 1.2784 F1: 0.674686  Accuracy: 0.752315 Recall@3: 0.883591 time: 4906s
2021-06-22 13:00:44,835 DEBUG   Epoch 91 - avg_train_loss: 0.0008  avg_val_loss: 1.2783 F1: 0.674866  Accuracy: 0.752450 Recall@3: 0.883422 time: 4909s
2021-06-22 14:22:35,811 DEBUG   Epoch 92 - avg_train_loss: 0.0007  avg_val_loss: 1.2785 F1: 0.674632  Accuracy: 0.752484 Recall@3: 0.883524 time: 4911s
2021-06-22 15:44:23,307 DEBUG   Epoch 93 - avg_train_loss: 0.0007  avg_val_loss: 1.2784 F1: 0.674670  Accuracy: 0.752686 Recall@3: 0.883456 time: 4907s
2021-06-22 17:06:10,711 DEBUG   Epoch 94 - avg_train_loss: 0.0007  avg_val_loss: 1.2784 F1: 0.674893  Accuracy: 0.752754 Recall@3: 0.883456 time: 4907s
2021-06-22 18:27:59,098 DEBUG   Epoch 95 - avg_train_loss: 0.0007  avg_val_loss: 1.2784 F1: 0.674659  Accuracy: 0.752653 Recall@3: 0.883490 time: 4908s
2021-06-22 19:49:48,559 DEBUG   Epoch 96 - avg_train_loss: 0.0007  avg_val_loss: 1.2783 F1: 0.674741  Accuracy: 0.752619 Recall@3: 0.883591 time: 4909s
2021-06-22 21:11:37,360 DEBUG   Epoch 97 - avg_train_loss: 0.0007  avg_val_loss: 1.2783 F1: 0.674292  Accuracy: 0.752416 Recall@3: 0.883389 time: 4909s
2021-06-22 22:33:25,672 DEBUG   Epoch 98 - avg_train_loss: 0.0007  avg_val_loss: 1.2783 F1: 0.674663  Accuracy: 0.752585 Recall@3: 0.883321 time: 4908s
2021-06-22 23:55:14,348 DEBUG   Epoch 99 - avg_train_loss: 0.0008  avg_val_loss: 1.2782 F1: 0.674457  Accuracy: 0.752585 Recall@3: 0.883524 time: 4909s
2021-06-23 01:17:01,888 DEBUG   Epoch 100 - avg_train_loss: 0.0008  avg_val_loss: 1.2784 F1: 0.674672  Accuracy: 0.752889 Recall@3: 0.883422 time: 4908s
2021-06-23 01:17:01,889 INFO [Train model] done in 491601 s.
