2021-05-31 16:16:52,447 INFO [Train model] start
2021-05-31 17:52:13,478 DEBUG   Epoch 1 - avg_train_loss: 0.1338  avg_val_loss: 1.3451 F1: 0.526670  Accuracy: 0.666284 Recall@3: 0.835406 time: 5720s
2021-05-31 17:52:13,479 DEBUG   Epoch 1 - Save Best Accuracy: 0.666284 Model
2021-05-31 17:52:13,829 DEBUG   Epoch 1 - Save Best Loss: 1.3451 Model
2021-05-31 19:27:30,319 DEBUG   Epoch 2 - avg_train_loss: 0.0658  avg_val_loss: 1.1320 F1: 0.623157  Accuracy: 0.714908 Recall@3: 0.870379 time: 5716s
2021-05-31 19:27:30,321 DEBUG   Epoch 2 - Save Best Accuracy: 0.714908 Model
2021-05-31 19:27:30,947 DEBUG   Epoch 2 - Save Best Loss: 1.1320 Model
2021-05-31 21:02:48,711 DEBUG   Epoch 3 - avg_train_loss: 0.0469  avg_val_loss: 1.0810 F1: 0.641884  Accuracy: 0.726397 Recall@3: 0.879908 time: 5717s
2021-05-31 21:02:48,712 DEBUG   Epoch 3 - Save Best Accuracy: 0.726397 Model
2021-05-31 21:02:49,344 DEBUG   Epoch 3 - Save Best Loss: 1.0810 Model
2021-05-31 22:38:06,525 DEBUG   Epoch 4 - avg_train_loss: 0.0341  avg_val_loss: 1.0719 F1: 0.652654  Accuracy: 0.734879 Recall@3: 0.882747 time: 5717s
2021-05-31 22:38:06,526 DEBUG   Epoch 4 - Save Best Accuracy: 0.734879 Model
2021-05-31 22:38:07,158 DEBUG   Epoch 4 - Save Best Loss: 1.0719 Model
2021-06-01 00:13:23,711 DEBUG   Epoch 5 - avg_train_loss: 0.0242  avg_val_loss: 1.0990 F1: 0.661178  Accuracy: 0.739508 Recall@3: 0.882882 time: 5716s
2021-06-01 00:13:23,712 DEBUG   Epoch 5 - Save Best Accuracy: 0.739508 Model
2021-06-01 01:49:12,595 DEBUG   Epoch 6 - avg_train_loss: 0.0164  avg_val_loss: 1.1222 F1: 0.668629  Accuracy: 0.742786 Recall@3: 0.885146 time: 5748s
2021-06-01 01:49:12,596 DEBUG   Epoch 6 - Save Best Accuracy: 0.742786 Model
2021-06-01 03:24:31,259 DEBUG   Epoch 7 - avg_train_loss: 0.0097  avg_val_loss: 1.0895 F1: 0.683562  Accuracy: 0.756065 Recall@3: 0.891938 time: 5718s
2021-06-01 03:24:31,261 DEBUG   Epoch 7 - Save Best Accuracy: 0.756065 Model
2021-06-01 04:59:55,739 DEBUG   Epoch 8 - avg_train_loss: 0.0060  avg_val_loss: 1.0963 F1: 0.689425  Accuracy: 0.763635 Recall@3: 0.896229 time: 5724s
2021-06-01 04:59:55,740 DEBUG   Epoch 8 - Save Best Accuracy: 0.763635 Model
2021-06-01 06:35:17,191 DEBUG   Epoch 9 - avg_train_loss: 0.0038  avg_val_loss: 1.0764 F1: 0.702362  Accuracy: 0.772690 Recall@3: 0.898628 time: 5721s
2021-06-01 06:35:17,192 DEBUG   Epoch 9 - Save Best Accuracy: 0.772690 Model
2021-06-01 08:10:38,022 DEBUG   Epoch 10 - avg_train_loss: 0.0025  avg_val_loss: 1.0720 F1: 0.702377  Accuracy: 0.773670 Recall@3: 0.902176 time: 5720s
2021-06-01 08:10:38,023 DEBUG   Epoch 10 - Save Best Accuracy: 0.773670 Model
2021-06-01 09:46:00,915 DEBUG   Epoch 11 - avg_train_loss: 0.0020  avg_val_loss: 1.0745 F1: 0.704395  Accuracy: 0.776374 Recall@3: 0.900149 time: 5722s
2021-06-01 09:46:00,917 DEBUG   Epoch 11 - Save Best Accuracy: 0.776374 Model
2021-06-01 11:21:18,888 DEBUG   Epoch 12 - avg_train_loss: 0.0016  avg_val_loss: 1.0708 F1: 0.711110  Accuracy: 0.781138 Recall@3: 0.904271 time: 5717s
2021-06-01 11:21:18,889 DEBUG   Epoch 12 - Save Best Accuracy: 0.781138 Model
2021-06-01 11:21:19,512 DEBUG   Epoch 12 - Save Best Loss: 1.0708 Model
2021-06-01 12:56:41,731 DEBUG   Epoch 13 - avg_train_loss: 0.0014  avg_val_loss: 1.0855 F1: 0.710979  Accuracy: 0.781070 Recall@3: 0.902210 time: 5722s
2021-06-01 14:32:06,461 DEBUG   Epoch 14 - avg_train_loss: 0.0014  avg_val_loss: 1.0883 F1: 0.712725  Accuracy: 0.781375 Recall@3: 0.902075 time: 5725s
2021-06-01 14:32:06,462 DEBUG   Epoch 14 - Save Best Accuracy: 0.781375 Model
2021-06-01 16:07:29,283 DEBUG   Epoch 15 - avg_train_loss: 0.0013  avg_val_loss: 1.0788 F1: 0.712687  Accuracy: 0.782355 Recall@3: 0.905792 time: 5722s
2021-06-01 16:07:29,285 DEBUG   Epoch 15 - Save Best Accuracy: 0.782355 Model
2021-06-01 17:42:57,072 DEBUG   Epoch 16 - avg_train_loss: 0.0010  avg_val_loss: 1.0876 F1: 0.709636  Accuracy: 0.780902 Recall@3: 0.904812 time: 5727s
2021-06-01 19:18:49,246 DEBUG   Epoch 17 - avg_train_loss: 0.0010  avg_val_loss: 1.0791 F1: 0.717912  Accuracy: 0.786173 Recall@3: 0.904981 time: 5752s
2021-06-01 19:18:49,248 DEBUG   Epoch 17 - Save Best Accuracy: 0.786173 Model
2021-06-01 20:54:17,153 DEBUG   Epoch 18 - avg_train_loss: 0.0009  avg_val_loss: 1.0862 F1: 0.715169  Accuracy: 0.783470 Recall@3: 0.905015 time: 5727s
2021-06-01 22:29:37,441 DEBUG   Epoch 19 - avg_train_loss: 0.0008  avg_val_loss: 1.0828 F1: 0.717603  Accuracy: 0.785835 Recall@3: 0.906231 time: 5720s
2021-06-02 00:04:57,310 DEBUG   Epoch 20 - avg_train_loss: 0.0008  avg_val_loss: 1.0836 F1: 0.717122  Accuracy: 0.785734 Recall@3: 0.906603 time: 5720s
2021-06-02 01:40:17,816 DEBUG   Epoch 21 - avg_train_loss: 0.0007  avg_val_loss: 1.0845 F1: 0.717592  Accuracy: 0.784787 Recall@3: 0.906299 time: 5721s
2021-06-02 03:15:37,149 DEBUG   Epoch 22 - avg_train_loss: 0.0007  avg_val_loss: 1.0792 F1: 0.719019  Accuracy: 0.787153 Recall@3: 0.907076 time: 5719s
2021-06-02 03:15:37,150 DEBUG   Epoch 22 - Save Best Accuracy: 0.787153 Model
2021-06-02 04:50:59,545 DEBUG   Epoch 23 - avg_train_loss: 0.0006  avg_val_loss: 1.0814 F1: 0.722122  Accuracy: 0.789180 Recall@3: 0.906468 time: 5722s
2021-06-02 04:50:59,546 DEBUG   Epoch 23 - Save Best Accuracy: 0.789180 Model
2021-06-02 06:26:16,573 DEBUG   Epoch 24 - avg_train_loss: 0.0005  avg_val_loss: 1.0775 F1: 0.719315  Accuracy: 0.788437 Recall@3: 0.909238 time: 5716s
2021-06-02 08:01:29,458 DEBUG   Epoch 25 - avg_train_loss: 0.0006  avg_val_loss: 1.0791 F1: 0.719833  Accuracy: 0.789214 Recall@3: 0.907887 time: 5713s
2021-06-02 08:01:29,459 DEBUG   Epoch 25 - Save Best Accuracy: 0.789214 Model
2021-06-02 09:36:48,933 DEBUG   Epoch 26 - avg_train_loss: 0.0005  avg_val_loss: 1.0800 F1: 0.723570  Accuracy: 0.790971 Recall@3: 0.908225 time: 5719s
2021-06-02 09:36:48,934 DEBUG   Epoch 26 - Save Best Accuracy: 0.790971 Model
2021-06-02 11:12:07,974 DEBUG   Epoch 27 - avg_train_loss: 0.0005  avg_val_loss: 1.0821 F1: 0.722111  Accuracy: 0.789586 Recall@3: 0.907447 time: 5718s
2021-06-02 12:47:21,382 DEBUG   Epoch 28 - avg_train_loss: 0.0005  avg_val_loss: 1.0789 F1: 0.724609  Accuracy: 0.790904 Recall@3: 0.908360 time: 5713s
2021-06-02 14:22:34,858 DEBUG   Epoch 29 - avg_train_loss: 0.0005  avg_val_loss: 1.0844 F1: 0.722977  Accuracy: 0.790802 Recall@3: 0.908664 time: 5713s
2021-06-02 15:57:48,953 DEBUG   Epoch 30 - avg_train_loss: 0.0005  avg_val_loss: 1.0821 F1: 0.723613  Accuracy: 0.792221 Recall@3: 0.908225 time: 5714s
2021-06-02 15:57:48,954 DEBUG   Epoch 30 - Save Best Accuracy: 0.792221 Model
2021-06-02 17:33:09,343 DEBUG   Epoch 31 - avg_train_loss: 0.0004  avg_val_loss: 1.0828 F1: 0.721702  Accuracy: 0.790194 Recall@3: 0.907819 time: 5720s
2021-06-02 19:08:25,608 DEBUG   Epoch 32 - avg_train_loss: 0.0004  avg_val_loss: 1.0861 F1: 0.722230  Accuracy: 0.791377 Recall@3: 0.907549 time: 5716s
2021-06-02 20:43:41,671 DEBUG   Epoch 33 - avg_train_loss: 0.0004  avg_val_loss: 1.0826 F1: 0.722933  Accuracy: 0.792323 Recall@3: 0.908833 time: 5716s
2021-06-02 20:43:41,672 DEBUG   Epoch 33 - Save Best Accuracy: 0.792323 Model
2021-06-02 22:18:57,851 DEBUG   Epoch 34 - avg_train_loss: 0.0004  avg_val_loss: 1.0827 F1: 0.721815  Accuracy: 0.791782 Recall@3: 0.908191 time: 5716s
2021-06-02 23:54:14,443 DEBUG   Epoch 35 - avg_train_loss: 0.0004  avg_val_loss: 1.0852 F1: 0.723473  Accuracy: 0.791377 Recall@3: 0.908968 time: 5717s
2021-06-03 01:29:30,565 DEBUG   Epoch 36 - avg_train_loss: 0.0004  avg_val_loss: 1.0835 F1: 0.723069  Accuracy: 0.791309 Recall@3: 0.907752 time: 5716s
2021-06-03 03:04:40,136 DEBUG   Epoch 37 - avg_train_loss: 0.0004  avg_val_loss: 1.0847 F1: 0.723791  Accuracy: 0.791681 Recall@3: 0.908799 time: 5710s
2021-06-03 04:39:50,445 DEBUG   Epoch 38 - avg_train_loss: 0.0004  avg_val_loss: 1.0843 F1: 0.721701  Accuracy: 0.791681 Recall@3: 0.908360 time: 5710s
2021-06-03 06:15:07,852 DEBUG   Epoch 39 - avg_train_loss: 0.0004  avg_val_loss: 1.0854 F1: 0.724323  Accuracy: 0.793235 Recall@3: 0.909576 time: 5717s
2021-06-03 06:15:07,854 DEBUG   Epoch 39 - Save Best Accuracy: 0.793235 Model
2021-06-03 07:50:22,533 DEBUG   Epoch 40 - avg_train_loss: 0.0003  avg_val_loss: 1.0834 F1: 0.724226  Accuracy: 0.792526 Recall@3: 0.908968 time: 5714s
2021-06-03 09:25:41,701 DEBUG   Epoch 41 - avg_train_loss: 0.0003  avg_val_loss: 1.0849 F1: 0.723203  Accuracy: 0.791816 Recall@3: 0.909441 time: 5719s
2021-06-03 11:00:59,120 DEBUG   Epoch 42 - avg_train_loss: 0.0003  avg_val_loss: 1.0845 F1: 0.723740  Accuracy: 0.792357 Recall@3: 0.909036 time: 5717s
2021-06-03 12:36:13,213 DEBUG   Epoch 43 - avg_train_loss: 0.0003  avg_val_loss: 1.0868 F1: 0.723574  Accuracy: 0.791917 Recall@3: 0.909069 time: 5714s
2021-06-03 14:11:40,648 DEBUG   Epoch 44 - avg_train_loss: 0.0003  avg_val_loss: 1.0878 F1: 0.723653  Accuracy: 0.791951 Recall@3: 0.908495 time: 5727s
2021-06-03 15:47:36,452 DEBUG   Epoch 45 - avg_train_loss: 0.0003  avg_val_loss: 1.0861 F1: 0.724678  Accuracy: 0.793201 Recall@3: 0.909475 time: 5756s
2021-06-03 17:23:33,153 DEBUG   Epoch 46 - avg_train_loss: 0.0003  avg_val_loss: 1.0867 F1: 0.725727  Accuracy: 0.793168 Recall@3: 0.909036 time: 5757s
2021-06-03 18:58:59,279 DEBUG   Epoch 47 - avg_train_loss: 0.0003  avg_val_loss: 1.0856 F1: 0.724857  Accuracy: 0.793168 Recall@3: 0.908765 time: 5726s
2021-06-03 20:34:19,169 DEBUG   Epoch 48 - avg_train_loss: 0.0003  avg_val_loss: 1.0847 F1: 0.724350  Accuracy: 0.792559 Recall@3: 0.909171 time: 5720s
2021-06-03 22:09:36,696 DEBUG   Epoch 49 - avg_train_loss: 0.0003  avg_val_loss: 1.0867 F1: 0.725616  Accuracy: 0.792965 Recall@3: 0.908867 time: 5718s
2021-06-03 23:44:55,246 DEBUG   Epoch 50 - avg_train_loss: 0.0003  avg_val_loss: 1.0859 F1: 0.727020  Accuracy: 0.793438 Recall@3: 0.908225 time: 5719s
2021-06-03 23:44:55,247 DEBUG   Epoch 50 - Save Best Accuracy: 0.793438 Model
2021-06-04 01:20:13,386 DEBUG   Epoch 51 - avg_train_loss: 0.0003  avg_val_loss: 1.0843 F1: 0.725394  Accuracy: 0.792694 Recall@3: 0.908867 time: 5718s
2021-06-04 02:55:30,449 DEBUG   Epoch 52 - avg_train_loss: 0.0003  avg_val_loss: 1.0878 F1: 0.724745  Accuracy: 0.792593 Recall@3: 0.908664 time: 5717s
2021-06-04 04:30:48,831 DEBUG   Epoch 53 - avg_train_loss: 0.0003  avg_val_loss: 1.0849 F1: 0.725262  Accuracy: 0.793032 Recall@3: 0.909238 time: 5718s
2021-06-04 06:06:11,047 DEBUG   Epoch 54 - avg_train_loss: 0.0003  avg_val_loss: 1.0852 F1: 0.725426  Accuracy: 0.792999 Recall@3: 0.909137 time: 5722s
2021-06-04 07:41:35,972 DEBUG   Epoch 55 - avg_train_loss: 0.0003  avg_val_loss: 1.0859 F1: 0.726522  Accuracy: 0.793911 Recall@3: 0.908698 time: 5725s
2021-06-04 07:41:35,973 DEBUG   Epoch 55 - Save Best Accuracy: 0.793911 Model
2021-06-04 09:17:00,321 DEBUG   Epoch 56 - avg_train_loss: 0.0003  avg_val_loss: 1.0852 F1: 0.726062  Accuracy: 0.793674 Recall@3: 0.909205 time: 5724s
2021-06-04 10:52:21,268 DEBUG   Epoch 57 - avg_train_loss: 0.0003  avg_val_loss: 1.0855 F1: 0.725285  Accuracy: 0.793979 Recall@3: 0.909205 time: 5721s
2021-06-04 10:52:21,270 DEBUG   Epoch 57 - Save Best Accuracy: 0.793979 Model
2021-06-04 12:27:44,184 DEBUG   Epoch 58 - avg_train_loss: 0.0003  avg_val_loss: 1.0854 F1: 0.726244  Accuracy: 0.793843 Recall@3: 0.909137 time: 5722s
2021-06-04 14:03:21,765 DEBUG   Epoch 59 - avg_train_loss: 0.0003  avg_val_loss: 1.0862 F1: 0.726888  Accuracy: 0.794891 Recall@3: 0.908833 time: 5738s
2021-06-04 14:03:21,767 DEBUG   Epoch 59 - Save Best Accuracy: 0.794891 Model
2021-06-04 15:38:39,568 DEBUG   Epoch 60 - avg_train_loss: 0.0003  avg_val_loss: 1.0871 F1: 0.726421  Accuracy: 0.794249 Recall@3: 0.909069 time: 5717s
2021-06-04 17:14:02,710 DEBUG   Epoch 61 - avg_train_loss: 0.0003  avg_val_loss: 1.0871 F1: 0.726091  Accuracy: 0.794283 Recall@3: 0.908900 time: 5723s
2021-06-04 18:49:28,397 DEBUG   Epoch 62 - avg_train_loss: 0.0003  avg_val_loss: 1.0866 F1: 0.725530  Accuracy: 0.794147 Recall@3: 0.908968 time: 5726s
2021-06-04 20:24:48,146 DEBUG   Epoch 63 - avg_train_loss: 0.0002  avg_val_loss: 1.0863 F1: 0.725909  Accuracy: 0.794114 Recall@3: 0.909306 time: 5720s
2021-06-04 22:00:12,210 DEBUG   Epoch 64 - avg_train_loss: 0.0003  avg_val_loss: 1.0863 F1: 0.727461  Accuracy: 0.794857 Recall@3: 0.908799 time: 5724s
2021-06-04 23:35:35,847 DEBUG   Epoch 65 - avg_train_loss: 0.0003  avg_val_loss: 1.0864 F1: 0.726160  Accuracy: 0.794452 Recall@3: 0.909374 time: 5724s
2021-06-05 01:10:59,437 DEBUG   Epoch 66 - avg_train_loss: 0.0003  avg_val_loss: 1.0864 F1: 0.726146  Accuracy: 0.794688 Recall@3: 0.908900 time: 5724s
2021-06-05 02:46:20,510 DEBUG   Epoch 67 - avg_train_loss: 0.0003  avg_val_loss: 1.0868 F1: 0.726290  Accuracy: 0.794688 Recall@3: 0.909475 time: 5721s
2021-06-05 04:21:36,711 DEBUG   Epoch 68 - avg_train_loss: 0.0003  avg_val_loss: 1.0869 F1: 0.726336  Accuracy: 0.794621 Recall@3: 0.909205 time: 5716s
2021-06-05 05:57:01,882 DEBUG   Epoch 69 - avg_train_loss: 0.0003  avg_val_loss: 1.0867 F1: 0.726327  Accuracy: 0.794418 Recall@3: 0.909306 time: 5725s
2021-06-05 07:32:55,391 DEBUG   Epoch 70 - avg_train_loss: 0.0003  avg_val_loss: 1.0868 F1: 0.726863  Accuracy: 0.794553 Recall@3: 0.909509 time: 5754s
2021-06-05 09:08:49,227 DEBUG   Epoch 71 - avg_train_loss: 0.0002  avg_val_loss: 1.0869 F1: 0.726797  Accuracy: 0.794519 Recall@3: 0.909610 time: 5754s
2021-06-05 10:44:44,872 DEBUG   Epoch 72 - avg_train_loss: 0.0003  avg_val_loss: 1.0875 F1: 0.726542  Accuracy: 0.794485 Recall@3: 0.909069 time: 5756s
2021-06-05 12:20:12,315 DEBUG   Epoch 73 - avg_train_loss: 0.0002  avg_val_loss: 1.0874 F1: 0.726105  Accuracy: 0.793945 Recall@3: 0.909306 time: 5727s
2021-06-05 13:56:09,153 DEBUG   Epoch 74 - avg_train_loss: 0.0002  avg_val_loss: 1.0873 F1: 0.725828  Accuracy: 0.794316 Recall@3: 0.909374 time: 5757s
2021-06-05 15:31:38,624 DEBUG   Epoch 75 - avg_train_loss: 0.0002  avg_val_loss: 1.0873 F1: 0.726416  Accuracy: 0.794046 Recall@3: 0.909171 time: 5729s
2021-06-05 17:07:37,971 DEBUG   Epoch 76 - avg_train_loss: 0.0002  avg_val_loss: 1.0874 F1: 0.726211  Accuracy: 0.794350 Recall@3: 0.909509 time: 5759s
2021-06-05 18:43:27,138 DEBUG   Epoch 77 - avg_train_loss: 0.0002  avg_val_loss: 1.0872 F1: 0.726801  Accuracy: 0.794418 Recall@3: 0.909847 time: 5749s
2021-06-05 20:18:58,793 DEBUG   Epoch 78 - avg_train_loss: 0.0003  avg_val_loss: 1.0871 F1: 0.727433  Accuracy: 0.794958 Recall@3: 0.909644 time: 5732s
2021-06-05 20:18:58,794 DEBUG   Epoch 78 - Save Best Accuracy: 0.794958 Model
2021-06-05 21:54:56,277 DEBUG   Epoch 79 - avg_train_loss: 0.0002  avg_val_loss: 1.0875 F1: 0.727449  Accuracy: 0.794958 Recall@3: 0.909711 time: 5757s
2021-06-05 23:30:23,481 DEBUG   Epoch 80 - avg_train_loss: 0.0003  avg_val_loss: 1.0871 F1: 0.727890  Accuracy: 0.795127 Recall@3: 0.909610 time: 5727s
2021-06-05 23:30:23,482 DEBUG   Epoch 80 - Save Best Accuracy: 0.795127 Model
2021-06-06 01:05:55,587 DEBUG   Epoch 81 - avg_train_loss: 0.0003  avg_val_loss: 1.0876 F1: 0.727818  Accuracy: 0.795060 Recall@3: 0.909542 time: 5731s
2021-06-06 02:41:23,219 DEBUG   Epoch 82 - avg_train_loss: 0.0002  avg_val_loss: 1.0873 F1: 0.726752  Accuracy: 0.794485 Recall@3: 0.909779 time: 5728s
2021-06-06 04:16:52,362 DEBUG   Epoch 83 - avg_train_loss: 0.0002  avg_val_loss: 1.0876 F1: 0.727452  Accuracy: 0.794789 Recall@3: 0.909745 time: 5729s
2021-06-06 05:52:17,966 DEBUG   Epoch 84 - avg_train_loss: 0.0002  avg_val_loss: 1.0874 F1: 0.727524  Accuracy: 0.794688 Recall@3: 0.909509 time: 5726s
2021-06-06 07:27:38,454 DEBUG   Epoch 85 - avg_train_loss: 0.0003  avg_val_loss: 1.0876 F1: 0.727282  Accuracy: 0.794587 Recall@3: 0.909576 time: 5720s
2021-06-06 09:02:59,236 DEBUG   Epoch 86 - avg_train_loss: 0.0002  avg_val_loss: 1.0880 F1: 0.726994  Accuracy: 0.794654 Recall@3: 0.909542 time: 5721s
2021-06-06 10:38:21,408 DEBUG   Epoch 87 - avg_train_loss: 0.0002  avg_val_loss: 1.0880 F1: 0.728024  Accuracy: 0.794857 Recall@3: 0.909779 time: 5722s
2021-06-06 12:13:47,278 DEBUG   Epoch 88 - avg_train_loss: 0.0002  avg_val_loss: 1.0879 F1: 0.728083  Accuracy: 0.795094 Recall@3: 0.909644 time: 5726s
2021-06-06 13:49:12,529 DEBUG   Epoch 89 - avg_train_loss: 0.0002  avg_val_loss: 1.0879 F1: 0.727759  Accuracy: 0.794891 Recall@3: 0.909711 time: 5725s
2021-06-06 15:24:32,939 DEBUG   Epoch 90 - avg_train_loss: 0.0002  avg_val_loss: 1.0876 F1: 0.727318  Accuracy: 0.794789 Recall@3: 0.909678 time: 5720s
2021-06-06 16:59:58,852 DEBUG   Epoch 91 - avg_train_loss: 0.0002  avg_val_loss: 1.0877 F1: 0.727012  Accuracy: 0.794857 Recall@3: 0.909745 time: 5726s
2021-06-06 18:35:18,047 DEBUG   Epoch 92 - avg_train_loss: 0.0003  avg_val_loss: 1.0875 F1: 0.727197  Accuracy: 0.794823 Recall@3: 0.909610 time: 5719s
2021-06-06 20:10:37,284 DEBUG   Epoch 93 - avg_train_loss: 0.0002  avg_val_loss: 1.0875 F1: 0.727444  Accuracy: 0.795026 Recall@3: 0.909711 time: 5719s
2021-06-06 21:45:55,047 DEBUG   Epoch 94 - avg_train_loss: 0.0002  avg_val_loss: 1.0876 F1: 0.727387  Accuracy: 0.794891 Recall@3: 0.909678 time: 5718s
2021-06-06 23:21:13,178 DEBUG   Epoch 95 - avg_train_loss: 0.0002  avg_val_loss: 1.0877 F1: 0.727230  Accuracy: 0.794992 Recall@3: 0.909711 time: 5718s
2021-06-07 00:56:31,227 DEBUG   Epoch 96 - avg_train_loss: 0.0002  avg_val_loss: 1.0877 F1: 0.728235  Accuracy: 0.795161 Recall@3: 0.909678 time: 5718s
2021-06-07 00:56:31,228 DEBUG   Epoch 96 - Save Best Accuracy: 0.795161 Model
2021-06-07 02:31:53,449 DEBUG   Epoch 97 - avg_train_loss: 0.0002  avg_val_loss: 1.0878 F1: 0.728085  Accuracy: 0.795263 Recall@3: 0.909441 time: 5722s
2021-06-07 02:31:53,450 DEBUG   Epoch 97 - Save Best Accuracy: 0.795263 Model
2021-06-07 04:07:13,671 DEBUG   Epoch 98 - avg_train_loss: 0.0002  avg_val_loss: 1.0877 F1: 0.728012  Accuracy: 0.795229 Recall@3: 0.909509 time: 5720s
2021-06-07 05:42:38,195 DEBUG   Epoch 99 - avg_train_loss: 0.0003  avg_val_loss: 1.0877 F1: 0.727873  Accuracy: 0.795026 Recall@3: 0.909509 time: 5725s
2021-06-07 07:18:02,103 DEBUG   Epoch 100 - avg_train_loss: 0.0002  avg_val_loss: 1.0878 F1: 0.727446  Accuracy: 0.794823 Recall@3: 0.909509 time: 5724s
2021-06-07 07:18:02,104 INFO [Train model] done in 572470 s.
